

===============================================
2022-12-24 16:56:29

main_parallel.py --batch-size 64 --lr 0.0001 --warmup 50 --scheduler-type linear --seeds 42 --device 5

None

dataset: ogbg-molbbbp
use_node_attr: False
pre_transform: None
transform: None
clean_cache: False
use_public_splits: True
use_val: True
use_val_loss: True
same_best_epoch: False
early_stop: False
scheduler_type: linear
epochs: 200
warmup: 50
batch_size: 64
lr: 0.0001
weight_decay: 0.0001
seeds: 42
save_state: False
transformer_dropout: 0.1



| Epoch    0 | Train e:  44.70, T l:  0.7248 | Val e:  48.58 , Val l: 0.9408 | Test e:  50.78 
| Epoch    1 | Train e:  44.54, T l:  0.5815 | Val e:  49.97 , Val l: 1.2882 | Test e:  50.69 
| Epoch    2 | Train e:  45.40, T l:  0.5057 | Val e:  51.99 , Val l: 1.5730 | Test e:  50.72 
| Epoch    3 | Train e:  47.81, T l:  0.4894 | Val e:  54.72 , Val l: 1.5747 | Test e:  51.05 
| Epoch    4 | Train e:  52.93, T l:  0.4702 | Val e:  59.14 , Val l: 1.4856 | Test e:  52.42 
| Epoch    5 | Train e:  60.58, T l:  0.4737 | Val e:  63.75 , Val l: 1.4500 | Test e:  54.21 
| Epoch    6 | Train e:  69.32, T l:  0.4444 | Val e:  69.47 , Val l: 1.4069 | Test e:  56.94 
| Epoch    7 | Train e:  74.61, T l:  0.4402 | Val e:  74.19 , Val l: 1.3772 | Test e:  60.08 
| Epoch    8 | Train e:  75.55, T l:  0.4317 | Val e:  76.74 , Val l: 1.3629 | Test e:  61.55 
| Epoch    9 | Train e:  76.20, T l:  0.4218 | Val e:  77.90 , Val l: 1.3625 | Test e:  62.33 
| Epoch   10 | Train e:  76.54, T l:  0.4090 | Val e:  77.84 , Val l: 1.2884 | Test e:  62.32 
| Epoch   11 | Train e:  77.36, T l:  0.3988 | Val e:  78.05 , Val l: 1.3676 | Test e:  62.49 
| Epoch   12 | Train e:  77.46, T l:  0.4006 | Val e:  78.17 , Val l: 1.4383 | Test e:  62.72 
| Epoch   13 | Train e:  77.75, T l:  0.3893 | Val e:  78.74 , Val l: 1.4921 | Test e:  62.78 
| Epoch   14 | Train e:  78.20, T l:  0.3797 | Val e:  79.24 , Val l: 1.2052 | Test e:  62.81 
| Epoch   15 | Train e:  79.31, T l:  0.3722 | Val e:  79.34 , Val l: 1.3095 | Test e:  62.69 
| Epoch   16 | Train e:  78.85, T l:  0.3833 | Val e:  79.83 , Val l: 1.3074 | Test e:  62.77 
| Epoch   17 | Train e:  80.47, T l:  0.3675 | Val e:  80.59 , Val l: 1.1799 | Test e:  63.03 
| Epoch   18 | Train e:  80.78, T l:  0.3624 | Val e:  80.32 , Val l: 1.2577 | Test e:  63.06 
| Epoch   19 | Train e:  80.70, T l:  0.3690 | Val e:  80.32 , Val l: 0.9527 | Test e:  62.83 
| Epoch   20 | Train e:  81.39, T l:  0.3626 | Val e:  81.38 , Val l: 0.9861 | Test e:  62.76 
| Epoch   21 | Train e:  81.78, T l:  0.3523 | Val e:  82.44 , Val l: 0.9790 | Test e:  62.65 
| Epoch   22 | Train e:  82.19, T l:  0.3572 | Val e:  82.75 , Val l: 0.8762 | Test e:  62.70 
| Epoch   23 | Train e:  82.72, T l:  0.3455 | Val e:  83.58 , Val l: 0.9340 | Test e:  63.04 
| Epoch   24 | Train e:  83.64, T l:  0.3619 | Val e:  84.59 , Val l: 1.3996 | Test e:  63.12 
| Epoch   25 | Train e:  83.10, T l:  0.3418 | Val e:  84.34 , Val l: 0.8575 | Test e:  63.20 
| Epoch   26 | Train e:  84.10, T l:  0.3384 | Val e:  85.06 , Val l: 1.0936 | Test e:  63.36 
| Epoch   27 | Train e:  84.22, T l:  0.3252 | Val e:  84.84 , Val l: 0.8333 | Test e:  63.26 
| Epoch   28 | Train e:  84.50, T l:  0.3507 | Val e:  85.49 , Val l: 1.3361 | Test e:  63.52 
| Epoch   29 | Train e:  85.16, T l:  0.3250 | Val e:  85.63 , Val l: 1.2182 | Test e:  63.60 
| Epoch   30 | Train e:  85.18, T l:  0.3420 | Val e:  86.19 , Val l: 0.7747 | Test e:  63.30 
| Epoch   31 | Train e:  85.65, T l:  0.3317 | Val e:  87.24 , Val l: 0.7209 | Test e:  63.15 
| Epoch   32 | Train e:  85.43, T l:  0.3103 | Val e:  86.94 , Val l: 1.0130 | Test e:  63.44 
| Epoch   33 | Train e:  85.97, T l:  0.3256 | Val e:  86.69 , Val l: 1.0922 | Test e:  63.32 
| Epoch   34 | Train e:  86.39, T l:  0.3162 | Val e:  86.58 , Val l: 0.8457 | Test e:  63.34 
| Epoch   35 | Train e:  86.88, T l:  0.3143 | Val e:  87.09 , Val l: 0.9406 | Test e:  63.48 
| Epoch   36 | Train e:  87.34, T l:  0.3018 | Val e:  86.76 , Val l: 1.1350 | Test e:  63.70 
| Epoch   37 | Train e:  87.63, T l:  0.3026 | Val e:  86.27 , Val l: 0.6463 | Test e:  62.97 
| Epoch   38 | Train e:  88.04, T l:  0.3097 | Val e:  87.52 , Val l: 0.8489 | Test e:  63.58 
| Epoch   39 | Train e:  89.09, T l:  0.2982 | Val e:  87.14 , Val l: 0.8569 | Test e:  63.43 
| Epoch   40 | Train e:  88.41, T l:  0.2997 | Val e:  87.87 , Val l: 0.8967 | Test e:  63.59 
| Epoch   41 | Train e:  88.86, T l:  0.2851 | Val e:  88.02 , Val l: 0.8839 | Test e:  63.84 
| Epoch   42 | Train e:  88.98, T l:  0.3074 | Val e:  88.25 , Val l: 1.0147 | Test e:  63.81 
| Epoch   43 | Train e:  90.03, T l:  0.2870 | Val e:  87.83 , Val l: 1.2680 | Test e:  64.05 
| Epoch   44 | Train e:  89.71, T l:  0.2872 | Val e:  87.72 , Val l: 0.6624 | Test e:  63.20 
| Epoch   45 | Train e:  89.96, T l:  0.2859 | Val e:  88.25 , Val l: 0.5592 | Test e:  63.64 
| Epoch   46 | Train e:  90.00, T l:  0.2761 | Val e:  88.48 , Val l: 0.7286 | Test e:  63.46 
| Epoch   47 | Train e:  90.65, T l:  0.2816 | Val e:  87.71 , Val l: 0.8499 | Test e:  63.78 
| Epoch   48 | Train e:  90.17, T l:  0.2664 | Val e:  87.46 , Val l: 0.6186 | Test e:  63.95 
| Epoch   49 | Train e:  90.96, T l:  0.2713 | Val e:  87.69 , Val l: 0.9484 | Test e:  64.71 
| Epoch   50 | Train e:  90.77, T l:  0.2684 | Val e:  87.62 , Val l: 0.5062 | Test e:  63.44 
| Epoch   51 | Train e:  91.53, T l:  0.2820 | Val e:  88.53 , Val l: 0.7678 | Test e:  64.84 
| Epoch   52 | Train e:  91.46, T l:  0.2616 | Val e:  88.58 , Val l: 0.5796 | Test e:  64.00 
| Epoch   53 | Train e:  92.01, T l:  0.2557 | Val e:  88.78 , Val l: 0.7987 | Test e:  65.24 
| Epoch   54 | Train e:  92.18, T l:  0.2516 | Val e:  88.51 , Val l: 0.8852 | Test e:  65.91 
| Epoch   55 | Train e:  92.53, T l:  0.2514 | Val e:  88.43 , Val l: 0.7595 | Test e:  65.53 
| Epoch   56 | Train e:  92.25, T l:  0.2554 | Val e:  88.96 , Val l: 0.6505 | Test e:  65.49 
| Epoch   57 | Train e:  92.65, T l:  0.2487 | Val e:  89.25 , Val l: 0.6088 | Test e:  65.94 
| Epoch   58 | Train e:  92.53, T l:  0.2485 | Val e:  89.59 , Val l: 0.4946 | Test e:  64.92 
| Epoch   59 | Train e:  93.15, T l:  0.2513 | Val e:  88.03 , Val l: 1.0729 | Test e:  66.09 
| Epoch   60 | Train e:  93.02, T l:  0.2589 | Val e:  88.74 , Val l: 0.7401 | Test e:  66.67 
| Epoch   61 | Train e:  92.99, T l:  0.2468 | Val e:  88.54 , Val l: 0.5336 | Test e:  66.14 
| Epoch   62 | Train e:  93.03, T l:  0.2849 | Val e:  89.25 , Val l: 0.4719 | Test e:  66.20 
| Epoch   63 | Train e:  93.49, T l:  0.2533 | Val e:  88.07 , Val l: 0.8774 | Test e:  67.08 
| Epoch   64 | Train e:  93.31, T l:  0.2493 | Val e:  88.32 , Val l: 0.6113 | Test e:  66.80 
| Epoch   65 | Train e:  93.93, T l:  0.2459 | Val e:  88.70 , Val l: 0.5864 | Test e:  66.35 
| Epoch   66 | Train e:  94.22, T l:  0.2315 | Val e:  88.49 , Val l: 0.9215 | Test e:  67.08 
| Epoch   67 | Train e:  94.25, T l:  0.2285 | Val e:  87.70 , Val l: 0.8684 | Test e:  67.27 
| Epoch   68 | Train e:  94.44, T l:  0.2222 | Val e:  89.28 , Val l: 0.8826 | Test e:  67.68 
| Epoch   69 | Train e:  94.42, T l:  0.2465 | Val e:  89.11 , Val l: 0.6785 | Test e:  67.36 
| Epoch   70 | Train e:  94.54, T l:  0.2350 | Val e:  88.64 , Val l: 1.1531 | Test e:  67.32 
| Epoch   71 | Train e:  94.66, T l:  0.2399 | Val e:  88.07 , Val l: 0.8927 | Test e:  67.46 
| Epoch   72 | Train e:  94.60, T l:  0.2215 | Val e:  87.91 , Val l: 1.0558 | Test e:  67.73 
| Epoch   73 | Train e:  93.43, T l:  0.2208 | Val e:  90.19 , Val l: 0.4745 | Test e:  67.01 
| Epoch   74 | Train e:  94.96, T l:  0.2368 | Val e:  89.54 , Val l: 0.7660 | Test e:  67.52 
| Epoch   75 | Train e:  94.33, T l:  0.2256 | Val e:  88.82 , Val l: 0.7699 | Test e:  68.09 
| Epoch   76 | Train e:  94.97, T l:  0.2259 | Val e:  87.87 , Val l: 0.6904 | Test e:  67.65 
| Epoch   77 | Train e:  95.07, T l:  0.2287 | Val e:  88.82 , Val l: 0.6568 | Test e:  67.71 
| Epoch   78 | Train e:  95.24, T l:  0.2055 | Val e:  87.14 , Val l: 1.0401 | Test e:  68.08 
| Epoch   79 | Train e:  95.09, T l:  0.2384 | Val e:  88.50 , Val l: 1.2052 | Test e:  68.04 
| Epoch   80 | Train e:  95.14, T l:  0.2276 | Val e:  90.05 , Val l: 0.6242 | Test e:  68.46 
| Epoch   81 | Train e:  94.81, T l:  0.2299 | Val e:  90.30 , Val l: 0.5539 | Test e:  68.10 
| Epoch   82 | Train e:  95.34, T l:  0.2258 | Val e:  90.29 , Val l: 0.5191 | Test e:  68.50 
| Epoch   83 | Train e:  95.08, T l:  0.2133 | Val e:  89.43 , Val l: 0.7718 | Test e:  68.14 
| Epoch   84 | Train e:  95.69, T l:  0.2072 | Val e:  88.32 , Val l: 0.8669 | Test e:  67.93 
| Epoch   85 | Train e:  95.60, T l:  0.2118 | Val e:  88.83 , Val l: 0.9899 | Test e:  68.79 
| Epoch   86 | Train e:  95.68, T l:  0.2169 | Val e:  88.41 , Val l: 1.1291 | Test e:  68.77 
| Epoch   87 | Train e:  95.13, T l:  0.1963 | Val e:  89.20 , Val l: 0.6324 | Test e:  68.27 
| Epoch   88 | Train e:  95.80, T l:  0.2014 | Val e:  87.91 , Val l: 1.0991 | Test e:  69.09 
| Epoch   89 | Train e:  95.43, T l:  0.2060 | Val e:  88.88 , Val l: 0.7045 | Test e:  68.37 
| Epoch   90 | Train e:  95.95, T l:  0.2037 | Val e:  89.79 , Val l: 0.7113 | Test e:  68.10 
| Epoch   91 | Train e:  96.02, T l:  0.1998 | Val e:  88.08 , Val l: 1.1560 | Test e:  68.60 
| Epoch   92 | Train e:  95.60, T l:  0.2206 | Val e:  89.72 , Val l: 0.5520 | Test e:  68.34 
| Epoch   93 | Train e:  95.99, T l:  0.2180 | Val e:  89.53 , Val l: 0.8159 | Test e:  68.64 
| Epoch   94 | Train e:  95.76, T l:  0.1985 | Val e:  90.56 , Val l: 0.5258 | Test e:  68.52 
| Epoch   95 | Train e:  96.01, T l:  0.1981 | Val e:  88.45 , Val l: 0.8910 | Test e:  68.74 
| Epoch   96 | Train e:  95.09, T l:  0.2067 | Val e:  90.35 , Val l: 0.5238 | Test e:  68.52 
| Epoch   97 | Train e:  96.06, T l:  0.2108 | Val e:  89.65 , Val l: 0.6931 | Test e:  68.67 
| Epoch   98 | Train e:  96.31, T l:  0.1906 | Val e:  89.61 , Val l: 0.8110 | Test e:  69.28 
| Epoch   99 | Train e:  96.19, T l:  0.2012 | Val e:  88.96 , Val l: 0.7045 | Test e:  68.63 
| Epoch  100 | Train e:  95.81, T l:  0.2070 | Val e:  89.97 , Val l: 0.4948 | Test e:  69.44 
| Epoch  101 | Train e:  95.77, T l:  0.1903 | Val e:  89.21 , Val l: 0.7472 | Test e:  69.43 
| Epoch  102 | Train e:  96.31, T l:  0.1890 | Val e:  88.03 , Val l: 1.0052 | Test e:  68.35 
| Epoch  103 | Train e:  96.50, T l:  0.1943 | Val e:  87.52 , Val l: 1.1968 | Test e:  69.16 
| Epoch  104 | Train e:  96.47, T l:  0.1913 | Val e:  88.49 , Val l: 0.9352 | Test e:  69.30 
| Epoch  105 | Train e:  96.35, T l:  0.1938 | Val e:  89.14 , Val l: 0.8152 | Test e:  69.00 
| Epoch  106 | Train e:  96.32, T l:  0.1941 | Val e:  88.97 , Val l: 0.7992 | Test e:  69.28 
| Epoch  107 | Train e:  96.53, T l:  0.1866 | Val e:  89.92 , Val l: 0.7312 | Test e:  69.70 
| Epoch  108 | Train e:  96.70, T l:  0.1900 | Val e:  89.44 , Val l: 0.6976 | Test e:  69.44 
| Epoch  109 | Train e:  96.56, T l:  0.1914 | Val e:  89.46 , Val l: 0.7422 | Test e:  69.41 
| Epoch  110 | Train e:  96.65, T l:  0.1845 | Val e:  88.88 , Val l: 0.9692 | Test e:  69.95 
| Epoch  111 | Train e:  96.65, T l:  0.1793 | Val e:  89.38 , Val l: 0.7343 | Test e:  69.33 
| Epoch  112 | Train e:  96.74, T l:  0.1728 | Val e:  88.39 , Val l: 0.8705 | Test e:  69.19 
| Epoch  113 | Train e:  96.70, T l:  0.1847 | Val e:  90.12 , Val l: 0.7007 | Test e:  69.70 
| Epoch  114 | Train e:  96.50, T l:  0.1859 | Val e:  89.83 , Val l: 0.6527 | Test e:  70.05 
| Epoch  115 | Train e:  96.51, T l:  0.1890 | Val e:  90.74 , Val l: 0.5518 | Test e:  69.43 
| Epoch  116 | Train e:  97.08, T l:  0.1822 | Val e:  89.01 , Val l: 1.0133 | Test e:  69.88 
| Epoch  117 | Train e:  96.79, T l:  0.1822 | Val e:  89.86 , Val l: 0.6620 | Test e:  69.65 
| Epoch  118 | Train e:  96.62, T l:  0.1665 | Val e:  90.26 , Val l: 0.6499 | Test e:  70.27 
| Epoch  119 | Train e:  96.96, T l:  0.1882 | Val e:  89.86 , Val l: 0.8045 | Test e:  69.43 
| Epoch  120 | Train e:  97.01, T l:  0.1805 | Val e:  88.82 , Val l: 0.8794 | Test e:  69.80 
| Epoch  121 | Train e:  96.99, T l:  0.1762 | Val e:  88.93 , Val l: 0.8802 | Test e:  70.17 
| Epoch  122 | Train e:  97.05, T l:  0.1933 | Val e:  89.69 , Val l: 0.7150 | Test e:  69.47 
| Epoch  123 | Train e:  97.04, T l:  0.1650 | Val e:  87.84 , Val l: 1.3468 | Test e:  69.72 
| Epoch  124 | Train e:  96.98, T l:  0.1683 | Val e:  89.72 , Val l: 0.7274 | Test e:  70.04 
| Epoch  125 | Train e:  97.14, T l:  0.1815 | Val e:  89.99 , Val l: 0.7137 | Test e:  69.46 
| Epoch  126 | Train e:  96.65, T l:  0.1839 | Val e:  90.41 , Val l: 0.5582 | Test e:  70.00 
| Epoch  127 | Train e:  97.30, T l:  0.1798 | Val e:  89.19 , Val l: 0.8380 | Test e:  69.49 
| Epoch  128 | Train e:  97.20, T l:  0.1662 | Val e:  89.37 , Val l: 0.8507 | Test e:  69.86 
| Epoch  129 | Train e:  96.92, T l:  0.1658 | Val e:  88.46 , Val l: 0.9809 | Test e:  69.53 
| Epoch  130 | Train e:  97.21, T l:  0.1645 | Val e:  87.78 , Val l: 1.2340 | Test e:  68.97 
| Epoch  131 | Train e:  96.59, T l:  0.1910 | Val e:  90.20 , Val l: 0.6172 | Test e:  69.91 
| Epoch  132 | Train e:  97.38, T l:  0.1680 | Val e:  89.09 , Val l: 1.0810 | Test e:  70.10 
| Epoch  133 | Train e:  97.16, T l:  0.1851 | Val e:  89.63 , Val l: 0.6755 | Test e:  69.98 
| Epoch  134 | Train e:  97.18, T l:  0.1683 | Val e:  89.55 , Val l: 0.8748 | Test e:  69.78 
| Epoch  135 | Train e:  97.28, T l:  0.1607 | Val e:  90.30 , Val l: 0.6668 | Test e:  69.32 
| Epoch  136 | Train e:  97.16, T l:  0.1686 | Val e:  89.90 , Val l: 0.8396 | Test e:  70.37 
| Epoch  137 | Train e:  97.29, T l:  0.1593 | Val e:  91.13 , Val l: 0.5898 | Test e:  69.83 
| Epoch  138 | Train e:  97.55, T l:  0.1699 | Val e:  89.67 , Val l: 0.8986 | Test e:  69.40 
| Epoch  139 | Train e:  97.47, T l:  0.1618 | Val e:  90.95 , Val l: 0.5559 | Test e:  69.55 
| Epoch  140 | Train e:  97.32, T l:  0.1650 | Val e:  90.09 , Val l: 0.7568 | Test e:  69.66 
| Epoch  141 | Train e:  97.35, T l:  0.1561 | Val e:  89.86 , Val l: 0.7810 | Test e:  69.40 
| Epoch  142 | Train e:  97.26, T l:  0.1563 | Val e:  89.39 , Val l: 0.9151 | Test e:  69.84 
| Epoch  143 | Train e:  97.35, T l:  0.1593 | Val e:  89.07 , Val l: 0.9098 | Test e:  69.58 
| Epoch  144 | Train e:  97.44, T l:  0.1661 | Val e:  89.90 , Val l: 0.7021 | Test e:  69.61 
| Epoch  145 | Train e:  97.43, T l:  0.1665 | Val e:  89.23 , Val l: 0.7924 | Test e:  69.38 
| Epoch  146 | Train e:  97.42, T l:  0.1710 | Val e:  89.78 , Val l: 0.8913 | Test e:  69.92 
| Epoch  147 | Train e:  97.59, T l:  0.1658 | Val e:  89.96 , Val l: 0.6671 | Test e:  69.60 
| Epoch  148 | Train e:  97.59, T l:  0.1520 | Val e:  90.04 , Val l: 0.7282 | Test e:  69.58 
| Epoch  149 | Train e:  97.46, T l:  0.1649 | Val e:  90.05 , Val l: 0.8056 | Test e:  70.15 
| Epoch  150 | Train e:  97.49, T l:  0.1633 | Val e:  89.81 , Val l: 0.8144 | Test e:  69.80 
| Epoch  151 | Train e:  97.77, T l:  0.1592 | Val e:  90.32 , Val l: 0.6800 | Test e:  70.01 
| Epoch  152 | Train e:  97.36, T l:  0.1652 | Val e:  90.85 , Val l: 0.6219 | Test e:  70.33 
| Epoch  153 | Train e:  97.57, T l:  0.1587 | Val e:  90.30 , Val l: 0.7001 | Test e:  69.67 
| Epoch  154 | Train e:  97.50, T l:  0.1557 | Val e:  90.29 , Val l: 0.7545 | Test e:  70.08 
| Epoch  155 | Train e:  97.67, T l:  0.1489 | Val e:  89.69 , Val l: 0.7559 | Test e:  69.88 
| Epoch  156 | Train e:  97.52, T l:  0.1475 | Val e:  89.62 , Val l: 0.7034 | Test e:  69.89 
| Epoch  157 | Train e:  97.78, T l:  0.1558 | Val e:  89.57 , Val l: 0.8034 | Test e:  69.61 
| Epoch  158 | Train e:  97.77, T l:  0.1490 | Val e:  89.70 , Val l: 0.8682 | Test e:  69.59 
| Epoch  159 | Train e:  97.79, T l:  0.1523 | Val e:  89.45 , Val l: 0.8938 | Test e:  69.53 
| Epoch  160 | Train e:  97.55, T l:  0.1513 | Val e:  89.94 , Val l: 0.6476 | Test e:  69.79 
| Epoch  161 | Train e:  97.78, T l:  0.1452 | Val e:  89.83 , Val l: 0.7327 | Test e:  70.05 
| Epoch  162 | Train e:  97.73, T l:  0.1591 | Val e:  88.98 , Val l: 0.8732 | Test e:  69.84 
| Epoch  163 | Train e:  97.92, T l:  0.1527 | Val e:  89.19 , Val l: 0.9824 | Test e:  69.93 
| Epoch  164 | Train e:  97.77, T l:  0.1518 | Val e:  89.04 , Val l: 1.1163 | Test e:  69.65 
| Epoch  165 | Train e:  97.72, T l:  0.1527 | Val e:  89.25 , Val l: 0.9380 | Test e:  69.73 
| Epoch  166 | Train e:  97.81, T l:  0.1489 | Val e:  89.76 , Val l: 0.7119 | Test e:  70.21 
| Epoch  167 | Train e:  97.76, T l:  0.1573 | Val e:  89.66 , Val l: 0.9309 | Test e:  69.86 
| Epoch  168 | Train e:  97.79, T l:  0.1543 | Val e:  89.87 , Val l: 0.7141 | Test e:  70.11 
| Epoch  169 | Train e:  97.90, T l:  0.1502 | Val e:  89.54 , Val l: 0.8649 | Test e:  70.00 
| Epoch  170 | Train e:  97.97, T l:  0.1622 | Val e:  88.95 , Val l: 1.1399 | Test e:  69.82 
| Epoch  171 | Train e:  97.90, T l:  0.1502 | Val e:  89.49 , Val l: 0.7966 | Test e:  69.88 
| Epoch  172 | Train e:  97.88, T l:  0.1490 | Val e:  89.80 , Val l: 0.8263 | Test e:  69.92 
| Epoch  173 | Train e:  97.86, T l:  0.1401 | Val e:  90.23 , Val l: 0.7159 | Test e:  70.01 
| Epoch  174 | Train e:  97.91, T l:  0.1409 | Val e:  89.95 , Val l: 0.7896 | Test e:  69.97 
| Epoch  175 | Train e:  97.85, T l:  0.1431 | Val e:  90.29 , Val l: 0.7415 | Test e:  70.06 
| Epoch  176 | Train e:  97.82, T l:  0.1619 | Val e:  89.96 , Val l: 0.7070 | Test e:  70.18 
| Epoch  177 | Train e:  97.95, T l:  0.1417 | Val e:  89.81 , Val l: 0.7754 | Test e:  69.82 
| Epoch  178 | Train e:  97.79, T l:  0.1408 | Val e:  90.25 , Val l: 0.7046 | Test e:  70.10 
| Epoch  179 | Train e:  97.75, T l:  0.1437 | Val e:  90.07 , Val l: 0.7246 | Test e:  69.99 
| Epoch  180 | Train e:  97.80, T l:  0.1455 | Val e:  89.96 , Val l: 0.7223 | Test e:  70.04 
| Epoch  181 | Train e:  97.76, T l:  0.1510 | Val e:  90.54 , Val l: 0.6491 | Test e:  70.33 
| Epoch  182 | Train e:  97.80, T l:  0.1401 | Val e:  90.00 , Val l: 0.7703 | Test e:  70.07 
| Epoch  183 | Train e:  97.87, T l:  0.1476 | Val e:  90.06 , Val l: 0.7893 | Test e:  70.16 
| Epoch  184 | Train e:  98.02, T l:  0.1463 | Val e:  89.92 , Val l: 0.8274 | Test e:  69.91 
| Epoch  185 | Train e:  97.91, T l:  0.1438 | Val e:  90.27 , Val l: 0.7654 | Test e:  70.16 
| Epoch  186 | Train e:  97.86, T l:  0.1353 | Val e:  90.35 , Val l: 0.7270 | Test e:  70.29 
| Epoch  187 | Train e:  98.00, T l:  0.1362 | Val e:  90.11 , Val l: 0.8013 | Test e:  69.84 
| Epoch  188 | Train e:  97.86, T l:  0.1454 | Val e:  90.24 , Val l: 0.7515 | Test e:  70.21 
| Epoch  189 | Train e:  98.01, T l:  0.1352 | Val e:  90.19 , Val l: 0.8154 | Test e:  69.99 
| Epoch  190 | Train e:  97.93, T l:  0.1349 | Val e:  90.47 , Val l: 0.7528 | Test e:  70.29 
| Epoch  191 | Train e:  98.02, T l:  0.1390 | Val e:  90.07 , Val l: 0.8394 | Test e:  69.98 
| Epoch  192 | Train e:  98.09, T l:  0.1413 | Val e:  90.11 , Val l: 0.8108 | Test e:  70.09 
| Epoch  193 | Train e:  97.85, T l:  0.1447 | Val e:  89.96 , Val l: 0.8249 | Test e:  69.92 
| Epoch  194 | Train e:  97.96, T l:  0.1434 | Val e:  89.91 , Val l: 0.8199 | Test e:  69.96 
| Epoch  195 | Train e:  97.97, T l:  0.1363 | Val e:  90.00 , Val l: 0.7928 | Test e:  70.08 
| Epoch  196 | Train e:  97.96, T l:  0.1461 | Val e:  89.90 , Val l: 0.8125 | Test e:  69.99 
| Epoch  197 | Train e:  97.92, T l:  0.1454 | Val e:  89.78 , Val l: 0.8479 | Test e:  69.88 
| Epoch  198 | Train e:  97.94, T l:  0.1339 | Val e:  89.70 , Val l: 0.8610 | Test e:  69.88 
| Epoch  199 | Train e:  97.85, T l:  0.1391 | Val e:  89.79 , Val l: 0.8510 | Test e:  69.96 
