

===============================================
2022-12-19 08:06:47

main_gnnt.py --batch-size 64 --lr 0.0001 --warmup 50 --scheduler-type linear --seeds 314159 --device 1

None

dataset: ogbg-molbbbp
use_node_attr: False
pre_transform: None
transform: None
clean_cache: False
use_public_splits: True
use_val: True
use_val_loss: True
same_best_epoch: False
early_stop: False
scheduler_type: linear
epochs: 200
warmup: 50
batch_size: 64
lr: 0.0001
weight_decay: 0.0001
seeds: 314159
save_state: False
transformer_dropout: 0.1



| Epoch    0 | Train e:  39.27, T l:  2.1889 | Val e:  61.45 , Val l: 1.3395 | Test e:  47.51 
| Epoch    1 | Train e:  38.46, T l:  1.7845 | Val e:  63.40 , Val l: 0.8958 | Test e:  47.89 
| Epoch    2 | Train e:  40.19, T l:  1.1459 | Val e:  65.09 , Val l: 0.6673 | Test e:  48.26 
| Epoch    3 | Train e:  38.94, T l:  0.6619 | Val e:  66.27 , Val l: 1.1511 | Test e:  47.80 
| Epoch    4 | Train e:  42.51, T l:  0.5031 | Val e:  67.39 , Val l: 1.6038 | Test e:  47.97 
| Epoch    5 | Train e:  39.79, T l:  0.4767 | Val e:  69.00 , Val l: 1.7725 | Test e:  48.14 
| Epoch    6 | Train e:  43.62, T l:  0.4774 | Val e:  70.89 , Val l: 1.7976 | Test e:  48.80 
| Epoch    7 | Train e:  45.66, T l:  0.4722 | Val e:  72.38 , Val l: 1.7822 | Test e:  50.22 
| Epoch    8 | Train e:  51.46, T l:  0.4700 | Val e:  73.82 , Val l: 1.7719 | Test e:  51.15 
| Epoch    9 | Train e:  56.70, T l:  0.4621 | Val e:  71.85 , Val l: 1.7540 | Test e:  51.03 
| Epoch   10 | Train e:  59.79, T l:  0.4532 | Val e:  69.17 , Val l: 1.7942 | Test e:  52.12 
| Epoch   11 | Train e:  62.13, T l:  0.4538 | Val e:  65.92 , Val l: 1.7907 | Test e:  52.51 
| Epoch   12 | Train e:  63.41, T l:  0.4506 | Val e:  62.65 , Val l: 1.8630 | Test e:  53.44 
| Epoch   13 | Train e:  64.96, T l:  0.4464 | Val e:  60.13 , Val l: 1.8365 | Test e:  54.18 
| Epoch   14 | Train e:  64.61, T l:  0.4437 | Val e:  58.85 , Val l: 1.8939 | Test e:  54.75 
| Epoch   15 | Train e:  65.09, T l:  0.4420 | Val e:  57.61 , Val l: 1.8077 | Test e:  54.88 
| Epoch   16 | Train e:  65.47, T l:  0.4332 | Val e:  57.91 , Val l: 1.9142 | Test e:  55.35 
| Epoch   17 | Train e:  65.76, T l:  0.4298 | Val e:  57.65 , Val l: 1.8904 | Test e:  56.00 
| Epoch   18 | Train e:  67.63, T l:  0.4288 | Val e:  58.47 , Val l: 1.7685 | Test e:  56.21 
| Epoch   19 | Train e:  68.16, T l:  0.4319 | Val e:  60.49 , Val l: 1.8051 | Test e:  56.76 
| Epoch   20 | Train e:  68.11, T l:  0.4231 | Val e:  63.42 , Val l: 1.7067 | Test e:  57.07 
| Epoch   21 | Train e:  69.77, T l:  0.4277 | Val e:  67.05 , Val l: 1.7586 | Test e:  57.81 
| Epoch   22 | Train e:  72.47, T l:  0.4177 | Val e:  70.71 , Val l: 1.7841 | Test e:  59.35 
| Epoch   23 | Train e:  73.64, T l:  0.4127 | Val e:  72.69 , Val l: 1.5336 | Test e:  60.05 
| Epoch   24 | Train e:  76.32, T l:  0.4130 | Val e:  75.80 , Val l: 1.9623 | Test e:  61.96 
| Epoch   25 | Train e:  77.66, T l:  0.4161 | Val e:  78.24 , Val l: 1.6001 | Test e:  62.53 
| Epoch   26 | Train e:  79.17, T l:  0.4032 | Val e:  80.80 , Val l: 1.2433 | Test e:  63.33 
| Epoch   27 | Train e:  80.43, T l:  0.3873 | Val e:  84.10 , Val l: 1.7788 | Test e:  64.21 
| Epoch   28 | Train e:  81.28, T l:  0.3803 | Val e:  84.61 , Val l: 1.3019 | Test e:  63.61 
| Epoch   29 | Train e:  82.15, T l:  0.3644 | Val e:  86.29 , Val l: 1.2222 | Test e:  63.61 
| Epoch   30 | Train e:  82.95, T l:  0.3601 | Val e:  86.57 , Val l: 1.3544 | Test e:  63.98 
| Epoch   31 | Train e:  83.16, T l:  0.3581 | Val e:  85.96 , Val l: 0.9164 | Test e:  63.14 
| Epoch   32 | Train e:  83.61, T l:  0.3402 | Val e:  86.55 , Val l: 0.8156 | Test e:  63.21 
| Epoch   33 | Train e:  84.46, T l:  0.3500 | Val e:  87.94 , Val l: 1.4214 | Test e:  63.57 
| Epoch   34 | Train e:  85.35, T l:  0.3409 | Val e:  87.07 , Val l: 1.2011 | Test e:  63.19 
| Epoch   35 | Train e:  86.09, T l:  0.3298 | Val e:  87.59 , Val l: 0.9724 | Test e:  63.18 
| Epoch   36 | Train e:  86.39, T l:  0.3186 | Val e:  88.29 , Val l: 0.7260 | Test e:  62.63 
| Epoch   37 | Train e:  86.59, T l:  0.3283 | Val e:  88.13 , Val l: 0.5935 | Test e:  62.39 
| Epoch   38 | Train e:  86.96, T l:  0.3198 | Val e:  88.01 , Val l: 1.0528 | Test e:  62.79 
| Epoch   39 | Train e:  87.87, T l:  0.3102 | Val e:  88.69 , Val l: 0.7205 | Test e:  62.77 
| Epoch   40 | Train e:  87.79, T l:  0.3009 | Val e:  89.55 , Val l: 0.6969 | Test e:  62.05 
| Epoch   41 | Train e:  88.09, T l:  0.3050 | Val e:  89.17 , Val l: 0.5531 | Test e:  62.45 
| Epoch   42 | Train e:  87.36, T l:  0.3289 | Val e:  90.29 , Val l: 0.5502 | Test e:  62.80 
| Epoch   43 | Train e:  88.27, T l:  0.3200 | Val e:  90.39 , Val l: 0.8985 | Test e:  62.86 
| Epoch   44 | Train e:  87.99, T l:  0.3134 | Val e:  89.58 , Val l: 0.6580 | Test e:  62.60 
| Epoch   45 | Train e:  88.28, T l:  0.3156 | Val e:  89.56 , Val l: 0.6026 | Test e:  62.78 
| Epoch   46 | Train e:  88.93, T l:  0.2938 | Val e:  89.94 , Val l: 0.8411 | Test e:  62.66 
| Epoch   47 | Train e:  89.41, T l:  0.2955 | Val e:  89.80 , Val l: 0.7187 | Test e:  62.88 
| Epoch   48 | Train e:  89.75, T l:  0.2767 | Val e:  89.63 , Val l: 0.7204 | Test e:  62.92 
| Epoch   49 | Train e:  89.45, T l:  0.2940 | Val e:  90.23 , Val l: 0.6237 | Test e:  62.27 
| Epoch   50 | Train e:  90.00, T l:  0.2772 | Val e:  90.09 , Val l: 0.9359 | Test e:  62.63 
| Epoch   51 | Train e:  90.24, T l:  0.2750 | Val e:  90.13 , Val l: 0.7549 | Test e:  62.86 
| Epoch   52 | Train e:  90.44, T l:  0.2754 | Val e:  90.36 , Val l: 0.8885 | Test e:  63.10 
| Epoch   53 | Train e:  90.20, T l:  0.2731 | Val e:  90.52 , Val l: 0.5627 | Test e:  62.36 
| Epoch   54 | Train e:  90.72, T l:  0.2772 | Val e:  90.34 , Val l: 0.7808 | Test e:  62.85 
| Epoch   55 | Train e:  91.15, T l:  0.2644 | Val e:  89.83 , Val l: 1.2991 | Test e:  64.22 
| Epoch   56 | Train e:  91.33, T l:  0.2654 | Val e:  90.01 , Val l: 1.0701 | Test e:  64.52 
| Epoch   57 | Train e:  91.43, T l:  0.2601 | Val e:  90.35 , Val l: 0.8174 | Test e:  64.01 
| Epoch   58 | Train e:  91.83, T l:  0.2561 | Val e:  90.46 , Val l: 0.8004 | Test e:  64.54 
| Epoch   59 | Train e:  91.34, T l:  0.2606 | Val e:  90.16 , Val l: 0.9239 | Test e:  64.88 
| Epoch   60 | Train e:  91.60, T l:  0.2710 | Val e:  89.14 , Val l: 1.4049 | Test e:  64.65 
| Epoch   61 | Train e:  91.59, T l:  0.2679 | Val e:  89.31 , Val l: 1.2931 | Test e:  65.36 
| Epoch   62 | Train e:  91.41, T l:  0.2753 | Val e:  90.52 , Val l: 0.6094 | Test e:  63.28 
| Epoch   63 | Train e:  92.05, T l:  0.2530 | Val e:  90.16 , Val l: 0.8996 | Test e:  65.26 
| Epoch   64 | Train e:  92.28, T l:  0.2554 | Val e:  90.46 , Val l: 0.9423 | Test e:  64.90 
| Epoch   65 | Train e:  92.51, T l:  0.2544 | Val e:  90.84 , Val l: 0.7098 | Test e:  65.01 
| Epoch   66 | Train e:  92.31, T l:  0.2493 | Val e:  91.01 , Val l: 0.6831 | Test e:  65.34 
| Epoch   67 | Train e:  92.64, T l:  0.2661 | Val e:  90.07 , Val l: 0.7772 | Test e:  66.16 
| Epoch   68 | Train e:  92.04, T l:  0.2675 | Val e:  90.90 , Val l: 0.5081 | Test e:  65.41 
| Epoch   69 | Train e:  92.42, T l:  0.2531 | Val e:  90.94 , Val l: 0.6585 | Test e:  65.14 
| Epoch   70 | Train e:  92.51, T l:  0.2427 | Val e:  91.14 , Val l: 0.5046 | Test e:  65.08 
| Epoch   71 | Train e:  92.64, T l:  0.2479 | Val e:  90.84 , Val l: 0.8765 | Test e:  65.10 
| Epoch   72 | Train e:  92.78, T l:  0.2405 | Val e:  91.31 , Val l: 0.5127 | Test e:  65.57 
| Epoch   73 | Train e:  93.21, T l:  0.2452 | Val e:  91.28 , Val l: 0.7096 | Test e:  65.85 
| Epoch   74 | Train e:  93.06, T l:  0.2482 | Val e:  91.43 , Val l: 0.4677 | Test e:  66.42 
| Epoch   75 | Train e:  93.07, T l:  0.2482 | Val e:  91.63 , Val l: 0.8552 | Test e:  66.44 
| Epoch   76 | Train e:  93.33, T l:  0.2432 | Val e:  91.51 , Val l: 0.6179 | Test e:  66.58 
| Epoch   77 | Train e:  93.20, T l:  0.2324 | Val e:  91.46 , Val l: 0.4978 | Test e:  66.27 
| Epoch   78 | Train e:  93.35, T l:  0.2481 | Val e:  91.53 , Val l: 0.5565 | Test e:  66.70 
| Epoch   79 | Train e:  93.36, T l:  0.2250 | Val e:  91.71 , Val l: 0.5712 | Test e:  66.81 
| Epoch   80 | Train e:  93.89, T l:  0.2293 | Val e:  90.73 , Val l: 0.8549 | Test e:  67.03 
| Epoch   81 | Train e:  93.93, T l:  0.2364 | Val e:  91.43 , Val l: 0.7458 | Test e:  67.57 
| Epoch   82 | Train e:  94.03, T l:  0.2376 | Val e:  91.51 , Val l: 0.6377 | Test e:  67.67 
| Epoch   83 | Train e:  94.22, T l:  0.2293 | Val e:  91.17 , Val l: 0.7406 | Test e:  67.80 
| Epoch   84 | Train e:  94.06, T l:  0.2308 | Val e:  91.31 , Val l: 0.6116 | Test e:  67.51 
| Epoch   85 | Train e:  94.17, T l:  0.2314 | Val e:  91.61 , Val l: 0.6388 | Test e:  67.90 
| Epoch   86 | Train e:  93.88, T l:  0.2380 | Val e:  91.24 , Val l: 0.5026 | Test e:  67.00 
| Epoch   87 | Train e:  94.10, T l:  0.2429 | Val e:  91.23 , Val l: 0.6960 | Test e:  67.70 
| Epoch   88 | Train e:  94.20, T l:  0.2256 | Val e:  90.98 , Val l: 0.5839 | Test e:  67.67 
| Epoch   89 | Train e:  94.11, T l:  0.2266 | Val e:  91.22 , Val l: 0.6050 | Test e:  67.16 
| Epoch   90 | Train e:  94.26, T l:  0.2403 | Val e:  90.29 , Val l: 0.8306 | Test e:  68.07 
| Epoch   91 | Train e:  94.33, T l:  0.2243 | Val e:  91.15 , Val l: 0.6701 | Test e:  67.53 
| Epoch   92 | Train e:  94.43, T l:  0.2200 | Val e:  91.10 , Val l: 0.7223 | Test e:  68.28 
| Epoch   93 | Train e:  94.41, T l:  0.2254 | Val e:  90.48 , Val l: 0.8881 | Test e:  68.24 
| Epoch   94 | Train e:  94.45, T l:  0.2161 | Val e:  91.32 , Val l: 0.6360 | Test e:  68.35 
| Epoch   95 | Train e:  94.62, T l:  0.2143 | Val e:  91.50 , Val l: 0.6071 | Test e:  67.96 
| Epoch   96 | Train e:  94.71, T l:  0.2140 | Val e:  91.26 , Val l: 0.6688 | Test e:  68.27 
| Epoch   97 | Train e:  94.67, T l:  0.2233 | Val e:  91.72 , Val l: 0.7372 | Test e:  67.71 
| Epoch   98 | Train e:  94.72, T l:  0.2252 | Val e:  91.24 , Val l: 0.5904 | Test e:  68.43 
| Epoch   99 | Train e:  94.88, T l:  0.2182 | Val e:  91.50 , Val l: 0.6171 | Test e:  68.83 
| Epoch  100 | Train e:  94.93, T l:  0.2140 | Val e:  91.43 , Val l: 0.7078 | Test e:  68.61 
| Epoch  101 | Train e:  94.94, T l:  0.2109 | Val e:  91.45 , Val l: 0.6954 | Test e:  68.43 
| Epoch  102 | Train e:  95.10, T l:  0.2069 | Val e:  91.37 , Val l: 0.6683 | Test e:  69.39 
| Epoch  103 | Train e:  95.02, T l:  0.2117 | Val e:  90.23 , Val l: 0.7832 | Test e:  68.94 
| Epoch  104 | Train e:  94.82, T l:  0.2153 | Val e:  90.51 , Val l: 0.8409 | Test e:  69.22 
| Epoch  105 | Train e:  95.03, T l:  0.2031 | Val e:  90.83 , Val l: 0.8626 | Test e:  68.80 
| Epoch  106 | Train e:  94.98, T l:  0.2193 | Val e:  91.39 , Val l: 0.6831 | Test e:  69.27 
| Epoch  107 | Train e:  95.18, T l:  0.2069 | Val e:  91.37 , Val l: 0.6426 | Test e:  68.93 
| Epoch  108 | Train e:  95.15, T l:  0.2056 | Val e:  91.83 , Val l: 0.4975 | Test e:  68.95 
| Epoch  109 | Train e:  95.05, T l:  0.2085 | Val e:  91.31 , Val l: 0.7339 | Test e:  69.08 
| Epoch  110 | Train e:  95.41, T l:  0.2093 | Val e:  91.51 , Val l: 0.4825 | Test e:  69.35 
| Epoch  111 | Train e:  95.20, T l:  0.2189 | Val e:  91.93 , Val l: 0.5505 | Test e:  69.76 
| Epoch  112 | Train e:  95.35, T l:  0.2020 | Val e:  91.58 , Val l: 0.7105 | Test e:  69.22 
| Epoch  113 | Train e:  95.39, T l:  0.1954 | Val e:  91.74 , Val l: 0.6176 | Test e:  69.16 
| Epoch  114 | Train e:  95.36, T l:  0.2101 | Val e:  90.90 , Val l: 0.7531 | Test e:  68.76 
| Epoch  115 | Train e:  95.63, T l:  0.2048 | Val e:  90.82 , Val l: 0.6723 | Test e:  68.79 
| Epoch  116 | Train e:  95.66, T l:  0.1992 | Val e:  90.81 , Val l: 0.6841 | Test e:  68.81 
| Epoch  117 | Train e:  95.47, T l:  0.1957 | Val e:  91.10 , Val l: 0.7145 | Test e:  68.87 
| Epoch  118 | Train e:  95.57, T l:  0.2013 | Val e:  91.23 , Val l: 0.4417 | Test e:  69.35 
| Epoch  119 | Train e:  95.73, T l:  0.2162 | Val e:  91.04 , Val l: 0.6553 | Test e:  69.31 
| Epoch  120 | Train e:  95.75, T l:  0.1938 | Val e:  91.03 , Val l: 0.6228 | Test e:  69.52 
| Epoch  121 | Train e:  95.85, T l:  0.1935 | Val e:  90.84 , Val l: 0.7974 | Test e:  68.61 
| Epoch  122 | Train e:  95.43, T l:  0.1978 | Val e:  91.02 , Val l: 0.8055 | Test e:  68.69 
| Epoch  123 | Train e:  95.70, T l:  0.1867 | Val e:  90.53 , Val l: 0.8715 | Test e:  69.05 
| Epoch  124 | Train e:  96.05, T l:  0.1953 | Val e:  90.72 , Val l: 0.7381 | Test e:  69.24 
| Epoch  125 | Train e:  95.50, T l:  0.2178 | Val e:  90.13 , Val l: 0.9985 | Test e:  68.62 
| Epoch  126 | Train e:  96.04, T l:  0.1960 | Val e:  90.91 , Val l: 0.7008 | Test e:  69.00 
| Epoch  127 | Train e:  95.77, T l:  0.1944 | Val e:  90.09 , Val l: 1.0032 | Test e:  68.63 
| Epoch  128 | Train e:  96.04, T l:  0.1955 | Val e:  90.80 , Val l: 0.7384 | Test e:  69.28 
| Epoch  129 | Train e:  95.99, T l:  0.1932 | Val e:  90.99 , Val l: 0.6882 | Test e:  69.73 
| Epoch  130 | Train e:  95.93, T l:  0.1891 | Val e:  90.19 , Val l: 0.9253 | Test e:  69.15 
| Epoch  131 | Train e:  96.21, T l:  0.1882 | Val e:  90.96 , Val l: 0.7044 | Test e:  70.06 
| Epoch  132 | Train e:  96.24, T l:  0.1866 | Val e:  91.32 , Val l: 0.6763 | Test e:  69.96 
| Epoch  133 | Train e:  96.27, T l:  0.1909 | Val e:  91.01 , Val l: 0.7109 | Test e:  70.11 
| Epoch  134 | Train e:  95.76, T l:  0.1946 | Val e:  90.40 , Val l: 0.9174 | Test e:  69.52 
| Epoch  135 | Train e:  96.25, T l:  0.1998 | Val e:  91.53 , Val l: 0.5583 | Test e:  70.53 
| Epoch  136 | Train e:  96.18, T l:  0.1825 | Val e:  90.98 , Val l: 0.4986 | Test e:  70.45 
| Epoch  137 | Train e:  96.36, T l:  0.1902 | Val e:  90.69 , Val l: 0.7304 | Test e:  69.66 
| Epoch  138 | Train e:  96.28, T l:  0.1870 | Val e:  90.70 , Val l: 0.8484 | Test e:  69.60 
| Epoch  139 | Train e:  96.36, T l:  0.1914 | Val e:  91.05 , Val l: 0.6393 | Test e:  70.21 
| Epoch  140 | Train e:  96.45, T l:  0.1797 | Val e:  91.44 , Val l: 0.5764 | Test e:  70.44 
| Epoch  141 | Train e:  96.51, T l:  0.1901 | Val e:  90.75 , Val l: 0.7554 | Test e:  69.94 
| Epoch  142 | Train e:  96.18, T l:  0.1942 | Val e:  89.77 , Val l: 0.8276 | Test e:  69.82 
| Epoch  143 | Train e:  96.38, T l:  0.1952 | Val e:  90.51 , Val l: 0.7614 | Test e:  70.22 
| Epoch  144 | Train e:  96.47, T l:  0.1810 | Val e:  89.96 , Val l: 0.6799 | Test e:  70.11 
| Epoch  145 | Train e:  96.39, T l:  0.1837 | Val e:  91.00 , Val l: 0.7722 | Test e:  70.12 
| Epoch  146 | Train e:  96.13, T l:  0.1888 | Val e:  89.59 , Val l: 0.9079 | Test e:  69.65 
| Epoch  147 | Train e:  96.35, T l:  0.1893 | Val e:  90.16 , Val l: 0.9386 | Test e:  69.83 
| Epoch  148 | Train e:  96.28, T l:  0.1764 | Val e:  90.42 , Val l: 0.7933 | Test e:  69.80 
| Epoch  149 | Train e:  96.61, T l:  0.1824 | Val e:  91.02 , Val l: 0.6615 | Test e:  70.44 
| Epoch  150 | Train e:  96.53, T l:  0.1651 | Val e:  90.20 , Val l: 0.8319 | Test e:  69.94 
| Epoch  151 | Train e:  96.24, T l:  0.1777 | Val e:  90.63 , Val l: 0.8446 | Test e:  70.00 
| Epoch  152 | Train e:  96.46, T l:  0.1831 | Val e:  90.55 , Val l: 0.7322 | Test e:  69.74 
| Epoch  153 | Train e:  96.52, T l:  0.1815 | Val e:  91.54 , Val l: 0.6381 | Test e:  70.27 
| Epoch  154 | Train e:  96.63, T l:  0.1795 | Val e:  91.62 , Val l: 0.5703 | Test e:  70.72 
| Epoch  155 | Train e:  96.68, T l:  0.1853 | Val e:  90.85 , Val l: 0.6927 | Test e:  70.17 
| Epoch  156 | Train e:  96.54, T l:  0.1814 | Val e:  90.90 , Val l: 0.7682 | Test e:  70.13 
| Epoch  157 | Train e:  96.64, T l:  0.1787 | Val e:  90.88 , Val l: 0.7652 | Test e:  70.10 
| Epoch  158 | Train e:  96.70, T l:  0.1898 | Val e:  91.10 , Val l: 0.6767 | Test e:  70.56 
| Epoch  159 | Train e:  96.60, T l:  0.1785 | Val e:  91.02 , Val l: 0.6327 | Test e:  70.68 
| Epoch  160 | Train e:  96.60, T l:  0.1727 | Val e:  90.45 , Val l: 0.8385 | Test e:  70.24 
| Epoch  161 | Train e:  96.64, T l:  0.1833 | Val e:  91.11 , Val l: 0.6951 | Test e:  70.42 
| Epoch  162 | Train e:  96.71, T l:  0.1689 | Val e:  91.08 , Val l: 0.6810 | Test e:  70.73 
| Epoch  163 | Train e:  96.81, T l:  0.1787 | Val e:  90.84 , Val l: 0.6788 | Test e:  70.70 
| Epoch  164 | Train e:  96.49, T l:  0.1738 | Val e:  90.61 , Val l: 0.9377 | Test e:  70.36 
| Epoch  165 | Train e:  96.46, T l:  0.1759 | Val e:  89.85 , Val l: 0.9565 | Test e:  70.10 
| Epoch  166 | Train e:  96.83, T l:  0.1691 | Val e:  90.76 , Val l: 0.7123 | Test e:  70.68 
| Epoch  167 | Train e:  96.76, T l:  0.1652 | Val e:  90.55 , Val l: 0.8627 | Test e:  70.38 
| Epoch  168 | Train e:  96.81, T l:  0.1615 | Val e:  90.25 , Val l: 0.7888 | Test e:  70.34 
| Epoch  169 | Train e:  96.75, T l:  0.1764 | Val e:  90.59 , Val l: 0.7198 | Test e:  70.52 
| Epoch  170 | Train e:  96.80, T l:  0.1720 | Val e:  91.01 , Val l: 0.7100 | Test e:  70.70 
| Epoch  171 | Train e:  96.87, T l:  0.1809 | Val e:  91.51 , Val l: 0.6156 | Test e:  70.66 
| Epoch  172 | Train e:  96.79, T l:  0.1762 | Val e:  90.19 , Val l: 0.7861 | Test e:  70.79 
| Epoch  173 | Train e:  96.94, T l:  0.1735 | Val e:  90.74 , Val l: 0.6927 | Test e:  70.84 
| Epoch  174 | Train e:  96.82, T l:  0.1754 | Val e:  90.97 , Val l: 0.6554 | Test e:  70.70 
| Epoch  175 | Train e:  96.89, T l:  0.1756 | Val e:  90.81 , Val l: 0.6597 | Test e:  70.84 
| Epoch  176 | Train e:  96.90, T l:  0.1662 | Val e:  90.91 , Val l: 0.6993 | Test e:  70.60 
| Epoch  177 | Train e:  96.85, T l:  0.1611 | Val e:  90.54 , Val l: 0.7688 | Test e:  70.40 
| Epoch  178 | Train e:  96.75, T l:  0.1767 | Val e:  90.56 , Val l: 0.7507 | Test e:  70.28 
| Epoch  179 | Train e:  96.89, T l:  0.1711 | Val e:  90.59 , Val l: 0.7445 | Test e:  70.52 
| Epoch  180 | Train e:  96.92, T l:  0.1662 | Val e:  90.72 , Val l: 0.7316 | Test e:  70.59 
| Epoch  181 | Train e:  96.70, T l:  0.1713 | Val e:  90.55 , Val l: 0.8210 | Test e:  70.64 
| Epoch  182 | Train e:  96.84, T l:  0.1609 | Val e:  90.38 , Val l: 0.7826 | Test e:  70.52 
| Epoch  183 | Train e:  96.96, T l:  0.1753 | Val e:  90.54 , Val l: 0.7018 | Test e:  71.06 
| Epoch  184 | Train e:  96.69, T l:  0.1626 | Val e:  90.16 , Val l: 0.9014 | Test e:  70.40 
| Epoch  185 | Train e:  96.81, T l:  0.1670 | Val e:  90.44 , Val l: 0.8111 | Test e:  70.41 
| Epoch  186 | Train e:  96.96, T l:  0.1621 | Val e:  90.81 , Val l: 0.7138 | Test e:  70.91 
| Epoch  187 | Train e:  96.78, T l:  0.1654 | Val e:  90.58 , Val l: 0.7501 | Test e:  70.91 
| Epoch  188 | Train e:  97.02, T l:  0.1537 | Val e:  90.92 , Val l: 0.6864 | Test e:  71.07 
| Epoch  189 | Train e:  97.03, T l:  0.1707 | Val e:  90.79 , Val l: 0.7722 | Test e:  70.67 
| Epoch  190 | Train e:  96.99, T l:  0.1638 | Val e:  90.76 , Val l: 0.7378 | Test e:  70.84 
| Epoch  191 | Train e:  96.91, T l:  0.1685 | Val e:  90.57 , Val l: 0.7735 | Test e:  70.66 
| Epoch  192 | Train e:  96.87, T l:  0.1699 | Val e:  90.86 , Val l: 0.7218 | Test e:  70.94 
| Epoch  193 | Train e:  96.90, T l:  0.1559 | Val e:  90.53 , Val l: 0.7684 | Test e:  70.76 
| Epoch  194 | Train e:  96.86, T l:  0.1669 | Val e:  90.40 , Val l: 0.7728 | Test e:  70.82 
| Epoch  195 | Train e:  96.98, T l:  0.1728 | Val e:  90.37 , Val l: 0.7947 | Test e:  70.72 
| Epoch  196 | Train e:  96.97, T l:  0.1626 | Val e:  90.42 , Val l: 0.7574 | Test e:  70.85 
| Epoch  197 | Train e:  96.91, T l:  0.1718 | Val e:  90.42 , Val l: 0.7732 | Test e:  70.79 
| Epoch  198 | Train e:  96.99, T l:  0.1542 | Val e:  90.45 , Val l: 0.7684 | Test e:  70.82 
| Epoch  199 | Train e:  96.93, T l:  0.1641 | Val e:  90.44 , Val l: 0.7712 | Test e:  70.81 
