

===============================================
2022-07-25 17:47:57

main.py --batch-size 64 --lr 0.0001 --warmup 50 --scheduler-type linear --seeds 23333 --device 0

None

dataset: ogbg-molbbbp
use_node_attr: False
pre_transform: None
transform: None
clean_cache: False
use_public_splits: True
use_val: True
use_val_loss: True
same_best_epoch: False
early_stop: False
scheduler_type: linear
epochs: 200
warmup: 50
batch_size: 64
lr: 0.0001
weight_decay: 0.0001
seeds: 23333
save_state: F



| 

| Epoch    0 | Train e:  59.74, T l:  0.6899 | Val e:  43.35 , Val l: 0.7506 | Test e:  4| | | | Epoch    1 | Train e:  60.83, T l:  0.6022 | Val e:  48.49 , Val l: 0.8952 | Test e:  4| | | | Epoch    2 | Train e:  60.68, T l:  0.5079 | Val e:  56.08 , Val l: 1.1767 | Test e:  4| Ep| | Epoch    3 | Train e:  61.86, T l:  0.4520 | Val e:  63.05 , Val l: 1.4601 | Test e:  4| Epoc| Epoch    4 | Train e:  63.79, T l:  0.4414 | Val e:  67.84 , Val l: 1.6183 | Test e:  4| Epoc| Epoch    5 | Train e:  66.18, T l:  0.4410 | Val e:  69.64 , Val l: 1.6559 | Test e:  4| Epoc| Epoch    6 | Train e:  67.99, T l:  0.4395 | Val e:  68.38 , Val l: 1.6456 | Test e:  5| Epoc| Epoch    7 | Train e:  68.34, T l:  0.4367 | Val e:  66.93 , Val l: 1.6003 | Test e:  5| Epoc| Epoch    8 | Train e:  69.76, T l:  0.4332 | Val e:  66.46 , Val l: 1.6988 | Test e:  5| Epoch    9 | Train e:  69.80, T l:  0.4380 | Val e:  67.68 , Val l: 1.8237 | Test e:  61.91 
| Epoch   10 | Train e:  70.28, T l:  0.4328 | Val e:  67.14 , Val l: 1.8441 | Test e:  61.21 
| Epoch   11 | Train e:  72.29, T l:  0.4242 | Val e:  67.50 , Val l: 1.8394 | Test e:  60.79 
| Epoch   12 | Train e:  72.29, T l:  0.4200 | Val e:  68.94 , Val l: 1.8337 | Test e:  60.85 
| Epoch   13 | Train e:  72.48, T l:  0.4164 | Val e:  71.64 , Val l: 1.8546 | Test e:  61.16 
| Epoch   14 | Train e:  73.34, T l:  0.4065 | Val e:  73.70 , Val l: 1.7644 | Test e:  61.73 
| Epoch   15 | Train e:  75.06, T l:  0.3997 | Val e:  75.94 , Val l: 1.7297 | Test e:  62.54 
| Epoc| Epoch   16 | Train e:  76.17, T l:  0.3981 | Val e:  74.56 , Val l: 1.4437 | Test e:  6| Epoc| Epoch   17 | Train e:  76.72, T l:  0.3875 | Val e:  77.72 , Val l: 1.6960 | Test e:  6| Epoc| Epoch   18 | Train e:  77.81, T l:  0.3819 | Val e:  79.16 , Val l: 1.5339 | Test e:  6| Epoc| Epoch   19 | Train e:  79.01, T l:  0.3702 | Val e:  80.45 , Val l: 1.3837 | Test e:  6| Epoch   20 | Train e:  79.02, T l:  0.3683 | Val e:  80.65 , Val l: 1.0661 | Test e:  64.61 
| Epoch   21 | Train e:  79.99, T l:  0.3588 | Val e:  82.42 , Val l: 1.1115 | Test e:  64.87 
| Epoch   22 | Train e:  80.72, T l:  0.3634 | Val e:  83.15 , Val l: 0.9264 | Test e:  64.57 
| Epoch   23 | Train e:  81.77, T l:  0.3486 | Val e:  84.37 , Val l: 1.0526 | Test e:  65.06 
| Epoch   24 | Train e:  83.67, T l:  0.3499 | Val e:  86.16 , Val l: 1.6805 | Test e:  65.04 
| Epoch   25 | Train e:  82.95, T l:  0.3472 | Val e:  85.46 , Val l: 1.0197 | Test e:  64.93 
| Epoch   26 | Train e:  84.39, T l:  0.3323 | Val e:  86.80 , Val l: 1.1289 | Test e:  64.81 
| Epoch   27 | Train e:  84.14, T l:  0.3199 | Val e:  86.22 , Val l: 0.8267 | Test e:  64.31 
| Epoch   28 | Train e:  85.60, T l:  0.3413 | Val e:  88.46 , Val l: 1.3165 | Test e:  64.57 
| Epoch   29 | Train e:  86.08, T l:  0.3169 | Val e:  88.18 , Val l: 1.2228 | Test e:  64.42 
| Epoch   30 | Train e:  85.95, T l:  0.3166 | Val e:  87.97 , Val l: 0.7700 | Test e:  64.13 
| Epoch   31 | Train e:  86.43, T l:  0.3248 | Val e:  89.35 , Val l: 0.7980 | Test e:  63.76 
| Epoch   32 | Train e:  86.99, T l:  0.2997 | Val e:  89.25 , Val l: 1.0220 | Test e:  63.71 
| Epoch   33 | Train e:  87.76, T l:  0.3081 | Val e:  89.13 , Val l: 1.1069 | Test e:  63.35 
| Epoch   34 | Train e:  87.48, T l:  0.2975 | Val e:  88.50 , Val l: 0.7757 | Test e:  63.05 
| Epoch   35 | Train e:  88.35, T l:  0.3016 | Val e:  88.91 , Val l: 0.9430 | Test e:  63.05 
| Epoch   36 | Train e:  88.73, T l:  0.2922 | Val e:  88.49 , Val l: 1.1136 | Test e:  63.21 
| Ep| Epoch   37 | Train e:  88.15, T l:  0.2964 | Val e:  88.13 , Val l: 1.0646 | Test e:  63.| Epoch   38 | Train e:  89.02, T l:  0.3013 | Val e:  89.18 , Val l: 1.0712 | Test e:  63.45 
| Ep| Epoch   39 | Train e:  90.45, T l:  0.2751 | Val e:  87.92 , Val l: 0.9610 | Test e:  64.| Epoch   40 | Train e:  89.31, T l:  0.2793 | Val e:  88.77 , Val l: 0.8650 | Test e:  63.07 
| Epoch   41 | Train e:  89.95, T l:  0.2745 | Val e:  89.10 , Val l: 0.9872 | Test e:  63.00 
| Ep| Epoch   42 | Train e:  88.29, T l:  0.2923 | Val e:  86.57 , Val l: 0.5653 | Test e:  63.| Epoch   43 | Train e:  90.78, T l:  0.2776 | Val e:  88.47 , Val l: 1.4693 | Test e:  64.04 
| Epoch   44 | Train e:  90.30, T l:  0.2696 | Val e:  88.19 , Val l: 0.7160 | Test e:  63.29 
| Ep| Epoch   45 | Train e:  89.58, T l:  0.2709 | Val e:  86.78 , Val l: 0.8104 | Test e:  64.| Ep| Epoch   46 | Train e:  90.21, T l:  0.2812 | Val e:  87.72 , Val l: 1.2993 | Test e:  64.| Ep| Epoch   47 | Train e:  90.07, T l:  0.2861 | Val e:  84.58 , Val l: 2.7644 | Test e:  65.| Ep| Epoch   48 | Train e:  90.84, T l:  0.3054 | Val e:  88.53 , Val l: 0.5282 | Test e:  64.| Ep| Epoch   49 | Train e:  89.99, T l:  0.2834 | Val e:  88.09 , Val l: 0.7510 | Test e:  65.| Ep| Epoch   50 | Train e:  92.34, T l:  0.2598 | Val e:  88.36 , Val l: 1.1201 | Test e:  66.| Ep| Epoch   51 | Train e:  92.04, T l:  0.2706 | Val e:  88.98 , Val l: 0.6467 | Test e:  65.| Ep| Epoch   52 | Train e:  92.37, T l:  0.2705 | Val e:  89.23 , Val l: 0.8806 | Test e:  65.| Ep| Epoch   53 | Train e:  92.62, T l:  0.2514 | Val e:  87.28 , Val l: 1.1118 | Test e:  66.| Ep| Epoch   54 | Train e:  92.78, T l:  0.2454 | Val e:  86.43 , Val l: 1.2275 | Test e:  66.| Ep| Epoch   55 | Train e:  93.08, T l:  0.2511 | Val e:  87.58 , Val l: 0.9066 | Test e:  66.| Ep| Epoch   56 | Train e:  93.28, T l:  0.2455 | Val e:  87.35 , Val l: 0.9467 | Test e:  67.| Ep| Epoch   57 | Train e:  93.31, T l:  0.2562 | Val e:  88.40 , Val l: 0.8475 | Test e:  67.| Epoch   58 | Train e:  93.47, T l:  0.2385 | Val e:  89.62 , Val l: 0.5707 | Test e:  66.94 
| Epoch   59 | Train e:  93.96, T l:  0.2288 | Val e:  89.34 , Val l: 0.9680 | Test e:  67.47 
| Epoch   60 | Train e:  93.77, T l:  0.2372 | Val e:  89.51 , Val l: 0.6594 | Test e:  67.30 
| Ep| Epoch   61 | Train e:  93.58, T l:  0.2354 | Val e:  86.30 , Val l: 1.4723 | Test e:  68.| Epoch   62 | Train e:  93.88, T l:  0.2614 | Val e:  88.37 , Val l: 0.5105 | Test e:  66.86 
| Epoch   63 | Train e:  94.13, T l:  0.2328 | Val e:  88.90 , Val l: 0.8108 | Test e:  67.93 
| Epoch   64 | Train e:  94.19, T l:  0.2449 | Val e:  88.20 , Val l: 0.6256 | Test e:  68.06 
| Ep| Epoch   65 | Train e:  93.53, T l:  0.2437 | Val e:  87.44 , Val l: 0.8581 | Test e:  68.| Ep| Epoch   66 | Train e:  93.08, T l:  0.2466 | Val e:  86.40 , Val l: 1.2276 | Test e:  68.| Ep| Epoch   67 | Train e:  93.26, T l:  0.2325 | Val e:  87.15 , Val l: 1.1233 | Test e:  68.| Ep| Epoch   68 | Train e:  93.45, T l:  0.2455 | Val e:  86.40 , Val l: 1.0471 | Test e:  67.| Ep| Epoch   69 | Train e:  93.62, T l:  0.2274 | Val e:  88.96 , Val l: 0.8359 | Test e:  68.| Ep| Epoch   70 | Train e:  93.99, T l:  0.2284 | Val e:  85.74 , Val l: 1.1293 | Test e:  68.| Ep| Epoch   71 | Train e:  94.08, T l:  0.2227 | Val e:  83.58 , Val l: 1.3875 | Test e:  68.| Ep| Epoch   72 | Train e:  94.12, T l:  0.2303 | Val e:  88.09 , Val l: 1.0478 | Test e:  68.| Ep| Epoch   73 | Train e:  93.95, T l:  0.2265 | Val e:  88.20 , Val l: 0.7798 | Test e:  67.| Ep| Epoch   74 | Train e:  94.46, T l:  0.2166 | Val e:  85.56 , Val l: 1.0394 | Test e:  68.| Ep| Epoch   75 | Train e:  94.59, T l:  0.2257 | Val e:  86.89 , Val l: 0.9551 | Test e:  69.| Ep| Epoch   76 | Train e:  94.46, T l:  0.2359 | Val e:  86.66 , Val l: 1.1128 | Test e:  69.| Ep| Epoch   77 | Train e:  94.47, T l:  0.2138 | Val e:  84.04 , Val l: 1.1619 | Test e:  68.| Ep| Epoch   78 | Train e:  93.85, T l:  0.2069 | Val e:  81.76 , Val l: 2.2171 | Test e:  69.| Ep| Epoch   79 | Train e:  94.81, T l:  0.2221 | Val e:  87.67 , Val l: 0.7327 | Test e:  69.| Ep| Epoch   80 | Train e:  94.39, T l:  0.2233 | Val e:  87.18 , Val l: 0.7135 | Test e:  68.| Ep| Epoch   81 | Train e:  94.64, T l:  0.2051 | Val e:  88.50 , Val l: 0.7041 | Test e:  68.| Ep| Epoch   82 | Train e:  95.00, T l:  0.2097 | Val e:  86.83 , Val l: 0.8728 | Test e:  68.| Epoch   83 | Train e:  95.63, T l:  0.1999 | Val e:  91.01 , Val l: 0.6221 | Test e:  69.80 
| Epoch   84 | Train e:  96.04, T l:  0.1987 | Val e:  89.29 , Val l: 0.7553 | Test e:  69.51 
| Epoch   85 | Train e:  95.95, T l:  0.1916 | Val e:  88.87 , Val l: 0.8891 | Test e:  70.02 
| Epoch   86 | Train e:  95.94, T l:  0.1971 | Val e:  87.64 , Val l: 1.0886 | Test e:  69.27 
| Epoch   87 | Train e:  95.67, T l:  0.1988 | Val e:  90.82 , Val l: 0.4974 | Test e:  70.75 
| Ep| Epoch   88 | Train e:  95.17, T l:  0.2084 | Val e:  86.43 , Val l: 0.9392 | Test e:  69.| Ep| Epoch   89 | Train e:  92.09, T l:  0.2028 | Val e:  88.57 , Val l: 0.4894 | Test e:  66.| Ep| Epoch   90 | Train e:  95.13, T l:  0.2154 | Val e:  88.34 , Val l: 0.7817 | Test e:  69.| Epoch   91 | Train e:  96.33, T l:  0.1764 | Val e:  88.88 , Val l: 1.0977 | Test e:  69.21 
| Epoch   92 | Train e:  96.39, T l:  0.1904 | Val e:  90.45 , Val l: 0.5463 | Test e:  70.50 
| Epoch   93 | Train e:  96.48, T l:  0.2003 | Val e:  90.60 , Val l: 0.7576 | Test e:  69.70 
| Epoch   94 | Train e:  96.08, T l:  0.1864 | Val e:  90.47 , Val l: 0.5141 | Test e:  69.34 
| Epoch   95 | Train e:  96.48, T l:  0.1957 | Val e:  90.38 , Val l: 0.6513 | Test e:  70.56 
| Epoch   96 | Train e:  96.08, T l:  0.1881 | Val e:  90.91 , Val l: 0.5409 | Test e:  70.37 
| Epoch   97 | Train e:  96.62, T l:  0.1910 | Val e:  90.13 , Val l: 0.6370 | Test e:  70.02 
| Epoch   98 | Train e:  96.76, T l:  0.1851 | Val e:  89.71 , Val l: 0.7665 | Test e:  70.38 
| Epoch   99 | Train e:  96.69, T l:  0.1909 | Val e:  88.82 , Val l: 0.7605 | Test e:  69.63 
| Epoch  100 | Train e:  96.06, T l:  0.1978 | Val e:  90.11 , Val l: 0.5356 | Test e:  70.00 
| Epoch  101 | Train e:  96.81, T l:  0.1764 | Val e:  90.24 , Val l: 0.7114 | Test e:  69.74 
| Epoch  102 | Train e:  96.66, T l:  0.1795 | Val e:  88.64 , Val l: 0.8034 | Test e:  69.58 
| Epoch  103 | Train e:  96.64, T l:  0.1776 | Val e:  87.69 , Val l: 1.2513 | Test e:  69.61 
| Epoch  104 | Train e:  96.73, T l:  0.1819 | Val e:  88.55 , Val l: 1.0378 | Test e:  69.84 
| Epoch  105 | Train e:  96.83, T l:  0.1723 | Val e:  89.74 , Val l: 0.7824 | Test e:  69.62 
| Epoch  106 | Train e:  96.79, T l:  0.1761 | Val e:  87.86 , Val l: 0.9077 | Test e:  69.86 
| Epoch  107 | Train e:  96.81, T l:  0.1837 | Val e:  90.93 , Val l: 0.5293 | Test e:  70.80 
| Epoch  108 | Train e:  97.02, T l:  0.1815 | Val e:  89.40 , Val l: 0.7505 | Test e:  70.23 
| Epoch  109 | Train e:  96.94, T l:  0.1792 | Val e:  90.37 , Val l: 0.7731 | Test e:  70.35 
| Epoch  110 | Train e:  97.14, T l:  0.1784 | Val e:  90.07 , Val l: 0.7395 | Test e:  70.18 
| Epoch  111 | Train e:  97.03, T l:  0.1694 | Val e:  89.85 , Val l: 0.6929 | Test e:  70.49 
| Epoch  112 | Train e:  96.93, T l:  0.1595 | Val e:  88.58 , Val l: 1.1451 | Test e:  69.37 
| Epoch  113 | Train e:  96.77, T l:  0.1884 | Val e:  90.29 , Val l: 0.6047 | Test e:  70.20 
| Epoch  114 | Train e:  97.03, T l:  0.1705 | Val e:  90.12 , Val l: 0.7613 | Test e:  70.44 
| Epoch  115 | Train e:  97.17, T l:  0.1736 | Val e:  89.37 , Val l: 0.8312 | Test e:  69.90 
| Epoch  116 | Train e:  97.24, T l:  0.1682 | Val e:  89.23 , Val l: 0.8115 | Test e:  69.54 
| Epoch  117 | Train e:  96.57, T l:  0.1572 | Val e:  89.71 , Val l: 0.5903 | Test e:  69.83 
| Epoch  118 | Train e:  97.29, T l:  0.1716 | Val e:  89.10 , Val l: 0.8158 | Test e:  70.54 
| Epoch  119 | Train e:  97.26, T l:  0.1524 | Val e:  89.91 , Val l: 0.8370 | Test e:  69.87 
| Epoch  120 | Train e:  97.26, T l:  0.1675 | Val e:  89.79 , Val l: 0.6438 | Test e:  70.48 
| Epoch  121 | Train e:  97.45, T l:  0.1723 | Val e:  89.07 , Val l: 0.8448 | Test e:  70.06 
| Epoch  122 | Train e:  97.36, T l:  0.1716 | Val e:  89.42 , Val l: 0.8145 | Test e:  69.70 
| Epoch  123 | Train e:  97.18, T l:  0.1609 | Val e:  87.41 , Val l: 1.2365 | Test e:  68.58 
| Epoch  124 | Train e:  97.40, T l:  0.1570 | Val e:  90.19 , Val l: 0.7019 | Test e:  69.79 
| Epoch  125 | Train e:  97.40, T l:  0.1666 | Val e:  89.61 , Val l: 0.6903 | Test e:  69.44 
| Epoch  126 | Train e:  97.14, T l:  0.1686 | Val e:  90.21 , Val l: 0.6110 | Test e:  69.83 
| Epoch  127 | Train e:  97.49, T l:  0.1711 | Val e:  88.89 , Val l: 0.9511 | Test e:  69.56 
| Epoch  128 | Train e:  97.59, T l:  0.1550 | Val e:  89.64 , Val l: 0.8459 | Test e:  70.11 
| Epoch  129 | Train e:  97.21, T l:  0.1583 | Val e:  89.13 , Val l: 0.8799 | Test e:  70.40 
| Epoch  130 | Train e:  97.43, T l:  0.1619 | Val e:  89.06 , Val l: 0.9289 | Test e:  69.74 
| Epoch  131 | Train e:  96.98, T l:  0.1755 | Val e:  89.74 , Val l: 0.6935 | Test e:  70.34 
| Epoch  132 | Train e:  97.69, T l:  0.1648 | Val e:  89.95 , Val l: 0.8838 | Test e:  69.90 
| Epoch  133 | Train e:  97.48, T l:  0.1721 | Val e:  90.25 , Val l: 0.6229 | Test e:  70.33 
| Epoch  134 | Train e:  97.51, T l:  0.1616 | Val e:  89.53 , Val l: 0.8273 | Test e:  69.90 
| Epoch  135 | Train e:  97.57, T l:  0.1605 | Val e:  90.05 , Val l: 0.6911 | Test e:  70.45 
| Epoch  136 | Train e:  97.58, T l:  0.1568 | Val e:  89.75 , Val l: 0.7895 | Test e:  70.16 
| Epoch  137 | Train e:  97.57, T l:  0.1518 | Val e:  90.85 , Val l: 0.6404 | Test e:  70.07 
| Epoch  138 | Train e:  97.62, T l:  0.1675 | Val e:  89.44 , Val l: 0.9254 | Test e:  69.84 
| Epoch  139 | Train e:  97.69, T l:  0.1565 | Val e:  90.56 , Val l: 0.6208 | Test e:  70.68 
| Epoch  140 | Train e:  97.66, T l:  0.1543 | Val e:  88.89 , Val l: 0.9482 | Test e:  69.77 
| Epoch  141 | Train e:  97.64, T l:  0.1540 | Val e:  89.53 , Val l: 0.8539 | Test e:  70.07 
| Epoch  142 | Train e:  97.71, T l:  0.1561 | Val e:  90.06 , Val l: 0.7670 | Test e:  70.80 
| Epoch  143 | Train e:  97.70, T l:  0.1496 | Val e:  89.50 , Val l: 0.8834 | Test e:  69.95 
| Epoch  144 | Train e:  97.73, T l:  0.1558 | Val e:  89.90 , Val l: 0.7305 | Test e:  70.11 
| Epoch  145 | Train e:  97.60, T l:  0.1563 | Val e:  88.99 , Val l: 0.7846 | Test e:  70.12 
| Epoch  146 | Train e:  97.79, T l:  0.1507 | Val e:  89.75 , Val l: 0.7954 | Test e:  69.95 
| Epoch  147 | Train e:  97.84, T l:  0.1502 | Val e:  88.72 , Val l: 0.8958 | Test e:  70.24 
| Epoch  148 | Train e:  97.60, T l:  0.1469 | Val e:  89.65 , Val l: 0.7817 | Test e:  70.35 
| Epoch  149 | Train e:  97.76, T l:  0.1566 | Val e:  89.40 , Val l: 0.9812 | Test e:  70.19 
| Epoch  150 | Train e:  97.69, T l:  0.1481 | Val e:  88.67 , Val l: 0.9176 | Test e:  69.88 
| Epoch  151 | Train e:  97.95, T l:  0.1498 | Val e:  89.32 , Val l: 0.8594 | Test e:  70.17 
| Epoch  152 | Train e:  97.74, T l:  0.1465 | Val e:  89.46 , Val l: 0.7926 | Test e:  70.18 
| Epoch  153 | Train e:  97.89, T l:  0.1484 | Val e:  89.51 , Val l: 0.9259 | Test e:  69.87 
| Epoch  154 | Train e:  97.79, T l:  0.1451 | Val e:  88.84 , Val l: 1.0250 | Test e:  69.84 
| Epoch  155 | Train e:  97.93, T l:  0.1492 | Val e:  89.51 , Val l: 0.7922 | Test e:  69.97 
| Epoch  156 | Train e:  97.58, T l:  0.1568 | Val e:  89.84 , Val l: 0.6966 | Test e:  70.51 
| Epoch  157 | Train e:  97.97, T l:  0.1482 | Val e:  89.14 , Val l: 0.8867 | Test e:  69.90 
| Epoch  158 | Train e:  97.83, T l:  0.1399 | Val e:  89.16 , Val l: 0.8776 | Test e:  69.75 
| Epoch  159 | Train e:  98.01, T l:  0.1493 | Val e:  89.30 , Val l: 0.8741 | Test e:  69.87 
| Epoch  160 | Train e:  97.84, T l:  0.1433 | Val e:  89.65 , Val l: 0.7251 | Test e:  70.53 
| Epoch  161 | Train e:  97.83, T l:  0.1415 | Val e:  89.92 , Val l: 0.6899 | Test e:  70.46 
| Epoch  162 | Train e:  97.89, T l:  0.1420 | Val e:  89.56 , Val l: 0.7482 | Test e:  70.38 
| Epoch  163 | Train e:  97.95, T l:  0.1450 | Val e:  89.19 , Val l: 0.9615 | Test e:  69.56 
| Epoch  164 | Train e:  97.96, T l:  0.1517 | Val e:  89.68 , Val l: 0.9547 | Test e:  69.80 
| Epoch  165 | Train e:  97.97, T l:  0.1376 | Val e:  89.39 , Val l: 0.9172 | Test e:  69.97 
| Epoch  166 | Train e:  97.95, T l:  0.1362 | Val e:  89.26 , Val l: 0.8333 | Test e:  70.25 
| Epoch  167 | Train e:  97.93, T l:  0.1531 | Val e:  89.19 , Val l: 0.9287 | Test e:  69.68 
| Epoch  168 | Train e:  98.02, T l:  0.1474 | Val e:  90.09 , Val l: 0.7904 | Test e:  70.33 
| Epoch  169 | Train e:  98.01, T l:  0.1434 | Val e:  89.74 , Val l: 0.8638 | Test e:  70.22 
| Epoch  170 | Train e:  97.97, T l:  0.1381 | Val e:  89.12 , Val l: 1.0078 | Test e:  69.84 
| Epoch  171 | Train e:  98.05, T l:  0.1461 | Val e:  89.44 , Val l: 0.8149 | Test e:  70.34 
| Epoch  172 | Train e:  97.87, T l:  0.1461 | Val e:  88.94 , Val l: 0.8618 | Test e:  69.99 
| Epoch  173 | Train e:  97.98, T l:  0.1379 | Val e:  89.25 , Val l: 0.8325 | Test e:  70.15 
| Epoch  174 | Train e:  98.00, T l:  0.1369 | Val e:  89.50 , Val l: 0.8858 | Test e:  70.00 
| Epoch  175 | Train e:  97.99, T l:  0.1381 | Val e:  89.58 , Val l: 0.7649 | Test e:  70.21 
| Epoch  176 | Train e:  97.88, T l:  0.1448 | Val e:  89.43 , Val l: 0.7445 | Test e:  70.38 
| Epoch  177 | Train e:  97.98, T l:  0.1410 | Val e:  89.06 , Val l: 0.8259 | Test e:  70.05 
| Epoch  178 | Train e:  97.89, T l:  0.1428 | Val e:  89.75 , Val l: 0.7047 | Test e:  70.62 
| Epoch  179 | Train e:  97.92, T l:  0.1298 | Val e:  89.93 , Val l: 0.7553 | Test e:  70.53 
| Epoch  180 | Train e:  97.95, T l:  0.1268 | Val e:  90.17 , Val l: 0.7466 | Test e:  70.59 
| Epoch  181 | Train e:  97.89, T l:  0.1431 | Val e:  89.90 , Val l: 0.6835 | Test e:  70.47 
| Epoch  182 | Train e:  97.92, T l:  0.1524 | Val e:  89.78 , Val l: 0.7511 | Test e:  70.69 
| Epoch  183 | Train e:  98.08, T l:  0.1389 | Val e:  89.39 , Val l: 0.8884 | Test e:  70.11 
| Epoch  184 | Train e:  98.21, T l:  0.1365 | Val e:  89.86 , Val l: 0.8031 | Test e:  70.15 
| Epoch  185 | Train e:  97.99, T l:  0.1463 | Val e:  90.09 , Val l: 0.7303 | Test e:  70.37 
| Epoch  186 | Train e:  98.05, T l:  0.1424 | Val e:  89.60 , Val l: 0.9073 | Test e:  69.91 
| Epoch  187 | Train e:  98.18, T l:  0.1329 | Val e:  89.78 , Val l: 0.8138 | Test e:  70.17 
| Epoch  188 | Train e:  98.20, T l:  0.1462 | Val e:  90.06 , Val l: 0.7714 | Test e:  70.32 
| Epoch  189 | Train e:  98.20, T l:  0.1321 | Val e:  89.53 , Val l: 0.8316 | Test e:  69.95 
| Epoch  190 | Train e:  98.16, T l:  0.1356 | Val e:  90.03 , Val l: 0.7712 | Test e:  70.27 
| Epoch  191 | Train e:  98.15, T l:  0.1324 | Val e:  89.63 , Val l: 0.8551 | Test e:  69.97 
| Epoch  192 | Train e:  98.15, T l:  0.1372 | Val e:  90.05 , Val l: 0.7806 | Test e:  70.26 
| Epoch  193 | Train e:  98.09, T l:  0.1358 | Val e:  89.78 , Val l: 0.8313 | Test e:  70.15 
| Epoch  194 | Train e:  98.07, T l:  0.1428 | Val e:  89.85 , Val l: 0.7820 | Test e:  70.32 
| Epoch  195 | Train e:  98.25, T l:  0.1335 | Val e:  89.81 , Val l: 0.7897 | Test e:  70.32 
| Epoch  196 | Train e:  98.19, T l:  0.1377 | Val e:  89.87 , Val l: 0.7735 | Test e:  70.39 
| Epoch  197 | Train e:  98.12, T l:  0.1341 | Val e:  89.63 , Val l: 0.8282 | Test e:  70.21 
| Epoch  198 | Train e:  98.09, T l:  0.1397 | Val e:  89.62 , Val l: 0.8386 | Test e:  70.21 
| Epoch  199 | Train e:  98.10, T l:  0.1384 | Val e:  89.65 , Val l: 0.8210 | Test e:  70.28 
 71.46 
