

===============================================
2022-12-19 10:10:50

main_g.py --batch-size 64 --lr 0.0001 --warmup 50 --scheduler-type linear --seeds 2333 --device 0

None

dataset: ogbg-molbbbp
use_node_attr: False
pre_transform: None
transform: None
clean_cache: False
use_public_splits: True
use_val: True
use_val_loss: True
same_best_epoch: False
early_stop: False
scheduler_type: linear
epochs: 200
warmup: 50
batch_size: 64
lr: 0.0001
weight_decay: 0.0001
seeds: 2333
save_state: False
transformer_dropout: 0.1



| Epoch    0 | Train e:  39.27, T l:  1.2026 | Val e:  25.87 , Val l: 0.7449 | Test e:  42.73 
| Epoch    1 | Train e:  40.79, T l:  1.0469 | Val e:  28.34 , Val l: 0.6963 | Test e:  44.51 
| Epoch    2 | Train e:  44.91, T l:  0.8056 | Val e:  35.10 , Val l: 0.7311 | Test e:  47.72 
| Epoch    3 | Train e:  50.39, T l:  0.6030 | Val e:  44.64 , Val l: 0.9010 | Test e:  50.14 
| Epoch    4 | Train e:  54.64, T l:  0.4922 | Val e:  52.43 , Val l: 1.1005 | Test e:  51.05 
| Epoch    5 | Train e:  57.89, T l:  0.4535 | Val e:  58.63 , Val l: 1.2451 | Test e:  52.02 
| Epoch    6 | Train e:  60.41, T l:  0.4496 | Val e:  62.72 , Val l: 1.3081 | Test e:  52.74 
| Epoch    7 | Train e:  62.49, T l:  0.4461 | Val e:  66.40 , Val l: 1.3182 | Test e:  53.19 
| Epoch    8 | Train e:  64.20, T l:  0.4455 | Val e:  69.29 , Val l: 1.3081 | Test e:  53.31 
| Epoch    9 | Train e:  65.99, T l:  0.4380 | Val e:  72.51 , Val l: 1.3204 | Test e:  54.45 
| Epoch   10 | Train e:  67.34, T l:  0.4333 | Val e:  74.83 , Val l: 1.2850 | Test e:  54.88 
| Epoch   11 | Train e:  68.68, T l:  0.4360 | Val e:  76.87 , Val l: 1.2678 | Test e:  55.35 
| Epoch   12 | Train e:  69.97, T l:  0.4377 | Val e:  78.68 , Val l: 1.2683 | Test e:  56.11 
| Epoch   13 | Train e:  71.17, T l:  0.4263 | Val e:  80.29 , Val l: 1.2189 | Test e:  57.00 
| Epoch   14 | Train e:  72.69, T l:  0.4333 | Val e:  82.25 , Val l: 1.1827 | Test e:  58.17 
| Epoch   15 | Train e:  74.07, T l:  0.4255 | Val e:  83.68 , Val l: 1.1923 | Test e:  59.63 
| Epoch   16 | Train e:  75.11, T l:  0.4209 | Val e:  84.81 , Val l: 1.1798 | Test e:  60.54 
| Epoch   17 | Train e:  76.27, T l:  0.4182 | Val e:  85.83 , Val l: 1.1349 | Test e:  61.51 
| Epoch   18 | Train e:  77.81, T l:  0.4177 | Val e:  87.30 , Val l: 1.1110 | Test e:  62.70 
| Epoch   19 | Train e:  78.72, T l:  0.4101 | Val e:  88.05 , Val l: 1.0885 | Test e:  63.20 
| Epoch   20 | Train e:  79.31, T l:  0.3993 | Val e:  88.77 , Val l: 0.9895 | Test e:  63.31 
| Epoch   21 | Train e:  80.33, T l:  0.3906 | Val e:  89.81 , Val l: 1.0340 | Test e:  64.17 
| Epoch   22 | Train e:  81.10, T l:  0.3854 | Val e:  90.51 , Val l: 0.9879 | Test e:  64.60 
| Epoch   23 | Train e:  81.26, T l:  0.3769 | Val e:  90.18 , Val l: 0.6908 | Test e:  64.53 
| Epoch   24 | Train e:  82.26, T l:  0.3717 | Val e:  90.23 , Val l: 0.9171 | Test e:  64.66 
| Epoch   25 | Train e:  82.73, T l:  0.3684 | Val e:  90.34 , Val l: 0.9459 | Test e:  64.48 
| Epoch   26 | Train e:  83.47, T l:  0.3648 | Val e:  89.86 , Val l: 0.9720 | Test e:  64.25 
| Epoch   27 | Train e:  83.95, T l:  0.3547 | Val e:  90.03 , Val l: 0.7511 | Test e:  64.28 
| Epoch   28 | Train e:  84.56, T l:  0.3480 | Val e:  90.00 , Val l: 0.7606 | Test e:  64.03 
| Epoch   29 | Train e:  85.09, T l:  0.3363 | Val e:  89.93 , Val l: 0.8093 | Test e:  63.90 
| Epoch   30 | Train e:  85.52, T l:  0.3377 | Val e:  89.85 , Val l: 0.7883 | Test e:  63.87 
| Epoch   31 | Train e:  86.24, T l:  0.3320 | Val e:  89.91 , Val l: 0.7820 | Test e:  63.88 
| Epoch   32 | Train e:  86.67, T l:  0.3314 | Val e:  90.18 , Val l: 0.5644 | Test e:  63.57 
| Epoch   33 | Train e:  87.39, T l:  0.3298 | Val e:  89.81 , Val l: 0.8285 | Test e:  63.93 
| Epoch   34 | Train e:  87.25, T l:  0.3214 | Val e:  90.37 , Val l: 0.5172 | Test e:  63.59 
| Epoch   35 | Train e:  87.93, T l:  0.3219 | Val e:  90.11 , Val l: 0.5827 | Test e:  63.51 
| Epoch   36 | Train e:  88.16, T l:  0.3029 | Val e:  90.13 , Val l: 0.5718 | Test e:  63.46 
| Epoch   37 | Train e:  88.76, T l:  0.3009 | Val e:  90.14 , Val l: 0.5533 | Test e:  63.63 
| Epoch   38 | Train e:  88.97, T l:  0.3062 | Val e:  90.32 , Val l: 0.5625 | Test e:  63.26 
| Epoch   39 | Train e:  89.32, T l:  0.2980 | Val e:  90.34 , Val l: 0.4608 | Test e:  63.10 
| Epoch   40 | Train e:  89.48, T l:  0.3011 | Val e:  90.58 , Val l: 0.4663 | Test e:  63.35 
| Epoch   41 | Train e:  89.86, T l:  0.2921 | Val e:  90.50 , Val l: 0.7871 | Test e:  63.73 
| Epoch   42 | Train e:  89.81, T l:  0.2996 | Val e:  90.82 , Val l: 0.6162 | Test e:  62.93 
| Epoch   43 | Train e:  89.43, T l:  0.2894 | Val e:  90.61 , Val l: 0.4771 | Test e:  62.31 
| Epoch   44 | Train e:  89.91, T l:  0.2968 | Val e:  90.12 , Val l: 0.4823 | Test e:  63.16 
| Epoch   45 | Train e:  89.99, T l:  0.2832 | Val e:  90.87 , Val l: 0.4571 | Test e:  62.43 
| Epoch   46 | Train e:  90.25, T l:  0.2896 | Val e:  90.81 , Val l: 0.4260 | Test e:  62.94 
| Epoch   47 | Train e:  90.17, T l:  0.2735 | Val e:  91.11 , Val l: 0.4483 | Test e:  62.29 
| Epoch   48 | Train e:  90.85, T l:  0.2720 | Val e:  90.75 , Val l: 0.6452 | Test e:  63.98 
| Epoch   49 | Train e:  90.88, T l:  0.2688 | Val e:  90.86 , Val l: 0.5064 | Test e:  63.02 
| Epoch   50 | Train e:  91.31, T l:  0.2778 | Val e:  90.96 , Val l: 0.7692 | Test e:  64.76 
| Epoch   51 | Train e:  91.21, T l:  0.2794 | Val e:  91.36 , Val l: 0.6066 | Test e:  64.49 
| Epoch   52 | Train e:  91.34, T l:  0.2787 | Val e:  91.51 , Val l: 0.4749 | Test e:  63.72 
| Epoch   53 | Train e:  91.67, T l:  0.2663 | Val e:  91.02 , Val l: 0.7373 | Test e:  64.96 
| Epoch   54 | Train e:  91.50, T l:  0.2594 | Val e:  90.94 , Val l: 0.4446 | Test e:  62.70 
| Epoch   55 | Train e:  91.96, T l:  0.2652 | Val e:  91.12 , Val l: 0.4670 | Test e:  64.26 
| Epoch   56 | Train e:  91.84, T l:  0.2515 | Val e:  90.55 , Val l: 0.4678 | Test e:  64.23 
| Epoch   57 | Train e:  91.83, T l:  0.2576 | Val e:  91.53 , Val l: 0.4022 | Test e:  63.18 
| Epoch   58 | Train e:  92.37, T l:  0.2629 | Val e:  91.10 , Val l: 0.4706 | Test e:  64.11 
| Epoch   59 | Train e:  92.06, T l:  0.2556 | Val e:  91.43 , Val l: 0.4092 | Test e:  63.49 
| Epoch   60 | Train e:  92.43, T l:  0.2499 | Val e:  91.37 , Val l: 0.4890 | Test e:  64.77 
| Epoch   61 | Train e:  92.46, T l:  0.2561 | Val e:  91.38 , Val l: 0.4466 | Test e:  64.40 
| Epoch   62 | Train e:  92.84, T l:  0.2502 | Val e:  91.06 , Val l: 0.4726 | Test e:  64.39 
| Epoch   63 | Train e:  93.05, T l:  0.2494 | Val e:  91.05 , Val l: 0.5681 | Test e:  65.61 
| Epoch   64 | Train e:  93.05, T l:  0.2394 | Val e:  91.49 , Val l: 0.4658 | Test e:  65.28 
| Epoch   65 | Train e:  93.25, T l:  0.2404 | Val e:  91.03 , Val l: 0.4738 | Test e:  65.29 
| Epoch   66 | Train e:  93.36, T l:  0.2508 | Val e:  90.57 , Val l: 0.5366 | Test e:  66.32 
| Epoch   67 | Train e:  93.65, T l:  0.2376 | Val e:  91.22 , Val l: 0.5947 | Test e:  66.25 
| Epoch   68 | Train e:  93.62, T l:  0.2515 | Val e:  91.32 , Val l: 0.5883 | Test e:  66.81 
| Epoch   69 | Train e:  93.79, T l:  0.2402 | Val e:  91.31 , Val l: 0.5038 | Test e:  66.50 
| Epoch   70 | Train e:  93.78, T l:  0.2319 | Val e:  91.57 , Val l: 0.4491 | Test e:  65.39 
| Epoch   71 | Train e:  93.94, T l:  0.2330 | Val e:  91.29 , Val l: 0.5529 | Test e:  66.94 
| Epoch   72 | Train e:  94.16, T l:  0.2322 | Val e:  91.68 , Val l: 0.5150 | Test e:  66.78 
| Epoch   73 | Train e:  93.69, T l:  0.2333 | Val e:  91.34 , Val l: 0.4285 | Test e:  64.92 
| Epoch   74 | Train e:  94.38, T l:  0.2363 | Val e:  91.70 , Val l: 0.4530 | Test e:  66.65 
| Epoch   75 | Train e:  94.38, T l:  0.2201 | Val e:  91.62 , Val l: 0.5345 | Test e:  67.54 
| Epoch   76 | Train e:  94.14, T l:  0.2326 | Val e:  92.02 , Val l: 0.4115 | Test e:  65.97 
| Epoch   77 | Train e:  93.86, T l:  0.2410 | Val e:  91.71 , Val l: 0.4464 | Test e:  65.63 
| Epoch   78 | Train e:  94.00, T l:  0.2395 | Val e:  91.73 , Val l: 0.4170 | Test e:  65.65 
| Epoch   79 | Train e:  94.39, T l:  0.2327 | Val e:  91.36 , Val l: 0.4352 | Test e:  66.75 
| Epoch   80 | Train e:  94.18, T l:  0.2329 | Val e:  91.22 , Val l: 0.5822 | Test e:  66.95 
| Epoch   81 | Train e:  94.73, T l:  0.2302 | Val e:  91.58 , Val l: 0.4653 | Test e:  67.42 
| Epoch   82 | Train e:  94.70, T l:  0.2168 | Val e:  91.75 , Val l: 0.4933 | Test e:  67.43 
| Epoch   83 | Train e:  94.79, T l:  0.2162 | Val e:  91.89 , Val l: 0.4565 | Test e:  67.57 
| Epoch   84 | Train e:  94.92, T l:  0.2191 | Val e:  91.68 , Val l: 0.5958 | Test e:  68.26 
| Epoch   85 | Train e:  95.03, T l:  0.2244 | Val e:  91.65 , Val l: 0.5285 | Test e:  68.59 
| Epoch   86 | Train e:  95.03, T l:  0.2142 | Val e:  91.44 , Val l: 0.4385 | Test e:  67.92 
| Epoch   87 | Train e:  95.15, T l:  0.2270 | Val e:  91.61 , Val l: 0.4195 | Test e:  68.49 
| Epoch   88 | Train e:  95.26, T l:  0.2136 | Val e:  91.67 , Val l: 0.4562 | Test e:  68.63 
| Epoch   89 | Train e:  95.29, T l:  0.2113 | Val e:  91.16 , Val l: 0.4990 | Test e:  68.07 
| Epoch   90 | Train e:  95.38, T l:  0.2166 | Val e:  91.23 , Val l: 0.4521 | Test e:  67.69 
| Epoch   91 | Train e:  95.40, T l:  0.2108 | Val e:  91.49 , Val l: 0.4432 | Test e:  68.08 
| Epoch   92 | Train e:  95.29, T l:  0.2076 | Val e:  91.88 , Val l: 0.4796 | Test e:  68.56 
| Epoch   93 | Train e:  95.38, T l:  0.2078 | Val e:  91.78 , Val l: 0.4282 | Test e:  68.07 
| Epoch   94 | Train e:  95.57, T l:  0.2076 | Val e:  91.55 , Val l: 0.4583 | Test e:  68.18 
| Epoch   95 | Train e:  95.51, T l:  0.2027 | Val e:  91.78 , Val l: 0.5055 | Test e:  68.31 
| Epoch   96 | Train e:  95.67, T l:  0.2084 | Val e:  91.46 , Val l: 0.4513 | Test e:  67.36 
| Epoch   97 | Train e:  95.35, T l:  0.2225 | Val e:  92.02 , Val l: 0.4036 | Test e:  67.57 
| Epoch   98 | Train e:  95.53, T l:  0.2205 | Val e:  92.14 , Val l: 0.4383 | Test e:  68.29 
| Epoch   99 | Train e:  95.62, T l:  0.2016 | Val e:  91.64 , Val l: 0.4408 | Test e:  67.80 
| Epoch  100 | Train e:  95.66, T l:  0.1989 | Val e:  92.02 , Val l: 0.4508 | Test e:  68.11 
| Epoch  101 | Train e:  95.77, T l:  0.1983 | Val e:  92.00 , Val l: 0.4487 | Test e:  68.00 
| Epoch  102 | Train e:  95.68, T l:  0.2018 | Val e:  91.80 , Val l: 0.4606 | Test e:  68.52 
| Epoch  103 | Train e:  95.65, T l:  0.2171 | Val e:  91.45 , Val l: 0.5479 | Test e:  68.49 
| Epoch  104 | Train e:  94.91, T l:  0.2100 | Val e:  92.57 , Val l: 0.4060 | Test e:  67.69 
| Epoch  105 | Train e:  95.64, T l:  0.2077 | Val e:  91.24 , Val l: 0.6002 | Test e:  68.56 
| Epoch  106 | Train e:  95.92, T l:  0.2013 | Val e:  91.69 , Val l: 0.4478 | Test e:  68.54 
| Epoch  107 | Train e:  95.85, T l:  0.2009 | Val e:  92.26 , Val l: 0.4380 | Test e:  68.88 
| Epoch  108 | Train e:  95.98, T l:  0.2002 | Val e:  91.53 , Val l: 0.4807 | Test e:  68.82 
| Epoch  109 | Train e:  95.10, T l:  0.2005 | Val e:  92.04 , Val l: 0.4318 | Test e:  67.24 
| Epoch  110 | Train e:  96.08, T l:  0.2076 | Val e:  91.42 , Val l: 0.4903 | Test e:  68.84 
| Epoch  111 | Train e:  96.03, T l:  0.1920 | Val e:  91.27 , Val l: 0.6014 | Test e:  69.13 
| Epoch  112 | Train e:  96.13, T l:  0.2031 | Val e:  91.53 , Val l: 0.5424 | Test e:  69.62 
| Epoch  113 | Train e:  95.77, T l:  0.2112 | Val e:  92.32 , Val l: 0.4787 | Test e:  70.06 
| Epoch  114 | Train e:  96.18, T l:  0.2002 | Val e:  92.02 , Val l: 0.4698 | Test e:  68.78 
| Epoch  115 | Train e:  96.21, T l:  0.1968 | Val e:  91.97 , Val l: 0.4463 | Test e:  69.30 
| Epoch  116 | Train e:  96.31, T l:  0.1980 | Val e:  92.20 , Val l: 0.4655 | Test e:  69.43 
| Epoch  117 | Train e:  96.38, T l:  0.2045 | Val e:  92.19 , Val l: 0.4742 | Test e:  69.53 
| Epoch  118 | Train e:  96.29, T l:  0.1997 | Val e:  92.04 , Val l: 0.4233 | Test e:  68.90 
| Epoch  119 | Train e:  96.44, T l:  0.1988 | Val e:  91.77 , Val l: 0.5344 | Test e:  70.01 
| Epoch  120 | Train e:  96.31, T l:  0.1928 | Val e:  91.91 , Val l: 0.4499 | Test e:  69.26 
| Epoch  121 | Train e:  96.35, T l:  0.1847 | Val e:  91.84 , Val l: 0.4771 | Test e:  68.70 
| Epoch  122 | Train e:  96.45, T l:  0.2010 | Val e:  92.15 , Val l: 0.4574 | Test e:  69.91 
| Epoch  123 | Train e:  96.45, T l:  0.1937 | Val e:  91.85 , Val l: 0.5301 | Test e:  69.85 
| Epoch  124 | Train e:  96.44, T l:  0.2011 | Val e:  91.56 , Val l: 0.4502 | Test e:  68.76 
| Epoch  125 | Train e:  96.37, T l:  0.1823 | Val e:  92.16 , Val l: 0.4259 | Test e:  68.70 
| Epoch  126 | Train e:  96.45, T l:  0.1938 | Val e:  91.49 , Val l: 0.4832 | Test e:  68.37 
| Epoch  127 | Train e:  96.40, T l:  0.1904 | Val e:  91.90 , Val l: 0.4449 | Test e:  68.97 
| Epoch  128 | Train e:  96.61, T l:  0.1864 | Val e:  91.73 , Val l: 0.5200 | Test e:  69.91 
| Epoch  129 | Train e:  96.59, T l:  0.1902 | Val e:  92.03 , Val l: 0.4966 | Test e:  69.84 
| Epoch  130 | Train e:  96.55, T l:  0.1832 | Val e:  92.00 , Val l: 0.4566 | Test e:  69.30 
| Epoch  131 | Train e:  96.58, T l:  0.1870 | Val e:  91.69 , Val l: 0.5425 | Test e:  69.66 
| Epoch  132 | Train e:  96.57, T l:  0.1878 | Val e:  91.90 , Val l: 0.4638 | Test e:  69.52 
| Epoch  133 | Train e:  96.57, T l:  0.1882 | Val e:  91.52 , Val l: 0.4617 | Test e:  68.92 
| Epoch  134 | Train e:  96.62, T l:  0.1801 | Val e:  91.81 , Val l: 0.4939 | Test e:  69.21 
| Epoch  135 | Train e:  96.53, T l:  0.1877 | Val e:  91.85 , Val l: 0.4783 | Test e:  69.40 
| Epoch  136 | Train e:  96.65, T l:  0.1845 | Val e:  91.80 , Val l: 0.4589 | Test e:  69.07 
| Epoch  137 | Train e:  96.55, T l:  0.1874 | Val e:  92.25 , Val l: 0.4195 | Test e:  69.31 
| Epoch  138 | Train e:  96.78, T l:  0.1788 | Val e:  91.79 , Val l: 0.4912 | Test e:  69.67 
| Epoch  139 | Train e:  96.81, T l:  0.1809 | Val e:  91.74 , Val l: 0.4998 | Test e:  69.84 
| Epoch  140 | Train e:  96.69, T l:  0.1793 | Val e:  91.99 , Val l: 0.4356 | Test e:  69.14 
| Epoch  141 | Train e:  96.69, T l:  0.1735 | Val e:  91.99 , Val l: 0.4345 | Test e:  69.01 
| Epoch  142 | Train e:  96.76, T l:  0.1804 | Val e:  91.75 , Val l: 0.5242 | Test e:  70.41 
| Epoch  143 | Train e:  96.84, T l:  0.1765 | Val e:  91.71 , Val l: 0.5137 | Test e:  69.72 
| Epoch  144 | Train e:  96.86, T l:  0.1802 | Val e:  91.85 , Val l: 0.4994 | Test e:  69.87 
| Epoch  145 | Train e:  96.92, T l:  0.1917 | Val e:  91.86 , Val l: 0.4519 | Test e:  69.38 
| Epoch  146 | Train e:  96.91, T l:  0.1778 | Val e:  91.83 , Val l: 0.4754 | Test e:  69.18 
| Epoch  147 | Train e:  96.67, T l:  0.1701 | Val e:  92.13 , Val l: 0.4303 | Test e:  69.26 
| Epoch  148 | Train e:  96.98, T l:  0.1739 | Val e:  91.81 , Val l: 0.4975 | Test e:  69.39 
| Epoch  149 | Train e:  96.89, T l:  0.1785 | Val e:  91.83 , Val l: 0.4910 | Test e:  69.94 
| Epoch  150 | Train e:  97.02, T l:  0.1772 | Val e:  91.75 , Val l: 0.5064 | Test e:  69.94 
| Epoch  151 | Train e:  96.98, T l:  0.1761 | Val e:  91.86 , Val l: 0.4816 | Test e:  69.73 
| Epoch  152 | Train e:  96.97, T l:  0.1814 | Val e:  91.90 , Val l: 0.5674 | Test e:  69.76 
| Epoch  153 | Train e:  96.99, T l:  0.1849 | Val e:  91.84 , Val l: 0.4904 | Test e:  70.04 
| Epoch  154 | Train e:  97.01, T l:  0.1729 | Val e:  91.89 , Val l: 0.4870 | Test e:  69.94 
| Epoch  155 | Train e:  97.01, T l:  0.1811 | Val e:  91.82 , Val l: 0.4755 | Test e:  69.26 
| Epoch  156 | Train e:  96.99, T l:  0.1828 | Val e:  91.79 , Val l: 0.5880 | Test e:  70.03 
| Epoch  157 | Train e:  97.01, T l:  0.1826 | Val e:  91.70 , Val l: 0.4965 | Test e:  69.19 
| Epoch  158 | Train e:  96.95, T l:  0.1804 | Val e:  92.00 , Val l: 0.4597 | Test e:  69.44 
| Epoch  159 | Train e:  96.97, T l:  0.1738 | Val e:  91.78 , Val l: 0.4908 | Test e:  69.15 
| Epoch  160 | Train e:  97.10, T l:  0.1750 | Val e:  91.95 , Val l: 0.4661 | Test e:  69.08 
| Epoch  161 | Train e:  97.07, T l:  0.1737 | Val e:  91.76 , Val l: 0.4998 | Test e:  69.58 
| Epoch  162 | Train e:  97.05, T l:  0.1754 | Val e:  91.78 , Val l: 0.4806 | Test e:  69.20 
| Epoch  163 | Train e:  96.99, T l:  0.1751 | Val e:  91.94 , Val l: 0.4474 | Test e:  69.28 
| Epoch  164 | Train e:  97.07, T l:  0.1752 | Val e:  91.89 , Val l: 0.4752 | Test e:  69.14 
| Epoch  165 | Train e:  97.03, T l:  0.1731 | Val e:  92.07 , Val l: 0.4542 | Test e:  69.16 
| Epoch  166 | Train e:  97.02, T l:  0.1649 | Val e:  92.00 , Val l: 0.4693 | Test e:  69.57 
| Epoch  167 | Train e:  97.06, T l:  0.1662 | Val e:  91.88 , Val l: 0.4795 | Test e:  69.63 
| Epoch  168 | Train e:  97.01, T l:  0.1756 | Val e:  92.05 , Val l: 0.5157 | Test e:  70.22 
| Epoch  169 | Train e:  97.08, T l:  0.1756 | Val e:  91.86 , Val l: 0.4914 | Test e:  69.78 
| Epoch  170 | Train e:  97.11, T l:  0.1665 | Val e:  92.12 , Val l: 0.4546 | Test e:  69.68 
| Epoch  171 | Train e:  97.12, T l:  0.1664 | Val e:  92.04 , Val l: 0.4676 | Test e:  69.63 
| Epoch  172 | Train e:  97.13, T l:  0.1768 | Val e:  92.05 , Val l: 0.4467 | Test e:  69.31 
| Epoch  173 | Train e:  97.08, T l:  0.1655 | Val e:  92.18 , Val l: 0.4393 | Test e:  69.66 
| Epoch  174 | Train e:  97.11, T l:  0.1644 | Val e:  92.07 , Val l: 0.4583 | Test e:  69.38 
| Epoch  175 | Train e:  97.19, T l:  0.1775 | Val e:  91.97 , Val l: 0.5038 | Test e:  69.82 
| Epoch  176 | Train e:  97.19, T l:  0.1703 | Val e:  91.95 , Val l: 0.4836 | Test e:  69.79 
| Epoch  177 | Train e:  97.20, T l:  0.1750 | Val e:  91.86 , Val l: 0.5135 | Test e:  69.97 
| Epoch  178 | Train e:  97.20, T l:  0.1766 | Val e:  92.00 , Val l: 0.5190 | Test e:  70.23 
| Epoch  179 | Train e:  97.24, T l:  0.1767 | Val e:  92.01 , Val l: 0.4866 | Test e:  69.97 
| Epoch  180 | Train e:  97.20, T l:  0.1726 | Val e:  92.02 , Val l: 0.4762 | Test e:  69.51 
| Epoch  181 | Train e:  97.22, T l:  0.1637 | Val e:  91.99 , Val l: 0.4688 | Test e:  69.46 
| Epoch  182 | Train e:  97.23, T l:  0.1712 | Val e:  91.92 , Val l: 0.4873 | Test e:  69.56 
| Epoch  183 | Train e:  97.20, T l:  0.1649 | Val e:  91.92 , Val l: 0.4760 | Test e:  69.70 
| Epoch  184 | Train e:  97.22, T l:  0.1721 | Val e:  91.91 , Val l: 0.4947 | Test e:  69.81 
| Epoch  185 | Train e:  97.20, T l:  0.1645 | Val e:  91.88 , Val l: 0.4724 | Test e:  69.54 
| Epoch  186 | Train e:  97.24, T l:  0.1613 | Val e:  91.92 , Val l: 0.4930 | Test e:  69.63 
| Epoch  187 | Train e:  97.24, T l:  0.1677 | Val e:  91.99 , Val l: 0.4866 | Test e:  69.61 
| Epoch  188 | Train e:  97.22, T l:  0.1654 | Val e:  92.01 , Val l: 0.4603 | Test e:  69.61 
| Epoch  189 | Train e:  97.22, T l:  0.1720 | Val e:  91.96 , Val l: 0.4772 | Test e:  69.68 
| Epoch  190 | Train e:  97.27, T l:  0.1621 | Val e:  91.95 , Val l: 0.4903 | Test e:  69.73 
| Epoch  191 | Train e:  97.28, T l:  0.1681 | Val e:  91.91 , Val l: 0.4931 | Test e:  69.69 
| Epoch  192 | Train e:  97.28, T l:  0.1727 | Val e:  91.99 , Val l: 0.4811 | Test e:  69.79 
| Epoch  193 | Train e:  97.30, T l:  0.1638 | Val e:  91.95 , Val l: 0.4926 | Test e:  69.77 
| Epoch  194 | Train e:  97.30, T l:  0.1644 | Val e:  91.94 , Val l: 0.4958 | Test e:  69.73 
| Epoch  195 | Train e:  97.28, T l:  0.1694 | Val e:  92.02 , Val l: 0.4773 | Test e:  69.54 
| Epoch  196 | Train e:  97.29, T l:  0.1599 | Val e:  92.02 , Val l: 0.4852 | Test e:  69.53 
| Epoch  197 | Train e:  97.29, T l:  0.1700 | Val e:  91.94 , Val l: 0.4877 | Test e:  69.55 
| Epoch  198 | Train e:  97.28, T l:  0.1599 | Val e:  91.97 , Val l: 0.4821 | Test e:  69.51 
| Epoch  199 | Train e:  97.29, T l:  0.1641 | Val e:  91.97 , Val l: 0.4827 | Test e:  69.51 
