

===============================================
2022-07-17 00:10:42

main.py --batch-size 64 --lr 0.0001 --warmup 50 --scheduler-type linear --seeds 12138 --device 0

None

dataset: ogbg-molbbbp
use_node_attr: False
pre_transform: None
transform: None
clean_cache: False
use_public_splits: True
use_val: True
use_val_loss: True
same_best_epoch: False
early_stop: False
scheduler_type: linear
epochs: 200
warmup: 50
batch_size: 64
lr: 0.0001
weight_decay: 0.0001
seeds: 12138
save_state: False



| Epoch    1 | Train e:  36.68, T l:  1.2681 | Val e:  46.13 , Val l: 0.8861 | Test e:  45.68 
| Epoch    2 | Train e:  37.70, T l:  1.0979 | Val e:  48.87 , Val l: 0.7436 | Test e:  45.09 
| Epoch    3 | Train e:  36.95, T l:  0.8245 | Val e:  52.31 , Val l: 0.6867 | Test e:  44.41 
| Epoch    4 | Train e:  38.78, T l:  0.6046 | Val e:  55.44 , Val l: 0.8791 | Test e:  44.58 
| Epoch    5 | Train e:  38.84, T l:  0.4935 | Val e:  58.01 , Val l: 1.1681 | Test e:  44.79 
| Epoch    6 | Train e:  37.20, T l:  0.4678 | Val e:  59.60 , Val l: 1.3622 | Test e:  45.59 
| Epoch    7 | Train e:  38.93, T l:  0.4611 | Val e:  61.20 , Val l: 1.4236 | Test e:  46.25 
| Epoch    8 | Train e:  43.30, T l:  0.4566 | Val e:  63.06 , Val l: 1.4251 | Test e:  47.54 
| Epoch    9 | Train e:  45.19, T l:  0.4497 | Val e:  65.45 , Val l: 1.4572 | Test e:  49.37 
| Epoch   10 | Train e:  49.44, T l:  0.4491 | Val e:  69.28 , Val l: 1.4713 | Test e:  51.96 
| Epoch   11 | Train e:  56.11, T l:  0.4433 | Val e:  69.82 , Val l: 1.4693 | Test e:  54.78 
| Epoch   12 | Train e:  62.22, T l:  0.4385 | Val e:  72.32 , Val l: 1.5256 | Test e:  56.55 
| Epoch   13 | Train e:  67.53, T l:  0.4386 | Val e:  73.93 , Val l: 1.5166 | Test e:  59.35 
| Epoch   14 | Train e:  69.76, T l:  0.4334 | Val e:  73.15 , Val l: 1.5112 | Test e:  61.02 
| Epoch   15 | Train e:  72.21, T l:  0.4226 | Val e:  72.72 , Val l: 1.5173 | Test e:  61.60 
| Epoch   16 | Train e:  72.44, T l:  0.4248 | Val e:  72.06 , Val l: 1.5541 | Test e:  62.45 
| Epoch   17 | Train e:  74.33, T l:  0.4180 | Val e:  72.79 , Val l: 1.5588 | Test e:  63.33 
| Epoch   18 | Train e:  74.33, T l:  0.4129 | Val e:  74.50 , Val l: 1.6843 | Test e:  64.29 
| Epoch   19 | Train e:  76.88, T l:  0.4062 | Val e:  75.40 , Val l: 1.6254 | Test e:  64.28 
| Epoch   20 | Train e:  78.62, T l:  0.3925 | Val e:  76.73 , Val l: 1.4858 | Test e:  64.37 
| Epoch   21 | Train e:  78.73, T l:  0.3901 | Val e:  78.50 , Val l: 1.4370 | Test e:  64.94 
| Epoch   22 | Train e:  80.39, T l:  0.3804 | Val e:  79.90 , Val l: 1.5392 | Test e:  64.75 
| Epoch   23 | Train e:  81.95, T l:  0.3677 | Val e:  81.94 , Val l: 1.7754 | Test e:  65.17 
| Epoch   24 | Train e:  83.22, T l:  0.3582 | Val e:  83.64 , Val l: 1.4971 | Test e:  65.00 
| Epoch   25 | Train e:  83.84, T l:  0.3527 | Val e:  84.32 , Val l: 1.2665 | Test e:  64.96 
| Epoch   26 | Train e:  84.48, T l:  0.3335 | Val e:  85.84 , Val l: 1.1983 | Test e:  65.07 
| Epoch   27 | Train e:  84.64, T l:  0.3320 | Val e:  85.99 , Val l: 0.8710 | Test e:  65.10 
| Epoch   28 | Train e:  85.88, T l:  0.3213 | Val e:  87.09 , Val l: 1.0509 | Test e:  65.11 
| Epoch   29 | Train e:  86.36, T l:  0.3132 | Val e:  87.85 , Val l: 1.1237 | Test e:  65.15 
| Epoch   30 | Train e:  87.27, T l:  0.3149 | Val e:  87.45 , Val l: 1.1345 | Test e:  64.97 
| Epoch   31 | Train e:  87.56, T l:  0.3057 | Val e:  88.25 , Val l: 1.3620 | Test e:  64.20 
| Epoch   32 | Train e:  87.79, T l:  0.3036 | Val e:  87.79 , Val l: 0.8597 | Test e:  64.50 
| Epoch   33 | Train e:  88.63, T l:  0.3036 | Val e:  88.12 , Val l: 1.0396 | Test e:  63.99 
| Epoch   34 | Train e:  88.52, T l:  0.3089 | Val e:  87.49 , Val l: 0.6531 | Test e:  64.45 
| Epoch   35 | Train e:  88.98, T l:  0.3059 | Val e:  88.43 , Val l: 0.9850 | Test e:  64.31 
| Epoch   36 | Train e:  89.09, T l:  0.2935 | Val e:  88.88 , Val l: 0.9955 | Test e:  63.72 
| Epoch   37 | Train e:  89.52, T l:  0.2889 | Val e:  87.39 , Val l: 0.6945 | Test e:  63.92 
| Epoch   38 | Train e:  89.74, T l:  0.2894 | Val e:  87.45 , Val l: 0.8238 | Test e:  64.31 
| Epoch   39 | Train e:  90.36, T l:  0.2818 | Val e:  88.05 , Val l: 0.9695 | Test e:  64.02 
| Epoch   40 | Train e:  90.13, T l:  0.2860 | Val e:  88.12 , Val l: 0.6663 | Test e:  64.26 
| Epoch   41 | Train e:  89.93, T l:  0.2996 | Val e:  89.30 , Val l: 1.0811 | Test e:  63.51 
| Epoch   42 | Train e:  90.84, T l:  0.2692 | Val e:  87.85 , Val l: 1.2026 | Test e:  64.67 
| Epoch   43 | Train e:  90.76, T l:  0.2770 | Val e:  87.78 , Val l: 1.5389 | Test e:  63.87 
| Epoch   44 | Train e:  90.94, T l:  0.2747 | Val e:  88.71 , Val l: 1.2362 | Test e:  64.09 
| Epoch   45 | Train e:  91.28, T l:  0.2630 | Val e:  88.72 , Val l: 1.0337 | Test e:  64.76 
| Epoch   46 | Train e:  91.50, T l:  0.2669 | Val e:  88.94 , Val l: 0.8861 | Test e:  64.84 
| Epoch   47 | Train e:  91.85, T l:  0.2637 | Val e:  87.83 , Val l: 0.6725 | Test e:  65.43 
| Epoch   48 | Train e:  92.06, T l:  0.2597 | Val e:  89.49 , Val l: 0.7849 | Test e:  65.08 
| Epoch   49 | Train e:  91.88, T l:  0.2695 | Val e:  87.44 , Val l: 1.6419 | Test e:  65.33 
| Epoch   50 | Train e:  92.44, T l:  0.2607 | Val e:  89.74 , Val l: 1.1838 | Test e:  64.95 
| Epoch   51 | Train e:  92.83, T l:  0.2552 | Val e:  89.08 , Val l: 1.2016 | Test e:  66.08 
| Epoch   52 | Train e:  92.73, T l:  0.2451 | Val e:  88.52 , Val l: 0.8551 | Test e:  66.07 
| Epoch   53 | Train e:  93.39, T l:  0.2730 | Val e:  88.62 , Val l: 1.1410 | Test e:  66.37 
| Epoch   54 | Train e:  92.27, T l:  0.2584 | Val e:  89.71 , Val l: 0.5064 | Test e:  65.96 
| Epoch   55 | Train e:  92.95, T l:  0.2706 | Val e:  87.60 , Val l: 1.1921 | Test e:  67.07 
| Epoch   56 | Train e:  93.23, T l:  0.2557 | Val e:  89.10 , Val l: 1.0087 | Test e:  66.78 
| Epoch   57 | Train e:  93.36, T l:  0.2423 | Val e:  89.66 , Val l: 0.8674 | Test e:  66.56 
| Epoch   58 | Train e:  93.51, T l:  0.2428 | Val e:  90.50 , Val l: 0.6612 | Test e:  66.18 
| Epoch   59 | Train e:  93.69, T l:  0.2464 | Val e:  89.70 , Val l: 0.7960 | Test e:  66.71 
| Epoch   60 | Train e:  93.81, T l:  0.2276 | Val e:  89.99 , Val l: 0.8630 | Test e:  66.89 
| Epoch   61 | Train e:  94.08, T l:  0.2416 | Val e:  88.53 , Val l: 0.9744 | Test e:  67.34 
| Epoch   62 | Train e:  93.87, T l:  0.2403 | Val e:  91.05 , Val l: 0.5248 | Test e:  67.32 
| Epoch   63 | Train e:  93.95, T l:  0.2325 | Val e:  89.89 , Val l: 0.9895 | Test e:  67.35 
| Epoch   64 | Train e:  94.34, T l:  0.2385 | Val e:  90.50 , Val l: 0.7159 | Test e:  67.23 
| Epoch   65 | Train e:  93.50, T l:  0.2289 | Val e:  91.03 , Val l: 0.5734 | Test e:  66.35 
| Epoch   66 | Train e:  94.34, T l:  0.2421 | Val e:  89.41 , Val l: 0.9956 | Test e:  68.19 
| Epoch   67 | Train e:  94.40, T l:  0.2291 | Val e:  89.39 , Val l: 0.8724 | Test e:  67.99 
| Epoch   68 | Train e:  94.55, T l:  0.2159 | Val e:  90.26 , Val l: 0.8263 | Test e:  68.01 
| Epoch   69 | Train e:  94.52, T l:  0.2139 | Val e:  88.01 , Val l: 0.9013 | Test e:  68.15 
| Epoch   70 | Train e:  94.17, T l:  0.2454 | Val e:  91.29 , Val l: 0.5560 | Test e:  67.75 
| Epoch   71 | Train e:  94.68, T l:  0.2196 | Val e:  91.06 , Val l: 0.6718 | Test e:  68.14 
| Epoch   72 | Train e:  94.81, T l:  0.2073 | Val e:  89.61 , Val l: 0.8993 | Test e:  68.38 
| Epoch   73 | Train e:  94.95, T l:  0.2123 | Val e:  90.04 , Val l: 0.8246 | Test e:  68.46 
| Epoch   74 | Train e:  94.84, T l:  0.2110 | Val e:  89.63 , Val l: 1.1531 | Test e:  68.62 
| Epoch   75 | Train e:  94.59, T l:  0.2193 | Val e:  89.12 , Val l: 0.9416 | Test e:  68.75 
| Epoch   76 | Train e:  94.85, T l:  0.2080 | Val e:  89.41 , Val l: 1.1021 | Test e:  68.73 
| Epoch   77 | Train e:  94.94, T l:  0.2118 | Val e:  90.12 , Val l: 0.8588 | Test e:  69.04 
| Epoch   78 | Train e:  95.05, T l:  0.2095 | Val e:  88.16 , Val l: 1.0338 | Test e:  69.30 
| Epoch   79 | Train e:  95.49, T l:  0.2091 | Val e:  90.34 , Val l: 0.8343 | Test e:  69.40 
| Epoch   80 | Train e:  95.30, T l:  0.2039 | Val e:  91.21 , Val l: 0.7270 | Test e:  69.02 
| Epoch   81 | Train e:  95.66, T l:  0.2042 | Val e:  91.51 , Val l: 0.5564 | Test e:  69.20 
| Epoch   82 | Train e:  94.74, T l:  0.2118 | Val e:  86.85 , Val l: 1.3811 | Test e:  68.62 
| Epoch   83 | Train e:  95.35, T l:  0.2153 | Val e:  89.37 , Val l: 0.8560 | Test e:  69.83 
| Epoch   84 | Train e:  95.34, T l:  0.2052 | Val e:  89.79 , Val l: 0.9332 | Test e:  69.73 
| Epoch   85 | Train e:  95.43, T l:  0.2145 | Val e:  87.84 , Val l: 1.1572 | Test e:  69.83 
| Epoch   86 | Train e:  95.36, T l:  0.2145 | Val e:  90.61 , Val l: 0.7121 | Test e:  69.22 
| Epoch   87 | Train e:  95.81, T l:  0.1935 | Val e:  89.55 , Val l: 0.8167 | Test e:  69.89 
| Epoch   88 | Train e:  95.82, T l:  0.1847 | Val e:  86.00 , Val l: 1.5307 | Test e:  68.96 
| Epoch   89 | Train e:  96.03, T l:  0.1911 | Val e:  90.86 , Val l: 0.7210 | Test e:  69.82 
| Epoch   90 | Train e:  95.99, T l:  0.1899 | Val e:  91.22 , Val l: 0.6447 | Test e:  70.12 
| Epoch   91 | Train e:  96.12, T l:  0.1880 | Val e:  90.20 , Val l: 0.8004 | Test e:  70.61 
| Epoch   92 | Train e:  96.04, T l:  0.1891 | Val e:  88.14 , Val l: 1.1277 | Test e:  70.31 
| Epoch   93 | Train e:  96.34, T l:  0.1857 | Val e:  89.16 , Val l: 0.9953 | Test e:  70.41 
| Epoch   94 | Train e:  96.26, T l:  0.1828 | Val e:  90.42 , Val l: 0.6751 | Test e:  70.45 
| Epoch   95 | Train e:  96.34, T l:  0.1864 | Val e:  89.34 , Val l: 0.9223 | Test e:  69.82 
| Epoch   96 | Train e:  96.01, T l:  0.1845 | Val e:  92.17 , Val l: 0.4815 | Test e:  69.29 
| Epoch   97 | Train e:  96.14, T l:  0.1995 | Val e:  89.99 , Val l: 0.9208 | Test e:  70.24 
| Epoch   98 | Train e:  96.26, T l:  0.1778 | Val e:  90.00 , Val l: 0.8158 | Test e:  70.66 
| Epoch   99 | Train e:  96.41, T l:  0.1827 | Val e:  89.03 , Val l: 0.9734 | Test e:  69.83 
| Epoch  100 | Train e:  96.21, T l:  0.1795 | Val e:  86.72 , Val l: 1.3883 | Test e:  69.64 
| Epoch  101 | Train e:  96.42, T l:  0.1842 | Val e:  88.68 , Val l: 1.1295 | Test e:  70.26 
| Epoch  102 | Train e:  96.00, T l:  0.1891 | Val e:  85.86 , Val l: 1.5601 | Test e:  69.99 
| Epoch  103 | Train e:  96.15, T l:  0.1984 | Val e:  91.78 , Val l: 0.6237 | Test e:  69.19 
| Epoch  104 | Train e:  96.50, T l:  0.1956 | Val e:  89.11 , Val l: 0.9584 | Test e:  70.62 
| Epoch  105 | Train e:  96.57, T l:  0.1782 | Val e:  90.32 , Val l: 0.8842 | Test e:  70.33 
| Epoch  106 | Train e:  96.40, T l:  0.1817 | Val e:  91.30 , Val l: 0.6296 | Test e:  70.18 
| Epoch  107 | Train e:  96.54, T l:  0.1742 | Val e:  86.14 , Val l: 1.4127 | Test e:  69.81 
| Epoch  108 | Train e:  96.91, T l:  0.1742 | Val e:  90.04 , Val l: 0.7569 | Test e:  69.95 
| Epoch  109 | Train e:  96.87, T l:  0.1775 | Val e:  89.15 , Val l: 0.9327 | Test e:  69.67 
| Epoch  110 | Train e:  96.82, T l:  0.1609 | Val e:  90.05 , Val l: 0.7165 | Test e:  70.18 
| Epoch  111 | Train e:  96.95, T l:  0.1698 | Val e:  90.20 , Val l: 0.8199 | Test e:  70.28 
| Epoch  112 | Train e:  96.71, T l:  0.1690 | Val e:  88.71 , Val l: 0.8589 | Test e:  70.34 
| Epoch  113 | Train e:  96.95, T l:  0.1729 | Val e:  88.52 , Val l: 1.0374 | Test e:  69.97 
| Epoch  114 | Train e:  96.75, T l:  0.1787 | Val e:  86.24 , Val l: 1.3572 | Test e:  69.51 
| Epoch  115 | Train e:  96.95, T l:  0.1839 | Val e:  88.65 , Val l: 1.1265 | Test e:  69.59 
| Epoch  116 | Train e:  96.95, T l:  0.1746 | Val e:  89.15 , Val l: 1.1082 | Test e:  70.26 
| Epoch  117 | Train e:  96.86, T l:  0.1669 | Val e:  88.34 , Val l: 1.0410 | Test e:  70.36 
| Epoch  118 | Train e:  96.68, T l:  0.1731 | Val e:  85.22 , Val l: 1.8012 | Test e:  70.09 
| Epoch  119 | Train e:  96.95, T l:  0.1765 | Val e:  89.78 , Val l: 0.8718 | Test e:  70.92 
| Epoch  120 | Train e:  96.88, T l:  0.1785 | Val e:  87.32 , Val l: 1.4035 | Test e:  69.98 
| Epoch  121 | Train e:  96.99, T l:  0.1756 | Val e:  89.82 , Val l: 0.8822 | Test e:  70.03 
| Epoch  122 | Train e:  96.99, T l:  0.1778 | Val e:  89.69 , Val l: 0.8906 | Test e:  70.17 
| Epoch  123 | Train e:  97.21, T l:  0.1708 | Val e:  90.67 , Val l: 0.7798 | Test e:  70.28 
| Epoch  124 | Train e:  97.12, T l:  0.1620 | Val e:  89.56 , Val l: 0.8617 | Test e:  70.15 
| Epoch  125 | Train e:  97.30, T l:  0.1691 | Val e:  89.08 , Val l: 0.9586 | Test e:  69.54 
| Epoch  126 | Train e:  97.13, T l:  0.1665 | Val e:  89.75 , Val l: 0.8945 | Test e:  69.67 
| Epoch  127 | Train e:  97.21, T l:  0.1692 | Val e:  88.79 , Val l: 1.0684 | Test e:  68.71 
| Epoch  128 | Train e:  97.25, T l:  0.1621 | Val e:  89.75 , Val l: 0.9374 | Test e:  69.47 
| Epoch  129 | Train e:  97.33, T l:  0.1709 | Val e:  91.40 , Val l: 0.6054 | Test e:  69.67 
| Epoch  130 | Train e:  96.82, T l:  0.1766 | Val e:  88.31 , Val l: 1.3685 | Test e:  68.84 
| Epoch  131 | Train e:  97.21, T l:  0.1682 | Val e:  90.05 , Val l: 0.8306 | Test e:  69.67 
| Epoch  132 | Train e:  96.86, T l:  0.1621 | Val e:  88.26 , Val l: 0.9050 | Test e:  69.39 
| Epoch  133 | Train e:  97.10, T l:  0.1580 | Val e:  90.22 , Val l: 0.7534 | Test e:  69.83 
| Epoch  134 | Train e:  97.38, T l:  0.1611 | Val e:  90.13 , Val l: 0.8576 | Test e:  69.82 
| Epoch  135 | Train e:  97.34, T l:  0.1625 | Val e:  89.32 , Val l: 0.9757 | Test e:  69.26 
| Epoch  136 | Train e:  97.32, T l:  0.1552 | Val e:  90.37 , Val l: 0.7713 | Test e:  70.42 
| Epoch  137 | Train e:  97.24, T l:  0.1550 | Val e:  88.20 , Val l: 1.1411 | Test e:  69.63 
| Epoch  138 | Train e:  97.53, T l:  0.1610 | Val e:  90.73 , Val l: 0.8171 | Test e:  70.16 
| Epoch  139 | Train e:  97.42, T l:  0.1542 | Val e:  89.77 , Val l: 0.9230 | Test e:  69.92 
| Epoch  140 | Train e:  97.21, T l:  0.1573 | Val e:  88.94 , Val l: 1.0083 | Test e:  69.48 
| Epoch  141 | Train e:  97.50, T l:  0.1562 | Val e:  89.69 , Val l: 0.8289 | Test e:  69.66 
| Epoch  142 | Train e:  97.37, T l:  0.1553 | Val e:  88.48 , Val l: 1.1229 | Test e:  69.31 
| Epoch  143 | Train e:  97.37, T l:  0.1554 | Val e:  89.87 , Val l: 0.8378 | Test e:  69.65 
| Epoch  144 | Train e:  97.58, T l:  0.1541 | Val e:  88.60 , Val l: 0.9844 | Test e:  69.64 
| Epoch  145 | Train e:  97.75, T l:  0.1457 | Val e:  90.17 , Val l: 0.7830 | Test e:  69.87 
| Epoch  146 | Train e:  97.51, T l:  0.1607 | Val e:  88.60 , Val l: 0.9609 | Test e:  69.34 
| Epoch  147 | Train e:  97.45, T l:  0.1508 | Val e:  89.56 , Val l: 0.8809 | Test e:  69.90 
| Epoch  148 | Train e:  97.53, T l:  0.1520 | Val e:  89.37 , Val l: 0.9598 | Test e:  69.70 
| Epoch  149 | Train e:  97.51, T l:  0.1510 | Val e:  89.04 , Val l: 1.0992 | Test e:  69.53 
| Epoch  150 | Train e:  97.53, T l:  0.1524 | Val e:  90.30 , Val l: 0.7827 | Test e:  69.92 
| Epoch  151 | Train e:  97.67, T l:  0.1499 | Val e:  89.86 , Val l: 0.8931 | Test e:  69.70 
| Epoch  152 | Train e:  97.77, T l:  0.1517 | Val e:  89.49 , Val l: 0.9929 | Test e:  69.54 
| Epoch  153 | Train e:  97.59, T l:  0.1543 | Val e:  90.52 , Val l: 0.6697 | Test e:  70.22 
| Epoch  154 | Train e:  97.55, T l:  0.1559 | Val e:  88.66 , Val l: 1.0241 | Test e:  69.03 
| Epoch  155 | Train e:  97.64, T l:  0.1548 | Val e:  88.74 , Val l: 1.0691 | Test e:  69.36 
| Epoch  156 | Train e:  97.59, T l:  0.1460 | Val e:  88.68 , Val l: 1.0850 | Test e:  68.95 
| Epoch  157 | Train e:  97.63, T l:  0.1537 | Val e:  88.99 , Val l: 1.0260 | Test e:  68.97 
| Epoch  158 | Train e:  97.71, T l:  0.1477 | Val e:  91.41 , Val l: 0.6659 | Test e:  70.06 
| Epoch  159 | Train e:  97.75, T l:  0.1494 | Val e:  90.17 , Val l: 0.7705 | Test e:  69.79 
| Epoch  160 | Train e:  97.74, T l:  0.1596 | Val e:  90.62 , Val l: 0.7873 | Test e:  69.59 
| Epoch  161 | Train e:  97.80, T l:  0.1577 | Val e:  90.11 , Val l: 0.8726 | Test e:  69.68 
| Epoch  162 | Train e:  97.74, T l:  0.1534 | Val e:  89.74 , Val l: 0.8194 | Test e:  69.63 
| Epoch  163 | Train e:  97.73, T l:  0.1414 | Val e:  88.94 , Val l: 1.3710 | Test e:  68.61 
| Epoch  164 | Train e:  97.69, T l:  0.1455 | Val e:  89.47 , Val l: 1.0258 | Test e:  69.58 
| Epoch  165 | Train e:  97.86, T l:  0.1469 | Val e:  91.30 , Val l: 0.6595 | Test e:  70.33 
| Epoch  166 | Train e:  97.72, T l:  0.1517 | Val e:  89.76 , Val l: 0.8781 | Test e:  69.57 
| Epoch  167 | Train e:  97.60, T l:  0.1480 | Val e:  91.95 , Val l: 0.5630 | Test e:  70.11 
| Epoch  168 | Train e:  97.83, T l:  0.1498 | Val e:  91.44 , Val l: 0.6822 | Test e:  70.33 
| Epoch  169 | Train e:  97.79, T l:  0.1383 | Val e:  90.37 , Val l: 0.8017 | Test e:  70.12 
| Epoch  170 | Train e:  97.88, T l:  0.1430 | Val e:  89.53 , Val l: 0.9788 | Test e:  69.79 
| Epoch  171 | Train e:  97.91, T l:  0.1442 | Val e:  89.50 , Val l: 0.9218 | Test e:  69.87 
| Epoch  172 | Train e:  97.98, T l:  0.1401 | Val e:  90.36 , Val l: 0.7433 | Test e:  69.93 
| Epoch  173 | Train e:  98.00, T l:  0.1444 | Val e:  90.41 , Val l: 0.8357 | Test e:  69.81 
| Epoch  174 | Train e:  98.04, T l:  0.1418 | Val e:  89.51 , Val l: 1.0480 | Test e:  69.63 
| Epoch  175 | Train e:  97.95, T l:  0.1445 | Val e:  89.65 , Val l: 0.9313 | Test e:  69.96 
| Epoch  176 | Train e:  98.00, T l:  0.1445 | Val e:  89.53 , Val l: 0.9455 | Test e:  69.83 
| Epoch  177 | Train e:  98.02, T l:  0.1372 | Val e:  90.15 , Val l: 0.8703 | Test e:  69.82 
| Epoch  178 | Train e:  97.97, T l:  0.1428 | Val e:  90.01 , Val l: 0.8067 | Test e:  69.90 
| Epoch  179 | Train e:  98.07, T l:  0.1497 | Val e:  89.49 , Val l: 0.9024 | Test e:  69.75 
| Epoch  180 | Train e:  98.00, T l:  0.1427 | Val e:  89.66 , Val l: 0.9531 | Test e:  69.58 
| Epoch  181 | Train e:  98.06, T l:  0.1362 | Val e:  90.66 , Val l: 0.7595 | Test e:  70.01 
| Epoch  182 | Train e:  98.01, T l:  0.1430 | Val e:  89.55 , Val l: 0.9380 | Test e:  69.25 
| Epoch  183 | Train e:  97.80, T l:  0.1451 | Val e:  88.65 , Val l: 1.0589 | Test e:  69.14 
| Epoch  184 | Train e:  98.02, T l:  0.1456 | Val e:  89.54 , Val l: 0.9099 | Test e:  69.46 
| Epoch  185 | Train e:  97.86, T l:  0.1385 | Val e:  89.74 , Val l: 0.8680 | Test e:  69.63 
| Epoch  186 | Train e:  97.98, T l:  0.1421 | Val e:  89.69 , Val l: 0.9115 | Test e:  69.50 
| Epoch  187 | Train e:  98.09, T l:  0.1318 | Val e:  89.88 , Val l: 0.9001 | Test e:  69.63 
| Epoch  188 | Train e:  98.05, T l:  0.1311 | Val e:  89.72 , Val l: 0.8995 | Test e:  69.58 
| Epoch  189 | Train e:  98.03, T l:  0.1443 | Val e:  89.57 , Val l: 1.0056 | Test e:  69.30 
| Epoch  190 | Train e:  98.03, T l:  0.1390 | Val e:  90.42 , Val l: 0.8237 | Test e:  69.78 
| Epoch  191 | Train e:  98.05, T l:  0.1357 | Val e:  90.12 , Val l: 0.8704 | Test e:  69.71 
| Epoch  192 | Train e:  98.17, T l:  0.1400 | Val e:  89.97 , Val l: 0.8868 | Test e:  69.63 
| Epoch  193 | Train e:  98.04, T l:  0.1345 | Val e:  89.57 , Val l: 0.9622 | Test e:  69.48 
| Epoch  194 | Train e:  98.14, T l:  0.1346 | Val e:  89.92 , Val l: 0.8869 | Test e:  69.52 
| Epoch  195 | Train e:  98.14, T l:  0.1370 | Val e:  90.07 , Val l: 0.8971 | Test e:  69.55 
| Epoch  196 | Train e:  98.20, T l:  0.1237 | Val e:  90.04 , Val l: 0.9199 | Test e:  69.53 
| Epoch  197 | Train e:  98.03, T l:  0.1415 | Val e:  90.01 , Val l: 0.9055 | Test e:  69.61 
| Epoch  198 | Train e:  97.96, T l:  0.1456 | Val e:  90.09 , Val l: 0.8846 | Test e:  69.63 
| Epoch  199 | Train e:  97.98, T l:  0.1336 | Val e:  90.02 , Val l: 0.9194 | Test e:  69.58 
| Epoch  200 | Train e:  98.10, T l:  0.1377 | Val e:  90.02 , Val l: 0.9075 | Test e:  69.62 
