

===============================================
2022-12-24 16:56:34

main_parallel.py --batch-size 64 --lr 0.0001 --warmup 50 --scheduler-type linear --seeds 314159 --device 5

None

dataset: ogbg-molbbbp
use_node_attr: False
pre_transform: None
transform: None
clean_cache: False
use_public_splits: True
use_val: True
use_val_loss: True
same_best_epoch: False
early_stop: False
scheduler_type: linear
epochs: 200
warmup: 50
batch_size: 64
lr: 0.0001
weight_decay: 0.0001
seeds: 314159
save_state: False
transformer_dropout: 0.1



| Epoch    0 | Train e:  51.02, T l:  0.8844 | Val e:  46.14 , Val l: 0.7941 | Test e:  47.97 
| Epoch    1 | Train e:  50.45, T l:  0.6909 | Val e:  47.53 , Val l: 0.9203 | Test e:  47.37 
| Epoch    2 | Train e:  50.22, T l:  0.5289 | Val e:  48.23 , Val l: 1.2004 | Test e:  46.96 
| Epoch    3 | Train e:  50.64, T l:  0.4826 | Val e:  49.03 , Val l: 1.3890 | Test e:  47.01 
| Epoch    4 | Train e:  52.08, T l:  0.4803 | Val e:  49.87 , Val l: 1.3757 | Test e:  47.20 
| Epoch    5 | Train e:  53.65, T l:  0.4692 | Val e:  50.77 , Val l: 1.3608 | Test e:  47.82 
| Epoch    6 | Train e:  55.92, T l:  0.4681 | Val e:  52.09 , Val l: 1.3447 | Test e:  48.78 
| Epoch    7 | Train e:  58.66, T l:  0.4565 | Val e:  54.02 , Val l: 1.3392 | Test e:  49.46 
| Epoch    8 | Train e:  61.78, T l:  0.4456 | Val e:  55.93 , Val l: 1.2980 | Test e:  50.64 
| Epoch    9 | Train e:  64.64, T l:  0.4497 | Val e:  59.59 , Val l: 1.3370 | Test e:  51.91 
| Epoch   10 | Train e:  68.28, T l:  0.4345 | Val e:  62.83 , Val l: 1.3140 | Test e:  53.87 
| Epoch   11 | Train e:  71.85, T l:  0.4228 | Val e:  67.27 , Val l: 1.2490 | Test e:  55.84 
| Epoch   12 | Train e:  73.84, T l:  0.4181 | Val e:  71.53 , Val l: 1.3114 | Test e:  57.47 
| Epoch   13 | Train e:  76.18, T l:  0.4086 | Val e:  74.05 , Val l: 1.3085 | Test e:  59.85 
| Epoch   14 | Train e:  76.87, T l:  0.3992 | Val e:  75.39 , Val l: 1.2307 | Test e:  61.66 
| Epoch   15 | Train e:  78.00, T l:  0.3975 | Val e:  77.49 , Val l: 1.2023 | Test e:  62.86 
| Epoch   16 | Train e:  79.00, T l:  0.3763 | Val e:  78.40 , Val l: 1.1743 | Test e:  63.51 
| Epoch   17 | Train e:  79.84, T l:  0.3819 | Val e:  80.13 , Val l: 1.3505 | Test e:  64.23 
| Epoch   18 | Train e:  81.32, T l:  0.3759 | Val e:  80.62 , Val l: 1.1851 | Test e:  64.54 
| Epoch   19 | Train e:  81.89, T l:  0.3726 | Val e:  81.80 , Val l: 1.0474 | Test e:  64.77 
| Epoch   20 | Train e:  81.78, T l:  0.3606 | Val e:  82.20 , Val l: 1.0079 | Test e:  64.82 
| Epoch   21 | Train e:  81.92, T l:  0.3462 | Val e:  83.32 , Val l: 1.1106 | Test e:  64.76 
| Epoch   22 | Train e:  83.24, T l:  0.3490 | Val e:  84.12 , Val l: 1.5007 | Test e:  65.01 
| Epoch   23 | Train e:  83.03, T l:  0.3652 | Val e:  82.75 , Val l: 0.9628 | Test e:  65.25 
| Epoch   24 | Train e:  83.72, T l:  0.3431 | Val e:  84.36 , Val l: 1.4452 | Test e:  65.07 
| Epoch   25 | Train e:  83.97, T l:  0.3567 | Val e:  83.85 , Val l: 0.9383 | Test e:  65.29 
| Epoch   26 | Train e:  84.47, T l:  0.3372 | Val e:  85.33 , Val l: 1.0501 | Test e:  65.16 
| Epoch   27 | Train e:  84.82, T l:  0.3377 | Val e:  86.26 , Val l: 1.2289 | Test e:  65.05 
| Epoch   28 | Train e:  85.25, T l:  0.3313 | Val e:  85.87 , Val l: 1.1037 | Test e:  65.07 
| Epoch   29 | Train e:  85.62, T l:  0.3273 | Val e:  86.67 , Val l: 1.1129 | Test e:  65.08 
| Epoch   30 | Train e:  86.08, T l:  0.3279 | Val e:  86.48 , Val l: 1.0390 | Test e:  65.03 
| Epoch   31 | Train e:  86.02, T l:  0.3226 | Val e:  85.96 , Val l: 0.8755 | Test e:  65.02 
| Epoch   32 | Train e:  85.67, T l:  0.3234 | Val e:  85.31 , Val l: 0.8517 | Test e:  65.00 
| Epoch   33 | Train e:  86.65, T l:  0.3222 | Val e:  87.50 , Val l: 1.2681 | Test e:  64.80 
| Epoch   34 | Train e:  87.10, T l:  0.3148 | Val e:  86.95 , Val l: 1.0924 | Test e:  64.81 
| Epoch   35 | Train e:  87.07, T l:  0.3072 | Val e:  85.64 , Val l: 1.0396 | Test e:  64.70 
| Epoch   36 | Train e:  87.86, T l:  0.3130 | Val e:  85.90 , Val l: 0.8825 | Test e:  64.93 
| Epoch   37 | Train e:  87.50, T l:  0.3064 | Val e:  85.67 , Val l: 0.8489 | Test e:  64.93 
| Epoch   38 | Train e:  88.06, T l:  0.3017 | Val e:  86.56 , Val l: 1.5209 | Test e:  64.66 
| Epoch   39 | Train e:  88.41, T l:  0.3112 | Val e:  86.24 , Val l: 1.0034 | Test e:  64.82 
| Epoch   40 | Train e:  88.08, T l:  0.2975 | Val e:  86.03 , Val l: 0.8847 | Test e:  64.82 
| Epoch   41 | Train e:  88.04, T l:  0.3024 | Val e:  85.46 , Val l: 0.6885 | Test e:  64.85 
| Epoch   42 | Train e:  88.58, T l:  0.3234 | Val e:  87.69 , Val l: 0.7528 | Test e:  64.55 
| Epoch   43 | Train e:  89.12, T l:  0.3102 | Val e:  87.58 , Val l: 0.8631 | Test e:  64.99 
| Epoch   44 | Train e:  88.60, T l:  0.2965 | Val e:  86.71 , Val l: 0.9825 | Test e:  64.89 
| Epoch   45 | Train e:  88.96, T l:  0.2966 | Val e:  86.45 , Val l: 0.7246 | Test e:  65.14 
| Epoch   46 | Train e:  89.62, T l:  0.2865 | Val e:  87.69 , Val l: 1.0193 | Test e:  65.12 
| Epoch   47 | Train e:  89.82, T l:  0.2987 | Val e:  87.67 , Val l: 0.9890 | Test e:  65.07 
| Epoch   48 | Train e:  89.61, T l:  0.2796 | Val e:  86.66 , Val l: 0.8256 | Test e:  64.96 
| Epoch   49 | Train e:  89.43, T l:  0.2863 | Val e:  87.95 , Val l: 0.7250 | Test e:  64.58 
| Epoch   50 | Train e:  90.39, T l:  0.2897 | Val e:  89.05 , Val l: 1.1287 | Test e:  65.30 
| Epoch   51 | Train e:  90.29, T l:  0.2862 | Val e:  88.59 , Val l: 0.8594 | Test e:  65.54 
| Epoch   52 | Train e:  90.65, T l:  0.2869 | Val e:  87.85 , Val l: 0.8302 | Test e:  65.27 
| Epoch   53 | Train e:  90.29, T l:  0.2824 | Val e:  87.84 , Val l: 0.6501 | Test e:  65.31 
| Epoch   54 | Train e:  90.96, T l:  0.2720 | Val e:  88.42 , Val l: 0.9175 | Test e:  64.83 
| Epoch   55 | Train e:  91.13, T l:  0.2682 | Val e:  88.32 , Val l: 1.3683 | Test e:  65.38 
| Epoch   56 | Train e:  91.23, T l:  0.2785 | Val e:  88.91 , Val l: 0.9336 | Test e:  65.35 
| Epoch   57 | Train e:  91.46, T l:  0.2720 | Val e:  89.45 , Val l: 1.0538 | Test e:  65.84 
| Epoch   58 | Train e:  91.76, T l:  0.2724 | Val e:  89.55 , Val l: 0.8846 | Test e:  65.99 
| Epoch   59 | Train e:  91.66, T l:  0.2623 | Val e:  89.36 , Val l: 0.8966 | Test e:  65.91 
| Epoch   60 | Train e:  91.84, T l:  0.2629 | Val e:  89.79 , Val l: 1.2734 | Test e:  65.59 
| Epoch   61 | Train e:  92.17, T l:  0.2691 | Val e:  89.39 , Val l: 1.3062 | Test e:  65.93 
| Epoch   62 | Train e:  92.15, T l:  0.2683 | Val e:  89.65 , Val l: 0.9340 | Test e:  66.44 
| Epoch   63 | Train e:  92.05, T l:  0.2607 | Val e:  90.05 , Val l: 1.0014 | Test e:  66.43 
| Epoch   64 | Train e:  92.15, T l:  0.2641 | Val e:  89.25 , Val l: 0.8947 | Test e:  66.23 
| Epoch   65 | Train e:  92.16, T l:  0.2599 | Val e:  89.44 , Val l: 0.6934 | Test e:  66.22 
| Epoch   66 | Train e:  92.47, T l:  0.2514 | Val e:  89.80 , Val l: 0.6604 | Test e:  66.44 
| Epoch   67 | Train e:  92.86, T l:  0.2681 | Val e:  90.20 , Val l: 0.7450 | Test e:  67.48 
| Epoch   68 | Train e:  92.62, T l:  0.2564 | Val e:  90.69 , Val l: 0.6257 | Test e:  66.75 
| Epoch   69 | Train e:  92.85, T l:  0.2554 | Val e:  90.76 , Val l: 0.6947 | Test e:  67.35 
| Epoch   70 | Train e:  92.51, T l:  0.2456 | Val e:  91.05 , Val l: 0.4879 | Test e:  66.49 
| Epoch   71 | Train e:  93.29, T l:  0.2435 | Val e:  91.08 , Val l: 0.8448 | Test e:  67.55 
| Epoch   72 | Train e:  93.29, T l:  0.2417 | Val e:  91.13 , Val l: 0.6408 | Test e:  67.32 
| Epoch   73 | Train e:  93.58, T l:  0.2469 | Val e:  91.02 , Val l: 0.7523 | Test e:  67.90 
| Epoch   74 | Train e:  93.07, T l:  0.2546 | Val e:  91.17 , Val l: 0.5387 | Test e:  67.31 
| Epoch   75 | Train e:  92.97, T l:  0.2384 | Val e:  90.71 , Val l: 0.6796 | Test e:  67.32 
| Epoch   76 | Train e:  93.91, T l:  0.2320 | Val e:  90.34 , Val l: 0.6917 | Test e:  68.00 
| Epoch   77 | Train e:  93.44, T l:  0.2272 | Val e:  90.78 , Val l: 0.5502 | Test e:  67.24 
| Epoch   78 | Train e:  92.88, T l:  0.2475 | Val e:  90.90 , Val l: 0.5035 | Test e:  67.65 
| Epoch   79 | Train e:  92.13, T l:  0.2340 | Val e:  90.55 , Val l: 0.5387 | Test e:  66.53 
| Epoch   80 | Train e:  94.24, T l:  0.2345 | Val e:  90.19 , Val l: 0.8926 | Test e:  68.44 
| Epoch   81 | Train e:  93.91, T l:  0.2276 | Val e:  90.23 , Val l: 0.6868 | Test e:  67.89 
| Epoch   82 | Train e:  93.89, T l:  0.2417 | Val e:  91.67 , Val l: 0.5614 | Test e:  68.35 
| Epoch   83 | Train e:  94.23, T l:  0.2269 | Val e:  91.13 , Val l: 0.5923 | Test e:  68.50 
| Epoch   84 | Train e:  94.72, T l:  0.2183 | Val e:  90.80 , Val l: 0.5892 | Test e:  68.71 
| Epoch   85 | Train e:  94.26, T l:  0.2396 | Val e:  90.53 , Val l: 0.5768 | Test e:  69.21 
| Epoch   86 | Train e:  94.11, T l:  0.2470 | Val e:  91.95 , Val l: 0.4441 | Test e:  68.70 
| Epoch   87 | Train e:  93.37, T l:  0.2307 | Val e:  90.84 , Val l: 0.5702 | Test e:  67.84 
| Epoch   88 | Train e:  94.61, T l:  0.2298 | Val e:  90.70 , Val l: 0.5669 | Test e:  69.16 
| Epoch   89 | Train e:  94.58, T l:  0.2181 | Val e:  90.82 , Val l: 0.5846 | Test e:  68.48 
| Epoch   90 | Train e:  94.85, T l:  0.2204 | Val e:  90.13 , Val l: 0.6852 | Test e:  69.72 
| Epoch   91 | Train e:  94.93, T l:  0.2286 | Val e:  90.18 , Val l: 0.8241 | Test e:  69.42 
| Epoch   92 | Train e:  94.59, T l:  0.2083 | Val e:  90.10 , Val l: 0.6268 | Test e:  69.08 
| Epoch   93 | Train e:  94.81, T l:  0.2177 | Val e:  89.23 , Val l: 0.8107 | Test e:  69.88 
| Epoch   94 | Train e:  94.85, T l:  0.2170 | Val e:  90.53 , Val l: 0.6813 | Test e:  69.30 
| Epoch   95 | Train e:  94.51, T l:  0.2178 | Val e:  91.06 , Val l: 0.5094 | Test e:  69.16 
| Epoch   96 | Train e:  95.38, T l:  0.2046 | Val e:  90.69 , Val l: 0.6584 | Test e:  69.61 
| Epoch   97 | Train e:  95.00, T l:  0.2236 | Val e:  90.46 , Val l: 0.7760 | Test e:  69.96 
| Epoch   98 | Train e:  94.99, T l:  0.2184 | Val e:  90.63 , Val l: 0.5358 | Test e:  69.25 
| Epoch   99 | Train e:  95.25, T l:  0.2138 | Val e:  90.88 , Val l: 0.5856 | Test e:  69.70 
| Epoch  100 | Train e:  95.47, T l:  0.2202 | Val e:  90.68 , Val l: 0.6915 | Test e:  69.61 
| Epoch  101 | Train e:  95.27, T l:  0.2017 | Val e:  90.82 , Val l: 0.6670 | Test e:  69.78 
| Epoch  102 | Train e:  95.19, T l:  0.2030 | Val e:  91.17 , Val l: 0.5226 | Test e:  68.60 
| Epoch  103 | Train e:  95.66, T l:  0.2010 | Val e:  90.32 , Val l: 0.6090 | Test e:  69.71 
| Epoch  104 | Train e:  95.24, T l:  0.2011 | Val e:  89.79 , Val l: 0.8559 | Test e:  70.00 
| Epoch  105 | Train e:  95.83, T l:  0.2041 | Val e:  89.97 , Val l: 0.7843 | Test e:  69.73 
| Epoch  106 | Train e:  95.20, T l:  0.2073 | Val e:  91.32 , Val l: 0.5166 | Test e:  69.17 
| Epoch  107 | Train e:  95.72, T l:  0.2051 | Val e:  90.60 , Val l: 0.6344 | Test e:  70.14 
| Epoch  108 | Train e:  94.72, T l:  0.1993 | Val e:  90.64 , Val l: 0.4393 | Test e:  68.24 
| Epoch  109 | Train e:  95.19, T l:  0.2086 | Val e:  91.04 , Val l: 0.6013 | Test e:  69.76 
| Epoch  110 | Train e:  95.22, T l:  0.1979 | Val e:  90.55 , Val l: 0.4496 | Test e:  68.44 
| Epoch  111 | Train e:  95.05, T l:  0.2388 | Val e:  91.89 , Val l: 0.5000 | Test e:  69.58 
| Epoch  112 | Train e:  95.51, T l:  0.2062 | Val e:  91.44 , Val l: 0.5543 | Test e:  69.92 
| Epoch  113 | Train e:  95.71, T l:  0.2047 | Val e:  91.71 , Val l: 0.5979 | Test e:  69.97 
| Epoch  114 | Train e:  95.52, T l:  0.1942 | Val e:  91.05 , Val l: 0.5956 | Test e:  69.93 
| Epoch  115 | Train e:  95.76, T l:  0.1931 | Val e:  91.46 , Val l: 0.5464 | Test e:  69.76 
| Epoch  116 | Train e:  95.90, T l:  0.1973 | Val e:  90.91 , Val l: 0.5968 | Test e:  70.28 
| Epoch  117 | Train e:  96.29, T l:  0.1978 | Val e:  90.83 , Val l: 0.6828 | Test e:  70.08 
| Epoch  118 | Train e:  94.89, T l:  0.1842 | Val e:  91.29 , Val l: 0.4583 | Test e:  69.19 
| Epoch  119 | Train e:  96.13, T l:  0.1934 | Val e:  90.78 , Val l: 0.5900 | Test e:  70.35 
| Epoch  120 | Train e:  96.14, T l:  0.1864 | Val e:  91.01 , Val l: 0.5032 | Test e:  69.67 
| Epoch  121 | Train e:  96.17, T l:  0.1925 | Val e:  89.97 , Val l: 0.9160 | Test e:  70.38 
| Epoch  122 | Train e:  95.99, T l:  0.2004 | Val e:  90.76 , Val l: 0.7191 | Test e:  70.57 
| Epoch  123 | Train e:  96.45, T l:  0.1853 | Val e:  89.86 , Val l: 0.8716 | Test e:  70.57 
| Epoch  124 | Train e:  96.29, T l:  0.1951 | Val e:  90.95 , Val l: 0.6229 | Test e:  70.29 
| Epoch  125 | Train e:  96.29, T l:  0.2042 | Val e:  91.45 , Val l: 0.6702 | Test e:  70.27 
| Epoch  126 | Train e:  96.18, T l:  0.1785 | Val e:  91.42 , Val l: 0.6359 | Test e:  70.07 
| Epoch  127 | Train e:  96.42, T l:  0.1858 | Val e:  90.77 , Val l: 0.7181 | Test e:  70.30 
| Epoch  128 | Train e:  96.49, T l:  0.1910 | Val e:  91.03 , Val l: 0.6445 | Test e:  69.91 
| Epoch  129 | Train e:  96.60, T l:  0.1854 | Val e:  91.43 , Val l: 0.6548 | Test e:  70.24 
| Epoch  130 | Train e:  96.57, T l:  0.1751 | Val e:  90.51 , Val l: 0.7074 | Test e:  70.24 
| Epoch  131 | Train e:  96.06, T l:  0.1757 | Val e:  91.05 , Val l: 0.5990 | Test e:  69.71 
| Epoch  132 | Train e:  96.59, T l:  0.1780 | Val e:  90.72 , Val l: 0.6021 | Test e:  70.01 
| Epoch  133 | Train e:  96.74, T l:  0.1820 | Val e:  91.14 , Val l: 0.5876 | Test e:  69.97 
| Epoch  134 | Train e:  96.17, T l:  0.1879 | Val e:  90.97 , Val l: 0.7593 | Test e:  70.29 
| Epoch  135 | Train e:  96.37, T l:  0.1827 | Val e:  92.01 , Val l: 0.5056 | Test e:  70.21 
| Epoch  136 | Train e:  95.39, T l:  0.1764 | Val e:  91.82 , Val l: 0.4185 | Test e:  68.78 
| Epoch  137 | Train e:  96.59, T l:  0.1860 | Val e:  90.61 , Val l: 0.7045 | Test e:  70.52 
| Epoch  138 | Train e:  96.74, T l:  0.1842 | Val e:  90.29 , Val l: 0.7719 | Test e:  70.12 
| Epoch  139 | Train e:  96.41, T l:  0.1799 | Val e:  91.28 , Val l: 0.5183 | Test e:  70.08 
| Epoch  140 | Train e:  96.78, T l:  0.1668 | Val e:  91.04 , Val l: 0.6084 | Test e:  70.32 
| Epoch  141 | Train e:  96.38, T l:  0.1712 | Val e:  91.01 , Val l: 0.6356 | Test e:  70.10 
| Epoch  142 | Train e:  96.89, T l:  0.1806 | Val e:  89.67 , Val l: 0.9554 | Test e:  70.36 
| Epoch  143 | Train e:  96.85, T l:  0.1730 | Val e:  91.20 , Val l: 0.5948 | Test e:  70.38 
| Epoch  144 | Train e:  96.40, T l:  0.1666 | Val e:  91.11 , Val l: 0.5445 | Test e:  69.91 
| Epoch  145 | Train e:  96.68, T l:  0.1748 | Val e:  90.89 , Val l: 0.6189 | Test e:  69.84 
| Epoch  146 | Train e:  96.52, T l:  0.1711 | Val e:  90.62 , Val l: 0.6505 | Test e:  70.00 
| Epoch  147 | Train e:  97.10, T l:  0.1825 | Val e:  90.40 , Val l: 0.8064 | Test e:  69.92 
| Epoch  148 | Train e:  96.91, T l:  0.1691 | Val e:  91.28 , Val l: 0.6050 | Test e:  70.05 
| Epoch  149 | Train e:  96.96, T l:  0.1740 | Val e:  90.62 , Val l: 0.6007 | Test e:  69.81 
| Epoch  150 | Train e:  97.01, T l:  0.1701 | Val e:  90.47 , Val l: 0.6678 | Test e:  70.03 
| Epoch  151 | Train e:  97.03, T l:  0.1703 | Val e:  91.48 , Val l: 0.7420 | Test e:  70.15 
| Epoch  152 | Train e:  97.09, T l:  0.1730 | Val e:  91.56 , Val l: 0.5369 | Test e:  70.12 
| Epoch  153 | Train e:  96.48, T l:  0.1805 | Val e:  91.60 , Val l: 0.5350 | Test e:  69.49 
| Epoch  154 | Train e:  96.63, T l:  0.1740 | Val e:  91.10 , Val l: 0.5211 | Test e:  69.66 
| Epoch  155 | Train e:  97.10, T l:  0.1653 | Val e:  91.28 , Val l: 0.6161 | Test e:  69.97 
| Epoch  156 | Train e:  97.07, T l:  0.1671 | Val e:  90.92 , Val l: 0.6423 | Test e:  70.12 
| Epoch  157 | Train e:  96.80, T l:  0.1711 | Val e:  91.69 , Val l: 0.5373 | Test e:  69.70 
| Epoch  158 | Train e:  96.89, T l:  0.1622 | Val e:  91.71 , Val l: 0.5564 | Test e:  69.70 
| Epoch  159 | Train e:  97.16, T l:  0.1665 | Val e:  90.86 , Val l: 0.6282 | Test e:  69.93 
| Epoch  160 | Train e:  96.92, T l:  0.1591 | Val e:  91.02 , Val l: 0.7344 | Test e:  70.17 
| Epoch  161 | Train e:  97.16, T l:  0.1669 | Val e:  90.68 , Val l: 0.6244 | Test e:  69.70 
| Epoch  162 | Train e:  96.97, T l:  0.1576 | Val e:  91.32 , Val l: 0.5524 | Test e:  69.41 
| Epoch  163 | Train e:  97.18, T l:  0.1645 | Val e:  90.93 , Val l: 0.6057 | Test e:  69.49 
| Epoch  164 | Train e:  97.14, T l:  0.1569 | Val e:  90.21 , Val l: 1.0399 | Test e:  70.10 
| Epoch  165 | Train e:  97.41, T l:  0.1683 | Val e:  89.91 , Val l: 0.9341 | Test e:  69.70 
| Epoch  166 | Train e:  97.14, T l:  0.1632 | Val e:  90.79 , Val l: 0.6038 | Test e:  69.70 
| Epoch  167 | Train e:  97.30, T l:  0.1632 | Val e:  90.37 , Val l: 0.6926 | Test e:  70.00 
| Epoch  168 | Train e:  97.40, T l:  0.1596 | Val e:  90.25 , Val l: 0.7930 | Test e:  70.12 
| Epoch  169 | Train e:  97.31, T l:  0.1636 | Val e:  90.86 , Val l: 0.6892 | Test e:  69.91 
| Epoch  170 | Train e:  97.48, T l:  0.1568 | Val e:  90.98 , Val l: 0.6873 | Test e:  69.70 
| Epoch  171 | Train e:  97.29, T l:  0.1581 | Val e:  90.97 , Val l: 0.6306 | Test e:  69.74 
| Epoch  172 | Train e:  97.51, T l:  0.1618 | Val e:  90.23 , Val l: 0.7948 | Test e:  69.89 
| Epoch  173 | Train e:  97.31, T l:  0.1663 | Val e:  90.96 , Val l: 0.6242 | Test e:  69.73 
| Epoch  174 | Train e:  97.25, T l:  0.1536 | Val e:  90.96 , Val l: 0.6176 | Test e:  69.52 
| Epoch  175 | Train e:  96.93, T l:  0.1517 | Val e:  91.21 , Val l: 0.5491 | Test e:  69.40 
| Epoch  176 | Train e:  97.42, T l:  0.1568 | Val e:  90.68 , Val l: 0.6624 | Test e:  69.79 
| Epoch  177 | Train e:  97.48, T l:  0.1552 | Val e:  90.60 , Val l: 0.7012 | Test e:  70.06 
| Epoch  178 | Train e:  97.45, T l:  0.1612 | Val e:  90.65 , Val l: 0.7937 | Test e:  69.97 
| Epoch  179 | Train e:  97.47, T l:  0.1601 | Val e:  90.62 , Val l: 0.7451 | Test e:  70.23 
| Epoch  180 | Train e:  97.38, T l:  0.1578 | Val e:  90.54 , Val l: 0.6440 | Test e:  69.74 
| Epoch  181 | Train e:  97.21, T l:  0.1538 | Val e:  90.53 , Val l: 0.7084 | Test e:  69.97 
| Epoch  182 | Train e:  97.62, T l:  0.1552 | Val e:  90.50 , Val l: 0.7065 | Test e:  70.08 
| Epoch  183 | Train e:  97.31, T l:  0.1577 | Val e:  91.08 , Val l: 0.5474 | Test e:  69.57 
| Epoch  184 | Train e:  97.61, T l:  0.1595 | Val e:  90.47 , Val l: 0.7787 | Test e:  70.14 
| Epoch  185 | Train e:  97.54, T l:  0.1533 | Val e:  90.32 , Val l: 0.7890 | Test e:  69.97 
| Epoch  186 | Train e:  97.32, T l:  0.1511 | Val e:  90.84 , Val l: 0.6590 | Test e:  69.82 
| Epoch  187 | Train e:  97.54, T l:  0.1549 | Val e:  90.51 , Val l: 0.6844 | Test e:  70.04 
| Epoch  188 | Train e:  97.23, T l:  0.1502 | Val e:  90.75 , Val l: 0.6383 | Test e:  69.70 
| Epoch  189 | Train e:  97.41, T l:  0.1690 | Val e:  90.41 , Val l: 0.7226 | Test e:  69.70 
| Epoch  190 | Train e:  97.12, T l:  0.1474 | Val e:  90.82 , Val l: 0.6181 | Test e:  69.50 
| Epoch  191 | Train e:  97.50, T l:  0.1562 | Val e:  90.79 , Val l: 0.7129 | Test e:  69.87 
| Epoch  192 | Train e:  97.34, T l:  0.1542 | Val e:  91.08 , Val l: 0.6019 | Test e:  69.55 
| Epoch  193 | Train e:  97.48, T l:  0.1523 | Val e:  90.81 , Val l: 0.6781 | Test e:  69.80 
| Epoch  194 | Train e:  97.38, T l:  0.1560 | Val e:  90.88 , Val l: 0.6344 | Test e:  69.81 
| Epoch  195 | Train e:  97.51, T l:  0.1480 | Val e:  90.76 , Val l: 0.6897 | Test e:  69.75 
| Epoch  196 | Train e:  97.43, T l:  0.1514 | Val e:  91.02 , Val l: 0.6276 | Test e:  69.83 
| Epoch  197 | Train e:  97.54, T l:  0.1471 | Val e:  90.94 , Val l: 0.6510 | Test e:  69.82 
| Epoch  198 | Train e:  97.40, T l:  0.1605 | Val e:  90.88 , Val l: 0.6560 | Test e:  69.91 
| Epoch  199 | Train e:  97.33, T l:  0.1548 | Val e:  90.94 , Val l: 0.6495 | Test e:  69.83 
