

===============================================
2022-12-24 16:56:49

main_parallel.py --batch-size 64 --lr 0.0001 --warmup 50 --scheduler-type linear --seeds 2022 --device 5

None

dataset: ogbg-molbbbp
use_node_attr: False
pre_transform: None
transform: None
clean_cache: False
use_public_splits: True
use_val: True
use_val_loss: True
same_best_epoch: False
early_stop: False
scheduler_type: linear
epochs: 200
warmup: 50
batch_size: 64
lr: 0.0001
weight_decay: 0.0001
seeds: 2022
save_state: False
transformer_dropout: 0.1



| Epoch    0 | Train e:  59.23, T l:  1.8313 | Val e:  72.77 , Val l: 0.9696 | Test e:  51.45 
| Epoch    1 | Train e:  58.69, T l:  1.3841 | Val e:  73.45 , Val l: 0.6648 | Test e:  51.32 
| Epoch    2 | Train e:  56.87, T l:  0.8159 | Val e:  74.33 , Val l: 0.6660 | Test e:  51.56 
| Epoch    3 | Train e:  58.11, T l:  0.5189 | Val e:  74.46 , Val l: 0.9831 | Test e:  51.73 
| Epoch    4 | Train e:  59.13, T l:  0.4683 | Val e:  75.13 , Val l: 1.1239 | Test e:  52.10 
| Epoch    5 | Train e:  58.98, T l:  0.4718 | Val e:  76.02 , Val l: 1.1677 | Test e:  52.50 
| Epoch    6 | Train e:  61.30, T l:  0.4588 | Val e:  77.54 , Val l: 1.1362 | Test e:  53.21 
| Epoch    7 | Train e:  63.89, T l:  0.4456 | Val e:  79.14 , Val l: 1.1622 | Test e:  53.90 
| Epoch    8 | Train e:  66.76, T l:  0.4475 | Val e:  80.84 , Val l: 1.1368 | Test e:  55.40 
| Epoch    9 | Train e:  70.32, T l:  0.4337 | Val e:  82.24 , Val l: 1.1781 | Test e:  56.52 
| Epoch   10 | Train e:  74.41, T l:  0.4320 | Val e:  83.16 , Val l: 1.1417 | Test e:  58.06 
| Epoch   11 | Train e:  76.96, T l:  0.4147 | Val e:  83.22 , Val l: 1.1351 | Test e:  59.62 
| Epoch   12 | Train e:  78.75, T l:  0.4208 | Val e:  83.20 , Val l: 1.2062 | Test e:  61.01 
| Epoch   13 | Train e:  79.58, T l:  0.4091 | Val e:  82.18 , Val l: 1.1164 | Test e:  62.09 
| Epoch   14 | Train e:  80.15, T l:  0.4022 | Val e:  81.88 , Val l: 1.2009 | Test e:  62.97 
| Epoch   15 | Train e:  80.99, T l:  0.3976 | Val e:  81.01 , Val l: 1.2029 | Test e:  63.32 
| Epoch   16 | Train e:  81.47, T l:  0.3877 | Val e:  80.89 , Val l: 1.3392 | Test e:  63.42 
| Epoch   17 | Train e:  81.20, T l:  0.3876 | Val e:  80.02 , Val l: 1.2554 | Test e:  63.66 
| Epoch   18 | Train e:  81.97, T l:  0.3726 | Val e:  80.08 , Val l: 1.2831 | Test e:  63.98 
| Epoch   19 | Train e:  82.17, T l:  0.3698 | Val e:  79.69 , Val l: 1.2618 | Test e:  64.35 
| Epoch   20 | Train e:  82.60, T l:  0.3676 | Val e:  79.79 , Val l: 1.3048 | Test e:  64.40 
| Epoch   21 | Train e:  82.32, T l:  0.3627 | Val e:  80.18 , Val l: 1.2823 | Test e:  64.29 
| Epoch   22 | Train e:  83.41, T l:  0.3615 | Val e:  80.59 , Val l: 1.2051 | Test e:  64.27 
| Epoch   23 | Train e:  84.21, T l:  0.3541 | Val e:  81.44 , Val l: 1.3262 | Test e:  64.40 
| Epoch   24 | Train e:  84.30, T l:  0.3544 | Val e:  82.05 , Val l: 1.3668 | Test e:  64.33 
| Epoch   25 | Train e:  84.68, T l:  0.3440 | Val e:  82.15 , Val l: 1.1678 | Test e:  64.33 
| Epoch   26 | Train e:  85.11, T l:  0.3382 | Val e:  82.60 , Val l: 0.9920 | Test e:  64.49 
| Epoch   27 | Train e:  85.13, T l:  0.3460 | Val e:  82.51 , Val l: 0.9933 | Test e:  64.16 
| Epoch   28 | Train e:  85.27, T l:  0.3283 | Val e:  83.14 , Val l: 1.2221 | Test e:  64.36 
| Epoch   29 | Train e:  86.36, T l:  0.3294 | Val e:  83.41 , Val l: 1.3063 | Test e:  64.30 
| Epoch   30 | Train e:  86.68, T l:  0.3272 | Val e:  84.13 , Val l: 1.1921 | Test e:  64.26 
| Epoch   31 | Train e:  86.70, T l:  0.3278 | Val e:  84.41 , Val l: 1.2441 | Test e:  64.35 
| Epoch   32 | Train e:  86.70, T l:  0.3226 | Val e:  84.48 , Val l: 1.3261 | Test e:  64.33 
| Epoch   33 | Train e:  87.16, T l:  0.3191 | Val e:  84.88 , Val l: 1.0002 | Test e:  64.37 
| Epoch   34 | Train e:  87.59, T l:  0.3150 | Val e:  86.29 , Val l: 1.4495 | Test e:  64.72 
| Epoch   35 | Train e:  87.83, T l:  0.3207 | Val e:  85.46 , Val l: 0.9689 | Test e:  64.53 
| Epoch   36 | Train e:  88.28, T l:  0.3091 | Val e:  86.03 , Val l: 1.4311 | Test e:  64.68 
| Epoch   37 | Train e:  88.40, T l:  0.3153 | Val e:  85.59 , Val l: 1.0781 | Test e:  64.64 
| Epoch   38 | Train e:  88.22, T l:  0.3154 | Val e:  84.67 , Val l: 1.0326 | Test e:  64.31 
| Epoch   39 | Train e:  88.33, T l:  0.2969 | Val e:  85.19 , Val l: 1.0331 | Test e:  64.43 
| Epoch   40 | Train e:  88.94, T l:  0.2960 | Val e:  85.73 , Val l: 1.1406 | Test e:  64.52 
| Epoch   41 | Train e:  88.68, T l:  0.3036 | Val e:  85.78 , Val l: 0.8381 | Test e:  64.24 
| Epoch   42 | Train e:  88.96, T l:  0.3108 | Val e:  86.42 , Val l: 1.0845 | Test e:  64.43 
| Epoch   43 | Train e:  89.19, T l:  0.2947 | Val e:  86.77 , Val l: 1.5185 | Test e:  64.62 
| Epoch   44 | Train e:  89.14, T l:  0.3002 | Val e:  85.74 , Val l: 0.7564 | Test e:  64.40 
| Epoch   45 | Train e:  89.28, T l:  0.2775 | Val e:  85.69 , Val l: 1.0150 | Test e:  64.62 
| Epoch   46 | Train e:  90.01, T l:  0.2928 | Val e:  85.87 , Val l: 1.1755 | Test e:  64.40 
| Epoch   47 | Train e:  89.90, T l:  0.3020 | Val e:  87.28 , Val l: 2.0069 | Test e:  64.59 
| Epoch   48 | Train e:  89.99, T l:  0.3174 | Val e:  86.37 , Val l: 0.5820 | Test e:  64.24 
| Epoch   49 | Train e:  89.90, T l:  0.3057 | Val e:  87.13 , Val l: 0.7593 | Test e:  64.38 
| Epoch   50 | Train e:  90.21, T l:  0.2916 | Val e:  86.83 , Val l: 1.2160 | Test e:  64.99 
| Epoch   51 | Train e:  90.08, T l:  0.2903 | Val e:  85.98 , Val l: 0.6949 | Test e:  64.55 
| Epoch   52 | Train e:  90.23, T l:  0.2895 | Val e:  86.32 , Val l: 0.7573 | Test e:  64.54 
| Epoch   53 | Train e:  90.59, T l:  0.2807 | Val e:  85.83 , Val l: 0.8790 | Test e:  64.86 
| Epoch   54 | Train e:  90.69, T l:  0.2737 | Val e:  86.44 , Val l: 1.0359 | Test e:  64.57 
| Epoch   55 | Train e:  90.66, T l:  0.2877 | Val e:  86.39 , Val l: 0.8336 | Test e:  64.60 
| Epoch   56 | Train e:  91.00, T l:  0.2707 | Val e:  86.77 , Val l: 0.9416 | Test e:  64.96 
| Epoch   57 | Train e:  90.90, T l:  0.2810 | Val e:  87.40 , Val l: 0.7460 | Test e:  64.91 
| Epoch   58 | Train e:  91.25, T l:  0.2723 | Val e:  87.18 , Val l: 0.6092 | Test e:  64.54 
| Epoch   59 | Train e:  91.52, T l:  0.2660 | Val e:  87.10 , Val l: 0.7719 | Test e:  64.72 
| Epoch   60 | Train e:  91.58, T l:  0.2689 | Val e:  87.85 , Val l: 1.1434 | Test e:  65.18 
| Epoch   61 | Train e:  91.51, T l:  0.2681 | Val e:  87.71 , Val l: 1.1215 | Test e:  65.19 
| Epoch   62 | Train e:  92.04, T l:  0.2674 | Val e:  88.33 , Val l: 0.8460 | Test e:  65.17 
| Epoch   63 | Train e:  91.56, T l:  0.2640 | Val e:  87.45 , Val l: 0.6298 | Test e:  65.05 
| Epoch   64 | Train e:  92.06, T l:  0.2707 | Val e:  88.33 , Val l: 0.6527 | Test e:  65.37 
| Epoch   65 | Train e:  92.16, T l:  0.2670 | Val e:  88.40 , Val l: 0.8611 | Test e:  65.62 
| Epoch   66 | Train e:  92.42, T l:  0.2678 | Val e:  88.44 , Val l: 0.8826 | Test e:  65.99 
| Epoch   67 | Train e:  92.12, T l:  0.2566 | Val e:  88.68 , Val l: 0.6510 | Test e:  65.69 
| Epoch   68 | Train e:  92.49, T l:  0.2524 | Val e:  88.62 , Val l: 0.7340 | Test e:  65.60 
| Epoch   69 | Train e:  92.47, T l:  0.2481 | Val e:  88.49 , Val l: 0.8792 | Test e:  66.23 
| Epoch   70 | Train e:  92.86, T l:  0.2622 | Val e:  88.05 , Val l: 0.9316 | Test e:  66.48 
| Epoch   71 | Train e:  92.64, T l:  0.2614 | Val e:  87.97 , Val l: 0.5545 | Test e:  66.37 
| Epoch   72 | Train e:  93.04, T l:  0.2698 | Val e:  88.57 , Val l: 0.7849 | Test e:  67.09 
| Epoch   73 | Train e:  92.69, T l:  0.2468 | Val e:  89.15 , Val l: 0.6958 | Test e:  66.72 
| Epoch   74 | Train e:  92.89, T l:  0.2376 | Val e:  88.93 , Val l: 0.8005 | Test e:  66.68 
| Epoch   75 | Train e:  93.10, T l:  0.2347 | Val e:  88.51 , Val l: 0.5278 | Test e:  65.92 
| Epoch   76 | Train e:  93.54, T l:  0.2428 | Val e:  88.11 , Val l: 0.9802 | Test e:  67.77 
| Epoch   77 | Train e:  93.49, T l:  0.2485 | Val e:  88.67 , Val l: 0.6151 | Test e:  66.79 
| Epoch   78 | Train e:  93.37, T l:  0.2313 | Val e:  89.58 , Val l: 0.7129 | Test e:  67.23 
| Epoch   79 | Train e:  93.51, T l:  0.2406 | Val e:  89.37 , Val l: 0.8437 | Test e:  68.10 
| Epoch   80 | Train e:  93.67, T l:  0.2370 | Val e:  89.31 , Val l: 0.6178 | Test e:  67.06 
| Epoch   81 | Train e:  93.30, T l:  0.2558 | Val e:  89.07 , Val l: 0.5419 | Test e:  66.31 
| Epoch   82 | Train e:  93.76, T l:  0.2254 | Val e:  89.72 , Val l: 0.6504 | Test e:  67.86 
| Epoch   83 | Train e:  93.88, T l:  0.2307 | Val e:  89.74 , Val l: 0.6305 | Test e:  67.79 
| Epoch   84 | Train e:  93.83, T l:  0.2361 | Val e:  89.59 , Val l: 0.9516 | Test e:  68.61 
| Epoch   85 | Train e:  94.16, T l:  0.2417 | Val e:  89.61 , Val l: 0.8661 | Test e:  68.57 
| Epoch   86 | Train e:  93.83, T l:  0.2395 | Val e:  89.49 , Val l: 0.5715 | Test e:  67.08 
| Epoch   87 | Train e:  94.18, T l:  0.2340 | Val e:  89.90 , Val l: 0.6357 | Test e:  68.12 
| Epoch   88 | Train e:  94.19, T l:  0.2314 | Val e:  90.14 , Val l: 0.6592 | Test e:  68.68 
| Epoch   89 | Train e:  94.28, T l:  0.2164 | Val e:  89.97 , Val l: 0.5980 | Test e:  68.40 
| Epoch   90 | Train e:  94.24, T l:  0.2282 | Val e:  88.78 , Val l: 0.8327 | Test e:  68.88 
| Epoch   91 | Train e:  94.15, T l:  0.2302 | Val e:  89.36 , Val l: 0.6173 | Test e:  69.25 
| Epoch   92 | Train e:  94.49, T l:  0.2279 | Val e:  89.73 , Val l: 0.7372 | Test e:  69.09 
| Epoch   93 | Train e:  94.63, T l:  0.2203 | Val e:  89.65 , Val l: 0.7276 | Test e:  69.18 
| Epoch   94 | Train e:  94.79, T l:  0.2243 | Val e:  89.75 , Val l: 0.6295 | Test e:  69.21 
| Epoch   95 | Train e:  94.54, T l:  0.2161 | Val e:  89.27 , Val l: 1.0067 | Test e:  69.77 
| Epoch   96 | Train e:  94.61, T l:  0.2217 | Val e:  89.29 , Val l: 0.7384 | Test e:  69.72 
| Epoch   97 | Train e:  95.06, T l:  0.2151 | Val e:  89.18 , Val l: 0.6686 | Test e:  69.70 
| Epoch   98 | Train e:  94.87, T l:  0.2133 | Val e:  88.89 , Val l: 0.6035 | Test e:  69.19 
| Epoch   99 | Train e:  94.85, T l:  0.2141 | Val e:  88.08 , Val l: 1.0531 | Test e:  70.09 
| Epoch  100 | Train e:  95.26, T l:  0.2156 | Val e:  88.76 , Val l: 0.7286 | Test e:  69.90 
| Epoch  101 | Train e:  95.03, T l:  0.2162 | Val e:  88.58 , Val l: 0.9410 | Test e:  69.95 
| Epoch  102 | Train e:  94.99, T l:  0.2137 | Val e:  88.79 , Val l: 0.6238 | Test e:  69.24 
| Epoch  103 | Train e:  95.19, T l:  0.2091 | Val e:  88.83 , Val l: 0.8183 | Test e:  70.27 
| Epoch  104 | Train e:  95.23, T l:  0.2133 | Val e:  89.16 , Val l: 0.8095 | Test e:  70.19 
| Epoch  105 | Train e:  95.16, T l:  0.2058 | Val e:  89.34 , Val l: 0.8052 | Test e:  70.05 
| Epoch  106 | Train e:  95.33, T l:  0.2121 | Val e:  88.99 , Val l: 0.8024 | Test e:  70.04 
| Epoch  107 | Train e:  95.19, T l:  0.2305 | Val e:  88.50 , Val l: 1.0033 | Test e:  70.33 
| Epoch  108 | Train e:  95.21, T l:  0.2264 | Val e:  88.44 , Val l: 1.0590 | Test e:  70.10 
| Epoch  109 | Train e:  95.36, T l:  0.2081 | Val e:  89.20 , Val l: 0.6703 | Test e:  69.55 
| Epoch  110 | Train e:  95.45, T l:  0.2018 | Val e:  88.62 , Val l: 0.9161 | Test e:  70.18 
| Epoch  111 | Train e:  95.61, T l:  0.2052 | Val e:  89.28 , Val l: 0.5637 | Test e:  69.63 
| Epoch  112 | Train e:  95.41, T l:  0.2053 | Val e:  88.67 , Val l: 0.7704 | Test e:  70.02 
| Epoch  113 | Train e:  95.67, T l:  0.1935 | Val e:  88.98 , Val l: 0.8134 | Test e:  70.36 
| Epoch  114 | Train e:  95.85, T l:  0.1958 | Val e:  88.98 , Val l: 0.7619 | Test e:  70.47 
| Epoch  115 | Train e:  95.79, T l:  0.1957 | Val e:  88.98 , Val l: 0.7834 | Test e:  70.31 
| Epoch  116 | Train e:  95.70, T l:  0.2157 | Val e:  89.21 , Val l: 0.5463 | Test e:  69.74 
| Epoch  117 | Train e:  96.05, T l:  0.2099 | Val e:  88.09 , Val l: 0.9492 | Test e:  70.36 
| Epoch  118 | Train e:  95.89, T l:  0.2024 | Val e:  89.28 , Val l: 0.5995 | Test e:  70.24 
| Epoch  119 | Train e:  95.83, T l:  0.2091 | Val e:  88.80 , Val l: 1.0635 | Test e:  70.41 
| Epoch  120 | Train e:  95.86, T l:  0.2018 | Val e:  89.07 , Val l: 0.7912 | Test e:  70.27 
| Epoch  121 | Train e:  95.93, T l:  0.1908 | Val e:  88.73 , Val l: 0.8282 | Test e:  70.13 
| Epoch  122 | Train e:  95.92, T l:  0.1952 | Val e:  89.20 , Val l: 0.6184 | Test e:  70.35 
| Epoch  123 | Train e:  95.81, T l:  0.1919 | Val e:  89.14 , Val l: 0.7921 | Test e:  70.27 
| Epoch  124 | Train e:  96.11, T l:  0.1997 | Val e:  89.25 , Val l: 0.8238 | Test e:  70.59 
| Epoch  125 | Train e:  96.17, T l:  0.1865 | Val e:  89.24 , Val l: 0.7814 | Test e:  70.62 
| Epoch  126 | Train e:  96.22, T l:  0.1830 | Val e:  88.85 , Val l: 0.7951 | Test e:  70.72 
| Epoch  127 | Train e:  96.23, T l:  0.1885 | Val e:  88.69 , Val l: 0.7095 | Test e:  70.44 
| Epoch  128 | Train e:  96.31, T l:  0.2010 | Val e:  88.64 , Val l: 0.7791 | Test e:  70.71 
| Epoch  129 | Train e:  96.33, T l:  0.1864 | Val e:  88.85 , Val l: 0.8367 | Test e:  70.25 
| Epoch  130 | Train e:  96.30, T l:  0.1980 | Val e:  89.57 , Val l: 0.6760 | Test e:  70.25 
| Epoch  131 | Train e:  96.22, T l:  0.1945 | Val e:  88.73 , Val l: 0.9395 | Test e:  70.06 
| Epoch  132 | Train e:  96.46, T l:  0.1944 | Val e:  89.03 , Val l: 0.6646 | Test e:  70.44 
| Epoch  133 | Train e:  96.53, T l:  0.1916 | Val e:  88.96 , Val l: 0.7868 | Test e:  70.18 
| Epoch  134 | Train e:  96.49, T l:  0.1882 | Val e:  88.65 , Val l: 0.9306 | Test e:  70.09 
| Epoch  135 | Train e:  96.50, T l:  0.1876 | Val e:  88.72 , Val l: 0.6279 | Test e:  70.37 
| Epoch  136 | Train e:  96.60, T l:  0.2005 | Val e:  88.16 , Val l: 0.9453 | Test e:  70.19 
| Epoch  137 | Train e:  96.63, T l:  0.1802 | Val e:  88.63 , Val l: 0.9154 | Test e:  70.17 
| Epoch  138 | Train e:  96.56, T l:  0.1806 | Val e:  88.99 , Val l: 0.9810 | Test e:  70.16 
| Epoch  139 | Train e:  96.69, T l:  0.1761 | Val e:  89.32 , Val l: 0.7170 | Test e:  70.47 
| Epoch  140 | Train e:  96.55, T l:  0.1779 | Val e:  89.24 , Val l: 0.7868 | Test e:  70.37 
| Epoch  141 | Train e:  96.76, T l:  0.1681 | Val e:  88.60 , Val l: 0.8170 | Test e:  70.35 
| Epoch  142 | Train e:  96.76, T l:  0.1816 | Val e:  89.33 , Val l: 0.7056 | Test e:  70.38 
| Epoch  143 | Train e:  96.72, T l:  0.1761 | Val e:  88.71 , Val l: 0.9105 | Test e:  70.71 
| Epoch  144 | Train e:  96.68, T l:  0.1834 | Val e:  88.41 , Val l: 1.0475 | Test e:  70.42 
| Epoch  145 | Train e:  96.85, T l:  0.1712 | Val e:  89.04 , Val l: 0.7456 | Test e:  70.51 
| Epoch  146 | Train e:  96.76, T l:  0.1723 | Val e:  88.12 , Val l: 1.1262 | Test e:  69.92 
| Epoch  147 | Train e:  96.89, T l:  0.1775 | Val e:  88.85 , Val l: 0.8982 | Test e:  69.94 
| Epoch  148 | Train e:  97.03, T l:  0.1697 | Val e:  89.03 , Val l: 0.7180 | Test e:  70.19 
| Epoch  149 | Train e:  96.98, T l:  0.1691 | Val e:  88.35 , Val l: 0.7939 | Test e:  70.29 
| Epoch  150 | Train e:  97.06, T l:  0.1723 | Val e:  88.06 , Val l: 0.8344 | Test e:  70.25 
| Epoch  151 | Train e:  96.86, T l:  0.1733 | Val e:  88.21 , Val l: 0.9888 | Test e:  70.13 
| Epoch  152 | Train e:  97.09, T l:  0.1717 | Val e:  88.55 , Val l: 0.7851 | Test e:  70.47 
| Epoch  153 | Train e:  97.17, T l:  0.1841 | Val e:  88.37 , Val l: 0.8609 | Test e:  70.23 
| Epoch  154 | Train e:  97.01, T l:  0.1752 | Val e:  88.07 , Val l: 0.9797 | Test e:  70.24 
| Epoch  155 | Train e:  97.10, T l:  0.1757 | Val e:  88.49 , Val l: 0.9098 | Test e:  70.23 
| Epoch  156 | Train e:  96.99, T l:  0.1654 | Val e:  87.62 , Val l: 1.1573 | Test e:  69.80 
| Epoch  157 | Train e:  97.17, T l:  0.1695 | Val e:  88.23 , Val l: 0.9256 | Test e:  70.24 
| Epoch  158 | Train e:  97.16, T l:  0.1664 | Val e:  88.55 , Val l: 0.9620 | Test e:  70.52 
| Epoch  159 | Train e:  97.42, T l:  0.1699 | Val e:  88.92 , Val l: 0.7162 | Test e:  70.44 
| Epoch  160 | Train e:  97.22, T l:  0.1761 | Val e:  88.55 , Val l: 0.8729 | Test e:  70.12 
| Epoch  161 | Train e:  97.13, T l:  0.1642 | Val e:  88.20 , Val l: 0.8339 | Test e:  70.24 
| Epoch  162 | Train e:  97.28, T l:  0.1642 | Val e:  88.52 , Val l: 0.8364 | Test e:  70.42 
| Epoch  163 | Train e:  97.25, T l:  0.1617 | Val e:  88.75 , Val l: 0.7390 | Test e:  70.33 
| Epoch  164 | Train e:  97.18, T l:  0.1642 | Val e:  88.01 , Val l: 1.0221 | Test e:  70.05 
| Epoch  165 | Train e:  97.36, T l:  0.1685 | Val e:  88.36 , Val l: 0.8277 | Test e:  69.84 
| Epoch  166 | Train e:  97.34, T l:  0.1658 | Val e:  88.42 , Val l: 0.9725 | Test e:  69.96 
| Epoch  167 | Train e:  96.95, T l:  0.1603 | Val e:  87.71 , Val l: 1.1429 | Test e:  69.40 
| Epoch  168 | Train e:  97.35, T l:  0.1677 | Val e:  88.24 , Val l: 1.0697 | Test e:  70.39 
| Epoch  169 | Train e:  97.33, T l:  0.1703 | Val e:  87.84 , Val l: 1.1429 | Test e:  69.65 
| Epoch  170 | Train e:  97.50, T l:  0.1632 | Val e:  88.41 , Val l: 0.9669 | Test e:  70.00 
| Epoch  171 | Train e:  97.47, T l:  0.1665 | Val e:  88.00 , Val l: 1.1344 | Test e:  69.72 
| Epoch  172 | Train e:  97.43, T l:  0.1700 | Val e:  88.04 , Val l: 1.0718 | Test e:  69.97 
| Epoch  173 | Train e:  97.46, T l:  0.1639 | Val e:  88.56 , Val l: 0.8239 | Test e:  70.12 
| Epoch  174 | Train e:  97.48, T l:  0.1577 | Val e:  88.38 , Val l: 0.9426 | Test e:  69.72 
| Epoch  175 | Train e:  97.64, T l:  0.1583 | Val e:  88.52 , Val l: 0.9029 | Test e:  69.77 
| Epoch  176 | Train e:  97.44, T l:  0.1621 | Val e:  88.01 , Val l: 1.0742 | Test e:  69.75 
| Epoch  177 | Train e:  97.62, T l:  0.1574 | Val e:  88.34 , Val l: 0.9422 | Test e:  69.80 
| Epoch  178 | Train e:  97.41, T l:  0.1602 | Val e:  88.08 , Val l: 0.8983 | Test e:  69.78 
| Epoch  179 | Train e:  97.56, T l:  0.1631 | Val e:  88.53 , Val l: 0.8269 | Test e:  69.88 
| Epoch  180 | Train e:  97.65, T l:  0.1608 | Val e:  88.88 , Val l: 0.8672 | Test e:  70.03 
| Epoch  181 | Train e:  97.59, T l:  0.1608 | Val e:  88.80 , Val l: 0.8277 | Test e:  70.17 
| Epoch  182 | Train e:  97.57, T l:  0.1547 | Val e:  88.54 , Val l: 0.9504 | Test e:  69.62 
| Epoch  183 | Train e:  97.63, T l:  0.1604 | Val e:  88.95 , Val l: 0.8514 | Test e:  69.99 
| Epoch  184 | Train e:  97.40, T l:  0.1620 | Val e:  88.73 , Val l: 0.9183 | Test e:  69.83 
| Epoch  185 | Train e:  97.59, T l:  0.1673 | Val e:  88.77 , Val l: 0.8220 | Test e:  69.97 
| Epoch  186 | Train e:  97.53, T l:  0.1565 | Val e:  88.66 , Val l: 0.8817 | Test e:  69.90 
| Epoch  187 | Train e:  97.49, T l:  0.1495 | Val e:  88.48 , Val l: 1.0151 | Test e:  69.64 
| Epoch  188 | Train e:  97.65, T l:  0.1604 | Val e:  88.61 , Val l: 0.8628 | Test e:  69.81 
| Epoch  189 | Train e:  97.66, T l:  0.1577 | Val e:  88.72 , Val l: 0.7993 | Test e:  69.70 
| Epoch  190 | Train e:  97.64, T l:  0.1660 | Val e:  88.47 , Val l: 0.9386 | Test e:  69.73 
| Epoch  191 | Train e:  97.75, T l:  0.1558 | Val e:  88.82 , Val l: 0.8376 | Test e:  69.81 
| Epoch  192 | Train e:  97.78, T l:  0.1491 | Val e:  88.66 , Val l: 0.8565 | Test e:  69.86 
| Epoch  193 | Train e:  97.64, T l:  0.1604 | Val e:  88.79 , Val l: 0.8723 | Test e:  69.86 
| Epoch  194 | Train e:  97.67, T l:  0.1536 | Val e:  88.89 , Val l: 0.8772 | Test e:  69.88 
| Epoch  195 | Train e:  97.61, T l:  0.1608 | Val e:  88.84 , Val l: 0.8529 | Test e:  69.89 
| Epoch  196 | Train e:  97.76, T l:  0.1515 | Val e:  88.82 , Val l: 0.8526 | Test e:  69.86 
| Epoch  197 | Train e:  97.72, T l:  0.1489 | Val e:  88.81 , Val l: 0.8773 | Test e:  69.89 
| Epoch  198 | Train e:  97.70, T l:  0.1590 | Val e:  88.77 , Val l: 0.8737 | Test e:  69.86 
| Epoch  199 | Train e:  97.72, T l:  0.1519 | Val e:  88.74 , Val l: 0.8775 | Test e:  69.87 
