

===============================================
2022-12-19 08:21:43

main_gnnt.py --batch-size 64 --lr 0.0001 --warmup 50 --scheduler-type linear --seeds 23333 --device 1

None

dataset: ogbg-molbbbp
use_node_attr: False
pre_transform: None
transform: None
clean_cache: False
use_public_splits: True
use_val: True
use_val_loss: True
same_best_epoch: False
early_stop: False
scheduler_type: linear
epochs: 200
warmup: 50
batch_size: 64
lr: 0.0001
weight_decay: 0.0001
seeds: 23333
save_state: False
transformer_dropout: 0.1



| Epoch    0 | Train e:  49.72, T l:  1.1137 | Val e:  41.07 , Val l: 0.7195 | Test e:  45.14 
| Epoch    1 | Train e:  48.09, T l:  0.8286 | Val e:  42.91 , Val l: 1.0565 | Test e:  45.10 
| Epoch    2 | Train e:  45.10, T l:  0.5561 | Val e:  42.93 , Val l: 1.8759 | Test e:  43.61 
| Epoch    3 | Train e:  45.04, T l:  0.4677 | Val e:  43.49 , Val l: 2.3796 | Test e:  42.83 
| Epoch    4 | Train e:  47.29, T l:  0.4677 | Val e:  43.62 , Val l: 2.5066 | Test e:  43.74 
| Epoch    5 | Train e:  50.11, T l:  0.4534 | Val e:  43.80 , Val l: 2.4751 | Test e:  44.74 
| Epoch    6 | Train e:  54.50, T l:  0.4617 | Val e:  44.06 , Val l: 2.4836 | Test e:  46.87 
| Epoch    7 | Train e:  57.61, T l:  0.4494 | Val e:  44.45 , Val l: 2.3897 | Test e:  48.69 
| Epoch    8 | Train e:  60.59, T l:  0.4469 | Val e:  45.21 , Val l: 2.5556 | Test e:  49.66 
| Epoch    9 | Train e:  63.13, T l:  0.4483 | Val e:  46.22 , Val l: 2.5563 | Test e:  50.98 
| Epoch   10 | Train e:  63.83, T l:  0.4416 | Val e:  47.04 , Val l: 2.4619 | Test e:  52.20 
| Epoch   11 | Train e:  65.56, T l:  0.4500 | Val e:  47.97 , Val l: 2.5714 | Test e:  53.28 
| Epoch   12 | Train e:  67.10, T l:  0.4442 | Val e:  49.54 , Val l: 2.5651 | Test e:  54.07 
| Epoch   13 | Train e:  65.99, T l:  0.4304 | Val e:  52.11 , Val l: 2.4879 | Test e:  55.88 
| Epoch   14 | Train e:  67.60, T l:  0.4342 | Val e:  54.06 , Val l: 2.7963 | Test e:  57.70 
| Epoch   15 | Train e:  70.07, T l:  0.4257 | Val e:  58.64 , Val l: 2.4392 | Test e:  59.43 
| Epoch   16 | Train e:  73.32, T l:  0.4309 | Val e:  63.92 , Val l: 2.5205 | Test e:  61.11 
| Epoch   17 | Train e:  74.70, T l:  0.4172 | Val e:  67.95 , Val l: 2.6888 | Test e:  62.64 
| Epoch   18 | Train e:  76.44, T l:  0.4198 | Val e:  73.24 , Val l: 2.5084 | Test e:  63.70 
| Epoch   19 | Train e:  78.10, T l:  0.4066 | Val e:  78.04 , Val l: 2.1473 | Test e:  63.76 
| Epoch   20 | Train e:  79.84, T l:  0.4040 | Val e:  81.01 , Val l: 2.2117 | Test e:  64.19 
| Epoch   21 | Train e:  81.33, T l:  0.3969 | Val e:  82.83 , Val l: 2.1088 | Test e:  64.52 
| Epoch   22 | Train e:  81.38, T l:  0.3848 | Val e:  84.91 , Val l: 1.4771 | Test e:  64.53 
| Epoch   23 | Train e:  81.95, T l:  0.3746 | Val e:  85.95 , Val l: 1.7376 | Test e:  64.70 
| Epoch   24 | Train e:  82.58, T l:  0.3703 | Val e:  87.13 , Val l: 1.1426 | Test e:  64.50 
| Epoch   25 | Train e:  82.87, T l:  0.3752 | Val e:  88.49 , Val l: 1.1803 | Test e:  65.00 
| Epoch   26 | Train e:  83.34, T l:  0.3543 | Val e:  88.49 , Val l: 1.0943 | Test e:  64.98 
| Epoch   27 | Train e:  84.56, T l:  0.3465 | Val e:  88.67 , Val l: 1.9334 | Test e:  64.74 
| Epoch   28 | Train e:  84.24, T l:  0.3430 | Val e:  89.08 , Val l: 0.9531 | Test e:  64.23 
| Epoch   29 | Train e:  84.85, T l:  0.3384 | Val e:  89.01 , Val l: 1.4367 | Test e:  63.85 
| Epoch   30 | Train e:  85.27, T l:  0.3544 | Val e:  88.92 , Val l: 0.7722 | Test e:  63.90 
| Epoch   31 | Train e:  85.52, T l:  0.3402 | Val e:  89.97 , Val l: 1.1166 | Test e:  63.76 
| Epoch   32 | Train e:  86.09, T l:  0.3325 | Val e:  90.17 , Val l: 1.0176 | Test e:  63.32 
| Epoch   33 | Train e:  86.89, T l:  0.3317 | Val e:  89.92 , Val l: 1.3395 | Test e:  63.13 
| Epoch   34 | Train e:  87.11, T l:  0.3220 | Val e:  90.28 , Val l: 0.9268 | Test e:  63.08 
| Epoch   35 | Train e:  87.43, T l:  0.3084 | Val e:  90.13 , Val l: 1.1479 | Test e:  63.12 
| Epoch   36 | Train e:  87.81, T l:  0.3127 | Val e:  89.42 , Val l: 0.9180 | Test e:  62.91 
| Epoch   37 | Train e:  87.80, T l:  0.3016 | Val e:  89.97 , Val l: 0.7379 | Test e:  62.12 
| Epoch   38 | Train e:  88.19, T l:  0.3205 | Val e:  89.77 , Val l: 1.3688 | Test e:  63.45 
| Epoch   39 | Train e:  88.76, T l:  0.2976 | Val e:  89.94 , Val l: 1.3331 | Test e:  62.98 
| Epoch   40 | Train e:  88.49, T l:  0.2982 | Val e:  89.90 , Val l: 1.0050 | Test e:  62.71 
| Epoch   41 | Train e:  88.80, T l:  0.3144 | Val e:  88.37 , Val l: 2.2768 | Test e:  63.53 
| Epoch   42 | Train e:  88.92, T l:  0.3206 | Val e:  90.00 , Val l: 0.8954 | Test e:  62.72 
| Epoch   43 | Train e:  88.66, T l:  0.3044 | Val e:  89.94 , Val l: 0.5417 | Test e:  62.33 
| Epoch   44 | Train e:  89.20, T l:  0.3189 | Val e:  90.43 , Val l: 0.7936 | Test e:  62.98 
| Epoch   45 | Train e:  89.72, T l:  0.2991 | Val e:  90.50 , Val l: 0.7412 | Test e:  63.13 
| Epoch   46 | Train e:  89.88, T l:  0.2847 | Val e:  89.87 , Val l: 0.7471 | Test e:  63.19 
| Epoch   47 | Train e:  90.27, T l:  0.2850 | Val e:  90.03 , Val l: 1.2931 | Test e:  63.25 
| Epoch   48 | Train e:  89.93, T l:  0.2857 | Val e:  89.76 , Val l: 1.3781 | Test e:  63.30 
| Epoch   49 | Train e:  90.59, T l:  0.2754 | Val e:  89.96 , Val l: 1.0958 | Test e:  63.24 
| Epoch   50 | Train e:  90.14, T l:  0.2682 | Val e:  90.54 , Val l: 0.7143 | Test e:  63.17 
| Epoch   51 | Train e:  91.13, T l:  0.2636 | Val e:  89.55 , Val l: 0.9983 | Test e:  64.02 
| Epoch   52 | Train e:  91.30, T l:  0.2635 | Val e:  89.33 , Val l: 0.8498 | Test e:  64.00 
| Epoch   53 | Train e:  90.90, T l:  0.2897 | Val e:  90.15 , Val l: 1.1115 | Test e:  64.34 
| Epoch   54 | Train e:  91.22, T l:  0.2666 | Val e:  90.41 , Val l: 0.9664 | Test e:  64.33 
| Epoch   55 | Train e:  91.39, T l:  0.2585 | Val e:  90.30 , Val l: 0.5974 | Test e:  63.39 
| Epoch   56 | Train e:  91.22, T l:  0.2694 | Val e:  90.74 , Val l: 0.5991 | Test e:  63.15 
| Epoch   57 | Train e:  91.55, T l:  0.2874 | Val e:  90.68 , Val l: 0.6500 | Test e:  63.67 
| Epoch   58 | Train e:  91.47, T l:  0.2560 | Val e:  90.42 , Val l: 0.5530 | Test e:  63.72 
| Epoch   59 | Train e:  91.59, T l:  0.2770 | Val e:  91.03 , Val l: 0.5057 | Test e:  63.55 
| Epoch   60 | Train e:  91.64, T l:  0.2549 | Val e:  90.87 , Val l: 0.5454 | Test e:  63.06 
| Epoch   61 | Train e:  91.95, T l:  0.2549 | Val e:  90.74 , Val l: 0.6925 | Test e:  64.39 
| Epoch   62 | Train e:  92.30, T l:  0.2433 | Val e:  90.16 , Val l: 0.8937 | Test e:  64.77 
| Epoch   63 | Train e:  92.20, T l:  0.2537 | Val e:  90.68 , Val l: 0.7369 | Test e:  66.10 
| Epoch   64 | Train e:  92.29, T l:  0.2457 | Val e:  90.84 , Val l: 0.7982 | Test e:  65.30 
| Epoch   65 | Train e:  92.37, T l:  0.2573 | Val e:  90.23 , Val l: 1.0469 | Test e:  65.89 
| Epoch   66 | Train e:  92.41, T l:  0.2458 | Val e:  91.13 , Val l: 0.6203 | Test e:  64.54 
| Epoch   67 | Train e:  92.97, T l:  0.2574 | Val e:  90.44 , Val l: 0.6956 | Test e:  66.70 
| Epoch   68 | Train e:  92.69, T l:  0.2524 | Val e:  90.31 , Val l: 1.0840 | Test e:  66.10 
| Epoch   69 | Train e:  92.80, T l:  0.2457 | Val e:  90.77 , Val l: 0.5830 | Test e:  65.95 
| Epoch   70 | Train e:  93.10, T l:  0.2477 | Val e:  90.32 , Val l: 0.6588 | Test e:  66.45 
| Epoch   71 | Train e:  93.13, T l:  0.2570 | Val e:  90.37 , Val l: 0.7366 | Test e:  66.72 
| Epoch   72 | Train e:  93.27, T l:  0.2366 | Val e:  90.70 , Val l: 0.6833 | Test e:  66.05 
| Epoch   73 | Train e:  93.36, T l:  0.2341 | Val e:  90.46 , Val l: 0.6685 | Test e:  66.11 
| Epoch   74 | Train e:  93.16, T l:  0.2447 | Val e:  91.40 , Val l: 0.5672 | Test e:  67.25 
| Epoch   75 | Train e:  93.44, T l:  0.2341 | Val e:  90.78 , Val l: 0.6527 | Test e:  66.20 
| Epoch   76 | Train e:  93.63, T l:  0.2327 | Val e:  90.18 , Val l: 0.7193 | Test e:  66.14 
| Epoch   77 | Train e:  93.74, T l:  0.2265 | Val e:  90.29 , Val l: 0.8696 | Test e:  67.55 
| Epoch   78 | Train e:  93.67, T l:  0.2270 | Val e:  90.66 , Val l: 0.6660 | Test e:  67.16 
| Epoch   79 | Train e:  93.76, T l:  0.2464 | Val e:  91.21 , Val l: 0.6242 | Test e:  67.56 
| Epoch   80 | Train e:  93.90, T l:  0.2254 | Val e:  91.17 , Val l: 0.6447 | Test e:  67.92 
| Epoch   81 | Train e:  93.70, T l:  0.2398 | Val e:  90.88 , Val l: 0.5416 | Test e:  67.61 
| Epoch   82 | Train e:  93.88, T l:  0.2435 | Val e:  90.55 , Val l: 0.7623 | Test e:  68.12 
| Epoch   83 | Train e:  93.79, T l:  0.2188 | Val e:  90.98 , Val l: 0.6592 | Test e:  67.74 
| Epoch   84 | Train e:  93.90, T l:  0.2357 | Val e:  90.20 , Val l: 0.8495 | Test e:  67.50 
| Epoch   85 | Train e:  93.80, T l:  0.2221 | Val e:  90.10 , Val l: 0.9805 | Test e:  67.09 
| Epoch   86 | Train e:  93.92, T l:  0.2314 | Val e:  90.76 , Val l: 0.7498 | Test e:  67.40 
| Epoch   87 | Train e:  94.14, T l:  0.2255 | Val e:  90.40 , Val l: 0.7367 | Test e:  67.71 
| Epoch   88 | Train e:  94.35, T l:  0.2222 | Val e:  91.33 , Val l: 0.5067 | Test e:  68.61 
| Epoch   89 | Train e:  94.49, T l:  0.2309 | Val e:  91.06 , Val l: 0.6617 | Test e:  68.33 
| Epoch   90 | Train e:  94.09, T l:  0.2255 | Val e:  89.84 , Val l: 1.1820 | Test e:  67.73 
| Epoch   91 | Train e:  94.36, T l:  0.2358 | Val e:  91.15 , Val l: 0.5598 | Test e:  68.44 
| Epoch   92 | Train e:  94.40, T l:  0.2198 | Val e:  90.83 , Val l: 0.5351 | Test e:  68.33 
| Epoch   93 | Train e:  94.42, T l:  0.2276 | Val e:  90.95 , Val l: 0.7022 | Test e:  68.15 
| Epoch   94 | Train e:  94.17, T l:  0.2318 | Val e:  89.39 , Val l: 1.2691 | Test e:  67.67 
| Epoch   95 | Train e:  94.53, T l:  0.2374 | Val e:  90.95 , Val l: 0.6097 | Test e:  69.13 
| Epoch   96 | Train e:  94.34, T l:  0.2159 | Val e:  90.54 , Val l: 0.8712 | Test e:  68.50 
| Epoch   97 | Train e:  94.60, T l:  0.2142 | Val e:  90.03 , Val l: 0.9266 | Test e:  68.35 
| Epoch   98 | Train e:  94.73, T l:  0.2211 | Val e:  91.44 , Val l: 0.6304 | Test e:  68.82 
| Epoch   99 | Train e:  94.71, T l:  0.2200 | Val e:  90.87 , Val l: 0.5413 | Test e:  68.69 
| Epoch  100 | Train e:  94.83, T l:  0.2315 | Val e:  90.95 , Val l: 0.6322 | Test e:  68.66 
| Epoch  101 | Train e:  94.77, T l:  0.2183 | Val e:  90.67 , Val l: 0.8092 | Test e:  68.78 
| Epoch  102 | Train e:  94.84, T l:  0.2290 | Val e:  91.05 , Val l: 0.5352 | Test e:  69.36 
| Epoch  103 | Train e:  94.99, T l:  0.2023 | Val e:  91.13 , Val l: 0.6404 | Test e:  68.91 
| Epoch  104 | Train e:  95.02, T l:  0.2152 | Val e:  91.03 , Val l: 0.7464 | Test e:  68.79 
| Epoch  105 | Train e:  95.21, T l:  0.2172 | Val e:  90.39 , Val l: 0.6833 | Test e:  69.70 
| Epoch  106 | Train e:  95.26, T l:  0.2145 | Val e:  91.13 , Val l: 0.6677 | Test e:  69.71 
| Epoch  107 | Train e:  95.05, T l:  0.2138 | Val e:  90.94 , Val l: 0.6411 | Test e:  68.79 
| Epoch  108 | Train e:  95.35, T l:  0.2094 | Val e:  91.12 , Val l: 0.6929 | Test e:  70.18 
| Epoch  109 | Train e:  95.32, T l:  0.2164 | Val e:  91.63 , Val l: 0.4889 | Test e:  69.60 
| Epoch  110 | Train e:  95.31, T l:  0.2230 | Val e:  91.33 , Val l: 0.7129 | Test e:  69.81 
| Epoch  111 | Train e:  95.39, T l:  0.2079 | Val e:  91.12 , Val l: 0.5610 | Test e:  69.57 
| Epoch  112 | Train e:  95.46, T l:  0.2024 | Val e:  90.86 , Val l: 0.7226 | Test e:  69.56 
| Epoch  113 | Train e:  95.49, T l:  0.2029 | Val e:  90.87 , Val l: 0.7007 | Test e:  70.34 
| Epoch  114 | Train e:  95.50, T l:  0.2067 | Val e:  91.26 , Val l: 0.6537 | Test e:  69.90 
| Epoch  115 | Train e:  95.58, T l:  0.1983 | Val e:  91.23 , Val l: 0.6735 | Test e:  70.76 
| Epoch  116 | Train e:  95.67, T l:  0.1955 | Val e:  91.59 , Val l: 0.7405 | Test e:  70.97 
| Epoch  117 | Train e:  95.65, T l:  0.1965 | Val e:  90.81 , Val l: 0.7381 | Test e:  70.37 
| Epoch  118 | Train e:  95.77, T l:  0.1943 | Val e:  90.79 , Val l: 0.6838 | Test e:  70.55 
| Epoch  119 | Train e:  95.76, T l:  0.2177 | Val e:  91.31 , Val l: 0.5523 | Test e:  71.12 
| Epoch  120 | Train e:  95.63, T l:  0.2108 | Val e:  91.07 , Val l: 0.7406 | Test e:  70.30 
| Epoch  121 | Train e:  95.66, T l:  0.2057 | Val e:  91.11 , Val l: 0.6686 | Test e:  70.14 
| Epoch  122 | Train e:  95.46, T l:  0.1946 | Val e:  90.63 , Val l: 0.8409 | Test e:  69.05 
| Epoch  123 | Train e:  95.80, T l:  0.1861 | Val e:  91.04 , Val l: 0.7281 | Test e:  70.55 
| Epoch  124 | Train e:  95.69, T l:  0.1932 | Val e:  90.62 , Val l: 0.7741 | Test e:  69.91 
| Epoch  125 | Train e:  95.88, T l:  0.2019 | Val e:  91.69 , Val l: 0.6024 | Test e:  70.56 
| Epoch  126 | Train e:  95.94, T l:  0.1907 | Val e:  91.48 , Val l: 0.5751 | Test e:  70.57 
| Epoch  127 | Train e:  95.98, T l:  0.1904 | Val e:  91.26 , Val l: 0.7042 | Test e:  70.93 
| Epoch  128 | Train e:  95.85, T l:  0.1876 | Val e:  91.12 , Val l: 0.8860 | Test e:  70.31 
| Epoch  129 | Train e:  95.99, T l:  0.1960 | Val e:  90.45 , Val l: 0.7752 | Test e:  70.25 
| Epoch  130 | Train e:  96.07, T l:  0.1929 | Val e:  90.46 , Val l: 0.7975 | Test e:  70.16 
| Epoch  131 | Train e:  96.06, T l:  0.1984 | Val e:  91.57 , Val l: 0.5491 | Test e:  70.69 
| Epoch  132 | Train e:  96.14, T l:  0.1920 | Val e:  90.95 , Val l: 0.7271 | Test e:  70.55 
| Epoch  133 | Train e:  96.00, T l:  0.1848 | Val e:  90.47 , Val l: 0.8094 | Test e:  69.57 
| Epoch  134 | Train e:  96.22, T l:  0.1950 | Val e:  91.08 , Val l: 0.6270 | Test e:  71.23 
| Epoch  135 | Train e:  96.12, T l:  0.1918 | Val e:  91.25 , Val l: 0.5774 | Test e:  70.75 
| Epoch  136 | Train e:  96.25, T l:  0.1909 | Val e:  90.83 , Val l: 0.6661 | Test e:  70.66 
| Epoch  137 | Train e:  96.18, T l:  0.1890 | Val e:  90.99 , Val l: 0.6670 | Test e:  71.15 
| Epoch  138 | Train e:  96.27, T l:  0.1829 | Val e:  91.27 , Val l: 0.6210 | Test e:  71.08 
| Epoch  139 | Train e:  96.20, T l:  0.1908 | Val e:  90.61 , Val l: 0.8555 | Test e:  70.75 
| Epoch  140 | Train e:  96.25, T l:  0.1955 | Val e:  91.39 , Val l: 0.6131 | Test e:  71.05 
| Epoch  141 | Train e:  96.17, T l:  0.1917 | Val e:  90.30 , Val l: 0.9281 | Test e:  69.97 
| Epoch  142 | Train e:  96.25, T l:  0.1807 | Val e:  90.66 , Val l: 0.7962 | Test e:  70.65 
| Epoch  143 | Train e:  96.20, T l:  0.1882 | Val e:  90.95 , Val l: 0.7289 | Test e:  70.05 
| Epoch  144 | Train e:  96.17, T l:  0.1862 | Val e:  89.89 , Val l: 1.0014 | Test e:  70.12 
| Epoch  145 | Train e:  96.41, T l:  0.1857 | Val e:  90.51 , Val l: 0.7727 | Test e:  71.01 
| Epoch  146 | Train e:  96.37, T l:  0.1824 | Val e:  91.00 , Val l: 0.6356 | Test e:  71.22 
| Epoch  147 | Train e:  96.37, T l:  0.2014 | Val e:  90.70 , Val l: 0.5844 | Test e:  71.66 
| Epoch  148 | Train e:  96.32, T l:  0.1962 | Val e:  90.05 , Val l: 0.9969 | Test e:  70.75 
| Epoch  149 | Train e:  96.50, T l:  0.1875 | Val e:  90.88 , Val l: 0.7340 | Test e:  71.27 
| Epoch  150 | Train e:  96.32, T l:  0.1865 | Val e:  89.86 , Val l: 0.8668 | Test e:  71.05 
| Epoch  151 | Train e:  96.54, T l:  0.1870 | Val e:  90.69 , Val l: 0.7456 | Test e:  71.40 
| Epoch  152 | Train e:  96.57, T l:  0.1789 | Val e:  90.72 , Val l: 0.6680 | Test e:  71.38 
| Epoch  153 | Train e:  96.62, T l:  0.1876 | Val e:  91.06 , Val l: 0.6704 | Test e:  71.05 
| Epoch  154 | Train e:  96.40, T l:  0.1838 | Val e:  90.32 , Val l: 0.8126 | Test e:  71.06 
| Epoch  155 | Train e:  96.54, T l:  0.1873 | Val e:  90.76 , Val l: 0.7018 | Test e:  71.45 
| Epoch  156 | Train e:  96.56, T l:  0.1773 | Val e:  90.71 , Val l: 0.7555 | Test e:  71.36 
| Epoch  157 | Train e:  96.54, T l:  0.1843 | Val e:  90.00 , Val l: 0.9708 | Test e:  70.56 
| Epoch  158 | Train e:  96.56, T l:  0.1815 | Val e:  91.00 , Val l: 0.6554 | Test e:  71.66 
| Epoch  159 | Train e:  96.56, T l:  0.1792 | Val e:  90.80 , Val l: 0.7555 | Test e:  70.60 
| Epoch  160 | Train e:  96.43, T l:  0.1805 | Val e:  90.40 , Val l: 1.0313 | Test e:  70.34 
| Epoch  161 | Train e:  96.67, T l:  0.1774 | Val e:  90.87 , Val l: 0.7713 | Test e:  71.47 
| Epoch  162 | Train e:  96.63, T l:  0.1837 | Val e:  90.44 , Val l: 0.7821 | Test e:  71.34 
| Epoch  163 | Train e:  96.63, T l:  0.1866 | Val e:  90.68 , Val l: 0.6602 | Test e:  71.61 
| Epoch  164 | Train e:  96.72, T l:  0.1814 | Val e:  90.92 , Val l: 0.7238 | Test e:  71.60 
| Epoch  165 | Train e:  96.57, T l:  0.1765 | Val e:  90.30 , Val l: 0.7721 | Test e:  71.53 
| Epoch  166 | Train e:  96.70, T l:  0.1757 | Val e:  90.42 , Val l: 0.6984 | Test e:  71.55 
| Epoch  167 | Train e:  96.78, T l:  0.1819 | Val e:  91.40 , Val l: 0.5925 | Test e:  71.55 
| Epoch  168 | Train e:  96.74, T l:  0.1834 | Val e:  90.66 , Val l: 0.7032 | Test e:  71.96 
| Epoch  169 | Train e:  96.73, T l:  0.1818 | Val e:  90.43 , Val l: 0.7831 | Test e:  71.80 
| Epoch  170 | Train e:  96.63, T l:  0.1765 | Val e:  89.93 , Val l: 0.8814 | Test e:  71.50 
| Epoch  171 | Train e:  96.75, T l:  0.1763 | Val e:  90.39 , Val l: 0.8023 | Test e:  71.04 
| Epoch  172 | Train e:  96.66, T l:  0.1719 | Val e:  90.64 , Val l: 0.7266 | Test e:  70.90 
| Epoch  173 | Train e:  96.80, T l:  0.1808 | Val e:  90.72 , Val l: 0.7145 | Test e:  71.82 
| Epoch  174 | Train e:  96.78, T l:  0.1805 | Val e:  90.35 , Val l: 0.7786 | Test e:  71.79 
| Epoch  175 | Train e:  96.92, T l:  0.1748 | Val e:  90.85 , Val l: 0.6524 | Test e:  71.68 
| Epoch  176 | Train e:  96.80, T l:  0.1809 | Val e:  90.58 , Val l: 0.6644 | Test e:  71.79 
| Epoch  177 | Train e:  96.72, T l:  0.1779 | Val e:  90.27 , Val l: 0.9289 | Test e:  71.64 
| Epoch  178 | Train e:  96.83, T l:  0.1784 | Val e:  90.39 , Val l: 0.7341 | Test e:  72.20 
| Epoch  179 | Train e:  96.77, T l:  0.1692 | Val e:  90.34 , Val l: 0.7599 | Test e:  72.10 
| Epoch  180 | Train e:  97.00, T l:  0.1657 | Val e:  90.71 , Val l: 0.7106 | Test e:  72.04 
| Epoch  181 | Train e:  96.87, T l:  0.1708 | Val e:  90.41 , Val l: 0.7614 | Test e:  72.10 
| Epoch  182 | Train e:  96.82, T l:  0.1613 | Val e:  90.44 , Val l: 0.7079 | Test e:  72.05 
| Epoch  183 | Train e:  96.78, T l:  0.1737 | Val e:  90.20 , Val l: 0.8405 | Test e:  71.64 
| Epoch  184 | Train e:  96.95, T l:  0.1724 | Val e:  90.34 , Val l: 0.7621 | Test e:  71.86 
| Epoch  185 | Train e:  96.87, T l:  0.1746 | Val e:  90.36 , Val l: 0.7636 | Test e:  71.91 
| Epoch  186 | Train e:  96.89, T l:  0.1712 | Val e:  90.29 , Val l: 0.7463 | Test e:  71.77 
| Epoch  187 | Train e:  96.93, T l:  0.1747 | Val e:  90.21 , Val l: 0.8082 | Test e:  71.88 
| Epoch  188 | Train e:  96.93, T l:  0.1705 | Val e:  90.26 , Val l: 0.8080 | Test e:  72.01 
| Epoch  189 | Train e:  96.95, T l:  0.1704 | Val e:  90.17 , Val l: 0.8226 | Test e:  71.67 
| Epoch  190 | Train e:  96.91, T l:  0.1714 | Val e:  90.34 , Val l: 0.7482 | Test e:  71.86 
| Epoch  191 | Train e:  96.85, T l:  0.1670 | Val e:  89.96 , Val l: 0.8774 | Test e:  71.48 
| Epoch  192 | Train e:  96.91, T l:  0.1645 | Val e:  90.17 , Val l: 0.7858 | Test e:  71.92 
| Epoch  193 | Train e:  96.91, T l:  0.1692 | Val e:  90.16 , Val l: 0.7952 | Test e:  71.64 
| Epoch  194 | Train e:  96.89, T l:  0.1823 | Val e:  90.18 , Val l: 0.7807 | Test e:  71.76 
| Epoch  195 | Train e:  96.82, T l:  0.1656 | Val e:  90.15 , Val l: 0.8112 | Test e:  71.73 
| Epoch  196 | Train e:  96.94, T l:  0.1671 | Val e:  90.23 , Val l: 0.7777 | Test e:  71.69 
| Epoch  197 | Train e:  96.93, T l:  0.1673 | Val e:  90.16 , Val l: 0.7836 | Test e:  71.73 
| Epoch  198 | Train e:  97.01, T l:  0.1639 | Val e:  90.26 , Val l: 0.7762 | Test e:  71.72 
| Epoch  199 | Train e:  96.92, T l:  0.1787 | Val e:  90.26 , Val l: 0.7743 | Test e:  71.73 
