

===============================================
2022-12-24 16:56:05

main_parallel.py --batch-size 64 --lr 0.0001 --warmup 50 --scheduler-type linear --seeds 2333 --device 5

None

dataset: ogbg-molbbbp
use_node_attr: False
pre_transform: None
transform: None
clean_cache: False
use_public_splits: True
use_val: True
use_val_loss: True
same_best_epoch: False
early_stop: False
scheduler_type: linear
epochs: 200
warmup: 50
batch_size: 64
lr: 0.0001
weight_decay: 0.0001
seeds: 2333
save_state: False
transformer_dropout: 0.1



| Epoch    0 | Train e:  53.98, T l:  2.7614 | Val e:  69.73 , Val l: 1.5358 | Test e:  48.46 
| Epoch    1 | Train e:  53.17, T l:  2.3283 | Val e:  72.50 , Val l: 1.1452 | Test e:  47.60 
| Epoch    2 | Train e:  52.04, T l:  1.5015 | Val e:  75.23 , Val l: 0.6895 | Test e:  47.69 
| Epoch    3 | Train e:  52.30, T l:  0.7859 | Val e:  76.40 , Val l: 0.6713 | Test e:  47.56 
| Epoch    4 | Train e:  52.01, T l:  0.5173 | Val e:  77.11 , Val l: 0.9355 | Test e:  47.86 
| Epoch    5 | Train e:  53.40, T l:  0.4682 | Val e:  77.78 , Val l: 1.0598 | Test e:  48.50 
| Epoch    6 | Train e:  54.30, T l:  0.4721 | Val e:  78.77 , Val l: 1.0656 | Test e:  49.23 
| Epoch    7 | Train e:  56.81, T l:  0.4705 | Val e:  79.68 , Val l: 1.0529 | Test e:  50.01 
| Epoch    8 | Train e:  59.82, T l:  0.4561 | Val e:  81.02 , Val l: 1.0491 | Test e:  50.95 
| Epoch    9 | Train e:  61.65, T l:  0.4505 | Val e:  82.40 , Val l: 1.0837 | Test e:  52.21 
| Epoch   10 | Train e:  65.01, T l:  0.4431 | Val e:  83.77 , Val l: 1.0436 | Test e:  53.89 
| Epoch   11 | Train e:  67.53, T l:  0.4402 | Val e:  84.67 , Val l: 1.0338 | Test e:  55.46 
| Epoch   12 | Train e:  70.35, T l:  0.4452 | Val e:  85.15 , Val l: 1.0634 | Test e:  57.41 
| Epoch   13 | Train e:  73.08, T l:  0.4236 | Val e:  85.38 , Val l: 1.0259 | Test e:  58.93 
| Epoch   14 | Train e:  75.12, T l:  0.4206 | Val e:  84.69 , Val l: 1.0127 | Test e:  60.35 
| Epoch   15 | Train e:  76.65, T l:  0.4154 | Val e:  83.33 , Val l: 0.9813 | Test e:  61.57 
| Epoch   16 | Train e:  77.53, T l:  0.4114 | Val e:  82.89 , Val l: 1.0599 | Test e:  62.33 
| Epoch   17 | Train e:  78.73, T l:  0.3992 | Val e:  82.12 , Val l: 0.9804 | Test e:  63.17 
| Epoch   18 | Train e:  79.43, T l:  0.3956 | Val e:  82.15 , Val l: 1.0451 | Test e:  63.57 
| Epoch   19 | Train e:  79.73, T l:  0.3832 | Val e:  82.02 , Val l: 1.0439 | Test e:  64.00 
| Epoch   20 | Train e:  80.67, T l:  0.3804 | Val e:  81.76 , Val l: 1.0459 | Test e:  64.54 
| Epoch   21 | Train e:  80.45, T l:  0.3693 | Val e:  81.84 , Val l: 1.0446 | Test e:  64.65 
| Epoch   22 | Train e:  80.71, T l:  0.3641 | Val e:  81.77 , Val l: 1.0459 | Test e:  64.89 
| Epoch   23 | Train e:  81.70, T l:  0.3582 | Val e:  81.34 , Val l: 0.8175 | Test e:  65.45 
| Epoch   24 | Train e:  82.90, T l:  0.3582 | Val e:  82.34 , Val l: 1.0452 | Test e:  65.29 
| Epoch   25 | Train e:  82.52, T l:  0.3502 | Val e:  82.25 , Val l: 1.0690 | Test e:  65.47 
| Epoch   26 | Train e:  83.02, T l:  0.3464 | Val e:  82.19 , Val l: 1.2311 | Test e:  65.20 
| Epoch   27 | Train e:  83.61, T l:  0.3465 | Val e:  82.17 , Val l: 1.1124 | Test e:  65.32 
| Epoch   28 | Train e:  83.41, T l:  0.3405 | Val e:  82.42 , Val l: 1.0804 | Test e:  65.33 
| Epoch   29 | Train e:  84.49, T l:  0.3320 | Val e:  83.26 , Val l: 1.3014 | Test e:  65.32 
| Epoch   30 | Train e:  84.90, T l:  0.3385 | Val e:  83.40 , Val l: 1.0163 | Test e:  65.72 
| Epoch   31 | Train e:  85.36, T l:  0.3305 | Val e:  83.42 , Val l: 1.0149 | Test e:  65.58 
| Epoch   32 | Train e:  85.70, T l:  0.3239 | Val e:  83.76 , Val l: 1.0641 | Test e:  65.33 
| Epoch   33 | Train e:  86.32, T l:  0.3184 | Val e:  84.17 , Val l: 1.1035 | Test e:  65.49 
| Epoch   34 | Train e:  86.67, T l:  0.3200 | Val e:  84.33 , Val l: 0.8939 | Test e:  65.22 
| Epoch   35 | Train e:  86.71, T l:  0.3308 | Val e:  84.09 , Val l: 0.7776 | Test e:  65.24 
| Epoch   36 | Train e:  86.74, T l:  0.3210 | Val e:  85.14 , Val l: 0.9105 | Test e:  65.31 
| Epoch   37 | Train e:  87.19, T l:  0.3029 | Val e:  85.42 , Val l: 0.7794 | Test e:  65.46 
| Epoch   38 | Train e:  87.95, T l:  0.3103 | Val e:  85.28 , Val l: 0.8696 | Test e:  65.43 
| Epoch   39 | Train e:  88.38, T l:  0.3097 | Val e:  85.44 , Val l: 0.6915 | Test e:  65.38 
| Epoch   40 | Train e:  88.48, T l:  0.3110 | Val e:  85.03 , Val l: 0.9910 | Test e:  65.37 
| Epoch   41 | Train e:  88.49, T l:  0.2996 | Val e:  84.76 , Val l: 0.8384 | Test e:  65.22 
| Epoch   42 | Train e:  88.70, T l:  0.3023 | Val e:  85.20 , Val l: 0.9336 | Test e:  65.24 
| Epoch   43 | Train e:  88.76, T l:  0.2929 | Val e:  84.57 , Val l: 0.6285 | Test e:  64.80 
| Epoch   44 | Train e:  89.17, T l:  0.3204 | Val e:  85.50 , Val l: 0.9102 | Test e:  65.08 
| Epoch   45 | Train e:  88.79, T l:  0.2944 | Val e:  85.92 , Val l: 0.6150 | Test e:  64.84 
| Epoch   46 | Train e:  89.52, T l:  0.3053 | Val e:  85.65 , Val l: 0.7628 | Test e:  64.87 
| Epoch   47 | Train e:  89.70, T l:  0.2825 | Val e:  85.63 , Val l: 0.8816 | Test e:  64.70 
| Epoch   48 | Train e:  89.65, T l:  0.2890 | Val e:  85.51 , Val l: 1.0427 | Test e:  64.69 
| Epoch   49 | Train e:  89.84, T l:  0.2762 | Val e:  85.01 , Val l: 0.7316 | Test e:  64.18 
| Epoch   50 | Train e:  90.09, T l:  0.2796 | Val e:  84.78 , Val l: 1.0602 | Test e:  64.78 
| Epoch   51 | Train e:  90.22, T l:  0.2947 | Val e:  86.14 , Val l: 1.0023 | Test e:  64.32 
| Epoch   52 | Train e:  90.15, T l:  0.2916 | Val e:  86.68 , Val l: 0.7048 | Test e:  64.00 
| Epoch   53 | Train e:  90.56, T l:  0.2771 | Val e:  86.55 , Val l: 1.0909 | Test e:  64.82 
| Epoch   54 | Train e:  90.33, T l:  0.2795 | Val e:  86.56 , Val l: 0.6450 | Test e:  63.68 
| Epoch   55 | Train e:  90.63, T l:  0.2796 | Val e:  85.80 , Val l: 0.8875 | Test e:  64.79 
| Epoch   56 | Train e:  90.26, T l:  0.2718 | Val e:  84.57 , Val l: 0.7381 | Test e:  65.00 
| Epoch   57 | Train e:  90.78, T l:  0.2749 | Val e:  86.91 , Val l: 0.5994 | Test e:  63.54 
| Epoch   58 | Train e:  91.04, T l:  0.2747 | Val e:  87.20 , Val l: 0.8474 | Test e:  64.63 
| Epoch   59 | Train e:  90.94, T l:  0.2725 | Val e:  86.27 , Val l: 0.6331 | Test e:  64.77 
| Epoch   60 | Train e:  91.10, T l:  0.2657 | Val e:  86.70 , Val l: 0.6795 | Test e:  63.83 
| Epoch   61 | Train e:  91.40, T l:  0.2690 | Val e:  86.80 , Val l: 0.7128 | Test e:  64.50 
| Epoch   62 | Train e:  91.71, T l:  0.2574 | Val e:  86.68 , Val l: 0.7345 | Test e:  64.17 
| Epoch   63 | Train e:  91.46, T l:  0.2727 | Val e:  87.19 , Val l: 0.9253 | Test e:  64.21 
| Epoch   64 | Train e:  91.68, T l:  0.2613 | Val e:  86.82 , Val l: 0.7010 | Test e:  64.78 
| Epoch   65 | Train e:  91.88, T l:  0.2643 | Val e:  86.71 , Val l: 0.6491 | Test e:  64.61 
| Epoch   66 | Train e:  91.99, T l:  0.2605 | Val e:  86.47 , Val l: 0.8649 | Test e:  65.31 
| Epoch   67 | Train e:  92.10, T l:  0.2576 | Val e:  87.21 , Val l: 0.8943 | Test e:  64.78 
| Epoch   68 | Train e:  92.01, T l:  0.2582 | Val e:  87.86 , Val l: 0.7592 | Test e:  64.62 
| Epoch   69 | Train e:  92.06, T l:  0.2397 | Val e:  86.47 , Val l: 0.6847 | Test e:  64.92 
| Epoch   70 | Train e:  92.55, T l:  0.2607 | Val e:  87.96 , Val l: 0.6010 | Test e:  65.20 
| Epoch   71 | Train e:  92.60, T l:  0.2516 | Val e:  88.61 , Val l: 0.7108 | Test e:  65.04 
| Epoch   72 | Train e:  92.82, T l:  0.2524 | Val e:  88.74 , Val l: 0.6708 | Test e:  64.94 
| Epoch   73 | Train e:  92.67, T l:  0.2467 | Val e:  88.30 , Val l: 0.5337 | Test e:  64.75 
| Epoch   74 | Train e:  93.09, T l:  0.2449 | Val e:  88.45 , Val l: 0.7160 | Test e:  65.78 
| Epoch   75 | Train e:  93.36, T l:  0.2462 | Val e:  88.16 , Val l: 1.0549 | Test e:  66.46 
| Epoch   76 | Train e:  92.58, T l:  0.2493 | Val e:  88.93 , Val l: 0.5424 | Test e:  65.15 
| Epoch   77 | Train e:  92.60, T l:  0.2385 | Val e:  87.98 , Val l: 0.6288 | Test e:  64.21 
| Epoch   78 | Train e:  92.15, T l:  0.2472 | Val e:  88.26 , Val l: 0.4932 | Test e:  63.78 
| Epoch   79 | Train e:  93.13, T l:  0.2570 | Val e:  88.46 , Val l: 0.6125 | Test e:  66.65 
| Epoch   80 | Train e:  93.43, T l:  0.2400 | Val e:  87.44 , Val l: 0.9538 | Test e:  66.02 
| Epoch   81 | Train e:  93.83, T l:  0.2434 | Val e:  88.74 , Val l: 0.6244 | Test e:  65.92 
| Epoch   82 | Train e:  93.78, T l:  0.2365 | Val e:  87.78 , Val l: 0.7390 | Test e:  65.93 
| Epoch   83 | Train e:  93.89, T l:  0.2312 | Val e:  88.58 , Val l: 0.6579 | Test e:  66.07 
| Epoch   84 | Train e:  94.08, T l:  0.2534 | Val e:  88.01 , Val l: 1.2021 | Test e:  66.86 
| Epoch   85 | Train e:  94.01, T l:  0.2397 | Val e:  88.34 , Val l: 0.7438 | Test e:  66.64 
| Epoch   86 | Train e:  93.85, T l:  0.2256 | Val e:  87.96 , Val l: 0.6926 | Test e:  66.37 
| Epoch   87 | Train e:  94.14, T l:  0.2334 | Val e:  87.93 , Val l: 0.6421 | Test e:  66.78 
| Epoch   88 | Train e:  94.30, T l:  0.2235 | Val e:  87.80 , Val l: 0.8102 | Test e:  66.81 
| Epoch   89 | Train e:  94.46, T l:  0.2461 | Val e:  88.11 , Val l: 0.8832 | Test e:  67.06 
| Epoch   90 | Train e:  94.22, T l:  0.2197 | Val e:  87.88 , Val l: 0.6397 | Test e:  66.11 
| Epoch   91 | Train e:  94.43, T l:  0.2322 | Val e:  87.57 , Val l: 0.7923 | Test e:  66.85 
| Epoch   92 | Train e:  93.99, T l:  0.2214 | Val e:  88.18 , Val l: 0.6343 | Test e:  65.70 
| Epoch   93 | Train e:  94.51, T l:  0.2270 | Val e:  88.01 , Val l: 0.6013 | Test e:  66.47 
| Epoch   94 | Train e:  94.65, T l:  0.2260 | Val e:  88.17 , Val l: 0.6882 | Test e:  66.65 
| Epoch   95 | Train e:  94.50, T l:  0.2164 | Val e:  88.12 , Val l: 0.7353 | Test e:  66.78 
| Epoch   96 | Train e:  94.72, T l:  0.2210 | Val e:  88.68 , Val l: 0.6519 | Test e:  66.61 
| Epoch   97 | Train e:  94.40, T l:  0.2227 | Val e:  88.68 , Val l: 0.4808 | Test e:  65.95 
| Epoch   98 | Train e:  94.49, T l:  0.2358 | Val e:  88.87 , Val l: 0.5877 | Test e:  65.84 
| Epoch   99 | Train e:  94.85, T l:  0.2033 | Val e:  88.47 , Val l: 0.5618 | Test e:  66.74 
| Epoch  100 | Train e:  95.29, T l:  0.2079 | Val e:  87.57 , Val l: 0.8281 | Test e:  66.77 
| Epoch  101 | Train e:  95.28, T l:  0.2147 | Val e:  87.89 , Val l: 0.7478 | Test e:  66.27 
| Epoch  102 | Train e:  94.83, T l:  0.2100 | Val e:  88.15 , Val l: 0.5627 | Test e:  65.72 
| Epoch  103 | Train e:  95.16, T l:  0.2166 | Val e:  87.04 , Val l: 1.0847 | Test e:  67.61 
| Epoch  104 | Train e:  94.97, T l:  0.2259 | Val e:  88.86 , Val l: 0.5810 | Test e:  66.93 
| Epoch  105 | Train e:  95.56, T l:  0.2142 | Val e:  87.68 , Val l: 0.8558 | Test e:  66.69 
| Epoch  106 | Train e:  95.21, T l:  0.2112 | Val e:  88.31 , Val l: 0.5708 | Test e:  66.55 
| Epoch  107 | Train e:  95.49, T l:  0.2058 | Val e:  88.30 , Val l: 0.6949 | Test e:  66.71 
| Epoch  108 | Train e:  95.66, T l:  0.1943 | Val e:  88.01 , Val l: 0.6139 | Test e:  67.55 
| Epoch  109 | Train e:  94.76, T l:  0.1979 | Val e:  88.03 , Val l: 0.5863 | Test e:  65.94 
| Epoch  110 | Train e:  95.72, T l:  0.2063 | Val e:  87.85 , Val l: 0.7490 | Test e:  67.21 
| Epoch  111 | Train e:  95.64, T l:  0.1943 | Val e:  87.24 , Val l: 1.0230 | Test e:  67.94 
| Epoch  112 | Train e:  95.86, T l:  0.2088 | Val e:  88.41 , Val l: 0.7716 | Test e:  67.72 
| Epoch  113 | Train e:  95.74, T l:  0.2040 | Val e:  88.62 , Val l: 0.7661 | Test e:  67.22 
| Epoch  114 | Train e:  95.41, T l:  0.2176 | Val e:  88.68 , Val l: 0.5518 | Test e:  66.03 
| Epoch  115 | Train e:  96.00, T l:  0.1979 | Val e:  88.84 , Val l: 0.6556 | Test e:  67.13 
| Epoch  116 | Train e:  96.14, T l:  0.2061 | Val e:  88.65 , Val l: 0.7945 | Test e:  68.08 
| Epoch  117 | Train e:  96.03, T l:  0.2167 | Val e:  88.37 , Val l: 0.6175 | Test e:  67.59 
| Epoch  118 | Train e:  96.23, T l:  0.1920 | Val e:  88.31 , Val l: 0.7224 | Test e:  67.25 
| Epoch  119 | Train e:  96.06, T l:  0.1951 | Val e:  87.73 , Val l: 0.9381 | Test e:  67.81 
| Epoch  120 | Train e:  96.10, T l:  0.1961 | Val e:  88.45 , Val l: 0.6994 | Test e:  67.92 
| Epoch  121 | Train e:  95.98, T l:  0.1905 | Val e:  88.05 , Val l: 0.6686 | Test e:  67.20 
| Epoch  122 | Train e:  95.97, T l:  0.1945 | Val e:  88.23 , Val l: 0.6767 | Test e:  67.16 
| Epoch  123 | Train e:  96.30, T l:  0.1920 | Val e:  88.14 , Val l: 0.8030 | Test e:  68.10 
| Epoch  124 | Train e:  96.09, T l:  0.2076 | Val e:  88.37 , Val l: 0.5543 | Test e:  66.76 
| Epoch  125 | Train e:  96.33, T l:  0.1911 | Val e:  88.50 , Val l: 0.5582 | Test e:  66.71 
| Epoch  126 | Train e:  96.30, T l:  0.1818 | Val e:  87.92 , Val l: 0.7450 | Test e:  67.64 
| Epoch  127 | Train e:  96.54, T l:  0.1868 | Val e:  87.84 , Val l: 0.7480 | Test e:  67.41 
| Epoch  128 | Train e:  96.52, T l:  0.1733 | Val e:  87.59 , Val l: 0.9133 | Test e:  67.33 
| Epoch  129 | Train e:  96.43, T l:  0.1879 | Val e:  87.81 , Val l: 0.8144 | Test e:  67.88 
| Epoch  130 | Train e:  96.43, T l:  0.1939 | Val e:  87.93 , Val l: 0.7081 | Test e:  67.36 
| Epoch  131 | Train e:  96.35, T l:  0.1848 | Val e:  87.94 , Val l: 0.7487 | Test e:  67.64 
| Epoch  132 | Train e:  96.62, T l:  0.1828 | Val e:  87.98 , Val l: 0.7025 | Test e:  67.54 
| Epoch  133 | Train e:  96.40, T l:  0.1842 | Val e:  87.70 , Val l: 0.6922 | Test e:  66.74 
| Epoch  134 | Train e:  96.85, T l:  0.1793 | Val e:  88.24 , Val l: 0.7403 | Test e:  67.22 
| Epoch  135 | Train e:  96.34, T l:  0.1892 | Val e:  88.75 , Val l: 0.5972 | Test e:  66.95 
| Epoch  136 | Train e:  96.86, T l:  0.1833 | Val e:  87.87 , Val l: 0.7745 | Test e:  67.32 
| Epoch  137 | Train e:  96.07, T l:  0.1868 | Val e:  88.69 , Val l: 0.5484 | Test e:  66.94 
| Epoch  138 | Train e:  96.82, T l:  0.1799 | Val e:  88.15 , Val l: 0.7868 | Test e:  67.91 
| Epoch  139 | Train e:  96.85, T l:  0.1820 | Val e:  88.28 , Val l: 0.8047 | Test e:  67.47 
| Epoch  140 | Train e:  96.66, T l:  0.1788 | Val e:  88.59 , Val l: 0.6820 | Test e:  67.39 
| Epoch  141 | Train e:  96.47, T l:  0.1711 | Val e:  88.27 , Val l: 0.6372 | Test e:  66.65 
| Epoch  142 | Train e:  96.88, T l:  0.1854 | Val e:  88.14 , Val l: 0.9197 | Test e:  67.66 
| Epoch  143 | Train e:  97.04, T l:  0.1716 | Val e:  88.64 , Val l: 0.7301 | Test e:  67.60 
| Epoch  144 | Train e:  97.09, T l:  0.1728 | Val e:  88.31 , Val l: 0.9299 | Test e:  67.65 
| Epoch  145 | Train e:  96.65, T l:  0.1881 | Val e:  89.25 , Val l: 0.6065 | Test e:  67.36 
| Epoch  146 | Train e:  97.02, T l:  0.1743 | Val e:  88.85 , Val l: 0.6669 | Test e:  67.26 
| Epoch  147 | Train e:  97.00, T l:  0.1750 | Val e:  88.67 , Val l: 0.7326 | Test e:  67.66 
| Epoch  148 | Train e:  97.21, T l:  0.1739 | Val e:  88.49 , Val l: 0.8394 | Test e:  67.28 
| Epoch  149 | Train e:  96.97, T l:  0.1765 | Val e:  88.14 , Val l: 0.7842 | Test e:  67.41 
| Epoch  150 | Train e:  97.05, T l:  0.1737 | Val e:  88.69 , Val l: 0.7783 | Test e:  67.54 
| Epoch  151 | Train e:  97.16, T l:  0.1733 | Val e:  88.43 , Val l: 0.7447 | Test e:  67.27 
| Epoch  152 | Train e:  97.19, T l:  0.1727 | Val e:  88.94 , Val l: 0.7479 | Test e:  67.30 
| Epoch  153 | Train e:  97.21, T l:  0.1694 | Val e:  88.60 , Val l: 0.7846 | Test e:  67.32 
| Epoch  154 | Train e:  96.49, T l:  0.1937 | Val e:  88.78 , Val l: 0.6030 | Test e:  67.71 
| Epoch  155 | Train e:  97.16, T l:  0.1704 | Val e:  89.01 , Val l: 0.6335 | Test e:  67.26 
| Epoch  156 | Train e:  97.23, T l:  0.1776 | Val e:  88.47 , Val l: 0.9126 | Test e:  67.03 
| Epoch  157 | Train e:  97.16, T l:  0.1786 | Val e:  88.64 , Val l: 0.6857 | Test e:  67.09 
| Epoch  158 | Train e:  97.23, T l:  0.1722 | Val e:  88.78 , Val l: 0.6905 | Test e:  67.41 
| Epoch  159 | Train e:  97.26, T l:  0.1688 | Val e:  88.59 , Val l: 0.7432 | Test e:  67.33 
| Epoch  160 | Train e:  97.21, T l:  0.1593 | Val e:  89.42 , Val l: 0.6055 | Test e:  67.20 
| Epoch  161 | Train e:  97.19, T l:  0.1625 | Val e:  88.58 , Val l: 0.7365 | Test e:  67.21 
| Epoch  162 | Train e:  97.33, T l:  0.1704 | Val e:  88.62 , Val l: 0.7429 | Test e:  67.53 
| Epoch  163 | Train e:  97.26, T l:  0.1634 | Val e:  88.59 , Val l: 0.6862 | Test e:  67.49 
| Epoch  164 | Train e:  97.08, T l:  0.1689 | Val e:  88.97 , Val l: 0.6408 | Test e:  67.79 
| Epoch  165 | Train e:  97.20, T l:  0.1611 | Val e:  88.71 , Val l: 0.6737 | Test e:  67.65 
| Epoch  166 | Train e:  97.29, T l:  0.1625 | Val e:  88.70 , Val l: 0.7326 | Test e:  67.86 
| Epoch  167 | Train e:  97.06, T l:  0.1572 | Val e:  88.78 , Val l: 0.6296 | Test e:  67.40 
| Epoch  168 | Train e:  97.37, T l:  0.1739 | Val e:  88.72 , Val l: 0.7082 | Test e:  67.77 
| Epoch  169 | Train e:  97.46, T l:  0.1651 | Val e:  88.59 , Val l: 0.7226 | Test e:  67.87 
| Epoch  170 | Train e:  97.32, T l:  0.1615 | Val e:  88.81 , Val l: 0.6950 | Test e:  67.89 
| Epoch  171 | Train e:  97.23, T l:  0.1595 | Val e:  88.75 , Val l: 0.6894 | Test e:  67.45 
| Epoch  172 | Train e:  97.33, T l:  0.1663 | Val e:  88.18 , Val l: 0.7156 | Test e:  67.42 
| Epoch  173 | Train e:  97.28, T l:  0.1639 | Val e:  88.51 , Val l: 0.7181 | Test e:  67.35 
| Epoch  174 | Train e:  97.37, T l:  0.1655 | Val e:  88.81 , Val l: 0.6993 | Test e:  67.55 
| Epoch  175 | Train e:  97.33, T l:  0.1613 | Val e:  88.95 , Val l: 0.6986 | Test e:  67.47 
| Epoch  176 | Train e:  97.27, T l:  0.1635 | Val e:  88.81 , Val l: 0.7191 | Test e:  67.49 
| Epoch  177 | Train e:  97.53, T l:  0.1571 | Val e:  88.56 , Val l: 0.7872 | Test e:  67.63 
| Epoch  178 | Train e:  97.46, T l:  0.1563 | Val e:  88.10 , Val l: 0.8597 | Test e:  67.65 
| Epoch  179 | Train e:  97.57, T l:  0.1742 | Val e:  88.48 , Val l: 0.8176 | Test e:  67.44 
| Epoch  180 | Train e:  97.34, T l:  0.1716 | Val e:  88.73 , Val l: 0.7188 | Test e:  67.59 
| Epoch  181 | Train e:  97.19, T l:  0.1693 | Val e:  89.04 , Val l: 0.6655 | Test e:  67.40 
| Epoch  182 | Train e:  97.13, T l:  0.1620 | Val e:  88.75 , Val l: 0.6951 | Test e:  67.47 
| Epoch  183 | Train e:  97.32, T l:  0.1569 | Val e:  88.84 , Val l: 0.6981 | Test e:  67.49 
| Epoch  184 | Train e:  97.60, T l:  0.1571 | Val e:  88.92 , Val l: 0.7178 | Test e:  67.59 
| Epoch  185 | Train e:  97.17, T l:  0.1615 | Val e:  89.18 , Val l: 0.6658 | Test e:  67.66 
| Epoch  186 | Train e:  97.38, T l:  0.1582 | Val e:  88.90 , Val l: 0.6961 | Test e:  67.69 
| Epoch  187 | Train e:  97.30, T l:  0.1571 | Val e:  88.80 , Val l: 0.6959 | Test e:  67.60 
| Epoch  188 | Train e:  97.07, T l:  0.1631 | Val e:  89.08 , Val l: 0.6550 | Test e:  67.53 
| Epoch  189 | Train e:  97.47, T l:  0.1567 | Val e:  88.65 , Val l: 0.7126 | Test e:  67.42 
| Epoch  190 | Train e:  97.44, T l:  0.1552 | Val e:  88.65 , Val l: 0.7297 | Test e:  67.41 
| Epoch  191 | Train e:  97.27, T l:  0.1583 | Val e:  88.82 , Val l: 0.6936 | Test e:  67.27 
| Epoch  192 | Train e:  97.49, T l:  0.1588 | Val e:  88.97 , Val l: 0.6944 | Test e:  67.38 
| Epoch  193 | Train e:  97.38, T l:  0.1549 | Val e:  88.99 , Val l: 0.6898 | Test e:  67.45 
| Epoch  194 | Train e:  97.56, T l:  0.1553 | Val e:  88.85 , Val l: 0.7037 | Test e:  67.48 
| Epoch  195 | Train e:  97.47, T l:  0.1542 | Val e:  88.98 , Val l: 0.6767 | Test e:  67.36 
| Epoch  196 | Train e:  97.32, T l:  0.1579 | Val e:  89.03 , Val l: 0.6727 | Test e:  67.42 
| Epoch  197 | Train e:  97.58, T l:  0.1611 | Val e:  88.87 , Val l: 0.7142 | Test e:  67.37 
| Epoch  198 | Train e:  97.52, T l:  0.1561 | Val e:  88.91 , Val l: 0.7075 | Test e:  67.40 
| Epoch  199 | Train e:  97.48, T l:  0.1518 | Val e:  88.91 , Val l: 0.7040 | Test e:  67.42 
