

===============================================
2022-12-19 08:06:49

main_gnnt.py --batch-size 64 --lr 0.0001 --warmup 50 --scheduler-type linear --seeds 271828 --device 1

None

dataset: ogbg-molbbbp
use_node_attr: False
pre_transform: None
transform: None
clean_cache: False
use_public_splits: True
use_val: True
use_val_loss: True
same_best_epoch: False
early_stop: False
scheduler_type: linear
epochs: 200
warmup: 50
batch_size: 64
lr: 0.0001
weight_decay: 0.0001
seeds: 271828
save_state: False
transformer_dropout: 0.1



| Epoch    0 | Train e:  51.87, T l:  0.4640 | Val e:  22.87 , Val l: 2.5118 | Test e:  50.34 
| Epoch    1 | Train e:  57.06, T l:  0.4576 | Val e:  27.03 , Val l: 2.1093 | Test e:  52.11 
| Epoch    2 | Train e:  59.43, T l:  0.4476 | Val e:  31.16 , Val l: 2.2258 | Test e:  53.04 
| Epoch    3 | Train e:  61.93, T l:  0.4415 | Val e:  37.63 , Val l: 2.1784 | Test e:  54.73 
| Epoch    4 | Train e:  64.79, T l:  0.4481 | Val e:  44.75 , Val l: 2.1099 | Test e:  56.50 
| Epoch    5 | Train e:  66.40, T l:  0.4394 | Val e:  50.87 , Val l: 2.2439 | Test e:  58.46 
| Epoch    6 | Train e:  69.06, T l:  0.4335 | Val e:  56.52 , Val l: 1.9986 | Test e:  59.65 
| Epoch    7 | Train e:  70.68, T l:  0.4360 | Val e:  63.59 , Val l: 2.4453 | Test e:  61.17 
| Epoch    8 | Train e:  71.85, T l:  0.4381 | Val e:  68.52 , Val l: 2.0374 | Test e:  61.55 
| Epoch    9 | Train e:  73.96, T l:  0.4221 | Val e:  70.91 , Val l: 1.9942 | Test e:  62.12 
| Epoch   10 | Train e:  73.89, T l:  0.4279 | Val e:  74.05 , Val l: 1.7836 | Test e:  62.87 
| Epoch   11 | Train e:  75.27, T l:  0.4268 | Val e:  77.03 , Val l: 2.1153 | Test e:  63.49 
| Epoch   12 | Train e:  75.62, T l:  0.4167 | Val e:  77.95 , Val l: 1.4693 | Test e:  63.27 
| Epoch   13 | Train e:  77.42, T l:  0.4117 | Val e:  80.18 , Val l: 1.6580 | Test e:  63.75 
| Epoch   14 | Train e:  77.15, T l:  0.3988 | Val e:  80.00 , Val l: 1.5815 | Test e:  63.81 
| Epoch   15 | Train e:  79.24, T l:  0.3893 | Val e:  81.76 , Val l: 1.3704 | Test e:  63.99 
| Epoch   16 | Train e:  79.49, T l:  0.3887 | Val e:  83.55 , Val l: 0.9066 | Test e:  63.57 
| Epoch   17 | Train e:  80.51, T l:  0.3734 | Val e:  84.98 , Val l: 1.2745 | Test e:  64.02 
| Epoch   18 | Train e:  80.95, T l:  0.3696 | Val e:  86.25 , Val l: 0.6728 | Test e:  64.09 
| Epoch   19 | Train e:  81.94, T l:  0.3639 | Val e:  85.50 , Val l: 1.0369 | Test e:  63.61 
| Epoch   20 | Train e:  82.44, T l:  0.3588 | Val e:  86.62 , Val l: 0.9973 | Test e:  63.80 
| Epoch   21 | Train e:  82.61, T l:  0.3562 | Val e:  87.68 , Val l: 1.4815 | Test e:  63.20 
| Epoch   22 | Train e:  82.90, T l:  0.3541 | Val e:  87.93 , Val l: 0.9257 | Test e:  63.55 
| Epoch   23 | Train e:  83.77, T l:  0.3472 | Val e:  88.26 , Val l: 0.8976 | Test e:  63.58 
| Epoch   24 | Train e:  84.56, T l:  0.3479 | Val e:  89.53 , Val l: 1.4775 | Test e:  63.68 
| Epoch   25 | Train e:  84.69, T l:  0.3597 | Val e:  87.81 , Val l: 0.9600 | Test e:  63.47 
| Epoch   26 | Train e:  84.88, T l:  0.3404 | Val e:  89.82 , Val l: 1.0769 | Test e:  63.57 
| Epoch   27 | Train e:  85.96, T l:  0.3531 | Val e:  89.20 , Val l: 1.9389 | Test e:  63.20 
| Epoch   28 | Train e:  85.15, T l:  0.3746 | Val e:  89.07 , Val l: 1.0752 | Test e:  63.91 
| Epoch   29 | Train e:  84.69, T l:  0.3382 | Val e:  90.05 , Val l: 0.6428 | Test e:  63.65 
| Epoch   30 | Train e:  86.05, T l:  0.3046 | Val e:  90.32 , Val l: 1.0623 | Test e:  63.08 
| Epoch   31 | Train e:  87.22, T l:  0.3307 | Val e:  90.47 , Val l: 0.9038 | Test e:  63.92 
| Epoch   32 | Train e:  87.81, T l:  0.3084 | Val e:  90.23 , Val l: 1.2438 | Test e:  63.01 
| Epoch   33 | Train e:  87.69, T l:  0.3054 | Val e:  91.09 , Val l: 1.1713 | Test e:  62.56 
| Epoch   34 | Train e:  87.74, T l:  0.3403 | Val e:  90.15 , Val l: 0.7236 | Test e:  63.30 
| Epoch   35 | Train e:  87.89, T l:  0.3059 | Val e:  90.82 , Val l: 0.8921 | Test e:  62.82 
| Epoch   36 | Train e:  88.55, T l:  0.3029 | Val e:  90.97 , Val l: 0.9144 | Test e:  62.60 
| Epoch   37 | Train e:  88.95, T l:  0.2993 | Val e:  90.69 , Val l: 0.7191 | Test e:  62.61 
| Epoch   38 | Train e:  89.56, T l:  0.2908 | Val e:  90.59 , Val l: 1.0905 | Test e:  63.07 
| Epoch   39 | Train e:  89.65, T l:  0.2909 | Val e:  89.97 , Val l: 1.0388 | Test e:  63.25 
| Epoch   40 | Train e:  89.69, T l:  0.2942 | Val e:  90.02 , Val l: 0.7896 | Test e:  63.25 
| Epoch   41 | Train e:  90.11, T l:  0.2801 | Val e:  90.58 , Val l: 0.7659 | Test e:  63.24 
| Epoch   42 | Train e:  90.02, T l:  0.2959 | Val e:  90.29 , Val l: 1.0676 | Test e:  64.17 
| Epoch   43 | Train e:  90.47, T l:  0.2798 | Val e:  89.64 , Val l: 0.7468 | Test e:  63.97 
| Epoch   44 | Train e:  91.00, T l:  0.2742 | Val e:  90.17 , Val l: 0.7829 | Test e:  63.81 
| Epoch   45 | Train e:  91.26, T l:  0.2858 | Val e:  90.09 , Val l: 0.6413 | Test e:  63.96 
| Epoch   46 | Train e:  90.62, T l:  0.2730 | Val e:  90.16 , Val l: 0.5953 | Test e:  64.15 
| Epoch   47 | Train e:  91.12, T l:  0.2676 | Val e:  89.46 , Val l: 0.6750 | Test e:  64.50 
| Epoch   48 | Train e:  91.74, T l:  0.2731 | Val e:  89.78 , Val l: 0.6956 | Test e:  65.04 
| Epoch   49 | Train e:  91.67, T l:  0.2597 | Val e:  88.91 , Val l: 0.9978 | Test e:  65.77 
| Epoch   50 | Train e:  91.78, T l:  0.2605 | Val e:  89.82 , Val l: 0.5707 | Test e:  64.92 
| Epoch   51 | Train e:  91.93, T l:  0.2638 | Val e:  89.91 , Val l: 0.6990 | Test e:  65.94 
| Epoch   52 | Train e:  91.81, T l:  0.2584 | Val e:  88.98 , Val l: 0.5595 | Test e:  65.35 
| Epoch   53 | Train e:  92.31, T l:  0.2660 | Val e:  90.05 , Val l: 0.7971 | Test e:  66.72 
| Epoch   54 | Train e:  92.08, T l:  0.2737 | Val e:  88.84 , Val l: 1.0285 | Test e:  66.78 
| Epoch   55 | Train e:  92.50, T l:  0.2609 | Val e:  89.56 , Val l: 0.8101 | Test e:  66.70 
| Epoch   56 | Train e:  92.29, T l:  0.2490 | Val e:  90.43 , Val l: 0.5914 | Test e:  66.44 
| Epoch   57 | Train e:  92.62, T l:  0.2559 | Val e:  89.48 , Val l: 0.9756 | Test e:  66.91 
| Epoch   58 | Train e:  91.56, T l:  0.2537 | Val e:  87.02 , Val l: 1.5755 | Test e:  66.74 
| Epoch   59 | Train e:  92.86, T l:  0.2643 | Val e:  90.73 , Val l: 0.5109 | Test e:  68.02 
| Epoch   60 | Train e:  92.36, T l:  0.2538 | Val e:  90.96 , Val l: 0.4903 | Test e:  67.19 
| Epoch   61 | Train e:  92.45, T l:  0.2421 | Val e:  87.94 , Val l: 0.7497 | Test e:  67.26 
| Epoch   62 | Train e:  93.07, T l:  0.2594 | Val e:  90.34 , Val l: 0.7135 | Test e:  68.12 
| Epoch   63 | Train e:  93.03, T l:  0.2497 | Val e:  88.62 , Val l: 0.8265 | Test e:  67.83 
| Epoch   64 | Train e:  93.11, T l:  0.2460 | Val e:  89.54 , Val l: 0.8482 | Test e:  68.27 
| Epoch   65 | Train e:  93.21, T l:  0.2508 | Val e:  88.86 , Val l: 0.8707 | Test e:  68.51 
| Epoch   66 | Train e:  93.57, T l:  0.2326 | Val e:  90.72 , Val l: 0.6946 | Test e:  69.18 
| Epoch   67 | Train e:  93.35, T l:  0.2452 | Val e:  91.35 , Val l: 0.4461 | Test e:  68.72 
| Epoch   68 | Train e:  93.61, T l:  0.2551 | Val e:  90.17 , Val l: 0.7772 | Test e:  68.79 
| Epoch   69 | Train e:  93.52, T l:  0.2327 | Val e:  89.02 , Val l: 0.8060 | Test e:  68.99 
| Epoch   70 | Train e:  93.42, T l:  0.2357 | Val e:  91.03 , Val l: 0.4385 | Test e:  68.96 
| Epoch   71 | Train e:  93.48, T l:  0.2487 | Val e:  91.43 , Val l: 0.6755 | Test e:  69.29 
| Epoch   72 | Train e:  93.52, T l:  0.2345 | Val e:  88.14 , Val l: 0.9567 | Test e:  69.19 
| Epoch   73 | Train e:  94.06, T l:  0.2409 | Val e:  91.40 , Val l: 0.5806 | Test e:  69.49 
| Epoch   74 | Train e:  93.80, T l:  0.2190 | Val e:  87.47 , Val l: 0.9818 | Test e:  69.24 
| Epoch   75 | Train e:  94.23, T l:  0.2215 | Val e:  90.91 , Val l: 0.6487 | Test e:  70.41 
| Epoch   76 | Train e:  94.13, T l:  0.2254 | Val e:  91.19 , Val l: 0.5241 | Test e:  69.96 
| Epoch   77 | Train e:  94.50, T l:  0.2292 | Val e:  90.17 , Val l: 0.7509 | Test e:  70.04 
| Epoch   78 | Train e:  94.48, T l:  0.2250 | Val e:  89.38 , Val l: 0.7307 | Test e:  69.60 
| Epoch   79 | Train e:  94.02, T l:  0.2276 | Val e:  90.99 , Val l: 0.4975 | Test e:  69.50 
| Epoch   80 | Train e:  93.87, T l:  0.2186 | Val e:  86.76 , Val l: 1.0615 | Test e:  69.97 
| Epoch   81 | Train e:  94.69, T l:  0.2258 | Val e:  89.11 , Val l: 0.6826 | Test e:  70.36 
| Epoch   82 | Train e:  94.53, T l:  0.2207 | Val e:  91.05 , Val l: 0.5796 | Test e:  70.82 
| Epoch   83 | Train e:  94.64, T l:  0.2240 | Val e:  90.10 , Val l: 0.5874 | Test e:  71.29 
| Epoch   84 | Train e:  94.86, T l:  0.2172 | Val e:  90.77 , Val l: 0.5671 | Test e:  71.82 
| Epoch   85 | Train e:  94.80, T l:  0.2153 | Val e:  87.82 , Val l: 0.8523 | Test e:  72.06 
| Epoch   86 | Train e:  95.19, T l:  0.2111 | Val e:  89.12 , Val l: 0.8359 | Test e:  72.15 
| Epoch   87 | Train e:  94.90, T l:  0.2170 | Val e:  88.77 , Val l: 0.9061 | Test e:  72.42 
| Epoch   88 | Train e:  95.02, T l:  0.2152 | Val e:  90.71 , Val l: 0.6331 | Test e:  71.88 
| Epoch   89 | Train e:  95.15, T l:  0.2155 | Val e:  89.68 , Val l: 0.7987 | Test e:  71.83 
| Epoch   90 | Train e:  94.80, T l:  0.2227 | Val e:  88.96 , Val l: 0.7945 | Test e:  71.48 
| Epoch   91 | Train e:  95.09, T l:  0.2204 | Val e:  90.86 , Val l: 0.4860 | Test e:  72.70 
| Epoch   92 | Train e:  94.88, T l:  0.2203 | Val e:  86.31 , Val l: 1.2234 | Test e:  72.49 
| Epoch   93 | Train e:  95.31, T l:  0.2147 | Val e:  90.44 , Val l: 0.6338 | Test e:  72.60 
| Epoch   94 | Train e:  95.00, T l:  0.2189 | Val e:  90.24 , Val l: 0.5336 | Test e:  72.97 
| Epoch   95 | Train e:  95.14, T l:  0.2068 | Val e:  88.93 , Val l: 0.7527 | Test e:  72.54 
| Epoch   96 | Train e:  95.10, T l:  0.2146 | Val e:  90.29 , Val l: 0.6555 | Test e:  72.26 
| Epoch   97 | Train e:  95.22, T l:  0.2014 | Val e:  89.57 , Val l: 0.6317 | Test e:  72.81 
| Epoch   98 | Train e:  95.47, T l:  0.2073 | Val e:  90.36 , Val l: 0.7456 | Test e:  72.72 
| Epoch   99 | Train e:  95.50, T l:  0.2072 | Val e:  89.96 , Val l: 0.6592 | Test e:  72.84 
| Epoch  100 | Train e:  95.54, T l:  0.2005 | Val e:  90.51 , Val l: 0.7887 | Test e:  72.41 
| Epoch  101 | Train e:  95.45, T l:  0.2031 | Val e:  87.99 , Val l: 0.9670 | Test e:  72.52 
| Epoch  102 | Train e:  95.48, T l:  0.2098 | Val e:  90.51 , Val l: 0.5755 | Test e:  72.96 
| Epoch  103 | Train e:  95.51, T l:  0.1977 | Val e:  89.64 , Val l: 0.7104 | Test e:  72.69 
| Epoch  104 | Train e:  95.72, T l:  0.2037 | Val e:  89.56 , Val l: 0.8287 | Test e:  72.71 
| Epoch  105 | Train e:  95.87, T l:  0.1957 | Val e:  90.11 , Val l: 0.6385 | Test e:  72.72 
| Epoch  106 | Train e:  95.85, T l:  0.2054 | Val e:  89.40 , Val l: 0.7555 | Test e:  73.29 
| Epoch  107 | Train e:  95.49, T l:  0.2032 | Val e:  91.03 , Val l: 0.4770 | Test e:  72.53 
| Epoch  108 | Train e:  95.90, T l:  0.2088 | Val e:  89.87 , Val l: 0.8724 | Test e:  73.53 
| Epoch  109 | Train e:  95.87, T l:  0.1943 | Val e:  89.14 , Val l: 0.8710 | Test e:  73.36 
| Epoch  110 | Train e:  96.01, T l:  0.1949 | Val e:  90.29 , Val l: 0.6981 | Test e:  73.03 
| Epoch  111 | Train e:  95.82, T l:  0.1970 | Val e:  90.28 , Val l: 0.6232 | Test e:  73.15 
| Epoch  112 | Train e:  95.49, T l:  0.1923 | Val e:  87.95 , Val l: 0.8514 | Test e:  72.34 
| Epoch  113 | Train e:  96.02, T l:  0.1960 | Val e:  90.82 , Val l: 0.7459 | Test e:  73.20 
| Epoch  114 | Train e:  95.97, T l:  0.2109 | Val e:  91.42 , Val l: 0.5476 | Test e:  73.29 
| Epoch  115 | Train e:  96.06, T l:  0.1977 | Val e:  90.56 , Val l: 0.6193 | Test e:  73.23 
| Epoch  116 | Train e:  96.02, T l:  0.1977 | Val e:  90.69 , Val l: 0.5418 | Test e:  73.36 
| Epoch  117 | Train e:  96.16, T l:  0.2115 | Val e:  90.83 , Val l: 0.6934 | Test e:  73.38 
| Epoch  118 | Train e:  96.10, T l:  0.1945 | Val e:  90.07 , Val l: 0.6429 | Test e:  73.09 
| Epoch  119 | Train e:  96.02, T l:  0.1976 | Val e:  91.56 , Val l: 0.5045 | Test e:  73.10 
| Epoch  120 | Train e:  96.27, T l:  0.1994 | Val e:  89.49 , Val l: 0.7558 | Test e:  72.59 
| Epoch  121 | Train e:  96.33, T l:  0.1843 | Val e:  89.65 , Val l: 0.7573 | Test e:  73.14 
| Epoch  122 | Train e:  96.32, T l:  0.1870 | Val e:  90.14 , Val l: 0.6956 | Test e:  72.98 
| Epoch  123 | Train e:  96.25, T l:  0.1879 | Val e:  89.82 , Val l: 0.8705 | Test e:  73.29 
| Epoch  124 | Train e:  96.09, T l:  0.1810 | Val e:  91.33 , Val l: 0.5238 | Test e:  73.58 
| Epoch  125 | Train e:  96.36, T l:  0.1993 | Val e:  88.99 , Val l: 0.9606 | Test e:  72.37 
| Epoch  126 | Train e:  96.32, T l:  0.1990 | Val e:  90.05 , Val l: 0.8256 | Test e:  72.03 
| Epoch  127 | Train e:  96.52, T l:  0.1871 | Val e:  90.71 , Val l: 0.7395 | Test e:  73.51 
| Epoch  128 | Train e:  96.50, T l:  0.1816 | Val e:  90.52 , Val l: 0.7064 | Test e:  72.71 
| Epoch  129 | Train e:  96.47, T l:  0.1882 | Val e:  90.65 , Val l: 0.5886 | Test e:  72.81 
| Epoch  130 | Train e:  96.37, T l:  0.1834 | Val e:  91.02 , Val l: 0.5005 | Test e:  73.16 
| Epoch  131 | Train e:  96.37, T l:  0.1949 | Val e:  88.18 , Val l: 0.9964 | Test e:  72.93 
| Epoch  132 | Train e:  96.70, T l:  0.1799 | Val e:  90.62 , Val l: 0.6473 | Test e:  73.19 
| Epoch  133 | Train e:  96.61, T l:  0.1722 | Val e:  90.49 , Val l: 0.6946 | Test e:  72.69 
| Epoch  134 | Train e:  96.58, T l:  0.1761 | Val e:  91.10 , Val l: 0.6024 | Test e:  72.86 
| Epoch  135 | Train e:  96.65, T l:  0.1876 | Val e:  90.06 , Val l: 0.7767 | Test e:  72.98 
| Epoch  136 | Train e:  96.57, T l:  0.1791 | Val e:  89.39 , Val l: 0.9086 | Test e:  72.34 
| Epoch  137 | Train e:  96.63, T l:  0.1872 | Val e:  90.82 , Val l: 0.5948 | Test e:  72.92 
| Epoch  138 | Train e:  96.78, T l:  0.1743 | Val e:  90.24 , Val l: 0.7218 | Test e:  72.56 
| Epoch  139 | Train e:  96.85, T l:  0.1831 | Val e:  90.54 , Val l: 0.7167 | Test e:  72.46 
| Epoch  140 | Train e:  96.78, T l:  0.1810 | Val e:  90.60 , Val l: 0.6636 | Test e:  73.53 
| Epoch  141 | Train e:  96.83, T l:  0.1788 | Val e:  90.14 , Val l: 0.7012 | Test e:  72.44 
| Epoch  142 | Train e:  96.70, T l:  0.1740 | Val e:  90.26 , Val l: 0.7096 | Test e:  72.38 
| Epoch  143 | Train e:  96.79, T l:  0.1723 | Val e:  90.54 , Val l: 0.6957 | Test e:  72.65 
| Epoch  144 | Train e:  96.74, T l:  0.1797 | Val e:  91.19 , Val l: 0.5345 | Test e:  73.24 
| Epoch  145 | Train e:  96.83, T l:  0.1712 | Val e:  90.89 , Val l: 0.6826 | Test e:  73.54 
| Epoch  146 | Train e:  96.50, T l:  0.1791 | Val e:  90.57 , Val l: 0.6081 | Test e:  73.35 
| Epoch  147 | Train e:  96.87, T l:  0.1752 | Val e:  90.56 , Val l: 0.6015 | Test e:  72.75 
| Epoch  148 | Train e:  96.75, T l:  0.1819 | Val e:  90.17 , Val l: 0.7568 | Test e:  72.54 
| Epoch  149 | Train e:  96.82, T l:  0.1739 | Val e:  90.23 , Val l: 0.7270 | Test e:  72.93 
| Epoch  150 | Train e:  96.69, T l:  0.1732 | Val e:  91.02 , Val l: 0.5852 | Test e:  73.70 
| Epoch  151 | Train e:  96.82, T l:  0.1762 | Val e:  90.16 , Val l: 0.7755 | Test e:  72.50 
| Epoch  152 | Train e:  97.04, T l:  0.1748 | Val e:  89.94 , Val l: 0.8164 | Test e:  72.71 
| Epoch  153 | Train e:  96.92, T l:  0.1762 | Val e:  89.46 , Val l: 0.8896 | Test e:  73.06 
| Epoch  154 | Train e:  96.88, T l:  0.1794 | Val e:  90.72 , Val l: 0.6239 | Test e:  73.46 
| Epoch  155 | Train e:  96.92, T l:  0.1758 | Val e:  90.73 , Val l: 0.5989 | Test e:  73.35 
| Epoch  156 | Train e:  96.92, T l:  0.1643 | Val e:  90.58 , Val l: 0.5875 | Test e:  73.20 
| Epoch  157 | Train e:  96.96, T l:  0.1746 | Val e:  90.21 , Val l: 0.7145 | Test e:  73.08 
| Epoch  158 | Train e:  96.95, T l:  0.1613 | Val e:  88.31 , Val l: 1.0686 | Test e:  72.55 
| Epoch  159 | Train e:  96.95, T l:  0.1674 | Val e:  89.74 , Val l: 0.7926 | Test e:  72.77 
| Epoch  160 | Train e:  97.15, T l:  0.1612 | Val e:  89.57 , Val l: 0.8175 | Test e:  72.04 
| Epoch  161 | Train e:  97.12, T l:  0.1594 | Val e:  90.62 , Val l: 0.6647 | Test e:  73.26 
| Epoch  162 | Train e:  97.03, T l:  0.1623 | Val e:  90.24 , Val l: 0.7552 | Test e:  72.50 
| Epoch  163 | Train e:  97.14, T l:  0.1723 | Val e:  90.47 , Val l: 0.6816 | Test e:  73.16 
| Epoch  164 | Train e:  97.05, T l:  0.1718 | Val e:  90.59 , Val l: 0.6677 | Test e:  72.95 
| Epoch  165 | Train e:  96.97, T l:  0.1706 | Val e:  89.71 , Val l: 0.7694 | Test e:  72.66 
| Epoch  166 | Train e:  97.13, T l:  0.1695 | Val e:  90.25 , Val l: 0.6760 | Test e:  72.96 
| Epoch  167 | Train e:  96.96, T l:  0.1647 | Val e:  89.96 , Val l: 0.7025 | Test e:  72.72 
| Epoch  168 | Train e:  97.08, T l:  0.1676 | Val e:  90.05 , Val l: 0.7417 | Test e:  72.49 
| Epoch  169 | Train e:  97.16, T l:  0.1693 | Val e:  90.36 , Val l: 0.7018 | Test e:  72.66 
| Epoch  170 | Train e:  97.03, T l:  0.1730 | Val e:  90.78 , Val l: 0.6157 | Test e:  73.14 
| Epoch  171 | Train e:  96.95, T l:  0.1596 | Val e:  90.61 , Val l: 0.5888 | Test e:  73.11 
| Epoch  172 | Train e:  97.07, T l:  0.1643 | Val e:  89.81 , Val l: 0.7949 | Test e:  71.95 
| Epoch  173 | Train e:  97.09, T l:  0.1611 | Val e:  89.97 , Val l: 0.7409 | Test e:  72.50 
| Epoch  174 | Train e:  97.00, T l:  0.1637 | Val e:  89.99 , Val l: 0.6796 | Test e:  72.59 
| Epoch  175 | Train e:  97.19, T l:  0.1600 | Val e:  89.66 , Val l: 0.7370 | Test e:  72.41 
| Epoch  176 | Train e:  97.20, T l:  0.1690 | Val e:  89.19 , Val l: 0.9208 | Test e:  71.96 
| Epoch  177 | Train e:  97.19, T l:  0.1677 | Val e:  89.93 , Val l: 0.7388 | Test e:  72.94 
| Epoch  178 | Train e:  97.21, T l:  0.1615 | Val e:  90.17 , Val l: 0.7220 | Test e:  72.98 
| Epoch  179 | Train e:  97.10, T l:  0.1710 | Val e:  90.40 , Val l: 0.6343 | Test e:  73.19 
| Epoch  180 | Train e:  97.25, T l:  0.1652 | Val e:  89.44 , Val l: 0.8349 | Test e:  72.40 
| Epoch  181 | Train e:  97.20, T l:  0.1682 | Val e:  89.71 , Val l: 0.7517 | Test e:  72.85 
| Epoch  182 | Train e:  97.22, T l:  0.1551 | Val e:  89.85 , Val l: 0.7215 | Test e:  72.47 
| Epoch  183 | Train e:  97.20, T l:  0.1591 | Val e:  89.93 , Val l: 0.6885 | Test e:  72.64 
| Epoch  184 | Train e:  97.27, T l:  0.1687 | Val e:  89.40 , Val l: 0.7398 | Test e:  72.54 
| Epoch  185 | Train e:  97.24, T l:  0.1680 | Val e:  90.21 , Val l: 0.6843 | Test e:  73.06 
| Epoch  186 | Train e:  97.39, T l:  0.1549 | Val e:  89.68 , Val l: 0.7662 | Test e:  72.67 
| Epoch  187 | Train e:  97.30, T l:  0.1650 | Val e:  90.23 , Val l: 0.6547 | Test e:  73.03 
| Epoch  188 | Train e:  97.22, T l:  0.1637 | Val e:  90.14 , Val l: 0.6797 | Test e:  72.84 
| Epoch  189 | Train e:  97.31, T l:  0.1641 | Val e:  90.07 , Val l: 0.6945 | Test e:  72.80 
| Epoch  190 | Train e:  97.29, T l:  0.1597 | Val e:  89.68 , Val l: 0.7500 | Test e:  72.47 
| Epoch  191 | Train e:  97.26, T l:  0.1616 | Val e:  89.82 , Val l: 0.7211 | Test e:  72.58 
| Epoch  192 | Train e:  97.31, T l:  0.1580 | Val e:  90.08 , Val l: 0.7096 | Test e:  72.92 
| Epoch  193 | Train e:  97.31, T l:  0.1619 | Val e:  90.02 , Val l: 0.7438 | Test e:  72.91 
| Epoch  194 | Train e:  97.25, T l:  0.1582 | Val e:  90.12 , Val l: 0.7202 | Test e:  72.96 
| Epoch  195 | Train e:  97.28, T l:  0.1653 | Val e:  89.99 , Val l: 0.7028 | Test e:  72.89 
| Epoch  196 | Train e:  97.28, T l:  0.1606 | Val e:  89.78 , Val l: 0.7666 | Test e:  72.54 
| Epoch  197 | Train e:  97.23, T l:  0.1606 | Val e:  89.81 , Val l: 0.7599 | Test e:  72.62 
| Epoch  198 | Train e:  97.20, T l:  0.1649 | Val e:  89.87 , Val l: 0.7482 | Test e:  72.72 
| Epoch  199 | Train e:  97.23, T l:  0.1499 | Val e:  89.84 , Val l: 0.7527 | Test e:  72.70 
