

===============================================
2022-12-19 11:29:13

main_gnnt.py --batch-size 64 --lr 0.0001 --warmup 50 --scheduler-type linear --seeds 666 --device 0

None

dataset: ogbg-molbbbp
use_node_attr: False
pre_transform: None
transform: None
clean_cache: False
use_public_splits: True
use_val: True
use_val_loss: True
same_best_epoch: False
early_stop: False
scheduler_type: linear
epochs: 200
warmup: 50
batch_size: 64
lr: 0.0001
weight_decay: 0.0001
seeds: 666
save_state: False
transformer_dropout: 0.1



| Epoch    0 | Train e:  51.55, T l:  0.6269 | Val e:  72.79 , Val l: 0.8256 | Test e:  53.76 
| Epoch    1 | Train e:  50.87, T l:  0.5366 | Val e:  73.52 , Val l: 1.2821 | Test e:  53.39 
| Epoch    2 | Train e:  52.02, T l:  0.4826 | Val e:  75.18 , Val l: 1.6768 | Test e:  53.99 
| Epoch    3 | Train e:  57.88, T l:  0.4712 | Val e:  79.02 , Val l: 1.7095 | Test e:  56.79 
| Epoch    4 | Train e:  70.03, T l:  0.4656 | Val e:  83.14 , Val l: 1.7700 | Test e:  61.31 
| Epoch    5 | Train e:  74.39, T l:  0.4564 | Val e:  79.14 , Val l: 1.8053 | Test e:  64.44 
| Epoch    6 | Train e:  74.24, T l:  0.4566 | Val e:  76.41 , Val l: 1.9091 | Test e:  63.87 
| Epoch    7 | Train e:  74.48, T l:  0.4508 | Val e:  73.87 , Val l: 1.8763 | Test e:  63.39 
| Epoch    8 | Train e:  72.82, T l:  0.4400 | Val e:  72.99 , Val l: 1.9848 | Test e:  63.62 
| Epoch    9 | Train e:  74.76, T l:  0.4333 | Val e:  72.41 , Val l: 2.0293 | Test e:  63.62 
| Epoch   10 | Train e:  74.95, T l:  0.4264 | Val e:  73.70 , Val l: 2.1380 | Test e:  63.84 
| Epoch   11 | Train e:  74.78, T l:  0.4179 | Val e:  73.69 , Val l: 2.0262 | Test e:  63.97 
| Epoch   12 | Train e:  74.32, T l:  0.4258 | Val e:  73.53 , Val l: 1.8842 | Test e:  64.14 
| Epoch   13 | Train e:  75.62, T l:  0.4066 | Val e:  75.73 , Val l: 2.2334 | Test e:  65.28 
| Epoch   14 | Train e:  77.31, T l:  0.4034 | Val e:  76.34 , Val l: 1.9152 | Test e:  65.53 
| Epoch   15 | Train e:  78.64, T l:  0.4081 | Val e:  78.40 , Val l: 2.0597 | Test e:  66.13 
| Epoch   16 | Train e:  79.98, T l:  0.3958 | Val e:  80.20 , Val l: 1.8347 | Test e:  66.05 
| Epoch   17 | Train e:  79.72, T l:  0.3916 | Val e:  82.02 , Val l: 1.9625 | Test e:  66.01 
| Epoch   18 | Train e:  80.62, T l:  0.3884 | Val e:  82.00 , Val l: 1.6304 | Test e:  65.63 
| Epoch   19 | Train e:  81.43, T l:  0.3799 | Val e:  82.80 , Val l: 1.3195 | Test e:  65.19 
| Epoch   20 | Train e:  82.30, T l:  0.3948 | Val e:  83.97 , Val l: 2.0187 | Test e:  65.45 
| Epoch   21 | Train e:  82.74, T l:  0.3694 | Val e:  85.13 , Val l: 1.8702 | Test e:  65.76 
| Epoch   22 | Train e:  82.77, T l:  0.3584 | Val e:  85.80 , Val l: 1.6915 | Test e:  65.22 
| Epoch   23 | Train e:  83.18, T l:  0.3672 | Val e:  86.04 , Val l: 1.3790 | Test e:  64.81 
| Epoch   24 | Train e:  83.51, T l:  0.3553 | Val e:  86.41 , Val l: 1.3957 | Test e:  64.67 
| Epoch   25 | Train e:  83.17, T l:  0.3342 | Val e:  86.46 , Val l: 1.1582 | Test e:  64.50 
| Epoch   26 | Train e:  84.28, T l:  0.3480 | Val e:  87.04 , Val l: 1.2788 | Test e:  64.76 
| Epoch   27 | Train e:  84.58, T l:  0.3515 | Val e:  88.13 , Val l: 1.5333 | Test e:  64.65 
| Epoch   28 | Train e:  84.87, T l:  0.3277 | Val e:  88.37 , Val l: 1.4046 | Test e:  64.56 
| Epoch   29 | Train e:  85.11, T l:  0.3351 | Val e:  88.80 , Val l: 1.5544 | Test e:  64.47 
| Epoch   30 | Train e:  85.85, T l:  0.3332 | Val e:  88.47 , Val l: 1.4216 | Test e:  64.72 
| Epoch   31 | Train e:  86.15, T l:  0.3429 | Val e:  88.58 , Val l: 1.0488 | Test e:  64.59 
| Epoch   32 | Train e:  85.82, T l:  0.3247 | Val e:  90.05 , Val l: 1.1690 | Test e:  64.29 
| Epoch   33 | Train e:  86.53, T l:  0.3159 | Val e:  89.24 , Val l: 1.4702 | Test e:  63.84 
| Epoch   34 | Train e:  86.81, T l:  0.3184 | Val e:  89.45 , Val l: 0.8349 | Test e:  63.94 
| Epoch   35 | Train e:  87.05, T l:  0.3101 | Val e:  89.54 , Val l: 1.5419 | Test e:  63.62 
| Epoch   36 | Train e:  87.62, T l:  0.3078 | Val e:  89.88 , Val l: 1.0481 | Test e:  63.87 
| Epoch   37 | Train e:  87.84, T l:  0.2995 | Val e:  89.20 , Val l: 1.1356 | Test e:  63.58 
| Epoch   38 | Train e:  88.31, T l:  0.3031 | Val e:  89.34 , Val l: 1.0328 | Test e:  63.29 
| Epoch   39 | Train e:  88.30, T l:  0.3002 | Val e:  89.71 , Val l: 0.8839 | Test e:  63.27 
| Epoch   40 | Train e:  88.08, T l:  0.3120 | Val e:  89.75 , Val l: 1.4507 | Test e:  63.06 
| Epoch   41 | Train e:  88.86, T l:  0.2918 | Val e:  88.99 , Val l: 0.9862 | Test e:  63.30 
| Epoch   42 | Train e:  88.26, T l:  0.3050 | Val e:  89.67 , Val l: 0.8190 | Test e:  63.61 
| Epoch   43 | Train e:  88.67, T l:  0.3058 | Val e:  88.64 , Val l: 1.1066 | Test e:  64.16 
| Epoch   44 | Train e:  89.20, T l:  0.2860 | Val e:  89.71 , Val l: 0.9179 | Test e:  63.45 
| Epoch   45 | Train e:  89.75, T l:  0.2780 | Val e:  88.77 , Val l: 0.9826 | Test e:  63.64 
| Epoch   46 | Train e:  89.97, T l:  0.2751 | Val e:  88.84 , Val l: 0.8860 | Test e:  63.66 
| Epoch   47 | Train e:  90.18, T l:  0.2855 | Val e:  88.34 , Val l: 0.9784 | Test e:  63.64 
| Epoch   48 | Train e:  90.21, T l:  0.2696 | Val e:  88.44 , Val l: 0.8804 | Test e:  63.61 
| Epoch   49 | Train e:  90.35, T l:  0.2649 | Val e:  88.64 , Val l: 0.8658 | Test e:  63.66 
| Epoch   50 | Train e:  90.28, T l:  0.2665 | Val e:  88.95 , Val l: 0.6926 | Test e:  63.41 
| Epoch   51 | Train e:  90.40, T l:  0.2663 | Val e:  88.77 , Val l: 1.1710 | Test e:  63.31 
| Epoch   52 | Train e:  90.86, T l:  0.2729 | Val e:  88.91 , Val l: 0.9104 | Test e:  64.16 
| Epoch   53 | Train e:  90.54, T l:  0.2699 | Val e:  87.66 , Val l: 1.4516 | Test e:  64.80 
| Epoch   54 | Train e:  90.79, T l:  0.2718 | Val e:  87.28 , Val l: 1.1262 | Test e:  64.99 
| Epoch   55 | Train e:  90.39, T l:  0.2780 | Val e:  87.56 , Val l: 1.4366 | Test e:  65.01 
| Epoch   56 | Train e:  90.87, T l:  0.2735 | Val e:  89.82 , Val l: 0.7003 | Test e:  64.84 
| Epoch   57 | Train e:  91.31, T l:  0.2591 | Val e:  89.09 , Val l: 0.6820 | Test e:  64.97 
| Epoch   58 | Train e:  91.55, T l:  0.2402 | Val e:  88.67 , Val l: 0.7317 | Test e:  65.06 
| Epoch   59 | Train e:  91.41, T l:  0.2521 | Val e:  89.40 , Val l: 0.8584 | Test e:  65.69 
| Epoch   60 | Train e:  91.28, T l:  0.2870 | Val e:  87.65 , Val l: 1.2298 | Test e:  65.90 
| Epoch   61 | Train e:  91.23, T l:  0.2512 | Val e:  90.47 , Val l: 0.5664 | Test e:  65.30 
| Epoch   62 | Train e:  91.78, T l:  0.2501 | Val e:  90.65 , Val l: 0.6127 | Test e:  65.78 
| Epoch   63 | Train e:  91.85, T l:  0.2506 | Val e:  89.31 , Val l: 1.0040 | Test e:  66.71 
| Epoch   64 | Train e:  92.07, T l:  0.2523 | Val e:  90.13 , Val l: 0.6843 | Test e:  66.94 
| Epoch   65 | Train e:  91.92, T l:  0.2368 | Val e:  89.77 , Val l: 0.9044 | Test e:  67.44 
| Epoch   66 | Train e:  92.22, T l:  0.2495 | Val e:  90.57 , Val l: 0.4470 | Test e:  65.98 
| Epoch   67 | Train e:  92.57, T l:  0.2501 | Val e:  90.55 , Val l: 0.8468 | Test e:  68.02 
| Epoch   68 | Train e:  92.08, T l:  0.2447 | Val e:  89.92 , Val l: 0.8931 | Test e:  67.43 
| Epoch   69 | Train e:  92.39, T l:  0.2408 | Val e:  90.28 , Val l: 0.8001 | Test e:  67.75 
| Epoch   70 | Train e:  92.68, T l:  0.2435 | Val e:  90.59 , Val l: 0.6942 | Test e:  67.81 
| Epoch   71 | Train e:  92.90, T l:  0.2454 | Val e:  90.78 , Val l: 1.0648 | Test e:  67.51 
| Epoch   72 | Train e:  93.02, T l:  0.2406 | Val e:  91.01 , Val l: 0.5878 | Test e:  67.92 
| Epoch   73 | Train e:  93.19, T l:  0.2358 | Val e:  90.39 , Val l: 0.6900 | Test e:  68.33 
| Epoch   74 | Train e:  93.37, T l:  0.2403 | Val e:  90.84 , Val l: 0.4634 | Test e:  68.52 
| Epoch   75 | Train e:  93.41, T l:  0.2356 | Val e:  91.09 , Val l: 0.8077 | Test e:  68.76 
| Epoch   76 | Train e:  93.51, T l:  0.2314 | Val e:  92.03 , Val l: 0.5459 | Test e:  69.28 
| Epoch   77 | Train e:  93.44, T l:  0.2290 | Val e:  91.63 , Val l: 0.4569 | Test e:  68.78 
| Epoch   78 | Train e:  93.53, T l:  0.2269 | Val e:  91.98 , Val l: 0.6394 | Test e:  68.34 
| Epoch   79 | Train e:  92.14, T l:  0.2268 | Val e:  88.25 , Val l: 1.2195 | Test e:  68.09 
| Epoch   80 | Train e:  93.55, T l:  0.2392 | Val e:  91.31 , Val l: 0.7489 | Test e:  69.15 
| Epoch   81 | Train e:  93.93, T l:  0.2311 | Val e:  92.60 , Val l: 0.5629 | Test e:  69.35 
| Epoch   82 | Train e:  94.09, T l:  0.2138 | Val e:  92.42 , Val l: 0.6552 | Test e:  69.54 
| Epoch   83 | Train e:  93.97, T l:  0.2221 | Val e:  92.75 , Val l: 0.5104 | Test e:  69.12 
| Epoch   84 | Train e:  94.43, T l:  0.2166 | Val e:  91.52 , Val l: 0.7946 | Test e:  69.12 
| Epoch   85 | Train e:  92.86, T l:  0.2289 | Val e:  87.21 , Val l: 0.9481 | Test e:  69.08 
| Epoch   86 | Train e:  94.45, T l:  0.2368 | Val e:  93.10 , Val l: 0.5564 | Test e:  69.84 
| Epoch   87 | Train e:  94.00, T l:  0.2192 | Val e:  92.37 , Val l: 0.5870 | Test e:  69.60 
| Epoch   88 | Train e:  94.24, T l:  0.2201 | Val e:  93.08 , Val l: 0.4815 | Test e:  70.19 
| Epoch   89 | Train e:  94.67, T l:  0.2138 | Val e:  93.30 , Val l: 0.4794 | Test e:  70.45 
| Epoch   90 | Train e:  92.99, T l:  0.2183 | Val e:  85.91 , Val l: 1.2888 | Test e:  69.32 
| Epoch   91 | Train e:  94.33, T l:  0.2289 | Val e:  91.48 , Val l: 0.8409 | Test e:  69.51 
| Epoch   92 | Train e:  94.80, T l:  0.2163 | Val e:  92.27 , Val l: 0.5646 | Test e:  70.48 
| Epoch   93 | Train e:  94.00, T l:  0.2189 | Val e:  89.85 , Val l: 0.9620 | Test e:  70.13 
| Epoch   94 | Train e:  94.91, T l:  0.2184 | Val e:  92.99 , Val l: 0.6681 | Test e:  70.46 
| Epoch   95 | Train e:  94.34, T l:  0.2083 | Val e:  90.40 , Val l: 0.7518 | Test e:  70.76 
| Epoch   96 | Train e:  95.02, T l:  0.2029 | Val e:  92.26 , Val l: 0.6574 | Test e:  70.74 
| Epoch   97 | Train e:  94.80, T l:  0.2050 | Val e:  92.65 , Val l: 0.4734 | Test e:  70.81 
| Epoch   98 | Train e:  94.72, T l:  0.2100 | Val e:  91.70 , Val l: 0.5676 | Test e:  70.52 
| Epoch   99 | Train e:  95.09, T l:  0.2170 | Val e:  93.34 , Val l: 0.4991 | Test e:  70.38 
| Epoch  100 | Train e:  95.21, T l:  0.2138 | Val e:  93.48 , Val l: 0.5426 | Test e:  70.80 
| Epoch  101 | Train e:  94.16, T l:  0.2058 | Val e:  91.29 , Val l: 0.4605 | Test e:  69.81 
| Epoch  102 | Train e:  94.69, T l:  0.2037 | Val e:  89.03 , Val l: 1.1318 | Test e:  70.01 
| Epoch  103 | Train e:  95.29, T l:  0.2172 | Val e:  93.88 , Val l: 0.4337 | Test e:  70.28 
| Epoch  104 | Train e:  95.20, T l:  0.2059 | Val e:  92.31 , Val l: 0.6584 | Test e:  70.43 
| Epoch  105 | Train e:  95.04, T l:  0.2000 | Val e:  92.75 , Val l: 0.4462 | Test e:  71.00 
| Epoch  106 | Train e:  95.24, T l:  0.2044 | Val e:  90.27 , Val l: 1.0631 | Test e:  70.94 
| Epoch  107 | Train e:  95.39, T l:  0.2123 | Val e:  92.50 , Val l: 0.6118 | Test e:  71.73 
| Epoch  108 | Train e:  95.42, T l:  0.1939 | Val e:  93.86 , Val l: 0.4540 | Test e:  71.61 
| Epoch  109 | Train e:  95.10, T l:  0.2051 | Val e:  92.21 , Val l: 0.4764 | Test e:  70.85 
| Epoch  110 | Train e:  95.31, T l:  0.2012 | Val e:  92.18 , Val l: 0.8075 | Test e:  71.03 
| Epoch  111 | Train e:  95.36, T l:  0.1969 | Val e:  93.01 , Val l: 0.5875 | Test e:  71.40 
| Epoch  112 | Train e:  95.40, T l:  0.1915 | Val e:  92.42 , Val l: 0.5671 | Test e:  71.68 
| Epoch  113 | Train e:  95.52, T l:  0.2009 | Val e:  92.18 , Val l: 0.5968 | Test e:  71.61 
| Epoch  114 | Train e:  95.72, T l:  0.1897 | Val e:  91.83 , Val l: 0.8240 | Test e:  71.24 
| Epoch  115 | Train e:  95.68, T l:  0.1947 | Val e:  92.30 , Val l: 0.6769 | Test e:  71.66 
| Epoch  116 | Train e:  95.85, T l:  0.1859 | Val e:  92.52 , Val l: 0.6034 | Test e:  71.73 
| Epoch  117 | Train e:  95.86, T l:  0.1829 | Val e:  90.23 , Val l: 1.0620 | Test e:  71.68 
| Epoch  118 | Train e:  95.76, T l:  0.1907 | Val e:  91.81 , Val l: 0.6881 | Test e:  71.84 
| Epoch  119 | Train e:  95.66, T l:  0.1884 | Val e:  91.94 , Val l: 0.5313 | Test e:  71.92 
| Epoch  120 | Train e:  95.87, T l:  0.1878 | Val e:  92.26 , Val l: 0.5807 | Test e:  72.27 
| Epoch  121 | Train e:  95.20, T l:  0.1954 | Val e:  92.45 , Val l: 0.4346 | Test e:  71.88 
| Epoch  122 | Train e:  95.71, T l:  0.2128 | Val e:  92.36 , Val l: 0.5775 | Test e:  72.43 
| Epoch  123 | Train e:  96.05, T l:  0.1909 | Val e:  93.10 , Val l: 0.4755 | Test e:  72.07 
| Epoch  124 | Train e:  95.95, T l:  0.1818 | Val e:  92.61 , Val l: 0.5208 | Test e:  72.00 
| Epoch  125 | Train e:  95.75, T l:  0.1914 | Val e:  90.69 , Val l: 0.8547 | Test e:  71.89 
| Epoch  126 | Train e:  95.74, T l:  0.2054 | Val e:  92.05 , Val l: 0.6687 | Test e:  72.12 
| Epoch  127 | Train e:  96.22, T l:  0.1952 | Val e:  93.14 , Val l: 0.4972 | Test e:  72.69 
| Epoch  128 | Train e:  95.11, T l:  0.1893 | Val e:  92.26 , Val l: 0.4144 | Test e:  72.69 
| Epoch  129 | Train e:  96.10, T l:  0.1848 | Val e:  92.85 , Val l: 0.6022 | Test e:  71.87 
| Epoch  130 | Train e:  96.01, T l:  0.1757 | Val e:  93.34 , Val l: 0.4802 | Test e:  72.33 
| Epoch  131 | Train e:  95.90, T l:  0.1805 | Val e:  93.41 , Val l: 0.4727 | Test e:  72.38 
| Epoch  132 | Train e:  95.99, T l:  0.1805 | Val e:  92.55 , Val l: 0.5403 | Test e:  72.66 
| Epoch  133 | Train e:  96.22, T l:  0.1805 | Val e:  92.16 , Val l: 0.5821 | Test e:  73.01 
| Epoch  134 | Train e:  95.89, T l:  0.1811 | Val e:  92.48 , Val l: 0.4243 | Test e:  72.74 
| Epoch  135 | Train e:  96.11, T l:  0.1842 | Val e:  92.79 , Val l: 0.5381 | Test e:  72.99 
| Epoch  136 | Train e:  96.09, T l:  0.1747 | Val e:  92.39 , Val l: 0.5357 | Test e:  72.96 
| Epoch  137 | Train e:  96.48, T l:  0.1772 | Val e:  90.08 , Val l: 1.0117 | Test e:  72.12 
| Epoch  138 | Train e:  95.90, T l:  0.1836 | Val e:  91.94 , Val l: 0.6064 | Test e:  72.84 
| Epoch  139 | Train e:  96.28, T l:  0.1761 | Val e:  92.32 , Val l: 0.6076 | Test e:  71.73 
| Epoch  140 | Train e:  96.18, T l:  0.1773 | Val e:  90.63 , Val l: 0.8332 | Test e:  72.36 
| Epoch  141 | Train e:  95.95, T l:  0.1850 | Val e:  92.26 , Val l: 0.4586 | Test e:  72.68 
| Epoch  142 | Train e:  96.37, T l:  0.1798 | Val e:  92.62 , Val l: 0.5272 | Test e:  72.83 
| Epoch  143 | Train e:  96.29, T l:  0.1820 | Val e:  91.03 , Val l: 0.7811 | Test e:  72.42 
| Epoch  144 | Train e:  95.61, T l:  0.1732 | Val e:  92.12 , Val l: 0.4740 | Test e:  73.03 
| Epoch  145 | Train e:  95.73, T l:  0.1823 | Val e:  89.29 , Val l: 0.8955 | Test e:  72.73 
| Epoch  146 | Train e:  96.49, T l:  0.1784 | Val e:  92.98 , Val l: 0.5062 | Test e:  73.18 
| Epoch  147 | Train e:  96.67, T l:  0.1719 | Val e:  92.45 , Val l: 0.5889 | Test e:  72.90 
| Epoch  148 | Train e:  96.38, T l:  0.1759 | Val e:  91.60 , Val l: 0.6404 | Test e:  72.51 
| Epoch  149 | Train e:  96.71, T l:  0.1781 | Val e:  91.63 , Val l: 0.6851 | Test e:  72.68 
| Epoch  150 | Train e:  96.62, T l:  0.1743 | Val e:  91.96 , Val l: 0.6514 | Test e:  73.16 
| Epoch  151 | Train e:  96.39, T l:  0.1692 | Val e:  91.49 , Val l: 0.5776 | Test e:  73.39 
| Epoch  152 | Train e:  96.54, T l:  0.1722 | Val e:  91.93 , Val l: 0.5872 | Test e:  72.84 
| Epoch  153 | Train e:  96.66, T l:  0.1658 | Val e:  92.22 , Val l: 0.5652 | Test e:  72.77 
| Epoch  154 | Train e:  96.26, T l:  0.1729 | Val e:  91.52 , Val l: 0.5896 | Test e:  72.74 
| Epoch  155 | Train e:  96.43, T l:  0.1667 | Val e:  91.86 , Val l: 0.6158 | Test e:  73.06 
| Epoch  156 | Train e:  96.64, T l:  0.1668 | Val e:  92.63 , Val l: 0.5278 | Test e:  73.17 
| Epoch  157 | Train e:  96.27, T l:  0.1694 | Val e:  90.72 , Val l: 0.7693 | Test e:  73.10 
| Epoch  158 | Train e:  96.63, T l:  0.1720 | Val e:  91.61 , Val l: 0.6043 | Test e:  73.09 
| Epoch  159 | Train e:  96.42, T l:  0.1682 | Val e:  90.85 , Val l: 0.7022 | Test e:  73.17 
| Epoch  160 | Train e:  96.54, T l:  0.1686 | Val e:  92.06 , Val l: 0.5685 | Test e:  73.83 
| Epoch  161 | Train e:  96.61, T l:  0.1720 | Val e:  92.44 , Val l: 0.5281 | Test e:  73.36 
| Epoch  162 | Train e:  96.40, T l:  0.1859 | Val e:  91.99 , Val l: 0.5180 | Test e:  73.19 
| Epoch  163 | Train e:  96.54, T l:  0.1717 | Val e:  91.52 , Val l: 0.6639 | Test e:  73.00 
| Epoch  164 | Train e:  96.66, T l:  0.1554 | Val e:  91.36 , Val l: 0.6935 | Test e:  72.96 
| Epoch  165 | Train e:  96.89, T l:  0.1635 | Val e:  91.88 , Val l: 0.6747 | Test e:  72.92 
| Epoch  166 | Train e:  96.72, T l:  0.1666 | Val e:  91.08 , Val l: 0.7103 | Test e:  73.39 
| Epoch  167 | Train e:  96.94, T l:  0.1786 | Val e:  91.32 , Val l: 0.7118 | Test e:  73.41 
| Epoch  168 | Train e:  96.58, T l:  0.1742 | Val e:  91.73 , Val l: 0.6049 | Test e:  73.67 
| Epoch  169 | Train e:  96.81, T l:  0.1596 | Val e:  91.12 , Val l: 0.6800 | Test e:  73.05 
| Epoch  170 | Train e:  96.80, T l:  0.1608 | Val e:  91.78 , Val l: 0.6403 | Test e:  72.78 
| Epoch  171 | Train e:  96.63, T l:  0.1709 | Val e:  91.59 , Val l: 0.6047 | Test e:  73.54 
| Epoch  172 | Train e:  96.75, T l:  0.1664 | Val e:  92.16 , Val l: 0.5766 | Test e:  73.55 
| Epoch  173 | Train e:  96.82, T l:  0.1618 | Val e:  91.47 , Val l: 0.6503 | Test e:  73.37 
| Epoch  174 | Train e:  96.68, T l:  0.1647 | Val e:  92.14 , Val l: 0.5453 | Test e:  73.88 
| Epoch  175 | Train e:  96.78, T l:  0.1709 | Val e:  91.65 , Val l: 0.6409 | Test e:  73.57 
| Epoch  176 | Train e:  96.86, T l:  0.1667 | Val e:  92.08 , Val l: 0.6349 | Test e:  73.35 
| Epoch  177 | Train e:  96.84, T l:  0.1587 | Val e:  92.17 , Val l: 0.5374 | Test e:  73.34 
| Epoch  178 | Train e:  96.74, T l:  0.1587 | Val e:  91.36 , Val l: 0.6852 | Test e:  73.23 
| Epoch  179 | Train e:  96.93, T l:  0.1619 | Val e:  92.07 , Val l: 0.5529 | Test e:  73.67 
| Epoch  180 | Train e:  96.85, T l:  0.1643 | Val e:  91.81 , Val l: 0.6454 | Test e:  73.29 
| Epoch  181 | Train e:  96.97, T l:  0.1536 | Val e:  91.83 , Val l: 0.6424 | Test e:  73.31 
| Epoch  182 | Train e:  96.87, T l:  0.1681 | Val e:  91.27 , Val l: 0.7134 | Test e:  73.24 
| Epoch  183 | Train e:  96.91, T l:  0.1683 | Val e:  91.21 , Val l: 0.7057 | Test e:  73.29 
| Epoch  184 | Train e:  96.91, T l:  0.1635 | Val e:  91.31 , Val l: 0.6723 | Test e:  73.35 
| Epoch  185 | Train e:  96.98, T l:  0.1590 | Val e:  91.40 , Val l: 0.6550 | Test e:  73.17 
| Epoch  186 | Train e:  96.80, T l:  0.1607 | Val e:  91.06 , Val l: 0.6782 | Test e:  73.08 
| Epoch  187 | Train e:  96.94, T l:  0.1557 | Val e:  91.77 , Val l: 0.6168 | Test e:  73.10 
| Epoch  188 | Train e:  97.06, T l:  0.1639 | Val e:  91.77 , Val l: 0.6213 | Test e:  73.14 
| Epoch  189 | Train e:  96.84, T l:  0.1639 | Val e:  91.47 , Val l: 0.6280 | Test e:  73.12 
| Epoch  190 | Train e:  96.89, T l:  0.1629 | Val e:  91.61 , Val l: 0.6240 | Test e:  73.05 
| Epoch  191 | Train e:  96.95, T l:  0.1668 | Val e:  91.80 , Val l: 0.5888 | Test e:  73.19 
| Epoch  192 | Train e:  96.97, T l:  0.1631 | Val e:  91.70 , Val l: 0.6339 | Test e:  73.14 
| Epoch  193 | Train e:  97.06, T l:  0.1524 | Val e:  91.75 , Val l: 0.6115 | Test e:  73.37 
| Epoch  194 | Train e:  96.93, T l:  0.1612 | Val e:  91.64 , Val l: 0.6238 | Test e:  73.42 
| Epoch  195 | Train e:  96.98, T l:  0.1598 | Val e:  91.90 , Val l: 0.6007 | Test e:  73.36 
| Epoch  196 | Train e:  97.04, T l:  0.1669 | Val e:  91.90 , Val l: 0.6067 | Test e:  73.38 
| Epoch  197 | Train e:  96.98, T l:  0.1550 | Val e:  91.65 , Val l: 0.6395 | Test e:  73.37 
| Epoch  198 | Train e:  96.93, T l:  0.1558 | Val e:  91.82 , Val l: 0.6187 | Test e:  73.42 
| Epoch  199 | Train e:  96.99, T l:  0.1529 | Val e:  91.81 , Val l: 0.6195 | Test e:  73.41 
