

===============================================
2022-12-19 10:59:56

main_t.py --batch-size 64 --lr 0.0001 --warmup 50 --scheduler-type linear --seeds 271828 --device 1

None

dataset: ogbg-molbbbp
use_node_attr: False
pre_transform: None
transform: None
clean_cache: False
use_public_splits: True
use_val: True
use_val_loss: True
same_best_epoch: False
early_stop: False
scheduler_type: linear
epochs: 200
warmup: 50
batch_size: 64
lr: 0.0001
weight_decay: 0.0001
seeds: 271828
save_state: False
transformer_dropout: 0.1



| Epoch    0 | Train e:  49.79, T l:  1.0859 | Val e:  51.97 , Val l: 0.6980 | Test e:  50.06 
| Epoch    1 | Train e:  48.63, T l:  0.9310 | Val e:  56.25 , Val l: 0.6810 | Test e:  49.12 
| Epoch    2 | Train e:  46.66, T l:  0.7093 | Val e:  60.50 , Val l: 0.7348 | Test e:  47.88 
| Epoch    3 | Train e:  45.98, T l:  0.5538 | Val e:  63.53 , Val l: 0.8638 | Test e:  47.19 
| Epoch    4 | Train e:  45.55, T l:  0.4893 | Val e:  65.12 , Val l: 0.9824 | Test e:  47.62 
| Epoch    5 | Train e:  47.02, T l:  0.4720 | Val e:  65.81 , Val l: 1.0389 | Test e:  48.05 
| Epoch    6 | Train e:  49.10, T l:  0.4680 | Val e:  66.41 , Val l: 1.0701 | Test e:  48.71 
| Epoch    7 | Train e:  52.15, T l:  0.4590 | Val e:  66.66 , Val l: 1.0657 | Test e:  49.92 
| Epoch    8 | Train e:  55.00, T l:  0.4534 | Val e:  67.29 , Val l: 1.0909 | Test e:  51.01 
| Epoch    9 | Train e:  58.62, T l:  0.4462 | Val e:  67.12 , Val l: 1.0916 | Test e:  52.88 
| Epoch   10 | Train e:  61.09, T l:  0.4392 | Val e:  67.09 , Val l: 1.1064 | Test e:  54.80 
| Epoch   11 | Train e:  64.50, T l:  0.4327 | Val e:  68.17 , Val l: 1.1323 | Test e:  56.50 
| Epoch   12 | Train e:  65.64, T l:  0.4228 | Val e:  68.82 , Val l: 1.1188 | Test e:  58.45 
| Epoch   13 | Train e:  68.20, T l:  0.4184 | Val e:  70.63 , Val l: 1.1371 | Test e:  60.05 
| Epoch   14 | Train e:  69.28, T l:  0.4069 | Val e:  71.34 , Val l: 1.1451 | Test e:  61.06 
| Epoch   15 | Train e:  72.76, T l:  0.4000 | Val e:  72.41 , Val l: 1.1649 | Test e:  62.02 
| Epoch   16 | Train e:  73.53, T l:  0.3974 | Val e:  73.79 , Val l: 1.1647 | Test e:  62.61 
| Epoch   17 | Train e:  74.95, T l:  0.3877 | Val e:  75.29 , Val l: 1.1718 | Test e:  63.05 
| Epoch   18 | Train e:  76.11, T l:  0.3763 | Val e:  75.41 , Val l: 1.0637 | Test e:  63.30 
| Epoch   19 | Train e:  78.55, T l:  0.3792 | Val e:  77.76 , Val l: 1.1974 | Test e:  63.79 
| Epoch   20 | Train e:  79.45, T l:  0.3645 | Val e:  77.90 , Val l: 1.0762 | Test e:  63.87 
| Epoch   21 | Train e:  78.48, T l:  0.3650 | Val e:  78.32 , Val l: 0.9750 | Test e:  64.33 
| Epoch   22 | Train e:  80.52, T l:  0.3538 | Val e:  81.02 , Val l: 1.1062 | Test e:  64.62 
| Epoch   23 | Train e:  81.82, T l:  0.3460 | Val e:  80.56 , Val l: 1.0220 | Test e:  64.95 
| Epoch   24 | Train e:  81.84, T l:  0.3387 | Val e:  81.60 , Val l: 0.9783 | Test e:  65.22 
| Epoch   25 | Train e:  83.32, T l:  0.3361 | Val e:  84.19 , Val l: 1.1518 | Test e:  65.56 
| Epoch   26 | Train e:  83.21, T l:  0.3320 | Val e:  84.97 , Val l: 1.1104 | Test e:  65.69 
| Epoch   27 | Train e:  84.51, T l:  0.3321 | Val e:  84.70 , Val l: 1.0054 | Test e:  65.79 
| Epoch   28 | Train e:  84.09, T l:  0.3249 | Val e:  85.37 , Val l: 1.0165 | Test e:  65.90 
| Epoch   29 | Train e:  84.33, T l:  0.3219 | Val e:  84.26 , Val l: 0.8637 | Test e:  65.82 
| Epoch   30 | Train e:  84.89, T l:  0.3148 | Val e:  84.65 , Val l: 0.9224 | Test e:  65.82 
| Epoch   31 | Train e:  84.94, T l:  0.3138 | Val e:  85.30 , Val l: 0.9884 | Test e:  65.98 
| Epoch   32 | Train e:  85.72, T l:  0.3086 | Val e:  85.77 , Val l: 1.0659 | Test e:  66.05 
| Epoch   33 | Train e:  85.58, T l:  0.3161 | Val e:  85.32 , Val l: 0.8477 | Test e:  66.12 
| Epoch   34 | Train e:  86.17, T l:  0.3252 | Val e:  87.11 , Val l: 0.9198 | Test e:  65.84 
| Epoch   35 | Train e:  86.32, T l:  0.3047 | Val e:  85.12 , Val l: 0.8253 | Test e:  66.05 
| Epoch   36 | Train e:  86.97, T l:  0.3103 | Val e:  85.55 , Val l: 0.9890 | Test e:  66.06 
| Epoch   37 | Train e:  87.16, T l:  0.3069 | Val e:  86.34 , Val l: 0.9815 | Test e:  66.01 
| Epoch   38 | Train e:  86.98, T l:  0.3041 | Val e:  85.51 , Val l: 0.9278 | Test e:  66.11 
| Epoch   39 | Train e:  87.32, T l:  0.2959 | Val e:  85.45 , Val l: 0.9748 | Test e:  66.06 
| Epoch   40 | Train e:  87.54, T l:  0.2966 | Val e:  85.89 , Val l: 0.9481 | Test e:  65.87 
| Epoch   41 | Train e:  87.62, T l:  0.2961 | Val e:  85.22 , Val l: 0.7363 | Test e:  65.96 
| Epoch   42 | Train e:  87.97, T l:  0.2964 | Val e:  85.39 , Val l: 0.9626 | Test e:  65.96 
| Epoch   43 | Train e:  87.86, T l:  0.2927 | Val e:  84.30 , Val l: 0.9719 | Test e:  65.92 
| Epoch   44 | Train e:  88.06, T l:  0.2906 | Val e:  85.30 , Val l: 0.9257 | Test e:  66.00 
| Epoch   45 | Train e:  88.76, T l:  0.2956 | Val e:  85.83 , Val l: 0.8927 | Test e:  65.60 
| Epoch   46 | Train e:  88.51, T l:  0.2919 | Val e:  85.01 , Val l: 0.8603 | Test e:  65.67 
| Epoch   47 | Train e:  88.92, T l:  0.2825 | Val e:  84.77 , Val l: 0.8701 | Test e:  65.82 
| Epoch   48 | Train e:  88.94, T l:  0.2874 | Val e:  84.01 , Val l: 0.7333 | Test e:  65.86 
| Epoch   49 | Train e:  88.68, T l:  0.2964 | Val e:  85.04 , Val l: 1.1318 | Test e:  65.39 
| Epoch   50 | Train e:  89.41, T l:  0.2902 | Val e:  84.15 , Val l: 0.8024 | Test e:  65.86 
| Epoch   51 | Train e:  89.18, T l:  0.2808 | Val e:  84.99 , Val l: 1.0117 | Test e:  65.75 
| Epoch   52 | Train e:  89.11, T l:  0.2814 | Val e:  83.79 , Val l: 0.8826 | Test e:  65.92 
| Epoch   53 | Train e:  89.54, T l:  0.2833 | Val e:  85.56 , Val l: 1.2775 | Test e:  65.57 
| Epoch   54 | Train e:  89.48, T l:  0.3085 | Val e:  84.22 , Val l: 0.8025 | Test e:  66.05 
| Epoch   55 | Train e:  89.80, T l:  0.2719 | Val e:  83.26 , Val l: 0.7930 | Test e:  65.86 
| Epoch   56 | Train e:  89.74, T l:  0.2894 | Val e:  84.18 , Val l: 0.8730 | Test e:  65.89 
| Epoch   57 | Train e:  89.62, T l:  0.2730 | Val e:  84.56 , Val l: 1.0631 | Test e:  65.29 
| Epoch   58 | Train e:  90.22, T l:  0.2729 | Val e:  83.98 , Val l: 1.3873 | Test e:  65.26 
| Epoch   59 | Train e:  89.89, T l:  0.2852 | Val e:  84.05 , Val l: 0.7473 | Test e:  65.68 
| Epoch   60 | Train e:  90.14, T l:  0.2773 | Val e:  83.87 , Val l: 1.0157 | Test e:  65.96 
| Epoch   61 | Train e:  90.63, T l:  0.2636 | Val e:  83.53 , Val l: 0.8140 | Test e:  65.95 
| Epoch   62 | Train e:  90.46, T l:  0.2773 | Val e:  84.32 , Val l: 0.7516 | Test e:  65.82 
| Epoch   63 | Train e:  90.79, T l:  0.2777 | Val e:  84.48 , Val l: 1.0030 | Test e:  65.78 
| Epoch   64 | Train e:  90.78, T l:  0.2667 | Val e:  84.83 , Val l: 1.0102 | Test e:  66.17 
| Epoch   65 | Train e:  90.56, T l:  0.2640 | Val e:  85.51 , Val l: 0.8145 | Test e:  65.97 
| Epoch   66 | Train e:  91.13, T l:  0.2586 | Val e:  83.45 , Val l: 0.8802 | Test e:  66.46 
| Epoch   67 | Train e:  90.65, T l:  0.2640 | Val e:  83.60 , Val l: 0.7738 | Test e:  66.30 
| Epoch   68 | Train e:  91.25, T l:  0.2795 | Val e:  83.53 , Val l: 0.9435 | Test e:  66.54 
| Epoch   69 | Train e:  91.32, T l:  0.2566 | Val e:  84.44 , Val l: 0.9709 | Test e:  66.23 
| Epoch   70 | Train e:  91.30, T l:  0.2723 | Val e:  83.36 , Val l: 0.6997 | Test e:  66.42 
| Epoch   71 | Train e:  91.30, T l:  0.2669 | Val e:  84.67 , Val l: 0.9219 | Test e:  66.30 
| Epoch   72 | Train e:  91.87, T l:  0.2537 | Val e:  83.28 , Val l: 1.0759 | Test e:  66.69 
| Epoch   73 | Train e:  91.59, T l:  0.2657 | Val e:  84.27 , Val l: 0.9524 | Test e:  66.76 
| Epoch   74 | Train e:  91.67, T l:  0.2540 | Val e:  83.51 , Val l: 1.0457 | Test e:  66.52 
| Epoch   75 | Train e:  91.97, T l:  0.2524 | Val e:  82.71 , Val l: 1.0697 | Test e:  66.83 
| Epoch   76 | Train e:  91.56, T l:  0.2588 | Val e:  83.24 , Val l: 0.7085 | Test e:  66.62 
| Epoch   77 | Train e:  92.14, T l:  0.2620 | Val e:  83.08 , Val l: 0.9542 | Test e:  66.71 
| Epoch   78 | Train e:  92.12, T l:  0.2486 | Val e:  83.35 , Val l: 1.0719 | Test e:  66.97 
| Epoch   79 | Train e:  92.19, T l:  0.2597 | Val e:  84.69 , Val l: 0.8671 | Test e:  66.75 
| Epoch   80 | Train e:  92.36, T l:  0.2469 | Val e:  84.92 , Val l: 0.8002 | Test e:  66.92 
| Epoch   81 | Train e:  92.41, T l:  0.2480 | Val e:  83.79 , Val l: 1.0346 | Test e:  66.80 
| Epoch   82 | Train e:  92.48, T l:  0.2512 | Val e:  85.02 , Val l: 0.7131 | Test e:  66.81 
| Epoch   83 | Train e:  92.66, T l:  0.2420 | Val e:  85.02 , Val l: 0.8889 | Test e:  66.96 
| Epoch   84 | Train e:  92.38, T l:  0.2385 | Val e:  84.46 , Val l: 0.7238 | Test e:  66.92 
| Epoch   85 | Train e:  92.45, T l:  0.2413 | Val e:  83.20 , Val l: 1.0413 | Test e:  67.16 
| Epoch   86 | Train e:  92.98, T l:  0.2387 | Val e:  83.07 , Val l: 0.8995 | Test e:  67.21 
| Epoch   87 | Train e:  92.68, T l:  0.2296 | Val e:  82.56 , Val l: 1.0846 | Test e:  67.20 
| Epoch   88 | Train e:  93.10, T l:  0.2355 | Val e:  83.72 , Val l: 0.9081 | Test e:  67.07 
| Epoch   89 | Train e:  93.02, T l:  0.2366 | Val e:  83.71 , Val l: 1.0174 | Test e:  66.80 
| Epoch   90 | Train e:  92.94, T l:  0.2332 | Val e:  83.51 , Val l: 0.9772 | Test e:  67.01 
| Epoch   91 | Train e:  93.30, T l:  0.2325 | Val e:  84.25 , Val l: 0.7789 | Test e:  67.21 
| Epoch   92 | Train e:  93.24, T l:  0.2295 | Val e:  83.81 , Val l: 1.0250 | Test e:  66.94 
| Epoch   93 | Train e:  93.69, T l:  0.2331 | Val e:  84.96 , Val l: 0.9156 | Test e:  66.91 
| Epoch   94 | Train e:  93.35, T l:  0.2261 | Val e:  83.62 , Val l: 0.7701 | Test e:  66.85 
| Epoch   95 | Train e:  93.51, T l:  0.2284 | Val e:  82.95 , Val l: 0.9299 | Test e:  67.17 
| Epoch   96 | Train e:  93.72, T l:  0.2285 | Val e:  84.35 , Val l: 0.9513 | Test e:  66.89 
| Epoch   97 | Train e:  93.82, T l:  0.2194 | Val e:  83.80 , Val l: 0.8615 | Test e:  66.91 
| Epoch   98 | Train e:  93.62, T l:  0.2203 | Val e:  83.12 , Val l: 1.1186 | Test e:  67.13 
| Epoch   99 | Train e:  94.01, T l:  0.2203 | Val e:  82.63 , Val l: 1.0309 | Test e:  66.93 
| Epoch  100 | Train e:  94.02, T l:  0.2222 | Val e:  84.03 , Val l: 0.9352 | Test e:  67.23 
| Epoch  101 | Train e:  94.31, T l:  0.2138 | Val e:  82.62 , Val l: 1.1260 | Test e:  67.04 
| Epoch  102 | Train e:  93.85, T l:  0.2276 | Val e:  83.35 , Val l: 0.8892 | Test e:  66.88 
| Epoch  103 | Train e:  94.08, T l:  0.2157 | Val e:  83.39 , Val l: 0.9929 | Test e:  66.83 
| Epoch  104 | Train e:  94.23, T l:  0.2149 | Val e:  82.89 , Val l: 1.1184 | Test e:  66.87 
| Epoch  105 | Train e:  94.54, T l:  0.2060 | Val e:  83.20 , Val l: 1.0459 | Test e:  67.27 
| Epoch  106 | Train e:  94.55, T l:  0.2135 | Val e:  84.02 , Val l: 0.8606 | Test e:  67.19 
| Epoch  107 | Train e:  94.47, T l:  0.2188 | Val e:  84.72 , Val l: 0.7828 | Test e:  67.07 
| Epoch  108 | Train e:  94.30, T l:  0.2113 | Val e:  83.47 , Val l: 1.0868 | Test e:  67.41 
| Epoch  109 | Train e:  94.66, T l:  0.2131 | Val e:  83.67 , Val l: 1.1729 | Test e:  67.47 
| Epoch  110 | Train e:  94.51, T l:  0.2046 | Val e:  83.16 , Val l: 0.9354 | Test e:  67.06 
| Epoch  111 | Train e:  94.62, T l:  0.2033 | Val e:  83.21 , Val l: 0.9562 | Test e:  67.09 
| Epoch  112 | Train e:  94.91, T l:  0.2135 | Val e:  83.55 , Val l: 0.8549 | Test e:  67.11 
| Epoch  113 | Train e:  94.98, T l:  0.2077 | Val e:  83.52 , Val l: 0.9260 | Test e:  67.11 
| Epoch  114 | Train e:  95.06, T l:  0.2032 | Val e:  84.39 , Val l: 0.9147 | Test e:  67.19 
| Epoch  115 | Train e:  95.34, T l:  0.2015 | Val e:  84.71 , Val l: 0.9042 | Test e:  67.10 
| Epoch  116 | Train e:  95.00, T l:  0.2110 | Val e:  83.51 , Val l: 0.8936 | Test e:  66.64 
| Epoch  117 | Train e:  95.08, T l:  0.2058 | Val e:  83.85 , Val l: 0.9988 | Test e:  66.93 
| Epoch  118 | Train e:  95.23, T l:  0.1995 | Val e:  84.54 , Val l: 0.8916 | Test e:  67.01 
| Epoch  119 | Train e:  95.27, T l:  0.1972 | Val e:  85.39 , Val l: 0.7281 | Test e:  66.71 
| Epoch  120 | Train e:  95.33, T l:  0.1991 | Val e:  83.61 , Val l: 0.9748 | Test e:  66.63 
| Epoch  121 | Train e:  95.37, T l:  0.1907 | Val e:  82.89 , Val l: 1.0999 | Test e:  66.76 
| Epoch  122 | Train e:  95.35, T l:  0.1932 | Val e:  84.33 , Val l: 1.0504 | Test e:  66.71 
| Epoch  123 | Train e:  95.32, T l:  0.1975 | Val e:  83.54 , Val l: 1.0905 | Test e:  66.66 
| Epoch  124 | Train e:  95.51, T l:  0.1978 | Val e:  84.60 , Val l: 0.8117 | Test e:  66.60 
| Epoch  125 | Train e:  95.59, T l:  0.1973 | Val e:  84.42 , Val l: 1.0873 | Test e:  66.77 
| Epoch  126 | Train e:  95.66, T l:  0.1922 | Val e:  84.63 , Val l: 1.0309 | Test e:  66.93 
| Epoch  127 | Train e:  95.77, T l:  0.2003 | Val e:  84.68 , Val l: 0.9283 | Test e:  66.72 
| Epoch  128 | Train e:  95.80, T l:  0.1832 | Val e:  84.29 , Val l: 0.9053 | Test e:  66.98 
| Epoch  129 | Train e:  95.64, T l:  0.1892 | Val e:  84.25 , Val l: 0.9616 | Test e:  67.13 
| Epoch  130 | Train e:  95.78, T l:  0.1844 | Val e:  84.72 , Val l: 0.8745 | Test e:  66.72 
| Epoch  131 | Train e:  95.97, T l:  0.1853 | Val e:  83.88 , Val l: 1.0176 | Test e:  66.89 
| Epoch  132 | Train e:  95.77, T l:  0.1804 | Val e:  85.04 , Val l: 0.8000 | Test e:  66.62 
| Epoch  133 | Train e:  95.93, T l:  0.1908 | Val e:  83.54 , Val l: 1.0080 | Test e:  66.52 
| Epoch  134 | Train e:  95.99, T l:  0.1813 | Val e:  84.15 , Val l: 1.0446 | Test e:  66.85 
| Epoch  135 | Train e:  96.07, T l:  0.1815 | Val e:  82.81 , Val l: 1.1504 | Test e:  66.18 
| Epoch  136 | Train e:  96.19, T l:  0.1788 | Val e:  83.70 , Val l: 1.0307 | Test e:  66.17 
| Epoch  137 | Train e:  96.05, T l:  0.1911 | Val e:  86.00 , Val l: 0.8217 | Test e:  66.28 
| Epoch  138 | Train e:  96.31, T l:  0.1800 | Val e:  85.16 , Val l: 0.9097 | Test e:  66.53 
| Epoch  139 | Train e:  96.47, T l:  0.1812 | Val e:  84.92 , Val l: 0.9664 | Test e:  65.98 
| Epoch  140 | Train e:  96.31, T l:  0.1836 | Val e:  84.15 , Val l: 1.0313 | Test e:  65.72 
| Epoch  141 | Train e:  96.24, T l:  0.1763 | Val e:  84.49 , Val l: 0.9782 | Test e:  65.69 
| Epoch  142 | Train e:  96.29, T l:  0.1761 | Val e:  84.11 , Val l: 1.0339 | Test e:  65.73 
| Epoch  143 | Train e:  96.26, T l:  0.1765 | Val e:  84.78 , Val l: 0.8619 | Test e:  66.00 
| Epoch  144 | Train e:  96.32, T l:  0.1701 | Val e:  85.08 , Val l: 0.9278 | Test e:  65.75 
| Epoch  145 | Train e:  96.56, T l:  0.1801 | Val e:  84.17 , Val l: 0.9897 | Test e:  65.53 
| Epoch  146 | Train e:  96.37, T l:  0.1727 | Val e:  84.15 , Val l: 1.0534 | Test e:  65.30 
| Epoch  147 | Train e:  96.50, T l:  0.1684 | Val e:  84.43 , Val l: 1.0236 | Test e:  65.26 
| Epoch  148 | Train e:  96.35, T l:  0.1756 | Val e:  84.26 , Val l: 1.0953 | Test e:  65.04 
| Epoch  149 | Train e:  96.40, T l:  0.1799 | Val e:  84.70 , Val l: 1.0146 | Test e:  65.09 
| Epoch  150 | Train e:  96.33, T l:  0.1739 | Val e:  84.39 , Val l: 0.9229 | Test e:  65.12 
| Epoch  151 | Train e:  96.48, T l:  0.1715 | Val e:  84.67 , Val l: 0.9939 | Test e:  65.35 
| Epoch  152 | Train e:  96.70, T l:  0.1778 | Val e:  83.79 , Val l: 1.0624 | Test e:  65.22 
| Epoch  153 | Train e:  96.78, T l:  0.1785 | Val e:  83.94 , Val l: 1.0328 | Test e:  65.46 
| Epoch  154 | Train e:  96.40, T l:  0.1690 | Val e:  84.95 , Val l: 0.9174 | Test e:  65.47 
| Epoch  155 | Train e:  96.70, T l:  0.1706 | Val e:  85.46 , Val l: 0.8313 | Test e:  65.36 
| Epoch  156 | Train e:  96.62, T l:  0.1694 | Val e:  85.02 , Val l: 0.8665 | Test e:  65.11 
| Epoch  157 | Train e:  96.90, T l:  0.1720 | Val e:  84.55 , Val l: 0.9540 | Test e:  65.18 
| Epoch  158 | Train e:  96.68, T l:  0.1653 | Val e:  84.42 , Val l: 1.0236 | Test e:  65.14 
| Epoch  159 | Train e:  96.58, T l:  0.1624 | Val e:  84.45 , Val l: 1.0122 | Test e:  64.98 
| Epoch  160 | Train e:  97.06, T l:  0.1671 | Val e:  84.65 , Val l: 0.9342 | Test e:  65.13 
| Epoch  161 | Train e:  96.83, T l:  0.1653 | Val e:  85.52 , Val l: 0.7958 | Test e:  65.04 
| Epoch  162 | Train e:  96.78, T l:  0.1650 | Val e:  85.06 , Val l: 0.8624 | Test e:  65.11 
| Epoch  163 | Train e:  96.89, T l:  0.1626 | Val e:  85.11 , Val l: 0.8624 | Test e:  65.24 
| Epoch  164 | Train e:  97.01, T l:  0.1623 | Val e:  84.96 , Val l: 0.9058 | Test e:  65.23 
| Epoch  165 | Train e:  97.03, T l:  0.1547 | Val e:  83.77 , Val l: 1.1136 | Test e:  64.86 
| Epoch  166 | Train e:  96.96, T l:  0.1651 | Val e:  84.95 , Val l: 0.9126 | Test e:  65.27 
| Epoch  167 | Train e:  96.83, T l:  0.1685 | Val e:  84.66 , Val l: 0.9574 | Test e:  65.24 
| Epoch  168 | Train e:  97.01, T l:  0.1659 | Val e:  84.70 , Val l: 0.9841 | Test e:  65.13 
| Epoch  169 | Train e:  96.88, T l:  0.1562 | Val e:  84.81 , Val l: 0.9434 | Test e:  64.95 
| Epoch  170 | Train e:  96.95, T l:  0.1642 | Val e:  85.62 , Val l: 0.8104 | Test e:  65.10 
| Epoch  171 | Train e:  96.96, T l:  0.1631 | Val e:  85.40 , Val l: 0.8648 | Test e:  65.05 
| Epoch  172 | Train e:  96.91, T l:  0.1547 | Val e:  85.14 , Val l: 0.9249 | Test e:  65.30 
| Epoch  173 | Train e:  96.99, T l:  0.1629 | Val e:  86.06 , Val l: 0.8213 | Test e:  65.55 
| Epoch  174 | Train e:  96.85, T l:  0.1585 | Val e:  86.10 , Val l: 0.8209 | Test e:  65.27 
| Epoch  175 | Train e:  97.01, T l:  0.1560 | Val e:  85.29 , Val l: 0.8938 | Test e:  65.04 
| Epoch  176 | Train e:  97.17, T l:  0.1542 | Val e:  84.99 , Val l: 0.9921 | Test e:  65.24 
| Epoch  177 | Train e:  97.12, T l:  0.1566 | Val e:  85.51 , Val l: 0.8806 | Test e:  65.08 
| Epoch  178 | Train e:  97.05, T l:  0.1555 | Val e:  85.19 , Val l: 0.8892 | Test e:  64.81 
| Epoch  179 | Train e:  97.22, T l:  0.1612 | Val e:  85.32 , Val l: 0.8776 | Test e:  64.96 
| Epoch  180 | Train e:  97.22, T l:  0.1634 | Val e:  84.52 , Val l: 1.0308 | Test e:  65.01 
| Epoch  181 | Train e:  97.01, T l:  0.1554 | Val e:  84.77 , Val l: 0.9720 | Test e:  64.75 
| Epoch  182 | Train e:  97.31, T l:  0.1590 | Val e:  84.88 , Val l: 0.9263 | Test e:  64.89 
| Epoch  183 | Train e:  97.14, T l:  0.1557 | Val e:  85.04 , Val l: 0.9091 | Test e:  64.76 
| Epoch  184 | Train e:  97.21, T l:  0.1543 | Val e:  84.92 , Val l: 0.9263 | Test e:  64.68 
| Epoch  185 | Train e:  97.30, T l:  0.1527 | Val e:  85.00 , Val l: 0.9175 | Test e:  64.54 
| Epoch  186 | Train e:  97.30, T l:  0.1611 | Val e:  84.69 , Val l: 1.0134 | Test e:  64.62 
| Epoch  187 | Train e:  97.17, T l:  0.1515 | Val e:  84.87 , Val l: 0.9094 | Test e:  64.51 
| Epoch  188 | Train e:  97.09, T l:  0.1629 | Val e:  84.86 , Val l: 0.9358 | Test e:  64.54 
| Epoch  189 | Train e:  97.10, T l:  0.1555 | Val e:  84.67 , Val l: 0.9581 | Test e:  64.67 
| Epoch  190 | Train e:  97.27, T l:  0.1509 | Val e:  84.74 , Val l: 0.9336 | Test e:  64.75 
| Epoch  191 | Train e:  97.23, T l:  0.1534 | Val e:  84.72 , Val l: 0.9369 | Test e:  64.55 
| Epoch  192 | Train e:  97.34, T l:  0.1534 | Val e:  84.59 , Val l: 0.9554 | Test e:  64.58 
| Epoch  193 | Train e:  97.22, T l:  0.1557 | Val e:  84.53 , Val l: 0.9721 | Test e:  64.65 
| Epoch  194 | Train e:  97.07, T l:  0.1461 | Val e:  84.57 , Val l: 0.9528 | Test e:  64.81 
| Epoch  195 | Train e:  97.06, T l:  0.1509 | Val e:  84.63 , Val l: 0.9475 | Test e:  64.79 
| Epoch  196 | Train e:  97.35, T l:  0.1551 | Val e:  84.57 , Val l: 0.9530 | Test e:  64.72 
| Epoch  197 | Train e:  97.20, T l:  0.1458 | Val e:  84.56 , Val l: 0.9728 | Test e:  64.73 
| Epoch  198 | Train e:  97.24, T l:  0.1516 | Val e:  84.58 , Val l: 0.9621 | Test e:  64.70 
| Epoch  199 | Train e:  97.21, T l:  0.1504 | Val e:  84.59 , Val l: 0.9614 | Test e:  64.72 
