

===============================================
2022-12-19 11:21:02

main_t.py --batch-size 64 --lr 0.0001 --warmup 50 --scheduler-type linear --seeds 314159 --device 0

None

dataset: ogbg-molbbbp
use_node_attr: False
pre_transform: None
transform: None
clean_cache: False
use_public_splits: True
use_val: True
use_val_loss: True
same_best_epoch: False
early_stop: False
scheduler_type: linear
epochs: 200
warmup: 50
batch_size: 64
lr: 0.0001
weight_decay: 0.0001
seeds: 314159
save_state: False
transformer_dropout: 0.1



| Epoch    0 | Train e:  52.60, T l:  0.6763 | Val e:  48.48 , Val l: 2.4137 | Test e:  46.81 
| Epoch    1 | Train e:  54.04, T l:  0.6349 | Val e:  47.11 , Val l: 2.1865 | Test e:  47.81 
| Epoch    2 | Train e:  55.58, T l:  0.5582 | Val e:  44.63 , Val l: 1.8359 | Test e:  48.72 
| Epoch    3 | Train e:  57.22, T l:  0.4802 | Val e:  42.59 , Val l: 1.5110 | Test e:  49.85 
| Epoch    4 | Train e:  57.71, T l:  0.4443 | Val e:  41.83 , Val l: 1.3388 | Test e:  50.75 
| Epoch    5 | Train e:  60.64, T l:  0.4358 | Val e:  42.78 , Val l: 1.3321 | Test e:  51.49 
| Epoch    6 | Train e:  62.63, T l:  0.4312 | Val e:  43.96 , Val l: 1.3263 | Test e:  52.07 
| Epoch    7 | Train e:  65.00, T l:  0.4276 | Val e:  45.86 , Val l: 1.3183 | Test e:  52.60 
| Epoch    8 | Train e:  67.26, T l:  0.4169 | Val e:  48.39 , Val l: 1.2774 | Test e:  53.65 
| Epoch    9 | Train e:  68.91, T l:  0.4133 | Val e:  52.85 , Val l: 1.2725 | Test e:  54.67 
| Epoch   10 | Train e:  72.49, T l:  0.4045 | Val e:  58.61 , Val l: 1.2873 | Test e:  55.85 
| Epoch   11 | Train e:  75.29, T l:  0.3941 | Val e:  63.54 , Val l: 1.1989 | Test e:  57.92 
| Epoch   12 | Train e:  76.74, T l:  0.3882 | Val e:  69.91 , Val l: 1.2466 | Test e:  59.85 
| Epoch   13 | Train e:  78.77, T l:  0.3788 | Val e:  73.57 , Val l: 1.2346 | Test e:  62.14 
| Epoch   14 | Train e:  79.13, T l:  0.3755 | Val e:  75.81 , Val l: 1.1668 | Test e:  64.03 
| Epoch   15 | Train e:  80.13, T l:  0.3668 | Val e:  78.37 , Val l: 1.1256 | Test e:  64.90 
| Epoch   16 | Train e:  81.00, T l:  0.3588 | Val e:  79.02 , Val l: 1.0963 | Test e:  65.90 
| Epoch   17 | Train e:  81.90, T l:  0.3528 | Val e:  81.41 , Val l: 1.2094 | Test e:  66.10 
| Epoch   18 | Train e:  83.13, T l:  0.3490 | Val e:  82.46 , Val l: 1.1120 | Test e:  66.46 
| Epoch   19 | Train e:  83.19, T l:  0.3433 | Val e:  83.20 , Val l: 1.0378 | Test e:  66.55 
| Epoch   20 | Train e:  83.33, T l:  0.3408 | Val e:  82.76 , Val l: 1.0240 | Test e:  66.46 
| Epoch   21 | Train e:  83.52, T l:  0.3344 | Val e:  84.48 , Val l: 1.0270 | Test e:  66.43 
| Epoch   22 | Train e:  84.63, T l:  0.3291 | Val e:  84.81 , Val l: 1.2109 | Test e:  66.51 
| Epoch   23 | Train e:  84.53, T l:  0.3295 | Val e:  83.49 , Val l: 0.9820 | Test e:  66.55 
| Epoch   24 | Train e:  85.12, T l:  0.3184 | Val e:  85.86 , Val l: 1.2233 | Test e:  66.69 
| Epoch   25 | Train e:  85.62, T l:  0.3306 | Val e:  83.99 , Val l: 0.9407 | Test e:  66.69 
| Epoch   26 | Train e:  85.78, T l:  0.3180 | Val e:  85.68 , Val l: 0.9800 | Test e:  66.85 
| Epoch   27 | Train e:  85.80, T l:  0.3173 | Val e:  86.98 , Val l: 1.1588 | Test e:  66.75 
| Epoch   28 | Train e:  86.22, T l:  0.3089 | Val e:  84.94 , Val l: 0.9982 | Test e:  66.78 
| Epoch   29 | Train e:  86.56, T l:  0.3125 | Val e:  86.43 , Val l: 1.0416 | Test e:  66.76 
| Epoch   30 | Train e:  87.03, T l:  0.3093 | Val e:  85.81 , Val l: 1.0504 | Test e:  66.70 
| Epoch   31 | Train e:  86.74, T l:  0.3067 | Val e:  85.40 , Val l: 0.9655 | Test e:  66.74 
| Epoch   32 | Train e:  86.41, T l:  0.3054 | Val e:  84.20 , Val l: 0.8845 | Test e:  66.58 
| Epoch   33 | Train e:  87.25, T l:  0.3074 | Val e:  86.75 , Val l: 1.0540 | Test e:  66.64 
| Epoch   34 | Train e:  87.57, T l:  0.3007 | Val e:  85.25 , Val l: 1.0164 | Test e:  66.47 
| Epoch   35 | Train e:  87.65, T l:  0.2939 | Val e:  84.34 , Val l: 1.0305 | Test e:  66.60 
| Epoch   36 | Train e:  88.07, T l:  0.2963 | Val e:  84.60 , Val l: 0.8445 | Test e:  66.65 
| Epoch   37 | Train e:  87.68, T l:  0.3018 | Val e:  83.88 , Val l: 0.8713 | Test e:  66.52 
| Epoch   38 | Train e:  88.28, T l:  0.2953 | Val e:  86.30 , Val l: 1.3176 | Test e:  66.44 
| Epoch   39 | Train e:  88.08, T l:  0.3044 | Val e:  83.68 , Val l: 0.8462 | Test e:  66.48 
| Epoch   40 | Train e:  87.98, T l:  0.2846 | Val e:  83.89 , Val l: 0.9173 | Test e:  66.44 
| Epoch   41 | Train e:  87.98, T l:  0.2887 | Val e:  83.72 , Val l: 0.8228 | Test e:  66.39 
| Epoch   42 | Train e:  88.34, T l:  0.2969 | Val e:  85.81 , Val l: 0.8827 | Test e:  66.44 
| Epoch   43 | Train e:  88.89, T l:  0.2996 | Val e:  84.85 , Val l: 1.0716 | Test e:  66.45 
| Epoch   44 | Train e:  88.20, T l:  0.3123 | Val e:  84.55 , Val l: 0.8512 | Test e:  66.30 
| Epoch   45 | Train e:  88.64, T l:  0.3109 | Val e:  85.14 , Val l: 0.9763 | Test e:  66.39 
| Epoch   46 | Train e:  88.90, T l:  0.2827 | Val e:  84.87 , Val l: 1.0389 | Test e:  66.58 
| Epoch   47 | Train e:  88.90, T l:  0.2890 | Val e:  85.58 , Val l: 0.8840 | Test e:  66.18 
| Epoch   48 | Train e:  88.76, T l:  0.2764 | Val e:  83.34 , Val l: 0.9214 | Test e:  66.25 
| Epoch   49 | Train e:  88.89, T l:  0.2853 | Val e:  84.41 , Val l: 0.8269 | Test e:  65.58 
| Epoch   50 | Train e:  89.35, T l:  0.2855 | Val e:  85.86 , Val l: 1.0418 | Test e:  65.91 
| Epoch   51 | Train e:  89.06, T l:  0.2810 | Val e:  84.26 , Val l: 0.8409 | Test e:  66.05 
| Epoch   52 | Train e:  89.37, T l:  0.2800 | Val e:  83.55 , Val l: 0.8455 | Test e:  65.74 
| Epoch   53 | Train e:  89.39, T l:  0.2788 | Val e:  84.06 , Val l: 0.7621 | Test e:  65.93 
| Epoch   54 | Train e:  89.93, T l:  0.2783 | Val e:  84.75 , Val l: 1.1391 | Test e:  65.72 
| Epoch   55 | Train e:  89.53, T l:  0.2800 | Val e:  84.46 , Val l: 1.1280 | Test e:  65.72 
| Epoch   56 | Train e:  89.99, T l:  0.2828 | Val e:  85.53 , Val l: 0.8895 | Test e:  65.60 
| Epoch   57 | Train e:  90.01, T l:  0.2682 | Val e:  84.65 , Val l: 1.0444 | Test e:  65.61 
| Epoch   58 | Train e:  90.33, T l:  0.2713 | Val e:  85.03 , Val l: 0.9034 | Test e:  65.57 
| Epoch   59 | Train e:  90.06, T l:  0.2683 | Val e:  84.15 , Val l: 0.9885 | Test e:  65.64 
| Epoch   60 | Train e:  90.14, T l:  0.2709 | Val e:  85.82 , Val l: 1.3089 | Test e:  65.29 
| Epoch   61 | Train e:  90.56, T l:  0.2751 | Val e:  84.54 , Val l: 1.0406 | Test e:  65.69 
| Epoch   62 | Train e:  90.66, T l:  0.2656 | Val e:  84.28 , Val l: 1.0027 | Test e:  65.74 
| Epoch   63 | Train e:  90.46, T l:  0.2650 | Val e:  84.65 , Val l: 0.9520 | Test e:  65.76 
| Epoch   64 | Train e:  90.48, T l:  0.2773 | Val e:  83.18 , Val l: 0.8525 | Test e:  65.64 
| Epoch   65 | Train e:  90.54, T l:  0.2623 | Val e:  83.57 , Val l: 0.9763 | Test e:  65.52 
| Epoch   66 | Train e:  91.03, T l:  0.2640 | Val e:  82.83 , Val l: 0.8020 | Test e:  65.64 
| Epoch   67 | Train e:  90.79, T l:  0.2664 | Val e:  83.77 , Val l: 0.8506 | Test e:  65.37 
| Epoch   68 | Train e:  90.98, T l:  0.2651 | Val e:  83.40 , Val l: 0.8773 | Test e:  65.44 
| Epoch   69 | Train e:  90.94, T l:  0.2626 | Val e:  83.61 , Val l: 0.9438 | Test e:  65.53 
| Epoch   70 | Train e:  91.04, T l:  0.2564 | Val e:  84.45 , Val l: 0.7112 | Test e:  65.41 
| Epoch   71 | Train e:  91.28, T l:  0.2573 | Val e:  84.73 , Val l: 1.1059 | Test e:  65.86 
| Epoch   72 | Train e:  91.28, T l:  0.2635 | Val e:  83.77 , Val l: 0.7928 | Test e:  65.43 
| Epoch   73 | Train e:  91.38, T l:  0.2581 | Val e:  84.19 , Val l: 0.8463 | Test e:  65.76 
| Epoch   74 | Train e:  91.32, T l:  0.2494 | Val e:  83.88 , Val l: 0.8769 | Test e:  65.94 
| Epoch   75 | Train e:  91.32, T l:  0.2547 | Val e:  84.24 , Val l: 1.0406 | Test e:  65.85 
| Epoch   76 | Train e:  91.98, T l:  0.2511 | Val e:  82.99 , Val l: 0.8065 | Test e:  65.70 
| Epoch   77 | Train e:  91.32, T l:  0.2455 | Val e:  82.92 , Val l: 0.7912 | Test e:  65.55 
| Epoch   78 | Train e:  91.78, T l:  0.2556 | Val e:  83.74 , Val l: 0.9512 | Test e:  66.04 
| Epoch   79 | Train e:  91.10, T l:  0.2441 | Val e:  82.85 , Val l: 1.0236 | Test e:  66.07 
| Epoch   80 | Train e:  92.12, T l:  0.2484 | Val e:  83.40 , Val l: 1.0305 | Test e:  66.31 
| Epoch   81 | Train e:  92.04, T l:  0.2421 | Val e:  82.45 , Val l: 0.9164 | Test e:  65.91 
| Epoch   82 | Train e:  92.06, T l:  0.2555 | Val e:  83.28 , Val l: 0.7034 | Test e:  66.27 
| Epoch   83 | Train e:  92.47, T l:  0.2447 | Val e:  82.61 , Val l: 1.0871 | Test e:  66.30 
| Epoch   84 | Train e:  92.67, T l:  0.2408 | Val e:  84.22 , Val l: 0.7158 | Test e:  66.18 
| Epoch   85 | Train e:  91.96, T l:  0.2474 | Val e:  82.71 , Val l: 0.7379 | Test e:  66.36 
| Epoch   86 | Train e:  92.50, T l:  0.2543 | Val e:  84.10 , Val l: 0.8874 | Test e:  66.05 
| Epoch   87 | Train e:  92.13, T l:  0.2461 | Val e:  80.98 , Val l: 0.9599 | Test e:  66.15 
| Epoch   88 | Train e:  92.77, T l:  0.2369 | Val e:  83.74 , Val l: 0.7886 | Test e:  66.47 
| Epoch   89 | Train e:  92.93, T l:  0.2350 | Val e:  83.77 , Val l: 0.9630 | Test e:  66.79 
| Epoch   90 | Train e:  93.13, T l:  0.2466 | Val e:  83.80 , Val l: 1.2607 | Test e:  66.45 
| Epoch   91 | Train e:  93.33, T l:  0.2333 | Val e:  82.77 , Val l: 1.0150 | Test e:  66.43 
| Epoch   92 | Train e:  93.07, T l:  0.2318 | Val e:  83.19 , Val l: 0.9895 | Test e:  66.45 
| Epoch   93 | Train e:  93.23, T l:  0.2377 | Val e:  83.79 , Val l: 1.0043 | Test e:  66.59 
| Epoch   94 | Train e:  93.13, T l:  0.2262 | Val e:  84.09 , Val l: 0.8811 | Test e:  66.42 
| Epoch   95 | Train e:  93.53, T l:  0.2263 | Val e:  84.34 , Val l: 0.9220 | Test e:  66.31 
| Epoch   96 | Train e:  93.76, T l:  0.2260 | Val e:  84.27 , Val l: 0.9463 | Test e:  66.43 
| Epoch   97 | Train e:  93.60, T l:  0.2318 | Val e:  84.17 , Val l: 0.9109 | Test e:  66.44 
| Epoch   98 | Train e:  93.77, T l:  0.2217 | Val e:  83.26 , Val l: 1.0851 | Test e:  66.48 
| Epoch   99 | Train e:  93.61, T l:  0.2220 | Val e:  83.62 , Val l: 0.9078 | Test e:  66.33 
| Epoch  100 | Train e:  94.20, T l:  0.2259 | Val e:  83.94 , Val l: 0.9886 | Test e:  66.23 
| Epoch  101 | Train e:  93.78, T l:  0.2167 | Val e:  84.30 , Val l: 1.0020 | Test e:  66.29 
| Epoch  102 | Train e:  94.04, T l:  0.2220 | Val e:  82.79 , Val l: 1.0395 | Test e:  66.23 
| Epoch  103 | Train e:  93.96, T l:  0.2136 | Val e:  83.89 , Val l: 0.9294 | Test e:  66.40 
| Epoch  104 | Train e:  93.80, T l:  0.2168 | Val e:  83.29 , Val l: 1.1146 | Test e:  66.43 
| Epoch  105 | Train e:  94.42, T l:  0.2172 | Val e:  84.96 , Val l: 1.0999 | Test e:  66.49 
| Epoch  106 | Train e:  94.40, T l:  0.2236 | Val e:  84.15 , Val l: 0.8617 | Test e:  66.22 
| Epoch  107 | Train e:  94.25, T l:  0.2109 | Val e:  84.71 , Val l: 0.9762 | Test e:  66.14 
| Epoch  108 | Train e:  93.36, T l:  0.2157 | Val e:  83.33 , Val l: 0.7655 | Test e:  66.40 
| Epoch  109 | Train e:  94.41, T l:  0.2161 | Val e:  84.66 , Val l: 1.0343 | Test e:  66.28 
| Epoch  110 | Train e:  94.39, T l:  0.2107 | Val e:  84.96 , Val l: 0.7232 | Test e:  66.17 
| Epoch  111 | Train e:  94.79, T l:  0.2223 | Val e:  85.87 , Val l: 0.8756 | Test e:  66.36 
| Epoch  112 | Train e:  94.58, T l:  0.2020 | Val e:  85.20 , Val l: 0.8998 | Test e:  66.28 
| Epoch  113 | Train e:  94.76, T l:  0.2050 | Val e:  85.54 , Val l: 1.0146 | Test e:  66.40 
| Epoch  114 | Train e:  94.91, T l:  0.2061 | Val e:  85.07 , Val l: 0.8792 | Test e:  66.44 
| Epoch  115 | Train e:  94.72, T l:  0.2009 | Val e:  84.61 , Val l: 0.8394 | Test e:  66.22 
| Epoch  116 | Train e:  94.60, T l:  0.1953 | Val e:  83.85 , Val l: 1.0448 | Test e:  66.59 
| Epoch  117 | Train e:  95.11, T l:  0.2037 | Val e:  84.67 , Val l: 0.9418 | Test e:  66.06 
| Epoch  118 | Train e:  94.52, T l:  0.1955 | Val e:  83.36 , Val l: 0.8467 | Test e:  66.24 
| Epoch  119 | Train e:  94.89, T l:  0.2068 | Val e:  84.19 , Val l: 0.9610 | Test e:  66.21 
| Epoch  120 | Train e:  95.22, T l:  0.1932 | Val e:  84.51 , Val l: 1.0063 | Test e:  66.57 
| Epoch  121 | Train e:  95.31, T l:  0.1958 | Val e:  83.82 , Val l: 1.0921 | Test e:  66.08 
| Epoch  122 | Train e:  94.99, T l:  0.1967 | Val e:  84.36 , Val l: 1.2016 | Test e:  66.40 
| Epoch  123 | Train e:  95.42, T l:  0.1965 | Val e:  83.90 , Val l: 1.0111 | Test e:  66.39 
| Epoch  124 | Train e:  95.49, T l:  0.1896 | Val e:  85.37 , Val l: 0.9259 | Test e:  66.45 
| Epoch  125 | Train e:  95.37, T l:  0.1923 | Val e:  85.40 , Val l: 1.0879 | Test e:  66.47 
| Epoch  126 | Train e:  95.14, T l:  0.1898 | Val e:  84.58 , Val l: 1.0795 | Test e:  66.59 
| Epoch  127 | Train e:  95.23, T l:  0.1865 | Val e:  84.16 , Val l: 1.1450 | Test e:  66.28 
| Epoch  128 | Train e:  95.55, T l:  0.1930 | Val e:  85.64 , Val l: 0.9798 | Test e:  66.31 
| Epoch  129 | Train e:  95.33, T l:  0.1943 | Val e:  85.77 , Val l: 0.9268 | Test e:  66.38 
| Epoch  130 | Train e:  95.53, T l:  0.1912 | Val e:  84.38 , Val l: 1.1534 | Test e:  66.52 
| Epoch  131 | Train e:  95.56, T l:  0.1832 | Val e:  84.68 , Val l: 1.0852 | Test e:  66.83 
| Epoch  132 | Train e:  95.78, T l:  0.1870 | Val e:  84.89 , Val l: 0.9353 | Test e:  66.29 
| Epoch  133 | Train e:  96.03, T l:  0.1840 | Val e:  85.52 , Val l: 1.0285 | Test e:  66.62 
| Epoch  134 | Train e:  95.81, T l:  0.1813 | Val e:  85.49 , Val l: 0.9852 | Test e:  66.45 
| Epoch  135 | Train e:  95.58, T l:  0.1829 | Val e:  86.21 , Val l: 0.8450 | Test e:  66.54 
| Epoch  136 | Train e:  95.51, T l:  0.1826 | Val e:  86.42 , Val l: 0.7154 | Test e:  66.11 
| Epoch  137 | Train e:  96.03, T l:  0.1901 | Val e:  84.97 , Val l: 0.9550 | Test e:  66.44 
| Epoch  138 | Train e:  95.71, T l:  0.1814 | Val e:  85.73 , Val l: 1.0506 | Test e:  66.11 
| Epoch  139 | Train e:  95.76, T l:  0.1815 | Val e:  86.07 , Val l: 0.8511 | Test e:  66.47 
| Epoch  140 | Train e:  95.90, T l:  0.1791 | Val e:  86.11 , Val l: 0.9224 | Test e:  66.71 
| Epoch  141 | Train e:  95.99, T l:  0.1770 | Val e:  85.25 , Val l: 0.9276 | Test e:  66.48 
| Epoch  142 | Train e:  96.04, T l:  0.1967 | Val e:  85.85 , Val l: 0.8796 | Test e:  66.35 
| Epoch  143 | Train e:  96.08, T l:  0.1757 | Val e:  85.45 , Val l: 0.9926 | Test e:  66.69 
| Epoch  144 | Train e:  96.02, T l:  0.1833 | Val e:  85.59 , Val l: 0.9227 | Test e:  66.76 
| Epoch  145 | Train e:  96.05, T l:  0.1756 | Val e:  85.53 , Val l: 0.9630 | Test e:  66.45 
| Epoch  146 | Train e:  96.03, T l:  0.1757 | Val e:  84.69 , Val l: 1.1341 | Test e:  66.09 
| Epoch  147 | Train e:  96.17, T l:  0.1836 | Val e:  84.71 , Val l: 1.2404 | Test e:  65.93 
| Epoch  148 | Train e:  96.13, T l:  0.1742 | Val e:  86.52 , Val l: 0.8559 | Test e:  66.24 
| Epoch  149 | Train e:  95.82, T l:  0.1737 | Val e:  85.72 , Val l: 0.8678 | Test e:  66.25 
| Epoch  150 | Train e:  96.36, T l:  0.1753 | Val e:  85.89 , Val l: 0.8935 | Test e:  66.32 
| Epoch  151 | Train e:  96.44, T l:  0.1748 | Val e:  86.09 , Val l: 1.0555 | Test e:  66.46 
| Epoch  152 | Train e:  96.21, T l:  0.1737 | Val e:  86.91 , Val l: 0.8995 | Test e:  66.33 
| Epoch  153 | Train e:  96.16, T l:  0.1765 | Val e:  86.77 , Val l: 0.8401 | Test e:  66.46 
| Epoch  154 | Train e:  96.23, T l:  0.1762 | Val e:  86.00 , Val l: 0.8886 | Test e:  66.44 
| Epoch  155 | Train e:  96.41, T l:  0.1730 | Val e:  86.83 , Val l: 0.8918 | Test e:  66.18 
| Epoch  156 | Train e:  96.05, T l:  0.1691 | Val e:  86.58 , Val l: 0.9728 | Test e:  65.83 
| Epoch  157 | Train e:  96.40, T l:  0.1798 | Val e:  86.59 , Val l: 0.9508 | Test e:  66.10 
| Epoch  158 | Train e:  96.48, T l:  0.1720 | Val e:  86.46 , Val l: 0.9276 | Test e:  66.08 
| Epoch  159 | Train e:  96.36, T l:  0.1771 | Val e:  87.00 , Val l: 0.8303 | Test e:  66.03 
| Epoch  160 | Train e:  96.65, T l:  0.1634 | Val e:  85.77 , Val l: 1.0888 | Test e:  65.86 
| Epoch  161 | Train e:  96.31, T l:  0.1677 | Val e:  87.01 , Val l: 0.8803 | Test e:  66.02 
| Epoch  162 | Train e:  96.49, T l:  0.1675 | Val e:  86.17 , Val l: 0.9546 | Test e:  66.26 
| Epoch  163 | Train e:  96.50, T l:  0.1707 | Val e:  86.83 , Val l: 0.8791 | Test e:  65.89 
| Epoch  164 | Train e:  96.50, T l:  0.1690 | Val e:  85.81 , Val l: 1.1411 | Test e:  66.15 
| Epoch  165 | Train e:  96.55, T l:  0.1724 | Val e:  85.52 , Val l: 1.1676 | Test e:  65.91 
| Epoch  166 | Train e:  96.82, T l:  0.1667 | Val e:  86.24 , Val l: 0.9621 | Test e:  66.11 
| Epoch  167 | Train e:  96.37, T l:  0.1640 | Val e:  85.22 , Val l: 1.0856 | Test e:  66.27 
| Epoch  168 | Train e:  96.68, T l:  0.1684 | Val e:  85.82 , Val l: 1.0255 | Test e:  65.89 
| Epoch  169 | Train e:  96.70, T l:  0.1717 | Val e:  86.39 , Val l: 0.9253 | Test e:  65.93 
| Epoch  170 | Train e:  96.88, T l:  0.1653 | Val e:  86.70 , Val l: 1.0097 | Test e:  65.93 
| Epoch  171 | Train e:  96.48, T l:  0.1689 | Val e:  86.91 , Val l: 0.8457 | Test e:  65.90 
| Epoch  172 | Train e:  96.76, T l:  0.1564 | Val e:  85.60 , Val l: 1.0998 | Test e:  65.74 
| Epoch  173 | Train e:  96.68, T l:  0.1697 | Val e:  86.38 , Val l: 0.9719 | Test e:  65.96 
| Epoch  174 | Train e:  96.71, T l:  0.1671 | Val e:  86.66 , Val l: 0.8910 | Test e:  65.66 
| Epoch  175 | Train e:  96.72, T l:  0.1648 | Val e:  86.51 , Val l: 0.8644 | Test e:  65.86 
| Epoch  176 | Train e:  96.85, T l:  0.1644 | Val e:  86.20 , Val l: 1.0328 | Test e:  66.00 
| Epoch  177 | Train e:  96.84, T l:  0.1625 | Val e:  86.07 , Val l: 1.0300 | Test e:  65.73 
| Epoch  178 | Train e:  96.71, T l:  0.1643 | Val e:  86.47 , Val l: 1.0704 | Test e:  65.86 
| Epoch  179 | Train e:  96.80, T l:  0.1625 | Val e:  86.57 , Val l: 0.9561 | Test e:  65.78 
| Epoch  180 | Train e:  96.74, T l:  0.1601 | Val e:  86.69 , Val l: 0.9711 | Test e:  65.87 
| Epoch  181 | Train e:  96.46, T l:  0.1605 | Val e:  86.59 , Val l: 0.9908 | Test e:  65.94 
| Epoch  182 | Train e:  96.73, T l:  0.1623 | Val e:  86.57 , Val l: 0.9693 | Test e:  65.95 
| Epoch  183 | Train e:  96.79, T l:  0.1630 | Val e:  86.81 , Val l: 0.9329 | Test e:  65.96 
| Epoch  184 | Train e:  96.85, T l:  0.1531 | Val e:  86.38 , Val l: 1.0896 | Test e:  65.89 
| Epoch  185 | Train e:  96.90, T l:  0.1609 | Val e:  86.23 , Val l: 1.0235 | Test e:  65.87 
| Epoch  186 | Train e:  96.89, T l:  0.1557 | Val e:  86.47 , Val l: 0.9958 | Test e:  65.96 
| Epoch  187 | Train e:  96.84, T l:  0.1578 | Val e:  86.47 , Val l: 0.9807 | Test e:  65.76 
| Epoch  188 | Train e:  96.66, T l:  0.1544 | Val e:  86.34 , Val l: 1.0220 | Test e:  65.90 
| Epoch  189 | Train e:  96.71, T l:  0.1659 | Val e:  86.59 , Val l: 0.9893 | Test e:  65.88 
| Epoch  190 | Train e:  96.66, T l:  0.1613 | Val e:  86.41 , Val l: 1.0047 | Test e:  65.87 
| Epoch  191 | Train e:  96.84, T l:  0.1607 | Val e:  86.60 , Val l: 1.0026 | Test e:  66.02 
| Epoch  192 | Train e:  96.81, T l:  0.1605 | Val e:  86.75 , Val l: 0.9577 | Test e:  65.89 
| Epoch  193 | Train e:  96.69, T l:  0.1591 | Val e:  86.60 , Val l: 0.9931 | Test e:  65.86 
| Epoch  194 | Train e:  96.67, T l:  0.1579 | Val e:  86.71 , Val l: 0.9604 | Test e:  65.77 
| Epoch  195 | Train e:  96.93, T l:  0.1593 | Val e:  86.73 , Val l: 0.9966 | Test e:  65.81 
| Epoch  196 | Train e:  96.92, T l:  0.1608 | Val e:  86.78 , Val l: 0.9557 | Test e:  65.67 
| Epoch  197 | Train e:  96.95, T l:  0.1548 | Val e:  86.77 , Val l: 0.9685 | Test e:  65.78 
| Epoch  198 | Train e:  96.75, T l:  0.1584 | Val e:  86.76 , Val l: 0.9805 | Test e:  65.83 
| Epoch  199 | Train e:  96.86, T l:  0.1586 | Val e:  86.80 , Val l: 0.9733 | Test e:  65.86 
