

===============================================
2022-12-19 08:21:47

main_gnnt.py --batch-size 64 --lr 0.0001 --warmup 50 --scheduler-type linear --seeds 666 --device 1

None

dataset: ogbg-molbbbp
use_node_attr: False
pre_transform: None
transform: None
clean_cache: False
use_public_splits: True
use_val: True
use_val_loss: True
same_best_epoch: False
early_stop: False
scheduler_type: linear
epochs: 200
warmup: 50
batch_size: 64
lr: 0.0001
weight_decay: 0.0001
seeds: 666
save_state: False
transformer_dropout: 0.1



| Epoch    0 | Train e:  51.55, T l:  0.6269 | Val e:  72.79 , Val l: 0.8256 | Test e:  53.76 
| Epoch    1 | Train e:  50.87, T l:  0.5366 | Val e:  73.52 , Val l: 1.2821 | Test e:  53.39 
| Epoch    2 | Train e:  52.02, T l:  0.4826 | Val e:  75.18 , Val l: 1.6768 | Test e:  53.99 
| Epoch    3 | Train e:  57.88, T l:  0.4712 | Val e:  79.02 , Val l: 1.7094 | Test e:  56.79 
| Epoch    4 | Train e:  70.03, T l:  0.4656 | Val e:  83.14 , Val l: 1.7700 | Test e:  61.29 
| Epoch    5 | Train e:  74.39, T l:  0.4564 | Val e:  79.14 , Val l: 1.8053 | Test e:  64.42 
| Epoch    6 | Train e:  74.25, T l:  0.4566 | Val e:  76.40 , Val l: 1.9090 | Test e:  63.88 
| Epoch    7 | Train e:  74.47, T l:  0.4508 | Val e:  73.87 , Val l: 1.8761 | Test e:  63.39 
| Epoch    8 | Train e:  72.81, T l:  0.4400 | Val e:  72.96 , Val l: 1.9842 | Test e:  63.60 
| Epoch    9 | Train e:  74.75, T l:  0.4333 | Val e:  72.41 , Val l: 2.0292 | Test e:  63.61 
| Epoch   10 | Train e:  74.95, T l:  0.4264 | Val e:  73.65 , Val l: 2.1375 | Test e:  63.84 
| Epoch   11 | Train e:  74.78, T l:  0.4179 | Val e:  73.68 , Val l: 2.0262 | Test e:  63.99 
| Epoch   12 | Train e:  74.31, T l:  0.4258 | Val e:  73.52 , Val l: 1.8845 | Test e:  64.11 
| Epoch   13 | Train e:  75.59, T l:  0.4067 | Val e:  75.76 , Val l: 2.2325 | Test e:  65.14 
| Epoch   14 | Train e:  77.27, T l:  0.4035 | Val e:  76.31 , Val l: 1.9149 | Test e:  65.63 
| Epoch   15 | Train e:  78.62, T l:  0.4082 | Val e:  78.44 , Val l: 2.0592 | Test e:  66.17 
| Epoch   16 | Train e:  79.98, T l:  0.3960 | Val e:  80.17 , Val l: 1.8366 | Test e:  66.08 
| Epoch   17 | Train e:  79.72, T l:  0.3915 | Val e:  81.94 , Val l: 1.9582 | Test e:  66.09 
| Epoch   18 | Train e:  80.66, T l:  0.3882 | Val e:  82.00 , Val l: 1.6281 | Test e:  65.59 
| Epoch   19 | Train e:  81.46, T l:  0.3798 | Val e:  82.92 , Val l: 1.3190 | Test e:  65.24 
| Epoch   20 | Train e:  82.34, T l:  0.3947 | Val e:  84.04 , Val l: 2.0203 | Test e:  65.57 
| Epoch   21 | Train e:  82.79, T l:  0.3694 | Val e:  85.18 , Val l: 1.8762 | Test e:  65.82 
| Epoch   22 | Train e:  82.82, T l:  0.3585 | Val e:  85.79 , Val l: 1.6898 | Test e:  65.19 
| Epoch   23 | Train e:  83.18, T l:  0.3667 | Val e:  86.05 , Val l: 1.3714 | Test e:  64.82 
| Epoch   24 | Train e:  83.52, T l:  0.3553 | Val e:  86.43 , Val l: 1.3815 | Test e:  64.72 
| Epoch   25 | Train e:  83.19, T l:  0.3346 | Val e:  86.46 , Val l: 1.1548 | Test e:  64.55 
| Epoch   26 | Train e:  84.25, T l:  0.3476 | Val e:  87.05 , Val l: 1.2573 | Test e:  64.83 
| Epoch   27 | Train e:  84.59, T l:  0.3513 | Val e:  88.03 , Val l: 1.5020 | Test e:  64.67 
| Epoch   28 | Train e:  84.89, T l:  0.3275 | Val e:  88.37 , Val l: 1.3986 | Test e:  64.49 
| Epoch   29 | Train e:  85.09, T l:  0.3349 | Val e:  88.81 , Val l: 1.5149 | Test e:  64.39 
| Epoch   30 | Train e:  85.84, T l:  0.3334 | Val e:  88.52 , Val l: 1.4138 | Test e:  64.46 
| Epoch   31 | Train e:  86.12, T l:  0.3431 | Val e:  88.45 , Val l: 1.0236 | Test e:  64.35 
| Epoch   32 | Train e:  85.89, T l:  0.3246 | Val e:  89.98 , Val l: 1.1388 | Test e:  64.20 
| Epoch   33 | Train e:  86.51, T l:  0.3161 | Val e:  89.25 , Val l: 1.4362 | Test e:  63.81 
| Epoch   34 | Train e:  86.84, T l:  0.3181 | Val e:  89.38 , Val l: 0.8232 | Test e:  63.85 
| Epoch   35 | Train e:  87.01, T l:  0.3100 | Val e:  89.37 , Val l: 1.5227 | Test e:  63.50 
| Epoch   36 | Train e:  87.62, T l:  0.3081 | Val e:  89.75 , Val l: 1.0214 | Test e:  63.78 
| Epoch   37 | Train e:  87.91, T l:  0.2997 | Val e:  89.05 , Val l: 1.1080 | Test e:  63.42 
| Epoch   38 | Train e:  88.31, T l:  0.3031 | Val e:  89.28 , Val l: 1.0094 | Test e:  63.17 
| Epoch   39 | Train e:  88.33, T l:  0.2999 | Val e:  89.55 , Val l: 0.8671 | Test e:  63.23 
| Epoch   40 | Train e:  88.25, T l:  0.3103 | Val e:  89.71 , Val l: 1.4190 | Test e:  63.23 
| Epoch   41 | Train e:  88.84, T l:  0.2917 | Val e:  88.89 , Val l: 0.9696 | Test e:  63.58 
| Epoch   42 | Train e:  88.33, T l:  0.3043 | Val e:  89.69 , Val l: 0.7831 | Test e:  63.85 
| Epoch   43 | Train e:  88.67, T l:  0.3062 | Val e:  88.78 , Val l: 1.0416 | Test e:  64.12 
| Epoch   44 | Train e:  89.25, T l:  0.2854 | Val e:  89.55 , Val l: 0.8888 | Test e:  63.68 
| Epoch   45 | Train e:  89.77, T l:  0.2779 | Val e:  88.66 , Val l: 0.9689 | Test e:  63.69 
| Epoch   46 | Train e:  90.04, T l:  0.2746 | Val e:  88.76 , Val l: 0.8474 | Test e:  63.76 
| Epoch   47 | Train e:  90.26, T l:  0.2830 | Val e:  88.28 , Val l: 0.9673 | Test e:  63.61 
| Epoch   48 | Train e:  90.20, T l:  0.2697 | Val e:  88.45 , Val l: 0.8664 | Test e:  63.45 
| Epoch   49 | Train e:  90.35, T l:  0.2644 | Val e:  88.64 , Val l: 0.8454 | Test e:  63.50 
| Epoch   50 | Train e:  90.34, T l:  0.2675 | Val e:  88.79 , Val l: 0.7087 | Test e:  63.59 
| Epoch   51 | Train e:  90.47, T l:  0.2662 | Val e:  88.90 , Val l: 1.1965 | Test e:  63.24 
| Epoch   52 | Train e:  90.95, T l:  0.2725 | Val e:  88.88 , Val l: 0.9307 | Test e:  64.27 
| Epoch   53 | Train e:  90.64, T l:  0.2686 | Val e:  87.80 , Val l: 1.4850 | Test e:  64.96 
| Epoch   54 | Train e:  90.87, T l:  0.2711 | Val e:  87.38 , Val l: 1.1756 | Test e:  65.26 
| Epoch   55 | Train e:  90.48, T l:  0.2785 | Val e:  87.66 , Val l: 1.5002 | Test e:  65.09 
| Epoch   56 | Train e:  91.03, T l:  0.2757 | Val e:  89.78 , Val l: 0.7075 | Test e:  64.87 
| Epoch   57 | Train e:  91.39, T l:  0.2595 | Val e:  89.01 , Val l: 0.6814 | Test e:  65.07 
| Epoch   58 | Train e:  91.68, T l:  0.2402 | Val e:  88.69 , Val l: 0.7416 | Test e:  65.23 
| Epoch   59 | Train e:  91.69, T l:  0.2532 | Val e:  89.30 , Val l: 0.8596 | Test e:  65.82 
| Epoch   60 | Train e:  91.53, T l:  0.2885 | Val e:  87.72 , Val l: 1.2359 | Test e:  66.00 
| Epoch   61 | Train e:  91.32, T l:  0.2534 | Val e:  90.56 , Val l: 0.5600 | Test e:  65.47 
| Epoch   62 | Train e:  91.91, T l:  0.2498 | Val e:  90.37 , Val l: 0.6189 | Test e:  66.03 
| Epoch   63 | Train e:  92.05, T l:  0.2524 | Val e:  89.34 , Val l: 1.0150 | Test e:  67.02 
| Epoch   64 | Train e:  92.22, T l:  0.2512 | Val e:  90.05 , Val l: 0.6813 | Test e:  66.81 
| Epoch   65 | Train e:  92.10, T l:  0.2382 | Val e:  89.70 , Val l: 0.8793 | Test e:  67.41 
| Epoch   66 | Train e:  92.31, T l:  0.2496 | Val e:  90.59 , Val l: 0.4515 | Test e:  66.29 
| Epoch   67 | Train e:  92.64, T l:  0.2503 | Val e:  90.28 , Val l: 0.8590 | Test e:  68.06 
| Epoch   68 | Train e:  92.18, T l:  0.2441 | Val e:  89.86 , Val l: 0.8841 | Test e:  67.67 
| Epoch   69 | Train e:  92.47, T l:  0.2403 | Val e:  90.19 , Val l: 0.8257 | Test e:  67.69 
| Epoch   70 | Train e:  92.76, T l:  0.2448 | Val e:  90.30 , Val l: 0.6874 | Test e:  68.04 
| Epoch   71 | Train e:  92.96, T l:  0.2459 | Val e:  90.70 , Val l: 1.0556 | Test e:  67.43 
| Epoch   72 | Train e:  93.04, T l:  0.2428 | Val e:  90.93 , Val l: 0.5896 | Test e:  68.12 
| Epoch   73 | Train e:  93.31, T l:  0.2387 | Val e:  90.54 , Val l: 0.6696 | Test e:  68.57 
| Epoch   74 | Train e:  93.40, T l:  0.2413 | Val e:  90.97 , Val l: 0.4622 | Test e:  68.91 
| Epoch   75 | Train e:  93.54, T l:  0.2352 | Val e:  91.25 , Val l: 0.8030 | Test e:  68.98 
| Epoch   76 | Train e:  93.54, T l:  0.2301 | Val e:  91.68 , Val l: 0.5619 | Test e:  69.35 
| Epoch   77 | Train e:  93.56, T l:  0.2282 | Val e:  91.35 , Val l: 0.4633 | Test e:  68.78 
| Epoch   78 | Train e:  93.56, T l:  0.2297 | Val e:  92.24 , Val l: 0.6312 | Test e:  68.43 
| Epoch   79 | Train e:  92.32, T l:  0.2261 | Val e:  87.84 , Val l: 1.2327 | Test e:  67.97 
| Epoch   80 | Train e:  93.71, T l:  0.2377 | Val e:  91.48 , Val l: 0.7696 | Test e:  69.10 
| Epoch   81 | Train e:  94.05, T l:  0.2308 | Val e:  92.45 , Val l: 0.5737 | Test e:  69.49 
| Epoch   82 | Train e:  94.29, T l:  0.2138 | Val e:  92.21 , Val l: 0.6959 | Test e:  69.63 
| Epoch   83 | Train e:  94.11, T l:  0.2216 | Val e:  92.61 , Val l: 0.5291 | Test e:  69.68 
| Epoch   84 | Train e:  94.48, T l:  0.2167 | Val e:  91.39 , Val l: 0.8094 | Test e:  69.42 
| Epoch   85 | Train e:  92.76, T l:  0.2293 | Val e:  87.01 , Val l: 1.0019 | Test e:  69.46 
| Epoch   86 | Train e:  94.53, T l:  0.2365 | Val e:  93.25 , Val l: 0.5580 | Test e:  70.11 
| Epoch   87 | Train e:  94.18, T l:  0.2200 | Val e:  92.59 , Val l: 0.5741 | Test e:  70.14 
| Epoch   88 | Train e:  94.29, T l:  0.2220 | Val e:  92.94 , Val l: 0.4757 | Test e:  70.41 
| Epoch   89 | Train e:  94.71, T l:  0.2129 | Val e:  93.01 , Val l: 0.4844 | Test e:  70.59 
| Epoch   90 | Train e:  93.45, T l:  0.2169 | Val e:  85.93 , Val l: 1.2864 | Test e:  69.98 
| Epoch   91 | Train e:  94.27, T l:  0.2288 | Val e:  91.21 , Val l: 0.8945 | Test e:  69.98 
| Epoch   92 | Train e:  94.86, T l:  0.2144 | Val e:  92.26 , Val l: 0.5575 | Test e:  70.68 
| Epoch   93 | Train e:  93.98, T l:  0.2188 | Val e:  89.83 , Val l: 0.9383 | Test e:  70.84 
| Epoch   94 | Train e:  94.99, T l:  0.2174 | Val e:  93.04 , Val l: 0.6816 | Test e:  70.84 
| Epoch   95 | Train e:  94.48, T l:  0.2077 | Val e:  90.24 , Val l: 0.7659 | Test e:  70.90 
| Epoch   96 | Train e:  95.09, T l:  0.2031 | Val e:  92.35 , Val l: 0.6312 | Test e:  71.05 
| Epoch   97 | Train e:  94.85, T l:  0.2063 | Val e:  92.63 , Val l: 0.4714 | Test e:  71.09 
| Epoch   98 | Train e:  94.79, T l:  0.2096 | Val e:  91.52 , Val l: 0.5863 | Test e:  70.76 
| Epoch   99 | Train e:  95.19, T l:  0.2187 | Val e:  93.45 , Val l: 0.5131 | Test e:  70.63 
| Epoch  100 | Train e:  95.32, T l:  0.2131 | Val e:  93.65 , Val l: 0.5451 | Test e:  70.98 
| Epoch  101 | Train e:  94.04, T l:  0.2090 | Val e:  90.81 , Val l: 0.4797 | Test e:  69.91 
| Epoch  102 | Train e:  94.84, T l:  0.2053 | Val e:  89.10 , Val l: 1.1408 | Test e:  70.21 
| Epoch  103 | Train e:  95.31, T l:  0.2171 | Val e:  93.99 , Val l: 0.4455 | Test e:  70.12 
| Epoch  104 | Train e:  95.26, T l:  0.2060 | Val e:  92.29 , Val l: 0.6730 | Test e:  70.56 
| Epoch  105 | Train e:  95.13, T l:  0.2014 | Val e:  92.86 , Val l: 0.4658 | Test e:  71.48 
| Epoch  106 | Train e:  95.33, T l:  0.2030 | Val e:  90.31 , Val l: 1.0699 | Test e:  70.80 
| Epoch  107 | Train e:  95.54, T l:  0.2109 | Val e:  92.89 , Val l: 0.5910 | Test e:  72.23 
| Epoch  108 | Train e:  95.51, T l:  0.1926 | Val e:  93.66 , Val l: 0.4552 | Test e:  72.17 
| Epoch  109 | Train e:  95.12, T l:  0.2057 | Val e:  92.13 , Val l: 0.4804 | Test e:  71.79 
| Epoch  110 | Train e:  95.46, T l:  0.2013 | Val e:  92.09 , Val l: 0.8388 | Test e:  71.38 
| Epoch  111 | Train e:  95.45, T l:  0.1965 | Val e:  93.22 , Val l: 0.5990 | Test e:  71.86 
| Epoch  112 | Train e:  95.59, T l:  0.1888 | Val e:  92.92 , Val l: 0.5434 | Test e:  72.23 
| Epoch  113 | Train e:  95.60, T l:  0.2006 | Val e:  92.14 , Val l: 0.6410 | Test e:  72.33 
| Epoch  114 | Train e:  95.74, T l:  0.1905 | Val e:  91.10 , Val l: 0.9315 | Test e:  71.79 
| Epoch  115 | Train e:  95.84, T l:  0.1960 | Val e:  92.39 , Val l: 0.6852 | Test e:  72.10 
| Epoch  116 | Train e:  95.93, T l:  0.1864 | Val e:  92.16 , Val l: 0.6476 | Test e:  72.01 
| Epoch  117 | Train e:  95.94, T l:  0.1801 | Val e:  90.62 , Val l: 1.0624 | Test e:  71.86 
| Epoch  118 | Train e:  95.95, T l:  0.1903 | Val e:  91.93 , Val l: 0.7223 | Test e:  72.34 
| Epoch  119 | Train e:  95.83, T l:  0.1869 | Val e:  92.36 , Val l: 0.5656 | Test e:  72.51 
| Epoch  120 | Train e:  96.02, T l:  0.1850 | Val e:  92.19 , Val l: 0.6104 | Test e:  72.96 
| Epoch  121 | Train e:  95.36, T l:  0.1928 | Val e:  92.63 , Val l: 0.4334 | Test e:  72.89 
| Epoch  122 | Train e:  95.86, T l:  0.2116 | Val e:  92.44 , Val l: 0.6046 | Test e:  73.22 
| Epoch  123 | Train e:  96.13, T l:  0.1929 | Val e:  93.30 , Val l: 0.4723 | Test e:  72.82 
| Epoch  124 | Train e:  95.94, T l:  0.1838 | Val e:  93.02 , Val l: 0.5299 | Test e:  72.79 
| Epoch  125 | Train e:  95.84, T l:  0.1918 | Val e:  90.96 , Val l: 0.8984 | Test e:  72.43 
| Epoch  126 | Train e:  95.97, T l:  0.2077 | Val e:  92.36 , Val l: 0.6613 | Test e:  72.47 
| Epoch  127 | Train e:  96.22, T l:  0.1944 | Val e:  93.34 , Val l: 0.4875 | Test e:  73.25 
| Epoch  128 | Train e:  95.27, T l:  0.1868 | Val e:  92.46 , Val l: 0.4117 | Test e:  73.54 
| Epoch  129 | Train e:  96.16, T l:  0.1873 | Val e:  92.50 , Val l: 0.6372 | Test e:  72.27 
| Epoch  130 | Train e:  96.15, T l:  0.1761 | Val e:  93.20 , Val l: 0.4960 | Test e:  73.01 
| Epoch  131 | Train e:  96.02, T l:  0.1812 | Val e:  93.47 , Val l: 0.4773 | Test e:  73.36 
| Epoch  132 | Train e:  96.07, T l:  0.1803 | Val e:  92.58 , Val l: 0.5566 | Test e:  73.42 
| Epoch  133 | Train e:  96.26, T l:  0.1800 | Val e:  92.20 , Val l: 0.5972 | Test e:  73.51 
| Epoch  134 | Train e:  95.94, T l:  0.1786 | Val e:  92.62 , Val l: 0.4301 | Test e:  73.53 
| Epoch  135 | Train e:  96.18, T l:  0.1838 | Val e:  92.99 , Val l: 0.5392 | Test e:  73.55 
| Epoch  136 | Train e:  96.19, T l:  0.1743 | Val e:  92.33 , Val l: 0.5735 | Test e:  73.50 
| Epoch  137 | Train e:  96.60, T l:  0.1756 | Val e:  90.44 , Val l: 1.0209 | Test e:  72.43 
| Epoch  138 | Train e:  95.97, T l:  0.1838 | Val e:  92.11 , Val l: 0.5922 | Test e:  73.43 
| Epoch  139 | Train e:  96.39, T l:  0.1785 | Val e:  92.77 , Val l: 0.5789 | Test e:  72.19 
| Epoch  140 | Train e:  96.18, T l:  0.1767 | Val e:  90.67 , Val l: 0.8510 | Test e:  72.90 
| Epoch  141 | Train e:  96.13, T l:  0.1849 | Val e:  92.54 , Val l: 0.4635 | Test e:  73.23 
| Epoch  142 | Train e:  96.44, T l:  0.1792 | Val e:  92.58 , Val l: 0.5321 | Test e:  73.25 
| Epoch  143 | Train e:  96.46, T l:  0.1788 | Val e:  91.20 , Val l: 0.7698 | Test e:  72.85 
| Epoch  144 | Train e:  95.79, T l:  0.1700 | Val e:  92.69 , Val l: 0.4666 | Test e:  73.51 
| Epoch  145 | Train e:  96.03, T l:  0.1802 | Val e:  89.61 , Val l: 0.8995 | Test e:  73.21 
| Epoch  146 | Train e:  96.59, T l:  0.1776 | Val e:  93.20 , Val l: 0.5111 | Test e:  74.05 
| Epoch  147 | Train e:  96.64, T l:  0.1748 | Val e:  92.43 , Val l: 0.5851 | Test e:  73.57 
| Epoch  148 | Train e:  96.53, T l:  0.1719 | Val e:  91.91 , Val l: 0.6319 | Test e:  73.26 
| Epoch  149 | Train e:  96.77, T l:  0.1748 | Val e:  91.58 , Val l: 0.7046 | Test e:  73.56 
| Epoch  150 | Train e:  96.72, T l:  0.1738 | Val e:  92.16 , Val l: 0.6656 | Test e:  73.82 
| Epoch  151 | Train e:  96.46, T l:  0.1692 | Val e:  91.59 , Val l: 0.6022 | Test e:  73.79 
| Epoch  152 | Train e:  96.59, T l:  0.1714 | Val e:  91.98 , Val l: 0.6108 | Test e:  73.51 
| Epoch  153 | Train e:  96.70, T l:  0.1667 | Val e:  92.41 , Val l: 0.5583 | Test e:  73.48 
| Epoch  154 | Train e:  96.35, T l:  0.1767 | Val e:  91.80 , Val l: 0.5993 | Test e:  73.76 
| Epoch  155 | Train e:  96.46, T l:  0.1681 | Val e:  92.22 , Val l: 0.6026 | Test e:  73.83 
| Epoch  156 | Train e:  96.71, T l:  0.1697 | Val e:  92.93 , Val l: 0.5218 | Test e:  73.85 
| Epoch  157 | Train e:  96.31, T l:  0.1683 | Val e:  90.77 , Val l: 0.7792 | Test e:  73.38 
| Epoch  158 | Train e:  96.68, T l:  0.1738 | Val e:  91.62 , Val l: 0.6295 | Test e:  73.70 
| Epoch  159 | Train e:  96.48, T l:  0.1696 | Val e:  91.13 , Val l: 0.7036 | Test e:  73.65 
| Epoch  160 | Train e:  96.61, T l:  0.1672 | Val e:  92.16 , Val l: 0.5863 | Test e:  74.18 
| Epoch  161 | Train e:  96.69, T l:  0.1712 | Val e:  92.42 , Val l: 0.5482 | Test e:  73.83 
| Epoch  162 | Train e:  96.42, T l:  0.1856 | Val e:  91.93 , Val l: 0.5338 | Test e:  73.64 
| Epoch  163 | Train e:  96.63, T l:  0.1710 | Val e:  91.76 , Val l: 0.6592 | Test e:  73.70 
| Epoch  164 | Train e:  96.79, T l:  0.1575 | Val e:  91.50 , Val l: 0.7015 | Test e:  73.62 
| Epoch  165 | Train e:  96.97, T l:  0.1627 | Val e:  91.85 , Val l: 0.6914 | Test e:  73.75 
| Epoch  166 | Train e:  96.84, T l:  0.1652 | Val e:  91.49 , Val l: 0.6998 | Test e:  74.07 
| Epoch  167 | Train e:  96.91, T l:  0.1775 | Val e:  91.53 , Val l: 0.6958 | Test e:  74.07 
| Epoch  168 | Train e:  96.63, T l:  0.1705 | Val e:  92.17 , Val l: 0.6005 | Test e:  74.32 
| Epoch  169 | Train e:  96.88, T l:  0.1586 | Val e:  91.42 , Val l: 0.6718 | Test e:  73.62 
| Epoch  170 | Train e:  96.85, T l:  0.1596 | Val e:  91.86 , Val l: 0.6444 | Test e:  73.45 
| Epoch  171 | Train e:  96.69, T l:  0.1687 | Val e:  91.81 , Val l: 0.6168 | Test e:  74.16 
| Epoch  172 | Train e:  96.81, T l:  0.1641 | Val e:  92.19 , Val l: 0.6031 | Test e:  74.05 
| Epoch  173 | Train e:  96.82, T l:  0.1608 | Val e:  91.26 , Val l: 0.6946 | Test e:  73.89 
| Epoch  174 | Train e:  96.78, T l:  0.1648 | Val e:  92.20 , Val l: 0.5643 | Test e:  74.26 
| Epoch  175 | Train e:  96.91, T l:  0.1716 | Val e:  91.95 , Val l: 0.6339 | Test e:  74.03 
| Epoch  176 | Train e:  96.96, T l:  0.1638 | Val e:  92.27 , Val l: 0.6346 | Test e:  73.77 
| Epoch  177 | Train e:  96.92, T l:  0.1589 | Val e:  92.44 , Val l: 0.5366 | Test e:  73.82 
| Epoch  178 | Train e:  96.82, T l:  0.1567 | Val e:  91.58 , Val l: 0.6926 | Test e:  73.75 
| Epoch  179 | Train e:  97.01, T l:  0.1625 | Val e:  92.53 , Val l: 0.5453 | Test e:  74.29 
| Epoch  180 | Train e:  96.97, T l:  0.1632 | Val e:  92.20 , Val l: 0.6307 | Test e:  73.94 
| Epoch  181 | Train e:  97.06, T l:  0.1510 | Val e:  92.13 , Val l: 0.6368 | Test e:  73.94 
| Epoch  182 | Train e:  96.96, T l:  0.1688 | Val e:  91.49 , Val l: 0.7117 | Test e:  73.57 
| Epoch  183 | Train e:  96.96, T l:  0.1679 | Val e:  91.36 , Val l: 0.7001 | Test e:  73.91 
| Epoch  184 | Train e:  97.03, T l:  0.1623 | Val e:  91.33 , Val l: 0.7114 | Test e:  73.67 
| Epoch  185 | Train e:  97.04, T l:  0.1586 | Val e:  91.52 , Val l: 0.6637 | Test e:  73.76 
| Epoch  186 | Train e:  96.89, T l:  0.1595 | Val e:  91.27 , Val l: 0.7043 | Test e:  73.74 
| Epoch  187 | Train e:  97.01, T l:  0.1581 | Val e:  91.86 , Val l: 0.6361 | Test e:  73.69 
| Epoch  188 | Train e:  97.16, T l:  0.1617 | Val e:  91.92 , Val l: 0.6418 | Test e:  73.77 
| Epoch  189 | Train e:  96.96, T l:  0.1616 | Val e:  91.68 , Val l: 0.6388 | Test e:  73.77 
| Epoch  190 | Train e:  96.96, T l:  0.1595 | Val e:  91.74 , Val l: 0.6322 | Test e:  73.72 
| Epoch  191 | Train e:  97.04, T l:  0.1667 | Val e:  92.15 , Val l: 0.5895 | Test e:  73.82 
| Epoch  192 | Train e:  97.05, T l:  0.1623 | Val e:  91.78 , Val l: 0.6585 | Test e:  73.74 
| Epoch  193 | Train e:  97.13, T l:  0.1528 | Val e:  91.97 , Val l: 0.6197 | Test e:  73.97 
| Epoch  194 | Train e:  97.02, T l:  0.1605 | Val e:  91.85 , Val l: 0.6321 | Test e:  74.11 
| Epoch  195 | Train e:  97.06, T l:  0.1596 | Val e:  92.09 , Val l: 0.6081 | Test e:  74.08 
| Epoch  196 | Train e:  97.11, T l:  0.1653 | Val e:  92.12 , Val l: 0.6112 | Test e:  74.11 
| Epoch  197 | Train e:  97.05, T l:  0.1556 | Val e:  91.92 , Val l: 0.6467 | Test e:  74.00 
| Epoch  198 | Train e:  97.01, T l:  0.1559 | Val e:  92.01 , Val l: 0.6333 | Test e:  74.01 
| Epoch  199 | Train e:  97.07, T l:  0.1521 | Val e:  91.99 , Val l: 0.6346 | Test e:  73.99 
