

===============================================
2022-12-19 11:00:26

main_t.py --batch-size 64 --lr 0.0001 --warmup 50 --scheduler-type linear --seeds 2020 --device 1

None

dataset: ogbg-molbbbp
use_node_attr: False
pre_transform: None
transform: None
clean_cache: False
use_public_splits: True
use_val: True
use_val_loss: True
same_best_epoch: False
early_stop: False
scheduler_type: linear
epochs: 200
warmup: 50
batch_size: 64
lr: 0.0001
weight_decay: 0.0001
seeds: 2020
save_state: False
transformer_dropout: 0.1



| Epoch    0 | Train e:  66.96, T l:  0.4540 | Val e:  86.33 , Val l: 0.8700 | Test e:  55.29 
| Epoch    1 | Train e:  66.14, T l:  0.4404 | Val e:  86.62 , Val l: 0.9527 | Test e:  55.22 
| Epoch    2 | Train e:  69.13, T l:  0.4310 | Val e:  87.42 , Val l: 1.0205 | Test e:  56.30 
| Epoch    3 | Train e:  73.71, T l:  0.4244 | Val e:  88.12 , Val l: 1.0176 | Test e:  58.37 
| Epoch    4 | Train e:  76.22, T l:  0.4168 | Val e:  86.09 , Val l: 1.0308 | Test e:  60.71 
| Epoch    5 | Train e:  77.23, T l:  0.4070 | Val e:  82.97 , Val l: 1.0798 | Test e:  61.72 
| Epoch    6 | Train e:  76.88, T l:  0.3999 | Val e:  81.29 , Val l: 1.0879 | Test e:  62.34 
| Epoch    7 | Train e:  77.07, T l:  0.3943 | Val e:  80.26 , Val l: 1.1140 | Test e:  62.44 
| Epoch    8 | Train e:  77.37, T l:  0.3872 | Val e:  79.81 , Val l: 1.1284 | Test e:  62.67 
| Epoch    9 | Train e:  78.07, T l:  0.3821 | Val e:  80.16 , Val l: 1.1699 | Test e:  62.75 
| Epoch   10 | Train e:  78.22, T l:  0.3759 | Val e:  78.55 , Val l: 1.0365 | Test e:  62.91 
| Epoch   11 | Train e:  78.95, T l:  0.3757 | Val e:  78.72 , Val l: 0.9875 | Test e:  62.89 
| Epoch   12 | Train e:  79.47, T l:  0.3670 | Val e:  81.12 , Val l: 1.1292 | Test e:  63.44 
| Epoch   13 | Train e:  80.01, T l:  0.3541 | Val e:  80.08 , Val l: 1.0453 | Test e:  63.50 
| Epoch   14 | Train e:  80.63, T l:  0.3524 | Val e:  80.88 , Val l: 1.0987 | Test e:  63.76 
| Epoch   15 | Train e:  81.22, T l:  0.3471 | Val e:  80.49 , Val l: 0.9803 | Test e:  64.04 
| Epoch   16 | Train e:  81.42, T l:  0.3410 | Val e:  82.00 , Val l: 0.9952 | Test e:  64.12 
| Epoch   17 | Train e:  81.91, T l:  0.3420 | Val e:  82.26 , Val l: 0.9190 | Test e:  64.32 
| Epoch   18 | Train e:  82.28, T l:  0.3407 | Val e:  84.25 , Val l: 0.9110 | Test e:  64.37 
| Epoch   19 | Train e:  83.19, T l:  0.3350 | Val e:  84.01 , Val l: 0.9085 | Test e:  64.57 
| Epoch   20 | Train e:  83.50, T l:  0.3295 | Val e:  85.23 , Val l: 0.9702 | Test e:  64.84 
| Epoch   21 | Train e:  83.89, T l:  0.3253 | Val e:  85.48 , Val l: 0.9551 | Test e:  64.96 
| Epoch   22 | Train e:  84.16, T l:  0.3200 | Val e:  85.41 , Val l: 0.9733 | Test e:  64.95 
| Epoch   23 | Train e:  84.51, T l:  0.3198 | Val e:  86.33 , Val l: 0.9967 | Test e:  64.96 
| Epoch   24 | Train e:  84.58, T l:  0.3181 | Val e:  86.62 , Val l: 1.0258 | Test e:  65.12 
| Epoch   25 | Train e:  84.85, T l:  0.3199 | Val e:  84.99 , Val l: 0.7925 | Test e:  65.24 
| Epoch   26 | Train e:  85.51, T l:  0.3114 | Val e:  86.00 , Val l: 0.9102 | Test e:  65.24 
| Epoch   27 | Train e:  85.59, T l:  0.3153 | Val e:  85.67 , Val l: 0.8435 | Test e:  65.21 
| Epoch   28 | Train e:  85.66, T l:  0.3104 | Val e:  86.18 , Val l: 0.8783 | Test e:  65.18 
| Epoch   29 | Train e:  86.38, T l:  0.3072 | Val e:  86.06 , Val l: 0.9498 | Test e:  65.13 
| Epoch   30 | Train e:  86.20, T l:  0.3075 | Val e:  85.40 , Val l: 0.8084 | Test e:  65.15 
| Epoch   31 | Train e:  86.17, T l:  0.3079 | Val e:  86.31 , Val l: 0.7819 | Test e:  65.16 
| Epoch   32 | Train e:  86.48, T l:  0.3089 | Val e:  85.32 , Val l: 0.7962 | Test e:  64.90 
| Epoch   33 | Train e:  86.64, T l:  0.3021 | Val e:  85.17 , Val l: 0.9112 | Test e:  65.08 
| Epoch   34 | Train e:  86.95, T l:  0.2988 | Val e:  85.44 , Val l: 0.9642 | Test e:  65.04 
| Epoch   35 | Train e:  87.30, T l:  0.2988 | Val e:  86.31 , Val l: 1.1088 | Test e:  65.08 
| Epoch   36 | Train e:  87.07, T l:  0.3141 | Val e:  85.55 , Val l: 0.9162 | Test e:  65.02 
| Epoch   37 | Train e:  87.49, T l:  0.2952 | Val e:  85.38 , Val l: 0.9373 | Test e:  65.00 
| Epoch   38 | Train e:  87.68, T l:  0.3055 | Val e:  86.04 , Val l: 1.0404 | Test e:  64.98 
| Epoch   39 | Train e:  87.80, T l:  0.2996 | Val e:  86.19 , Val l: 1.1447 | Test e:  64.85 
| Epoch   40 | Train e:  87.89, T l:  0.2993 | Val e:  85.58 , Val l: 0.9673 | Test e:  65.08 
| Epoch   41 | Train e:  87.63, T l:  0.2916 | Val e:  84.77 , Val l: 0.9260 | Test e:  64.93 
| Epoch   42 | Train e:  87.87, T l:  0.3102 | Val e:  84.20 , Val l: 0.8490 | Test e:  65.18 
| Epoch   43 | Train e:  88.27, T l:  0.3087 | Val e:  85.46 , Val l: 0.8900 | Test e:  65.00 
| Epoch   44 | Train e:  88.25, T l:  0.2867 | Val e:  85.40 , Val l: 0.9264 | Test e:  65.10 
| Epoch   45 | Train e:  87.87, T l:  0.2837 | Val e:  83.67 , Val l: 0.8810 | Test e:  65.36 
| Epoch   46 | Train e:  88.68, T l:  0.3041 | Val e:  85.87 , Val l: 1.0006 | Test e:  64.67 
| Epoch   47 | Train e:  88.32, T l:  0.2851 | Val e:  85.67 , Val l: 0.9940 | Test e:  64.69 
| Epoch   48 | Train e:  88.75, T l:  0.2850 | Val e:  85.37 , Val l: 0.8877 | Test e:  64.72 
| Epoch   49 | Train e:  88.74, T l:  0.2836 | Val e:  84.59 , Val l: 0.9105 | Test e:  64.56 
| Epoch   50 | Train e:  89.22, T l:  0.2781 | Val e:  85.07 , Val l: 1.0594 | Test e:  64.66 
| Epoch   51 | Train e:  89.13, T l:  0.2810 | Val e:  84.30 , Val l: 0.9121 | Test e:  64.51 
| Epoch   52 | Train e:  88.65, T l:  0.2858 | Val e:  84.25 , Val l: 0.8831 | Test e:  64.91 
| Epoch   53 | Train e:  88.95, T l:  0.2841 | Val e:  83.76 , Val l: 0.7329 | Test e:  65.10 
| Epoch   54 | Train e:  89.30, T l:  0.2752 | Val e:  83.22 , Val l: 0.8116 | Test e:  65.27 
| Epoch   55 | Train e:  89.09, T l:  0.2921 | Val e:  85.14 , Val l: 1.0882 | Test e:  64.61 
| Epoch   56 | Train e:  89.23, T l:  0.2868 | Val e:  83.36 , Val l: 0.9316 | Test e:  65.20 
| Epoch   57 | Train e:  89.46, T l:  0.2797 | Val e:  84.26 , Val l: 0.9089 | Test e:  64.91 
| Epoch   58 | Train e:  89.60, T l:  0.2775 | Val e:  83.81 , Val l: 0.9282 | Test e:  64.97 
| Epoch   59 | Train e:  89.95, T l:  0.2715 | Val e:  82.74 , Val l: 0.8850 | Test e:  65.34 
| Epoch   60 | Train e:  89.46, T l:  0.2734 | Val e:  84.39 , Val l: 0.9735 | Test e:  64.57 
| Epoch   61 | Train e:  90.07, T l:  0.2743 | Val e:  84.25 , Val l: 0.9105 | Test e:  65.29 
| Epoch   62 | Train e:  90.09, T l:  0.2660 | Val e:  83.15 , Val l: 0.9796 | Test e:  65.33 
| Epoch   63 | Train e:  90.02, T l:  0.2737 | Val e:  83.91 , Val l: 0.8398 | Test e:  65.06 
| Epoch   64 | Train e:  90.38, T l:  0.2679 | Val e:  84.43 , Val l: 0.9635 | Test e:  65.05 
| Epoch   65 | Train e:  90.50, T l:  0.2623 | Val e:  84.32 , Val l: 0.8644 | Test e:  65.48 
| Epoch   66 | Train e:  90.22, T l:  0.2728 | Val e:  82.46 , Val l: 0.8906 | Test e:  66.02 
| Epoch   67 | Train e:  90.71, T l:  0.2696 | Val e:  83.59 , Val l: 1.0689 | Test e:  65.43 
| Epoch   68 | Train e:  90.51, T l:  0.2742 | Val e:  84.01 , Val l: 0.8830 | Test e:  65.40 
| Epoch   69 | Train e:  90.73, T l:  0.2612 | Val e:  83.29 , Val l: 0.9517 | Test e:  65.40 
| Epoch   70 | Train e:  90.74, T l:  0.2598 | Val e:  83.34 , Val l: 0.8413 | Test e:  65.71 
| Epoch   71 | Train e:  91.01, T l:  0.2588 | Val e:  84.22 , Val l: 0.9967 | Test e:  65.64 
| Epoch   72 | Train e:  90.89, T l:  0.2607 | Val e:  83.43 , Val l: 0.9096 | Test e:  66.21 
| Epoch   73 | Train e:  90.84, T l:  0.2598 | Val e:  84.37 , Val l: 0.7089 | Test e:  66.23 
| Epoch   74 | Train e:  91.52, T l:  0.2512 | Val e:  83.19 , Val l: 1.0373 | Test e:  65.97 
| Epoch   75 | Train e:  91.49, T l:  0.2555 | Val e:  83.11 , Val l: 0.8996 | Test e:  66.09 
| Epoch   76 | Train e:  91.42, T l:  0.2502 | Val e:  83.27 , Val l: 0.8162 | Test e:  66.58 
| Epoch   77 | Train e:  91.49, T l:  0.2551 | Val e:  84.26 , Val l: 0.9413 | Test e:  66.50 
| Epoch   78 | Train e:  91.48, T l:  0.2464 | Val e:  82.46 , Val l: 1.0567 | Test e:  66.72 
| Epoch   79 | Train e:  91.78, T l:  0.2534 | Val e:  83.82 , Val l: 0.8156 | Test e:  66.97 
| Epoch   80 | Train e:  92.02, T l:  0.2477 | Val e:  83.04 , Val l: 0.9139 | Test e:  66.88 
| Epoch   81 | Train e:  91.55, T l:  0.2519 | Val e:  83.06 , Val l: 0.8203 | Test e:  66.91 
| Epoch   82 | Train e:  92.05, T l:  0.2494 | Val e:  82.98 , Val l: 0.9444 | Test e:  67.09 
| Epoch   83 | Train e:  92.01, T l:  0.2481 | Val e:  82.55 , Val l: 1.0315 | Test e:  67.21 
| Epoch   84 | Train e:  91.97, T l:  0.2463 | Val e:  82.94 , Val l: 0.9506 | Test e:  67.45 
| Epoch   85 | Train e:  92.28, T l:  0.2431 | Val e:  83.53 , Val l: 0.9095 | Test e:  67.51 
| Epoch   86 | Train e:  92.23, T l:  0.2395 | Val e:  83.84 , Val l: 0.9113 | Test e:  67.70 
| Epoch   87 | Train e:  92.31, T l:  0.2437 | Val e:  83.25 , Val l: 1.0567 | Test e:  67.98 
| Epoch   88 | Train e:  92.09, T l:  0.2417 | Val e:  82.66 , Val l: 0.7830 | Test e:  67.67 
| Epoch   89 | Train e:  91.90, T l:  0.2413 | Val e:  82.76 , Val l: 0.7291 | Test e:  67.69 
| Epoch   90 | Train e:  91.83, T l:  0.2439 | Val e:  83.36 , Val l: 0.7173 | Test e:  67.81 
| Epoch   91 | Train e:  92.79, T l:  0.2495 | Val e:  82.68 , Val l: 1.1702 | Test e:  67.93 
| Epoch   92 | Train e:  92.66, T l:  0.2423 | Val e:  83.42 , Val l: 0.7912 | Test e:  67.80 
| Epoch   93 | Train e:  93.10, T l:  0.2385 | Val e:  83.06 , Val l: 0.9402 | Test e:  68.12 
| Epoch   94 | Train e:  93.20, T l:  0.2314 | Val e:  82.50 , Val l: 1.0916 | Test e:  67.97 
| Epoch   95 | Train e:  92.53, T l:  0.2373 | Val e:  83.66 , Val l: 0.9161 | Test e:  68.05 
| Epoch   96 | Train e:  93.06, T l:  0.2338 | Val e:  83.26 , Val l: 0.8622 | Test e:  67.82 
| Epoch   97 | Train e:  92.86, T l:  0.2288 | Val e:  82.54 , Val l: 0.9525 | Test e:  67.73 
| Epoch   98 | Train e:  92.85, T l:  0.2244 | Val e:  82.96 , Val l: 1.0662 | Test e:  67.81 
| Epoch   99 | Train e:  93.15, T l:  0.2416 | Val e:  82.92 , Val l: 1.0893 | Test e:  67.99 
| Epoch  100 | Train e:  93.19, T l:  0.2326 | Val e:  84.79 , Val l: 0.8119 | Test e:  67.75 
| Epoch  101 | Train e:  93.33, T l:  0.2330 | Val e:  84.00 , Val l: 0.8758 | Test e:  68.06 
| Epoch  102 | Train e:  93.50, T l:  0.2246 | Val e:  83.66 , Val l: 0.9290 | Test e:  67.48 
| Epoch  103 | Train e:  93.68, T l:  0.2212 | Val e:  84.14 , Val l: 0.8972 | Test e:  67.82 
| Epoch  104 | Train e:  93.65, T l:  0.2188 | Val e:  83.28 , Val l: 0.8643 | Test e:  67.78 
| Epoch  105 | Train e:  93.38, T l:  0.2232 | Val e:  83.34 , Val l: 0.9084 | Test e:  68.00 
| Epoch  106 | Train e:  93.76, T l:  0.2230 | Val e:  83.44 , Val l: 0.8340 | Test e:  67.94 
| Epoch  107 | Train e:  93.38, T l:  0.2240 | Val e:  83.62 , Val l: 1.1435 | Test e:  67.61 
| Epoch  108 | Train e:  93.87, T l:  0.2186 | Val e:  83.77 , Val l: 0.9655 | Test e:  67.73 
| Epoch  109 | Train e:  93.79, T l:  0.2188 | Val e:  83.24 , Val l: 0.9282 | Test e:  67.84 
| Epoch  110 | Train e:  93.34, T l:  0.2157 | Val e:  84.30 , Val l: 0.8643 | Test e:  67.89 
| Epoch  111 | Train e:  94.11, T l:  0.2215 | Val e:  82.50 , Val l: 1.0611 | Test e:  67.84 
| Epoch  112 | Train e:  93.91, T l:  0.2189 | Val e:  83.91 , Val l: 0.9589 | Test e:  67.83 
| Epoch  113 | Train e:  94.00, T l:  0.2126 | Val e:  82.54 , Val l: 1.1121 | Test e:  67.70 
| Epoch  114 | Train e:  93.95, T l:  0.2155 | Val e:  83.44 , Val l: 0.9056 | Test e:  67.80 
| Epoch  115 | Train e:  93.95, T l:  0.2234 | Val e:  82.44 , Val l: 1.0964 | Test e:  67.21 
| Epoch  116 | Train e:  94.50, T l:  0.2116 | Val e:  83.57 , Val l: 1.0612 | Test e:  67.55 
| Epoch  117 | Train e:  93.77, T l:  0.2164 | Val e:  84.35 , Val l: 0.8237 | Test e:  67.51 
| Epoch  118 | Train e:  94.44, T l:  0.2133 | Val e:  83.78 , Val l: 0.9827 | Test e:  67.78 
| Epoch  119 | Train e:  94.61, T l:  0.2087 | Val e:  83.66 , Val l: 0.9988 | Test e:  67.54 
| Epoch  120 | Train e:  94.29, T l:  0.2061 | Val e:  84.40 , Val l: 1.0447 | Test e:  67.40 
| Epoch  121 | Train e:  94.33, T l:  0.2134 | Val e:  84.03 , Val l: 0.9565 | Test e:  67.64 
| Epoch  122 | Train e:  94.41, T l:  0.2053 | Val e:  83.57 , Val l: 1.0403 | Test e:  67.22 
| Epoch  123 | Train e:  93.77, T l:  0.2090 | Val e:  83.28 , Val l: 0.8359 | Test e:  67.31 
| Epoch  124 | Train e:  94.46, T l:  0.2067 | Val e:  84.20 , Val l: 0.8868 | Test e:  67.20 
| Epoch  125 | Train e:  94.65, T l:  0.2070 | Val e:  84.33 , Val l: 0.9036 | Test e:  67.33 
| Epoch  126 | Train e:  94.11, T l:  0.2057 | Val e:  84.27 , Val l: 1.0335 | Test e:  67.42 
| Epoch  127 | Train e:  94.61, T l:  0.2071 | Val e:  84.10 , Val l: 0.9763 | Test e:  66.88 
| Epoch  128 | Train e:  94.67, T l:  0.1975 | Val e:  83.41 , Val l: 1.0701 | Test e:  67.26 
| Epoch  129 | Train e:  94.55, T l:  0.1987 | Val e:  83.38 , Val l: 1.0739 | Test e:  67.14 
| Epoch  130 | Train e:  94.72, T l:  0.2004 | Val e:  83.95 , Val l: 1.0241 | Test e:  66.94 
| Epoch  131 | Train e:  94.67, T l:  0.1944 | Val e:  83.34 , Val l: 1.0260 | Test e:  67.01 
| Epoch  132 | Train e:  94.50, T l:  0.1990 | Val e:  83.06 , Val l: 1.1273 | Test e:  66.81 
| Epoch  133 | Train e:  94.95, T l:  0.1954 | Val e:  82.72 , Val l: 1.1416 | Test e:  66.82 
| Epoch  134 | Train e:  95.11, T l:  0.1986 | Val e:  83.53 , Val l: 0.9895 | Test e:  66.85 
| Epoch  135 | Train e:  95.06, T l:  0.2027 | Val e:  84.50 , Val l: 1.0056 | Test e:  66.98 
| Epoch  136 | Train e:  94.93, T l:  0.1989 | Val e:  83.60 , Val l: 1.1015 | Test e:  66.71 
| Epoch  137 | Train e:  95.12, T l:  0.1914 | Val e:  82.53 , Val l: 1.1570 | Test e:  66.62 
| Epoch  138 | Train e:  94.62, T l:  0.1956 | Val e:  84.05 , Val l: 0.8549 | Test e:  66.84 
| Epoch  139 | Train e:  95.11, T l:  0.1941 | Val e:  84.34 , Val l: 1.0423 | Test e:  67.00 
| Epoch  140 | Train e:  95.16, T l:  0.1906 | Val e:  84.59 , Val l: 0.9085 | Test e:  67.19 
| Epoch  141 | Train e:  94.56, T l:  0.1906 | Val e:  84.50 , Val l: 0.9115 | Test e:  66.77 
| Epoch  142 | Train e:  94.69, T l:  0.2092 | Val e:  85.01 , Val l: 0.7059 | Test e:  66.72 
| Epoch  143 | Train e:  95.27, T l:  0.2065 | Val e:  82.95 , Val l: 1.0184 | Test e:  66.84 
| Epoch  144 | Train e:  94.81, T l:  0.1921 | Val e:  83.47 , Val l: 0.9890 | Test e:  66.98 
| Epoch  145 | Train e:  94.79, T l:  0.1906 | Val e:  84.42 , Val l: 0.8958 | Test e:  67.04 
| Epoch  146 | Train e:  95.10, T l:  0.1941 | Val e:  83.88 , Val l: 1.0017 | Test e:  66.69 
| Epoch  147 | Train e:  95.44, T l:  0.1915 | Val e:  83.92 , Val l: 1.0064 | Test e:  66.80 
| Epoch  148 | Train e:  95.38, T l:  0.1861 | Val e:  83.64 , Val l: 0.9942 | Test e:  66.76 
| Epoch  149 | Train e:  95.26, T l:  0.1853 | Val e:  83.77 , Val l: 1.1042 | Test e:  66.46 
| Epoch  150 | Train e:  95.13, T l:  0.1948 | Val e:  82.60 , Val l: 1.2055 | Test e:  66.55 
| Epoch  151 | Train e:  95.28, T l:  0.1943 | Val e:  83.23 , Val l: 0.9384 | Test e:  66.35 
| Epoch  152 | Train e:  95.59, T l:  0.1918 | Val e:  84.21 , Val l: 0.8654 | Test e:  66.68 
| Epoch  153 | Train e:  95.44, T l:  0.1808 | Val e:  84.35 , Val l: 0.9738 | Test e:  66.79 
| Epoch  154 | Train e:  95.24, T l:  0.1853 | Val e:  84.01 , Val l: 1.0634 | Test e:  66.75 
| Epoch  155 | Train e:  95.73, T l:  0.1806 | Val e:  83.47 , Val l: 1.1658 | Test e:  66.61 
| Epoch  156 | Train e:  95.38, T l:  0.1834 | Val e:  84.46 , Val l: 0.9228 | Test e:  66.97 
| Epoch  157 | Train e:  95.39, T l:  0.1852 | Val e:  83.79 , Val l: 1.0224 | Test e:  66.83 
| Epoch  158 | Train e:  95.59, T l:  0.1859 | Val e:  82.23 , Val l: 1.3174 | Test e:  65.94 
| Epoch  159 | Train e:  95.78, T l:  0.1828 | Val e:  83.27 , Val l: 1.0865 | Test e:  66.29 
| Epoch  160 | Train e:  95.52, T l:  0.1806 | Val e:  83.46 , Val l: 1.1982 | Test e:  66.27 
| Epoch  161 | Train e:  95.70, T l:  0.1820 | Val e:  84.51 , Val l: 0.9809 | Test e:  66.89 
| Epoch  162 | Train e:  95.51, T l:  0.1793 | Val e:  84.53 , Val l: 0.9417 | Test e:  66.59 
| Epoch  163 | Train e:  95.61, T l:  0.1853 | Val e:  84.72 , Val l: 0.9589 | Test e:  66.87 
| Epoch  164 | Train e:  95.52, T l:  0.1741 | Val e:  84.51 , Val l: 0.9501 | Test e:  66.82 
| Epoch  165 | Train e:  95.44, T l:  0.1829 | Val e:  83.57 , Val l: 1.1002 | Test e:  66.59 
| Epoch  166 | Train e:  95.64, T l:  0.1745 | Val e:  83.74 , Val l: 1.0957 | Test e:  66.66 
| Epoch  167 | Train e:  95.62, T l:  0.1781 | Val e:  83.04 , Val l: 1.1990 | Test e:  66.33 
| Epoch  168 | Train e:  95.66, T l:  0.1820 | Val e:  83.58 , Val l: 1.0969 | Test e:  66.57 
| Epoch  169 | Train e:  95.87, T l:  0.1874 | Val e:  83.08 , Val l: 1.1436 | Test e:  66.17 
| Epoch  170 | Train e:  95.47, T l:  0.1767 | Val e:  83.00 , Val l: 1.2579 | Test e:  66.17 
| Epoch  171 | Train e:  95.67, T l:  0.1808 | Val e:  83.31 , Val l: 1.1956 | Test e:  66.31 
| Epoch  172 | Train e:  95.83, T l:  0.1743 | Val e:  83.52 , Val l: 1.1202 | Test e:  66.53 
| Epoch  173 | Train e:  95.86, T l:  0.1767 | Val e:  84.23 , Val l: 0.9800 | Test e:  66.64 
| Epoch  174 | Train e:  96.09, T l:  0.1775 | Val e:  83.84 , Val l: 0.9879 | Test e:  66.35 
| Epoch  175 | Train e:  95.75, T l:  0.1818 | Val e:  83.66 , Val l: 1.0389 | Test e:  66.63 
| Epoch  176 | Train e:  95.85, T l:  0.1745 | Val e:  83.75 , Val l: 1.0510 | Test e:  66.64 
| Epoch  177 | Train e:  96.00, T l:  0.1725 | Val e:  83.49 , Val l: 1.0729 | Test e:  66.33 
| Epoch  178 | Train e:  96.10, T l:  0.1791 | Val e:  82.95 , Val l: 1.1760 | Test e:  66.38 
| Epoch  179 | Train e:  95.98, T l:  0.1740 | Val e:  83.43 , Val l: 1.0960 | Test e:  66.59 
| Epoch  180 | Train e:  95.48, T l:  0.1748 | Val e:  83.46 , Val l: 1.0339 | Test e:  66.42 
| Epoch  181 | Train e:  96.07, T l:  0.1724 | Val e:  82.50 , Val l: 1.2583 | Test e:  66.20 
| Epoch  182 | Train e:  95.75, T l:  0.1726 | Val e:  83.29 , Val l: 1.1006 | Test e:  66.55 
| Epoch  183 | Train e:  96.15, T l:  0.1725 | Val e:  83.44 , Val l: 1.0332 | Test e:  66.46 
| Epoch  184 | Train e:  95.91, T l:  0.1714 | Val e:  82.73 , Val l: 1.1499 | Test e:  66.17 
| Epoch  185 | Train e:  95.95, T l:  0.1737 | Val e:  82.78 , Val l: 1.1437 | Test e:  66.27 
| Epoch  186 | Train e:  96.13, T l:  0.1670 | Val e:  82.96 , Val l: 1.1201 | Test e:  66.35 
| Epoch  187 | Train e:  95.70, T l:  0.1751 | Val e:  83.25 , Val l: 1.0932 | Test e:  66.37 
| Epoch  188 | Train e:  95.82, T l:  0.1706 | Val e:  83.82 , Val l: 1.0661 | Test e:  66.46 
| Epoch  189 | Train e:  95.77, T l:  0.1716 | Val e:  84.03 , Val l: 1.0486 | Test e:  66.58 
| Epoch  190 | Train e:  96.17, T l:  0.1718 | Val e:  83.12 , Val l: 1.1104 | Test e:  66.19 
| Epoch  191 | Train e:  96.00, T l:  0.1715 | Val e:  83.06 , Val l: 1.1328 | Test e:  66.19 
| Epoch  192 | Train e:  95.98, T l:  0.1739 | Val e:  83.35 , Val l: 1.0863 | Test e:  66.30 
| Epoch  193 | Train e:  95.82, T l:  0.1645 | Val e:  83.25 , Val l: 1.1236 | Test e:  66.38 
| Epoch  194 | Train e:  95.72, T l:  0.1684 | Val e:  83.16 , Val l: 1.1059 | Test e:  66.27 
| Epoch  195 | Train e:  95.86, T l:  0.1667 | Val e:  83.16 , Val l: 1.1228 | Test e:  66.31 
| Epoch  196 | Train e:  96.06, T l:  0.1708 | Val e:  83.12 , Val l: 1.1247 | Test e:  66.36 
| Epoch  197 | Train e:  95.85, T l:  0.1714 | Val e:  83.19 , Val l: 1.1175 | Test e:  66.45 
| Epoch  198 | Train e:  95.96, T l:  0.1668 | Val e:  83.20 , Val l: 1.1199 | Test e:  66.43 
| Epoch  199 | Train e:  96.04, T l:  0.1679 | Val e:  83.20 , Val l: 1.1232 | Test e:  66.47 
