

===============================================
2022-12-19 08:21:45

main_gnnt.py --batch-size 64 --lr 0.0001 --warmup 50 --scheduler-type linear --seeds 12138 --device 1

None

dataset: ogbg-molbbbp
use_node_attr: False
pre_transform: None
transform: None
clean_cache: False
use_public_splits: True
use_val: True
use_val_loss: True
same_best_epoch: False
early_stop: False
scheduler_type: linear
epochs: 200
warmup: 50
batch_size: 64
lr: 0.0001
weight_decay: 0.0001
seeds: 12138
save_state: False
transformer_dropout: 0.1



| Epoch    0 | Train e:  35.58, T l:  1.7450 | Val e:  34.26 , Val l: 1.0015 | Test e:  48.98 
| Epoch    1 | Train e:  34.85, T l:  1.3967 | Val e:  38.11 , Val l: 0.7394 | Test e:  47.52 
| Epoch    2 | Train e:  33.91, T l:  0.8695 | Val e:  43.83 , Val l: 1.0051 | Test e:  46.52 
| Epoch    3 | Train e:  34.95, T l:  0.5588 | Val e:  47.38 , Val l: 1.6424 | Test e:  46.73 
| Epoch    4 | Train e:  34.51, T l:  0.4822 | Val e:  49.29 , Val l: 2.0196 | Test e:  47.07 
| Epoch    5 | Train e:  33.61, T l:  0.4739 | Val e:  49.52 , Val l: 2.1319 | Test e:  47.45 
| Epoch    6 | Train e:  34.52, T l:  0.4697 | Val e:  48.69 , Val l: 2.1142 | Test e:  48.28 
| Epoch    7 | Train e:  37.86, T l:  0.4658 | Val e:  48.30 , Val l: 2.1485 | Test e:  50.11 
| Epoch    8 | Train e:  40.92, T l:  0.4682 | Val e:  44.79 , Val l: 2.1883 | Test e:  53.94 
| Epoch    9 | Train e:  49.93, T l:  0.4528 | Val e:  40.95 , Val l: 2.2064 | Test e:  59.10 
| Epoch   10 | Train e:  58.74, T l:  0.4537 | Val e:  39.90 , Val l: 2.2674 | Test e:  61.79 
| Epoch   11 | Train e:  63.29, T l:  0.4483 | Val e:  39.72 , Val l: 2.3735 | Test e:  61.33 
| Epoch   12 | Train e:  63.68, T l:  0.4434 | Val e:  41.05 , Val l: 2.3377 | Test e:  60.77 
| Epoch   13 | Train e:  63.69, T l:  0.4431 | Val e:  42.60 , Val l: 2.3521 | Test e:  61.41 
| Epoch   14 | Train e:  65.71, T l:  0.4352 | Val e:  43.75 , Val l: 2.4551 | Test e:  61.84 
| Epoch   15 | Train e:  65.84, T l:  0.4354 | Val e:  45.16 , Val l: 2.4926 | Test e:  61.92 
| Epoch   16 | Train e:  66.92, T l:  0.4286 | Val e:  48.49 , Val l: 2.4986 | Test e:  62.88 
| Epoch   17 | Train e:  66.54, T l:  0.4371 | Val e:  52.38 , Val l: 2.6944 | Test e:  63.86 
| Epoch   18 | Train e:  70.23, T l:  0.4215 | Val e:  55.29 , Val l: 2.6530 | Test e:  63.91 
| Epoch   19 | Train e:  72.52, T l:  0.4214 | Val e:  60.25 , Val l: 2.3818 | Test e:  64.40 
| Epoch   20 | Train e:  72.53, T l:  0.4200 | Val e:  66.00 , Val l: 2.3510 | Test e:  64.52 
| Epoch   21 | Train e:  75.16, T l:  0.4183 | Val e:  70.30 , Val l: 2.4082 | Test e:  64.97 
| Epoch   22 | Train e:  77.00, T l:  0.4090 | Val e:  75.62 , Val l: 2.6537 | Test e:  64.81 
| Epoch   23 | Train e:  79.03, T l:  0.4115 | Val e:  79.56 , Val l: 2.3855 | Test e:  65.51 
| Epoch   24 | Train e:  80.52, T l:  0.4098 | Val e:  81.34 , Val l: 2.1958 | Test e:  65.26 
| Epoch   25 | Train e:  80.88, T l:  0.3845 | Val e:  83.98 , Val l: 1.9139 | Test e:  65.45 
| Epoch   26 | Train e:  81.12, T l:  0.3794 | Val e:  84.97 , Val l: 1.1287 | Test e:  65.03 
| Epoch   27 | Train e:  82.33, T l:  0.3689 | Val e:  87.22 , Val l: 1.4684 | Test e:  65.38 
| Epoch   28 | Train e:  82.79, T l:  0.3541 | Val e:  88.62 , Val l: 1.1687 | Test e:  65.22 
| Epoch   29 | Train e:  83.73, T l:  0.3568 | Val e:  88.97 , Val l: 1.1960 | Test e:  64.65 
| Epoch   30 | Train e:  84.77, T l:  0.3455 | Val e:  89.21 , Val l: 1.5544 | Test e:  64.72 
| Epoch   31 | Train e:  84.36, T l:  0.3375 | Val e:  89.33 , Val l: 0.7099 | Test e:  64.15 
| Epoch   32 | Train e:  85.85, T l:  0.3444 | Val e:  89.64 , Val l: 0.9871 | Test e:  64.55 
| Epoch   33 | Train e:  85.74, T l:  0.3358 | Val e:  89.82 , Val l: 0.7672 | Test e:  64.38 
| Epoch   34 | Train e:  86.90, T l:  0.3332 | Val e:  90.24 , Val l: 1.1013 | Test e:  64.63 
| Epoch   35 | Train e:  86.93, T l:  0.3205 | Val e:  90.63 , Val l: 0.9705 | Test e:  64.59 
| Epoch   36 | Train e:  87.45, T l:  0.3130 | Val e:  89.92 , Val l: 0.7661 | Test e:  64.65 
| Epoch   37 | Train e:  87.58, T l:  0.3166 | Val e:  90.37 , Val l: 0.8174 | Test e:  64.71 
| Epoch   38 | Train e:  88.14, T l:  0.3047 | Val e:  90.82 , Val l: 0.9918 | Test e:  64.48 
| Epoch   39 | Train e:  88.19, T l:  0.3140 | Val e:  90.54 , Val l: 0.6520 | Test e:  64.73 
| Epoch   40 | Train e:  88.98, T l:  0.3216 | Val e:  91.22 , Val l: 1.0672 | Test e:  64.56 
| Epoch   41 | Train e:  89.19, T l:  0.2987 | Val e:  90.50 , Val l: 1.5107 | Test e:  64.52 
| Epoch   42 | Train e:  89.29, T l:  0.3014 | Val e:  90.16 , Val l: 2.0070 | Test e:  64.31 
| Epoch   43 | Train e:  89.53, T l:  0.3002 | Val e:  91.04 , Val l: 1.4924 | Test e:  63.95 
| Epoch   44 | Train e:  89.62, T l:  0.2794 | Val e:  90.97 , Val l: 0.8931 | Test e:  64.05 
| Epoch   45 | Train e:  90.14, T l:  0.2916 | Val e:  91.18 , Val l: 1.0198 | Test e:  64.10 
| Epoch   46 | Train e:  90.55, T l:  0.2770 | Val e:  90.74 , Val l: 0.6767 | Test e:  64.50 
| Epoch   47 | Train e:  90.26, T l:  0.2765 | Val e:  91.39 , Val l: 0.8101 | Test e:  64.71 
| Epoch   48 | Train e:  90.71, T l:  0.2812 | Val e:  91.12 , Val l: 1.4615 | Test e:  64.79 
| Epoch   49 | Train e:  90.77, T l:  0.2788 | Val e:  91.42 , Val l: 0.9473 | Test e:  64.33 
| Epoch   50 | Train e:  91.34, T l:  0.2702 | Val e:  91.17 , Val l: 1.1957 | Test e:  64.50 
| Epoch   51 | Train e:  91.31, T l:  0.2563 | Val e:  91.13 , Val l: 0.9319 | Test e:  64.51 
| Epoch   52 | Train e:  91.83, T l:  0.2840 | Val e:  92.00 , Val l: 1.2336 | Test e:  65.06 
| Epoch   53 | Train e:  90.76, T l:  0.2752 | Val e:  90.69 , Val l: 0.5741 | Test e:  64.62 
| Epoch   54 | Train e:  91.79, T l:  0.2856 | Val e:  90.96 , Val l: 1.0511 | Test e:  65.02 
| Epoch   55 | Train e:  92.19, T l:  0.2724 | Val e:  91.37 , Val l: 0.9906 | Test e:  65.60 
| Epoch   56 | Train e:  92.23, T l:  0.2645 | Val e:  91.18 , Val l: 0.7669 | Test e:  65.32 
| Epoch   57 | Train e:  92.23, T l:  0.2592 | Val e:  91.09 , Val l: 0.6752 | Test e:  64.72 
| Epoch   58 | Train e:  92.61, T l:  0.2558 | Val e:  91.06 , Val l: 0.8631 | Test e:  65.56 
| Epoch   59 | Train e:  92.63, T l:  0.2406 | Val e:  91.55 , Val l: 0.9215 | Test e:  65.04 
| Epoch   60 | Train e:  92.66, T l:  0.2656 | Val e:  90.92 , Val l: 1.2452 | Test e:  65.83 
| Epoch   61 | Train e:  92.69, T l:  0.2659 | Val e:  91.26 , Val l: 0.6003 | Test e:  65.86 
| Epoch   62 | Train e:  92.91, T l:  0.2523 | Val e:  91.95 , Val l: 1.0596 | Test e:  65.98 
| Epoch   63 | Train e:  93.09, T l:  0.2438 | Val e:  91.71 , Val l: 0.7271 | Test e:  65.88 
| Epoch   64 | Train e:  92.96, T l:  0.2561 | Val e:  91.22 , Val l: 0.8066 | Test e:  65.99 
| Epoch   65 | Train e:  93.40, T l:  0.2544 | Val e:  91.49 , Val l: 0.9652 | Test e:  66.46 
| Epoch   66 | Train e:  93.40, T l:  0.2424 | Val e:  91.77 , Val l: 0.8998 | Test e:  66.66 
| Epoch   67 | Train e:  93.53, T l:  0.2372 | Val e:  91.87 , Val l: 0.8627 | Test e:  66.60 
| Epoch   68 | Train e:  93.93, T l:  0.2360 | Val e:  91.39 , Val l: 0.8873 | Test e:  66.68 
| Epoch   69 | Train e:  93.48, T l:  0.2588 | Val e:  91.59 , Val l: 0.5893 | Test e:  65.82 
| Epoch   70 | Train e:  93.66, T l:  0.2351 | Val e:  92.01 , Val l: 0.6464 | Test e:  64.62 
| Epoch   71 | Train e:  93.93, T l:  0.2230 | Val e:  91.10 , Val l: 0.9642 | Test e:  65.88 
| Epoch   72 | Train e:  94.06, T l:  0.2313 | Val e:  91.76 , Val l: 0.6462 | Test e:  65.29 
| Epoch   73 | Train e:  94.08, T l:  0.2302 | Val e:  91.42 , Val l: 1.2236 | Test e:  66.58 
| Epoch   74 | Train e:  94.26, T l:  0.2328 | Val e:  90.66 , Val l: 1.0267 | Test e:  67.02 
| Epoch   75 | Train e:  93.80, T l:  0.2249 | Val e:  91.24 , Val l: 1.0489 | Test e:  66.45 
| Epoch   76 | Train e:  94.34, T l:  0.2368 | Val e:  91.30 , Val l: 0.9733 | Test e:  67.50 
| Epoch   77 | Train e:  94.19, T l:  0.2259 | Val e:  90.20 , Val l: 1.0566 | Test e:  67.51 
| Epoch   78 | Train e:  94.36, T l:  0.2288 | Val e:  91.51 , Val l: 0.7849 | Test e:  67.47 
| Epoch   79 | Train e:  94.64, T l:  0.2240 | Val e:  91.72 , Val l: 0.6633 | Test e:  67.18 
| Epoch   80 | Train e:  94.87, T l:  0.2316 | Val e:  91.24 , Val l: 0.6360 | Test e:  68.19 
| Epoch   81 | Train e:  94.52, T l:  0.2241 | Val e:  90.74 , Val l: 1.1799 | Test e:  68.26 
| Epoch   82 | Train e:  94.33, T l:  0.2311 | Val e:  91.46 , Val l: 0.9165 | Test e:  68.55 
| Epoch   83 | Train e:  94.61, T l:  0.2241 | Val e:  90.67 , Val l: 1.0251 | Test e:  68.48 
| Epoch   84 | Train e:  94.76, T l:  0.2280 | Val e:  90.24 , Val l: 1.2303 | Test e:  68.12 
| Epoch   85 | Train e:  94.92, T l:  0.2279 | Val e:  90.30 , Val l: 0.7126 | Test e:  68.81 
| Epoch   86 | Train e:  94.95, T l:  0.2156 | Val e:  90.60 , Val l: 0.7802 | Test e:  68.23 
| Epoch   87 | Train e:  94.73, T l:  0.2092 | Val e:  89.17 , Val l: 1.7943 | Test e:  68.57 
| Epoch   88 | Train e:  94.94, T l:  0.2111 | Val e:  90.98 , Val l: 0.7036 | Test e:  67.31 
| Epoch   89 | Train e:  95.11, T l:  0.2204 | Val e:  91.06 , Val l: 0.6121 | Test e:  68.61 
| Epoch   90 | Train e:  95.24, T l:  0.2081 | Val e:  90.79 , Val l: 0.8342 | Test e:  68.43 
| Epoch   91 | Train e:  95.27, T l:  0.2024 | Val e:  91.38 , Val l: 0.9439 | Test e:  68.71 
| Epoch   92 | Train e:  95.71, T l:  0.1991 | Val e:  90.92 , Val l: 0.8384 | Test e:  69.47 
| Epoch   93 | Train e:  95.45, T l:  0.2097 | Val e:  89.84 , Val l: 0.7091 | Test e:  69.14 
| Epoch   94 | Train e:  95.41, T l:  0.2041 | Val e:  90.82 , Val l: 0.9177 | Test e:  69.03 
| Epoch   95 | Train e:  95.52, T l:  0.2031 | Val e:  91.15 , Val l: 0.5351 | Test e:  68.42 
| Epoch   96 | Train e:  95.36, T l:  0.2161 | Val e:  89.84 , Val l: 0.9253 | Test e:  69.19 
| Epoch   97 | Train e:  95.64, T l:  0.2021 | Val e:  90.59 , Val l: 0.7572 | Test e:  69.24 
| Epoch   98 | Train e:  95.80, T l:  0.1992 | Val e:  90.26 , Val l: 1.0157 | Test e:  69.94 
| Epoch   99 | Train e:  95.33, T l:  0.2005 | Val e:  89.75 , Val l: 1.2457 | Test e:  69.42 
| Epoch  100 | Train e:  95.78, T l:  0.2065 | Val e:  90.92 , Val l: 0.7338 | Test e:  69.44 
| Epoch  101 | Train e:  95.81, T l:  0.1940 | Val e:  90.27 , Val l: 0.9888 | Test e:  69.16 
| Epoch  102 | Train e:  95.90, T l:  0.2087 | Val e:  90.96 , Val l: 0.6382 | Test e:  69.20 
| Epoch  103 | Train e:  95.81, T l:  0.2013 | Val e:  90.75 , Val l: 0.8028 | Test e:  69.63 
| Epoch  104 | Train e:  95.67, T l:  0.2055 | Val e:  90.40 , Val l: 1.2365 | Test e:  69.85 
| Epoch  105 | Train e:  95.72, T l:  0.2034 | Val e:  90.94 , Val l: 0.5554 | Test e:  68.39 
| Epoch  106 | Train e:  95.85, T l:  0.1963 | Val e:  90.03 , Val l: 0.9948 | Test e:  69.73 
| Epoch  107 | Train e:  96.20, T l:  0.1873 | Val e:  91.63 , Val l: 0.6194 | Test e:  69.97 
| Epoch  108 | Train e:  96.12, T l:  0.1984 | Val e:  91.31 , Val l: 0.8081 | Test e:  69.42 
| Epoch  109 | Train e:  96.04, T l:  0.1982 | Val e:  91.79 , Val l: 0.6838 | Test e:  69.81 
| Epoch  110 | Train e:  96.12, T l:  0.1948 | Val e:  90.64 , Val l: 0.8978 | Test e:  70.21 
| Epoch  111 | Train e:  96.28, T l:  0.1952 | Val e:  91.17 , Val l: 0.6741 | Test e:  70.34 
| Epoch  112 | Train e:  96.19, T l:  0.1919 | Val e:  91.97 , Val l: 0.6474 | Test e:  70.49 
| Epoch  113 | Train e:  95.73, T l:  0.1897 | Val e:  89.98 , Val l: 1.1325 | Test e:  69.27 
| Epoch  114 | Train e:  96.03, T l:  0.2070 | Val e:  91.77 , Val l: 0.7420 | Test e:  70.14 
| Epoch  115 | Train e:  96.23, T l:  0.1940 | Val e:  91.42 , Val l: 0.8873 | Test e:  69.99 
| Epoch  116 | Train e:  96.30, T l:  0.1927 | Val e:  91.33 , Val l: 0.6483 | Test e:  70.39 
| Epoch  117 | Train e:  96.31, T l:  0.1918 | Val e:  90.66 , Val l: 0.9446 | Test e:  70.54 
| Epoch  118 | Train e:  96.29, T l:  0.1882 | Val e:  91.39 , Val l: 0.6913 | Test e:  70.73 
| Epoch  119 | Train e:  96.22, T l:  0.1826 | Val e:  90.63 , Val l: 1.1294 | Test e:  70.91 
| Epoch  120 | Train e:  96.34, T l:  0.1930 | Val e:  91.05 , Val l: 0.7225 | Test e:  70.62 
| Epoch  121 | Train e:  96.35, T l:  0.1953 | Val e:  91.58 , Val l: 0.6799 | Test e:  70.29 
| Epoch  122 | Train e:  96.32, T l:  0.2037 | Val e:  90.75 , Val l: 0.7580 | Test e:  70.11 
| Epoch  123 | Train e:  96.50, T l:  0.1909 | Val e:  91.69 , Val l: 0.7095 | Test e:  70.38 
| Epoch  124 | Train e:  96.41, T l:  0.1916 | Val e:  91.25 , Val l: 0.7636 | Test e:  70.51 
| Epoch  125 | Train e:  96.31, T l:  0.1864 | Val e:  90.22 , Val l: 0.8076 | Test e:  69.84 
| Epoch  126 | Train e:  96.57, T l:  0.1881 | Val e:  90.72 , Val l: 0.9159 | Test e:  70.26 
| Epoch  127 | Train e:  96.36, T l:  0.1841 | Val e:  91.06 , Val l: 0.9715 | Test e:  70.08 
| Epoch  128 | Train e:  96.52, T l:  0.1976 | Val e:  91.77 , Val l: 0.5267 | Test e:  70.06 
| Epoch  129 | Train e:  96.34, T l:  0.1819 | Val e:  91.40 , Val l: 0.9172 | Test e:  70.42 
| Epoch  130 | Train e:  96.59, T l:  0.1757 | Val e:  91.73 , Val l: 0.6570 | Test e:  70.30 
| Epoch  131 | Train e:  96.15, T l:  0.1786 | Val e:  91.14 , Val l: 0.7126 | Test e:  70.60 
| Epoch  132 | Train e:  96.51, T l:  0.1857 | Val e:  91.05 , Val l: 0.6972 | Test e:  69.95 
| Epoch  133 | Train e:  96.85, T l:  0.1812 | Val e:  91.65 , Val l: 0.7179 | Test e:  70.34 
| Epoch  134 | Train e:  96.48, T l:  0.1788 | Val e:  91.12 , Val l: 0.7755 | Test e:  70.17 
| Epoch  135 | Train e:  96.60, T l:  0.1882 | Val e:  91.79 , Val l: 0.6264 | Test e:  70.37 
| Epoch  136 | Train e:  96.62, T l:  0.1719 | Val e:  91.12 , Val l: 0.7800 | Test e:  69.87 
| Epoch  137 | Train e:  96.67, T l:  0.1781 | Val e:  91.47 , Val l: 0.6489 | Test e:  69.75 
| Epoch  138 | Train e:  96.65, T l:  0.1771 | Val e:  91.27 , Val l: 0.7270 | Test e:  69.93 
| Epoch  139 | Train e:  96.52, T l:  0.1814 | Val e:  91.18 , Val l: 0.7543 | Test e:  69.66 
| Epoch  140 | Train e:  96.66, T l:  0.1699 | Val e:  91.95 , Val l: 0.7288 | Test e:  70.47 
| Epoch  141 | Train e:  96.56, T l:  0.1841 | Val e:  90.47 , Val l: 0.9512 | Test e:  70.03 
| Epoch  142 | Train e:  96.77, T l:  0.1802 | Val e:  91.65 , Val l: 0.6061 | Test e:  70.20 
| Epoch  143 | Train e:  96.69, T l:  0.1802 | Val e:  90.50 , Val l: 0.8001 | Test e:  69.91 
| Epoch  144 | Train e:  97.05, T l:  0.1729 | Val e:  91.45 , Val l: 0.6919 | Test e:  70.25 
| Epoch  145 | Train e:  96.60, T l:  0.1814 | Val e:  89.71 , Val l: 0.9667 | Test e:  69.64 
| Epoch  146 | Train e:  96.77, T l:  0.1789 | Val e:  91.50 , Val l: 0.7611 | Test e:  70.38 
| Epoch  147 | Train e:  96.58, T l:  0.1738 | Val e:  90.72 , Val l: 0.8599 | Test e:  70.21 
| Epoch  148 | Train e:  96.91, T l:  0.1701 | Val e:  90.65 , Val l: 1.0082 | Test e:  69.83 
| Epoch  149 | Train e:  96.60, T l:  0.1846 | Val e:  90.00 , Val l: 0.7226 | Test e:  69.62 
| Epoch  150 | Train e:  96.76, T l:  0.1694 | Val e:  91.51 , Val l: 0.6903 | Test e:  70.34 
| Epoch  151 | Train e:  96.97, T l:  0.1765 | Val e:  91.03 , Val l: 0.7969 | Test e:  70.27 
| Epoch  152 | Train e:  96.96, T l:  0.1687 | Val e:  90.85 , Val l: 0.6551 | Test e:  70.51 
| Epoch  153 | Train e:  96.85, T l:  0.1739 | Val e:  90.13 , Val l: 0.8647 | Test e:  70.27 
| Epoch  154 | Train e:  97.01, T l:  0.1815 | Val e:  90.66 , Val l: 0.8549 | Test e:  70.19 
| Epoch  155 | Train e:  96.99, T l:  0.1691 | Val e:  91.16 , Val l: 0.7362 | Test e:  70.44 
| Epoch  156 | Train e:  96.97, T l:  0.1738 | Val e:  90.90 , Val l: 0.8328 | Test e:  70.48 
| Epoch  157 | Train e:  96.83, T l:  0.1718 | Val e:  91.63 , Val l: 0.6172 | Test e:  70.75 
| Epoch  158 | Train e:  97.09, T l:  0.1804 | Val e:  90.54 , Val l: 0.7461 | Test e:  70.32 
| Epoch  159 | Train e:  96.64, T l:  0.1747 | Val e:  90.48 , Val l: 0.7708 | Test e:  70.33 
| Epoch  160 | Train e:  96.93, T l:  0.1765 | Val e:  91.30 , Val l: 0.7352 | Test e:  70.62 
| Epoch  161 | Train e:  96.95, T l:  0.1681 | Val e:  90.95 , Val l: 0.7184 | Test e:  70.05 
| Epoch  162 | Train e:  96.97, T l:  0.1560 | Val e:  90.61 , Val l: 1.1429 | Test e:  70.18 
| Epoch  163 | Train e:  96.81, T l:  0.1697 | Val e:  90.52 , Val l: 0.9443 | Test e:  70.75 
| Epoch  164 | Train e:  97.23, T l:  0.1770 | Val e:  91.42 , Val l: 0.6546 | Test e:  70.68 
| Epoch  165 | Train e:  97.12, T l:  0.1658 | Val e:  91.45 , Val l: 0.6937 | Test e:  70.53 
| Epoch  166 | Train e:  97.01, T l:  0.1819 | Val e:  91.44 , Val l: 0.5987 | Test e:  70.27 
| Epoch  167 | Train e:  96.95, T l:  0.1676 | Val e:  91.18 , Val l: 0.6804 | Test e:  70.32 
| Epoch  168 | Train e:  97.00, T l:  0.1666 | Val e:  91.42 , Val l: 0.6560 | Test e:  70.44 
| Epoch  169 | Train e:  97.15, T l:  0.1646 | Val e:  91.15 , Val l: 0.7250 | Test e:  70.33 
| Epoch  170 | Train e:  97.15, T l:  0.1658 | Val e:  90.97 , Val l: 0.7352 | Test e:  70.24 
| Epoch  171 | Train e:  97.22, T l:  0.1700 | Val e:  91.29 , Val l: 0.6933 | Test e:  70.21 
| Epoch  172 | Train e:  97.21, T l:  0.1621 | Val e:  91.62 , Val l: 0.6882 | Test e:  70.19 
| Epoch  173 | Train e:  97.00, T l:  0.1659 | Val e:  90.42 , Val l: 0.8638 | Test e:  69.71 
| Epoch  174 | Train e:  97.17, T l:  0.1646 | Val e:  91.12 , Val l: 0.7038 | Test e:  70.29 
| Epoch  175 | Train e:  97.26, T l:  0.1709 | Val e:  91.13 , Val l: 0.6725 | Test e:  70.28 
| Epoch  176 | Train e:  97.14, T l:  0.1596 | Val e:  90.47 , Val l: 0.7640 | Test e:  70.31 
| Epoch  177 | Train e:  97.23, T l:  0.1665 | Val e:  90.97 , Val l: 0.6594 | Test e:  70.20 
| Epoch  178 | Train e:  97.21, T l:  0.1688 | Val e:  90.82 , Val l: 0.7664 | Test e:  70.10 
| Epoch  179 | Train e:  97.24, T l:  0.1682 | Val e:  91.02 , Val l: 0.7579 | Test e:  70.02 
| Epoch  180 | Train e:  97.24, T l:  0.1578 | Val e:  91.08 , Val l: 0.7014 | Test e:  70.37 
| Epoch  181 | Train e:  97.09, T l:  0.1619 | Val e:  90.82 , Val l: 0.7744 | Test e:  69.92 
| Epoch  182 | Train e:  97.09, T l:  0.1648 | Val e:  90.81 , Val l: 0.7810 | Test e:  69.99 
| Epoch  183 | Train e:  97.31, T l:  0.1675 | Val e:  91.15 , Val l: 0.7977 | Test e:  70.24 
| Epoch  184 | Train e:  97.22, T l:  0.1721 | Val e:  91.29 , Val l: 0.6727 | Test e:  70.42 
| Epoch  185 | Train e:  97.18, T l:  0.1653 | Val e:  90.72 , Val l: 0.8285 | Test e:  70.09 
| Epoch  186 | Train e:  97.28, T l:  0.1641 | Val e:  91.03 , Val l: 0.7257 | Test e:  70.31 
| Epoch  187 | Train e:  97.18, T l:  0.1697 | Val e:  91.05 , Val l: 0.7751 | Test e:  70.22 
| Epoch  188 | Train e:  97.19, T l:  0.1633 | Val e:  91.07 , Val l: 0.7881 | Test e:  70.18 
| Epoch  189 | Train e:  97.32, T l:  0.1550 | Val e:  91.17 , Val l: 0.7205 | Test e:  70.05 
| Epoch  190 | Train e:  97.21, T l:  0.1567 | Val e:  90.96 , Val l: 0.7317 | Test e:  70.17 
| Epoch  191 | Train e:  97.32, T l:  0.1527 | Val e:  91.07 , Val l: 0.7332 | Test e:  70.21 
| Epoch  192 | Train e:  97.18, T l:  0.1579 | Val e:  90.92 , Val l: 0.7561 | Test e:  70.24 
| Epoch  193 | Train e:  97.27, T l:  0.1688 | Val e:  90.97 , Val l: 0.7246 | Test e:  70.25 
| Epoch  194 | Train e:  97.23, T l:  0.1512 | Val e:  91.06 , Val l: 0.7252 | Test e:  70.29 
| Epoch  195 | Train e:  97.37, T l:  0.1596 | Val e:  91.08 , Val l: 0.7225 | Test e:  70.37 
| Epoch  196 | Train e:  97.24, T l:  0.1571 | Val e:  91.07 , Val l: 0.7538 | Test e:  70.33 
| Epoch  197 | Train e:  97.21, T l:  0.1677 | Val e:  91.05 , Val l: 0.7431 | Test e:  70.36 
| Epoch  198 | Train e:  97.16, T l:  0.1615 | Val e:  91.05 , Val l: 0.7475 | Test e:  70.30 
| Epoch  199 | Train e:  97.35, T l:  0.1611 | Val e:  91.07 , Val l: 0.7399 | Test e:  70.29 
