A = torch.softmax(inf_mask + attention_score, 1) # clustering 

===============================================
2022-07-26 20:44:00

main.py --batch-size 64 --lr 0.0001 --warmup 50 --scheduler-type linear --seeds 2020 --device 1

None

dataset: ogbg-molbbbp
use_node_attr: False
pre_transform: None
transform: None
clean_cache: False
use_public_splits: True
use_val: True
use_val_loss: True
same_best_epoch: False
early_stop: False
scheduler_type: linear
epochs: 200
warmup: 50
batch_size: 64
lr: 0.0001
weight_decay: 0.0001
seeds: 2020
save_state: False



| Epoch    0 | Train e:  51.26, T l:  0.7203 | Val e:  44.38 , Val l: 0.7203 | Test e:  52.40 
| Epoch    1 | Train e:  52.38, T l:  0.6214 | Val e:  41.03 , Val l: 0.8930 | Test e:  52.51 
| Epoch    2 | Train e:  54.06, T l:  0.5049 | Val e:  38.35 , Val l: 1.2551 | Test e:  53.13 
| Epoch    3 | Train e:  56.72, T l:  0.4515 | Val e:  38.25 , Val l: 1.5569 | Test e:  54.54 
| Epoch    4 | Train e:  61.54, T l:  0.4400 | Val e:  41.32 , Val l: 1.6662 | Test e:  56.31 
| Epoch    5 | Train e:  67.48, T l:  0.4355 | Val e:  46.83 , Val l: 1.6895 | Test e:  58.42 
| Epoch    6 | Train e:  70.49, T l:  0.4341 | Val e:  54.01 , Val l: 1.7038 | Test e:  60.42 
| Epoch    7 | Train e:  73.37, T l:  0.4330 | Val e:  60.94 , Val l: 1.6633 | Test e:  61.92 
| Epoch    8 | Train e:  74.44, T l:  0.4314 | Val e:  65.83 , Val l: 1.6889 | Test e:  62.19 
| Epoch    9 | Train e:  75.36, T l:  0.4304 | Val e:  69.25 , Val l: 1.6474 | Test e:  62.51 
| Epoch   10 | Train e:  75.92, T l:  0.4255 | Val e:  71.41 , Val l: 1.5448 | Test e:  62.68 
| Epoch   11 | Train e:  76.22, T l:  0.4252 | Val e:  73.82 , Val l: 1.5059 | Test e:  62.79 
| Epoch   12 | Train e:  76.23, T l:  0.4238 | Val e:  75.64 , Val l: 1.6171 | Test e:  62.73 
| Epoch   13 | Train e:  76.79, T l:  0.4130 | Val e:  77.38 , Val l: 1.3882 | Test e:  62.91 
| Epoch   14 | Train e:  77.40, T l:  0.4030 | Val e:  78.98 , Val l: 1.4340 | Test e:  63.20 
| Epoch   15 | Train e:  78.55, T l:  0.3955 | Val e:  80.81 , Val l: 1.2701 | Test e:  63.27 
| Epoch   16 | Train e:  79.38, T l:  0.3833 | Val e:  82.01 , Val l: 1.3436 | Test e:  64.16 
| Epoch   17 | Train e:  80.27, T l:  0.3775 | Val e:  83.05 , Val l: 1.0564 | Test e:  64.42 
| Epoch   18 | Train e:  80.72, T l:  0.3649 | Val e:  83.20 , Val l: 1.2756 | Test e:  64.75 
| Epoch   19 | Train e:  82.02, T l:  0.3547 | Val e:  83.89 , Val l: 1.1856 | Test e:  65.34 
| Epoch   20 | Train e:  82.93, T l:  0.3619 | Val e:  83.83 , Val l: 1.3042 | Test e:  65.19 
| Epoch   21 | Train e:  83.53, T l:  0.3488 | Val e:  84.04 , Val l: 1.1655 | Test e:  65.11 
| Epoch   22 | Train e:  84.03, T l:  0.3452 | Val e:  84.42 , Val l: 1.6555 | Test e:  65.22 
| Epoch   23 | Train e:  84.10, T l:  0.3452 | Val e:  85.58 , Val l: 1.0785 | Test e:  64.76 
| Epoch   24 | Train e:  84.62, T l:  0.3328 | Val e:  85.40 , Val l: 1.7681 | Test e:  64.78 
| Epoch   25 | Train e:  84.67, T l:  0.3456 | Val e:  85.90 , Val l: 0.9990 | Test e:  64.43 
| Epoch   26 | Train e:  85.16, T l:  0.3265 | Val e:  86.49 , Val l: 0.9968 | Test e:  64.51 
| Epoch   27 | Train e:  85.10, T l:  0.3272 | Val e:  86.79 , Val l: 0.7661 | Test e:  64.36 
| Epoch   28 | Train e:  85.86, T l:  0.3227 | Val e:  86.50 , Val l: 1.1648 | Test e:  63.98 
| Epoch   29 | Train e:  86.76, T l:  0.3147 | Val e:  86.46 , Val l: 1.4944 | Test e:  63.99 
| Epoch   30 | Train e:  86.42, T l:  0.3315 | Val e:  87.46 , Val l: 0.7766 | Test e:  63.97 
| Epoch   31 | Train e:  86.34, T l:  0.3169 | Val e:  87.80 , Val l: 0.6998 | Test e:  63.90 
| Epoch   32 | Train e:  86.91, T l:  0.3112 | Val e:  87.65 , Val l: 1.1297 | Test e:  63.92 
| Epoch   33 | Train e:  87.03, T l:  0.3183 | Val e:  87.69 , Val l: 0.8672 | Test e:  63.54 
| Epoch   34 | Train e:  87.42, T l:  0.3025 | Val e:  87.81 , Val l: 0.9663 | Test e:  63.59 
| Epoch   35 | Train e:  88.13, T l:  0.3120 | Val e:  86.74 , Val l: 1.4790 | Test e:  63.80 
| Epoch   36 | Train e:  88.01, T l:  0.3124 | Val e:  87.35 , Val l: 1.1483 | Test e:  63.72 
| Epoch   37 | Train e:  88.16, T l:  0.3026 | Val e:  87.50 , Val l: 1.1139 | Test e:  63.54 
| Epoch   38 | Train e:  88.00, T l:  0.3019 | Val e:  87.95 , Val l: 0.8207 | Test e:  63.44 
| Epoch   39 | Train e:  88.66, T l:  0.2926 | Val e:  83.77 , Val l: 2.3157 | Test e:  63.88 
| Epoch   40 | Train e:  88.70, T l:  0.3048 | Val e:  88.08 , Val l: 1.0498 | Test e:  64.04 
| Epoch   41 | Train e:  88.73, T l:  0.2884 | Val e:  87.88 , Val l: 1.0329 | Test e:  63.77 
| Epoch   42 | Train e:  88.30, T l:  0.2891 | Val e:  88.50 , Val l: 0.5183 | Test e:  63.27 
| Epoch   43 | Train e:  89.21, T l:  0.3154 | Val e:  88.41 , Val l: 0.8065 | Test e:  64.60 
| Epoch   44 | Train e:  89.68, T l:  0.2740 | Val e:  88.10 , Val l: 0.9149 | Test e:  64.11 
| Epoch   45 | Train e:  89.19, T l:  0.2748 | Val e:  88.87 , Val l: 0.6355 | Test e:  64.20 
| Epoch   46 | Train e:  90.38, T l:  0.2723 | Val e:  86.98 , Val l: 1.0362 | Test e:  64.88 
| Epoch   47 | Train e:  90.78, T l:  0.2758 | Val e:  86.99 , Val l: 1.1432 | Test e:  65.25 
| Epoch   48 | Train e:  90.79, T l:  0.2940 | Val e:  87.86 , Val l: 0.8861 | Test e:  65.86 
| Epoch   49 | Train e:  90.27, T l:  0.2739 | Val e:  89.35 , Val l: 0.6935 | Test e:  65.55 
| Epoch   50 | Train e:  91.56, T l:  0.2683 | Val e:  86.78 , Val l: 1.1086 | Test e:  65.86 
| Epoch   51 | Train e:  91.62, T l:  0.2569 | Val e:  87.82 , Val l: 0.9505 | Test e:  66.57 
| Epoch   52 | Train e:  91.71, T l:  0.2658 | Val e:  86.99 , Val l: 1.0359 | Test e:  65.94 
| Epoch   53 | Train e:  91.52, T l:  0.2823 | Val e:  85.60 , Val l: 1.1309 | Test e:  65.71 
| Epoch   54 | Train e:  91.06, T l:  0.2607 | Val e:  90.20 , Val l: 0.5107 | Test e:  66.43 
| Epoch   55 | Train e:  91.92, T l:  0.2837 | Val e:  87.19 , Val l: 1.1558 | Test e:  66.71 
| Epoch   56 | Train e:  92.11, T l:  0.2691 | Val e:  87.37 , Val l: 0.9071 | Test e:  66.11 
| Epoch   57 | Train e:  92.16, T l:  0.2485 | Val e:  89.04 , Val l: 0.7484 | Test e:  67.13 
| Epoch   58 | Train e:  92.63, T l:  0.2445 | Val e:  87.98 , Val l: 0.8398 | Test e:  66.71 
| Epoch   59 | Train e:  92.84, T l:  0.2471 | Val e:  86.03 , Val l: 0.9341 | Test e:  66.64 
| Epoch   60 | Train e:  92.81, T l:  0.2454 | Val e:  84.03 , Val l: 1.3182 | Test e:  67.22 
| Epoch   61 | Train e:  92.55, T l:  0.2486 | Val e:  81.94 , Val l: 1.3722 | Test e:  66.71 
| Epoch   62 | Train e:  93.02, T l:  0.2410 | Val e:  85.25 , Val l: 1.2047 | Test e:  67.42 
| Epoch   63 | Train e:  92.71, T l:  0.2353 | Val e:  89.61 , Val l: 0.5824 | Test e:  67.91 
| Epoch   64 | Train e:  93.59, T l:  0.2465 | Val e:  89.36 , Val l: 0.6766 | Test e:  67.69 
| Epoch   65 | Train e:  93.70, T l:  0.2399 | Val e:  86.83 , Val l: 0.9293 | Test e:  68.33 
| Epoch   66 | Train e:  93.72, T l:  0.2361 | Val e:  86.02 , Val l: 1.1983 | Test e:  68.33 
| Epoch   67 | Train e:  93.91, T l:  0.2241 | Val e:  86.43 , Val l: 1.1129 | Test e:  68.77 
| Epoch   68 | Train e:  93.32, T l:  0.2441 | Val e:  83.47 , Val l: 1.4187 | Test e:  67.66 
| Epoch   69 | Train e:  94.12, T l:  0.2202 | Val e:  88.96 , Val l: 0.8509 | Test e:  68.33 
| Epoch   70 | Train e:  94.43, T l:  0.2248 | Val e:  86.33 , Val l: 1.0313 | Test e:  68.50 
| Epoch   71 | Train e:  93.92, T l:  0.2104 | Val e:  81.16 , Val l: 1.6800 | Test e:  67.32 
| Epoch   72 | Train e:  94.35, T l:  0.2304 | Val e:  85.09 , Val l: 1.3997 | Test e:  68.13 
| Epoch   73 | Train e:  94.31, T l:  0.2118 | Val e:  89.51 , Val l: 0.6802 | Test e:  68.19 
| Epoch   74 | Train e:  94.55, T l:  0.2088 | Val e:  83.05 , Val l: 1.2873 | Test e:  67.44 
| Epoch   75 | Train e:  94.85, T l:  0.2170 | Val e:  86.38 , Val l: 1.0595 | Test e:  67.75 
| Epoch   76 | Train e:  95.07, T l:  0.2147 | Val e:  86.89 , Val l: 0.9886 | Test e:  68.47 
| Epoch   77 | Train e:  94.95, T l:  0.2043 | Val e:  86.44 , Val l: 0.9714 | Test e:  68.06 
| Epoch   78 | Train e:  94.42, T l:  0.1921 | Val e:  78.85 , Val l: 2.4591 | Test e:  66.38 
| Epoch   79 | Train e:  95.51, T l:  0.2167 | Val e:  83.12 , Val l: 1.1877 | Test e:  68.16 
| Epoch   80 | Train e:  95.40, T l:  0.2100 | Val e:  88.02 , Val l: 0.8292 | Test e:  68.88 
| Epoch   81 | Train e:  95.46, T l:  0.1969 | Val e:  88.25 , Val l: 0.8037 | Test e:  68.25 
| Epoch   82 | Train e:  95.61, T l:  0.2031 | Val e:  88.84 , Val l: 0.7588 | Test e:  68.69 
| Epoch   83 | Train e:  95.49, T l:  0.2158 | Val e:  88.08 , Val l: 0.8773 | Test e:  69.52 
| Epoch   84 | Train e:  95.63, T l:  0.2048 | Val e:  86.32 , Val l: 1.1082 | Test e:  67.84 
| Epoch   85 | Train e:  94.97, T l:  0.1928 | Val e:  85.84 , Val l: 1.1130 | Test e:  66.15 
| Epoch   86 | Train e:  95.47, T l:  0.2127 | Val e:  90.05 , Val l: 0.7360 | Test e:  67.75 
| Epoch   87 | Train e:  95.82, T l:  0.1999 | Val e:  84.80 , Val l: 1.3467 | Test e:  67.52 
| Epoch   88 | Train e:  96.20, T l:  0.2085 | Val e:  87.02 , Val l: 0.9292 | Test e:  68.17 
| Epoch   89 | Train e:  94.96, T l:  0.1931 | Val e:  89.50 , Val l: 0.6263 | Test e:  68.14 
| Epoch   90 | Train e:  96.07, T l:  0.1933 | Val e:  85.81 , Val l: 0.9789 | Test e:  68.07 
| Epoch   91 | Train e:  96.17, T l:  0.2059 | Val e:  85.35 , Val l: 1.1960 | Test e:  67.30 
| Epoch   92 | Train e:  96.18, T l:  0.2130 | Val e:  86.17 , Val l: 1.0596 | Test e:  67.66 
| Epoch   93 | Train e:  96.27, T l:  0.1951 | Val e:  87.56 , Val l: 0.9925 | Test e:  67.85 
| Epoch   94 | Train e:  95.97, T l:  0.1869 | Val e:  78.47 , Val l: 1.9669 | Test e:  65.64 
| Epoch   95 | Train e:  96.46, T l:  0.1879 | Val e:  82.77 , Val l: 1.3227 | Test e:  66.62 
| Epoch   96 | Train e:  94.89, T l:  0.1985 | Val e:  77.21 , Val l: 2.1208 | Test e:  65.57 
| Epoch   97 | Train e:  96.53, T l:  0.1905 | Val e:  86.92 , Val l: 0.9722 | Test e:  67.29 
| Epoch   98 | Train e:  96.41, T l:  0.1860 | Val e:  84.65 , Val l: 1.3850 | Test e:  65.76 
| Epoch   99 | Train e:  96.74, T l:  0.2014 | Val e:  87.05 , Val l: 0.9429 | Test e:  67.51 
| Epoch  100 | Train e:  96.68, T l:  0.1811 | Val e:  83.99 , Val l: 1.0529 | Test e:  67.43 
| Epoch  101 | Train e:  95.95, T l:  0.1935 | Val e:  81.55 , Val l: 1.6013 | Test e:  66.91 
| Epoch  102 | Train e:  96.73, T l:  0.1756 | Val e:  84.52 , Val l: 1.1308 | Test e:  67.17 
| Epoch  103 | Train e:  96.65, T l:  0.1948 | Val e:  81.26 , Val l: 1.8113 | Test e:  66.74 
| Epoch  104 | Train e:  96.37, T l:  0.1850 | Val e:  85.74 , Val l: 1.0209 | Test e:  68.40 
| Epoch  105 | Train e:  96.46, T l:  0.1833 | Val e:  84.50 , Val l: 1.1070 | Test e:  68.82 
| Epoch  106 | Train e:  96.77, T l:  0.1838 | Val e:  83.11 , Val l: 1.2109 | Test e:  67.74 
| Epoch  107 | Train e:  96.68, T l:  0.1724 | Val e:  83.00 , Val l: 1.6781 | Test e:  66.22 
| Epoch  108 | Train e:  97.00, T l:  0.1764 | Val e:  82.11 , Val l: 1.3678 | Test e:  66.28 
| Epoch  109 | Train e:  97.18, T l:  0.1719 | Val e:  85.73 , Val l: 1.0622 | Test e:  66.65 
| Epoch  110 | Train e:  96.95, T l:  0.1652 | Val e:  85.93 , Val l: 0.9229 | Test e:  66.37 
| Epoch  111 | Train e:  97.12, T l:  0.1688 | Val e:  80.34 , Val l: 1.6887 | Test e:  65.32 
| Epoch  112 | Train e:  97.10, T l:  0.1760 | Val e:  84.88 , Val l: 1.1816 | Test e:  67.02 
| Epoch  113 | Train e:  96.90, T l:  0.1615 | Val e:  74.82 , Val l: 2.2009 | Test e:  64.75 
| Epoch  114 | Train e:  97.15, T l:  0.1791 | Val e:  84.45 , Val l: 1.2520 | Test e:  65.66 
| Epoch  115 | Train e:  97.15, T l:  0.1671 | Val e:  83.07 , Val l: 1.4257 | Test e:  65.27 
| Epoch  116 | Train e:  97.46, T l:  0.1760 | Val e:  85.90 , Val l: 1.2201 | Test e:  65.23 
| Epoch  117 | Train e:  96.26, T l:  0.1663 | Val e:  85.45 , Val l: 0.8130 | Test e:  67.75 
| Epoch  118 | Train e:  97.47, T l:  0.1723 | Val e:  88.70 , Val l: 0.8479 | Test e:  66.90 
| Epoch  119 | Train e:  97.43, T l:  0.1724 | Val e:  84.57 , Val l: 1.4047 | Test e:  66.17 
| Epoch  120 | Train e:  97.20, T l:  0.1668 | Val e:  80.89 , Val l: 1.5279 | Test e:  65.60 
| Epoch  121 | Train e:  97.27, T l:  0.1808 | Val e:  87.81 , Val l: 0.9537 | Test e:  67.48 
| Epoch  122 | Train e:  97.23, T l:  0.1706 | Val e:  88.78 , Val l: 0.8817 | Test e:  67.01 
| Epoch  123 | Train e:  97.65, T l:  0.1683 | Val e:  88.11 , Val l: 0.8510 | Test e:  66.46 
| Epoch  124 | Train e:  96.21, T l:  0.1759 | Val e:  84.81 , Val l: 0.9286 | Test e:  67.62 
| Epoch  125 | Train e:  97.38, T l:  0.1695 | Val e:  83.08 , Val l: 1.2640 | Test e:  66.49 
| Epoch  126 | Train e:  97.15, T l:  0.1624 | Val e:  87.36 , Val l: 1.0186 | Test e:  66.16 
| Epoch  127 | Train e:  96.81, T l:  0.1660 | Val e:  83.58 , Val l: 1.1866 | Test e:  66.67 
| Epoch  128 | Train e:  97.61, T l:  0.1587 | Val e:  84.07 , Val l: 1.3835 | Test e:  65.86 
| Epoch  129 | Train e:  97.69, T l:  0.1706 | Val e:  81.80 , Val l: 1.4153 | Test e:  65.32 
| Epoch  130 | Train e:  97.60, T l:  0.1616 | Val e:  83.32 , Val l: 1.4295 | Test e:  66.03 
| Epoch  131 | Train e:  97.77, T l:  0.1649 | Val e:  82.10 , Val l: 1.3177 | Test e:  65.85 
| Epoch  132 | Train e:  97.69, T l:  0.1590 | Val e:  83.45 , Val l: 1.4566 | Test e:  66.05 
| Epoch  133 | Train e:  97.07, T l:  0.1613 | Val e:  77.42 , Val l: 1.7312 | Test e:  64.76 
| Epoch  134 | Train e:  97.78, T l:  0.1592 | Val e:  84.25 , Val l: 1.2453 | Test e:  66.08 
| Epoch  135 | Train e:  97.01, T l:  0.1636 | Val e:  80.98 , Val l: 1.5386 | Test e:  66.02 
| Epoch  136 | Train e:  97.63, T l:  0.1572 | Val e:  81.36 , Val l: 1.5736 | Test e:  65.63 
| Epoch  137 | Train e:  97.91, T l:  0.1480 | Val e:  84.78 , Val l: 1.2485 | Test e:  65.23 
| Epoch  138 | Train e:  97.74, T l:  0.1498 | Val e:  84.87 , Val l: 1.1836 | Test e:  65.89 
| Epoch  139 | Train e:  97.78, T l:  0.1510 | Val e:  82.13 , Val l: 1.5075 | Test e:  65.23 
| Epoch  140 | Train e:  97.53, T l:  0.1577 | Val e:  74.97 , Val l: 1.8662 | Test e:  64.46 
| Epoch  141 | Train e:  97.39, T l:  0.1602 | Val e:  85.72 , Val l: 1.0467 | Test e:  65.57 
| Epoch  142 | Train e:  96.75, T l:  0.1621 | Val e:  87.88 , Val l: 0.7745 | Test e:  67.94 
| Epoch  143 | Train e:  97.51, T l:  0.1708 | Val e:  83.94 , Val l: 1.1816 | Test e:  66.18 
| Epoch  144 | Train e:  97.60, T l:  0.1615 | Val e:  82.72 , Val l: 1.2352 | Test e:  65.81 
| Epoch  145 | Train e:  97.55, T l:  0.1595 | Val e:  83.22 , Val l: 1.2333 | Test e:  65.35 
| Epoch  146 | Train e:  97.75, T l:  0.1436 | Val e:  85.36 , Val l: 1.1044 | Test e:  65.48 
| Epoch  147 | Train e:  97.74, T l:  0.1536 | Val e:  85.03 , Val l: 1.2508 | Test e:  66.19 
| Epoch  148 | Train e:  97.82, T l:  0.1475 | Val e:  81.37 , Val l: 1.4205 | Test e:  64.81 
| Epoch  149 | Train e:  98.09, T l:  0.1455 | Val e:  76.99 , Val l: 1.8289 | Test e:  64.63 
| Epoch  150 | Train e:  97.72, T l:  0.1526 | Val e:  83.69 , Val l: 1.2427 | Test e:  64.72 
| Epoch  151 | Train e:  97.63, T l:  0.1484 | Val e:  82.24 , Val l: 1.1958 | Test e:  65.08 
| Epoch  152 | Train e:  98.00, T l:  0.1477 | Val e:  86.30 , Val l: 1.0110 | Test e:  65.65 
| Epoch  153 | Train e:  98.04, T l:  0.1452 | Val e:  82.08 , Val l: 1.3206 | Test e:  64.98 
| Epoch  154 | Train e:  97.63, T l:  0.1419 | Val e:  81.81 , Val l: 1.3684 | Test e:  65.05 
| Epoch  155 | Train e:  97.80, T l:  0.1453 | Val e:  80.68 , Val l: 1.7690 | Test e:  64.71 
| Epoch  156 | Train e:  97.89, T l:  0.1397 | Val e:  85.05 , Val l: 1.0144 | Test e:  65.61 
| Epoch  157 | Train e:  97.50, T l:  0.1393 | Val e:  84.47 , Val l: 1.1694 | Test e:  66.00 
| Epoch  158 | Train e:  98.18, T l:  0.1409 | Val e:  82.18 , Val l: 1.3647 | Test e:  65.21 
| Epoch  159 | Train e:  97.99, T l:  0.1351 | Val e:  84.37 , Val l: 1.0672 | Test e:  65.29 
| Epoch  160 | Train e:  98.17, T l:  0.1424 | Val e:  82.65 , Val l: 1.5847 | Test e:  65.01 
| Epoch  161 | Train e:  97.87, T l:  0.1407 | Val e:  85.04 , Val l: 1.1083 | Test e:  65.13 
| Epoch  162 | Train e:  98.15, T l:  0.1362 | Val e:  84.56 , Val l: 1.0730 | Test e:  65.00 
| Epoch  163 | Train e:  98.19, T l:  0.1379 | Val e:  82.58 , Val l: 1.3635 | Test e:  64.18 
| Epoch  164 | Train e:  98.14, T l:  0.1455 | Val e:  82.84 , Val l: 1.3358 | Test e:  64.58 
| Epoch  165 | Train e:  98.05, T l:  0.1422 | Val e:  83.21 , Val l: 1.2492 | Test e:  64.76 
| Epoch  166 | Train e:  98.28, T l:  0.1448 | Val e:  80.77 , Val l: 1.5700 | Test e:  64.46 
| Epoch  167 | Train e:  98.04, T l:  0.1477 | Val e:  79.48 , Val l: 1.7478 | Test e:  64.99 
| Epoch  168 | Train e:  98.08, T l:  0.1426 | Val e:  85.62 , Val l: 0.9921 | Test e:  64.99 
| Epoch  169 | Train e:  97.87, T l:  0.1340 | Val e:  82.13 , Val l: 1.3336 | Test e:  64.41 
| Epoch  170 | Train e:  98.47, T l:  0.1399 | Val e:  81.61 , Val l: 1.5835 | Test e:  64.34 
| Epoch  171 | Train e:  98.23, T l:  0.1443 | Val e:  82.30 , Val l: 1.4183 | Test e:  64.81 
| Epoch  172 | Train e:  98.47, T l:  0.1291 | Val e:  82.52 , Val l: 1.3969 | Test e:  64.00 
| Epoch  173 | Train e:  98.23, T l:  0.1342 | Val e:  83.76 , Val l: 1.1912 | Test e:  64.67 
| Epoch  174 | Train e:  97.92, T l:  0.1428 | Val e:  80.23 , Val l: 1.4540 | Test e:  64.12 
| Epoch  175 | Train e:  98.30, T l:  0.1367 | Val e:  82.95 , Val l: 1.2915 | Test e:  65.06 
| Epoch  176 | Train e:  98.35, T l:  0.1414 | Val e:  81.64 , Val l: 1.4134 | Test e:  64.60 
| Epoch  177 | Train e:  98.37, T l:  0.1356 | Val e:  84.38 , Val l: 1.1702 | Test e:  64.51 
| Epoch  178 | Train e:  98.23, T l:  0.1339 | Val e:  83.36 , Val l: 1.2173 | Test e:  64.58 
| Epoch  179 | Train e:  98.17, T l:  0.1364 | Val e:  81.95 , Val l: 1.2881 | Test e:  64.54 
| Epoch  180 | Train e:  97.89, T l:  0.1342 | Val e:  84.99 , Val l: 1.0050 | Test e:  64.58 
| Epoch  181 | Train e:  98.38, T l:  0.1365 | Val e:  81.98 , Val l: 1.5120 | Test e:  64.39 
| Epoch  182 | Train e:  98.43, T l:  0.1415 | Val e:  80.48 , Val l: 1.6110 | Test e:  64.54 
| Epoch  183 | Train e:  97.69, T l:  0.1461 | Val e:  80.98 , Val l: 1.2764 | Test e:  64.77 
| Epoch  184 | Train e:  98.43, T l:  0.1290 | Val e:  83.82 , Val l: 1.2814 | Test e:  64.78 
| Epoch  185 | Train e:  98.41, T l:  0.1424 | Val e:  80.88 , Val l: 1.6187 | Test e:  64.54 
| Epoch  186 | Train e:  98.26, T l:  0.1295 | Val e:  84.90 , Val l: 1.0749 | Test e:  64.98 
| Epoch  187 | Train e:  98.16, T l:  0.1366 | Val e:  85.38 , Val l: 1.0241 | Test e:  64.85 
| Epoch  188 | Train e:  98.43, T l:  0.1348 | Val e:  83.46 , Val l: 1.3860 | Test e:  64.71 
| Epoch  189 | Train e:  98.29, T l:  0.1345 | Val e:  82.78 , Val l: 1.2949 | Test e:  64.58 
| Epoch  190 | Train e:  98.47, T l:  0.1256 | Val e:  82.33 , Val l: 1.3777 | Test e:  64.44 
| Epoch  191 | Train e:  98.32, T l:  0.1272 | Val e:  81.63 , Val l: 1.3990 | Test e:  64.40 
| Epoch  192 | Train e:  98.44, T l:  0.1290 | Val e:  83.70 , Val l: 1.2473 | Test e:  64.44 
| Epoch  193 | Train e:  98.33, T l:  0.1323 | Val e:  83.32 , Val l: 1.2883 | Test e:  64.45 
| Epoch  194 | Train e:  98.36, T l:  0.1280 | Val e:  82.32 , Val l: 1.3861 | Test e:  64.31 
| Epoch  195 | Train e:  98.36, T l:  0.1296 | Val e:  83.09 , Val l: 1.2922 | Test e:  64.26 
| Epoch  196 | Train e:  98.29, T l:  0.1326 | Val e:  83.14 , Val l: 1.2657 | Test e:  64.49 
| Epoch  197 | Train e:  98.43, T l:  0.1279 | Val e:  83.50 , Val l: 1.2885 | Test e:  64.42 
| Epoch  198 | Train e:  98.40, T l:  0.1318 | Val e:  83.31 , Val l: 1.3076 | Test e:  64.39 
| Epoch  199 | Train e:  98.40, T l:  0.1273 | Val e:  83.32 , Val l: 1.3123 | Test e:  64.40 
