

===============================================
2022-12-19 10:10:56

main_g.py --batch-size 64 --lr 0.0001 --warmup 50 --scheduler-type linear --seeds 666 --device 0

None

dataset: ogbg-molbbbp
use_node_attr: False
pre_transform: None
transform: None
clean_cache: False
use_public_splits: True
use_val: True
use_val_loss: True
same_best_epoch: False
early_stop: False
scheduler_type: linear
epochs: 200
warmup: 50
batch_size: 64
lr: 0.0001
weight_decay: 0.0001
seeds: 666
save_state: False
transformer_dropout: 0.1



| Epoch    0 | Train e:  63.23, T l:  0.5749 | Val e:  75.64 , Val l: 0.8111 | Test e:  58.19 
| Epoch    1 | Train e:  63.56, T l:  0.5250 | Val e:  76.91 , Val l: 0.9499 | Test e:  58.39 
| Epoch    2 | Train e:  63.89, T l:  0.4659 | Val e:  78.48 , Val l: 1.1521 | Test e:  58.70 
| Epoch    3 | Train e:  64.80, T l:  0.4434 | Val e:  80.23 , Val l: 1.2874 | Test e:  59.28 
| Epoch    4 | Train e:  66.49, T l:  0.4395 | Val e:  82.66 , Val l: 1.3281 | Test e:  60.06 
| Epoch    5 | Train e:  68.63, T l:  0.4353 | Val e:  85.06 , Val l: 1.3329 | Test e:  61.26 
| Epoch    6 | Train e:  70.60, T l:  0.4389 | Val e:  86.58 , Val l: 1.3243 | Test e:  62.50 
| Epoch    7 | Train e:  72.03, T l:  0.4379 | Val e:  87.52 , Val l: 1.3067 | Test e:  63.07 
| Epoch    8 | Train e:  73.17, T l:  0.4363 | Val e:  88.06 , Val l: 1.2968 | Test e:  63.49 
| Epoch    9 | Train e:  73.71, T l:  0.4340 | Val e:  87.75 , Val l: 1.2826 | Test e:  63.31 
| Epoch   10 | Train e:  73.83, T l:  0.4292 | Val e:  87.13 , Val l: 1.3018 | Test e:  62.65 
| Epoch   11 | Train e:  74.40, T l:  0.4264 | Val e:  87.39 , Val l: 1.2677 | Test e:  63.11 
| Epoch   12 | Train e:  74.65, T l:  0.4203 | Val e:  87.40 , Val l: 1.2318 | Test e:  63.13 
| Epoch   13 | Train e:  75.44, T l:  0.4168 | Val e:  87.86 , Val l: 1.2473 | Test e:  63.61 
| Epoch   14 | Train e:  76.23, T l:  0.4095 | Val e:  88.33 , Val l: 1.1189 | Test e:  64.11 
| Epoch   15 | Train e:  76.73, T l:  0.4119 | Val e:  88.71 , Val l: 1.1521 | Test e:  64.50 
| Epoch   16 | Train e:  77.87, T l:  0.4084 | Val e:  89.06 , Val l: 1.1277 | Test e:  64.75 
| Epoch   17 | Train e:  78.79, T l:  0.4011 | Val e:  89.47 , Val l: 1.0702 | Test e:  65.09 
| Epoch   18 | Train e:  80.12, T l:  0.3936 | Val e:  89.90 , Val l: 0.8453 | Test e:  65.59 
| Epoch   19 | Train e:  80.48, T l:  0.3838 | Val e:  89.95 , Val l: 0.7583 | Test e:  65.68 
| Epoch   20 | Train e:  81.18, T l:  0.3741 | Val e:  90.00 , Val l: 0.8267 | Test e:  65.61 
| Epoch   21 | Train e:  81.93, T l:  0.3667 | Val e:  90.19 , Val l: 0.9313 | Test e:  65.74 
| Epoch   22 | Train e:  82.51, T l:  0.3615 | Val e:  90.16 , Val l: 0.8414 | Test e:  65.73 
| Epoch   23 | Train e:  83.04, T l:  0.3574 | Val e:  90.24 , Val l: 0.7431 | Test e:  65.66 
| Epoch   24 | Train e:  83.49, T l:  0.3411 | Val e:  90.39 , Val l: 0.6780 | Test e:  65.42 
| Epoch   25 | Train e:  83.94, T l:  0.3367 | Val e:  90.59 , Val l: 0.6309 | Test e:  65.56 
| Epoch   26 | Train e:  84.40, T l:  0.3385 | Val e:  90.65 , Val l: 0.6646 | Test e:  65.49 
| Epoch   27 | Train e:  84.90, T l:  0.3337 | Val e:  90.65 , Val l: 0.6429 | Test e:  65.45 
| Epoch   28 | Train e:  85.44, T l:  0.3367 | Val e:  90.94 , Val l: 0.7719 | Test e:  65.97 
| Epoch   29 | Train e:  85.74, T l:  0.3302 | Val e:  91.19 , Val l: 0.8106 | Test e:  65.72 
| Epoch   30 | Train e:  86.19, T l:  0.3273 | Val e:  91.11 , Val l: 0.6040 | Test e:  65.88 
| Epoch   31 | Train e:  86.75, T l:  0.3186 | Val e:  91.22 , Val l: 0.6076 | Test e:  65.90 
| Epoch   32 | Train e:  86.97, T l:  0.3215 | Val e:  91.27 , Val l: 0.6238 | Test e:  66.18 
| Epoch   33 | Train e:  87.66, T l:  0.3124 | Val e:  90.94 , Val l: 0.7836 | Test e:  65.66 
| Epoch   34 | Train e:  87.81, T l:  0.3090 | Val e:  91.12 , Val l: 0.4823 | Test e:  66.08 
| Epoch   35 | Train e:  88.34, T l:  0.3073 | Val e:  90.93 , Val l: 0.9267 | Test e:  66.05 
| Epoch   36 | Train e:  88.42, T l:  0.3033 | Val e:  91.29 , Val l: 0.5326 | Test e:  65.81 
| Epoch   37 | Train e:  88.58, T l:  0.2938 | Val e:  91.18 , Val l: 0.5057 | Test e:  65.39 
| Epoch   38 | Train e:  89.26, T l:  0.2929 | Val e:  91.36 , Val l: 0.5904 | Test e:  65.45 
| Epoch   39 | Train e:  89.31, T l:  0.2973 | Val e:  91.49 , Val l: 0.5991 | Test e:  65.22 
| Epoch   40 | Train e:  89.38, T l:  0.3030 | Val e:  90.77 , Val l: 0.8405 | Test e:  66.21 
| Epoch   41 | Train e:  89.63, T l:  0.2888 | Val e:  91.56 , Val l: 0.5028 | Test e:  65.16 
| Epoch   42 | Train e:  89.86, T l:  0.2970 | Val e:  91.46 , Val l: 0.4877 | Test e:  65.69 
| Epoch   43 | Train e:  90.14, T l:  0.3145 | Val e:  91.27 , Val l: 0.6560 | Test e:  65.60 
| Epoch   44 | Train e:  89.80, T l:  0.2777 | Val e:  91.35 , Val l: 0.4981 | Test e:  65.24 
| Epoch   45 | Train e:  90.32, T l:  0.2804 | Val e:  91.63 , Val l: 0.4828 | Test e:  65.03 
| Epoch   46 | Train e:  90.59, T l:  0.2834 | Val e:  91.68 , Val l: 0.5685 | Test e:  65.36 
| Epoch   47 | Train e:  90.95, T l:  0.2886 | Val e:  91.02 , Val l: 0.7302 | Test e:  65.79 
| Epoch   48 | Train e:  90.82, T l:  0.2707 | Val e:  91.58 , Val l: 0.5696 | Test e:  65.16 
| Epoch   49 | Train e:  91.11, T l:  0.2602 | Val e:  91.57 , Val l: 0.5728 | Test e:  64.93 
| Epoch   50 | Train e:  91.19, T l:  0.2653 | Val e:  91.60 , Val l: 0.5032 | Test e:  64.85 
| Epoch   51 | Train e:  91.52, T l:  0.2816 | Val e:  90.84 , Val l: 0.9093 | Test e:  66.12 
| Epoch   52 | Train e:  91.54, T l:  0.2724 | Val e:  91.70 , Val l: 0.5346 | Test e:  65.59 
| Epoch   53 | Train e:  92.02, T l:  0.2564 | Val e:  91.45 , Val l: 0.6834 | Test e:  65.91 
| Epoch   54 | Train e:  91.88, T l:  0.2533 | Val e:  91.09 , Val l: 0.6236 | Test e:  64.94 
| Epoch   55 | Train e:  92.11, T l:  0.2628 | Val e:  91.34 , Val l: 0.7470 | Test e:  66.24 
| Epoch   56 | Train e:  92.27, T l:  0.2620 | Val e:  91.63 , Val l: 0.6323 | Test e:  66.23 
| Epoch   57 | Train e:  92.38, T l:  0.2521 | Val e:  91.30 , Val l: 0.5494 | Test e:  65.61 
| Epoch   58 | Train e:  92.52, T l:  0.2505 | Val e:  91.56 , Val l: 0.5286 | Test e:  65.26 
| Epoch   59 | Train e:  92.75, T l:  0.2417 | Val e:  91.46 , Val l: 0.6924 | Test e:  65.75 
| Epoch   60 | Train e:  92.82, T l:  0.2555 | Val e:  91.51 , Val l: 0.5882 | Test e:  66.02 
| Epoch   61 | Train e:  92.65, T l:  0.2530 | Val e:  92.02 , Val l: 0.4504 | Test e:  64.85 
| Epoch   62 | Train e:  92.85, T l:  0.2674 | Val e:  91.39 , Val l: 0.6011 | Test e:  66.32 
| Epoch   63 | Train e:  92.91, T l:  0.2619 | Val e:  91.57 , Val l: 0.5577 | Test e:  66.15 
| Epoch   64 | Train e:  92.98, T l:  0.2374 | Val e:  91.63 , Val l: 0.5856 | Test e:  65.75 
| Epoch   65 | Train e:  93.19, T l:  0.2396 | Val e:  91.85 , Val l: 0.5540 | Test e:  66.10 
| Epoch   66 | Train e:  92.94, T l:  0.2360 | Val e:  92.03 , Val l: 0.3953 | Test e:  65.19 
| Epoch   67 | Train e:  93.35, T l:  0.2565 | Val e:  92.28 , Val l: 0.4975 | Test e:  66.50 
| Epoch   68 | Train e:  93.41, T l:  0.2391 | Val e:  91.39 , Val l: 0.6175 | Test e:  66.21 
| Epoch   69 | Train e:  93.40, T l:  0.2338 | Val e:  91.85 , Val l: 0.5285 | Test e:  66.00 
| Epoch   70 | Train e:  93.72, T l:  0.2286 | Val e:  92.00 , Val l: 0.6343 | Test e:  66.30 
| Epoch   71 | Train e:  93.75, T l:  0.2435 | Val e:  91.92 , Val l: 0.6267 | Test e:  66.54 
| Epoch   72 | Train e:  93.74, T l:  0.2409 | Val e:  91.68 , Val l: 0.5790 | Test e:  66.18 
| Epoch   73 | Train e:  93.84, T l:  0.2367 | Val e:  91.86 , Val l: 0.5194 | Test e:  66.30 
| Epoch   74 | Train e:  93.94, T l:  0.2271 | Val e:  92.40 , Val l: 0.4352 | Test e:  66.42 
| Epoch   75 | Train e:  94.11, T l:  0.2257 | Val e:  92.23 , Val l: 0.5180 | Test e:  66.21 
| Epoch   76 | Train e:  93.95, T l:  0.2326 | Val e:  91.90 , Val l: 0.5121 | Test e:  65.78 
| Epoch   77 | Train e:  93.83, T l:  0.2349 | Val e:  91.60 , Val l: 0.4295 | Test e:  65.68 
| Epoch   78 | Train e:  94.27, T l:  0.2402 | Val e:  91.89 , Val l: 0.5874 | Test e:  66.64 
| Epoch   79 | Train e:  94.26, T l:  0.2270 | Val e:  91.82 , Val l: 0.5911 | Test e:  67.03 
| Epoch   80 | Train e:  94.43, T l:  0.2220 | Val e:  91.67 , Val l: 0.6120 | Test e:  67.27 
| Epoch   81 | Train e:  94.42, T l:  0.2190 | Val e:  92.52 , Val l: 0.4823 | Test e:  67.22 
| Epoch   82 | Train e:  94.62, T l:  0.2224 | Val e:  92.27 , Val l: 0.4637 | Test e:  66.96 
| Epoch   83 | Train e:  94.52, T l:  0.2264 | Val e:  92.57 , Val l: 0.5101 | Test e:  67.24 
| Epoch   84 | Train e:  94.73, T l:  0.2313 | Val e:  92.29 , Val l: 0.5217 | Test e:  67.26 
| Epoch   85 | Train e:  94.01, T l:  0.2278 | Val e:  91.25 , Val l: 0.7361 | Test e:  67.79 
| Epoch   86 | Train e:  94.52, T l:  0.2347 | Val e:  92.33 , Val l: 0.4746 | Test e:  67.56 
| Epoch   87 | Train e:  94.72, T l:  0.2168 | Val e:  92.37 , Val l: 0.4935 | Test e:  67.58 
| Epoch   88 | Train e:  94.80, T l:  0.2127 | Val e:  92.20 , Val l: 0.5242 | Test e:  67.13 
| Epoch   89 | Train e:  94.81, T l:  0.2147 | Val e:  92.51 , Val l: 0.4744 | Test e:  67.64 
| Epoch   90 | Train e:  94.58, T l:  0.2154 | Val e:  91.74 , Val l: 0.7392 | Test e:  68.05 
| Epoch   91 | Train e:  94.81, T l:  0.2316 | Val e:  91.56 , Val l: 0.6314 | Test e:  68.47 
| Epoch   92 | Train e:  94.81, T l:  0.2116 | Val e:  92.06 , Val l: 0.4696 | Test e:  67.83 
| Epoch   93 | Train e:  95.03, T l:  0.2122 | Val e:  92.15 , Val l: 0.5425 | Test e:  68.07 
| Epoch   94 | Train e:  95.12, T l:  0.2077 | Val e:  92.38 , Val l: 0.5590 | Test e:  67.94 
| Epoch   95 | Train e:  95.04, T l:  0.2031 | Val e:  92.74 , Val l: 0.4534 | Test e:  67.43 
| Epoch   96 | Train e:  95.14, T l:  0.2079 | Val e:  92.14 , Val l: 0.4869 | Test e:  68.16 
| Epoch   97 | Train e:  95.14, T l:  0.2048 | Val e:  92.73 , Val l: 0.4539 | Test e:  67.95 
| Epoch   98 | Train e:  95.39, T l:  0.2020 | Val e:  92.56 , Val l: 0.4720 | Test e:  67.98 
| Epoch   99 | Train e:  95.30, T l:  0.2146 | Val e:  92.73 , Val l: 0.4350 | Test e:  67.84 
| Epoch  100 | Train e:  95.39, T l:  0.2144 | Val e:  92.91 , Val l: 0.5100 | Test e:  68.23 
| Epoch  101 | Train e:  95.50, T l:  0.1993 | Val e:  92.91 , Val l: 0.4166 | Test e:  67.80 
| Epoch  102 | Train e:  95.41, T l:  0.2101 | Val e:  92.33 , Val l: 0.6467 | Test e:  69.09 
| Epoch  103 | Train e:  95.43, T l:  0.2032 | Val e:  92.75 , Val l: 0.4081 | Test e:  67.70 
| Epoch  104 | Train e:  95.44, T l:  0.2068 | Val e:  92.73 , Val l: 0.4416 | Test e:  68.09 
| Epoch  105 | Train e:  95.49, T l:  0.2054 | Val e:  92.92 , Val l: 0.3972 | Test e:  67.42 
| Epoch  106 | Train e:  95.28, T l:  0.2200 | Val e:  91.42 , Val l: 0.6708 | Test e:  69.49 
| Epoch  107 | Train e:  95.50, T l:  0.2070 | Val e:  92.46 , Val l: 0.6407 | Test e:  68.89 
| Epoch  108 | Train e:  95.36, T l:  0.2111 | Val e:  92.09 , Val l: 0.4488 | Test e:  68.30 
| Epoch  109 | Train e:  95.45, T l:  0.2063 | Val e:  93.05 , Val l: 0.4862 | Test e:  68.37 
| Epoch  110 | Train e:  95.54, T l:  0.2096 | Val e:  92.54 , Val l: 0.4573 | Test e:  68.19 
| Epoch  111 | Train e:  95.59, T l:  0.2042 | Val e:  92.80 , Val l: 0.5419 | Test e:  68.51 
| Epoch  112 | Train e:  95.62, T l:  0.1995 | Val e:  92.96 , Val l: 0.4639 | Test e:  68.24 
| Epoch  113 | Train e:  95.69, T l:  0.1988 | Val e:  92.80 , Val l: 0.4683 | Test e:  67.68 
| Epoch  114 | Train e:  95.38, T l:  0.2056 | Val e:  92.36 , Val l: 0.6567 | Test e:  68.36 
| Epoch  115 | Train e:  95.74, T l:  0.1988 | Val e:  93.10 , Val l: 0.5475 | Test e:  69.02 
| Epoch  116 | Train e:  95.69, T l:  0.1951 | Val e:  92.81 , Val l: 0.4558 | Test e:  68.80 
| Epoch  117 | Train e:  95.71, T l:  0.2021 | Val e:  92.41 , Val l: 0.6232 | Test e:  68.78 
| Epoch  118 | Train e:  95.84, T l:  0.1957 | Val e:  93.09 , Val l: 0.4650 | Test e:  68.72 
| Epoch  119 | Train e:  95.89, T l:  0.1871 | Val e:  92.90 , Val l: 0.4667 | Test e:  68.67 
| Epoch  120 | Train e:  95.99, T l:  0.1932 | Val e:  92.96 , Val l: 0.4259 | Test e:  68.24 
| Epoch  121 | Train e:  95.94, T l:  0.1980 | Val e:  92.67 , Val l: 0.4870 | Test e:  68.53 
| Epoch  122 | Train e:  95.94, T l:  0.2042 | Val e:  92.62 , Val l: 0.4897 | Test e:  68.85 
| Epoch  123 | Train e:  96.01, T l:  0.1890 | Val e:  92.74 , Val l: 0.4929 | Test e:  68.95 
| Epoch  124 | Train e:  95.98, T l:  0.1965 | Val e:  92.38 , Val l: 0.4860 | Test e:  68.77 
| Epoch  125 | Train e:  96.00, T l:  0.1945 | Val e:  93.11 , Val l: 0.5440 | Test e:  69.44 
| Epoch  126 | Train e:  95.95, T l:  0.1952 | Val e:  92.84 , Val l: 0.4134 | Test e:  68.05 
| Epoch  127 | Train e:  96.02, T l:  0.1876 | Val e:  92.72 , Val l: 0.5528 | Test e:  69.57 
| Epoch  128 | Train e:  96.09, T l:  0.1944 | Val e:  93.29 , Val l: 0.4227 | Test e:  69.08 
| Epoch  129 | Train e:  96.08, T l:  0.1899 | Val e:  92.54 , Val l: 0.4985 | Test e:  69.27 
| Epoch  130 | Train e:  96.10, T l:  0.1831 | Val e:  92.84 , Val l: 0.4435 | Test e:  68.89 
| Epoch  131 | Train e:  96.15, T l:  0.1861 | Val e:  92.84 , Val l: 0.4570 | Test e:  69.16 
| Epoch  132 | Train e:  96.18, T l:  0.1871 | Val e:  92.69 , Val l: 0.4239 | Test e:  68.76 
| Epoch  133 | Train e:  96.01, T l:  0.1917 | Val e:  92.44 , Val l: 0.5855 | Test e:  69.19 
| Epoch  134 | Train e:  96.16, T l:  0.1869 | Val e:  92.67 , Val l: 0.3873 | Test e:  67.93 
| Epoch  135 | Train e:  96.23, T l:  0.1950 | Val e:  92.89 , Val l: 0.6042 | Test e:  69.16 
| Epoch  136 | Train e:  96.24, T l:  0.1878 | Val e:  93.12 , Val l: 0.4285 | Test e:  69.03 
| Epoch  137 | Train e:  96.14, T l:  0.1790 | Val e:  92.59 , Val l: 0.6337 | Test e:  69.10 
| Epoch  138 | Train e:  96.30, T l:  0.1884 | Val e:  92.58 , Val l: 0.4723 | Test e:  69.19 
| Epoch  139 | Train e:  96.26, T l:  0.1877 | Val e:  92.93 , Val l: 0.4828 | Test e:  69.70 
| Epoch  140 | Train e:  96.32, T l:  0.1828 | Val e:  92.62 , Val l: 0.5223 | Test e:  69.73 
| Epoch  141 | Train e:  96.30, T l:  0.1745 | Val e:  93.01 , Val l: 0.4065 | Test e:  69.08 
| Epoch  142 | Train e:  96.38, T l:  0.1845 | Val e:  92.46 , Val l: 0.4571 | Test e:  69.58 
| Epoch  143 | Train e:  96.37, T l:  0.1826 | Val e:  92.32 , Val l: 0.5742 | Test e:  69.79 
| Epoch  144 | Train e:  96.45, T l:  0.1774 | Val e:  92.98 , Val l: 0.4511 | Test e:  69.33 
| Epoch  145 | Train e:  96.23, T l:  0.1810 | Val e:  92.16 , Val l: 0.6086 | Test e:  69.65 
| Epoch  146 | Train e:  96.40, T l:  0.2059 | Val e:  92.71 , Val l: 0.4171 | Test e:  68.77 
| Epoch  147 | Train e:  96.40, T l:  0.1805 | Val e:  92.91 , Val l: 0.5201 | Test e:  69.17 
| Epoch  148 | Train e:  96.43, T l:  0.1865 | Val e:  93.09 , Val l: 0.4597 | Test e:  69.35 
| Epoch  149 | Train e:  96.51, T l:  0.1854 | Val e:  92.96 , Val l: 0.4838 | Test e:  69.40 
| Epoch  150 | Train e:  96.51, T l:  0.1863 | Val e:  93.00 , Val l: 0.4491 | Test e:  69.50 
| Epoch  151 | Train e:  96.48, T l:  0.1819 | Val e:  92.76 , Val l: 0.4930 | Test e:  69.70 
| Epoch  152 | Train e:  96.49, T l:  0.1758 | Val e:  92.76 , Val l: 0.4456 | Test e:  68.92 
| Epoch  153 | Train e:  96.56, T l:  0.1799 | Val e:  93.11 , Val l: 0.4262 | Test e:  68.94 
| Epoch  154 | Train e:  96.53, T l:  0.1831 | Val e:  93.01 , Val l: 0.5274 | Test e:  69.58 
| Epoch  155 | Train e:  96.59, T l:  0.1746 | Val e:  93.09 , Val l: 0.4912 | Test e:  69.43 
| Epoch  156 | Train e:  96.62, T l:  0.1764 | Val e:  92.92 , Val l: 0.4579 | Test e:  69.37 
| Epoch  157 | Train e:  96.53, T l:  0.1836 | Val e:  92.99 , Val l: 0.6086 | Test e:  70.05 
| Epoch  158 | Train e:  96.63, T l:  0.1823 | Val e:  92.96 , Val l: 0.4516 | Test e:  69.33 
| Epoch  159 | Train e:  96.61, T l:  0.1823 | Val e:  92.83 , Val l: 0.4793 | Test e:  69.75 
| Epoch  160 | Train e:  96.67, T l:  0.1773 | Val e:  93.01 , Val l: 0.4526 | Test e:  69.38 
| Epoch  161 | Train e:  96.67, T l:  0.1814 | Val e:  92.96 , Val l: 0.4194 | Test e:  69.21 
| Epoch  162 | Train e:  96.67, T l:  0.1723 | Val e:  93.17 , Val l: 0.4301 | Test e:  69.28 
| Epoch  163 | Train e:  96.66, T l:  0.1778 | Val e:  92.69 , Val l: 0.5288 | Test e:  69.27 
| Epoch  164 | Train e:  96.68, T l:  0.1756 | Val e:  92.95 , Val l: 0.4992 | Test e:  69.43 
| Epoch  165 | Train e:  96.68, T l:  0.1728 | Val e:  93.06 , Val l: 0.4382 | Test e:  69.16 
| Epoch  166 | Train e:  96.69, T l:  0.1727 | Val e:  92.73 , Val l: 0.5331 | Test e:  69.27 
| Epoch  167 | Train e:  96.70, T l:  0.1729 | Val e:  92.98 , Val l: 0.5614 | Test e:  69.49 
| Epoch  168 | Train e:  96.64, T l:  0.1789 | Val e:  92.89 , Val l: 0.5333 | Test e:  69.55 
| Epoch  169 | Train e:  96.76, T l:  0.1746 | Val e:  93.03 , Val l: 0.5049 | Test e:  69.05 
| Epoch  170 | Train e:  96.73, T l:  0.1815 | Val e:  92.82 , Val l: 0.4992 | Test e:  69.14 
| Epoch  171 | Train e:  96.72, T l:  0.1717 | Val e:  93.26 , Val l: 0.4297 | Test e:  69.76 
| Epoch  172 | Train e:  96.75, T l:  0.1679 | Val e:  92.99 , Val l: 0.4529 | Test e:  69.33 
| Epoch  173 | Train e:  96.72, T l:  0.1782 | Val e:  92.79 , Val l: 0.5151 | Test e:  69.67 
| Epoch  174 | Train e:  96.73, T l:  0.1787 | Val e:  92.91 , Val l: 0.4381 | Test e:  69.66 
| Epoch  175 | Train e:  96.77, T l:  0.1709 | Val e:  92.97 , Val l: 0.4932 | Test e:  69.59 
| Epoch  176 | Train e:  96.77, T l:  0.1703 | Val e:  92.89 , Val l: 0.4966 | Test e:  69.47 
| Epoch  177 | Train e:  96.75, T l:  0.1761 | Val e:  92.83 , Val l: 0.5075 | Test e:  69.39 
| Epoch  178 | Train e:  96.80, T l:  0.1719 | Val e:  92.96 , Val l: 0.4900 | Test e:  69.41 
| Epoch  179 | Train e:  96.77, T l:  0.1769 | Val e:  93.13 , Val l: 0.4429 | Test e:  69.22 
| Epoch  180 | Train e:  96.76, T l:  0.1766 | Val e:  92.89 , Val l: 0.5588 | Test e:  69.17 
| Epoch  181 | Train e:  96.79, T l:  0.1763 | Val e:  92.92 , Val l: 0.5108 | Test e:  69.07 
| Epoch  182 | Train e:  96.80, T l:  0.1749 | Val e:  92.97 , Val l: 0.4971 | Test e:  69.18 
| Epoch  183 | Train e:  96.83, T l:  0.1720 | Val e:  93.07 , Val l: 0.4718 | Test e:  69.06 
| Epoch  184 | Train e:  96.80, T l:  0.1664 | Val e:  92.85 , Val l: 0.5267 | Test e:  69.17 
| Epoch  185 | Train e:  96.82, T l:  0.1685 | Val e:  92.81 , Val l: 0.5145 | Test e:  69.13 
| Epoch  186 | Train e:  96.84, T l:  0.1729 | Val e:  92.80 , Val l: 0.5041 | Test e:  69.31 
| Epoch  187 | Train e:  96.86, T l:  0.1670 | Val e:  92.90 , Val l: 0.4769 | Test e:  69.31 
| Epoch  188 | Train e:  96.85, T l:  0.1688 | Val e:  92.75 , Val l: 0.5102 | Test e:  69.37 
| Epoch  189 | Train e:  96.85, T l:  0.1734 | Val e:  92.85 , Val l: 0.4901 | Test e:  69.47 
| Epoch  190 | Train e:  96.87, T l:  0.1675 | Val e:  92.96 , Val l: 0.4825 | Test e:  69.43 
| Epoch  191 | Train e:  96.85, T l:  0.1675 | Val e:  92.94 , Val l: 0.4699 | Test e:  69.32 
| Epoch  192 | Train e:  96.85, T l:  0.1622 | Val e:  92.89 , Val l: 0.4938 | Test e:  69.48 
| Epoch  193 | Train e:  96.88, T l:  0.1714 | Val e:  92.96 , Val l: 0.4764 | Test e:  69.28 
| Epoch  194 | Train e:  96.89, T l:  0.1767 | Val e:  93.03 , Val l: 0.4735 | Test e:  69.40 
| Epoch  195 | Train e:  96.89, T l:  0.1682 | Val e:  92.97 , Val l: 0.4810 | Test e:  69.30 
| Epoch  196 | Train e:  96.89, T l:  0.1614 | Val e:  93.02 , Val l: 0.4746 | Test e:  69.33 
| Epoch  197 | Train e:  96.88, T l:  0.1722 | Val e:  92.95 , Val l: 0.4886 | Test e:  69.35 
| Epoch  198 | Train e:  96.90, T l:  0.1708 | Val e:  92.96 , Val l: 0.4829 | Test e:  69.37 
| Epoch  199 | Train e:  96.90, T l:  0.1698 | Val e:  92.96 , Val l: 0.4827 | Test e:  69.36 
