

===============================================
2022-07-26 21:12:21

main.py --batch-size 64 --lr 0.0001 --warmup 50 --scheduler-type linear --seeds 2020 --device 1

None

dataset: ogbg-molbbbp
use_node_attr: False
pre_transform: None
transform: None
clean_cache: False
use_public_splits: True
use_val: True
use_val_loss: True
same_best_epoch: False
early_stop: False
scheduler_type: linear
epochs: 200
warmup: 50
batch_size: 64
lr: 0.0001
weight_decay: 0.0001
seeds: 2020
save_state: False



| Epoch    0 | Train e:  49.30, T l:  0.7744 | Val e:  61.04 , Val l: 0.6687 | Test e:  48.69 
| Epoch    1 | Train e:  44.08, T l:  0.6795 | Val e:  64.44 , Val l: 0.7431 | Test e:  47.69 
| Epoch    2 | Train e:  41.16, T l:  0.5518 | Val e:  66.35 , Val l: 0.9797 | Test e:  47.41 
| Epoch    3 | Train e:  41.41, T l:  0.4772 | Val e:  67.16 , Val l: 1.2589 | Test e:  47.04 
| Epoch    4 | Train e:  42.09, T l:  0.4540 | Val e:  68.91 , Val l: 1.4233 | Test e:  47.55 
| Epoch    5 | Train e:  45.40, T l:  0.4451 | Val e:  72.58 , Val l: 1.4953 | Test e:  48.46 
| Epoch    6 | Train e:  53.16, T l:  0.4420 | Val e:  76.24 , Val l: 1.5264 | Test e:  49.97 
| Epoch    7 | Train e:  64.57, T l:  0.4413 | Val e:  82.00 , Val l: 1.5147 | Test e:  54.60 
| Epoch    8 | Train e:  71.49, T l:  0.4377 | Val e:  83.15 , Val l: 1.5464 | Test e:  58.52 
| Epoch    9 | Train e:  73.93, T l:  0.4364 | Val e:  79.40 , Val l: 1.5493 | Test e:  60.29 
| Epoch   10 | Train e:  74.94, T l:  0.4313 | Val e:  75.99 , Val l: 1.5082 | Test e:  61.06 
| Epoch   11 | Train e:  75.69, T l:  0.4290 | Val e:  74.72 , Val l: 1.5185 | Test e:  61.76 
| Epoch   12 | Train e:  75.08, T l:  0.4264 | Val e:  74.86 , Val l: 1.5811 | Test e:  62.19 
| Epoch   13 | Train e:  75.64, T l:  0.4169 | Val e:  73.86 , Val l: 1.5038 | Test e:  62.88 
| Epoch   14 | Train e:  76.12, T l:  0.4070 | Val e:  74.45 , Val l: 1.5663 | Test e:  63.33 
| Epoch   15 | Train e:  77.00, T l:  0.4008 | Val e:  75.27 , Val l: 1.5079 | Test e:  64.11 
| Epoch   16 | Train e:  77.39, T l:  0.3906 | Val e:  76.90 , Val l: 1.5650 | Test e:  64.42 
| Epoch   17 | Train e:  77.83, T l:  0.3871 | Val e:  77.20 , Val l: 1.2593 | Test e:  64.94 
| Epoch   18 | Train e:  78.51, T l:  0.3812 | Val e:  78.44 , Val l: 1.1908 | Test e:  64.90 
| Epoch   19 | Train e:  79.86, T l:  0.3742 | Val e:  79.79 , Val l: 1.2443 | Test e:  65.16 
| Epoch   20 | Train e:  80.90, T l:  0.3642 | Val e:  81.55 , Val l: 1.3841 | Test e:  65.10 
| Epoch   21 | Train e:  81.87, T l:  0.3575 | Val e:  82.75 , Val l: 1.3901 | Test e:  64.95 
| Epoch   22 | Train e:  82.44, T l:  0.3494 | Val e:  83.90 , Val l: 1.4202 | Test e:  64.87 
| Epoch   23 | Train e:  82.82, T l:  0.3476 | Val e:  84.70 , Val l: 1.2161 | Test e:  64.63 
| Epoch   24 | Train e:  83.68, T l:  0.3335 | Val e:  86.06 , Val l: 1.6232 | Test e:  64.73 
| Epoch   25 | Train e:  83.74, T l:  0.3472 | Val e:  85.38 , Val l: 1.0085 | Test e:  64.73 
| Epoch   26 | Train e:  84.78, T l:  0.3273 | Val e:  86.37 , Val l: 1.0854 | Test e:  64.33 
| Epoch   27 | Train e:  84.71, T l:  0.3288 | Val e:  86.57 , Val l: 0.8597 | Test e:  64.35 
| Epoch   28 | Train e:  85.65, T l:  0.3204 | Val e:  87.21 , Val l: 1.1703 | Test e:  63.98 
| Epoch   29 | Train e:  86.58, T l:  0.3210 | Val e:  88.22 , Val l: 1.4826 | Test e:  63.72 
| Epoch   30 | Train e:  85.34, T l:  0.3304 | Val e:  87.29 , Val l: 0.6935 | Test e:  63.57 
| Epoch   31 | Train e:  86.11, T l:  0.3201 | Val e:  88.21 , Val l: 0.7864 | Test e:  63.64 
| Epoch   32 | Train e:  86.68, T l:  0.3129 | Val e:  89.18 , Val l: 0.8976 | Test e:  63.56 
| Epoch   33 | Train e:  86.82, T l:  0.3140 | Val e:  87.58 , Val l: 0.8562 | Test e:  63.21 
| Epoch   34 | Train e:  87.56, T l:  0.3032 | Val e:  88.30 , Val l: 1.1263 | Test e:  63.62 
| Epoch   35 | Train e:  88.06, T l:  0.3081 | Val e:  88.40 , Val l: 1.6351 | Test e:  63.80 
| Epoch   36 | Train e:  87.88, T l:  0.3157 | Val e:  88.58 , Val l: 1.1330 | Test e:  63.90 
| Epoch   37 | Train e:  88.13, T l:  0.2965 | Val e:  88.12 , Val l: 1.0681 | Test e:  63.87 
| Epoch   38 | Train e:  88.31, T l:  0.2999 | Val e:  88.22 , Val l: 0.9640 | Test e:  63.62 
| Epoch   39 | Train e:  88.75, T l:  0.2889 | Val e:  87.34 , Val l: 2.2295 | Test e:  63.50 
| Epoch   40 | Train e:  88.69, T l:  0.3018 | Val e:  88.64 , Val l: 0.9560 | Test e:  64.01 
| Epoch   41 | Train e:  88.97, T l:  0.2840 | Val e:  88.18 , Val l: 1.0452 | Test e:  64.01 
| Epoch   42 | Train e:  88.30, T l:  0.2927 | Val e:  86.63 , Val l: 0.5763 | Test e:  63.24 
| Epoch   43 | Train e:  89.54, T l:  0.3133 | Val e:  88.10 , Val l: 1.0813 | Test e:  64.50 
| Epoch   44 | Train e:  89.32, T l:  0.2706 | Val e:  87.58 , Val l: 0.9027 | Test e:  64.12 
| Epoch   45 | Train e:  89.56, T l:  0.2707 | Val e:  86.85 , Val l: 0.8147 | Test e:  63.99 
| Epoch   46 | Train e:  90.22, T l:  0.2808 | Val e:  87.67 , Val l: 1.3231 | Test e:  64.83 
| Epoch   47 | Train e:  90.32, T l:  0.2772 | Val e:  87.49 , Val l: 1.4492 | Test e:  64.83 
| Epoch   48 | Train e:  90.49, T l:  0.2777 | Val e:  87.56 , Val l: 1.1046 | Test e:  64.78 
| Epoch   49 | Train e:  90.03, T l:  0.2837 | Val e:  88.06 , Val l: 0.7618 | Test e:  65.10 
| Epoch   50 | Train e:  90.72, T l:  0.2688 | Val e:  86.12 , Val l: 1.3874 | Test e:  65.07 
| Epoch   51 | Train e:  90.92, T l:  0.2625 | Val e:  87.31 , Val l: 1.1993 | Test e:  64.99 
| Epoch   52 | Train e:  90.93, T l:  0.2693 | Val e:  87.10 , Val l: 0.8885 | Test e:  65.56 
| Epoch   53 | Train e:  91.09, T l:  0.2828 | Val e:  86.13 , Val l: 0.7765 | Test e:  65.62 
| Epoch   54 | Train e:  90.74, T l:  0.2592 | Val e:  88.53 , Val l: 0.5934 | Test e:  65.53 
| Epoch   55 | Train e:  91.45, T l:  0.2830 | Val e:  86.36 , Val l: 1.3905 | Test e:  66.36 
| Epoch   56 | Train e:  91.73, T l:  0.2705 | Val e:  87.32 , Val l: 0.8580 | Test e:  66.27 
| Epoch   57 | Train e:  91.80, T l:  0.2558 | Val e:  88.28 , Val l: 0.9154 | Test e:  66.20 
| Epoch   58 | Train e:  91.93, T l:  0.2492 | Val e:  86.64 , Val l: 0.9333 | Test e:  66.32 
| Epoch   59 | Train e:  92.19, T l:  0.2544 | Val e:  86.28 , Val l: 0.8767 | Test e:  66.59 
| Epoch   60 | Train e:  92.26, T l:  0.2493 | Val e:  87.88 , Val l: 0.8274 | Test e:  66.86 
| Epoch   61 | Train e:  92.35, T l:  0.2536 | Val e:  84.73 , Val l: 1.3698 | Test e:  66.93 
| Epoch   62 | Train e:  92.62, T l:  0.2434 | Val e:  87.31 , Val l: 0.9159 | Test e:  67.23 
| Epoch   63 | Train e:  92.57, T l:  0.2398 | Val e:  88.45 , Val l: 0.6842 | Test e:  67.11 
| Epoch   64 | Train e:  93.03, T l:  0.2444 | Val e:  89.26 , Val l: 0.6268 | Test e:  67.59 
| Epoch   65 | Train e:  93.57, T l:  0.2425 | Val e:  87.59 , Val l: 0.8315 | Test e:  68.27 
| Epoch   66 | Train e:  93.07, T l:  0.2463 | Val e:  86.55 , Val l: 1.2452 | Test e:  68.45 
| Epoch   67 | Train e:  93.29, T l:  0.2327 | Val e:  87.58 , Val l: 1.1086 | Test e:  68.55 
| Epoch   68 | Train e:  93.46, T l:  0.2454 | Val e:  86.82 , Val l: 1.0395 | Test e:  67.90 
| Epoch   69 | Train e:  93.64, T l:  0.2275 | Val e:  89.19 , Val l: 0.8326 | Test e:  68.36 
| Epoch   70 | Train e:  93.96, T l:  0.2280 | Val e:  85.62 , Val l: 1.1780 | Test e:  69.05 
| Epoch   71 | Train e:  94.09, T l:  0.2219 | Val e:  83.97 , Val l: 1.4113 | Test e:  68.69 
| Epoch   72 | Train e:  94.14, T l:  0.2312 | Val e:  88.20 , Val l: 1.0757 | Test e:  68.95 
| Epoch   73 | Train e:  93.92, T l:  0.2267 | Val e:  88.53 , Val l: 0.7810 | Test e:  67.87 
| Epoch   74 | Train e:  94.43, T l:  0.2163 | Val e:  85.92 , Val l: 1.0199 | Test e:  68.56 
| Epoch   75 | Train e:  94.59, T l:  0.2272 | Val e:  87.10 , Val l: 0.9500 | Test e:  69.04 
| Epoch   76 | Train e:  94.45, T l:  0.2344 | Val e:  87.39 , Val l: 1.0364 | Test e:  69.41 
| Epoch   77 | Train e:  94.49, T l:  0.2132 | Val e:  84.42 , Val l: 1.1880 | Test e:  69.03 
| Epoch   78 | Train e:  93.69, T l:  0.2068 | Val e:  81.87 , Val l: 2.3628 | Test e:  70.26 
| Epoch   79 | Train e:  94.82, T l:  0.2242 | Val e:  88.49 , Val l: 0.7166 | Test e:  69.03 
| Epoch   80 | Train e:  94.41, T l:  0.2225 | Val e:  87.17 , Val l: 0.7294 | Test e:  68.61 
| Epoch   81 | Train e:  94.66, T l:  0.2054 | Val e:  89.14 , Val l: 0.6867 | Test e:  68.34 
| Epoch   82 | Train e:  94.99, T l:  0.2111 | Val e:  87.72 , Val l: 0.8414 | Test e:  69.12 
| Epoch   83 | Train e:  94.89, T l:  0.2200 | Val e:  86.94 , Val l: 0.8211 | Test e:  69.03 
| Epoch   84 | Train e:  94.95, T l:  0.2159 | Val e:  84.66 , Val l: 1.2741 | Test e:  68.84 
| Epoch   85 | Train e:  94.93, T l:  0.2116 | Val e:  87.36 , Val l: 0.9140 | Test e:  69.33 
| Epoch   86 | Train e:  94.05, T l:  0.2075 | Val e:  90.25 , Val l: 0.6297 | Test e:  68.25 
| Epoch   87 | Train e:  94.87, T l:  0.2104 | Val e:  86.49 , Val l: 1.1095 | Test e:  70.15 
| Epoch   88 | Train e:  95.21, T l:  0.2086 | Val e:  86.54 , Val l: 0.9522 | Test e:  69.57 
| Epoch   89 | Train e:  92.04, T l:  0.2016 | Val e:  88.82 , Val l: 0.4852 | Test e:  67.01 
| Epoch   90 | Train e:  95.18, T l:  0.2132 | Val e:  88.47 , Val l: 0.8059 | Test e:  70.06 
| Epoch   91 | Train e:  95.32, T l:  0.2010 | Val e:  88.47 , Val l: 0.8918 | Test e:  70.14 
| Epoch   92 | Train e:  95.55, T l:  0.2062 | Val e:  87.20 , Val l: 1.0592 | Test e:  69.80 
| Epoch   93 | Train e:  95.70, T l:  0.1971 | Val e:  86.15 , Val l: 1.1409 | Test e:  69.36 
| Epoch   94 | Train e:  95.60, T l:  0.1970 | Val e:  78.84 , Val l: 1.9523 | Test e:  68.03 
| Epoch   95 | Train e:  95.58, T l:  0.2038 | Val e:  82.40 , Val l: 1.3021 | Test e:  69.00 
| Epoch   96 | Train e:  94.85, T l:  0.2062 | Val e:  78.06 , Val l: 1.6508 | Test e:  66.55 
| Epoch   97 | Train e:  95.63, T l:  0.2027 | Val e:  84.38 , Val l: 1.1302 | Test e:  68.94 
| Epoch   98 | Train e:  95.68, T l:  0.2068 | Val e:  86.66 , Val l: 0.8965 | Test e:  69.90 
| Epoch   99 | Train e:  95.74, T l:  0.2118 | Val e:  88.01 , Val l: 0.9011 | Test e:  70.16 
| Epoch  100 | Train e:  95.69, T l:  0.1940 | Val e:  87.34 , Val l: 0.8379 | Test e:  69.83 
| Epoch  101 | Train e:  95.63, T l:  0.1964 | Val e:  83.51 , Val l: 1.2580 | Test e:  68.04 
| Epoch  102 | Train e:  95.96, T l:  0.1887 | Val e:  87.21 , Val l: 0.9665 | Test e:  69.56 
| Epoch  103 | Train e:  96.23, T l:  0.1948 | Val e:  88.82 , Val l: 1.0026 | Test e:  70.30 
| Epoch  104 | Train e:  96.03, T l:  0.1865 | Val e:  84.64 , Val l: 1.0651 | Test e:  69.99 
| Epoch  105 | Train e:  95.64, T l:  0.1888 | Val e:  85.21 , Val l: 0.9351 | Test e:  70.68 
| Epoch  106 | Train e:  96.00, T l:  0.1933 | Val e:  82.12 , Val l: 1.2690 | Test e:  69.76 
| Epoch  107 | Train e:  95.88, T l:  0.1820 | Val e:  82.59 , Val l: 1.5563 | Test e:  68.26 
| Epoch  108 | Train e:  96.17, T l:  0.1839 | Val e:  83.76 , Val l: 1.2281 | Test e:  69.54 
| Epoch  109 | Train e:  96.31, T l:  0.1837 | Val e:  83.68 , Val l: 1.2216 | Test e:  69.49 
| Epoch  110 | Train e:  95.98, T l:  0.1827 | Val e:  86.66 , Val l: 0.8543 | Test e:  70.51 
| Epoch  111 | Train e:  96.29, T l:  0.1772 | Val e:  83.46 , Val l: 1.3611 | Test e:  68.68 
| Epoch  112 | Train e:  96.34, T l:  0.1940 | Val e:  86.34 , Val l: 1.0468 | Test e:  70.02 
| Epoch  113 | Train e:  96.30, T l:  0.1770 | Val e:  82.04 , Val l: 1.4988 | Test e:  68.86 
| Epoch  114 | Train e:  96.32, T l:  0.1842 | Val e:  81.91 , Val l: 1.3341 | Test e:  67.85 
| Epoch  115 | Train e:  96.32, T l:  0.1721 | Val e:  83.04 , Val l: 1.2950 | Test e:  67.53 
| Epoch  116 | Train e:  96.59, T l:  0.1784 | Val e:  86.24 , Val l: 1.2551 | Test e:  70.29 
| Epoch  117 | Train e:  96.14, T l:  0.1739 | Val e:  87.90 , Val l: 0.7185 | Test e:  69.97 
| Epoch  118 | Train e:  96.33, T l:  0.1956 | Val e:  91.89 , Val l: 0.5757 | Test e:  70.20 
| Epoch  119 | Train e:  96.59, T l:  0.1798 | Val e:  85.83 , Val l: 1.1766 | Test e:  69.39 
| Epoch  120 | Train e:  96.59, T l:  0.1798 | Val e:  85.76 , Val l: 1.2956 | Test e:  70.16 
| Epoch  121 | Train e:  96.76, T l:  0.1956 | Val e:  87.96 , Val l: 1.0134 | Test e:  70.08 
| Epoch  122 | Train e:  96.51, T l:  0.1843 | Val e:  89.40 , Val l: 0.7610 | Test e:  69.16 
| Epoch  123 | Train e:  96.56, T l:  0.1801 | Val e:  88.98 , Val l: 0.7388 | Test e:  70.42 
| Epoch  124 | Train e:  96.57, T l:  0.1710 | Val e:  85.58 , Val l: 0.9343 | Test e:  70.37 
| Epoch  125 | Train e:  96.46, T l:  0.1758 | Val e:  84.64 , Val l: 1.1475 | Test e:  68.96 
| Epoch  126 | Train e:  96.77, T l:  0.1815 | Val e:  88.82 , Val l: 1.0307 | Test e:  70.88 
| Epoch  127 | Train e:  96.31, T l:  0.1716 | Val e:  85.68 , Val l: 0.8767 | Test e:  69.62 
| Epoch  128 | Train e:  96.83, T l:  0.1663 | Val e:  85.70 , Val l: 1.5296 | Test e:  70.69 
| Epoch  129 | Train e:  96.85, T l:  0.1778 | Val e:  88.15 , Val l: 0.8465 | Test e:  70.60 
| Epoch  130 | Train e:  96.71, T l:  0.1839 | Val e:  87.00 , Val l: 1.3255 | Test e:  69.78 
| Epoch  131 | Train e:  96.85, T l:  0.1785 | Val e:  85.03 , Val l: 1.2165 | Test e:  69.68 
| Epoch  132 | Train e:  96.86, T l:  0.1705 | Val e:  85.30 , Val l: 1.1421 | Test e:  70.30 
| Epoch  133 | Train e:  96.78, T l:  0.1703 | Val e:  84.31 , Val l: 1.3745 | Test e:  68.73 
| Epoch  134 | Train e:  97.06, T l:  0.1654 | Val e:  86.30 , Val l: 1.0984 | Test e:  69.88 
| Epoch  135 | Train e:  96.99, T l:  0.1723 | Val e:  86.04 , Val l: 1.3636 | Test e:  69.46 
| Epoch  136 | Train e:  96.87, T l:  0.1687 | Val e:  85.55 , Val l: 1.4264 | Test e:  70.69 
| Epoch  137 | Train e:  97.12, T l:  0.1568 | Val e:  87.19 , Val l: 1.3473 | Test e:  70.02 
| Epoch  138 | Train e:  96.88, T l:  0.1641 | Val e:  86.68 , Val l: 0.8743 | Test e:  69.61 
| Epoch  139 | Train e:  96.98, T l:  0.1655 | Val e:  84.97 , Val l: 1.1488 | Test e:  69.34 
| Epoch  140 | Train e:  96.91, T l:  0.1665 | Val e:  82.31 , Val l: 1.3178 | Test e:  70.16 
| Epoch  141 | Train e:  97.02, T l:  0.1617 | Val e:  88.80 , Val l: 0.8509 | Test e:  69.93 
| Epoch  142 | Train e:  96.85, T l:  0.1780 | Val e:  88.25 , Val l: 0.7868 | Test e:  69.27 
| Epoch  143 | Train e:  97.26, T l:  0.1683 | Val e:  84.48 , Val l: 1.3219 | Test e:  70.29 
| Epoch  144 | Train e:  96.90, T l:  0.1681 | Val e:  85.15 , Val l: 1.0240 | Test e:  69.69 
| Epoch  145 | Train e:  97.06, T l:  0.1639 | Val e:  88.21 , Val l: 0.8031 | Test e:  69.66 
| Epoch  146 | Train e:  97.08, T l:  0.1624 | Val e:  84.80 , Val l: 1.2074 | Test e:  69.39 
| Epoch  147 | Train e:  96.98, T l:  0.1630 | Val e:  84.30 , Val l: 1.2907 | Test e:  69.14 
| Epoch  148 | Train e:  97.27, T l:  0.1570 | Val e:  84.17 , Val l: 1.4601 | Test e:  69.31 
| Epoch  149 | Train e:  97.17, T l:  0.1574 | Val e:  83.80 , Val l: 1.4357 | Test e:  68.96 
| Epoch  150 | Train e:  97.17, T l:  0.1611 | Val e:  86.52 , Val l: 1.0151 | Test e:  69.83 
| Epoch  151 | Train e:  97.35, T l:  0.1575 | Val e:  86.94 , Val l: 1.0027 | Test e:  69.61 
| Epoch  152 | Train e:  97.34, T l:  0.1597 | Val e:  86.87 , Val l: 0.9256 | Test e:  69.69 
| Epoch  153 | Train e:  97.47, T l:  0.1603 | Val e:  86.53 , Val l: 1.1255 | Test e:  69.80 
| Epoch  154 | Train e:  97.46, T l:  0.1554 | Val e:  86.76 , Val l: 1.0936 | Test e:  69.96 
| Epoch  155 | Train e:  97.24, T l:  0.1573 | Val e:  81.21 , Val l: 1.7271 | Test e:  69.06 
| Epoch  156 | Train e:  97.34, T l:  0.1571 | Val e:  85.21 , Val l: 1.1585 | Test e:  69.70 
| Epoch  157 | Train e:  97.23, T l:  0.1535 | Val e:  87.25 , Val l: 0.8965 | Test e:  69.78 
| Epoch  158 | Train e:  97.38, T l:  0.1625 | Val e:  84.62 , Val l: 1.3681 | Test e:  69.03 
| Epoch  159 | Train e:  97.27, T l:  0.1463 | Val e:  86.41 , Val l: 1.0373 | Test e:  70.85 
| Epoch  160 | Train e:  97.40, T l:  0.1559 | Val e:  83.01 , Val l: 1.5554 | Test e:  69.15 
| Epoch  161 | Train e:  97.58, T l:  0.1511 | Val e:  87.60 , Val l: 0.9621 | Test e:  70.13 
| Epoch  162 | Train e:  97.47, T l:  0.1496 | Val e:  87.96 , Val l: 0.8875 | Test e:  70.36 
| Epoch  163 | Train e:  97.49, T l:  0.1491 | Val e:  85.83 , Val l: 1.1228 | Test e:  69.53 
| Epoch  164 | Train e:  97.53, T l:  0.1570 | Val e:  85.18 , Val l: 1.2499 | Test e:  69.49 
| Epoch  165 | Train e:  97.41, T l:  0.1589 | Val e:  84.97 , Val l: 1.1324 | Test e:  70.47 
| Epoch  166 | Train e:  97.54, T l:  0.1593 | Val e:  85.52 , Val l: 1.1494 | Test e:  70.64 
| Epoch  167 | Train e:  97.43, T l:  0.1544 | Val e:  84.61 , Val l: 1.2629 | Test e:  69.52 
| Epoch  168 | Train e:  97.47, T l:  0.1544 | Val e:  88.79 , Val l: 0.8212 | Test e:  70.34 
| Epoch  169 | Train e:  97.48, T l:  0.1495 | Val e:  85.00 , Val l: 1.1584 | Test e:  70.24 
| Epoch  170 | Train e:  97.55, T l:  0.1444 | Val e:  85.06 , Val l: 1.4312 | Test e:  70.05 
| Epoch  171 | Train e:  97.57, T l:  0.1553 | Val e:  85.19 , Val l: 1.3361 | Test e:  69.99 
| Epoch  172 | Train e:  97.55, T l:  0.1427 | Val e:  86.46 , Val l: 1.0882 | Test e:  69.78 
| Epoch  173 | Train e:  97.62, T l:  0.1508 | Val e:  87.60 , Val l: 0.9832 | Test e:  70.24 
| Epoch  174 | Train e:  97.66, T l:  0.1512 | Val e:  85.67 , Val l: 1.1195 | Test e:  70.05 
| Epoch  175 | Train e:  97.62, T l:  0.1489 | Val e:  85.21 , Val l: 1.2222 | Test e:  69.70 
| Epoch  176 | Train e:  97.60, T l:  0.1369 | Val e:  86.29 , Val l: 1.0964 | Test e:  69.80 
| Epoch  177 | Train e:  97.56, T l:  0.1417 | Val e:  85.73 , Val l: 1.0427 | Test e:  69.75 
| Epoch  178 | Train e:  97.71, T l:  0.1478 | Val e:  86.08 , Val l: 1.2027 | Test e:  69.21 
| Epoch  179 | Train e:  97.71, T l:  0.1504 | Val e:  85.18 , Val l: 1.2553 | Test e:  70.04 
| Epoch  180 | Train e:  97.40, T l:  0.1428 | Val e:  86.65 , Val l: 0.9240 | Test e:  70.12 
| Epoch  181 | Train e:  97.56, T l:  0.1493 | Val e:  84.01 , Val l: 1.3493 | Test e:  69.27 
| Epoch  182 | Train e:  97.71, T l:  0.1484 | Val e:  84.23 , Val l: 1.3980 | Test e:  69.87 
| Epoch  183 | Train e:  97.61, T l:  0.1525 | Val e:  85.66 , Val l: 1.0720 | Test e:  70.01 
| Epoch  184 | Train e:  97.73, T l:  0.1435 | Val e:  85.74 , Val l: 1.1901 | Test e:  69.71 
| Epoch  185 | Train e:  97.66, T l:  0.1495 | Val e:  84.02 , Val l: 1.3673 | Test e:  70.03 
| Epoch  186 | Train e:  97.77, T l:  0.1403 | Val e:  86.45 , Val l: 1.1306 | Test e:  70.16 
| Epoch  187 | Train e:  97.50, T l:  0.1486 | Val e:  86.15 , Val l: 1.0605 | Test e:  70.40 
| Epoch  188 | Train e:  97.70, T l:  0.1383 | Val e:  85.38 , Val l: 1.3049 | Test e:  69.87 
| Epoch  189 | Train e:  97.74, T l:  0.1413 | Val e:  86.41 , Val l: 1.0905 | Test e:  70.21 
| Epoch  190 | Train e:  97.88, T l:  0.1354 | Val e:  86.32 , Val l: 1.1762 | Test e:  69.70 
| Epoch  191 | Train e:  97.60, T l:  0.1431 | Val e:  85.66 , Val l: 1.1670 | Test e:  69.97 
| Epoch  192 | Train e:  97.78, T l:  0.1389 | Val e:  86.05 , Val l: 1.1712 | Test e:  69.81 
| Epoch  193 | Train e:  97.76, T l:  0.1428 | Val e:  85.95 , Val l: 1.1762 | Test e:  69.94 
| Epoch  194 | Train e:  97.67, T l:  0.1401 | Val e:  85.00 , Val l: 1.2817 | Test e:  69.63 
| Epoch  195 | Train e:  97.70, T l:  0.1529 | Val e:  85.58 , Val l: 1.2010 | Test e:  69.79 
| Epoch  196 | Train e:  97.83, T l:  0.1408 | Val e:  85.59 , Val l: 1.2049 | Test e:  69.95 
| Epoch  197 | Train e:  97.74, T l:  0.1339 | Val e:  86.00 , Val l: 1.1812 | Test e:  70.05 
| Epoch  198 | Train e:  97.69, T l:  0.1421 | Val e:  85.95 , Val l: 1.1979 | Test e:  70.03 
| Epoch  199 | Train e:  97.81, T l:  0.1382 | Val e:  85.90 , Val l: 1.2050 | Test e:  69.98 
