

===============================================
2022-12-19 11:29:31

main_gnnt.py --batch-size 64 --lr 0.0001 --warmup 50 --scheduler-type linear --seeds 314159 --device 1

None

dataset: ogbg-molbbbp
use_node_attr: False
pre_transform: None
transform: None
clean_cache: False
use_public_splits: True
use_val: True
use_val_loss: True
same_best_epoch: False
early_stop: False
scheduler_type: linear
epochs: 200
warmup: 50
batch_size: 64
lr: 0.0001
weight_decay: 0.0001
seeds: 314159
save_state: False
transformer_dropout: 0.1



| Epoch    0 | Train e:  39.27, T l:  2.1889 | Val e:  61.45 , Val l: 1.3395 | Test e:  47.51 
| Epoch    1 | Train e:  38.46, T l:  1.7845 | Val e:  63.40 , Val l: 0.8958 | Test e:  47.89 
| Epoch    2 | Train e:  40.19, T l:  1.1459 | Val e:  65.09 , Val l: 0.6673 | Test e:  48.26 
| Epoch    3 | Train e:  38.94, T l:  0.6619 | Val e:  66.27 , Val l: 1.1511 | Test e:  47.80 
| Epoch    4 | Train e:  42.51, T l:  0.5031 | Val e:  67.39 , Val l: 1.6038 | Test e:  47.97 
| Epoch    5 | Train e:  39.79, T l:  0.4767 | Val e:  69.01 , Val l: 1.7726 | Test e:  48.15 
| Epoch    6 | Train e:  43.62, T l:  0.4774 | Val e:  70.90 , Val l: 1.7976 | Test e:  48.81 
| Epoch    7 | Train e:  45.66, T l:  0.4722 | Val e:  72.38 , Val l: 1.7823 | Test e:  50.23 
| Epoch    8 | Train e:  51.46, T l:  0.4700 | Val e:  73.82 , Val l: 1.7720 | Test e:  51.16 
| Epoch    9 | Train e:  56.70, T l:  0.4621 | Val e:  71.86 , Val l: 1.7539 | Test e:  51.05 
| Epoch   10 | Train e:  59.79, T l:  0.4533 | Val e:  69.19 , Val l: 1.7943 | Test e:  52.13 
| Epoch   11 | Train e:  62.13, T l:  0.4538 | Val e:  65.92 , Val l: 1.7912 | Test e:  52.52 
| Epoch   12 | Train e:  63.41, T l:  0.4506 | Val e:  62.64 , Val l: 1.8641 | Test e:  53.44 
| Epoch   13 | Train e:  64.95, T l:  0.4464 | Val e:  60.10 , Val l: 1.8370 | Test e:  54.18 
| Epoch   14 | Train e:  64.61, T l:  0.4437 | Val e:  58.84 , Val l: 1.8945 | Test e:  54.73 
| Epoch   15 | Train e:  65.08, T l:  0.4420 | Val e:  57.65 , Val l: 1.8075 | Test e:  54.84 
| Epoch   16 | Train e:  65.46, T l:  0.4332 | Val e:  57.93 , Val l: 1.9145 | Test e:  55.25 
| Epoch   17 | Train e:  65.76, T l:  0.4298 | Val e:  57.69 , Val l: 1.8909 | Test e:  56.04 
| Epoch   18 | Train e:  67.63, T l:  0.4288 | Val e:  58.50 , Val l: 1.7682 | Test e:  56.19 
| Epoch   19 | Train e:  68.15, T l:  0.4319 | Val e:  60.49 , Val l: 1.8048 | Test e:  56.75 
| Epoch   20 | Train e:  68.10, T l:  0.4231 | Val e:  63.38 , Val l: 1.7039 | Test e:  57.01 
| Epoch   21 | Train e:  69.75, T l:  0.4276 | Val e:  67.04 , Val l: 1.7573 | Test e:  57.77 
| Epoch   22 | Train e:  72.47, T l:  0.4176 | Val e:  70.65 , Val l: 1.7837 | Test e:  59.26 
| Epoch   23 | Train e:  73.64, T l:  0.4127 | Val e:  72.69 , Val l: 1.5338 | Test e:  60.01 
| Epoch   24 | Train e:  76.34, T l:  0.4128 | Val e:  75.88 , Val l: 1.9573 | Test e:  61.99 
| Epoch   25 | Train e:  77.67, T l:  0.4159 | Val e:  78.31 , Val l: 1.5967 | Test e:  62.53 
| Epoch   26 | Train e:  79.17, T l:  0.4029 | Val e:  80.90 , Val l: 1.2403 | Test e:  63.40 
| Epoch   27 | Train e:  80.39, T l:  0.3870 | Val e:  84.16 , Val l: 1.7829 | Test e:  64.26 
| Epoch   28 | Train e:  81.30, T l:  0.3805 | Val e:  84.60 , Val l: 1.3191 | Test e:  63.64 
| Epoch   29 | Train e:  82.13, T l:  0.3643 | Val e:  86.26 , Val l: 1.2222 | Test e:  63.65 
| Epoch   30 | Train e:  82.97, T l:  0.3594 | Val e:  86.60 , Val l: 1.3384 | Test e:  63.89 
| Epoch   31 | Train e:  83.17, T l:  0.3580 | Val e:  86.02 , Val l: 0.8884 | Test e:  62.96 
| Epoch   32 | Train e:  83.70, T l:  0.3404 | Val e:  86.52 , Val l: 0.8168 | Test e:  63.06 
| Epoch   33 | Train e:  84.64, T l:  0.3496 | Val e:  87.81 , Val l: 1.4318 | Test e:  63.33 
| Epoch   34 | Train e:  85.48, T l:  0.3411 | Val e:  87.21 , Val l: 1.1703 | Test e:  63.27 
| Epoch   35 | Train e:  86.21, T l:  0.3291 | Val e:  87.69 , Val l: 0.9655 | Test e:  63.18 
| Epoch   36 | Train e:  86.46, T l:  0.3182 | Val e:  88.37 , Val l: 0.7443 | Test e:  62.56 
| Epoch   37 | Train e:  86.73, T l:  0.3254 | Val e:  88.22 , Val l: 0.6194 | Test e:  62.35 
| Epoch   38 | Train e:  87.00, T l:  0.3187 | Val e:  87.73 , Val l: 1.0910 | Test e:  62.70 
| Epoch   39 | Train e:  87.92, T l:  0.3100 | Val e:  88.51 , Val l: 0.7185 | Test e:  62.72 
| Epoch   40 | Train e:  87.98, T l:  0.2989 | Val e:  89.56 , Val l: 0.7086 | Test e:  62.15 
| Epoch   41 | Train e:  88.32, T l:  0.3016 | Val e:  89.30 , Val l: 0.5772 | Test e:  62.60 
| Epoch   42 | Train e:  87.51, T l:  0.3329 | Val e:  90.21 , Val l: 0.5549 | Test e:  62.96 
| Epoch   43 | Train e:  88.36, T l:  0.3212 | Val e:  90.01 , Val l: 0.9559 | Test e:  62.98 
| Epoch   44 | Train e:  87.99, T l:  0.3133 | Val e:  89.56 , Val l: 0.6322 | Test e:  62.53 
| Epoch   45 | Train e:  88.30, T l:  0.3166 | Val e:  89.52 , Val l: 0.6142 | Test e:  62.74 
| Epoch   46 | Train e:  88.88, T l:  0.2928 | Val e:  89.66 , Val l: 0.8586 | Test e:  62.60 
| Epoch   47 | Train e:  89.41, T l:  0.2955 | Val e:  89.57 , Val l: 0.7197 | Test e:  62.54 
| Epoch   48 | Train e:  89.69, T l:  0.2769 | Val e:  89.31 , Val l: 0.7133 | Test e:  62.73 
| Epoch   49 | Train e:  89.48, T l:  0.2923 | Val e:  90.23 , Val l: 0.6385 | Test e:  62.14 
| Epoch   50 | Train e:  90.12, T l:  0.2779 | Val e:  89.97 , Val l: 0.9412 | Test e:  62.61 
| Epoch   51 | Train e:  90.27, T l:  0.2748 | Val e:  90.08 , Val l: 0.7462 | Test e:  62.76 
| Epoch   52 | Train e:  90.55, T l:  0.2769 | Val e:  90.01 , Val l: 0.8737 | Test e:  63.15 
| Epoch   53 | Train e:  90.22, T l:  0.2726 | Val e:  90.42 , Val l: 0.5451 | Test e:  62.29 
| Epoch   54 | Train e:  90.84, T l:  0.2780 | Val e:  90.05 , Val l: 0.7926 | Test e:  62.93 
| Epoch   55 | Train e:  91.18, T l:  0.2648 | Val e:  89.36 , Val l: 1.2965 | Test e:  64.44 
| Epoch   56 | Train e:  91.53, T l:  0.2662 | Val e:  90.16 , Val l: 0.9892 | Test e:  64.79 
| Epoch   57 | Train e:  91.68, T l:  0.2613 | Val e:  90.35 , Val l: 0.8215 | Test e:  64.53 
| Epoch   58 | Train e:  91.98, T l:  0.2565 | Val e:  90.69 , Val l: 0.7946 | Test e:  65.04 
| Epoch   59 | Train e:  91.69, T l:  0.2610 | Val e:  90.68 , Val l: 0.8092 | Test e:  64.67 
| Epoch   60 | Train e:  91.68, T l:  0.2651 | Val e:  89.78 , Val l: 1.3251 | Test e:  65.04 
| Epoch   61 | Train e:  91.62, T l:  0.2669 | Val e:  89.40 , Val l: 1.2818 | Test e:  65.75 
| Epoch   62 | Train e:  91.55, T l:  0.2748 | Val e:  90.84 , Val l: 0.6164 | Test e:  63.49 
| Epoch   63 | Train e:  92.17, T l:  0.2553 | Val e:  90.36 , Val l: 0.8611 | Test e:  65.47 
| Epoch   64 | Train e:  92.40, T l:  0.2527 | Val e:  90.97 , Val l: 0.9294 | Test e:  65.68 
| Epoch   65 | Train e:  92.58, T l:  0.2555 | Val e:  91.32 , Val l: 0.6937 | Test e:  65.40 
| Epoch   66 | Train e:  92.50, T l:  0.2509 | Val e:  91.16 , Val l: 0.6804 | Test e:  65.64 
| Epoch   67 | Train e:  92.66, T l:  0.2643 | Val e:  89.92 , Val l: 0.8382 | Test e:  66.65 
| Epoch   68 | Train e:  92.21, T l:  0.2717 | Val e:  91.22 , Val l: 0.4947 | Test e:  65.73 
| Epoch   69 | Train e:  92.54, T l:  0.2539 | Val e:  91.42 , Val l: 0.6314 | Test e:  65.42 
| Epoch   70 | Train e:  92.62, T l:  0.2409 | Val e:  91.36 , Val l: 0.5053 | Test e:  65.60 
| Epoch   71 | Train e:  92.91, T l:  0.2476 | Val e:  91.29 , Val l: 0.7752 | Test e:  65.45 
| Epoch   72 | Train e:  92.89, T l:  0.2374 | Val e:  91.65 , Val l: 0.4996 | Test e:  65.84 
| Epoch   73 | Train e:  93.30, T l:  0.2432 | Val e:  91.86 , Val l: 0.7186 | Test e:  66.23 
| Epoch   74 | Train e:  93.02, T l:  0.2501 | Val e:  91.59 , Val l: 0.4625 | Test e:  66.39 
| Epoch   75 | Train e:  93.26, T l:  0.2490 | Val e:  91.86 , Val l: 0.8270 | Test e:  66.58 
| Epoch   76 | Train e:  93.37, T l:  0.2401 | Val e:  91.63 , Val l: 0.6017 | Test e:  66.58 
| Epoch   77 | Train e:  93.24, T l:  0.2313 | Val e:  91.48 , Val l: 0.5178 | Test e:  66.20 
| Epoch   78 | Train e:  93.46, T l:  0.2505 | Val e:  91.85 , Val l: 0.5426 | Test e:  67.06 
| Epoch   79 | Train e:  93.49, T l:  0.2254 | Val e:  91.93 , Val l: 0.5385 | Test e:  66.90 
| Epoch   80 | Train e:  93.90, T l:  0.2281 | Val e:  91.03 , Val l: 0.8639 | Test e:  67.51 
| Epoch   81 | Train e:  93.97, T l:  0.2374 | Val e:  91.49 , Val l: 0.7542 | Test e:  67.78 
| Epoch   82 | Train e:  94.01, T l:  0.2357 | Val e:  91.43 , Val l: 0.6287 | Test e:  67.87 
| Epoch   83 | Train e:  94.19, T l:  0.2287 | Val e:  91.37 , Val l: 0.6817 | Test e:  67.87 
| Epoch   84 | Train e:  94.06, T l:  0.2301 | Val e:  91.37 , Val l: 0.6298 | Test e:  67.65 
| Epoch   85 | Train e:  94.22, T l:  0.2297 | Val e:  91.87 , Val l: 0.6360 | Test e:  68.28 
| Epoch   86 | Train e:  93.78, T l:  0.2382 | Val e:  91.54 , Val l: 0.4809 | Test e:  66.87 
| Epoch   87 | Train e:  94.16, T l:  0.2406 | Val e:  91.56 , Val l: 0.6919 | Test e:  67.67 
| Epoch   88 | Train e:  94.23, T l:  0.2227 | Val e:  91.34 , Val l: 0.5565 | Test e:  67.89 
| Epoch   89 | Train e:  94.15, T l:  0.2247 | Val e:  91.77 , Val l: 0.5817 | Test e:  66.96 
| Epoch   90 | Train e:  94.29, T l:  0.2387 | Val e:  90.65 , Val l: 0.7594 | Test e:  68.27 
| Epoch   91 | Train e:  94.30, T l:  0.2245 | Val e:  91.79 , Val l: 0.6332 | Test e:  67.59 
| Epoch   92 | Train e:  94.42, T l:  0.2189 | Val e:  91.57 , Val l: 0.7085 | Test e:  68.39 
| Epoch   93 | Train e:  94.50, T l:  0.2278 | Val e:  91.15 , Val l: 0.8319 | Test e:  68.41 
| Epoch   94 | Train e:  94.58, T l:  0.2159 | Val e:  91.53 , Val l: 0.6129 | Test e:  68.12 
| Epoch   95 | Train e:  94.67, T l:  0.2126 | Val e:  91.75 , Val l: 0.6269 | Test e:  67.87 
| Epoch   96 | Train e:  94.79, T l:  0.2101 | Val e:  91.68 , Val l: 0.6913 | Test e:  68.53 
| Epoch   97 | Train e:  94.66, T l:  0.2242 | Val e:  91.89 , Val l: 0.7686 | Test e:  67.91 
| Epoch   98 | Train e:  94.76, T l:  0.2259 | Val e:  91.26 , Val l: 0.5890 | Test e:  68.45 
| Epoch   99 | Train e:  94.95, T l:  0.2194 | Val e:  91.72 , Val l: 0.6354 | Test e:  68.91 
| Epoch  100 | Train e:  94.91, T l:  0.2165 | Val e:  91.46 , Val l: 0.7065 | Test e:  68.63 
| Epoch  101 | Train e:  94.98, T l:  0.2103 | Val e:  91.84 , Val l: 0.6786 | Test e:  68.68 
| Epoch  102 | Train e:  95.10, T l:  0.2067 | Val e:  91.45 , Val l: 0.6634 | Test e:  69.30 
| Epoch  103 | Train e:  94.99, T l:  0.2107 | Val e:  90.52 , Val l: 0.7412 | Test e:  68.90 
| Epoch  104 | Train e:  94.81, T l:  0.2133 | Val e:  90.69 , Val l: 0.8506 | Test e:  68.91 
| Epoch  105 | Train e:  95.00, T l:  0.2043 | Val e:  91.10 , Val l: 0.8705 | Test e:  68.95 
| Epoch  106 | Train e:  95.02, T l:  0.2175 | Val e:  92.02 , Val l: 0.6611 | Test e:  69.12 
| Epoch  107 | Train e:  95.13, T l:  0.2065 | Val e:  91.42 , Val l: 0.6500 | Test e:  68.91 
| Epoch  108 | Train e:  95.26, T l:  0.2033 | Val e:  92.11 , Val l: 0.4855 | Test e:  69.23 
| Epoch  109 | Train e:  95.06, T l:  0.2117 | Val e:  91.69 , Val l: 0.6932 | Test e:  69.04 
| Epoch  110 | Train e:  95.45, T l:  0.2071 | Val e:  91.64 , Val l: 0.4839 | Test e:  68.96 
| Epoch  111 | Train e:  95.18, T l:  0.2206 | Val e:  92.17 , Val l: 0.5310 | Test e:  70.08 
| Epoch  112 | Train e:  95.40, T l:  0.2035 | Val e:  91.85 , Val l: 0.6943 | Test e:  69.48 
| Epoch  113 | Train e:  95.44, T l:  0.1951 | Val e:  92.01 , Val l: 0.6063 | Test e:  69.41 
| Epoch  114 | Train e:  95.53, T l:  0.2069 | Val e:  91.51 , Val l: 0.6697 | Test e:  69.36 
| Epoch  115 | Train e:  95.64, T l:  0.2043 | Val e:  91.33 , Val l: 0.6810 | Test e:  69.13 
| Epoch  116 | Train e:  95.69, T l:  0.1995 | Val e:  91.29 , Val l: 0.6237 | Test e:  69.50 
| Epoch  117 | Train e:  95.45, T l:  0.1953 | Val e:  91.49 , Val l: 0.6932 | Test e:  69.11 
| Epoch  118 | Train e:  95.59, T l:  0.2015 | Val e:  91.65 , Val l: 0.4325 | Test e:  69.23 
| Epoch  119 | Train e:  95.63, T l:  0.2145 | Val e:  91.38 , Val l: 0.6430 | Test e:  69.78 
| Epoch  120 | Train e:  95.79, T l:  0.1945 | Val e:  91.03 , Val l: 0.6078 | Test e:  70.02 
| Epoch  121 | Train e:  95.86, T l:  0.1938 | Val e:  90.99 , Val l: 0.7512 | Test e:  69.30 
| Epoch  122 | Train e:  95.53, T l:  0.2000 | Val e:  90.96 , Val l: 0.8012 | Test e:  68.91 
| Epoch  123 | Train e:  95.73, T l:  0.1875 | Val e:  90.75 , Val l: 0.8184 | Test e:  69.28 
| Epoch  124 | Train e:  95.97, T l:  0.1958 | Val e:  91.03 , Val l: 0.6922 | Test e:  69.83 
| Epoch  125 | Train e:  95.42, T l:  0.2188 | Val e:  90.09 , Val l: 0.9444 | Test e:  69.38 
| Epoch  126 | Train e:  96.06, T l:  0.1960 | Val e:  91.34 , Val l: 0.6332 | Test e:  69.73 
| Epoch  127 | Train e:  95.78, T l:  0.1962 | Val e:  90.28 , Val l: 0.9348 | Test e:  69.46 
| Epoch  128 | Train e:  96.06, T l:  0.1972 | Val e:  91.01 , Val l: 0.7199 | Test e:  69.96 
| Epoch  129 | Train e:  95.92, T l:  0.1917 | Val e:  91.00 , Val l: 0.6841 | Test e:  70.24 
| Epoch  130 | Train e:  95.96, T l:  0.1891 | Val e:  90.26 , Val l: 0.8314 | Test e:  69.62 
| Epoch  131 | Train e:  96.19, T l:  0.1877 | Val e:  91.30 , Val l: 0.6468 | Test e:  70.92 
| Epoch  132 | Train e:  96.21, T l:  0.1875 | Val e:  91.19 , Val l: 0.6830 | Test e:  70.48 
| Epoch  133 | Train e:  96.32, T l:  0.1889 | Val e:  91.29 , Val l: 0.6571 | Test e:  70.52 
| Epoch  134 | Train e:  95.73, T l:  0.1983 | Val e:  90.49 , Val l: 0.8993 | Test e:  70.00 
| Epoch  135 | Train e:  96.14, T l:  0.2013 | Val e:  91.64 , Val l: 0.5331 | Test e:  71.16 
| Epoch  136 | Train e:  96.15, T l:  0.1847 | Val e:  91.48 , Val l: 0.4758 | Test e:  70.58 
| Epoch  137 | Train e:  96.31, T l:  0.1901 | Val e:  91.06 , Val l: 0.6699 | Test e:  69.98 
| Epoch  138 | Train e:  96.20, T l:  0.1873 | Val e:  90.78 , Val l: 0.8078 | Test e:  69.92 
| Epoch  139 | Train e:  96.36, T l:  0.1910 | Val e:  91.67 , Val l: 0.5642 | Test e:  70.76 
| Epoch  140 | Train e:  96.45, T l:  0.1804 | Val e:  91.69 , Val l: 0.5533 | Test e:  70.61 
| Epoch  141 | Train e:  96.43, T l:  0.1945 | Val e:  90.88 , Val l: 0.7272 | Test e:  70.37 
| Epoch  142 | Train e:  96.19, T l:  0.1974 | Val e:  90.15 , Val l: 0.7150 | Test e:  70.51 
| Epoch  143 | Train e:  96.41, T l:  0.1941 | Val e:  90.84 , Val l: 0.6687 | Test e:  70.91 
| Epoch  144 | Train e:  96.46, T l:  0.1814 | Val e:  90.52 , Val l: 0.6266 | Test e:  70.75 
| Epoch  145 | Train e:  96.31, T l:  0.1894 | Val e:  91.15 , Val l: 0.7185 | Test e:  70.68 
| Epoch  146 | Train e:  96.15, T l:  0.1887 | Val e:  89.68 , Val l: 0.8433 | Test e:  70.41 
| Epoch  147 | Train e:  96.28, T l:  0.1932 | Val e:  90.35 , Val l: 0.8512 | Test e:  70.51 
| Epoch  148 | Train e:  96.22, T l:  0.1796 | Val e:  90.76 , Val l: 0.7179 | Test e:  70.39 
| Epoch  149 | Train e:  96.59, T l:  0.1821 | Val e:  91.28 , Val l: 0.6072 | Test e:  71.10 
| Epoch  150 | Train e:  96.50, T l:  0.1684 | Val e:  90.62 , Val l: 0.7413 | Test e:  70.55 
| Epoch  151 | Train e:  96.27, T l:  0.1791 | Val e:  90.94 , Val l: 0.7623 | Test e:  70.46 
| Epoch  152 | Train e:  96.43, T l:  0.1861 | Val e:  90.59 , Val l: 0.6600 | Test e:  70.74 
| Epoch  153 | Train e:  96.59, T l:  0.1816 | Val e:  91.60 , Val l: 0.5968 | Test e:  70.81 
| Epoch  154 | Train e:  96.63, T l:  0.1826 | Val e:  91.84 , Val l: 0.5248 | Test e:  71.14 
| Epoch  155 | Train e:  96.64, T l:  0.1912 | Val e:  90.96 , Val l: 0.6464 | Test e:  70.60 
| Epoch  156 | Train e:  96.56, T l:  0.1778 | Val e:  90.93 , Val l: 0.7061 | Test e:  70.54 
| Epoch  157 | Train e:  96.64, T l:  0.1792 | Val e:  91.47 , Val l: 0.6600 | Test e:  70.63 
| Epoch  158 | Train e:  96.70, T l:  0.1903 | Val e:  91.40 , Val l: 0.6027 | Test e:  70.95 
| Epoch  159 | Train e:  96.63, T l:  0.1790 | Val e:  91.48 , Val l: 0.5806 | Test e:  70.96 
| Epoch  160 | Train e:  96.60, T l:  0.1722 | Val e:  90.47 , Val l: 0.7954 | Test e:  70.48 
| Epoch  161 | Train e:  96.65, T l:  0.1860 | Val e:  91.07 , Val l: 0.6615 | Test e:  70.71 
| Epoch  162 | Train e:  96.70, T l:  0.1701 | Val e:  91.16 , Val l: 0.6531 | Test e:  70.89 
| Epoch  163 | Train e:  96.78, T l:  0.1770 | Val e:  91.07 , Val l: 0.6510 | Test e:  71.05 
| Epoch  164 | Train e:  96.40, T l:  0.1778 | Val e:  90.42 , Val l: 0.9335 | Test e:  70.68 
| Epoch  165 | Train e:  96.43, T l:  0.1795 | Val e:  90.01 , Val l: 0.8715 | Test e:  70.66 
| Epoch  166 | Train e:  96.74, T l:  0.1711 | Val e:  90.84 , Val l: 0.6688 | Test e:  71.15 
| Epoch  167 | Train e:  96.73, T l:  0.1644 | Val e:  90.51 , Val l: 0.8041 | Test e:  71.01 
| Epoch  168 | Train e:  96.77, T l:  0.1606 | Val e:  90.49 , Val l: 0.7279 | Test e:  70.96 
| Epoch  169 | Train e:  96.74, T l:  0.1778 | Val e:  90.92 , Val l: 0.6609 | Test e:  70.92 
| Epoch  170 | Train e:  96.78, T l:  0.1730 | Val e:  91.48 , Val l: 0.6355 | Test e:  71.15 
| Epoch  171 | Train e:  96.83, T l:  0.1865 | Val e:  91.80 , Val l: 0.5432 | Test e:  71.21 
| Epoch  172 | Train e:  96.77, T l:  0.1785 | Val e:  90.66 , Val l: 0.7139 | Test e:  71.33 
| Epoch  173 | Train e:  96.86, T l:  0.1747 | Val e:  91.10 , Val l: 0.6423 | Test e:  71.44 
| Epoch  174 | Train e:  96.81, T l:  0.1753 | Val e:  91.51 , Val l: 0.6036 | Test e:  71.26 
| Epoch  175 | Train e:  96.86, T l:  0.1758 | Val e:  91.28 , Val l: 0.6080 | Test e:  71.27 
| Epoch  176 | Train e:  96.85, T l:  0.1667 | Val e:  91.27 , Val l: 0.6644 | Test e:  71.13 
| Epoch  177 | Train e:  96.83, T l:  0.1622 | Val e:  90.88 , Val l: 0.7116 | Test e:  70.89 
| Epoch  178 | Train e:  96.71, T l:  0.1808 | Val e:  90.63 , Val l: 0.7423 | Test e:  70.72 
| Epoch  179 | Train e:  96.86, T l:  0.1750 | Val e:  90.90 , Val l: 0.6994 | Test e:  70.99 
| Epoch  180 | Train e:  96.90, T l:  0.1662 | Val e:  91.05 , Val l: 0.6878 | Test e:  71.09 
| Epoch  181 | Train e:  96.68, T l:  0.1721 | Val e:  90.99 , Val l: 0.7462 | Test e:  71.09 
| Epoch  182 | Train e:  96.83, T l:  0.1620 | Val e:  90.87 , Val l: 0.7115 | Test e:  71.17 
| Epoch  183 | Train e:  96.92, T l:  0.1718 | Val e:  91.18 , Val l: 0.6452 | Test e:  71.47 
| Epoch  184 | Train e:  96.69, T l:  0.1662 | Val e:  90.40 , Val l: 0.8148 | Test e:  71.06 
| Epoch  185 | Train e:  96.80, T l:  0.1668 | Val e:  90.67 , Val l: 0.7487 | Test e:  71.11 
| Epoch  186 | Train e:  96.95, T l:  0.1603 | Val e:  91.29 , Val l: 0.6644 | Test e:  71.34 
| Epoch  187 | Train e:  96.79, T l:  0.1633 | Val e:  91.01 , Val l: 0.6849 | Test e:  71.42 
| Epoch  188 | Train e:  96.98, T l:  0.1562 | Val e:  91.32 , Val l: 0.6364 | Test e:  71.58 
| Epoch  189 | Train e:  97.01, T l:  0.1722 | Val e:  91.02 , Val l: 0.7075 | Test e:  71.30 
| Epoch  190 | Train e:  96.97, T l:  0.1672 | Val e:  90.99 , Val l: 0.6812 | Test e:  71.43 
| Epoch  191 | Train e:  96.89, T l:  0.1723 | Val e:  90.92 , Val l: 0.7069 | Test e:  71.30 
| Epoch  192 | Train e:  96.86, T l:  0.1718 | Val e:  91.26 , Val l: 0.6557 | Test e:  71.52 
| Epoch  193 | Train e:  96.90, T l:  0.1584 | Val e:  90.94 , Val l: 0.7017 | Test e:  71.40 
| Epoch  194 | Train e:  96.85, T l:  0.1691 | Val e:  90.63 , Val l: 0.7267 | Test e:  71.35 
| Epoch  195 | Train e:  96.99, T l:  0.1710 | Val e:  90.67 , Val l: 0.7270 | Test e:  71.33 
| Epoch  196 | Train e:  96.94, T l:  0.1645 | Val e:  90.73 , Val l: 0.7083 | Test e:  71.36 
| Epoch  197 | Train e:  96.91, T l:  0.1732 | Val e:  90.76 , Val l: 0.7125 | Test e:  71.39 
| Epoch  198 | Train e:  96.98, T l:  0.1608 | Val e:  90.76 , Val l: 0.7085 | Test e:  71.37 
| Epoch  199 | Train e:  96.91, T l:  0.1635 | Val e:  90.76 , Val l: 0.7094 | Test e:  71.38 
