

===============================================
2022-12-19 10:10:52

main_g.py --batch-size 64 --lr 0.0001 --warmup 50 --scheduler-type linear --seeds 23333 --device 0

None

dataset: ogbg-molbbbp
use_node_attr: False
pre_transform: None
transform: None
clean_cache: False
use_public_splits: True
use_val: True
use_val_loss: True
same_best_epoch: False
early_stop: False
scheduler_type: linear
epochs: 200
warmup: 50
batch_size: 64
lr: 0.0001
weight_decay: 0.0001
seeds: 23333
save_state: False
transformer_dropout: 0.1



| Epoch    0 | Train e:  52.82, T l:  0.7372 | Val e:  48.54 , Val l: 0.7087 | Test e:  43.54 
| Epoch    1 | Train e:  52.97, T l:  0.6458 | Val e:  48.63 , Val l: 0.7909 | Test e:  43.38 
| Epoch    2 | Train e:  53.40, T l:  0.5298 | Val e:  49.23 , Val l: 0.9692 | Test e:  43.43 
| Epoch    3 | Train e:  54.18, T l:  0.4660 | Val e:  50.41 , Val l: 1.1748 | Test e:  43.72 
| Epoch    4 | Train e:  55.58, T l:  0.4476 | Val e:  52.56 , Val l: 1.3064 | Test e:  43.98 
| Epoch    5 | Train e:  57.40, T l:  0.4466 | Val e:  55.51 , Val l: 1.3503 | Test e:  44.59 
| Epoch    6 | Train e:  59.50, T l:  0.4426 | Val e:  59.31 , Val l: 1.3344 | Test e:  45.63 
| Epoch    7 | Train e:  61.75, T l:  0.4418 | Val e:  63.79 , Val l: 1.2802 | Test e:  46.85 
| Epoch    8 | Train e:  63.86, T l:  0.4368 | Val e:  67.81 , Val l: 1.3167 | Test e:  48.14 
| Epoch    9 | Train e:  66.32, T l:  0.4388 | Val e:  72.50 , Val l: 1.3002 | Test e:  49.88 
| Epoch   10 | Train e:  68.14, T l:  0.4356 | Val e:  76.83 , Val l: 1.2589 | Test e:  51.94 
| Epoch   11 | Train e:  70.04, T l:  0.4277 | Val e:  79.94 , Val l: 1.2693 | Test e:  53.65 
| Epoch   12 | Train e:  71.46, T l:  0.4290 | Val e:  82.10 , Val l: 1.2300 | Test e:  55.55 
| Epoch   13 | Train e:  73.25, T l:  0.4329 | Val e:  84.46 , Val l: 1.1925 | Test e:  57.48 
| Epoch   14 | Train e:  74.66, T l:  0.4248 | Val e:  86.08 , Val l: 1.2547 | Test e:  59.06 
| Epoch   15 | Train e:  75.79, T l:  0.4223 | Val e:  87.19 , Val l: 1.1529 | Test e:  60.08 
| Epoch   16 | Train e:  76.74, T l:  0.4113 | Val e:  87.65 , Val l: 1.0770 | Test e:  60.62 
| Epoch   17 | Train e:  77.27, T l:  0.4085 | Val e:  87.76 , Val l: 1.0475 | Test e:  60.80 
| Epoch   18 | Train e:  78.30, T l:  0.4009 | Val e:  88.65 , Val l: 1.0360 | Test e:  61.63 
| Epoch   19 | Train e:  79.26, T l:  0.3968 | Val e:  89.02 , Val l: 0.9253 | Test e:  62.06 
| Epoch   20 | Train e:  80.28, T l:  0.3877 | Val e:  89.31 , Val l: 0.9783 | Test e:  62.80 
| Epoch   21 | Train e:  81.31, T l:  0.3803 | Val e:  89.78 , Val l: 0.9473 | Test e:  62.91 
| Epoch   22 | Train e:  81.85, T l:  0.3728 | Val e:  89.76 , Val l: 0.8053 | Test e:  63.10 
| Epoch   23 | Train e:  82.46, T l:  0.3684 | Val e:  90.22 , Val l: 0.8573 | Test e:  63.06 
| Epoch   24 | Train e:  83.10, T l:  0.3564 | Val e:  90.19 , Val l: 0.6331 | Test e:  62.91 
| Epoch   25 | Train e:  83.49, T l:  0.3540 | Val e:  90.42 , Val l: 0.6617 | Test e:  63.43 
| Epoch   26 | Train e:  84.18, T l:  0.3408 | Val e:  90.54 , Val l: 0.6228 | Test e:  63.18 
| Epoch   27 | Train e:  85.07, T l:  0.3340 | Val e:  90.72 , Val l: 0.7729 | Test e:  63.32 
| Epoch   28 | Train e:  85.60, T l:  0.3376 | Val e:  90.90 , Val l: 0.5882 | Test e:  63.23 
| Epoch   29 | Train e:  86.40, T l:  0.3342 | Val e:  90.71 , Val l: 0.6837 | Test e:  63.22 
| Epoch   30 | Train e:  86.79, T l:  0.3347 | Val e:  90.58 , Val l: 0.4747 | Test e:  63.13 
| Epoch   31 | Train e:  87.17, T l:  0.3205 | Val e:  90.81 , Val l: 0.5373 | Test e:  63.19 
| Epoch   32 | Train e:  87.73, T l:  0.3140 | Val e:  90.93 , Val l: 0.5952 | Test e:  63.05 
| Epoch   33 | Train e:  88.24, T l:  0.3158 | Val e:  90.82 , Val l: 0.8329 | Test e:  63.73 
| Epoch   34 | Train e:  88.27, T l:  0.3080 | Val e:  90.89 , Val l: 0.5454 | Test e:  62.73 
| Epoch   35 | Train e:  89.04, T l:  0.2953 | Val e:  90.78 , Val l: 0.5904 | Test e:  63.13 
| Epoch   36 | Train e:  89.28, T l:  0.3023 | Val e:  90.98 , Val l: 0.5044 | Test e:  63.32 
| Epoch   37 | Train e:  89.28, T l:  0.2957 | Val e:  91.09 , Val l: 0.4520 | Test e:  62.28 
| Epoch   38 | Train e:  89.42, T l:  0.3088 | Val e:  90.85 , Val l: 0.6726 | Test e:  63.32 
| Epoch   39 | Train e:  89.95, T l:  0.3087 | Val e:  90.75 , Val l: 0.5397 | Test e:  63.83 
| Epoch   40 | Train e:  89.90, T l:  0.2966 | Val e:  91.22 , Val l: 0.4621 | Test e:  63.08 
| Epoch   41 | Train e:  90.14, T l:  0.2829 | Val e:  90.69 , Val l: 0.8711 | Test e:  64.01 
| Epoch   42 | Train e:  90.68, T l:  0.3042 | Val e:  90.47 , Val l: 0.7492 | Test e:  64.91 
| Epoch   43 | Train e:  90.63, T l:  0.2833 | Val e:  91.11 , Val l: 0.4423 | Test e:  63.06 
| Epoch   44 | Train e:  90.98, T l:  0.2917 | Val e:  90.29 , Val l: 0.6486 | Test e:  64.45 
| Epoch   45 | Train e:  91.10, T l:  0.2851 | Val e:  91.07 , Val l: 0.4453 | Test e:  63.61 
| Epoch   46 | Train e:  90.93, T l:  0.2898 | Val e:  91.41 , Val l: 0.3989 | Test e:  63.29 
| Epoch   47 | Train e:  91.47, T l:  0.2769 | Val e:  90.79 , Val l: 0.6773 | Test e:  64.23 
| Epoch   48 | Train e:  91.64, T l:  0.2779 | Val e:  90.69 , Val l: 0.8134 | Test e:  65.84 
| Epoch   49 | Train e:  91.91, T l:  0.2714 | Val e:  90.78 , Val l: 0.6688 | Test e:  64.38 
| Epoch   50 | Train e:  91.62, T l:  0.2657 | Val e:  91.22 , Val l: 0.5032 | Test e:  64.40 
| Epoch   51 | Train e:  92.16, T l:  0.2634 | Val e:  90.69 , Val l: 0.4714 | Test e:  64.91 
| Epoch   52 | Train e:  92.25, T l:  0.2666 | Val e:  89.88 , Val l: 0.5853 | Test e:  64.86 
| Epoch   53 | Train e:  92.52, T l:  0.2738 | Val e:  90.66 , Val l: 0.6550 | Test e:  66.08 
| Epoch   54 | Train e:  92.09, T l:  0.2645 | Val e:  91.20 , Val l: 0.6348 | Test e:  64.74 
| Epoch   55 | Train e:  92.63, T l:  0.2612 | Val e:  91.26 , Val l: 0.4428 | Test e:  64.39 
| Epoch   56 | Train e:  92.75, T l:  0.2503 | Val e:  91.43 , Val l: 0.4544 | Test e:  65.21 
| Epoch   57 | Train e:  92.94, T l:  0.2581 | Val e:  91.44 , Val l: 0.4484 | Test e:  65.14 
| Epoch   58 | Train e:  92.78, T l:  0.2526 | Val e:  91.01 , Val l: 0.4493 | Test e:  64.43 
| Epoch   59 | Train e:  92.52, T l:  0.2554 | Val e:  92.22 , Val l: 0.4019 | Test e:  65.48 
| Epoch   60 | Train e:  93.32, T l:  0.2544 | Val e:  91.23 , Val l: 0.4891 | Test e:  64.97 
| Epoch   61 | Train e:  93.47, T l:  0.2448 | Val e:  91.80 , Val l: 0.5054 | Test e:  66.39 
| Epoch   62 | Train e:  93.47, T l:  0.2450 | Val e:  91.07 , Val l: 0.6321 | Test e:  66.38 
| Epoch   63 | Train e:  93.49, T l:  0.2569 | Val e:  91.60 , Val l: 0.5274 | Test e:  66.95 
| Epoch   64 | Train e:  93.37, T l:  0.2388 | Val e:  91.65 , Val l: 0.4785 | Test e:  65.10 
| Epoch   65 | Train e:  93.81, T l:  0.2437 | Val e:  91.40 , Val l: 0.6491 | Test e:  67.09 
| Epoch   66 | Train e:  93.91, T l:  0.2340 | Val e:  91.47 , Val l: 0.4893 | Test e:  66.31 
| Epoch   67 | Train e:  93.83, T l:  0.2458 | Val e:  91.19 , Val l: 0.4579 | Test e:  66.67 
| Epoch   68 | Train e:  94.01, T l:  0.2388 | Val e:  91.45 , Val l: 0.5788 | Test e:  67.80 
| Epoch   69 | Train e:  93.90, T l:  0.2459 | Val e:  91.65 , Val l: 0.5174 | Test e:  67.76 
| Epoch   70 | Train e:  93.96, T l:  0.2366 | Val e:  91.81 , Val l: 0.4513 | Test e:  66.63 
| Epoch   71 | Train e:  94.18, T l:  0.2533 | Val e:  91.69 , Val l: 0.5175 | Test e:  68.64 
| Epoch   72 | Train e:  94.01, T l:  0.2417 | Val e:  91.72 , Val l: 0.5052 | Test e:  67.34 
| Epoch   73 | Train e:  94.17, T l:  0.2344 | Val e:  91.77 , Val l: 0.5215 | Test e:  67.73 
| Epoch   74 | Train e:  94.41, T l:  0.2340 | Val e:  91.86 , Val l: 0.4837 | Test e:  68.53 
| Epoch   75 | Train e:  94.19, T l:  0.2311 | Val e:  91.60 , Val l: 0.5496 | Test e:  68.14 
| Epoch   76 | Train e:  94.43, T l:  0.2253 | Val e:  91.48 , Val l: 0.5726 | Test e:  67.67 
| Epoch   77 | Train e:  94.68, T l:  0.2194 | Val e:  91.52 , Val l: 0.4864 | Test e:  68.10 
| Epoch   78 | Train e:  94.76, T l:  0.2255 | Val e:  91.76 , Val l: 0.4357 | Test e:  68.24 
| Epoch   79 | Train e:  94.63, T l:  0.2299 | Val e:  91.61 , Val l: 0.4805 | Test e:  68.75 
| Epoch   80 | Train e:  94.93, T l:  0.2238 | Val e:  91.80 , Val l: 0.4694 | Test e:  68.86 
| Epoch   81 | Train e:  94.43, T l:  0.2183 | Val e:  92.28 , Val l: 0.4068 | Test e:  67.52 
| Epoch   82 | Train e:  94.49, T l:  0.2403 | Val e:  91.11 , Val l: 0.4833 | Test e:  68.82 
| Epoch   83 | Train e:  94.73, T l:  0.2187 | Val e:  92.04 , Val l: 0.5417 | Test e:  68.99 
| Epoch   84 | Train e:  94.79, T l:  0.2213 | Val e:  91.60 , Val l: 0.5332 | Test e:  69.39 
| Epoch   85 | Train e:  94.93, T l:  0.2202 | Val e:  91.35 , Val l: 0.6305 | Test e:  69.96 
| Epoch   86 | Train e:  95.06, T l:  0.2258 | Val e:  92.06 , Val l: 0.4807 | Test e:  69.16 
| Epoch   87 | Train e:  95.15, T l:  0.2326 | Val e:  91.91 , Val l: 0.5187 | Test e:  69.55 
| Epoch   88 | Train e:  95.17, T l:  0.2252 | Val e:  91.64 , Val l: 0.4175 | Test e:  68.66 
| Epoch   89 | Train e:  95.28, T l:  0.2249 | Val e:  91.85 , Val l: 0.4239 | Test e:  68.49 
| Epoch   90 | Train e:  95.12, T l:  0.2056 | Val e:  91.96 , Val l: 0.6019 | Test e:  69.53 
| Epoch   91 | Train e:  95.38, T l:  0.2160 | Val e:  91.71 , Val l: 0.4352 | Test e:  69.15 
| Epoch   92 | Train e:  95.48, T l:  0.2095 | Val e:  91.68 , Val l: 0.4535 | Test e:  69.19 
| Epoch   93 | Train e:  95.53, T l:  0.2173 | Val e:  91.77 , Val l: 0.4577 | Test e:  69.44 
| Epoch   94 | Train e:  95.33, T l:  0.2092 | Val e:  91.69 , Val l: 0.5952 | Test e:  70.09 
| Epoch   95 | Train e:  95.45, T l:  0.2133 | Val e:  91.45 , Val l: 0.5500 | Test e:  69.92 
| Epoch   96 | Train e:  95.39, T l:  0.2170 | Val e:  91.98 , Val l: 0.5466 | Test e:  70.36 
| Epoch   97 | Train e:  95.57, T l:  0.2105 | Val e:  92.03 , Val l: 0.5273 | Test e:  70.45 
| Epoch   98 | Train e:  95.38, T l:  0.2074 | Val e:  92.24 , Val l: 0.4285 | Test e:  68.74 
| Epoch   99 | Train e:  95.70, T l:  0.2053 | Val e:  91.20 , Val l: 0.4551 | Test e:  68.69 
| Epoch  100 | Train e:  95.83, T l:  0.2227 | Val e:  91.87 , Val l: 0.4656 | Test e:  70.21 
| Epoch  101 | Train e:  95.76, T l:  0.2040 | Val e:  92.03 , Val l: 0.5214 | Test e:  70.71 
| Epoch  102 | Train e:  95.67, T l:  0.2172 | Val e:  92.24 , Val l: 0.4262 | Test e:  69.85 
| Epoch  103 | Train e:  95.73, T l:  0.2089 | Val e:  91.72 , Val l: 0.5162 | Test e:  70.16 
| Epoch  104 | Train e:  95.77, T l:  0.2040 | Val e:  92.04 , Val l: 0.5576 | Test e:  70.82 
| Epoch  105 | Train e:  95.98, T l:  0.1983 | Val e:  91.84 , Val l: 0.4899 | Test e:  70.05 
| Epoch  106 | Train e:  95.85, T l:  0.2007 | Val e:  92.40 , Val l: 0.4033 | Test e:  70.11 
| Epoch  107 | Train e:  95.82, T l:  0.2104 | Val e:  91.42 , Val l: 0.4569 | Test e:  69.28 
| Epoch  108 | Train e:  95.74, T l:  0.2080 | Val e:  91.86 , Val l: 0.5258 | Test e:  71.01 
| Epoch  109 | Train e:  95.94, T l:  0.2074 | Val e:  92.11 , Val l: 0.4007 | Test e:  69.25 
| Epoch  110 | Train e:  96.03, T l:  0.2046 | Val e:  91.93 , Val l: 0.4909 | Test e:  70.49 
| Epoch  111 | Train e:  96.11, T l:  0.1954 | Val e:  91.78 , Val l: 0.4399 | Test e:  69.97 
| Epoch  112 | Train e:  96.16, T l:  0.1892 | Val e:  92.06 , Val l: 0.4877 | Test e:  70.53 
| Epoch  113 | Train e:  95.76, T l:  0.1949 | Val e:  91.14 , Val l: 0.5693 | Test e:  70.26 
| Epoch  114 | Train e:  96.22, T l:  0.2012 | Val e:  91.85 , Val l: 0.4508 | Test e:  70.93 
| Epoch  115 | Train e:  96.21, T l:  0.2007 | Val e:  91.94 , Val l: 0.5339 | Test e:  71.35 
| Epoch  116 | Train e:  96.13, T l:  0.2065 | Val e:  92.06 , Val l: 0.4757 | Test e:  71.45 
| Epoch  117 | Train e:  96.31, T l:  0.2018 | Val e:  91.86 , Val l: 0.4910 | Test e:  70.58 
| Epoch  118 | Train e:  96.22, T l:  0.1978 | Val e:  91.83 , Val l: 0.4389 | Test e:  70.29 
| Epoch  119 | Train e:  96.33, T l:  0.1918 | Val e:  92.15 , Val l: 0.4220 | Test e:  70.59 
| Epoch  120 | Train e:  96.21, T l:  0.1966 | Val e:  91.95 , Val l: 0.5140 | Test e:  71.25 
| Epoch  121 | Train e:  96.39, T l:  0.1990 | Val e:  92.09 , Val l: 0.4694 | Test e:  70.67 
| Epoch  122 | Train e:  96.32, T l:  0.1886 | Val e:  91.71 , Val l: 0.5431 | Test e:  70.35 
| Epoch  123 | Train e:  96.29, T l:  0.1869 | Val e:  92.21 , Val l: 0.4567 | Test e:  70.73 
| Epoch  124 | Train e:  96.30, T l:  0.2006 | Val e:  91.30 , Val l: 0.5199 | Test e:  70.68 
| Epoch  125 | Train e:  96.48, T l:  0.1929 | Val e:  92.14 , Val l: 0.4513 | Test e:  70.42 
| Epoch  126 | Train e:  96.40, T l:  0.1983 | Val e:  92.24 , Val l: 0.4318 | Test e:  70.26 
| Epoch  127 | Train e:  96.50, T l:  0.1948 | Val e:  92.22 , Val l: 0.4321 | Test e:  70.79 
| Epoch  128 | Train e:  96.50, T l:  0.1877 | Val e:  92.09 , Val l: 0.5284 | Test e:  71.23 
| Epoch  129 | Train e:  96.39, T l:  0.1896 | Val e:  92.12 , Val l: 0.4458 | Test e:  70.14 
| Epoch  130 | Train e:  96.64, T l:  0.1952 | Val e:  92.07 , Val l: 0.4795 | Test e:  71.15 
| Epoch  131 | Train e:  96.54, T l:  0.1906 | Val e:  91.90 , Val l: 0.4518 | Test e:  70.67 
| Epoch  132 | Train e:  96.67, T l:  0.1907 | Val e:  91.98 , Val l: 0.4656 | Test e:  70.65 
| Epoch  133 | Train e:  96.62, T l:  0.1891 | Val e:  91.84 , Val l: 0.4952 | Test e:  70.76 
| Epoch  134 | Train e:  96.61, T l:  0.1903 | Val e:  91.84 , Val l: 0.4793 | Test e:  70.73 
| Epoch  135 | Train e:  96.66, T l:  0.1911 | Val e:  91.98 , Val l: 0.4332 | Test e:  70.49 
| Epoch  136 | Train e:  96.67, T l:  0.1877 | Val e:  91.82 , Val l: 0.4545 | Test e:  70.17 
| Epoch  137 | Train e:  96.75, T l:  0.1933 | Val e:  92.06 , Val l: 0.4587 | Test e:  70.91 
| Epoch  138 | Train e:  96.62, T l:  0.1852 | Val e:  92.32 , Val l: 0.4253 | Test e:  70.69 
| Epoch  139 | Train e:  96.70, T l:  0.1882 | Val e:  91.86 , Val l: 0.5130 | Test e:  71.05 
| Epoch  140 | Train e:  96.80, T l:  0.1805 | Val e:  91.55 , Val l: 0.5095 | Test e:  70.19 
| Epoch  141 | Train e:  96.74, T l:  0.1885 | Val e:  91.79 , Val l: 0.5584 | Test e:  70.93 
| Epoch  142 | Train e:  96.85, T l:  0.1850 | Val e:  91.85 , Val l: 0.4843 | Test e:  70.87 
| Epoch  143 | Train e:  96.83, T l:  0.1916 | Val e:  91.48 , Val l: 0.4762 | Test e:  70.06 
| Epoch  144 | Train e:  96.50, T l:  0.1916 | Val e:  91.25 , Val l: 0.6503 | Test e:  70.35 
| Epoch  145 | Train e:  96.77, T l:  0.1923 | Val e:  91.86 , Val l: 0.4560 | Test e:  70.35 
| Epoch  146 | Train e:  96.85, T l:  0.1815 | Val e:  92.28 , Val l: 0.4313 | Test e:  70.54 
| Epoch  147 | Train e:  96.82, T l:  0.1834 | Val e:  91.82 , Val l: 0.4362 | Test e:  69.16 
| Epoch  148 | Train e:  96.61, T l:  0.1877 | Val e:  91.73 , Val l: 0.6504 | Test e:  71.29 
| Epoch  149 | Train e:  96.84, T l:  0.1819 | Val e:  91.99 , Val l: 0.4588 | Test e:  70.06 
| Epoch  150 | Train e:  96.87, T l:  0.1739 | Val e:  92.06 , Val l: 0.4715 | Test e:  70.10 
| Epoch  151 | Train e:  96.89, T l:  0.1828 | Val e:  91.71 , Val l: 0.5131 | Test e:  70.26 
| Epoch  152 | Train e:  96.81, T l:  0.1829 | Val e:  91.86 , Val l: 0.4694 | Test e:  70.41 
| Epoch  153 | Train e:  96.91, T l:  0.1719 | Val e:  91.95 , Val l: 0.4517 | Test e:  69.76 
| Epoch  154 | Train e:  96.96, T l:  0.1737 | Val e:  91.67 , Val l: 0.5274 | Test e:  70.20 
| Epoch  155 | Train e:  97.04, T l:  0.1834 | Val e:  91.77 , Val l: 0.4782 | Test e:  70.03 
| Epoch  156 | Train e:  97.05, T l:  0.1872 | Val e:  92.22 , Val l: 0.4688 | Test e:  70.39 
| Epoch  157 | Train e:  97.02, T l:  0.1816 | Val e:  92.09 , Val l: 0.5180 | Test e:  71.06 
| Epoch  158 | Train e:  96.92, T l:  0.1797 | Val e:  92.13 , Val l: 0.4385 | Test e:  69.97 
| Epoch  159 | Train e:  97.06, T l:  0.1834 | Val e:  91.86 , Val l: 0.5137 | Test e:  70.88 
| Epoch  160 | Train e:  97.06, T l:  0.1790 | Val e:  92.07 , Val l: 0.5419 | Test e:  71.06 
| Epoch  161 | Train e:  97.11, T l:  0.1768 | Val e:  92.06 , Val l: 0.4833 | Test e:  70.24 
| Epoch  162 | Train e:  97.10, T l:  0.1756 | Val e:  91.96 , Val l: 0.4660 | Test e:  70.55 
| Epoch  163 | Train e:  97.09, T l:  0.1873 | Val e:  91.86 , Val l: 0.4659 | Test e:  70.60 
| Epoch  164 | Train e:  97.00, T l:  0.1717 | Val e:  92.03 , Val l: 0.4446 | Test e:  69.92 
| Epoch  165 | Train e:  97.05, T l:  0.1824 | Val e:  91.77 , Val l: 0.4725 | Test e:  70.33 
| Epoch  166 | Train e:  97.12, T l:  0.1762 | Val e:  91.89 , Val l: 0.5046 | Test e:  70.78 
| Epoch  167 | Train e:  97.07, T l:  0.1738 | Val e:  91.98 , Val l: 0.4579 | Test e:  70.58 
| Epoch  168 | Train e:  97.12, T l:  0.1753 | Val e:  91.89 , Val l: 0.4709 | Test e:  70.65 
| Epoch  169 | Train e:  97.13, T l:  0.1819 | Val e:  91.92 , Val l: 0.4837 | Test e:  70.66 
| Epoch  170 | Train e:  97.17, T l:  0.1649 | Val e:  91.89 , Val l: 0.5080 | Test e:  70.82 
| Epoch  171 | Train e:  97.19, T l:  0.1744 | Val e:  91.84 , Val l: 0.5017 | Test e:  70.62 
| Epoch  172 | Train e:  97.16, T l:  0.1734 | Val e:  91.74 , Val l: 0.4777 | Test e:  70.31 
| Epoch  173 | Train e:  97.18, T l:  0.1736 | Val e:  91.85 , Val l: 0.4738 | Test e:  70.43 
| Epoch  174 | Train e:  97.21, T l:  0.1772 | Val e:  91.83 , Val l: 0.4937 | Test e:  70.72 
| Epoch  175 | Train e:  97.15, T l:  0.1772 | Val e:  91.96 , Val l: 0.4639 | Test e:  70.56 
| Epoch  176 | Train e:  97.07, T l:  0.1759 | Val e:  92.09 , Val l: 0.4373 | Test e:  70.21 
| Epoch  177 | Train e:  97.22, T l:  0.1687 | Val e:  91.86 , Val l: 0.4932 | Test e:  70.66 
| Epoch  178 | Train e:  97.19, T l:  0.1671 | Val e:  91.91 , Val l: 0.4778 | Test e:  70.35 
| Epoch  179 | Train e:  97.22, T l:  0.1761 | Val e:  91.90 , Val l: 0.4890 | Test e:  70.47 
| Epoch  180 | Train e:  97.15, T l:  0.1746 | Val e:  91.98 , Val l: 0.4498 | Test e:  70.19 
| Epoch  181 | Train e:  97.23, T l:  0.1723 | Val e:  92.05 , Val l: 0.4941 | Test e:  70.85 
| Epoch  182 | Train e:  97.11, T l:  0.1738 | Val e:  91.91 , Val l: 0.4493 | Test e:  69.96 
| Epoch  183 | Train e:  97.23, T l:  0.1743 | Val e:  91.86 , Val l: 0.4887 | Test e:  70.68 
| Epoch  184 | Train e:  97.24, T l:  0.1750 | Val e:  91.82 , Val l: 0.4922 | Test e:  70.58 
| Epoch  185 | Train e:  97.24, T l:  0.1741 | Val e:  91.86 , Val l: 0.4740 | Test e:  70.52 
| Epoch  186 | Train e:  97.21, T l:  0.1701 | Val e:  91.83 , Val l: 0.4582 | Test e:  70.25 
| Epoch  187 | Train e:  97.27, T l:  0.1637 | Val e:  91.70 , Val l: 0.4989 | Test e:  70.48 
| Epoch  188 | Train e:  97.26, T l:  0.1723 | Val e:  91.88 , Val l: 0.4927 | Test e:  70.68 
| Epoch  189 | Train e:  97.25, T l:  0.1778 | Val e:  91.81 , Val l: 0.4746 | Test e:  70.45 
| Epoch  190 | Train e:  97.25, T l:  0.1708 | Val e:  91.83 , Val l: 0.4699 | Test e:  70.47 
| Epoch  191 | Train e:  97.28, T l:  0.1684 | Val e:  91.94 , Val l: 0.4873 | Test e:  70.75 
| Epoch  192 | Train e:  97.27, T l:  0.1754 | Val e:  91.95 , Val l: 0.4765 | Test e:  70.79 
| Epoch  193 | Train e:  97.27, T l:  0.1709 | Val e:  91.86 , Val l: 0.4850 | Test e:  70.68 
| Epoch  194 | Train e:  97.28, T l:  0.1636 | Val e:  91.89 , Val l: 0.4698 | Test e:  70.64 
| Epoch  195 | Train e:  97.29, T l:  0.1691 | Val e:  91.87 , Val l: 0.4800 | Test e:  70.65 
| Epoch  196 | Train e:  97.29, T l:  0.1769 | Val e:  91.92 , Val l: 0.4780 | Test e:  70.69 
| Epoch  197 | Train e:  97.29, T l:  0.1692 | Val e:  91.89 , Val l: 0.4808 | Test e:  70.67 
| Epoch  198 | Train e:  97.28, T l:  0.1711 | Val e:  91.90 , Val l: 0.4774 | Test e:  70.61 
| Epoch  199 | Train e:  97.28, T l:  0.1702 | Val e:  91.89 , Val l: 0.4763 | Test e:  70.55 
