

===============================================
2022-12-19 12:03:36

main_gnnt.py --batch-size 64 --lr 0.0001 --warmup 50 --scheduler-type linear --seeds 2333 --device 1

None

dataset: ogbg-molbbbp
use_node_attr: False
pre_transform: None
transform: None
clean_cache: False
use_public_splits: True
use_val: True
use_val_loss: True
same_best_epoch: False
early_stop: False
scheduler_type: linear
epochs: 200
warmup: 50
batch_size: 64
lr: 0.0001
weight_decay: 0.0001
seeds: 2333
save_state: False
transformer_dropout: 0.1



| Epoch    0 | Train e:  47.78, T l:  0.5604 | Val e:  59.72 , Val l: 0.9588 | Test e:  48.85 
| Epoch    1 | Train e:  46.21, T l:  0.5026 | Val e:  60.92 , Val l: 1.4039 | Test e:  48.86 
| Epoch    2 | Train e:  48.68, T l:  0.4724 | Val e:  60.93 , Val l: 1.7041 | Test e:  49.44 
| Epoch    3 | Train e:  53.60, T l:  0.4720 | Val e:  60.66 , Val l: 1.6507 | Test e:  50.53 
| Epoch    4 | Train e:  58.91, T l:  0.4520 | Val e:  60.84 , Val l: 1.7156 | Test e:  52.19 
| Epoch    5 | Train e:  63.21, T l:  0.4537 | Val e:  61.96 , Val l: 1.6918 | Test e:  53.72 
| Epoch    6 | Train e:  66.52, T l:  0.4451 | Val e:  61.39 , Val l: 1.7500 | Test e:  55.13 
| Epoch    7 | Train e:  69.12, T l:  0.4362 | Val e:  62.43 , Val l: 1.7522 | Test e:  56.17 
| Epoch    8 | Train e:  68.74, T l:  0.4290 | Val e:  62.86 , Val l: 2.0439 | Test e:  56.67 
| Epoch    9 | Train e:  70.67, T l:  0.4319 | Val e:  63.58 , Val l: 1.8926 | Test e:  58.21 
| Epoch   10 | Train e:  71.17, T l:  0.4345 | Val e:  65.93 , Val l: 1.8118 | Test e:  59.20 
| Epoch   11 | Train e:  73.57, T l:  0.4205 | Val e:  69.03 , Val l: 1.9363 | Test e:  60.40 
| Epoch   12 | Train e:  73.36, T l:  0.4207 | Val e:  71.90 , Val l: 1.9548 | Test e:  61.45 
| Epoch   13 | Train e:  76.10, T l:  0.4167 | Val e:  73.91 , Val l: 1.6689 | Test e:  62.43 
| Epoch   14 | Train e:  78.36, T l:  0.4165 | Val e:  75.61 , Val l: 1.8458 | Test e:  63.94 
| Epoch   15 | Train e:  79.23, T l:  0.4079 | Val e:  77.01 , Val l: 1.5336 | Test e:  64.25 
| Epoch   16 | Train e:  79.92, T l:  0.4003 | Val e:  80.54 , Val l: 1.8025 | Test e:  65.35 
| Epoch   17 | Train e:  81.43, T l:  0.3848 | Val e:  82.48 , Val l: 1.8834 | Test e:  65.40 
| Epoch   18 | Train e:  82.31, T l:  0.3779 | Val e:  84.04 , Val l: 1.4206 | Test e:  65.13 
| Epoch   19 | Train e:  82.66, T l:  0.3733 | Val e:  85.24 , Val l: 1.4943 | Test e:  64.62 
| Epoch   20 | Train e:  83.46, T l:  0.3567 | Val e:  86.67 , Val l: 1.6002 | Test e:  64.62 
| Epoch   21 | Train e:  84.03, T l:  0.3560 | Val e:  86.34 , Val l: 1.4000 | Test e:  63.81 
| Epoch   22 | Train e:  84.25, T l:  0.3579 | Val e:  87.56 , Val l: 1.8609 | Test e:  64.16 
| Epoch   23 | Train e:  84.73, T l:  0.3564 | Val e:  88.49 , Val l: 1.8488 | Test e:  64.59 
| Epoch   24 | Train e:  84.92, T l:  0.3514 | Val e:  87.54 , Val l: 0.9631 | Test e:  63.96 
| Epoch   25 | Train e:  85.24, T l:  0.3429 | Val e:  88.25 , Val l: 1.5934 | Test e:  64.28 
| Epoch   26 | Train e:  85.80, T l:  0.3339 | Val e:  87.33 , Val l: 1.2120 | Test e:  63.95 
| Epoch   27 | Train e:  86.20, T l:  0.3330 | Val e:  88.09 , Val l: 0.9426 | Test e:  63.38 
| Epoch   28 | Train e:  86.39, T l:  0.3265 | Val e:  88.51 , Val l: 1.5620 | Test e:  63.85 
| Epoch   29 | Train e:  87.04, T l:  0.3185 | Val e:  87.18 , Val l: 1.0790 | Test e:  63.51 
| Epoch   30 | Train e:  87.53, T l:  0.3214 | Val e:  88.54 , Val l: 1.1525 | Test e:  63.25 
| Epoch   31 | Train e:  87.80, T l:  0.3088 | Val e:  88.59 , Val l: 0.9591 | Test e:  63.39 
| Epoch   32 | Train e:  88.35, T l:  0.3145 | Val e:  88.97 , Val l: 1.1306 | Test e:  63.24 
| Epoch   33 | Train e:  88.43, T l:  0.3013 | Val e:  88.79 , Val l: 0.9698 | Test e:  62.84 
| Epoch   34 | Train e:  88.22, T l:  0.3009 | Val e:  88.55 , Val l: 0.6149 | Test e:  62.92 
| Epoch   35 | Train e:  89.11, T l:  0.2961 | Val e:  88.75 , Val l: 1.2136 | Test e:  63.05 
| Epoch   36 | Train e:  88.74, T l:  0.3033 | Val e:  89.25 , Val l: 0.5583 | Test e:  62.31 
| Epoch   37 | Train e:  89.25, T l:  0.2933 | Val e:  89.18 , Val l: 0.6267 | Test e:  62.75 
| Epoch   38 | Train e:  89.35, T l:  0.3044 | Val e:  89.53 , Val l: 0.7863 | Test e:  63.16 
| Epoch   39 | Train e:  89.39, T l:  0.2936 | Val e:  89.08 , Val l: 0.5901 | Test e:  63.06 
| Epoch   40 | Train e:  89.84, T l:  0.2938 | Val e:  88.43 , Val l: 0.6166 | Test e:  63.31 
| Epoch   41 | Train e:  90.04, T l:  0.2814 | Val e:  89.11 , Val l: 1.0106 | Test e:  63.31 
| Epoch   42 | Train e:  89.99, T l:  0.2915 | Val e:  89.48 , Val l: 0.7853 | Test e:  63.51 
| Epoch   43 | Train e:  90.37, T l:  0.2744 | Val e:  89.72 , Val l: 0.9009 | Test e:  63.85 
| Epoch   44 | Train e:  90.22, T l:  0.3018 | Val e:  88.45 , Val l: 0.5713 | Test e:  63.31 
| Epoch   45 | Train e:  89.56, T l:  0.2875 | Val e:  89.20 , Val l: 0.5602 | Test e:  63.10 
| Epoch   46 | Train e:  90.38, T l:  0.2714 | Val e:  88.92 , Val l: 0.6102 | Test e:  63.12 
| Epoch   47 | Train e:  90.72, T l:  0.2619 | Val e:  89.32 , Val l: 0.8833 | Test e:  64.72 
| Epoch   48 | Train e:  90.66, T l:  0.2764 | Val e:  88.96 , Val l: 0.6077 | Test e:  63.24 
| Epoch   49 | Train e:  90.92, T l:  0.2675 | Val e:  88.96 , Val l: 0.6763 | Test e:  63.58 
| Epoch   50 | Train e:  90.96, T l:  0.2581 | Val e:  88.10 , Val l: 1.3801 | Test e:  64.70 
| Epoch   51 | Train e:  91.07, T l:  0.2698 | Val e:  89.03 , Val l: 1.1455 | Test e:  65.06 
| Epoch   52 | Train e:  91.40, T l:  0.2858 | Val e:  89.99 , Val l: 0.8863 | Test e:  65.62 
| Epoch   53 | Train e:  91.16, T l:  0.2635 | Val e:  89.50 , Val l: 1.1560 | Test e:  65.44 
| Epoch   54 | Train e:  91.23, T l:  0.2517 | Val e:  89.27 , Val l: 0.6194 | Test e:  64.13 
| Epoch   55 | Train e:  91.59, T l:  0.2576 | Val e:  89.13 , Val l: 0.7173 | Test e:  64.89 
| Epoch   56 | Train e:  92.01, T l:  0.2569 | Val e:  89.20 , Val l: 0.6458 | Test e:  65.20 
| Epoch   57 | Train e:  91.91, T l:  0.2561 | Val e:  89.82 , Val l: 0.5567 | Test e:  64.67 
| Epoch   58 | Train e:  91.98, T l:  0.2534 | Val e:  89.71 , Val l: 0.6583 | Test e:  65.53 
| Epoch   59 | Train e:  92.17, T l:  0.2464 | Val e:  89.98 , Val l: 0.5558 | Test e:  65.10 
| Epoch   60 | Train e:  92.48, T l:  0.2415 | Val e:  89.93 , Val l: 0.7556 | Test e:  65.91 
| Epoch   61 | Train e:  92.43, T l:  0.2556 | Val e:  90.53 , Val l: 0.5259 | Test e:  65.78 
| Epoch   62 | Train e:  92.82, T l:  0.2364 | Val e:  90.23 , Val l: 0.7447 | Test e:  66.34 
| Epoch   63 | Train e:  92.35, T l:  0.2606 | Val e:  89.15 , Val l: 1.1835 | Test e:  66.83 
| Epoch   64 | Train e:  92.72, T l:  0.2535 | Val e:  90.40 , Val l: 0.5995 | Test e:  66.00 
| Epoch   65 | Train e:  92.88, T l:  0.2426 | Val e:  90.20 , Val l: 0.5339 | Test e:  65.98 
| Epoch   66 | Train e:  92.74, T l:  0.2390 | Val e:  88.43 , Val l: 0.8003 | Test e:  65.91 
| Epoch   67 | Train e:  93.16, T l:  0.2420 | Val e:  89.97 , Val l: 0.7823 | Test e:  66.62 
| Epoch   68 | Train e:  93.39, T l:  0.2392 | Val e:  90.57 , Val l: 0.8274 | Test e:  67.26 
| Epoch   69 | Train e:  93.23, T l:  0.2347 | Val e:  89.75 , Val l: 0.6614 | Test e:  66.42 
| Epoch   70 | Train e:  93.55, T l:  0.2453 | Val e:  90.71 , Val l: 0.6293 | Test e:  67.06 
| Epoch   71 | Train e:  93.22, T l:  0.2293 | Val e:  90.78 , Val l: 0.6653 | Test e:  67.27 
| Epoch   72 | Train e:  93.48, T l:  0.2308 | Val e:  90.67 , Val l: 0.6583 | Test e:  67.20 
| Epoch   73 | Train e:  93.55, T l:  0.2371 | Val e:  91.48 , Val l: 0.4407 | Test e:  66.88 
| Epoch   74 | Train e:  94.00, T l:  0.2289 | Val e:  91.29 , Val l: 0.5995 | Test e:  67.85 
| Epoch   75 | Train e:  94.14, T l:  0.2261 | Val e:  91.28 , Val l: 0.8416 | Test e:  68.59 
| Epoch   76 | Train e:  93.98, T l:  0.2359 | Val e:  91.77 , Val l: 0.4628 | Test e:  67.67 
| Epoch   77 | Train e:  93.96, T l:  0.2323 | Val e:  92.15 , Val l: 0.5609 | Test e:  67.93 
| Epoch   78 | Train e:  93.26, T l:  0.2521 | Val e:  92.88 , Val l: 0.3858 | Test e:  66.81 
| Epoch   79 | Train e:  93.93, T l:  0.2569 | Val e:  91.63 , Val l: 0.5651 | Test e:  68.38 
| Epoch   80 | Train e:  94.25, T l:  0.2275 | Val e:  91.09 , Val l: 0.8186 | Test e:  68.52 
| Epoch   81 | Train e:  94.22, T l:  0.2200 | Val e:  91.43 , Val l: 0.5125 | Test e:  67.11 
| Epoch   82 | Train e:  94.45, T l:  0.2181 | Val e:  91.15 , Val l: 0.7748 | Test e:  68.33 
| Epoch   83 | Train e:  94.32, T l:  0.2281 | Val e:  91.79 , Val l: 0.5055 | Test e:  68.12 
| Epoch   84 | Train e:  94.10, T l:  0.2248 | Val e:  90.35 , Val l: 0.9582 | Test e:  69.24 
| Epoch   85 | Train e:  94.66, T l:  0.2275 | Val e:  91.41 , Val l: 0.6777 | Test e:  69.49 
| Epoch   86 | Train e:  94.80, T l:  0.2157 | Val e:  91.59 , Val l: 0.6687 | Test e:  69.70 
| Epoch   87 | Train e:  94.74, T l:  0.2269 | Val e:  90.68 , Val l: 0.5513 | Test e:  69.33 
| Epoch   88 | Train e:  94.75, T l:  0.2150 | Val e:  90.79 , Val l: 0.6744 | Test e:  69.53 
| Epoch   89 | Train e:  94.61, T l:  0.2281 | Val e:  91.55 , Val l: 0.6238 | Test e:  69.71 
| Epoch   90 | Train e:  94.77, T l:  0.2168 | Val e:  91.72 , Val l: 0.5375 | Test e:  69.43 
| Epoch   91 | Train e:  94.90, T l:  0.2174 | Val e:  91.09 , Val l: 0.6488 | Test e:  69.97 
| Epoch   92 | Train e:  95.03, T l:  0.2120 | Val e:  92.17 , Val l: 0.4774 | Test e:  69.79 
| Epoch   93 | Train e:  94.83, T l:  0.2190 | Val e:  92.38 , Val l: 0.4583 | Test e:  69.58 
| Epoch   94 | Train e:  95.11, T l:  0.2249 | Val e:  91.89 , Val l: 0.6845 | Test e:  70.52 
| Epoch   95 | Train e:  95.25, T l:  0.2100 | Val e:  91.07 , Val l: 0.8029 | Test e:  70.46 
| Epoch   96 | Train e:  95.23, T l:  0.2050 | Val e:  91.80 , Val l: 0.4954 | Test e:  69.97 
| Epoch   97 | Train e:  95.22, T l:  0.2227 | Val e:  91.89 , Val l: 0.4269 | Test e:  69.54 
| Epoch   98 | Train e:  95.33, T l:  0.2155 | Val e:  92.27 , Val l: 0.5029 | Test e:  69.97 
| Epoch   99 | Train e:  95.32, T l:  0.1978 | Val e:  91.77 , Val l: 0.4573 | Test e:  69.71 
| Epoch  100 | Train e:  95.71, T l:  0.2121 | Val e:  91.47 , Val l: 0.6248 | Test e:  71.70 
| Epoch  101 | Train e:  95.65, T l:  0.2077 | Val e:  90.78 , Val l: 0.7017 | Test e:  71.17 
| Epoch  102 | Train e:  95.42, T l:  0.2086 | Val e:  91.89 , Val l: 0.5056 | Test e:  70.72 
| Epoch  103 | Train e:  95.42, T l:  0.2080 | Val e:  89.92 , Val l: 0.8278 | Test e:  71.13 
| Epoch  104 | Train e:  95.54, T l:  0.2109 | Val e:  91.97 , Val l: 0.5038 | Test e:  71.17 
| Epoch  105 | Train e:  95.60, T l:  0.2016 | Val e:  90.40 , Val l: 0.7683 | Test e:  71.07 
| Epoch  106 | Train e:  95.75, T l:  0.1994 | Val e:  90.42 , Val l: 0.5780 | Test e:  71.06 
| Epoch  107 | Train e:  95.69, T l:  0.1985 | Val e:  91.21 , Val l: 0.5920 | Test e:  70.96 
| Epoch  108 | Train e:  95.84, T l:  0.1974 | Val e:  89.60 , Val l: 0.6962 | Test e:  71.64 
| Epoch  109 | Train e:  95.80, T l:  0.1921 | Val e:  92.12 , Val l: 0.5382 | Test e:  70.79 
| Epoch  110 | Train e:  96.01, T l:  0.1996 | Val e:  91.19 , Val l: 0.6250 | Test e:  71.60 
| Epoch  111 | Train e:  96.13, T l:  0.1929 | Val e:  91.01 , Val l: 0.8039 | Test e:  72.15 
| Epoch  112 | Train e:  95.83, T l:  0.1984 | Val e:  89.66 , Val l: 0.8389 | Test e:  71.79 
| Epoch  113 | Train e:  96.11, T l:  0.1968 | Val e:  91.25 , Val l: 0.7980 | Test e:  71.77 
| Epoch  114 | Train e:  96.21, T l:  0.2030 | Val e:  91.72 , Val l: 0.5529 | Test e:  71.55 
| Epoch  115 | Train e:  96.36, T l:  0.1851 | Val e:  91.48 , Val l: 0.6208 | Test e:  72.16 
| Epoch  116 | Train e:  96.19, T l:  0.1922 | Val e:  91.78 , Val l: 0.6504 | Test e:  72.08 
| Epoch  117 | Train e:  96.20, T l:  0.2024 | Val e:  91.57 , Val l: 0.6065 | Test e:  71.69 
| Epoch  118 | Train e:  96.38, T l:  0.1954 | Val e:  91.28 , Val l: 0.5073 | Test e:  71.48 
| Epoch  119 | Train e:  96.32, T l:  0.1896 | Val e:  90.79 , Val l: 0.6935 | Test e:  71.86 
| Epoch  120 | Train e:  96.29, T l:  0.2006 | Val e:  91.30 , Val l: 0.6584 | Test e:  71.95 
| Epoch  121 | Train e:  96.39, T l:  0.1905 | Val e:  91.39 , Val l: 0.5618 | Test e:  71.25 
| Epoch  122 | Train e:  96.28, T l:  0.1899 | Val e:  91.11 , Val l: 0.7071 | Test e:  71.25 
| Epoch  123 | Train e:  96.29, T l:  0.1813 | Val e:  91.16 , Val l: 0.8031 | Test e:  71.44 
| Epoch  124 | Train e:  96.41, T l:  0.2007 | Val e:  90.24 , Val l: 0.6380 | Test e:  71.10 
| Epoch  125 | Train e:  96.30, T l:  0.1792 | Val e:  91.29 , Val l: 0.4970 | Test e:  71.14 
| Epoch  126 | Train e:  96.33, T l:  0.1965 | Val e:  90.72 , Val l: 0.7436 | Test e:  71.67 
| Epoch  127 | Train e:  96.51, T l:  0.1848 | Val e:  90.98 , Val l: 0.6377 | Test e:  72.39 
| Epoch  128 | Train e:  96.54, T l:  0.1744 | Val e:  91.10 , Val l: 0.7730 | Test e:  72.12 
| Epoch  129 | Train e:  96.49, T l:  0.1767 | Val e:  89.62 , Val l: 1.0030 | Test e:  72.32 
| Epoch  130 | Train e:  96.40, T l:  0.1917 | Val e:  89.89 , Val l: 0.7843 | Test e:  71.94 
| Epoch  131 | Train e:  96.58, T l:  0.1868 | Val e:  90.88 , Val l: 0.7357 | Test e:  72.25 
| Epoch  132 | Train e:  96.67, T l:  0.1821 | Val e:  90.34 , Val l: 0.6823 | Test e:  72.03 
| Epoch  133 | Train e:  96.73, T l:  0.1880 | Val e:  90.46 , Val l: 0.6936 | Test e:  72.04 
| Epoch  134 | Train e:  96.71, T l:  0.1895 | Val e:  90.64 , Val l: 0.6281 | Test e:  71.80 
| Epoch  135 | Train e:  96.67, T l:  0.1856 | Val e:  90.91 , Val l: 0.6028 | Test e:  71.97 
| Epoch  136 | Train e:  96.61, T l:  0.1739 | Val e:  90.40 , Val l: 0.8546 | Test e:  71.46 
| Epoch  137 | Train e:  96.52, T l:  0.1763 | Val e:  91.60 , Val l: 0.4922 | Test e:  71.30 
| Epoch  138 | Train e:  96.66, T l:  0.1721 | Val e:  91.12 , Val l: 0.6612 | Test e:  71.75 
| Epoch  139 | Train e:  96.83, T l:  0.1810 | Val e:  91.21 , Val l: 0.6775 | Test e:  71.67 
| Epoch  140 | Train e:  96.72, T l:  0.1814 | Val e:  90.81 , Val l: 0.7777 | Test e:  71.92 
| Epoch  141 | Train e:  96.69, T l:  0.1741 | Val e:  90.76 , Val l: 0.5466 | Test e:  71.43 
| Epoch  142 | Train e:  96.66, T l:  0.1848 | Val e:  89.98 , Val l: 0.8507 | Test e:  71.82 
| Epoch  143 | Train e:  96.74, T l:  0.1787 | Val e:  89.47 , Val l: 0.8577 | Test e:  71.56 
| Epoch  144 | Train e:  96.77, T l:  0.1721 | Val e:  90.79 , Val l: 0.8376 | Test e:  72.12 
| Epoch  145 | Train e:  96.78, T l:  0.1838 | Val e:  91.11 , Val l: 0.5344 | Test e:  71.77 
| Epoch  146 | Train e:  96.75, T l:  0.1773 | Val e:  90.99 , Val l: 0.6205 | Test e:  71.70 
| Epoch  147 | Train e:  96.73, T l:  0.1714 | Val e:  91.37 , Val l: 0.5553 | Test e:  71.86 
| Epoch  148 | Train e:  96.75, T l:  0.1796 | Val e:  89.89 , Val l: 0.9477 | Test e:  71.16 
| Epoch  149 | Train e:  96.86, T l:  0.1711 | Val e:  90.64 , Val l: 0.6829 | Test e:  71.90 
| Epoch  150 | Train e:  96.83, T l:  0.1703 | Val e:  90.10 , Val l: 0.8811 | Test e:  71.82 
| Epoch  151 | Train e:  96.73, T l:  0.1747 | Val e:  90.63 , Val l: 0.6873 | Test e:  72.41 
| Epoch  152 | Train e:  97.03, T l:  0.1814 | Val e:  90.61 , Val l: 0.7388 | Test e:  71.91 
| Epoch  153 | Train e:  96.86, T l:  0.1708 | Val e:  90.02 , Val l: 0.8576 | Test e:  71.73 
| Epoch  154 | Train e:  96.89, T l:  0.1851 | Val e:  91.35 , Val l: 0.5721 | Test e:  72.09 
| Epoch  155 | Train e:  96.89, T l:  0.1644 | Val e:  91.36 , Val l: 0.5506 | Test e:  72.17 
| Epoch  156 | Train e:  96.86, T l:  0.1742 | Val e:  90.76 , Val l: 0.7307 | Test e:  71.59 
| Epoch  157 | Train e:  97.03, T l:  0.1712 | Val e:  91.26 , Val l: 0.6487 | Test e:  71.90 
| Epoch  158 | Train e:  96.88, T l:  0.1772 | Val e:  90.63 , Val l: 0.7259 | Test e:  71.69 
| Epoch  159 | Train e:  97.08, T l:  0.1679 | Val e:  89.96 , Val l: 0.8281 | Test e:  71.76 
| Epoch  160 | Train e:  97.01, T l:  0.1674 | Val e:  91.52 , Val l: 0.5684 | Test e:  71.94 
| Epoch  161 | Train e:  96.88, T l:  0.1740 | Val e:  91.02 , Val l: 0.5705 | Test e:  71.88 
| Epoch  162 | Train e:  97.09, T l:  0.1736 | Val e:  91.32 , Val l: 0.6118 | Test e:  72.03 
| Epoch  163 | Train e:  97.00, T l:  0.1627 | Val e:  90.37 , Val l: 0.6939 | Test e:  71.73 
| Epoch  164 | Train e:  97.06, T l:  0.1594 | Val e:  90.58 , Val l: 0.6957 | Test e:  71.86 
| Epoch  165 | Train e:  97.03, T l:  0.1697 | Val e:  90.49 , Val l: 0.6828 | Test e:  72.05 
| Epoch  166 | Train e:  96.99, T l:  0.1724 | Val e:  90.06 , Val l: 0.7202 | Test e:  71.95 
| Epoch  167 | Train e:  96.93, T l:  0.1664 | Val e:  90.31 , Val l: 0.6924 | Test e:  71.93 
| Epoch  168 | Train e:  97.06, T l:  0.1656 | Val e:  90.37 , Val l: 0.8474 | Test e:  71.57 
| Epoch  169 | Train e:  97.17, T l:  0.1658 | Val e:  90.46 , Val l: 0.7948 | Test e:  71.63 
| Epoch  170 | Train e:  97.05, T l:  0.1622 | Val e:  91.11 , Val l: 0.6148 | Test e:  72.13 
| Epoch  171 | Train e:  97.12, T l:  0.1616 | Val e:  90.62 , Val l: 0.7118 | Test e:  71.71 
| Epoch  172 | Train e:  97.08, T l:  0.1627 | Val e:  90.81 , Val l: 0.6424 | Test e:  72.04 
| Epoch  173 | Train e:  97.17, T l:  0.1674 | Val e:  90.93 , Val l: 0.6020 | Test e:  72.17 
| Epoch  174 | Train e:  97.09, T l:  0.1623 | Val e:  91.08 , Val l: 0.5931 | Test e:  72.28 
| Epoch  175 | Train e:  97.20, T l:  0.1681 | Val e:  90.59 , Val l: 0.7115 | Test e:  72.05 
| Epoch  176 | Train e:  97.20, T l:  0.1587 | Val e:  90.71 , Val l: 0.7127 | Test e:  71.99 
| Epoch  177 | Train e:  97.19, T l:  0.1596 | Val e:  90.18 , Val l: 0.8056 | Test e:  71.41 
| Epoch  178 | Train e:  97.19, T l:  0.1648 | Val e:  90.35 , Val l: 0.8453 | Test e:  71.82 
| Epoch  179 | Train e:  97.25, T l:  0.1709 | Val e:  90.96 , Val l: 0.7059 | Test e:  72.15 
| Epoch  180 | Train e:  97.12, T l:  0.1669 | Val e:  90.97 , Val l: 0.5953 | Test e:  72.61 
| Epoch  181 | Train e:  97.13, T l:  0.1642 | Val e:  91.03 , Val l: 0.6307 | Test e:  72.41 
| Epoch  182 | Train e:  97.20, T l:  0.1589 | Val e:  90.73 , Val l: 0.6583 | Test e:  71.97 
| Epoch  183 | Train e:  97.17, T l:  0.1615 | Val e:  90.75 , Val l: 0.6406 | Test e:  71.81 
| Epoch  184 | Train e:  97.25, T l:  0.1664 | Val e:  90.91 , Val l: 0.7146 | Test e:  71.98 
| Epoch  185 | Train e:  97.23, T l:  0.1557 | Val e:  90.97 , Val l: 0.6729 | Test e:  72.04 
| Epoch  186 | Train e:  97.26, T l:  0.1537 | Val e:  90.93 , Val l: 0.6843 | Test e:  72.15 
| Epoch  187 | Train e:  97.30, T l:  0.1635 | Val e:  91.00 , Val l: 0.6716 | Test e:  72.11 
| Epoch  188 | Train e:  97.18, T l:  0.1681 | Val e:  91.05 , Val l: 0.5981 | Test e:  72.39 
| Epoch  189 | Train e:  97.27, T l:  0.1635 | Val e:  91.07 , Val l: 0.6791 | Test e:  71.99 
| Epoch  190 | Train e:  97.31, T l:  0.1562 | Val e:  90.93 , Val l: 0.6965 | Test e:  71.90 
| Epoch  191 | Train e:  97.26, T l:  0.1602 | Val e:  90.74 , Val l: 0.7191 | Test e:  71.88 
| Epoch  192 | Train e:  97.30, T l:  0.1724 | Val e:  90.71 , Val l: 0.6838 | Test e:  71.92 
| Epoch  193 | Train e:  97.26, T l:  0.1579 | Val e:  90.36 , Val l: 0.7661 | Test e:  71.63 
| Epoch  194 | Train e:  97.30, T l:  0.1606 | Val e:  90.42 , Val l: 0.7503 | Test e:  71.72 
| Epoch  195 | Train e:  97.31, T l:  0.1526 | Val e:  90.74 , Val l: 0.7078 | Test e:  71.80 
| Epoch  196 | Train e:  97.29, T l:  0.1603 | Val e:  90.71 , Val l: 0.7154 | Test e:  71.76 
| Epoch  197 | Train e:  97.29, T l:  0.1605 | Val e:  90.69 , Val l: 0.7332 | Test e:  71.74 
| Epoch  198 | Train e:  97.26, T l:  0.1573 | Val e:  90.78 , Val l: 0.6952 | Test e:  71.85 
| Epoch  199 | Train e:  97.22, T l:  0.1605 | Val e:  90.78 , Val l: 0.6933 | Test e:  71.86 
