

===============================================
2022-12-19 12:03:07

main_gnnt.py --batch-size 64 --lr 0.0001 --warmup 50 --scheduler-type linear --seeds 2020 --device 1

None

dataset: ogbg-molbbbp
use_node_attr: False
pre_transform: None
transform: None
clean_cache: False
use_public_splits: True
use_val: True
use_val_loss: True
same_best_epoch: False
early_stop: False
scheduler_type: linear
epochs: 200
warmup: 50
batch_size: 64
lr: 0.0001
weight_decay: 0.0001
seeds: 2020
save_state: False
transformer_dropout: 0.1



| Epoch    0 | Train e:  41.08, T l:  0.4744 | Val e:  54.12 , Val l: 1.4865 | Test e:  49.90 
| Epoch    1 | Train e:  41.87, T l:  0.4603 | Val e:  56.51 , Val l: 1.7023 | Test e:  50.38 
| Epoch    2 | Train e:  48.32, T l:  0.4602 | Val e:  57.31 , Val l: 1.7820 | Test e:  52.85 
| Epoch    3 | Train e:  58.60, T l:  0.4507 | Val e:  61.28 , Val l: 1.7666 | Test e:  58.23 
| Epoch    4 | Train e:  64.32, T l:  0.4432 | Val e:  61.17 , Val l: 1.8278 | Test e:  58.49 
| Epoch    5 | Train e:  66.31, T l:  0.4484 | Val e:  58.71 , Val l: 2.0181 | Test e:  58.96 
| Epoch    6 | Train e:  67.09, T l:  0.4498 | Val e:  57.33 , Val l: 1.9261 | Test e:  59.18 
| Epoch    7 | Train e:  68.05, T l:  0.4379 | Val e:  58.47 , Val l: 2.0109 | Test e:  60.39 
| Epoch    8 | Train e:  68.45, T l:  0.4334 | Val e:  60.16 , Val l: 1.9298 | Test e:  60.55 
| Epoch    9 | Train e:  70.47, T l:  0.4304 | Val e:  64.52 , Val l: 2.1061 | Test e:  61.43 
| Epoch   10 | Train e:  70.98, T l:  0.4295 | Val e:  65.33 , Val l: 1.7603 | Test e:  61.55 
| Epoch   11 | Train e:  72.07, T l:  0.4309 | Val e:  66.72 , Val l: 1.3553 | Test e:  61.86 
| Epoch   12 | Train e:  72.35, T l:  0.4284 | Val e:  71.79 , Val l: 1.7161 | Test e:  62.59 
| Epoch   13 | Train e:  73.76, T l:  0.4139 | Val e:  72.91 , Val l: 1.5578 | Test e:  63.45 
| Epoch   14 | Train e:  74.97, T l:  0.4212 | Val e:  75.23 , Val l: 1.7362 | Test e:  64.60 
| Epoch   15 | Train e:  76.44, T l:  0.4096 | Val e:  77.47 , Val l: 1.2961 | Test e:  64.67 
| Epoch   16 | Train e:  77.69, T l:  0.4047 | Val e:  80.21 , Val l: 1.3560 | Test e:  65.05 
| Epoch   17 | Train e:  78.73, T l:  0.4016 | Val e:  81.93 , Val l: 1.1024 | Test e:  64.87 
| Epoch   18 | Train e:  79.62, T l:  0.3843 | Val e:  84.87 , Val l: 1.1775 | Test e:  64.92 
| Epoch   19 | Train e:  80.45, T l:  0.3786 | Val e:  85.51 , Val l: 0.8930 | Test e:  65.50 
| Epoch   20 | Train e:  81.57, T l:  0.3792 | Val e:  85.74 , Val l: 1.2952 | Test e:  64.70 
| Epoch   21 | Train e:  82.13, T l:  0.3633 | Val e:  86.60 , Val l: 0.9002 | Test e:  64.82 
| Epoch   22 | Train e:  82.83, T l:  0.3551 | Val e:  88.34 , Val l: 1.3603 | Test e:  64.97 
| Epoch   23 | Train e:  83.22, T l:  0.3620 | Val e:  88.76 , Val l: 1.0266 | Test e:  64.63 
| Epoch   24 | Train e:  83.56, T l:  0.3497 | Val e:  90.13 , Val l: 1.4035 | Test e:  64.30 
| Epoch   25 | Train e:  83.76, T l:  0.3657 | Val e:  89.60 , Val l: 0.7865 | Test e:  64.32 
| Epoch   26 | Train e:  84.57, T l:  0.3342 | Val e:  90.32 , Val l: 0.8331 | Test e:  64.50 
| Epoch   27 | Train e:  84.83, T l:  0.3426 | Val e:  90.45 , Val l: 0.6547 | Test e:  64.72 
| Epoch   28 | Train e:  85.10, T l:  0.3356 | Val e:  90.62 , Val l: 0.8091 | Test e:  63.58 
| Epoch   29 | Train e:  85.93, T l:  0.3203 | Val e:  90.96 , Val l: 1.2352 | Test e:  63.48 
| Epoch   30 | Train e:  86.25, T l:  0.3351 | Val e:  90.19 , Val l: 0.7436 | Test e:  63.94 
| Epoch   31 | Train e:  85.98, T l:  0.3183 | Val e:  90.70 , Val l: 0.5167 | Test e:  64.18 
| Epoch   32 | Train e:  87.24, T l:  0.3131 | Val e:  91.10 , Val l: 0.9343 | Test e:  63.24 
| Epoch   33 | Train e:  87.56, T l:  0.3163 | Val e:  90.51 , Val l: 0.8443 | Test e:  63.53 
| Epoch   34 | Train e:  87.92, T l:  0.2940 | Val e:  90.23 , Val l: 0.7466 | Test e:  63.15 
| Epoch   35 | Train e:  88.32, T l:  0.3085 | Val e:  90.75 , Val l: 0.9226 | Test e:  64.16 
| Epoch   36 | Train e:  88.79, T l:  0.3141 | Val e:  90.23 , Val l: 1.3046 | Test e:  63.80 
| Epoch   37 | Train e:  88.98, T l:  0.3094 | Val e:  90.52 , Val l: 1.0823 | Test e:  64.14 
| Epoch   38 | Train e:  88.92, T l:  0.3005 | Val e:  90.00 , Val l: 0.7117 | Test e:  63.24 
| Epoch   39 | Train e:  88.80, T l:  0.2954 | Val e:  88.14 , Val l: 1.8010 | Test e:  63.66 
| Epoch   40 | Train e:  89.25, T l:  0.3051 | Val e:  90.45 , Val l: 0.7332 | Test e:  63.75 
| Epoch   41 | Train e:  89.57, T l:  0.2879 | Val e:  89.74 , Val l: 0.8678 | Test e:  63.59 
| Epoch   42 | Train e:  89.30, T l:  0.2797 | Val e:  89.38 , Val l: 0.4925 | Test e:  63.92 
| Epoch   43 | Train e:  89.62, T l:  0.3041 | Val e:  90.24 , Val l: 0.5655 | Test e:  64.50 
| Epoch   44 | Train e:  89.93, T l:  0.2756 | Val e:  90.71 , Val l: 0.6257 | Test e:  64.58 
| Epoch   45 | Train e:  89.54, T l:  0.2739 | Val e:  90.16 , Val l: 0.6085 | Test e:  63.72 
| Epoch   46 | Train e:  90.64, T l:  0.2753 | Val e:  89.65 , Val l: 0.8907 | Test e:  64.50 
| Epoch   47 | Train e:  90.86, T l:  0.2851 | Val e:  89.79 , Val l: 0.9469 | Test e:  64.94 
| Epoch   48 | Train e:  90.76, T l:  0.2786 | Val e:  90.67 , Val l: 0.7699 | Test e:  64.82 
| Epoch   49 | Train e:  91.15, T l:  0.2732 | Val e:  89.71 , Val l: 0.8725 | Test e:  64.51 
| Epoch   50 | Train e:  91.23, T l:  0.2673 | Val e:  89.31 , Val l: 0.9027 | Test e:  64.99 
| Epoch   51 | Train e:  91.14, T l:  0.2689 | Val e:  90.39 , Val l: 0.6680 | Test e:  65.34 
| Epoch   52 | Train e:  91.46, T l:  0.2697 | Val e:  89.27 , Val l: 0.6599 | Test e:  64.76 
| Epoch   53 | Train e:  91.23, T l:  0.2770 | Val e:  89.53 , Val l: 0.8767 | Test e:  64.82 
| Epoch   54 | Train e:  91.49, T l:  0.2751 | Val e:  89.98 , Val l: 0.5779 | Test e:  65.60 
| Epoch   55 | Train e:  91.58, T l:  0.2733 | Val e:  90.49 , Val l: 0.6056 | Test e:  65.55 
| Epoch   56 | Train e:  92.14, T l:  0.2646 | Val e:  88.69 , Val l: 1.0690 | Test e:  65.21 
| Epoch   57 | Train e:  92.14, T l:  0.2568 | Val e:  89.78 , Val l: 0.7863 | Test e:  65.60 
| Epoch   58 | Train e:  92.08, T l:  0.2609 | Val e:  90.60 , Val l: 0.6736 | Test e:  65.37 
| Epoch   59 | Train e:  92.22, T l:  0.2541 | Val e:  89.62 , Val l: 0.7490 | Test e:  65.33 
| Epoch   60 | Train e:  92.02, T l:  0.2581 | Val e:  89.71 , Val l: 0.8334 | Test e:  65.42 
| Epoch   61 | Train e:  91.97, T l:  0.2553 | Val e:  88.89 , Val l: 0.9520 | Test e:  65.05 
| Epoch   62 | Train e:  92.64, T l:  0.2474 | Val e:  90.17 , Val l: 0.7184 | Test e:  65.10 
| Epoch   63 | Train e:  92.77, T l:  0.2529 | Val e:  90.06 , Val l: 0.6260 | Test e:  65.62 
| Epoch   64 | Train e:  92.98, T l:  0.2558 | Val e:  90.61 , Val l: 0.5697 | Test e:  65.84 
| Epoch   65 | Train e:  92.96, T l:  0.2416 | Val e:  91.13 , Val l: 0.5507 | Test e:  66.18 
| Epoch   66 | Train e:  93.12, T l:  0.2442 | Val e:  91.04 , Val l: 0.6625 | Test e:  66.36 
| Epoch   67 | Train e:  92.80, T l:  0.2355 | Val e:  89.19 , Val l: 1.1561 | Test e:  66.22 
| Epoch   68 | Train e:  92.47, T l:  0.2561 | Val e:  89.82 , Val l: 0.8139 | Test e:  64.93 
| Epoch   69 | Train e:  92.88, T l:  0.2398 | Val e:  90.90 , Val l: 0.6497 | Test e:  66.62 
| Epoch   70 | Train e:  93.61, T l:  0.2429 | Val e:  89.77 , Val l: 0.7984 | Test e:  66.19 
| Epoch   71 | Train e:  93.61, T l:  0.2312 | Val e:  90.06 , Val l: 0.8384 | Test e:  66.26 
| Epoch   72 | Train e:  93.77, T l:  0.2360 | Val e:  90.35 , Val l: 0.7555 | Test e:  66.76 
| Epoch   73 | Train e:  93.75, T l:  0.2379 | Val e:  91.00 , Val l: 0.6132 | Test e:  66.93 
| Epoch   74 | Train e:  94.11, T l:  0.2292 | Val e:  90.01 , Val l: 0.7170 | Test e:  67.47 
| Epoch   75 | Train e:  94.02, T l:  0.2265 | Val e:  90.62 , Val l: 0.6792 | Test e:  68.10 
| Epoch   76 | Train e:  93.89, T l:  0.2386 | Val e:  90.89 , Val l: 0.5978 | Test e:  67.57 
| Epoch   77 | Train e:  94.10, T l:  0.2281 | Val e:  90.24 , Val l: 0.6317 | Test e:  66.44 
| Epoch   78 | Train e:  94.11, T l:  0.2252 | Val e:  89.21 , Val l: 1.2002 | Test e:  68.18 
| Epoch   79 | Train e:  94.43, T l:  0.2304 | Val e:  90.74 , Val l: 0.5636 | Test e:  67.45 
| Epoch   80 | Train e:  94.01, T l:  0.2362 | Val e:  90.81 , Val l: 0.5468 | Test e:  66.48 
| Epoch   81 | Train e:  94.05, T l:  0.2196 | Val e:  91.10 , Val l: 0.5073 | Test e:  68.32 
| Epoch   82 | Train e:  94.48, T l:  0.2311 | Val e:  91.14 , Val l: 0.5060 | Test e:  67.35 
| Epoch   83 | Train e:  94.48, T l:  0.2398 | Val e:  91.42 , Val l: 0.5372 | Test e:  67.72 
| Epoch   84 | Train e:  94.71, T l:  0.2212 | Val e:  91.26 , Val l: 0.6585 | Test e:  68.71 
| Epoch   85 | Train e:  94.60, T l:  0.2137 | Val e:  91.41 , Val l: 0.5716 | Test e:  68.10 
| Epoch   86 | Train e:  94.34, T l:  0.2253 | Val e:  92.41 , Val l: 0.4454 | Test e:  67.50 
| Epoch   87 | Train e:  94.58, T l:  0.2337 | Val e:  90.26 , Val l: 0.7860 | Test e:  68.17 
| Epoch   88 | Train e:  94.75, T l:  0.2364 | Val e:  90.98 , Val l: 0.5970 | Test e:  67.21 
| Epoch   89 | Train e:  94.64, T l:  0.2202 | Val e:  91.57 , Val l: 0.4350 | Test e:  68.08 
| Epoch   90 | Train e:  94.83, T l:  0.2160 | Val e:  91.64 , Val l: 0.5379 | Test e:  68.43 
| Epoch   91 | Train e:  94.89, T l:  0.2268 | Val e:  90.55 , Val l: 0.7606 | Test e:  68.34 
| Epoch   92 | Train e:  94.96, T l:  0.2125 | Val e:  91.97 , Val l: 0.6089 | Test e:  68.51 
| Epoch   93 | Train e:  95.08, T l:  0.2133 | Val e:  91.65 , Val l: 0.5589 | Test e:  68.28 
| Epoch   94 | Train e:  94.92, T l:  0.2103 | Val e:  90.31 , Val l: 1.0513 | Test e:  68.92 
| Epoch   95 | Train e:  95.12, T l:  0.2204 | Val e:  91.25 , Val l: 0.5773 | Test e:  68.15 
| Epoch   96 | Train e:  94.61, T l:  0.2179 | Val e:  90.01 , Val l: 0.7507 | Test e:  67.19 
| Epoch   97 | Train e:  94.99, T l:  0.2127 | Val e:  90.71 , Val l: 0.6409 | Test e:  67.98 
| Epoch   98 | Train e:  95.17, T l:  0.2078 | Val e:  92.31 , Val l: 0.5087 | Test e:  69.23 
| Epoch   99 | Train e:  95.07, T l:  0.2216 | Val e:  90.65 , Val l: 0.6877 | Test e:  68.83 
| Epoch  100 | Train e:  95.30, T l:  0.2107 | Val e:  91.58 , Val l: 0.5441 | Test e:  68.88 
| Epoch  101 | Train e:  95.14, T l:  0.2162 | Val e:  91.31 , Val l: 0.5991 | Test e:  68.28 
| Epoch  102 | Train e:  95.40, T l:  0.2117 | Val e:  91.22 , Val l: 0.6870 | Test e:  69.00 
| Epoch  103 | Train e:  95.10, T l:  0.2048 | Val e:  90.89 , Val l: 0.7267 | Test e:  69.01 
| Epoch  104 | Train e:  95.45, T l:  0.2026 | Val e:  90.61 , Val l: 0.5994 | Test e:  68.42 
| Epoch  105 | Train e:  95.41, T l:  0.2110 | Val e:  91.65 , Val l: 0.5862 | Test e:  69.44 
| Epoch  106 | Train e:  95.49, T l:  0.2002 | Val e:  91.21 , Val l: 0.5750 | Test e:  68.89 
| Epoch  107 | Train e:  95.53, T l:  0.2007 | Val e:  91.24 , Val l: 0.7020 | Test e:  68.97 
| Epoch  108 | Train e:  95.56, T l:  0.1915 | Val e:  90.52 , Val l: 0.6964 | Test e:  68.35 
| Epoch  109 | Train e:  95.77, T l:  0.2031 | Val e:  91.47 , Val l: 0.5434 | Test e:  68.93 
| Epoch  110 | Train e:  95.19, T l:  0.1960 | Val e:  92.13 , Val l: 0.4538 | Test e:  68.10 
| Epoch  111 | Train e:  95.59, T l:  0.2060 | Val e:  90.66 , Val l: 0.7946 | Test e:  69.32 
| Epoch  112 | Train e:  95.76, T l:  0.1990 | Val e:  91.72 , Val l: 0.5270 | Test e:  69.20 
| Epoch  113 | Train e:  95.70, T l:  0.1881 | Val e:  91.40 , Val l: 0.6552 | Test e:  69.72 
| Epoch  114 | Train e:  95.70, T l:  0.1894 | Val e:  90.45 , Val l: 0.8444 | Test e:  68.63 
| Epoch  115 | Train e:  95.24, T l:  0.2006 | Val e:  89.59 , Val l: 0.8330 | Test e:  68.10 
| Epoch  116 | Train e:  95.81, T l:  0.1938 | Val e:  90.51 , Val l: 0.7852 | Test e:  69.11 
| Epoch  117 | Train e:  95.61, T l:  0.2047 | Val e:  91.89 , Val l: 0.4878 | Test e:  69.11 
| Epoch  118 | Train e:  95.91, T l:  0.2167 | Val e:  92.43 , Val l: 0.4935 | Test e:  69.72 
| Epoch  119 | Train e:  95.84, T l:  0.2017 | Val e:  91.49 , Val l: 0.7026 | Test e:  69.51 
| Epoch  120 | Train e:  95.75, T l:  0.1978 | Val e:  91.47 , Val l: 0.7410 | Test e:  69.27 
| Epoch  121 | Train e:  95.83, T l:  0.1949 | Val e:  92.05 , Val l: 0.6260 | Test e:  69.81 
| Epoch  122 | Train e:  95.95, T l:  0.1892 | Val e:  92.00 , Val l: 0.5201 | Test e:  68.68 
| Epoch  123 | Train e:  96.13, T l:  0.1847 | Val e:  92.09 , Val l: 0.6414 | Test e:  69.44 
| Epoch  124 | Train e:  96.06, T l:  0.2046 | Val e:  91.49 , Val l: 0.5385 | Test e:  69.23 
| Epoch  125 | Train e:  96.19, T l:  0.1923 | Val e:  91.77 , Val l: 0.5861 | Test e:  69.02 
| Epoch  126 | Train e:  96.15, T l:  0.1883 | Val e:  91.35 , Val l: 0.6870 | Test e:  69.44 
| Epoch  127 | Train e:  95.97, T l:  0.1880 | Val e:  92.37 , Val l: 0.5654 | Test e:  69.46 
| Epoch  128 | Train e:  96.14, T l:  0.1910 | Val e:  91.29 , Val l: 0.7781 | Test e:  70.01 
| Epoch  129 | Train e:  96.37, T l:  0.1846 | Val e:  91.94 , Val l: 0.5524 | Test e:  69.92 
| Epoch  130 | Train e:  95.45, T l:  0.2034 | Val e:  89.51 , Val l: 1.1048 | Test e:  69.10 
| Epoch  131 | Train e:  96.22, T l:  0.1833 | Val e:  91.76 , Val l: 0.6414 | Test e:  69.38 
| Epoch  132 | Train e:  96.08, T l:  0.1809 | Val e:  91.51 , Val l: 0.9180 | Test e:  69.82 
| Epoch  133 | Train e:  96.11, T l:  0.1933 | Val e:  90.86 , Val l: 0.6703 | Test e:  68.52 
| Epoch  134 | Train e:  96.38, T l:  0.2015 | Val e:  91.38 , Val l: 0.6221 | Test e:  69.39 
| Epoch  135 | Train e:  96.25, T l:  0.1968 | Val e:  91.77 , Val l: 0.6437 | Test e:  69.11 
| Epoch  136 | Train e:  96.26, T l:  0.1969 | Val e:  91.84 , Val l: 0.6992 | Test e:  69.12 
| Epoch  137 | Train e:  96.36, T l:  0.1832 | Val e:  91.16 , Val l: 0.7414 | Test e:  69.05 
| Epoch  138 | Train e:  96.45, T l:  0.1876 | Val e:  91.87 , Val l: 0.5740 | Test e:  68.96 
| Epoch  139 | Train e:  96.42, T l:  0.1822 | Val e:  91.71 , Val l: 0.5837 | Test e:  69.26 
| Epoch  140 | Train e:  96.38, T l:  0.1821 | Val e:  91.70 , Val l: 0.5730 | Test e:  69.93 
| Epoch  141 | Train e:  96.36, T l:  0.1902 | Val e:  91.58 , Val l: 0.6155 | Test e:  69.07 
| Epoch  142 | Train e:  96.73, T l:  0.1791 | Val e:  92.41 , Val l: 0.5040 | Test e:  68.95 
| Epoch  143 | Train e:  96.70, T l:  0.1914 | Val e:  91.65 , Val l: 0.6065 | Test e:  68.93 
| Epoch  144 | Train e:  96.50, T l:  0.1849 | Val e:  92.23 , Val l: 0.5118 | Test e:  68.99 
| Epoch  145 | Train e:  96.67, T l:  0.1796 | Val e:  91.98 , Val l: 0.5532 | Test e:  69.44 
| Epoch  146 | Train e:  96.59, T l:  0.1802 | Val e:  91.66 , Val l: 0.6134 | Test e:  69.35 
| Epoch  147 | Train e:  96.53, T l:  0.1796 | Val e:  91.65 , Val l: 0.7229 | Test e:  69.29 
| Epoch  148 | Train e:  96.58, T l:  0.1871 | Val e:  91.93 , Val l: 0.6886 | Test e:  69.23 
| Epoch  149 | Train e:  96.58, T l:  0.1797 | Val e:  91.80 , Val l: 0.6688 | Test e:  69.23 
| Epoch  150 | Train e:  96.51, T l:  0.1772 | Val e:  91.68 , Val l: 0.7216 | Test e:  69.87 
| Epoch  151 | Train e:  96.74, T l:  0.1765 | Val e:  92.06 , Val l: 0.5707 | Test e:  69.59 
| Epoch  152 | Train e:  96.88, T l:  0.1775 | Val e:  91.90 , Val l: 0.5331 | Test e:  69.50 
| Epoch  153 | Train e:  96.69, T l:  0.1799 | Val e:  91.70 , Val l: 0.6860 | Test e:  69.89 
| Epoch  154 | Train e:  96.71, T l:  0.1751 | Val e:  92.19 , Val l: 0.5938 | Test e:  69.61 
| Epoch  155 | Train e:  96.64, T l:  0.1621 | Val e:  91.27 , Val l: 0.9324 | Test e:  68.84 
| Epoch  156 | Train e:  96.82, T l:  0.1785 | Val e:  92.40 , Val l: 0.5275 | Test e:  69.46 
| Epoch  157 | Train e:  96.72, T l:  0.1785 | Val e:  91.98 , Val l: 0.5957 | Test e:  69.64 
| Epoch  158 | Train e:  96.79, T l:  0.1727 | Val e:  91.59 , Val l: 0.8068 | Test e:  69.09 
| Epoch  159 | Train e:  96.84, T l:  0.1710 | Val e:  91.81 , Val l: 0.5560 | Test e:  69.16 
| Epoch  160 | Train e:  96.80, T l:  0.1782 | Val e:  91.51 , Val l: 0.6911 | Test e:  68.92 
| Epoch  161 | Train e:  96.81, T l:  0.1652 | Val e:  91.94 , Val l: 0.5609 | Test e:  69.42 
| Epoch  162 | Train e:  96.79, T l:  0.1748 | Val e:  92.01 , Val l: 0.5756 | Test e:  69.28 
| Epoch  163 | Train e:  96.82, T l:  0.1729 | Val e:  91.70 , Val l: 0.5979 | Test e:  69.42 
| Epoch  164 | Train e:  96.83, T l:  0.1733 | Val e:  92.00 , Val l: 0.6214 | Test e:  69.51 
| Epoch  165 | Train e:  96.79, T l:  0.1728 | Val e:  91.56 , Val l: 0.7662 | Test e:  69.15 
| Epoch  166 | Train e:  96.91, T l:  0.1791 | Val e:  91.95 , Val l: 0.6737 | Test e:  69.75 
| Epoch  167 | Train e:  96.70, T l:  0.1732 | Val e:  91.25 , Val l: 0.8156 | Test e:  68.81 
| Epoch  168 | Train e:  96.95, T l:  0.1755 | Val e:  91.86 , Val l: 0.7082 | Test e:  69.68 
| Epoch  169 | Train e:  96.92, T l:  0.1682 | Val e:  91.85 , Val l: 0.7106 | Test e:  69.64 
| Epoch  170 | Train e:  96.87, T l:  0.1685 | Val e:  91.89 , Val l: 0.6895 | Test e:  69.40 
| Epoch  171 | Train e:  96.86, T l:  0.1703 | Val e:  91.09 , Val l: 0.9212 | Test e:  68.97 
| Epoch  172 | Train e:  96.94, T l:  0.1797 | Val e:  91.56 , Val l: 0.6513 | Test e:  69.83 
| Epoch  173 | Train e:  96.98, T l:  0.1723 | Val e:  91.90 , Val l: 0.5500 | Test e:  69.39 
| Epoch  174 | Train e:  97.03, T l:  0.1649 | Val e:  91.29 , Val l: 0.6872 | Test e:  69.08 
| Epoch  175 | Train e:  96.90, T l:  0.1646 | Val e:  91.63 , Val l: 0.6043 | Test e:  69.43 
| Epoch  176 | Train e:  97.00, T l:  0.1710 | Val e:  91.77 , Val l: 0.6154 | Test e:  69.08 
| Epoch  177 | Train e:  96.93, T l:  0.1613 | Val e:  91.87 , Val l: 0.5539 | Test e:  69.30 
| Epoch  178 | Train e:  96.96, T l:  0.1670 | Val e:  91.53 , Val l: 0.8058 | Test e:  69.46 
| Epoch  179 | Train e:  97.06, T l:  0.1696 | Val e:  91.69 , Val l: 0.6195 | Test e:  69.69 
| Epoch  180 | Train e:  97.03, T l:  0.1653 | Val e:  91.82 , Val l: 0.5962 | Test e:  69.73 
| Epoch  181 | Train e:  97.13, T l:  0.1671 | Val e:  91.49 , Val l: 0.7360 | Test e:  69.36 
| Epoch  182 | Train e:  96.93, T l:  0.1696 | Val e:  91.47 , Val l: 0.7241 | Test e:  69.57 
| Epoch  183 | Train e:  97.06, T l:  0.1693 | Val e:  91.86 , Val l: 0.5812 | Test e:  68.91 
| Epoch  184 | Train e:  97.04, T l:  0.1674 | Val e:  91.54 , Val l: 0.6936 | Test e:  69.29 
| Epoch  185 | Train e:  97.02, T l:  0.1632 | Val e:  91.48 , Val l: 0.7656 | Test e:  69.69 
| Epoch  186 | Train e:  97.14, T l:  0.1588 | Val e:  91.59 , Val l: 0.6765 | Test e:  69.56 
| Epoch  187 | Train e:  97.02, T l:  0.1712 | Val e:  91.66 , Val l: 0.6297 | Test e:  69.10 
| Epoch  188 | Train e:  97.05, T l:  0.1629 | Val e:  91.57 , Val l: 0.6643 | Test e:  69.26 
| Epoch  189 | Train e:  97.13, T l:  0.1650 | Val e:  91.83 , Val l: 0.6110 | Test e:  69.40 
| Epoch  190 | Train e:  97.12, T l:  0.1670 | Val e:  91.50 , Val l: 0.6862 | Test e:  69.37 
| Epoch  191 | Train e:  97.08, T l:  0.1662 | Val e:  91.69 , Val l: 0.6414 | Test e:  69.16 
| Epoch  192 | Train e:  97.15, T l:  0.1630 | Val e:  91.72 , Val l: 0.6576 | Test e:  69.13 
| Epoch  193 | Train e:  97.16, T l:  0.1598 | Val e:  91.70 , Val l: 0.6672 | Test e:  69.18 
| Epoch  194 | Train e:  97.05, T l:  0.1591 | Val e:  91.65 , Val l: 0.6977 | Test e:  69.48 
| Epoch  195 | Train e:  97.11, T l:  0.1556 | Val e:  91.61 , Val l: 0.6754 | Test e:  69.48 
| Epoch  196 | Train e:  97.19, T l:  0.1687 | Val e:  91.63 , Val l: 0.6741 | Test e:  69.43 
| Epoch  197 | Train e:  97.12, T l:  0.1586 | Val e:  91.58 , Val l: 0.7195 | Test e:  69.51 
| Epoch  198 | Train e:  97.24, T l:  0.1634 | Val e:  91.53 , Val l: 0.7030 | Test e:  69.56 
| Epoch  199 | Train e:  97.17, T l:  0.1596 | Val e:  91.59 , Val l: 0.6975 | Test e:  69.54 
