

===============================================
2022-12-19 10:15:40

main_g.py --batch-size 64 --lr 0.0001 --warmup 50 --scheduler-type linear --seeds 271828 --device 1

None

dataset: ogbg-molbbbp
use_node_attr: False
pre_transform: None
transform: None
clean_cache: False
use_public_splits: True
use_val: True
use_val_loss: True
same_best_epoch: False
early_stop: False
scheduler_type: linear
epochs: 200
warmup: 50
batch_size: 64
lr: 0.0001
weight_decay: 0.0001
seeds: 271828
save_state: False
transformer_dropout: 0.1



| Epoch    0 | Train e:  54.32, T l:  0.4571 | Val e:  49.51 , Val l: 1.5401 | Test e:  57.44 
| Epoch    1 | Train e:  56.99, T l:  0.4443 | Val e:  54.34 , Val l: 1.3754 | Test e:  58.80 
| Epoch    2 | Train e:  61.11, T l:  0.4406 | Val e:  61.45 , Val l: 1.3211 | Test e:  60.35 
| Epoch    3 | Train e:  66.46, T l:  0.4391 | Val e:  70.28 , Val l: 1.3267 | Test e:  62.08 
| Epoch    4 | Train e:  71.75, T l:  0.4413 | Val e:  78.53 , Val l: 1.2570 | Test e:  63.49 
| Epoch    5 | Train e:  74.83, T l:  0.4334 | Val e:  82.74 , Val l: 1.2647 | Test e:  64.30 
| Epoch    6 | Train e:  76.60, T l:  0.4332 | Val e:  85.29 , Val l: 1.1967 | Test e:  64.23 
| Epoch    7 | Train e:  77.33, T l:  0.4292 | Val e:  86.98 , Val l: 1.3184 | Test e:  64.60 
| Epoch    8 | Train e:  78.21, T l:  0.4258 | Val e:  88.39 , Val l: 1.1158 | Test e:  64.24 
| Epoch    9 | Train e:  78.48, T l:  0.4182 | Val e:  89.30 , Val l: 1.1410 | Test e:  64.19 
| Epoch   10 | Train e:  78.42, T l:  0.4104 | Val e:  89.77 , Val l: 0.9970 | Test e:  63.77 
| Epoch   11 | Train e:  79.06, T l:  0.4076 | Val e:  90.44 , Val l: 1.0755 | Test e:  63.50 
| Epoch   12 | Train e:  78.99, T l:  0.4042 | Val e:  90.84 , Val l: 0.7669 | Test e:  63.20 
| Epoch   13 | Train e:  79.30, T l:  0.3966 | Val e:  91.13 , Val l: 0.8263 | Test e:  63.12 
| Epoch   14 | Train e:  79.20, T l:  0.3863 | Val e:  91.17 , Val l: 0.7397 | Test e:  63.21 
| Epoch   15 | Train e:  79.36, T l:  0.3751 | Val e:  91.29 , Val l: 0.6241 | Test e:  63.00 
| Epoch   16 | Train e:  79.81, T l:  0.3780 | Val e:  91.13 , Val l: 0.5098 | Test e:  62.90 
| Epoch   17 | Train e:  80.89, T l:  0.3701 | Val e:  91.48 , Val l: 0.6910 | Test e:  63.52 
| Epoch   18 | Train e:  81.49, T l:  0.3593 | Val e:  91.61 , Val l: 0.5903 | Test e:  63.67 
| Epoch   19 | Train e:  82.10, T l:  0.3646 | Val e:  91.66 , Val l: 0.5348 | Test e:  63.84 
| Epoch   20 | Train e:  82.75, T l:  0.3490 | Val e:  91.66 , Val l: 0.5209 | Test e:  63.63 
| Epoch   21 | Train e:  83.53, T l:  0.3566 | Val e:  91.94 , Val l: 0.7805 | Test e:  64.03 
| Epoch   22 | Train e:  84.13, T l:  0.3563 | Val e:  92.21 , Val l: 0.7154 | Test e:  64.33 
| Epoch   23 | Train e:  84.18, T l:  0.3441 | Val e:  92.21 , Val l: 0.5385 | Test e:  64.11 
| Epoch   24 | Train e:  84.93, T l:  0.3390 | Val e:  92.25 , Val l: 0.6299 | Test e:  64.26 
| Epoch   25 | Train e:  85.26, T l:  0.3431 | Val e:  92.21 , Val l: 0.4860 | Test e:  64.29 
| Epoch   26 | Train e:  85.91, T l:  0.3236 | Val e:  92.26 , Val l: 0.6333 | Test e:  64.68 
| Epoch   27 | Train e:  86.56, T l:  0.3377 | Val e:  92.08 , Val l: 0.6630 | Test e:  64.68 
| Epoch   28 | Train e:  86.53, T l:  0.3409 | Val e:  92.13 , Val l: 0.5039 | Test e:  64.81 
| Epoch   29 | Train e:  86.74, T l:  0.3234 | Val e:  92.02 , Val l: 0.4710 | Test e:  64.66 
| Epoch   30 | Train e:  87.34, T l:  0.3241 | Val e:  91.74 , Val l: 0.5718 | Test e:  64.77 
| Epoch   31 | Train e:  87.94, T l:  0.3122 | Val e:  91.59 , Val l: 0.6324 | Test e:  64.55 
| Epoch   32 | Train e:  88.50, T l:  0.3155 | Val e:  91.50 , Val l: 0.6194 | Test e:  64.92 
| Epoch   33 | Train e:  88.59, T l:  0.3120 | Val e:  91.51 , Val l: 0.5928 | Test e:  64.83 
| Epoch   34 | Train e:  88.47, T l:  0.3235 | Val e:  91.71 , Val l: 0.4785 | Test e:  64.94 
| Epoch   35 | Train e:  89.06, T l:  0.2940 | Val e:  91.66 , Val l: 0.4561 | Test e:  65.08 
| Epoch   36 | Train e:  89.51, T l:  0.2934 | Val e:  91.74 , Val l: 0.5028 | Test e:  65.41 
| Epoch   37 | Train e:  89.98, T l:  0.3053 | Val e:  91.50 , Val l: 0.5426 | Test e:  65.36 
| Epoch   38 | Train e:  90.49, T l:  0.2849 | Val e:  91.48 , Val l: 0.5773 | Test e:  65.71 
| Epoch   39 | Train e:  90.65, T l:  0.2880 | Val e:  91.36 , Val l: 0.5977 | Test e:  65.69 
| Epoch   40 | Train e:  90.91, T l:  0.2798 | Val e:  91.24 , Val l: 0.5797 | Test e:  65.48 
| Epoch   41 | Train e:  90.74, T l:  0.2800 | Val e:  91.61 , Val l: 0.4451 | Test e:  64.68 
| Epoch   42 | Train e:  91.26, T l:  0.2817 | Val e:  91.33 , Val l: 0.5204 | Test e:  66.13 
| Epoch   43 | Train e:  91.11, T l:  0.2872 | Val e:  91.78 , Val l: 0.4328 | Test e:  65.37 
| Epoch   44 | Train e:  91.48, T l:  0.2641 | Val e:  90.87 , Val l: 0.5997 | Test e:  66.08 
| Epoch   45 | Train e:  91.62, T l:  0.2737 | Val e:  91.91 , Val l: 0.4628 | Test e:  65.60 
| Epoch   46 | Train e:  91.86, T l:  0.2683 | Val e:  91.86 , Val l: 0.4775 | Test e:  66.54 
| Epoch   47 | Train e:  92.16, T l:  0.2720 | Val e:  91.29 , Val l: 0.4926 | Test e:  66.71 
| Epoch   48 | Train e:  92.47, T l:  0.2652 | Val e:  91.37 , Val l: 0.6257 | Test e:  67.77 
| Epoch   49 | Train e:  92.59, T l:  0.2719 | Val e:  91.82 , Val l: 0.6014 | Test e:  67.32 
| Epoch   50 | Train e:  92.63, T l:  0.2542 | Val e:  91.61 , Val l: 0.4912 | Test e:  66.35 
| Epoch   51 | Train e:  92.38, T l:  0.2554 | Val e:  92.11 , Val l: 0.4436 | Test e:  65.75 
| Epoch   52 | Train e:  92.57, T l:  0.2624 | Val e:  91.72 , Val l: 0.4219 | Test e:  65.78 
| Epoch   53 | Train e:  93.09, T l:  0.2563 | Val e:  91.70 , Val l: 0.5926 | Test e:  67.41 
| Epoch   54 | Train e:  92.94, T l:  0.2715 | Val e:  91.49 , Val l: 0.6569 | Test e:  67.87 
| Epoch   55 | Train e:  92.82, T l:  0.2592 | Val e:  91.79 , Val l: 0.4691 | Test e:  66.19 
| Epoch   56 | Train e:  92.68, T l:  0.2543 | Val e:  92.45 , Val l: 0.3828 | Test e:  65.08 
| Epoch   57 | Train e:  93.40, T l:  0.2454 | Val e:  91.91 , Val l: 0.6191 | Test e:  67.47 
| Epoch   58 | Train e:  93.47, T l:  0.2477 | Val e:  90.56 , Val l: 0.8121 | Test e:  68.08 
| Epoch   59 | Train e:  93.58, T l:  0.2424 | Val e:  91.96 , Val l: 0.4783 | Test e:  67.42 
| Epoch   60 | Train e:  93.03, T l:  0.2399 | Val e:  92.46 , Val l: 0.3887 | Test e:  66.75 
| Epoch   61 | Train e:  93.60, T l:  0.2440 | Val e:  91.49 , Val l: 0.4734 | Test e:  67.00 
| Epoch   62 | Train e:  93.77, T l:  0.2479 | Val e:  91.67 , Val l: 0.4529 | Test e:  67.73 
| Epoch   63 | Train e:  93.89, T l:  0.2432 | Val e:  91.89 , Val l: 0.4784 | Test e:  67.26 
| Epoch   64 | Train e:  93.85, T l:  0.2427 | Val e:  91.53 , Val l: 0.5407 | Test e:  68.18 
| Epoch   65 | Train e:  94.04, T l:  0.2277 | Val e:  91.80 , Val l: 0.4427 | Test e:  67.57 
| Epoch   66 | Train e:  94.10, T l:  0.2429 | Val e:  91.91 , Val l: 0.4824 | Test e:  67.84 
| Epoch   67 | Train e:  93.69, T l:  0.2297 | Val e:  92.53 , Val l: 0.3977 | Test e:  66.56 
| Epoch   68 | Train e:  94.05, T l:  0.2491 | Val e:  92.12 , Val l: 0.4409 | Test e:  68.47 
| Epoch   69 | Train e:  93.67, T l:  0.2277 | Val e:  91.42 , Val l: 0.6379 | Test e:  67.97 
| Epoch   70 | Train e:  92.77, T l:  0.2421 | Val e:  92.53 , Val l: 0.3919 | Test e:  65.51 
| Epoch   71 | Train e:  94.05, T l:  0.2359 | Val e:  92.71 , Val l: 0.4414 | Test e:  67.97 
| Epoch   72 | Train e:  94.47, T l:  0.2291 | Val e:  91.92 , Val l: 0.6077 | Test e:  68.90 
| Epoch   73 | Train e:  94.42, T l:  0.2352 | Val e:  92.08 , Val l: 0.4522 | Test e:  68.26 
| Epoch   74 | Train e:  94.38, T l:  0.2185 | Val e:  91.12 , Val l: 0.6145 | Test e:  67.81 
| Epoch   75 | Train e:  94.19, T l:  0.2170 | Val e:  92.32 , Val l: 0.4405 | Test e:  68.09 
| Epoch   76 | Train e:  94.68, T l:  0.2222 | Val e:  92.52 , Val l: 0.4408 | Test e:  67.99 
| Epoch   77 | Train e:  94.69, T l:  0.2130 | Val e:  91.44 , Val l: 0.6026 | Test e:  68.59 
| Epoch   78 | Train e:  94.90, T l:  0.2164 | Val e:  91.80 , Val l: 0.5261 | Test e:  68.82 
| Epoch   79 | Train e:  94.69, T l:  0.2160 | Val e:  92.58 , Val l: 0.4590 | Test e:  69.22 
| Epoch   80 | Train e:  94.96, T l:  0.2234 | Val e:  92.08 , Val l: 0.5437 | Test e:  68.86 
| Epoch   81 | Train e:  94.83, T l:  0.2181 | Val e:  91.80 , Val l: 0.4756 | Test e:  67.88 
| Epoch   82 | Train e:  94.84, T l:  0.2048 | Val e:  92.69 , Val l: 0.4199 | Test e:  68.15 
| Epoch   83 | Train e:  95.11, T l:  0.2220 | Val e:  92.39 , Val l: 0.4588 | Test e:  68.86 
| Epoch   84 | Train e:  95.13, T l:  0.2092 | Val e:  92.01 , Val l: 0.5370 | Test e:  69.40 
| Epoch   85 | Train e:  95.16, T l:  0.2100 | Val e:  92.70 , Val l: 0.4422 | Test e:  69.43 
| Epoch   86 | Train e:  95.21, T l:  0.2041 | Val e:  92.85 , Val l: 0.4782 | Test e:  69.38 
| Epoch   87 | Train e:  95.32, T l:  0.2147 | Val e:  92.60 , Val l: 0.5967 | Test e:  70.21 
| Epoch   88 | Train e:  95.24, T l:  0.2118 | Val e:  92.44 , Val l: 0.4794 | Test e:  69.10 
| Epoch   89 | Train e:  94.98, T l:  0.2104 | Val e:  92.24 , Val l: 0.5996 | Test e:  68.99 
| Epoch   90 | Train e:  95.25, T l:  0.2142 | Val e:  92.17 , Val l: 0.6107 | Test e:  69.19 
| Epoch   91 | Train e:  95.21, T l:  0.2194 | Val e:  92.57 , Val l: 0.3842 | Test e:  68.74 
| Epoch   92 | Train e:  95.20, T l:  0.2282 | Val e:  91.97 , Val l: 0.5971 | Test e:  69.34 
| Epoch   93 | Train e:  95.43, T l:  0.2083 | Val e:  92.44 , Val l: 0.4655 | Test e:  69.03 
| Epoch   94 | Train e:  95.46, T l:  0.1993 | Val e:  92.96 , Val l: 0.4637 | Test e:  68.86 
| Epoch   95 | Train e:  95.53, T l:  0.2010 | Val e:  92.76 , Val l: 0.5266 | Test e:  69.59 
| Epoch   96 | Train e:  95.62, T l:  0.2044 | Val e:  92.70 , Val l: 0.5463 | Test e:  69.39 
| Epoch   97 | Train e:  95.64, T l:  0.2001 | Val e:  92.76 , Val l: 0.4182 | Test e:  68.65 
| Epoch   98 | Train e:  95.68, T l:  0.2053 | Val e:  92.76 , Val l: 0.6998 | Test e:  69.62 
| Epoch   99 | Train e:  95.62, T l:  0.2013 | Val e:  92.79 , Val l: 0.3916 | Test e:  67.51 
| Epoch  100 | Train e:  95.69, T l:  0.2065 | Val e:  92.82 , Val l: 0.5798 | Test e:  69.79 
| Epoch  101 | Train e:  95.64, T l:  0.1989 | Val e:  92.84 , Val l: 0.4892 | Test e:  68.42 
| Epoch  102 | Train e:  95.58, T l:  0.2087 | Val e:  93.00 , Val l: 0.4098 | Test e:  68.86 
| Epoch  103 | Train e:  95.75, T l:  0.1968 | Val e:  93.15 , Val l: 0.4387 | Test e:  69.44 
| Epoch  104 | Train e:  95.90, T l:  0.1890 | Val e:  93.07 , Val l: 0.5378 | Test e:  69.55 
| Epoch  105 | Train e:  95.81, T l:  0.1998 | Val e:  92.61 , Val l: 0.4744 | Test e:  69.05 
| Epoch  106 | Train e:  95.96, T l:  0.1985 | Val e:  92.95 , Val l: 0.4490 | Test e:  68.89 
| Epoch  107 | Train e:  95.87, T l:  0.2019 | Val e:  93.13 , Val l: 0.3699 | Test e:  67.80 
| Epoch  108 | Train e:  95.89, T l:  0.2028 | Val e:  92.86 , Val l: 0.5484 | Test e:  69.20 
| Epoch  109 | Train e:  95.92, T l:  0.1981 | Val e:  93.30 , Val l: 0.4255 | Test e:  69.42 
| Epoch  110 | Train e:  96.06, T l:  0.1835 | Val e:  92.78 , Val l: 0.5110 | Test e:  69.28 
| Epoch  111 | Train e:  96.11, T l:  0.1964 | Val e:  93.32 , Val l: 0.4107 | Test e:  69.47 
| Epoch  112 | Train e:  96.14, T l:  0.1958 | Val e:  93.10 , Val l: 0.4422 | Test e:  69.12 
| Epoch  113 | Train e:  95.98, T l:  0.1902 | Val e:  93.18 , Val l: 0.5207 | Test e:  69.57 
| Epoch  114 | Train e:  96.12, T l:  0.2002 | Val e:  93.21 , Val l: 0.4114 | Test e:  69.19 
| Epoch  115 | Train e:  96.19, T l:  0.1969 | Val e:  93.11 , Val l: 0.4788 | Test e:  69.59 
| Epoch  116 | Train e:  96.18, T l:  0.1949 | Val e:  93.43 , Val l: 0.3831 | Test e:  69.06 
| Epoch  117 | Train e:  96.26, T l:  0.1852 | Val e:  93.14 , Val l: 0.6241 | Test e:  69.85 
| Epoch  118 | Train e:  96.33, T l:  0.1907 | Val e:  93.51 , Val l: 0.4025 | Test e:  69.67 
| Epoch  119 | Train e:  96.25, T l:  0.1827 | Val e:  93.14 , Val l: 0.4776 | Test e:  69.04 
| Epoch  120 | Train e:  96.11, T l:  0.1869 | Val e:  92.69 , Val l: 0.4761 | Test e:  68.98 
| Epoch  121 | Train e:  96.32, T l:  0.1887 | Val e:  93.55 , Val l: 0.4999 | Test e:  69.69 
| Epoch  122 | Train e:  96.24, T l:  0.1910 | Val e:  92.84 , Val l: 0.4923 | Test e:  68.98 
| Epoch  123 | Train e:  96.30, T l:  0.1881 | Val e:  93.01 , Val l: 0.5326 | Test e:  69.28 
| Epoch  124 | Train e:  96.15, T l:  0.1899 | Val e:  93.19 , Val l: 0.3984 | Test e:  69.17 
| Epoch  125 | Train e:  96.23, T l:  0.1926 | Val e:  93.51 , Val l: 0.5210 | Test e:  70.32 
| Epoch  126 | Train e:  96.31, T l:  0.1909 | Val e:  92.47 , Val l: 0.6724 | Test e:  69.90 
| Epoch  127 | Train e:  96.15, T l:  0.1979 | Val e:  93.56 , Val l: 0.3738 | Test e:  69.59 
| Epoch  128 | Train e:  96.31, T l:  0.1928 | Val e:  92.69 , Val l: 0.5732 | Test e:  69.27 
| Epoch  129 | Train e:  96.34, T l:  0.1855 | Val e:  92.77 , Val l: 0.4734 | Test e:  69.11 
| Epoch  130 | Train e:  96.32, T l:  0.1809 | Val e:  93.28 , Val l: 0.3723 | Test e:  68.89 
| Epoch  131 | Train e:  96.48, T l:  0.1909 | Val e:  92.69 , Val l: 0.6106 | Test e:  69.48 
| Epoch  132 | Train e:  96.53, T l:  0.1824 | Val e:  93.08 , Val l: 0.3959 | Test e:  69.24 
| Epoch  133 | Train e:  96.53, T l:  0.1817 | Val e:  92.92 , Val l: 0.4439 | Test e:  69.16 
| Epoch  134 | Train e:  96.50, T l:  0.1745 | Val e:  92.65 , Val l: 0.4626 | Test e:  68.85 
| Epoch  135 | Train e:  96.63, T l:  0.1812 | Val e:  92.98 , Val l: 0.4948 | Test e:  69.89 
| Epoch  136 | Train e:  96.55, T l:  0.1773 | Val e:  92.78 , Val l: 0.5227 | Test e:  69.48 
| Epoch  137 | Train e:  96.48, T l:  0.2056 | Val e:  93.10 , Val l: 0.4410 | Test e:  69.77 
| Epoch  138 | Train e:  96.55, T l:  0.1807 | Val e:  92.78 , Val l: 0.5344 | Test e:  69.36 
| Epoch  139 | Train e:  96.59, T l:  0.1796 | Val e:  93.23 , Val l: 0.4740 | Test e:  69.97 
| Epoch  140 | Train e:  96.64, T l:  0.1797 | Val e:  93.17 , Val l: 0.4744 | Test e:  69.70 
| Epoch  141 | Train e:  96.67, T l:  0.1776 | Val e:  93.06 , Val l: 0.5114 | Test e:  69.51 
| Epoch  142 | Train e:  96.63, T l:  0.1787 | Val e:  92.89 , Val l: 0.5860 | Test e:  69.68 
| Epoch  143 | Train e:  96.73, T l:  0.1759 | Val e:  93.15 , Val l: 0.4521 | Test e:  69.35 
| Epoch  144 | Train e:  96.77, T l:  0.1841 | Val e:  93.43 , Val l: 0.4157 | Test e:  69.43 
| Epoch  145 | Train e:  96.70, T l:  0.1728 | Val e:  92.99 , Val l: 0.5313 | Test e:  69.74 
| Epoch  146 | Train e:  96.70, T l:  0.1801 | Val e:  93.11 , Val l: 0.4716 | Test e:  69.57 
| Epoch  147 | Train e:  96.73, T l:  0.1821 | Val e:  93.28 , Val l: 0.4407 | Test e:  69.54 
| Epoch  148 | Train e:  96.77, T l:  0.1757 | Val e:  93.17 , Val l: 0.5071 | Test e:  69.73 
| Epoch  149 | Train e:  96.75, T l:  0.1861 | Val e:  93.19 , Val l: 0.4352 | Test e:  69.49 
| Epoch  150 | Train e:  96.75, T l:  0.1869 | Val e:  93.14 , Val l: 0.4712 | Test e:  69.76 
| Epoch  151 | Train e:  96.76, T l:  0.1727 | Val e:  93.25 , Val l: 0.5347 | Test e:  70.29 
| Epoch  152 | Train e:  96.75, T l:  0.1825 | Val e:  92.78 , Val l: 0.5622 | Test e:  69.45 
| Epoch  153 | Train e:  96.78, T l:  0.1766 | Val e:  93.19 , Val l: 0.4907 | Test e:  69.94 
| Epoch  154 | Train e:  96.82, T l:  0.1783 | Val e:  93.21 , Val l: 0.4226 | Test e:  69.43 
| Epoch  155 | Train e:  96.82, T l:  0.1688 | Val e:  92.98 , Val l: 0.4326 | Test e:  69.08 
| Epoch  156 | Train e:  96.86, T l:  0.1755 | Val e:  93.24 , Val l: 0.4377 | Test e:  69.17 
| Epoch  157 | Train e:  96.74, T l:  0.1719 | Val e:  92.84 , Val l: 0.5623 | Test e:  69.16 
| Epoch  158 | Train e:  96.87, T l:  0.1680 | Val e:  93.42 , Val l: 0.5479 | Test e:  70.04 
| Epoch  159 | Train e:  96.90, T l:  0.1605 | Val e:  93.09 , Val l: 0.4563 | Test e:  68.98 
| Epoch  160 | Train e:  96.94, T l:  0.1604 | Val e:  93.00 , Val l: 0.5255 | Test e:  69.42 
| Epoch  161 | Train e:  96.95, T l:  0.1662 | Val e:  93.15 , Val l: 0.4331 | Test e:  69.08 
| Epoch  162 | Train e:  96.87, T l:  0.1696 | Val e:  92.84 , Val l: 0.5306 | Test e:  69.50 
| Epoch  163 | Train e:  96.94, T l:  0.1700 | Val e:  93.10 , Val l: 0.4878 | Test e:  69.42 
| Epoch  164 | Train e:  96.95, T l:  0.1649 | Val e:  93.17 , Val l: 0.4822 | Test e:  69.41 
| Epoch  165 | Train e:  96.97, T l:  0.1684 | Val e:  93.11 , Val l: 0.5148 | Test e:  69.61 
| Epoch  166 | Train e:  96.98, T l:  0.1696 | Val e:  93.14 , Val l: 0.4384 | Test e:  69.06 
| Epoch  167 | Train e:  96.93, T l:  0.1681 | Val e:  93.05 , Val l: 0.4556 | Test e:  68.93 
| Epoch  168 | Train e:  96.99, T l:  0.1776 | Val e:  93.11 , Val l: 0.4725 | Test e:  69.15 
| Epoch  169 | Train e:  96.96, T l:  0.1710 | Val e:  92.94 , Val l: 0.5070 | Test e:  69.02 
| Epoch  170 | Train e:  97.02, T l:  0.1645 | Val e:  93.17 , Val l: 0.4246 | Test e:  69.20 
| Epoch  171 | Train e:  97.00, T l:  0.1670 | Val e:  92.95 , Val l: 0.4471 | Test e:  69.50 
| Epoch  172 | Train e:  96.98, T l:  0.1675 | Val e:  93.11 , Val l: 0.4589 | Test e:  69.71 
| Epoch  173 | Train e:  97.01, T l:  0.1718 | Val e:  93.28 , Val l: 0.4586 | Test e:  69.95 
| Epoch  174 | Train e:  96.99, T l:  0.1624 | Val e:  93.12 , Val l: 0.4505 | Test e:  70.00 
| Epoch  175 | Train e:  96.97, T l:  0.1619 | Val e:  93.02 , Val l: 0.4341 | Test e:  69.75 
| Epoch  176 | Train e:  97.00, T l:  0.1614 | Val e:  92.83 , Val l: 0.5375 | Test e:  69.44 
| Epoch  177 | Train e:  97.03, T l:  0.1736 | Val e:  93.02 , Val l: 0.5404 | Test e:  69.86 
| Epoch  178 | Train e:  97.05, T l:  0.1653 | Val e:  93.26 , Val l: 0.4548 | Test e:  69.78 
| Epoch  179 | Train e:  97.05, T l:  0.1699 | Val e:  93.21 , Val l: 0.4567 | Test e:  69.92 
| Epoch  180 | Train e:  97.09, T l:  0.1602 | Val e:  93.24 , Val l: 0.4880 | Test e:  69.85 
| Epoch  181 | Train e:  97.10, T l:  0.1664 | Val e:  93.12 , Val l: 0.4793 | Test e:  69.57 
| Epoch  182 | Train e:  97.07, T l:  0.1647 | Val e:  93.05 , Val l: 0.5414 | Test e:  69.55 
| Epoch  183 | Train e:  97.11, T l:  0.1663 | Val e:  93.06 , Val l: 0.4641 | Test e:  69.79 
| Epoch  184 | Train e:  97.13, T l:  0.1724 | Val e:  93.10 , Val l: 0.4587 | Test e:  69.77 
| Epoch  185 | Train e:  97.09, T l:  0.1714 | Val e:  93.04 , Val l: 0.4987 | Test e:  69.63 
| Epoch  186 | Train e:  97.09, T l:  0.1579 | Val e:  92.98 , Val l: 0.5196 | Test e:  69.70 
| Epoch  187 | Train e:  97.12, T l:  0.1694 | Val e:  92.93 , Val l: 0.4735 | Test e:  69.51 
| Epoch  188 | Train e:  97.14, T l:  0.1612 | Val e:  93.03 , Val l: 0.4606 | Test e:  69.64 
| Epoch  189 | Train e:  97.11, T l:  0.1647 | Val e:  93.05 , Val l: 0.4966 | Test e:  69.81 
| Epoch  190 | Train e:  97.14, T l:  0.1584 | Val e:  93.05 , Val l: 0.4922 | Test e:  69.66 
| Epoch  191 | Train e:  97.15, T l:  0.1620 | Val e:  93.08 , Val l: 0.4698 | Test e:  69.73 
| Epoch  192 | Train e:  97.14, T l:  0.1592 | Val e:  93.13 , Val l: 0.4885 | Test e:  69.91 
| Epoch  193 | Train e:  97.16, T l:  0.1551 | Val e:  93.16 , Val l: 0.4597 | Test e:  69.73 
| Epoch  194 | Train e:  97.15, T l:  0.1664 | Val e:  93.08 , Val l: 0.4720 | Test e:  69.77 
| Epoch  195 | Train e:  97.15, T l:  0.1654 | Val e:  93.12 , Val l: 0.4649 | Test e:  69.80 
| Epoch  196 | Train e:  97.14, T l:  0.1579 | Val e:  93.12 , Val l: 0.4721 | Test e:  69.78 
| Epoch  197 | Train e:  97.14, T l:  0.1696 | Val e:  93.11 , Val l: 0.4796 | Test e:  69.82 
| Epoch  198 | Train e:  97.14, T l:  0.1701 | Val e:  93.11 , Val l: 0.4769 | Test e:  69.77 
| Epoch  199 | Train e:  97.14, T l:  0.1635 | Val e:  93.10 , Val l: 0.4766 | Test e:  69.80 
