

===============================================
2022-12-19 08:21:49

main_gnnt.py --batch-size 64 --lr 0.0001 --warmup 50 --scheduler-type linear --seeds 886 --device 1

None

dataset: ogbg-molbbbp
use_node_attr: False
pre_transform: None
transform: None
clean_cache: False
use_public_splits: True
use_val: True
use_val_loss: True
same_best_epoch: False
early_stop: False
scheduler_type: linear
epochs: 200
warmup: 50
batch_size: 64
lr: 0.0001
weight_decay: 0.0001
seeds: 886
save_state: False
transformer_dropout: 0.1



| Epoch    0 | Train e:  58.89, T l:  0.4613 | Val e:  54.19 , Val l: 2.0620 | Test e:  56.97 
| Epoch    1 | Train e:  60.43, T l:  0.4482 | Val e:  54.48 , Val l: 1.8295 | Test e:  57.16 
| Epoch    2 | Train e:  61.79, T l:  0.4508 | Val e:  56.69 , Val l: 1.7785 | Test e:  57.57 
| Epoch    3 | Train e:  64.35, T l:  0.4427 | Val e:  58.87 , Val l: 1.8536 | Test e:  58.18 
| Epoch    4 | Train e:  65.10, T l:  0.4450 | Val e:  60.21 , Val l: 1.7964 | Test e:  59.11 
| Epoch    5 | Train e:  68.20, T l:  0.4366 | Val e:  61.65 , Val l: 1.7130 | Test e:  59.57 
| Epoch    6 | Train e:  69.44, T l:  0.4297 | Val e:  65.20 , Val l: 1.6582 | Test e:  60.58 
| Epoch    7 | Train e:  70.96, T l:  0.4273 | Val e:  67.34 , Val l: 1.7147 | Test e:  61.11 
| Epoch    8 | Train e:  72.49, T l:  0.4250 | Val e:  69.66 , Val l: 1.8208 | Test e:  61.82 
| Epoch    9 | Train e:  72.28, T l:  0.4187 | Val e:  71.81 , Val l: 1.7333 | Test e:  61.94 
| Epoch   10 | Train e:  74.30, T l:  0.4086 | Val e:  73.96 , Val l: 1.4241 | Test e:  62.35 
| Epoch   11 | Train e:  75.31, T l:  0.4146 | Val e:  75.16 , Val l: 1.2007 | Test e:  63.20 
| Epoch   12 | Train e:  76.55, T l:  0.4190 | Val e:  76.50 , Val l: 0.9075 | Test e:  63.44 
| Epoch   13 | Train e:  77.52, T l:  0.4122 | Val e:  79.86 , Val l: 1.0000 | Test e:  63.72 
| Epoch   14 | Train e:  78.24, T l:  0.3989 | Val e:  81.12 , Val l: 1.3029 | Test e:  64.34 
| Epoch   15 | Train e:  79.31, T l:  0.3983 | Val e:  82.21 , Val l: 1.0021 | Test e:  64.27 
| Epoch   16 | Train e:  80.33, T l:  0.3858 | Val e:  83.34 , Val l: 1.2636 | Test e:  64.81 
| Epoch   17 | Train e:  80.61, T l:  0.3951 | Val e:  83.17 , Val l: 1.2961 | Test e:  64.83 
| Epoch   18 | Train e:  80.60, T l:  0.3853 | Val e:  82.98 , Val l: 0.7454 | Test e:  64.57 
| Epoch   19 | Train e:  81.89, T l:  0.3633 | Val e:  84.90 , Val l: 1.1220 | Test e:  64.76 
| Epoch   20 | Train e:  81.73, T l:  0.3689 | Val e:  85.36 , Val l: 0.6195 | Test e:  64.42 
| Epoch   21 | Train e:  83.12, T l:  0.3652 | Val e:  88.00 , Val l: 1.0300 | Test e:  65.00 
| Epoch   22 | Train e:  84.33, T l:  0.3585 | Val e:  87.67 , Val l: 0.6145 | Test e:  64.74 
| Epoch   23 | Train e:  85.42, T l:  0.3542 | Val e:  89.53 , Val l: 0.9314 | Test e:  64.96 
| Epoch   24 | Train e:  85.63, T l:  0.3338 | Val e:  88.89 , Val l: 0.5798 | Test e:  65.03 
| Epoch   25 | Train e:  86.79, T l:  0.3318 | Val e:  90.02 , Val l: 0.7602 | Test e:  64.73 
| Epoch   26 | Train e:  87.06, T l:  0.3302 | Val e:  90.30 , Val l: 0.7052 | Test e:  64.77 
| Epoch   27 | Train e:  87.69, T l:  0.3201 | Val e:  90.79 , Val l: 0.7376 | Test e:  64.40 
| Epoch   28 | Train e:  87.51, T l:  0.3222 | Val e:  90.73 , Val l: 0.7455 | Test e:  63.76 
| Epoch   29 | Train e:  88.32, T l:  0.3193 | Val e:  90.26 , Val l: 0.6326 | Test e:  63.49 
| Epoch   30 | Train e:  87.94, T l:  0.3095 | Val e:  90.21 , Val l: 0.5356 | Test e:  63.51 
| Epoch   31 | Train e:  88.65, T l:  0.3085 | Val e:  90.06 , Val l: 0.6831 | Test e:  63.80 
| Epoch   32 | Train e:  88.03, T l:  0.3256 | Val e:  90.80 , Val l: 0.7021 | Test e:  63.57 
| Epoch   33 | Train e:  88.86, T l:  0.3119 | Val e:  90.34 , Val l: 0.6428 | Test e:  62.92 
| Epoch   34 | Train e:  89.00, T l:  0.3104 | Val e:  90.50 , Val l: 0.5174 | Test e:  63.38 
| Epoch   35 | Train e:  88.45, T l:  0.3109 | Val e:  90.61 , Val l: 0.4901 | Test e:  62.72 
| Epoch   36 | Train e:  89.03, T l:  0.2910 | Val e:  91.27 , Val l: 0.9954 | Test e:  62.96 
| Epoch   37 | Train e:  88.89, T l:  0.2996 | Val e:  90.70 , Val l: 0.5494 | Test e:  62.98 
| Epoch   38 | Train e:  89.43, T l:  0.2934 | Val e:  90.56 , Val l: 0.5002 | Test e:  62.64 
| Epoch   39 | Train e:  88.96, T l:  0.2822 | Val e:  90.14 , Val l: 0.4826 | Test e:  62.75 
| Epoch   40 | Train e:  89.93, T l:  0.2870 | Val e:  89.99 , Val l: 0.5416 | Test e:  63.19 
| Epoch   41 | Train e:  90.23, T l:  0.3103 | Val e:  89.81 , Val l: 0.8454 | Test e:  63.99 
| Epoch   42 | Train e:  90.15, T l:  0.2911 | Val e:  90.24 , Val l: 0.6465 | Test e:  63.69 
| Epoch   43 | Train e:  89.77, T l:  0.2926 | Val e:  90.67 , Val l: 0.4421 | Test e:  63.06 
| Epoch   44 | Train e:  90.24, T l:  0.2761 | Val e:  90.46 , Val l: 0.5201 | Test e:  62.77 
| Epoch   45 | Train e:  90.75, T l:  0.2714 | Val e:  90.72 , Val l: 0.7239 | Test e:  64.24 
| Epoch   46 | Train e:  90.62, T l:  0.3143 | Val e:  90.99 , Val l: 0.7911 | Test e:  64.03 
| Epoch   47 | Train e:  89.70, T l:  0.2921 | Val e:  90.90 , Val l: 0.4503 | Test e:  63.26 
| Epoch   48 | Train e:  90.55, T l:  0.2868 | Val e:  90.52 , Val l: 0.4849 | Test e:  63.72 
| Epoch   49 | Train e:  90.56, T l:  0.2680 | Val e:  90.21 , Val l: 0.5656 | Test e:  63.13 
| Epoch   50 | Train e:  91.36, T l:  0.2659 | Val e:  90.23 , Val l: 0.7410 | Test e:  65.01 
| Epoch   51 | Train e:  91.66, T l:  0.2673 | Val e:  89.49 , Val l: 0.7417 | Test e:  64.98 
| Epoch   52 | Train e:  91.90, T l:  0.2722 | Val e:  90.04 , Val l: 0.7558 | Test e:  65.20 
| Epoch   53 | Train e:  91.99, T l:  0.2587 | Val e:  89.35 , Val l: 0.7498 | Test e:  64.78 
| Epoch   54 | Train e:  91.98, T l:  0.2639 | Val e:  90.22 , Val l: 0.7462 | Test e:  66.16 
| Epoch   55 | Train e:  92.30, T l:  0.2538 | Val e:  90.09 , Val l: 0.5892 | Test e:  65.24 
| Epoch   56 | Train e:  92.49, T l:  0.2611 | Val e:  90.20 , Val l: 0.4650 | Test e:  66.12 
| Epoch   57 | Train e:  92.63, T l:  0.2664 | Val e:  90.25 , Val l: 0.6582 | Test e:  66.21 
| Epoch   58 | Train e:  92.86, T l:  0.2595 | Val e:  90.62 , Val l: 0.8303 | Test e:  66.09 
| Epoch   59 | Train e:  92.52, T l:  0.2584 | Val e:  91.10 , Val l: 0.4926 | Test e:  66.13 
| Epoch   60 | Train e:  93.07, T l:  0.2501 | Val e:  90.97 , Val l: 0.6413 | Test e:  66.40 
| Epoch   61 | Train e:  93.29, T l:  0.2400 | Val e:  91.16 , Val l: 0.6580 | Test e:  66.31 
| Epoch   62 | Train e:  92.98, T l:  0.2397 | Val e:  89.62 , Val l: 0.9690 | Test e:  66.55 
| Epoch   63 | Train e:  93.24, T l:  0.2669 | Val e:  90.98 , Val l: 0.5650 | Test e:  66.18 
| Epoch   64 | Train e:  93.30, T l:  0.2377 | Val e:  91.05 , Val l: 0.6282 | Test e:  66.88 
| Epoch   65 | Train e:  93.64, T l:  0.2436 | Val e:  90.89 , Val l: 0.6620 | Test e:  67.18 
| Epoch   66 | Train e:  93.59, T l:  0.2400 | Val e:  91.52 , Val l: 0.6011 | Test e:  67.35 
| Epoch   67 | Train e:  93.83, T l:  0.2290 | Val e:  91.13 , Val l: 0.6502 | Test e:  67.46 
| Epoch   68 | Train e:  93.79, T l:  0.2470 | Val e:  91.43 , Val l: 0.5637 | Test e:  67.33 
| Epoch   69 | Train e:  94.13, T l:  0.2433 | Val e:  91.45 , Val l: 0.7071 | Test e:  67.77 
| Epoch   70 | Train e:  93.69, T l:  0.2344 | Val e:  90.46 , Val l: 0.8277 | Test e:  66.94 
| Epoch   71 | Train e:  94.04, T l:  0.2309 | Val e:  91.09 , Val l: 0.5952 | Test e:  67.65 
| Epoch   72 | Train e:  94.15, T l:  0.2214 | Val e:  91.20 , Val l: 0.6004 | Test e:  68.10 
| Epoch   73 | Train e:  93.78, T l:  0.2309 | Val e:  91.31 , Val l: 0.4645 | Test e:  67.31 
| Epoch   74 | Train e:  94.07, T l:  0.2542 | Val e:  90.00 , Val l: 0.6052 | Test e:  66.76 
| Epoch   75 | Train e:  94.21, T l:  0.2246 | Val e:  90.43 , Val l: 0.7980 | Test e:  67.38 
| Epoch   76 | Train e:  93.79, T l:  0.2293 | Val e:  91.00 , Val l: 0.7129 | Test e:  67.70 
| Epoch   77 | Train e:  94.10, T l:  0.2217 | Val e:  91.40 , Val l: 0.6615 | Test e:  68.15 
| Epoch   78 | Train e:  94.40, T l:  0.2178 | Val e:  90.68 , Val l: 0.5549 | Test e:  68.15 
| Epoch   79 | Train e:  94.62, T l:  0.2200 | Val e:  90.99 , Val l: 0.5975 | Test e:  68.32 
| Epoch   80 | Train e:  94.28, T l:  0.2233 | Val e:  91.31 , Val l: 0.5857 | Test e:  68.27 
| Epoch   81 | Train e:  94.29, T l:  0.2157 | Val e:  90.35 , Val l: 1.1077 | Test e:  67.79 
| Epoch   82 | Train e:  94.35, T l:  0.2495 | Val e:  90.95 , Val l: 0.5252 | Test e:  68.61 
| Epoch   83 | Train e:  94.51, T l:  0.2223 | Val e:  90.74 , Val l: 0.7054 | Test e:  68.11 
| Epoch   84 | Train e:  94.98, T l:  0.2263 | Val e:  91.69 , Val l: 0.5388 | Test e:  68.85 
| Epoch   85 | Train e:  94.66, T l:  0.2223 | Val e:  90.90 , Val l: 0.6852 | Test e:  68.76 
| Epoch   86 | Train e:  94.89, T l:  0.2207 | Val e:  91.61 , Val l: 0.5886 | Test e:  68.75 
| Epoch   87 | Train e:  94.85, T l:  0.2215 | Val e:  90.84 , Val l: 0.7126 | Test e:  67.69 
| Epoch   88 | Train e:  94.85, T l:  0.2130 | Val e:  92.12 , Val l: 0.5181 | Test e:  68.78 
| Epoch   89 | Train e:  94.58, T l:  0.2112 | Val e:  90.20 , Val l: 0.8182 | Test e:  68.57 
| Epoch   90 | Train e:  95.02, T l:  0.2107 | Val e:  92.38 , Val l: 0.5683 | Test e:  69.73 
| Epoch   91 | Train e:  95.08, T l:  0.2095 | Val e:  91.62 , Val l: 0.5516 | Test e:  69.46 
| Epoch   92 | Train e:  95.20, T l:  0.2147 | Val e:  92.93 , Val l: 0.4382 | Test e:  69.51 
| Epoch   93 | Train e:  95.05, T l:  0.2199 | Val e:  91.45 , Val l: 0.5328 | Test e:  69.86 
| Epoch   94 | Train e:  94.46, T l:  0.2101 | Val e:  87.25 , Val l: 0.9230 | Test e:  67.62 
| Epoch   95 | Train e:  95.25, T l:  0.2141 | Val e:  92.56 , Val l: 0.5350 | Test e:  69.40 
| Epoch   96 | Train e:  94.72, T l:  0.1985 | Val e:  90.52 , Val l: 0.7732 | Test e:  69.10 
| Epoch   97 | Train e:  95.37, T l:  0.2102 | Val e:  91.50 , Val l: 0.5272 | Test e:  69.29 
| Epoch   98 | Train e:  95.36, T l:  0.2091 | Val e:  91.40 , Val l: 0.5750 | Test e:  69.51 
| Epoch   99 | Train e:  95.38, T l:  0.2046 | Val e:  91.42 , Val l: 0.5349 | Test e:  69.26 
| Epoch  100 | Train e:  95.56, T l:  0.1979 | Val e:  92.56 , Val l: 0.4749 | Test e:  69.84 
| Epoch  101 | Train e:  95.10, T l:  0.2044 | Val e:  90.92 , Val l: 0.5623 | Test e:  69.39 
| Epoch  102 | Train e:  95.61, T l:  0.1968 | Val e:  91.54 , Val l: 0.5878 | Test e:  70.53 
| Epoch  103 | Train e:  95.64, T l:  0.2071 | Val e:  93.15 , Val l: 0.4417 | Test e:  70.50 
| Epoch  104 | Train e:  95.73, T l:  0.1997 | Val e:  91.87 , Val l: 0.5090 | Test e:  70.44 
| Epoch  105 | Train e:  95.56, T l:  0.1957 | Val e:  92.26 , Val l: 0.4958 | Test e:  70.33 
| Epoch  106 | Train e:  95.77, T l:  0.2048 | Val e:  92.17 , Val l: 0.5804 | Test e:  70.16 
| Epoch  107 | Train e:  96.02, T l:  0.1945 | Val e:  91.92 , Val l: 0.5624 | Test e:  70.88 
| Epoch  108 | Train e:  95.76, T l:  0.1975 | Val e:  91.51 , Val l: 0.6674 | Test e:  70.26 
| Epoch  109 | Train e:  95.87, T l:  0.1967 | Val e:  91.49 , Val l: 0.4973 | Test e:  70.38 
| Epoch  110 | Train e:  95.42, T l:  0.2046 | Val e:  89.07 , Val l: 0.9952 | Test e:  69.91 
| Epoch  111 | Train e:  95.85, T l:  0.1996 | Val e:  90.88 , Val l: 0.6725 | Test e:  70.21 
| Epoch  112 | Train e:  95.84, T l:  0.1941 | Val e:  91.20 , Val l: 0.6389 | Test e:  70.30 
| Epoch  113 | Train e:  96.20, T l:  0.1917 | Val e:  92.45 , Val l: 0.5107 | Test e:  70.52 
| Epoch  114 | Train e:  96.15, T l:  0.2044 | Val e:  91.47 , Val l: 0.5749 | Test e:  69.88 
| Epoch  115 | Train e:  95.96, T l:  0.1966 | Val e:  91.30 , Val l: 0.7582 | Test e:  69.50 
| Epoch  116 | Train e:  95.86, T l:  0.1871 | Val e:  91.32 , Val l: 0.6163 | Test e:  69.92 
| Epoch  117 | Train e:  96.26, T l:  0.1841 | Val e:  92.41 , Val l: 0.4728 | Test e:  70.20 
| Epoch  118 | Train e:  96.10, T l:  0.1969 | Val e:  90.93 , Val l: 0.7258 | Test e:  69.90 
| Epoch  119 | Train e:  96.28, T l:  0.1928 | Val e:  91.72 , Val l: 0.6896 | Test e:  70.31 
| Epoch  120 | Train e:  96.23, T l:  0.1805 | Val e:  92.53 , Val l: 0.4988 | Test e:  70.49 
| Epoch  121 | Train e:  96.30, T l:  0.1864 | Val e:  92.45 , Val l: 0.5063 | Test e:  70.39 
| Epoch  122 | Train e:  96.36, T l:  0.1850 | Val e:  91.47 , Val l: 0.6690 | Test e:  69.82 
| Epoch  123 | Train e:  96.17, T l:  0.1921 | Val e:  90.39 , Val l: 0.7860 | Test e:  69.50 
| Epoch  124 | Train e:  96.40, T l:  0.1849 | Val e:  91.53 , Val l: 0.7600 | Test e:  70.15 
| Epoch  125 | Train e:  96.51, T l:  0.1792 | Val e:  91.90 , Val l: 0.5615 | Test e:  69.95 
| Epoch  126 | Train e:  95.80, T l:  0.1862 | Val e:  92.29 , Val l: 0.4450 | Test e:  70.10 
| Epoch  127 | Train e:  96.21, T l:  0.1966 | Val e:  90.93 , Val l: 0.7908 | Test e:  69.64 
| Epoch  128 | Train e:  95.47, T l:  0.2019 | Val e:  91.21 , Val l: 0.5448 | Test e:  69.91 
| Epoch  129 | Train e:  96.35, T l:  0.1790 | Val e:  91.56 , Val l: 0.6839 | Test e:  69.97 
| Epoch  130 | Train e:  96.38, T l:  0.1807 | Val e:  91.80 , Val l: 0.6386 | Test e:  70.39 
| Epoch  131 | Train e:  96.54, T l:  0.1762 | Val e:  91.89 , Val l: 0.5707 | Test e:  70.22 
| Epoch  132 | Train e:  96.76, T l:  0.1724 | Val e:  91.97 , Val l: 0.5849 | Test e:  70.14 
| Epoch  133 | Train e:  96.53, T l:  0.1821 | Val e:  92.47 , Val l: 0.5273 | Test e:  70.27 
| Epoch  134 | Train e:  96.70, T l:  0.1856 | Val e:  92.62 , Val l: 0.5217 | Test e:  70.67 
| Epoch  135 | Train e:  96.39, T l:  0.1784 | Val e:  91.25 , Val l: 0.7767 | Test e:  69.74 
| Epoch  136 | Train e:  96.64, T l:  0.1832 | Val e:  92.25 , Val l: 0.5940 | Test e:  69.97 
| Epoch  137 | Train e:  96.59, T l:  0.1798 | Val e:  92.07 , Val l: 0.5570 | Test e:  70.24 
| Epoch  138 | Train e:  96.82, T l:  0.1737 | Val e:  91.79 , Val l: 0.6493 | Test e:  70.28 
| Epoch  139 | Train e:  96.67, T l:  0.1756 | Val e:  91.95 , Val l: 0.6188 | Test e:  70.51 
| Epoch  140 | Train e:  96.76, T l:  0.1768 | Val e:  92.75 , Val l: 0.5058 | Test e:  70.85 
| Epoch  141 | Train e:  96.69, T l:  0.1785 | Val e:  91.68 , Val l: 0.6923 | Test e:  70.69 
| Epoch  142 | Train e:  96.83, T l:  0.1692 | Val e:  92.48 , Val l: 0.5022 | Test e:  70.83 
| Epoch  143 | Train e:  96.85, T l:  0.1851 | Val e:  92.21 , Val l: 0.5855 | Test e:  71.13 
| Epoch  144 | Train e:  96.76, T l:  0.1777 | Val e:  92.37 , Val l: 0.4945 | Test e:  71.12 
| Epoch  145 | Train e:  96.64, T l:  0.1754 | Val e:  91.68 , Val l: 0.5888 | Test e:  71.24 
| Epoch  146 | Train e:  96.60, T l:  0.1734 | Val e:  90.59 , Val l: 0.8429 | Test e:  70.60 
| Epoch  147 | Train e:  96.42, T l:  0.1747 | Val e:  90.52 , Val l: 0.6986 | Test e:  70.54 
| Epoch  148 | Train e:  96.87, T l:  0.1712 | Val e:  91.37 , Val l: 0.6544 | Test e:  70.97 
| Epoch  149 | Train e:  96.92, T l:  0.1677 | Val e:  91.64 , Val l: 0.6311 | Test e:  70.52 
| Epoch  150 | Train e:  96.97, T l:  0.1721 | Val e:  91.88 , Val l: 0.6599 | Test e:  70.94 
| Epoch  151 | Train e:  96.77, T l:  0.1667 | Val e:  91.71 , Val l: 0.6547 | Test e:  70.71 
| Epoch  152 | Train e:  96.86, T l:  0.1778 | Val e:  91.33 , Val l: 0.6658 | Test e:  70.19 
| Epoch  153 | Train e:  96.90, T l:  0.1738 | Val e:  92.22 , Val l: 0.5570 | Test e:  70.85 
| Epoch  154 | Train e:  97.08, T l:  0.1671 | Val e:  91.98 , Val l: 0.6152 | Test e:  70.92 
| Epoch  155 | Train e:  96.82, T l:  0.1650 | Val e:  91.13 , Val l: 0.7905 | Test e:  70.57 
| Epoch  156 | Train e:  96.31, T l:  0.1750 | Val e:  89.56 , Val l: 0.8140 | Test e:  69.68 
| Epoch  157 | Train e:  96.87, T l:  0.1738 | Val e:  91.45 , Val l: 0.7253 | Test e:  70.62 
| Epoch  158 | Train e:  96.74, T l:  0.1700 | Val e:  91.89 , Val l: 0.5304 | Test e:  70.68 
| Epoch  159 | Train e:  96.99, T l:  0.1660 | Val e:  91.54 , Val l: 0.6207 | Test e:  70.68 
| Epoch  160 | Train e:  97.08, T l:  0.1792 | Val e:  91.90 , Val l: 0.5612 | Test e:  70.63 
| Epoch  161 | Train e:  97.08, T l:  0.1593 | Val e:  91.84 , Val l: 0.5791 | Test e:  70.97 
| Epoch  162 | Train e:  97.14, T l:  0.1660 | Val e:  92.06 , Val l: 0.5409 | Test e:  71.06 
| Epoch  163 | Train e:  97.20, T l:  0.1674 | Val e:  92.12 , Val l: 0.5499 | Test e:  71.05 
| Epoch  164 | Train e:  96.99, T l:  0.1659 | Val e:  91.02 , Val l: 0.7180 | Test e:  70.22 
| Epoch  165 | Train e:  97.06, T l:  0.1696 | Val e:  91.17 , Val l: 0.6855 | Test e:  70.18 
| Epoch  166 | Train e:  97.02, T l:  0.1674 | Val e:  92.03 , Val l: 0.5651 | Test e:  70.56 
| Epoch  167 | Train e:  96.95, T l:  0.1705 | Val e:  91.34 , Val l: 0.7062 | Test e:  70.30 
| Epoch  168 | Train e:  97.21, T l:  0.1758 | Val e:  91.97 , Val l: 0.5956 | Test e:  70.39 
| Epoch  169 | Train e:  96.95, T l:  0.1600 | Val e:  91.88 , Val l: 0.5918 | Test e:  70.53 
| Epoch  170 | Train e:  97.07, T l:  0.1634 | Val e:  90.69 , Val l: 0.7775 | Test e:  70.15 
| Epoch  171 | Train e:  96.87, T l:  0.1620 | Val e:  91.57 , Val l: 0.6505 | Test e:  70.86 
| Epoch  172 | Train e:  97.10, T l:  0.1668 | Val e:  91.42 , Val l: 0.6781 | Test e:  70.62 
| Epoch  173 | Train e:  97.16, T l:  0.1581 | Val e:  91.87 , Val l: 0.6146 | Test e:  70.52 
| Epoch  174 | Train e:  97.08, T l:  0.1653 | Val e:  91.79 , Val l: 0.6406 | Test e:  70.72 
| Epoch  175 | Train e:  97.05, T l:  0.1593 | Val e:  92.14 , Val l: 0.5640 | Test e:  70.78 
| Epoch  176 | Train e:  96.94, T l:  0.1623 | Val e:  91.48 , Val l: 0.6572 | Test e:  70.41 
| Epoch  177 | Train e:  96.99, T l:  0.1683 | Val e:  91.72 , Val l: 0.6224 | Test e:  70.78 
| Epoch  178 | Train e:  97.04, T l:  0.1650 | Val e:  91.09 , Val l: 0.7008 | Test e:  70.31 
| Epoch  179 | Train e:  97.15, T l:  0.1647 | Val e:  91.49 , Val l: 0.6671 | Test e:  70.54 
| Epoch  180 | Train e:  97.26, T l:  0.1621 | Val e:  91.43 , Val l: 0.6595 | Test e:  70.38 
| Epoch  181 | Train e:  96.99, T l:  0.1613 | Val e:  91.94 , Val l: 0.5836 | Test e:  70.77 
| Epoch  182 | Train e:  97.04, T l:  0.1666 | Val e:  92.31 , Val l: 0.5499 | Test e:  70.73 
| Epoch  183 | Train e:  97.06, T l:  0.1635 | Val e:  91.35 , Val l: 0.7143 | Test e:  70.29 
| Epoch  184 | Train e:  97.18, T l:  0.1638 | Val e:  91.83 , Val l: 0.6143 | Test e:  70.39 
| Epoch  185 | Train e:  97.25, T l:  0.1631 | Val e:  92.26 , Val l: 0.5917 | Test e:  70.78 
| Epoch  186 | Train e:  97.04, T l:  0.1639 | Val e:  91.80 , Val l: 0.6131 | Test e:  70.64 
| Epoch  187 | Train e:  97.31, T l:  0.1615 | Val e:  92.19 , Val l: 0.5555 | Test e:  70.76 
| Epoch  188 | Train e:  97.19, T l:  0.1626 | Val e:  91.66 , Val l: 0.6378 | Test e:  70.51 
| Epoch  189 | Train e:  97.17, T l:  0.1592 | Val e:  91.53 , Val l: 0.6516 | Test e:  70.52 
| Epoch  190 | Train e:  97.13, T l:  0.1599 | Val e:  91.61 , Val l: 0.6418 | Test e:  70.49 
| Epoch  191 | Train e:  97.27, T l:  0.1595 | Val e:  91.60 , Val l: 0.6587 | Test e:  70.55 
| Epoch  192 | Train e:  97.05, T l:  0.1592 | Val e:  91.47 , Val l: 0.6488 | Test e:  70.40 
| Epoch  193 | Train e:  97.35, T l:  0.1581 | Val e:  91.47 , Val l: 0.6596 | Test e:  70.43 
| Epoch  194 | Train e:  97.28, T l:  0.1558 | Val e:  91.69 , Val l: 0.6306 | Test e:  70.56 
| Epoch  195 | Train e:  97.21, T l:  0.1521 | Val e:  91.96 , Val l: 0.5941 | Test e:  70.71 
| Epoch  196 | Train e:  97.24, T l:  0.1614 | Val e:  91.57 , Val l: 0.6585 | Test e:  70.47 
| Epoch  197 | Train e:  97.34, T l:  0.1572 | Val e:  91.81 , Val l: 0.6272 | Test e:  70.61 
| Epoch  198 | Train e:  97.19, T l:  0.1585 | Val e:  91.85 , Val l: 0.6164 | Test e:  70.65 
| Epoch  199 | Train e:  97.16, T l:  0.1558 | Val e:  91.86 , Val l: 0.6160 | Test e:  70.63 
