

===============================================
2022-12-19 10:10:58

main_g.py --batch-size 64 --lr 0.0001 --warmup 50 --scheduler-type linear --seeds 886 --device 0

None

dataset: ogbg-molbbbp
use_node_attr: False
pre_transform: None
transform: None
clean_cache: False
use_public_splits: True
use_val: True
use_val_loss: True
same_best_epoch: False
early_stop: False
scheduler_type: linear
epochs: 200
warmup: 50
batch_size: 64
lr: 0.0001
weight_decay: 0.0001
seeds: 886
save_state: False
transformer_dropout: 0.1



| Epoch    0 | Train e:  41.56, T l:  0.4554 | Val e:  40.01 , Val l: 1.4084 | Test e:  57.03 
| Epoch    1 | Train e:  45.36, T l:  0.4526 | Val e:  47.43 , Val l: 1.4427 | Test e:  58.19 
| Epoch    2 | Train e:  52.76, T l:  0.4426 | Val e:  59.93 , Val l: 1.4124 | Test e:  58.97 
| Epoch    3 | Train e:  60.71, T l:  0.4433 | Val e:  71.60 , Val l: 1.3865 | Test e:  59.07 
| Epoch    4 | Train e:  65.44, T l:  0.4508 | Val e:  76.50 , Val l: 1.3652 | Test e:  58.79 
| Epoch    5 | Train e:  67.89, T l:  0.4439 | Val e:  78.88 , Val l: 1.3153 | Test e:  58.65 
| Epoch    6 | Train e:  70.00, T l:  0.4300 | Val e:  81.02 , Val l: 1.2870 | Test e:  60.00 
| Epoch    7 | Train e:  71.65, T l:  0.4303 | Val e:  82.86 , Val l: 1.1915 | Test e:  61.02 
| Epoch    8 | Train e:  72.90, T l:  0.4254 | Val e:  84.14 , Val l: 1.2710 | Test e:  61.68 
| Epoch    9 | Train e:  74.48, T l:  0.4291 | Val e:  85.72 , Val l: 1.1178 | Test e:  62.80 
| Epoch   10 | Train e:  76.27, T l:  0.4161 | Val e:  86.81 , Val l: 1.0363 | Test e:  63.63 
| Epoch   11 | Train e:  76.94, T l:  0.4153 | Val e:  87.04 , Val l: 1.0374 | Test e:  63.37 
| Epoch   12 | Train e:  77.92, T l:  0.4140 | Val e:  87.75 , Val l: 0.9081 | Test e:  63.70 
| Epoch   13 | Train e:  78.84, T l:  0.4016 | Val e:  88.13 , Val l: 0.8551 | Test e:  63.72 
| Epoch   14 | Train e:  79.39, T l:  0.3988 | Val e:  88.49 , Val l: 0.9235 | Test e:  63.93 
| Epoch   15 | Train e:  80.68, T l:  0.3874 | Val e:  89.11 , Val l: 0.7915 | Test e:  64.26 
| Epoch   16 | Train e:  81.26, T l:  0.3811 | Val e:  89.26 , Val l: 0.8421 | Test e:  64.42 
| Epoch   17 | Train e:  81.92, T l:  0.3858 | Val e:  89.59 , Val l: 0.9583 | Test e:  64.66 
| Epoch   18 | Train e:  82.66, T l:  0.3659 | Val e:  89.62 , Val l: 0.6621 | Test e:  64.68 
| Epoch   19 | Train e:  83.49, T l:  0.3536 | Val e:  89.63 , Val l: 0.6953 | Test e:  64.72 
| Epoch   20 | Train e:  83.92, T l:  0.3517 | Val e:  89.66 , Val l: 0.6512 | Test e:  64.66 
| Epoch   21 | Train e:  84.42, T l:  0.3505 | Val e:  90.08 , Val l: 0.6640 | Test e:  64.87 
| Epoch   22 | Train e:  85.26, T l:  0.3423 | Val e:  90.10 , Val l: 0.6782 | Test e:  64.83 
| Epoch   23 | Train e:  85.56, T l:  0.3386 | Val e:  90.34 , Val l: 0.7178 | Test e:  64.71 
| Epoch   24 | Train e:  86.10, T l:  0.3319 | Val e:  90.45 , Val l: 0.5950 | Test e:  65.01 
| Epoch   25 | Train e:  86.28, T l:  0.3410 | Val e:  90.59 , Val l: 0.7584 | Test e:  64.77 
| Epoch   26 | Train e:  86.60, T l:  0.3182 | Val e:  90.67 , Val l: 0.6194 | Test e:  64.71 
| Epoch   27 | Train e:  87.21, T l:  0.3132 | Val e:  90.75 , Val l: 0.5483 | Test e:  64.51 
| Epoch   28 | Train e:  87.46, T l:  0.3191 | Val e:  90.94 , Val l: 0.7043 | Test e:  64.44 
| Epoch   29 | Train e:  87.77, T l:  0.3129 | Val e:  90.70 , Val l: 0.5295 | Test e:  64.34 
| Epoch   30 | Train e:  87.97, T l:  0.3113 | Val e:  90.70 , Val l: 0.5604 | Test e:  63.89 
| Epoch   31 | Train e:  88.29, T l:  0.3108 | Val e:  90.76 , Val l: 0.5159 | Test e:  64.02 
| Epoch   32 | Train e:  88.16, T l:  0.3099 | Val e:  91.02 , Val l: 0.5919 | Test e:  64.25 
| Epoch   33 | Train e:  88.52, T l:  0.2995 | Val e:  91.00 , Val l: 0.4890 | Test e:  63.40 
| Epoch   34 | Train e:  88.50, T l:  0.3066 | Val e:  91.17 , Val l: 0.4413 | Test e:  63.43 
| Epoch   35 | Train e:  88.82, T l:  0.2959 | Val e:  91.08 , Val l: 0.4930 | Test e:  63.69 
| Epoch   36 | Train e:  89.11, T l:  0.2934 | Val e:  91.02 , Val l: 0.7343 | Test e:  63.72 
| Epoch   37 | Train e:  88.71, T l:  0.2884 | Val e:  91.48 , Val l: 0.4544 | Test e:  63.24 
| Epoch   38 | Train e:  89.43, T l:  0.2790 | Val e:  91.29 , Val l: 0.5150 | Test e:  63.64 
| Epoch   39 | Train e:  89.03, T l:  0.2820 | Val e:  91.74 , Val l: 0.4227 | Test e:  63.78 
| Epoch   40 | Train e:  89.82, T l:  0.2805 | Val e:  91.83 , Val l: 0.4727 | Test e:  64.05 
| Epoch   41 | Train e:  90.04, T l:  0.2852 | Val e:  91.68 , Val l: 0.5395 | Test e:  64.27 
| Epoch   42 | Train e:  90.40, T l:  0.2839 | Val e:  91.74 , Val l: 0.5734 | Test e:  64.55 
| Epoch   43 | Train e:  90.18, T l:  0.2824 | Val e:  91.92 , Val l: 0.4470 | Test e:  64.17 
| Epoch   44 | Train e:  90.56, T l:  0.2681 | Val e:  91.77 , Val l: 0.5321 | Test e:  64.02 
| Epoch   45 | Train e:  90.86, T l:  0.2738 | Val e:  91.53 , Val l: 0.6799 | Test e:  65.29 
| Epoch   46 | Train e:  90.61, T l:  0.3101 | Val e:  92.19 , Val l: 0.5711 | Test e:  65.02 
| Epoch   47 | Train e:  90.35, T l:  0.2816 | Val e:  92.04 , Val l: 0.4119 | Test e:  64.05 
| Epoch   48 | Train e:  90.79, T l:  0.2824 | Val e:  91.98 , Val l: 0.4208 | Test e:  64.42 
| Epoch   49 | Train e:  91.02, T l:  0.2680 | Val e:  91.91 , Val l: 0.4656 | Test e:  64.44 
| Epoch   50 | Train e:  91.56, T l:  0.2603 | Val e:  91.53 , Val l: 0.6025 | Test e:  65.80 
| Epoch   51 | Train e:  91.40, T l:  0.2653 | Val e:  91.75 , Val l: 0.6248 | Test e:  65.28 
| Epoch   52 | Train e:  91.78, T l:  0.2750 | Val e:  91.71 , Val l: 0.6100 | Test e:  65.92 
| Epoch   53 | Train e:  91.41, T l:  0.2703 | Val e:  91.89 , Val l: 0.4440 | Test e:  64.57 
| Epoch   54 | Train e:  91.98, T l:  0.2586 | Val e:  91.58 , Val l: 0.5602 | Test e:  66.10 
| Epoch   55 | Train e:  91.94, T l:  0.2530 | Val e:  91.61 , Val l: 0.4794 | Test e:  64.75 
| Epoch   56 | Train e:  92.03, T l:  0.2474 | Val e:  92.22 , Val l: 0.4041 | Test e:  65.25 
| Epoch   57 | Train e:  92.37, T l:  0.2449 | Val e:  92.23 , Val l: 0.4063 | Test e:  65.95 
| Epoch   58 | Train e:  92.64, T l:  0.2468 | Val e:  91.61 , Val l: 0.5800 | Test e:  66.20 
| Epoch   59 | Train e:  92.47, T l:  0.2427 | Val e:  92.11 , Val l: 0.4389 | Test e:  66.62 
| Epoch   60 | Train e:  92.97, T l:  0.2435 | Val e:  91.74 , Val l: 0.5044 | Test e:  67.20 
| Epoch   61 | Train e:  93.24, T l:  0.2419 | Val e:  92.11 , Val l: 0.5085 | Test e:  67.48 
| Epoch   62 | Train e:  93.26, T l:  0.2443 | Val e:  91.61 , Val l: 0.5073 | Test e:  67.69 
| Epoch   63 | Train e:  93.50, T l:  0.2459 | Val e:  92.03 , Val l: 0.5627 | Test e:  68.37 
| Epoch   64 | Train e:  93.31, T l:  0.2493 | Val e:  91.56 , Val l: 0.5050 | Test e:  67.45 
| Epoch   65 | Train e:  93.48, T l:  0.2409 | Val e:  92.39 , Val l: 0.5129 | Test e:  68.20 
| Epoch   66 | Train e:  93.45, T l:  0.2404 | Val e:  92.10 , Val l: 0.4658 | Test e:  67.38 
| Epoch   67 | Train e:  93.54, T l:  0.2332 | Val e:  92.28 , Val l: 0.4221 | Test e:  67.93 
| Epoch   68 | Train e:  93.76, T l:  0.2337 | Val e:  91.72 , Val l: 0.5071 | Test e:  67.77 
| Epoch   69 | Train e:  94.01, T l:  0.2312 | Val e:  92.32 , Val l: 0.5035 | Test e:  68.29 
| Epoch   70 | Train e:  93.61, T l:  0.2448 | Val e:  91.95 , Val l: 0.4910 | Test e:  68.47 
| Epoch   71 | Train e:  93.63, T l:  0.2318 | Val e:  91.81 , Val l: 0.5372 | Test e:  67.82 
| Epoch   72 | Train e:  93.99, T l:  0.2405 | Val e:  91.74 , Val l: 0.4751 | Test e:  68.21 
| Epoch   73 | Train e:  93.44, T l:  0.2291 | Val e:  91.91 , Val l: 0.4170 | Test e:  66.88 
| Epoch   74 | Train e:  93.58, T l:  0.2418 | Val e:  92.52 , Val l: 0.4059 | Test e:  66.98 
| Epoch   75 | Train e:  94.09, T l:  0.2280 | Val e:  92.02 , Val l: 0.5647 | Test e:  69.13 
| Epoch   76 | Train e:  94.14, T l:  0.2281 | Val e:  91.68 , Val l: 0.6267 | Test e:  68.90 
| Epoch   77 | Train e:  93.89, T l:  0.2257 | Val e:  92.37 , Val l: 0.5196 | Test e:  68.48 
| Epoch   78 | Train e:  93.86, T l:  0.2197 | Val e:  92.17 , Val l: 0.4465 | Test e:  67.84 
| Epoch   79 | Train e:  94.50, T l:  0.2181 | Val e:  91.87 , Val l: 0.4885 | Test e:  68.39 
| Epoch   80 | Train e:  94.00, T l:  0.2147 | Val e:  92.34 , Val l: 0.4644 | Test e:  68.12 
| Epoch   81 | Train e:  94.63, T l:  0.2188 | Val e:  92.09 , Val l: 0.5810 | Test e:  69.46 
| Epoch   82 | Train e:  94.60, T l:  0.2194 | Val e:  92.31 , Val l: 0.4871 | Test e:  69.68 
| Epoch   83 | Train e:  94.57, T l:  0.2268 | Val e:  92.69 , Val l: 0.5784 | Test e:  69.64 
| Epoch   84 | Train e:  94.72, T l:  0.2165 | Val e:  92.59 , Val l: 0.4732 | Test e:  68.96 
| Epoch   85 | Train e:  94.72, T l:  0.2169 | Val e:  92.74 , Val l: 0.4919 | Test e:  69.96 
| Epoch   86 | Train e:  94.83, T l:  0.2170 | Val e:  92.27 , Val l: 0.4497 | Test e:  69.27 
| Epoch   87 | Train e:  94.62, T l:  0.2238 | Val e:  91.72 , Val l: 0.5660 | Test e:  70.01 
| Epoch   88 | Train e:  94.90, T l:  0.2109 | Val e:  92.30 , Val l: 0.4486 | Test e:  68.92 
| Epoch   89 | Train e:  95.07, T l:  0.2147 | Val e:  92.32 , Val l: 0.5680 | Test e:  70.27 
| Epoch   90 | Train e:  94.79, T l:  0.2050 | Val e:  92.46 , Val l: 0.4417 | Test e:  69.27 
| Epoch   91 | Train e:  94.80, T l:  0.2031 | Val e:  92.50 , Val l: 0.4175 | Test e:  67.54 
| Epoch   92 | Train e:  95.07, T l:  0.2317 | Val e:  92.61 , Val l: 0.3887 | Test e:  68.78 
| Epoch   93 | Train e:  94.70, T l:  0.2192 | Val e:  92.51 , Val l: 0.4068 | Test e:  67.63 
| Epoch   94 | Train e:  95.03, T l:  0.2123 | Val e:  92.66 , Val l: 0.4976 | Test e:  69.42 
| Epoch   95 | Train e:  95.11, T l:  0.2112 | Val e:  92.22 , Val l: 0.4375 | Test e:  68.52 
| Epoch   96 | Train e:  95.00, T l:  0.2051 | Val e:  93.07 , Val l: 0.5457 | Test e:  70.70 
| Epoch   97 | Train e:  95.31, T l:  0.2228 | Val e:  92.54 , Val l: 0.3993 | Test e:  69.36 
| Epoch   98 | Train e:  94.67, T l:  0.2137 | Val e:  92.67 , Val l: 0.4121 | Test e:  68.74 
| Epoch   99 | Train e:  95.24, T l:  0.2074 | Val e:  92.58 , Val l: 0.4350 | Test e:  69.50 
| Epoch  100 | Train e:  95.11, T l:  0.2022 | Val e:  92.41 , Val l: 0.4274 | Test e:  69.15 
| Epoch  101 | Train e:  94.84, T l:  0.2002 | Val e:  92.57 , Val l: 0.4386 | Test e:  69.10 
| Epoch  102 | Train e:  95.22, T l:  0.2122 | Val e:  92.85 , Val l: 0.4549 | Test e:  70.67 
| Epoch  103 | Train e:  95.13, T l:  0.2191 | Val e:  92.60 , Val l: 0.3978 | Test e:  68.13 
| Epoch  104 | Train e:  95.21, T l:  0.2175 | Val e:  92.76 , Val l: 0.4257 | Test e:  70.54 
| Epoch  105 | Train e:  95.06, T l:  0.2048 | Val e:  92.59 , Val l: 0.4335 | Test e:  69.09 
| Epoch  106 | Train e:  95.59, T l:  0.2022 | Val e:  93.10 , Val l: 0.4267 | Test e:  70.51 
| Epoch  107 | Train e:  95.54, T l:  0.2026 | Val e:  93.37 , Val l: 0.3856 | Test e:  69.45 
| Epoch  108 | Train e:  95.50, T l:  0.2040 | Val e:  92.72 , Val l: 0.4372 | Test e:  69.49 
| Epoch  109 | Train e:  95.45, T l:  0.2014 | Val e:  92.20 , Val l: 0.4194 | Test e:  68.90 
| Epoch  110 | Train e:  95.07, T l:  0.2066 | Val e:  92.37 , Val l: 0.7206 | Test e:  70.08 
| Epoch  111 | Train e:  95.48, T l:  0.1997 | Val e:  92.91 , Val l: 0.4457 | Test e:  69.90 
| Epoch  112 | Train e:  95.59, T l:  0.1967 | Val e:  93.08 , Val l: 0.4391 | Test e:  69.89 
| Epoch  113 | Train e:  95.60, T l:  0.1974 | Val e:  92.16 , Val l: 0.4204 | Test e:  68.98 
| Epoch  114 | Train e:  95.85, T l:  0.1919 | Val e:  93.19 , Val l: 0.4321 | Test e:  69.97 
| Epoch  115 | Train e:  95.76, T l:  0.1948 | Val e:  92.54 , Val l: 0.4699 | Test e:  69.58 
| Epoch  116 | Train e:  95.83, T l:  0.1934 | Val e:  93.29 , Val l: 0.4592 | Test e:  70.39 
| Epoch  117 | Train e:  95.53, T l:  0.1930 | Val e:  92.47 , Val l: 0.4153 | Test e:  69.32 
| Epoch  118 | Train e:  95.86, T l:  0.1956 | Val e:  93.04 , Val l: 0.4599 | Test e:  71.03 
| Epoch  119 | Train e:  95.91, T l:  0.1935 | Val e:  92.87 , Val l: 0.4680 | Test e:  70.41 
| Epoch  120 | Train e:  96.02, T l:  0.1939 | Val e:  93.50 , Val l: 0.4173 | Test e:  70.06 
| Epoch  121 | Train e:  95.90, T l:  0.2060 | Val e:  92.54 , Val l: 0.4041 | Test e:  68.81 
| Epoch  122 | Train e:  95.93, T l:  0.1979 | Val e:  93.21 , Val l: 0.4471 | Test e:  70.03 
| Epoch  123 | Train e:  95.53, T l:  0.1937 | Val e:  92.88 , Val l: 0.5834 | Test e:  70.03 
| Epoch  124 | Train e:  95.83, T l:  0.1976 | Val e:  93.35 , Val l: 0.4310 | Test e:  70.38 
| Epoch  125 | Train e:  96.04, T l:  0.1945 | Val e:  92.93 , Val l: 0.4717 | Test e:  70.08 
| Epoch  126 | Train e:  95.51, T l:  0.1909 | Val e:  92.69 , Val l: 0.3991 | Test e:  68.01 
| Epoch  127 | Train e:  95.91, T l:  0.2009 | Val e:  93.61 , Val l: 0.5184 | Test e:  70.95 
| Epoch  128 | Train e:  95.82, T l:  0.1915 | Val e:  93.31 , Val l: 0.4574 | Test e:  70.04 
| Epoch  129 | Train e:  96.09, T l:  0.1834 | Val e:  93.28 , Val l: 0.4758 | Test e:  70.33 
| Epoch  130 | Train e:  96.12, T l:  0.1939 | Val e:  93.42 , Val l: 0.5334 | Test e:  70.87 
| Epoch  131 | Train e:  96.25, T l:  0.1886 | Val e:  93.58 , Val l: 0.4117 | Test e:  69.79 
| Epoch  132 | Train e:  96.20, T l:  0.1798 | Val e:  93.54 , Val l: 0.4240 | Test e:  69.80 
| Epoch  133 | Train e:  96.03, T l:  0.1805 | Val e:  92.67 , Val l: 0.4121 | Test e:  68.32 
| Epoch  134 | Train e:  96.13, T l:  0.1860 | Val e:  93.59 , Val l: 0.4124 | Test e:  70.52 
| Epoch  135 | Train e:  96.14, T l:  0.1932 | Val e:  93.28 , Val l: 0.5446 | Test e:  70.78 
| Epoch  136 | Train e:  96.22, T l:  0.1880 | Val e:  93.26 , Val l: 0.4245 | Test e:  70.46 
| Epoch  137 | Train e:  96.24, T l:  0.1871 | Val e:  92.82 , Val l: 0.4533 | Test e:  69.89 
| Epoch  138 | Train e:  96.32, T l:  0.1786 | Val e:  93.41 , Val l: 0.4596 | Test e:  70.87 
| Epoch  139 | Train e:  96.33, T l:  0.1822 | Val e:  93.50 , Val l: 0.4571 | Test e:  70.80 
| Epoch  140 | Train e:  96.26, T l:  0.1958 | Val e:  93.15 , Val l: 0.4200 | Test e:  70.01 
| Epoch  141 | Train e:  96.26, T l:  0.1971 | Val e:  93.26 , Val l: 0.4569 | Test e:  70.79 
| Epoch  142 | Train e:  96.22, T l:  0.1814 | Val e:  92.83 , Val l: 0.3988 | Test e:  69.14 
| Epoch  143 | Train e:  96.32, T l:  0.1868 | Val e:  92.88 , Val l: 0.4280 | Test e:  70.04 
| Epoch  144 | Train e:  96.31, T l:  0.1848 | Val e:  93.21 , Val l: 0.4124 | Test e:  70.25 
| Epoch  145 | Train e:  96.37, T l:  0.1804 | Val e:  93.24 , Val l: 0.4160 | Test e:  70.34 
| Epoch  146 | Train e:  96.43, T l:  0.1818 | Val e:  93.11 , Val l: 0.4419 | Test e:  70.42 
| Epoch  147 | Train e:  96.32, T l:  0.1770 | Val e:  93.04 , Val l: 0.4469 | Test e:  70.28 
| Epoch  148 | Train e:  96.44, T l:  0.1798 | Val e:  93.42 , Val l: 0.4465 | Test e:  70.81 
| Epoch  149 | Train e:  96.42, T l:  0.1844 | Val e:  92.64 , Val l: 0.4420 | Test e:  69.50 
| Epoch  150 | Train e:  96.43, T l:  0.1815 | Val e:  93.26 , Val l: 0.4839 | Test e:  71.26 
| Epoch  151 | Train e:  96.47, T l:  0.1784 | Val e:  93.02 , Val l: 0.4746 | Test e:  70.88 
| Epoch  152 | Train e:  96.55, T l:  0.1814 | Val e:  93.18 , Val l: 0.4681 | Test e:  70.63 
| Epoch  153 | Train e:  96.53, T l:  0.1700 | Val e:  93.29 , Val l: 0.4505 | Test e:  71.01 
| Epoch  154 | Train e:  96.53, T l:  0.1771 | Val e:  93.39 , Val l: 0.4367 | Test e:  70.15 
| Epoch  155 | Train e:  96.51, T l:  0.1746 | Val e:  93.13 , Val l: 0.4922 | Test e:  70.65 
| Epoch  156 | Train e:  96.51, T l:  0.1767 | Val e:  93.56 , Val l: 0.4742 | Test e:  70.99 
| Epoch  157 | Train e:  96.57, T l:  0.1679 | Val e:  93.40 , Val l: 0.4654 | Test e:  70.69 
| Epoch  158 | Train e:  96.60, T l:  0.1753 | Val e:  92.93 , Val l: 0.4542 | Test e:  70.14 
| Epoch  159 | Train e:  96.61, T l:  0.1776 | Val e:  93.37 , Val l: 0.4788 | Test e:  70.82 
| Epoch  160 | Train e:  96.58, T l:  0.1776 | Val e:  93.30 , Val l: 0.4605 | Test e:  70.68 
| Epoch  161 | Train e:  96.57, T l:  0.1731 | Val e:  93.58 , Val l: 0.4569 | Test e:  70.90 
| Epoch  162 | Train e:  96.54, T l:  0.1754 | Val e:  93.26 , Val l: 0.4352 | Test e:  70.59 
| Epoch  163 | Train e:  96.59, T l:  0.1704 | Val e:  93.37 , Val l: 0.4461 | Test e:  70.59 
| Epoch  164 | Train e:  96.60, T l:  0.1735 | Val e:  93.38 , Val l: 0.4793 | Test e:  70.82 
| Epoch  165 | Train e:  96.63, T l:  0.1729 | Val e:  93.54 , Val l: 0.4631 | Test e:  70.73 
| Epoch  166 | Train e:  96.56, T l:  0.1769 | Val e:  93.11 , Val l: 0.4619 | Test e:  70.41 
| Epoch  167 | Train e:  96.59, T l:  0.1731 | Val e:  93.56 , Val l: 0.4734 | Test e:  71.04 
| Epoch  168 | Train e:  96.62, T l:  0.1739 | Val e:  93.01 , Val l: 0.4961 | Test e:  70.39 
| Epoch  169 | Train e:  96.62, T l:  0.1740 | Val e:  93.11 , Val l: 0.4730 | Test e:  70.42 
| Epoch  170 | Train e:  96.53, T l:  0.1695 | Val e:  93.32 , Val l: 0.5773 | Test e:  71.13 
| Epoch  171 | Train e:  96.65, T l:  0.1702 | Val e:  93.11 , Val l: 0.4653 | Test e:  70.25 
| Epoch  172 | Train e:  96.71, T l:  0.1715 | Val e:  93.28 , Val l: 0.4552 | Test e:  70.36 
| Epoch  173 | Train e:  96.69, T l:  0.1664 | Val e:  93.12 , Val l: 0.4414 | Test e:  69.96 
| Epoch  174 | Train e:  96.69, T l:  0.1728 | Val e:  93.24 , Val l: 0.4541 | Test e:  70.64 
| Epoch  175 | Train e:  96.69, T l:  0.1758 | Val e:  93.39 , Val l: 0.4621 | Test e:  70.54 
| Epoch  176 | Train e:  96.65, T l:  0.1741 | Val e:  93.41 , Val l: 0.4789 | Test e:  71.12 
| Epoch  177 | Train e:  96.71, T l:  0.1672 | Val e:  93.29 , Val l: 0.4689 | Test e:  70.79 
| Epoch  178 | Train e:  96.75, T l:  0.1779 | Val e:  93.32 , Val l: 0.4804 | Test e:  70.60 
| Epoch  179 | Train e:  96.72, T l:  0.1744 | Val e:  93.52 , Val l: 0.4818 | Test e:  71.28 
| Epoch  180 | Train e:  96.71, T l:  0.1746 | Val e:  93.48 , Val l: 0.4591 | Test e:  71.31 
| Epoch  181 | Train e:  96.77, T l:  0.1752 | Val e:  93.31 , Val l: 0.4467 | Test e:  70.90 
| Epoch  182 | Train e:  96.77, T l:  0.1715 | Val e:  93.36 , Val l: 0.4566 | Test e:  70.99 
| Epoch  183 | Train e:  96.81, T l:  0.1702 | Val e:  93.07 , Val l: 0.4789 | Test e:  70.79 
| Epoch  184 | Train e:  96.79, T l:  0.1756 | Val e:  93.27 , Val l: 0.4623 | Test e:  71.22 
| Epoch  185 | Train e:  96.78, T l:  0.1621 | Val e:  93.18 , Val l: 0.4591 | Test e:  71.00 
| Epoch  186 | Train e:  96.80, T l:  0.1767 | Val e:  93.29 , Val l: 0.4577 | Test e:  71.02 
| Epoch  187 | Train e:  96.78, T l:  0.1713 | Val e:  93.36 , Val l: 0.4351 | Test e:  71.10 
| Epoch  188 | Train e:  96.81, T l:  0.1699 | Val e:  93.39 , Val l: 0.4658 | Test e:  71.36 
| Epoch  189 | Train e:  96.81, T l:  0.1630 | Val e:  93.28 , Val l: 0.4491 | Test e:  71.09 
| Epoch  190 | Train e:  96.81, T l:  0.1648 | Val e:  93.37 , Val l: 0.4588 | Test e:  71.16 
| Epoch  191 | Train e:  96.81, T l:  0.1634 | Val e:  93.19 , Val l: 0.4595 | Test e:  70.89 
| Epoch  192 | Train e:  96.81, T l:  0.1634 | Val e:  93.17 , Val l: 0.4683 | Test e:  70.96 
| Epoch  193 | Train e:  96.78, T l:  0.1620 | Val e:  93.21 , Val l: 0.4598 | Test e:  70.87 
| Epoch  194 | Train e:  96.78, T l:  0.1720 | Val e:  93.17 , Val l: 0.4733 | Test e:  70.97 
| Epoch  195 | Train e:  96.78, T l:  0.1720 | Val e:  93.20 , Val l: 0.4628 | Test e:  71.03 
| Epoch  196 | Train e:  96.80, T l:  0.1662 | Val e:  93.24 , Val l: 0.4689 | Test e:  70.98 
| Epoch  197 | Train e:  96.80, T l:  0.1629 | Val e:  93.23 , Val l: 0.4602 | Test e:  70.78 
| Epoch  198 | Train e:  96.79, T l:  0.1636 | Val e:  93.20 , Val l: 0.4683 | Test e:  70.93 
| Epoch  199 | Train e:  96.79, T l:  0.1666 | Val e:  93.20 , Val l: 0.4695 | Test e:  70.97 
