

===============================================
2022-12-19 08:21:42

main_gnnt.py --batch-size 64 --lr 0.0001 --warmup 50 --scheduler-type linear --seeds 2333 --device 1

None

dataset: ogbg-molbbbp
use_node_attr: False
pre_transform: None
transform: None
clean_cache: False
use_public_splits: True
use_val: True
use_val_loss: True
same_best_epoch: False
early_stop: False
scheduler_type: linear
epochs: 200
warmup: 50
batch_size: 64
lr: 0.0001
weight_decay: 0.0001
seeds: 2333
save_state: False
transformer_dropout: 0.1



| Epoch    0 | Train e:  47.78, T l:  0.5604 | Val e:  59.72 , Val l: 0.9588 | Test e:  48.85 
| Epoch    1 | Train e:  46.21, T l:  0.5026 | Val e:  60.92 , Val l: 1.4039 | Test e:  48.86 
| Epoch    2 | Train e:  48.68, T l:  0.4724 | Val e:  60.93 , Val l: 1.7041 | Test e:  49.44 
| Epoch    3 | Train e:  53.60, T l:  0.4720 | Val e:  60.66 , Val l: 1.6507 | Test e:  50.54 
| Epoch    4 | Train e:  58.92, T l:  0.4520 | Val e:  60.84 , Val l: 1.7155 | Test e:  52.19 
| Epoch    5 | Train e:  63.21, T l:  0.4537 | Val e:  61.96 , Val l: 1.6919 | Test e:  53.71 
| Epoch    6 | Train e:  66.53, T l:  0.4451 | Val e:  61.41 , Val l: 1.7499 | Test e:  55.14 
| Epoch    7 | Train e:  69.13, T l:  0.4362 | Val e:  62.41 , Val l: 1.7523 | Test e:  56.18 
| Epoch    8 | Train e:  68.74, T l:  0.4290 | Val e:  62.87 , Val l: 2.0436 | Test e:  56.69 
| Epoch    9 | Train e:  70.67, T l:  0.4319 | Val e:  63.58 , Val l: 1.8933 | Test e:  58.22 
| Epoch   10 | Train e:  71.17, T l:  0.4345 | Val e:  65.93 , Val l: 1.8130 | Test e:  59.21 
| Epoch   11 | Train e:  73.56, T l:  0.4204 | Val e:  69.01 , Val l: 1.9386 | Test e:  60.43 
| Epoch   12 | Train e:  73.33, T l:  0.4207 | Val e:  71.83 , Val l: 1.9571 | Test e:  61.43 
| Epoch   13 | Train e:  76.06, T l:  0.4167 | Val e:  73.86 , Val l: 1.6750 | Test e:  62.45 
| Epoch   14 | Train e:  78.33, T l:  0.4165 | Val e:  75.61 , Val l: 1.8526 | Test e:  63.95 
| Epoch   15 | Train e:  79.20, T l:  0.4079 | Val e:  76.99 , Val l: 1.5354 | Test e:  64.26 
| Epoch   16 | Train e:  79.89, T l:  0.4003 | Val e:  80.57 , Val l: 1.8038 | Test e:  65.37 
| Epoch   17 | Train e:  81.41, T l:  0.3847 | Val e:  82.49 , Val l: 1.8838 | Test e:  65.39 
| Epoch   18 | Train e:  82.24, T l:  0.3779 | Val e:  84.06 , Val l: 1.4181 | Test e:  65.15 
| Epoch   19 | Train e:  82.62, T l:  0.3735 | Val e:  85.20 , Val l: 1.4841 | Test e:  64.65 
| Epoch   20 | Train e:  83.46, T l:  0.3567 | Val e:  86.65 , Val l: 1.6113 | Test e:  64.64 
| Epoch   21 | Train e:  84.03, T l:  0.3558 | Val e:  86.35 , Val l: 1.3946 | Test e:  63.82 
| Epoch   22 | Train e:  84.23, T l:  0.3579 | Val e:  87.64 , Val l: 1.8643 | Test e:  64.24 
| Epoch   23 | Train e:  84.74, T l:  0.3564 | Val e:  88.39 , Val l: 1.8538 | Test e:  64.56 
| Epoch   24 | Train e:  84.92, T l:  0.3510 | Val e:  87.39 , Val l: 0.9545 | Test e:  63.98 
| Epoch   25 | Train e:  85.26, T l:  0.3429 | Val e:  88.23 , Val l: 1.5883 | Test e:  64.39 
| Epoch   26 | Train e:  85.89, T l:  0.3339 | Val e:  87.28 , Val l: 1.2050 | Test e:  64.17 
| Epoch   27 | Train e:  86.26, T l:  0.3328 | Val e:  88.03 , Val l: 0.9328 | Test e:  63.43 
| Epoch   28 | Train e:  86.43, T l:  0.3263 | Val e:  88.60 , Val l: 1.5320 | Test e:  63.92 
| Epoch   29 | Train e:  87.07, T l:  0.3186 | Val e:  87.21 , Val l: 1.0516 | Test e:  63.48 
| Epoch   30 | Train e:  87.61, T l:  0.3210 | Val e:  88.55 , Val l: 1.1302 | Test e:  63.48 
| Epoch   31 | Train e:  87.89, T l:  0.3088 | Val e:  88.60 , Val l: 0.9359 | Test e:  63.52 
| Epoch   32 | Train e:  88.44, T l:  0.3140 | Val e:  89.01 , Val l: 1.0987 | Test e:  63.39 
| Epoch   33 | Train e:  88.55, T l:  0.3012 | Val e:  88.89 , Val l: 0.9725 | Test e:  63.12 
| Epoch   34 | Train e:  88.35, T l:  0.3005 | Val e:  88.64 , Val l: 0.6180 | Test e:  63.11 
| Epoch   35 | Train e:  89.22, T l:  0.2958 | Val e:  88.59 , Val l: 1.2347 | Test e:  63.17 
| Epoch   36 | Train e:  88.79, T l:  0.3034 | Val e:  89.26 , Val l: 0.5533 | Test e:  62.50 
| Epoch   37 | Train e:  89.40, T l:  0.2936 | Val e:  89.30 , Val l: 0.6259 | Test e:  63.02 
| Epoch   38 | Train e:  89.46, T l:  0.3042 | Val e:  89.56 , Val l: 0.7815 | Test e:  63.41 
| Epoch   39 | Train e:  89.44, T l:  0.2945 | Val e:  89.26 , Val l: 0.5701 | Test e:  63.10 
| Epoch   40 | Train e:  89.87, T l:  0.2951 | Val e:  88.56 , Val l: 0.6027 | Test e:  63.48 
| Epoch   41 | Train e:  90.09, T l:  0.2815 | Val e:  89.01 , Val l: 1.0092 | Test e:  63.32 
| Epoch   42 | Train e:  90.05, T l:  0.2914 | Val e:  89.40 , Val l: 0.7704 | Test e:  63.53 
| Epoch   43 | Train e:  90.42, T l:  0.2740 | Val e:  89.65 , Val l: 0.8736 | Test e:  64.01 
| Epoch   44 | Train e:  90.31, T l:  0.3013 | Val e:  88.65 , Val l: 0.5538 | Test e:  63.56 
| Epoch   45 | Train e:  89.78, T l:  0.2863 | Val e:  89.17 , Val l: 0.5640 | Test e:  63.54 
| Epoch   46 | Train e:  90.42, T l:  0.2721 | Val e:  88.86 , Val l: 0.6180 | Test e:  63.26 
| Epoch   47 | Train e:  90.81, T l:  0.2630 | Val e:  89.49 , Val l: 0.8783 | Test e:  64.82 
| Epoch   48 | Train e:  90.65, T l:  0.2757 | Val e:  89.13 , Val l: 0.6163 | Test e:  63.48 
| Epoch   49 | Train e:  90.99, T l:  0.2672 | Val e:  89.03 , Val l: 0.6869 | Test e:  63.72 
| Epoch   50 | Train e:  90.96, T l:  0.2594 | Val e:  88.11 , Val l: 1.3873 | Test e:  64.82 
| Epoch   51 | Train e:  91.05, T l:  0.2706 | Val e:  88.83 , Val l: 1.1205 | Test e:  64.93 
| Epoch   52 | Train e:  91.44, T l:  0.2845 | Val e:  89.84 , Val l: 0.8691 | Test e:  65.35 
| Epoch   53 | Train e:  91.26, T l:  0.2632 | Val e:  89.48 , Val l: 1.1525 | Test e:  65.32 
| Epoch   54 | Train e:  91.29, T l:  0.2511 | Val e:  89.35 , Val l: 0.6115 | Test e:  64.21 
| Epoch   55 | Train e:  91.63, T l:  0.2586 | Val e:  89.12 , Val l: 0.7208 | Test e:  65.17 
| Epoch   56 | Train e:  92.06, T l:  0.2573 | Val e:  89.12 , Val l: 0.6373 | Test e:  65.54 
| Epoch   57 | Train e:  91.96, T l:  0.2575 | Val e:  89.94 , Val l: 0.5358 | Test e:  64.78 
| Epoch   58 | Train e:  92.00, T l:  0.2544 | Val e:  89.88 , Val l: 0.6476 | Test e:  65.56 
| Epoch   59 | Train e:  92.16, T l:  0.2468 | Val e:  89.97 , Val l: 0.5467 | Test e:  65.16 
| Epoch   60 | Train e:  92.48, T l:  0.2416 | Val e:  90.03 , Val l: 0.7224 | Test e:  66.03 
| Epoch   61 | Train e:  92.41, T l:  0.2544 | Val e:  90.83 , Val l: 0.5021 | Test e:  65.72 
| Epoch   62 | Train e:  92.78, T l:  0.2373 | Val e:  90.32 , Val l: 0.7284 | Test e:  66.59 
| Epoch   63 | Train e:  92.29, T l:  0.2620 | Val e:  88.79 , Val l: 1.2188 | Test e:  66.84 
| Epoch   64 | Train e:  92.73, T l:  0.2539 | Val e:  90.48 , Val l: 0.5960 | Test e:  66.36 
| Epoch   65 | Train e:  92.88, T l:  0.2423 | Val e:  90.43 , Val l: 0.5388 | Test e:  66.17 
| Epoch   66 | Train e:  92.63, T l:  0.2379 | Val e:  88.06 , Val l: 0.8062 | Test e:  65.73 
| Epoch   67 | Train e:  93.19, T l:  0.2425 | Val e:  90.10 , Val l: 0.7706 | Test e:  66.35 
| Epoch   68 | Train e:  93.41, T l:  0.2401 | Val e:  90.79 , Val l: 0.8453 | Test e:  67.03 
| Epoch   69 | Train e:  93.29, T l:  0.2346 | Val e:  89.87 , Val l: 0.6589 | Test e:  66.57 
| Epoch   70 | Train e:  93.60, T l:  0.2480 | Val e:  90.97 , Val l: 0.6166 | Test e:  67.04 
| Epoch   71 | Train e:  93.24, T l:  0.2307 | Val e:  91.02 , Val l: 0.6693 | Test e:  67.25 
| Epoch   72 | Train e:  93.47, T l:  0.2309 | Val e:  90.83 , Val l: 0.6323 | Test e:  67.26 
| Epoch   73 | Train e:  93.55, T l:  0.2374 | Val e:  91.62 , Val l: 0.4397 | Test e:  67.10 
| Epoch   74 | Train e:  93.98, T l:  0.2287 | Val e:  91.24 , Val l: 0.6157 | Test e:  67.94 
| Epoch   75 | Train e:  94.12, T l:  0.2261 | Val e:  91.10 , Val l: 0.8797 | Test e:  68.80 
| Epoch   76 | Train e:  94.00, T l:  0.2360 | Val e:  91.99 , Val l: 0.4705 | Test e:  68.04 
| Epoch   77 | Train e:  94.02, T l:  0.2314 | Val e:  92.34 , Val l: 0.5504 | Test e:  68.10 
| Epoch   78 | Train e:  93.29, T l:  0.2495 | Val e:  93.10 , Val l: 0.3886 | Test e:  66.90 
| Epoch   79 | Train e:  93.91, T l:  0.2548 | Val e:  91.33 , Val l: 0.5893 | Test e:  68.45 
| Epoch   80 | Train e:  94.24, T l:  0.2279 | Val e:  91.16 , Val l: 0.8370 | Test e:  68.39 
| Epoch   81 | Train e:  94.28, T l:  0.2224 | Val e:  91.53 , Val l: 0.5266 | Test e:  67.49 
| Epoch   82 | Train e:  94.47, T l:  0.2176 | Val e:  91.31 , Val l: 0.7909 | Test e:  68.51 
| Epoch   83 | Train e:  94.41, T l:  0.2264 | Val e:  91.59 , Val l: 0.5405 | Test e:  68.37 
| Epoch   84 | Train e:  93.91, T l:  0.2260 | Val e:  90.09 , Val l: 1.0175 | Test e:  69.39 
| Epoch   85 | Train e:  94.69, T l:  0.2295 | Val e:  91.50 , Val l: 0.6498 | Test e:  69.41 
| Epoch   86 | Train e:  94.81, T l:  0.2160 | Val e:  91.78 , Val l: 0.6575 | Test e:  69.48 
| Epoch   87 | Train e:  94.77, T l:  0.2308 | Val e:  90.84 , Val l: 0.5386 | Test e:  69.28 
| Epoch   88 | Train e:  94.83, T l:  0.2163 | Val e:  91.09 , Val l: 0.6854 | Test e:  69.66 
| Epoch   89 | Train e:  94.62, T l:  0.2286 | Val e:  91.65 , Val l: 0.6176 | Test e:  69.83 
| Epoch   90 | Train e:  94.83, T l:  0.2161 | Val e:  91.62 , Val l: 0.5714 | Test e:  69.56 
| Epoch   91 | Train e:  94.96, T l:  0.2178 | Val e:  91.26 , Val l: 0.6621 | Test e:  70.01 
| Epoch   92 | Train e:  95.09, T l:  0.2144 | Val e:  92.36 , Val l: 0.4773 | Test e:  69.71 
| Epoch   93 | Train e:  94.83, T l:  0.2192 | Val e:  92.66 , Val l: 0.4533 | Test e:  69.58 
| Epoch   94 | Train e:  95.05, T l:  0.2240 | Val e:  91.36 , Val l: 0.7607 | Test e:  70.68 
| Epoch   95 | Train e:  95.24, T l:  0.2102 | Val e:  91.00 , Val l: 0.8395 | Test e:  70.46 
| Epoch   96 | Train e:  95.28, T l:  0.2079 | Val e:  91.40 , Val l: 0.5183 | Test e:  70.20 
| Epoch   97 | Train e:  95.22, T l:  0.2218 | Val e:  92.12 , Val l: 0.4421 | Test e:  69.54 
| Epoch   98 | Train e:  95.32, T l:  0.2133 | Val e:  92.19 , Val l: 0.5050 | Test e:  69.99 
| Epoch   99 | Train e:  95.37, T l:  0.1964 | Val e:  91.88 , Val l: 0.4593 | Test e:  70.06 
| Epoch  100 | Train e:  95.71, T l:  0.2121 | Val e:  91.72 , Val l: 0.6297 | Test e:  71.93 
| Epoch  101 | Train e:  95.60, T l:  0.2090 | Val e:  90.58 , Val l: 0.7242 | Test e:  71.30 
| Epoch  102 | Train e:  95.36, T l:  0.2074 | Val e:  92.13 , Val l: 0.4839 | Test e:  70.66 
| Epoch  103 | Train e:  95.39, T l:  0.2060 | Val e:  89.73 , Val l: 0.8254 | Test e:  70.96 
| Epoch  104 | Train e:  95.58, T l:  0.2103 | Val e:  92.05 , Val l: 0.5129 | Test e:  71.33 
| Epoch  105 | Train e:  95.49, T l:  0.2028 | Val e:  90.00 , Val l: 0.8650 | Test e:  70.82 
| Epoch  106 | Train e:  95.84, T l:  0.1989 | Val e:  91.14 , Val l: 0.5338 | Test e:  70.70 
| Epoch  107 | Train e:  95.72, T l:  0.1998 | Val e:  91.36 , Val l: 0.5986 | Test e:  70.83 
| Epoch  108 | Train e:  95.92, T l:  0.1988 | Val e:  90.02 , Val l: 0.6768 | Test e:  71.78 
| Epoch  109 | Train e:  95.79, T l:  0.1908 | Val e:  92.43 , Val l: 0.5417 | Test e:  70.96 
| Epoch  110 | Train e:  95.95, T l:  0.1988 | Val e:  91.21 , Val l: 0.6383 | Test e:  71.67 
| Epoch  111 | Train e:  96.11, T l:  0.1948 | Val e:  91.25 , Val l: 0.7761 | Test e:  72.07 
| Epoch  112 | Train e:  95.81, T l:  0.2011 | Val e:  89.62 , Val l: 0.8610 | Test e:  71.76 
| Epoch  113 | Train e:  96.08, T l:  0.1991 | Val e:  91.39 , Val l: 0.7796 | Test e:  71.70 
| Epoch  114 | Train e:  96.16, T l:  0.2027 | Val e:  91.84 , Val l: 0.5423 | Test e:  70.98 
| Epoch  115 | Train e:  96.29, T l:  0.1875 | Val e:  91.53 , Val l: 0.6283 | Test e:  72.21 
| Epoch  116 | Train e:  96.17, T l:  0.1923 | Val e:  92.07 , Val l: 0.6152 | Test e:  72.11 
| Epoch  117 | Train e:  96.19, T l:  0.2009 | Val e:  91.75 , Val l: 0.6356 | Test e:  72.08 
| Epoch  118 | Train e:  96.38, T l:  0.1957 | Val e:  91.47 , Val l: 0.5213 | Test e:  71.71 
| Epoch  119 | Train e:  96.29, T l:  0.1898 | Val e:  91.10 , Val l: 0.6835 | Test e:  71.65 
| Epoch  120 | Train e:  96.30, T l:  0.1952 | Val e:  92.05 , Val l: 0.6197 | Test e:  71.88 
| Epoch  121 | Train e:  96.41, T l:  0.1907 | Val e:  91.74 , Val l: 0.5610 | Test e:  71.44 
| Epoch  122 | Train e:  96.32, T l:  0.1922 | Val e:  91.80 , Val l: 0.6419 | Test e:  71.28 
| Epoch  123 | Train e:  96.31, T l:  0.1801 | Val e:  91.65 , Val l: 0.7725 | Test e:  71.38 
| Epoch  124 | Train e:  96.40, T l:  0.1996 | Val e:  90.22 , Val l: 0.6591 | Test e:  70.77 
| Epoch  125 | Train e:  96.27, T l:  0.1790 | Val e:  91.63 , Val l: 0.4850 | Test e:  71.12 
| Epoch  126 | Train e:  96.35, T l:  0.1976 | Val e:  91.23 , Val l: 0.7113 | Test e:  71.50 
| Epoch  127 | Train e:  96.51, T l:  0.1855 | Val e:  91.75 , Val l: 0.6155 | Test e:  71.85 
| Epoch  128 | Train e:  96.55, T l:  0.1740 | Val e:  91.51 , Val l: 0.7550 | Test e:  72.15 
| Epoch  129 | Train e:  96.41, T l:  0.1782 | Val e:  89.67 , Val l: 1.0212 | Test e:  72.22 
| Epoch  130 | Train e:  96.39, T l:  0.1911 | Val e:  90.05 , Val l: 0.7641 | Test e:  71.60 
| Epoch  131 | Train e:  96.56, T l:  0.1869 | Val e:  90.91 , Val l: 0.7630 | Test e:  71.75 
| Epoch  132 | Train e:  96.69, T l:  0.1795 | Val e:  90.62 , Val l: 0.6797 | Test e:  71.87 
| Epoch  133 | Train e:  96.78, T l:  0.1869 | Val e:  90.38 , Val l: 0.7457 | Test e:  71.75 
| Epoch  134 | Train e:  96.71, T l:  0.1920 | Val e:  90.79 , Val l: 0.6301 | Test e:  71.61 
| Epoch  135 | Train e:  96.69, T l:  0.1879 | Val e:  91.19 , Val l: 0.5802 | Test e:  71.60 
| Epoch  136 | Train e:  96.60, T l:  0.1749 | Val e:  90.53 , Val l: 0.8981 | Test e:  71.39 
| Epoch  137 | Train e:  96.56, T l:  0.1771 | Val e:  91.71 , Val l: 0.4801 | Test e:  71.31 
| Epoch  138 | Train e:  96.65, T l:  0.1714 | Val e:  91.41 , Val l: 0.6664 | Test e:  71.62 
| Epoch  139 | Train e:  96.79, T l:  0.1809 | Val e:  91.29 , Val l: 0.7111 | Test e:  71.56 
| Epoch  140 | Train e:  96.72, T l:  0.1808 | Val e:  90.79 , Val l: 0.8352 | Test e:  71.75 
| Epoch  141 | Train e:  96.67, T l:  0.1752 | Val e:  91.01 , Val l: 0.5456 | Test e:  71.51 
| Epoch  142 | Train e:  96.60, T l:  0.1820 | Val e:  90.42 , Val l: 0.8338 | Test e:  71.47 
| Epoch  143 | Train e:  96.72, T l:  0.1800 | Val e:  89.68 , Val l: 0.8939 | Test e:  71.27 
| Epoch  144 | Train e:  96.78, T l:  0.1695 | Val e:  90.95 , Val l: 0.8570 | Test e:  71.60 
| Epoch  145 | Train e:  96.82, T l:  0.1842 | Val e:  91.19 , Val l: 0.5480 | Test e:  71.67 
| Epoch  146 | Train e:  96.73, T l:  0.1786 | Val e:  91.36 , Val l: 0.6535 | Test e:  71.75 
| Epoch  147 | Train e:  96.73, T l:  0.1717 | Val e:  91.38 , Val l: 0.5697 | Test e:  71.70 
| Epoch  148 | Train e:  96.67, T l:  0.1803 | Val e:  89.25 , Val l: 1.0329 | Test e:  70.52 
| Epoch  149 | Train e:  96.86, T l:  0.1714 | Val e:  90.65 , Val l: 0.6999 | Test e:  71.89 
| Epoch  150 | Train e:  96.83, T l:  0.1710 | Val e:  90.10 , Val l: 0.9335 | Test e:  71.68 
| Epoch  151 | Train e:  96.76, T l:  0.1753 | Val e:  90.74 , Val l: 0.6795 | Test e:  72.47 
| Epoch  152 | Train e:  97.05, T l:  0.1818 | Val e:  90.29 , Val l: 0.7760 | Test e:  71.57 
| Epoch  153 | Train e:  96.85, T l:  0.1728 | Val e:  89.98 , Val l: 0.9024 | Test e:  71.42 
| Epoch  154 | Train e:  96.93, T l:  0.1848 | Val e:  91.05 , Val l: 0.6240 | Test e:  71.93 
| Epoch  155 | Train e:  96.91, T l:  0.1631 | Val e:  91.25 , Val l: 0.6024 | Test e:  72.11 
| Epoch  156 | Train e:  96.84, T l:  0.1746 | Val e:  90.79 , Val l: 0.7197 | Test e:  71.55 
| Epoch  157 | Train e:  97.04, T l:  0.1700 | Val e:  91.03 , Val l: 0.6885 | Test e:  71.76 
| Epoch  158 | Train e:  96.89, T l:  0.1773 | Val e:  90.32 , Val l: 0.7944 | Test e:  71.63 
| Epoch  159 | Train e:  97.02, T l:  0.1672 | Val e:  89.70 , Val l: 0.8851 | Test e:  71.44 
| Epoch  160 | Train e:  97.04, T l:  0.1690 | Val e:  91.59 , Val l: 0.5832 | Test e:  72.20 
| Epoch  161 | Train e:  96.91, T l:  0.1732 | Val e:  90.86 , Val l: 0.6199 | Test e:  71.99 
| Epoch  162 | Train e:  97.07, T l:  0.1743 | Val e:  91.07 , Val l: 0.6690 | Test e:  71.98 
| Epoch  163 | Train e:  97.01, T l:  0.1613 | Val e:  90.34 , Val l: 0.7431 | Test e:  71.96 
| Epoch  164 | Train e:  97.06, T l:  0.1609 | Val e:  90.58 , Val l: 0.7160 | Test e:  71.71 
| Epoch  165 | Train e:  96.96, T l:  0.1687 | Val e:  90.35 , Val l: 0.6934 | Test e:  72.02 
| Epoch  166 | Train e:  96.96, T l:  0.1733 | Val e:  90.03 , Val l: 0.7385 | Test e:  71.76 
| Epoch  167 | Train e:  96.91, T l:  0.1661 | Val e:  89.88 , Val l: 0.7180 | Test e:  71.87 
| Epoch  168 | Train e:  97.02, T l:  0.1655 | Val e:  89.95 , Val l: 0.9283 | Test e:  71.14 
| Epoch  169 | Train e:  97.15, T l:  0.1646 | Val e:  90.30 , Val l: 0.8430 | Test e:  71.39 
| Epoch  170 | Train e:  97.02, T l:  0.1618 | Val e:  91.00 , Val l: 0.6403 | Test e:  72.24 
| Epoch  171 | Train e:  97.11, T l:  0.1630 | Val e:  90.47 , Val l: 0.7113 | Test e:  71.78 
| Epoch  172 | Train e:  97.08, T l:  0.1603 | Val e:  90.68 , Val l: 0.6515 | Test e:  71.81 
| Epoch  173 | Train e:  97.17, T l:  0.1676 | Val e:  90.83 , Val l: 0.6198 | Test e:  71.93 
| Epoch  174 | Train e:  97.08, T l:  0.1600 | Val e:  91.13 , Val l: 0.6145 | Test e:  72.33 
| Epoch  175 | Train e:  97.20, T l:  0.1679 | Val e:  90.60 , Val l: 0.7439 | Test e:  71.91 
| Epoch  176 | Train e:  97.19, T l:  0.1591 | Val e:  90.56 , Val l: 0.7476 | Test e:  72.00 
| Epoch  177 | Train e:  97.18, T l:  0.1593 | Val e:  89.94 , Val l: 0.8512 | Test e:  71.05 
| Epoch  178 | Train e:  97.19, T l:  0.1666 | Val e:  90.17 , Val l: 0.8666 | Test e:  71.52 
| Epoch  179 | Train e:  97.23, T l:  0.1709 | Val e:  90.89 , Val l: 0.7063 | Test e:  72.04 
| Epoch  180 | Train e:  97.09, T l:  0.1686 | Val e:  91.04 , Val l: 0.5856 | Test e:  72.49 
| Epoch  181 | Train e:  97.14, T l:  0.1627 | Val e:  90.94 , Val l: 0.6556 | Test e:  72.30 
| Epoch  182 | Train e:  97.22, T l:  0.1583 | Val e:  90.66 , Val l: 0.6674 | Test e:  71.88 
| Epoch  183 | Train e:  97.20, T l:  0.1610 | Val e:  90.63 , Val l: 0.6437 | Test e:  71.74 
| Epoch  184 | Train e:  97.24, T l:  0.1681 | Val e:  90.82 , Val l: 0.7106 | Test e:  71.91 
| Epoch  185 | Train e:  97.23, T l:  0.1566 | Val e:  90.90 , Val l: 0.6708 | Test e:  72.00 
| Epoch  186 | Train e:  97.25, T l:  0.1554 | Val e:  90.79 , Val l: 0.7087 | Test e:  71.88 
| Epoch  187 | Train e:  97.29, T l:  0.1634 | Val e:  90.84 , Val l: 0.6813 | Test e:  71.91 
| Epoch  188 | Train e:  97.18, T l:  0.1677 | Val e:  90.85 , Val l: 0.6111 | Test e:  72.17 
| Epoch  189 | Train e:  97.26, T l:  0.1639 | Val e:  90.84 , Val l: 0.6862 | Test e:  71.93 
| Epoch  190 | Train e:  97.31, T l:  0.1559 | Val e:  90.92 , Val l: 0.6934 | Test e:  71.88 
| Epoch  191 | Train e:  97.28, T l:  0.1603 | Val e:  90.76 , Val l: 0.7168 | Test e:  71.86 
| Epoch  192 | Train e:  97.32, T l:  0.1719 | Val e:  90.58 , Val l: 0.6997 | Test e:  71.81 
| Epoch  193 | Train e:  97.24, T l:  0.1584 | Val e:  90.38 , Val l: 0.7681 | Test e:  71.44 
| Epoch  194 | Train e:  97.29, T l:  0.1621 | Val e:  90.41 , Val l: 0.7577 | Test e:  71.57 
| Epoch  195 | Train e:  97.31, T l:  0.1532 | Val e:  90.53 , Val l: 0.7043 | Test e:  71.74 
| Epoch  196 | Train e:  97.30, T l:  0.1605 | Val e:  90.54 , Val l: 0.7114 | Test e:  71.70 
| Epoch  197 | Train e:  97.29, T l:  0.1612 | Val e:  90.43 , Val l: 0.7405 | Test e:  71.57 
| Epoch  198 | Train e:  97.26, T l:  0.1580 | Val e:  90.60 , Val l: 0.7025 | Test e:  71.74 
| Epoch  199 | Train e:  97.24, T l:  0.1612 | Val e:  90.61 , Val l: 0.6997 | Test e:  71.78 
