

===============================================
2022-12-19 10:59:31

main_t.py --batch-size 64 --lr 0.0001 --warmup 50 --scheduler-type linear --seeds 886 --device 0

None

dataset: ogbg-molbbbp
use_node_attr: False
pre_transform: None
transform: None
clean_cache: False
use_public_splits: True
use_val: True
use_val_loss: True
same_best_epoch: False
early_stop: False
scheduler_type: linear
epochs: 200
warmup: 50
batch_size: 64
lr: 0.0001
weight_decay: 0.0001
seeds: 886
save_state: False
transformer_dropout: 0.1



| Epoch    0 | Train e:  67.46, T l:  0.4389 | Val e:  75.29 , Val l: 1.0345 | Test e:  60.69 
| Epoch    1 | Train e:  68.01, T l:  0.4307 | Val e:  75.61 , Val l: 1.1048 | Test e:  60.92 
| Epoch    2 | Train e:  69.39, T l:  0.4241 | Val e:  75.12 , Val l: 1.1239 | Test e:  61.84 
| Epoch    3 | Train e:  70.67, T l:  0.4200 | Val e:  74.47 , Val l: 1.1547 | Test e:  62.55 
| Epoch    4 | Train e:  71.08, T l:  0.4145 | Val e:  73.90 , Val l: 1.1704 | Test e:  62.91 
| Epoch    5 | Train e:  73.83, T l:  0.4076 | Val e:  73.18 , Val l: 1.1803 | Test e:  63.10 
| Epoch    6 | Train e:  74.09, T l:  0.4017 | Val e:  73.41 , Val l: 1.2031 | Test e:  63.29 
| Epoch    7 | Train e:  75.21, T l:  0.3931 | Val e:  73.00 , Val l: 1.2264 | Test e:  63.38 
| Epoch    8 | Train e:  76.60, T l:  0.3866 | Val e:  73.91 , Val l: 1.2545 | Test e:  63.68 
| Epoch    9 | Train e:  76.07, T l:  0.3820 | Val e:  74.46 , Val l: 1.2295 | Test e:  63.85 
| Epoch   10 | Train e:  77.37, T l:  0.3714 | Val e:  74.40 , Val l: 1.1687 | Test e:  63.64 
| Epoch   11 | Train e:  77.83, T l:  0.3723 | Val e:  75.83 , Val l: 1.2417 | Test e:  63.99 
| Epoch   12 | Train e:  78.60, T l:  0.3718 | Val e:  76.03 , Val l: 1.1467 | Test e:  64.01 
| Epoch   13 | Train e:  80.22, T l:  0.3653 | Val e:  77.35 , Val l: 1.0612 | Test e:  64.43 
| Epoch   14 | Train e:  81.32, T l:  0.3550 | Val e:  79.28 , Val l: 1.2140 | Test e:  64.90 
| Epoch   15 | Train e:  81.80, T l:  0.3573 | Val e:  79.00 , Val l: 1.0305 | Test e:  64.60 
| Epoch   16 | Train e:  82.60, T l:  0.3511 | Val e:  79.95 , Val l: 1.0380 | Test e:  64.65 
| Epoch   17 | Train e:  82.79, T l:  0.3573 | Val e:  81.89 , Val l: 1.1716 | Test e:  64.97 
| Epoch   18 | Train e:  82.47, T l:  0.3339 | Val e:  80.28 , Val l: 1.0038 | Test e:  65.08 
| Epoch   19 | Train e:  83.41, T l:  0.3311 | Val e:  81.28 , Val l: 1.1161 | Test e:  65.51 
| Epoch   20 | Train e:  83.46, T l:  0.3319 | Val e:  81.96 , Val l: 0.9140 | Test e:  65.49 
| Epoch   21 | Train e:  84.41, T l:  0.3266 | Val e:  82.40 , Val l: 0.9863 | Test e:  65.85 
| Epoch   22 | Train e:  84.94, T l:  0.3218 | Val e:  82.82 , Val l: 1.0303 | Test e:  65.88 
| Epoch   23 | Train e:  84.98, T l:  0.3219 | Val e:  84.02 , Val l: 1.0674 | Test e:  65.79 
| Epoch   24 | Train e:  85.22, T l:  0.3262 | Val e:  84.03 , Val l: 1.1403 | Test e:  66.02 
| Epoch   25 | Train e:  85.93, T l:  0.3140 | Val e:  83.62 , Val l: 1.0312 | Test e:  66.10 
| Epoch   26 | Train e:  85.90, T l:  0.3153 | Val e:  84.73 , Val l: 1.2466 | Test e:  66.12 
| Epoch   27 | Train e:  86.49, T l:  0.3135 | Val e:  83.25 , Val l: 0.9345 | Test e:  66.09 
| Epoch   28 | Train e:  86.48, T l:  0.3073 | Val e:  84.06 , Val l: 1.1166 | Test e:  65.99 
| Epoch   29 | Train e:  86.83, T l:  0.3041 | Val e:  83.51 , Val l: 0.9832 | Test e:  66.26 
| Epoch   30 | Train e:  86.94, T l:  0.3083 | Val e:  84.65 , Val l: 1.0660 | Test e:  65.87 
| Epoch   31 | Train e:  87.08, T l:  0.3050 | Val e:  80.73 , Val l: 0.7786 | Test e:  65.90 
| Epoch   32 | Train e:  87.10, T l:  0.3142 | Val e:  85.67 , Val l: 1.2517 | Test e:  65.67 
| Epoch   33 | Train e:  87.54, T l:  0.3057 | Val e:  81.86 , Val l: 0.9303 | Test e:  65.92 
| Epoch   34 | Train e:  87.84, T l:  0.3028 | Val e:  83.34 , Val l: 0.8552 | Test e:  66.02 
| Epoch   35 | Train e:  87.58, T l:  0.3020 | Val e:  84.41 , Val l: 1.0402 | Test e:  65.79 
| Epoch   36 | Train e:  87.71, T l:  0.3024 | Val e:  82.53 , Val l: 1.0533 | Test e:  65.93 
| Epoch   37 | Train e:  88.02, T l:  0.2913 | Val e:  82.98 , Val l: 0.9015 | Test e:  65.85 
| Epoch   38 | Train e:  88.11, T l:  0.2989 | Val e:  81.48 , Val l: 0.7925 | Test e:  65.79 
| Epoch   39 | Train e:  88.22, T l:  0.3003 | Val e:  82.59 , Val l: 1.0480 | Test e:  65.69 
| Epoch   40 | Train e:  88.48, T l:  0.2932 | Val e:  82.49 , Val l: 1.0001 | Test e:  65.85 
| Epoch   41 | Train e:  88.78, T l:  0.2973 | Val e:  84.67 , Val l: 1.1332 | Test e:  65.54 
| Epoch   42 | Train e:  88.69, T l:  0.3018 | Val e:  83.00 , Val l: 0.7371 | Test e:  65.67 
| Epoch   43 | Train e:  88.75, T l:  0.2942 | Val e:  83.66 , Val l: 0.8409 | Test e:  65.75 
| Epoch   44 | Train e:  88.53, T l:  0.2837 | Val e:  82.68 , Val l: 0.8435 | Test e:  65.86 
| Epoch   45 | Train e:  88.90, T l:  0.2850 | Val e:  84.71 , Val l: 1.1482 | Test e:  65.36 
| Epoch   46 | Train e:  88.83, T l:  0.3264 | Val e:  84.73 , Val l: 0.7013 | Test e:  65.23 
| Epoch   47 | Train e:  89.00, T l:  0.2791 | Val e:  83.44 , Val l: 0.8936 | Test e:  65.75 
| Epoch   48 | Train e:  89.41, T l:  0.2822 | Val e:  84.02 , Val l: 0.9166 | Test e:  65.77 
| Epoch   49 | Train e:  89.57, T l:  0.2794 | Val e:  83.59 , Val l: 0.8625 | Test e:  65.82 
| Epoch   50 | Train e:  89.60, T l:  0.2757 | Val e:  83.24 , Val l: 0.9938 | Test e:  65.48 
| Epoch   51 | Train e:  89.08, T l:  0.2821 | Val e:  83.29 , Val l: 0.8076 | Test e:  65.84 
| Epoch   52 | Train e:  89.81, T l:  0.2743 | Val e:  83.60 , Val l: 1.0576 | Test e:  65.68 
| Epoch   53 | Train e:  89.81, T l:  0.2760 | Val e:  81.96 , Val l: 0.9072 | Test e:  65.77 
| Epoch   54 | Train e:  90.10, T l:  0.2805 | Val e:  83.83 , Val l: 1.0958 | Test e:  65.53 
| Epoch   55 | Train e:  89.75, T l:  0.2708 | Val e:  82.30 , Val l: 0.9817 | Test e:  65.66 
| Epoch   56 | Train e:  90.64, T l:  0.2749 | Val e:  82.60 , Val l: 0.7448 | Test e:  65.76 
| Epoch   57 | Train e:  90.26, T l:  0.2767 | Val e:  81.66 , Val l: 0.9776 | Test e:  65.91 
| Epoch   58 | Train e:  90.36, T l:  0.2748 | Val e:  83.61 , Val l: 1.0234 | Test e:  65.57 
| Epoch   59 | Train e:  90.22, T l:  0.2681 | Val e:  82.29 , Val l: 0.7388 | Test e:  65.56 
| Epoch   60 | Train e:  90.95, T l:  0.2704 | Val e:  83.15 , Val l: 1.1090 | Test e:  65.83 
| Epoch   61 | Train e:  91.16, T l:  0.2687 | Val e:  82.73 , Val l: 0.9917 | Test e:  66.21 
| Epoch   62 | Train e:  90.96, T l:  0.2641 | Val e:  82.61 , Val l: 0.7861 | Test e:  65.53 
| Epoch   63 | Train e:  90.97, T l:  0.2616 | Val e:  81.67 , Val l: 0.8685 | Test e:  65.96 
| Epoch   64 | Train e:  91.61, T l:  0.2618 | Val e:  80.74 , Val l: 0.9585 | Test e:  66.36 
| Epoch   65 | Train e:  91.52, T l:  0.2597 | Val e:  82.26 , Val l: 0.9706 | Test e:  66.21 
| Epoch   66 | Train e:  91.32, T l:  0.2574 | Val e:  82.00 , Val l: 0.8124 | Test e:  66.24 
| Epoch   67 | Train e:  91.81, T l:  0.2492 | Val e:  81.51 , Val l: 1.0753 | Test e:  66.76 
| Epoch   68 | Train e:  91.72, T l:  0.2634 | Val e:  82.42 , Val l: 0.8647 | Test e:  66.18 
| Epoch   69 | Train e:  92.15, T l:  0.2558 | Val e:  82.83 , Val l: 1.1111 | Test e:  66.56 
| Epoch   70 | Train e:  92.14, T l:  0.2570 | Val e:  82.49 , Val l: 1.0477 | Test e:  66.73 
| Epoch   71 | Train e:  91.98, T l:  0.2518 | Val e:  82.43 , Val l: 1.0061 | Test e:  66.73 
| Epoch   72 | Train e:  92.33, T l:  0.2515 | Val e:  81.21 , Val l: 0.8875 | Test e:  66.56 
| Epoch   73 | Train e:  92.31, T l:  0.2427 | Val e:  82.64 , Val l: 0.7974 | Test e:  66.71 
| Epoch   74 | Train e:  92.55, T l:  0.2432 | Val e:  81.70 , Val l: 0.9760 | Test e:  66.60 
| Epoch   75 | Train e:  92.85, T l:  0.2455 | Val e:  83.33 , Val l: 1.0660 | Test e:  66.55 
| Epoch   76 | Train e:  92.66, T l:  0.2410 | Val e:  83.73 , Val l: 1.0631 | Test e:  66.77 
| Epoch   77 | Train e:  92.33, T l:  0.2400 | Val e:  84.14 , Val l: 1.0093 | Test e:  66.75 
| Epoch   78 | Train e:  92.78, T l:  0.2341 | Val e:  84.19 , Val l: 0.8033 | Test e:  66.57 
| Epoch   79 | Train e:  93.01, T l:  0.2293 | Val e:  83.81 , Val l: 1.1023 | Test e:  66.69 
| Epoch   80 | Train e:  92.88, T l:  0.2309 | Val e:  83.94 , Val l: 0.8871 | Test e:  66.83 
| Epoch   81 | Train e:  93.53, T l:  0.2246 | Val e:  83.75 , Val l: 1.1220 | Test e:  66.84 
| Epoch   82 | Train e:  93.40, T l:  0.2387 | Val e:  83.21 , Val l: 0.7615 | Test e:  67.17 
| Epoch   83 | Train e:  93.54, T l:  0.2328 | Val e:  83.22 , Val l: 0.9657 | Test e:  67.53 
| Epoch   84 | Train e:  93.30, T l:  0.2216 | Val e:  83.45 , Val l: 0.7140 | Test e:  67.30 
| Epoch   85 | Train e:  93.41, T l:  0.2387 | Val e:  84.28 , Val l: 1.1947 | Test e:  67.07 
| Epoch   86 | Train e:  93.48, T l:  0.2263 | Val e:  83.91 , Val l: 0.7863 | Test e:  67.55 
| Epoch   87 | Train e:  93.41, T l:  0.2228 | Val e:  84.97 , Val l: 1.0520 | Test e:  66.95 
| Epoch   88 | Train e:  93.55, T l:  0.2212 | Val e:  84.30 , Val l: 0.9432 | Test e:  66.96 
| Epoch   89 | Train e:  93.70, T l:  0.2268 | Val e:  85.39 , Val l: 0.8418 | Test e:  67.23 
| Epoch   90 | Train e:  93.56, T l:  0.2141 | Val e:  83.53 , Val l: 0.9125 | Test e:  67.12 
| Epoch   91 | Train e:  93.89, T l:  0.2187 | Val e:  85.43 , Val l: 0.8146 | Test e:  66.72 
| Epoch   92 | Train e:  93.97, T l:  0.2252 | Val e:  84.93 , Val l: 0.7773 | Test e:  66.65 
| Epoch   93 | Train e:  93.75, T l:  0.2162 | Val e:  85.39 , Val l: 0.8142 | Test e:  66.44 
| Epoch   94 | Train e:  94.10, T l:  0.2105 | Val e:  83.50 , Val l: 1.0904 | Test e:  66.52 
| Epoch   95 | Train e:  94.13, T l:  0.2135 | Val e:  85.47 , Val l: 0.9065 | Test e:  66.53 
| Epoch   96 | Train e:  93.89, T l:  0.2149 | Val e:  85.25 , Val l: 1.0373 | Test e:  66.61 
| Epoch   97 | Train e:  94.15, T l:  0.2128 | Val e:  83.51 , Val l: 0.8822 | Test e:  66.53 
| Epoch   98 | Train e:  94.22, T l:  0.2119 | Val e:  84.22 , Val l: 0.9334 | Test e:  66.51 
| Epoch   99 | Train e:  94.33, T l:  0.2086 | Val e:  84.15 , Val l: 0.8859 | Test e:  66.54 
| Epoch  100 | Train e:  94.75, T l:  0.2118 | Val e:  84.37 , Val l: 0.8774 | Test e:  66.59 
| Epoch  101 | Train e:  94.24, T l:  0.2083 | Val e:  84.61 , Val l: 0.9958 | Test e:  66.33 
| Epoch  102 | Train e:  94.43, T l:  0.2042 | Val e:  85.22 , Val l: 0.8744 | Test e:  66.73 
| Epoch  103 | Train e:  94.28, T l:  0.2145 | Val e:  84.74 , Val l: 0.8255 | Test e:  66.86 
| Epoch  104 | Train e:  94.92, T l:  0.2026 | Val e:  84.69 , Val l: 0.9044 | Test e:  66.49 
| Epoch  105 | Train e:  94.57, T l:  0.2020 | Val e:  84.89 , Val l: 0.9017 | Test e:  66.40 
| Epoch  106 | Train e:  94.83, T l:  0.1993 | Val e:  85.55 , Val l: 0.7677 | Test e:  66.50 
| Epoch  107 | Train e:  95.03, T l:  0.1993 | Val e:  86.00 , Val l: 0.8030 | Test e:  65.90 
| Epoch  108 | Train e:  94.84, T l:  0.2017 | Val e:  85.54 , Val l: 0.9765 | Test e:  66.44 
| Epoch  109 | Train e:  94.83, T l:  0.1959 | Val e:  85.89 , Val l: 0.8581 | Test e:  66.49 
| Epoch  110 | Train e:  94.98, T l:  0.2051 | Val e:  84.74 , Val l: 1.0456 | Test e:  66.12 
| Epoch  111 | Train e:  94.89, T l:  0.2037 | Val e:  83.46 , Val l: 1.1369 | Test e:  65.67 
| Epoch  112 | Train e:  95.37, T l:  0.1962 | Val e:  85.57 , Val l: 0.8620 | Test e:  66.48 
| Epoch  113 | Train e:  95.24, T l:  0.1930 | Val e:  84.83 , Val l: 0.9069 | Test e:  66.20 
| Epoch  114 | Train e:  95.46, T l:  0.1947 | Val e:  85.39 , Val l: 0.8784 | Test e:  66.14 
| Epoch  115 | Train e:  95.16, T l:  0.1932 | Val e:  84.92 , Val l: 1.0526 | Test e:  66.03 
| Epoch  116 | Train e:  95.24, T l:  0.1965 | Val e:  85.60 , Val l: 0.9768 | Test e:  66.02 
| Epoch  117 | Train e:  95.45, T l:  0.1892 | Val e:  85.41 , Val l: 0.7886 | Test e:  66.22 
| Epoch  118 | Train e:  95.10, T l:  0.1948 | Val e:  85.80 , Val l: 0.8962 | Test e:  65.84 
| Epoch  119 | Train e:  95.11, T l:  0.1952 | Val e:  85.03 , Val l: 1.1976 | Test e:  65.53 
| Epoch  120 | Train e:  94.92, T l:  0.1948 | Val e:  85.95 , Val l: 0.6780 | Test e:  66.00 
| Epoch  121 | Train e:  95.61, T l:  0.1986 | Val e:  85.70 , Val l: 0.8009 | Test e:  65.67 
| Epoch  122 | Train e:  95.48, T l:  0.1866 | Val e:  84.22 , Val l: 1.0760 | Test e:  65.83 
| Epoch  123 | Train e:  95.05, T l:  0.1889 | Val e:  84.05 , Val l: 1.0912 | Test e:  64.86 
| Epoch  124 | Train e:  95.66, T l:  0.1871 | Val e:  84.51 , Val l: 1.2001 | Test e:  65.56 
| Epoch  125 | Train e:  95.78, T l:  0.1826 | Val e:  84.88 , Val l: 0.9201 | Test e:  65.62 
| Epoch  126 | Train e:  95.08, T l:  0.1872 | Val e:  86.19 , Val l: 0.7084 | Test e:  66.17 
| Epoch  127 | Train e:  95.74, T l:  0.1891 | Val e:  85.49 , Val l: 0.9470 | Test e:  65.42 
| Epoch  128 | Train e:  95.65, T l:  0.1817 | Val e:  85.38 , Val l: 1.1810 | Test e:  65.62 
| Epoch  129 | Train e:  95.61, T l:  0.1815 | Val e:  82.99 , Val l: 1.2745 | Test e:  64.65 
| Epoch  130 | Train e:  95.86, T l:  0.1844 | Val e:  83.62 , Val l: 1.1112 | Test e:  65.08 
| Epoch  131 | Train e:  95.96, T l:  0.1822 | Val e:  85.87 , Val l: 0.8208 | Test e:  65.63 
| Epoch  132 | Train e:  96.05, T l:  0.1807 | Val e:  86.21 , Val l: 0.8844 | Test e:  65.55 
| Epoch  133 | Train e:  95.89, T l:  0.1791 | Val e:  85.77 , Val l: 0.9411 | Test e:  65.67 
| Epoch  134 | Train e:  96.04, T l:  0.1775 | Val e:  86.37 , Val l: 0.8549 | Test e:  65.60 
| Epoch  135 | Train e:  96.05, T l:  0.1821 | Val e:  86.07 , Val l: 1.0581 | Test e:  65.38 
| Epoch  136 | Train e:  96.05, T l:  0.1808 | Val e:  85.58 , Val l: 0.9572 | Test e:  65.32 
| Epoch  137 | Train e:  96.05, T l:  0.1754 | Val e:  85.85 , Val l: 1.0127 | Test e:  65.44 
| Epoch  138 | Train e:  96.42, T l:  0.1790 | Val e:  85.96 , Val l: 0.9105 | Test e:  65.74 
| Epoch  139 | Train e:  96.18, T l:  0.1786 | Val e:  86.49 , Val l: 0.9255 | Test e:  65.40 
| Epoch  140 | Train e:  96.25, T l:  0.1794 | Val e:  87.06 , Val l: 0.7998 | Test e:  65.83 
| Epoch  141 | Train e:  96.51, T l:  0.1783 | Val e:  85.25 , Val l: 1.0448 | Test e:  65.39 
| Epoch  142 | Train e:  96.17, T l:  0.1728 | Val e:  85.57 , Val l: 0.8324 | Test e:  65.58 
| Epoch  143 | Train e:  96.48, T l:  0.1743 | Val e:  86.75 , Val l: 0.7597 | Test e:  65.51 
| Epoch  144 | Train e:  96.12, T l:  0.1795 | Val e:  85.87 , Val l: 0.7645 | Test e:  65.79 
| Epoch  145 | Train e:  96.26, T l:  0.1755 | Val e:  85.44 , Val l: 0.8771 | Test e:  65.48 
| Epoch  146 | Train e:  96.21, T l:  0.1719 | Val e:  84.66 , Val l: 1.0694 | Test e:  65.01 
| Epoch  147 | Train e:  96.38, T l:  0.1700 | Val e:  85.62 , Val l: 0.9555 | Test e:  65.53 
| Epoch  148 | Train e:  96.39, T l:  0.1667 | Val e:  84.72 , Val l: 1.0173 | Test e:  65.27 
| Epoch  149 | Train e:  96.65, T l:  0.1767 | Val e:  85.16 , Val l: 1.0042 | Test e:  65.79 
| Epoch  150 | Train e:  96.51, T l:  0.1766 | Val e:  85.29 , Val l: 1.0251 | Test e:  65.57 
| Epoch  151 | Train e:  96.42, T l:  0.1694 | Val e:  84.41 , Val l: 1.0814 | Test e:  65.19 
| Epoch  152 | Train e:  96.66, T l:  0.1675 | Val e:  84.66 , Val l: 1.0460 | Test e:  64.74 
| Epoch  153 | Train e:  96.46, T l:  0.1710 | Val e:  85.49 , Val l: 1.0116 | Test e:  65.29 
| Epoch  154 | Train e:  96.92, T l:  0.1582 | Val e:  85.09 , Val l: 0.9826 | Test e:  65.54 
| Epoch  155 | Train e:  96.47, T l:  0.1644 | Val e:  85.02 , Val l: 0.9855 | Test e:  64.95 
| Epoch  156 | Train e:  96.77, T l:  0.1640 | Val e:  85.59 , Val l: 0.9886 | Test e:  65.42 
| Epoch  157 | Train e:  96.74, T l:  0.1618 | Val e:  85.20 , Val l: 1.0174 | Test e:  65.07 
| Epoch  158 | Train e:  96.79, T l:  0.1623 | Val e:  85.30 , Val l: 0.8670 | Test e:  64.94 
| Epoch  159 | Train e:  96.73, T l:  0.1655 | Val e:  85.36 , Val l: 0.9020 | Test e:  65.15 
| Epoch  160 | Train e:  96.79, T l:  0.1586 | Val e:  84.79 , Val l: 0.9546 | Test e:  64.95 
| Epoch  161 | Train e:  96.76, T l:  0.1633 | Val e:  84.88 , Val l: 1.0292 | Test e:  64.97 
| Epoch  162 | Train e:  97.10, T l:  0.1617 | Val e:  85.59 , Val l: 0.9040 | Test e:  65.07 
| Epoch  163 | Train e:  96.96, T l:  0.1617 | Val e:  85.63 , Val l: 0.9232 | Test e:  65.30 
| Epoch  164 | Train e:  96.86, T l:  0.1647 | Val e:  85.44 , Val l: 0.9388 | Test e:  65.01 
| Epoch  165 | Train e:  97.01, T l:  0.1603 | Val e:  85.67 , Val l: 0.9767 | Test e:  64.87 
| Epoch  166 | Train e:  96.85, T l:  0.1620 | Val e:  84.96 , Val l: 1.0138 | Test e:  64.80 
| Epoch  167 | Train e:  96.80, T l:  0.1613 | Val e:  84.86 , Val l: 1.0597 | Test e:  64.61 
| Epoch  168 | Train e:  97.03, T l:  0.1619 | Val e:  85.34 , Val l: 1.0043 | Test e:  64.76 
| Epoch  169 | Train e:  96.69, T l:  0.1559 | Val e:  86.10 , Val l: 0.8705 | Test e:  65.28 
| Epoch  170 | Train e:  96.86, T l:  0.1532 | Val e:  85.21 , Val l: 1.1193 | Test e:  64.88 
| Epoch  171 | Train e:  96.62, T l:  0.1637 | Val e:  84.81 , Val l: 1.0604 | Test e:  64.71 
| Epoch  172 | Train e:  96.78, T l:  0.1521 | Val e:  85.18 , Val l: 1.0035 | Test e:  64.95 
| Epoch  173 | Train e:  96.88, T l:  0.1550 | Val e:  85.01 , Val l: 1.0787 | Test e:  64.88 
| Epoch  174 | Train e:  96.76, T l:  0.1620 | Val e:  85.18 , Val l: 1.0488 | Test e:  64.77 
| Epoch  175 | Train e:  96.92, T l:  0.1535 | Val e:  86.04 , Val l: 0.9250 | Test e:  64.88 
| Epoch  176 | Train e:  97.04, T l:  0.1543 | Val e:  85.65 , Val l: 1.0298 | Test e:  64.92 
| Epoch  177 | Train e:  96.99, T l:  0.1542 | Val e:  85.27 , Val l: 1.0560 | Test e:  64.81 
| Epoch  178 | Train e:  96.79, T l:  0.1551 | Val e:  85.43 , Val l: 1.0418 | Test e:  64.85 
| Epoch  179 | Train e:  96.85, T l:  0.1614 | Val e:  84.89 , Val l: 1.1029 | Test e:  64.63 
| Epoch  180 | Train e:  97.14, T l:  0.1618 | Val e:  85.29 , Val l: 1.0075 | Test e:  64.71 
| Epoch  181 | Train e:  97.08, T l:  0.1556 | Val e:  86.01 , Val l: 0.9060 | Test e:  65.09 
| Epoch  182 | Train e:  97.03, T l:  0.1598 | Val e:  85.35 , Val l: 1.0047 | Test e:  64.90 
| Epoch  183 | Train e:  97.19, T l:  0.1560 | Val e:  85.33 , Val l: 1.0644 | Test e:  64.84 
| Epoch  184 | Train e:  97.15, T l:  0.1512 | Val e:  85.65 , Val l: 0.9982 | Test e:  64.81 
| Epoch  185 | Train e:  96.98, T l:  0.1533 | Val e:  85.56 , Val l: 0.9769 | Test e:  65.09 
| Epoch  186 | Train e:  96.97, T l:  0.1560 | Val e:  85.46 , Val l: 1.0215 | Test e:  65.08 
| Epoch  187 | Train e:  97.30, T l:  0.1554 | Val e:  85.56 , Val l: 0.9764 | Test e:  65.01 
| Epoch  188 | Train e:  97.13, T l:  0.1525 | Val e:  85.67 , Val l: 0.9725 | Test e:  65.14 
| Epoch  189 | Train e:  97.17, T l:  0.1518 | Val e:  85.80 , Val l: 0.9580 | Test e:  65.08 
| Epoch  190 | Train e:  97.06, T l:  0.1514 | Val e:  85.68 , Val l: 0.9927 | Test e:  65.06 
| Epoch  191 | Train e:  97.06, T l:  0.1505 | Val e:  85.98 , Val l: 0.9482 | Test e:  65.08 
| Epoch  192 | Train e:  96.97, T l:  0.1494 | Val e:  85.72 , Val l: 0.9847 | Test e:  65.08 
| Epoch  193 | Train e:  97.25, T l:  0.1559 | Val e:  85.83 , Val l: 0.9858 | Test e:  65.12 
| Epoch  194 | Train e:  97.22, T l:  0.1453 | Val e:  86.03 , Val l: 0.9581 | Test e:  65.15 
| Epoch  195 | Train e:  97.01, T l:  0.1510 | Val e:  85.88 , Val l: 0.9470 | Test e:  65.10 
| Epoch  196 | Train e:  97.10, T l:  0.1520 | Val e:  85.52 , Val l: 1.0215 | Test e:  65.01 
| Epoch  197 | Train e:  97.04, T l:  0.1470 | Val e:  85.63 , Val l: 0.9906 | Test e:  65.06 
| Epoch  198 | Train e:  97.22, T l:  0.1410 | Val e:  85.67 , Val l: 0.9848 | Test e:  65.08 
| Epoch  199 | Train e:  97.20, T l:  0.1515 | Val e:  85.66 , Val l: 0.9879 | Test e:  65.06 
