

===============================================
2022-12-19 10:59:27

main_t.py --batch-size 64 --lr 0.0001 --warmup 50 --scheduler-type linear --seeds 12138 --device 0

None

dataset: ogbg-molbbbp
use_node_attr: False
pre_transform: None
transform: None
clean_cache: False
use_public_splits: True
use_val: True
use_val_loss: True
same_best_epoch: False
early_stop: False
scheduler_type: linear
epochs: 200
warmup: 50
batch_size: 64
lr: 0.0001
weight_decay: 0.0001
seeds: 12138
save_state: False
transformer_dropout: 0.1



| Epoch    0 | Train e:  41.85, T l:  0.9626 | Val e:  35.12 , Val l: 0.7875 | Test e:  50.51 
| Epoch    1 | Train e:  41.17, T l:  0.8379 | Val e:  36.71 , Val l: 0.8161 | Test e:  50.55 
| Epoch    2 | Train e:  40.47, T l:  0.6626 | Val e:  39.88 , Val l: 0.9149 | Test e:  50.00 
| Epoch    3 | Train e:  40.47, T l:  0.5423 | Val e:  42.99 , Val l: 1.0535 | Test e:  49.55 
| Epoch    4 | Train e:  40.93, T l:  0.4949 | Val e:  45.81 , Val l: 1.1498 | Test e:  49.62 
| Epoch    5 | Train e:  42.19, T l:  0.4792 | Val e:  47.88 , Val l: 1.1809 | Test e:  50.17 
| Epoch    6 | Train e:  45.42, T l:  0.4642 | Val e:  49.92 , Val l: 1.1569 | Test e:  51.30 
| Epoch    7 | Train e:  53.14, T l:  0.4535 | Val e:  52.33 , Val l: 1.1411 | Test e:  53.31 
| Epoch    8 | Train e:  61.08, T l:  0.4398 | Val e:  55.52 , Val l: 1.1375 | Test e:  55.70 
| Epoch    9 | Train e:  67.99, T l:  0.4286 | Val e:  60.51 , Val l: 1.1273 | Test e:  58.97 
| Epoch   10 | Train e:  72.39, T l:  0.4180 | Val e:  66.58 , Val l: 1.1150 | Test e:  61.68 
| Epoch   11 | Train e:  74.63, T l:  0.4115 | Val e:  71.73 , Val l: 1.1569 | Test e:  62.85 
| Epoch   12 | Train e:  76.33, T l:  0.4025 | Val e:  73.48 , Val l: 1.1183 | Test e:  63.70 
| Epoch   13 | Train e:  77.40, T l:  0.3960 | Val e:  75.21 , Val l: 1.1219 | Test e:  63.94 
| Epoch   14 | Train e:  78.96, T l:  0.3877 | Val e:  76.38 , Val l: 1.1206 | Test e:  64.01 
| Epoch   15 | Train e:  78.72, T l:  0.3828 | Val e:  76.74 , Val l: 1.1452 | Test e:  64.06 
| Epoch   16 | Train e:  79.89, T l:  0.3762 | Val e:  77.37 , Val l: 1.1143 | Test e:  64.37 
| Epoch   17 | Train e:  79.87, T l:  0.3744 | Val e:  78.20 , Val l: 1.1768 | Test e:  64.52 
| Epoch   18 | Train e:  81.72, T l:  0.3629 | Val e:  79.14 , Val l: 1.1801 | Test e:  64.55 
| Epoch   19 | Train e:  82.24, T l:  0.3572 | Val e:  79.17 , Val l: 1.0538 | Test e:  64.74 
| Epoch   20 | Train e:  81.84, T l:  0.3544 | Val e:  79.88 , Val l: 1.0273 | Test e:  64.53 
| Epoch   21 | Train e:  82.79, T l:  0.3454 | Val e:  81.38 , Val l: 1.0919 | Test e:  64.65 
| Epoch   22 | Train e:  83.10, T l:  0.3377 | Val e:  83.22 , Val l: 1.2020 | Test e:  64.71 
| Epoch   23 | Train e:  83.96, T l:  0.3406 | Val e:  83.83 , Val l: 1.0946 | Test e:  65.06 
| Epoch   24 | Train e:  84.17, T l:  0.3366 | Val e:  84.48 , Val l: 1.0679 | Test e:  65.16 
| Epoch   25 | Train e:  84.42, T l:  0.3279 | Val e:  85.09 , Val l: 1.0106 | Test e:  65.44 
| Epoch   26 | Train e:  84.49, T l:  0.3244 | Val e:  84.78 , Val l: 0.9249 | Test e:  65.50 
| Epoch   27 | Train e:  84.66, T l:  0.3193 | Val e:  85.06 , Val l: 0.8777 | Test e:  65.43 
| Epoch   28 | Train e:  85.06, T l:  0.3146 | Val e:  86.14 , Val l: 1.0457 | Test e:  65.37 
| Epoch   29 | Train e:  85.55, T l:  0.3169 | Val e:  85.86 , Val l: 0.9603 | Test e:  65.45 
| Epoch   30 | Train e:  85.88, T l:  0.3135 | Val e:  86.36 , Val l: 0.9337 | Test e:  65.45 
| Epoch   31 | Train e:  85.87, T l:  0.3121 | Val e:  86.81 , Val l: 0.9542 | Test e:  65.61 
| Epoch   32 | Train e:  86.63, T l:  0.3126 | Val e:  85.47 , Val l: 0.7739 | Test e:  65.46 
| Epoch   33 | Train e:  86.53, T l:  0.3088 | Val e:  86.28 , Val l: 0.8830 | Test e:  65.29 
| Epoch   34 | Train e:  86.96, T l:  0.3050 | Val e:  86.45 , Val l: 0.9941 | Test e:  65.33 
| Epoch   35 | Train e:  87.21, T l:  0.3063 | Val e:  86.33 , Val l: 0.8790 | Test e:  65.26 
| Epoch   36 | Train e:  87.23, T l:  0.3001 | Val e:  84.66 , Val l: 0.7310 | Test e:  65.15 
| Epoch   37 | Train e:  87.13, T l:  0.3095 | Val e:  86.08 , Val l: 0.9373 | Test e:  65.25 
| Epoch   38 | Train e:  87.69, T l:  0.2991 | Val e:  86.96 , Val l: 1.0101 | Test e:  65.34 
| Epoch   39 | Train e:  87.59, T l:  0.3085 | Val e:  86.19 , Val l: 0.9062 | Test e:  65.27 
| Epoch   40 | Train e:  87.57, T l:  0.3190 | Val e:  86.44 , Val l: 0.7206 | Test e:  65.16 
| Epoch   41 | Train e:  87.80, T l:  0.2942 | Val e:  85.96 , Val l: 1.0075 | Test e:  65.35 
| Epoch   42 | Train e:  88.03, T l:  0.2930 | Val e:  87.34 , Val l: 1.1470 | Test e:  65.47 
| Epoch   43 | Train e:  88.44, T l:  0.2926 | Val e:  86.77 , Val l: 1.0471 | Test e:  65.49 
| Epoch   44 | Train e:  88.32, T l:  0.2953 | Val e:  86.08 , Val l: 1.0189 | Test e:  65.59 
| Epoch   45 | Train e:  88.35, T l:  0.2936 | Val e:  86.64 , Val l: 0.8291 | Test e:  65.26 
| Epoch   46 | Train e:  88.76, T l:  0.2902 | Val e:  85.06 , Val l: 0.7731 | Test e:  65.45 
| Epoch   47 | Train e:  88.62, T l:  0.2901 | Val e:  86.10 , Val l: 0.9597 | Test e:  65.50 
| Epoch   48 | Train e:  88.60, T l:  0.2901 | Val e:  85.66 , Val l: 0.8493 | Test e:  65.54 
| Epoch   49 | Train e:  88.90, T l:  0.2838 | Val e:  86.56 , Val l: 0.8989 | Test e:  65.40 
| Epoch   50 | Train e:  88.92, T l:  0.2826 | Val e:  86.25 , Val l: 0.9100 | Test e:  65.21 
| Epoch   51 | Train e:  88.76, T l:  0.2822 | Val e:  84.11 , Val l: 0.7994 | Test e:  65.76 
| Epoch   52 | Train e:  89.01, T l:  0.2892 | Val e:  86.56 , Val l: 0.8328 | Test e:  65.03 
| Epoch   53 | Train e:  89.43, T l:  0.2853 | Val e:  84.79 , Val l: 0.7084 | Test e:  65.80 
| Epoch   54 | Train e:  88.93, T l:  0.3094 | Val e:  85.42 , Val l: 1.1598 | Test e:  65.29 
| Epoch   55 | Train e:  89.25, T l:  0.2800 | Val e:  84.81 , Val l: 0.7782 | Test e:  65.63 
| Epoch   56 | Train e:  89.21, T l:  0.2821 | Val e:  86.68 , Val l: 0.8249 | Test e:  65.50 
| Epoch   57 | Train e:  89.68, T l:  0.2769 | Val e:  84.83 , Val l: 0.8133 | Test e:  65.68 
| Epoch   58 | Train e:  89.59, T l:  0.2723 | Val e:  84.60 , Val l: 0.8909 | Test e:  65.60 
| Epoch   59 | Train e:  89.74, T l:  0.2691 | Val e:  84.62 , Val l: 1.0169 | Test e:  65.41 
| Epoch   60 | Train e:  89.81, T l:  0.2890 | Val e:  84.20 , Val l: 0.7403 | Test e:  65.90 
| Epoch   61 | Train e:  89.89, T l:  0.2738 | Val e:  84.88 , Val l: 0.7794 | Test e:  65.80 
| Epoch   62 | Train e:  89.94, T l:  0.2748 | Val e:  85.20 , Val l: 0.9264 | Test e:  65.49 
| Epoch   63 | Train e:  90.02, T l:  0.2722 | Val e:  84.96 , Val l: 0.8211 | Test e:  65.91 
| Epoch   64 | Train e:  89.73, T l:  0.2711 | Val e:  84.61 , Val l: 0.8865 | Test e:  65.47 
| Epoch   65 | Train e:  90.34, T l:  0.2733 | Val e:  85.26 , Val l: 1.0578 | Test e:  65.82 
| Epoch   66 | Train e:  90.10, T l:  0.2683 | Val e:  83.69 , Val l: 0.7748 | Test e:  66.41 
| Epoch   67 | Train e:  90.47, T l:  0.2687 | Val e:  84.56 , Val l: 0.9360 | Test e:  66.05 
| Epoch   68 | Train e:  90.05, T l:  0.2687 | Val e:  82.32 , Val l: 0.7980 | Test e:  65.92 
| Epoch   69 | Train e:  90.51, T l:  0.2711 | Val e:  84.62 , Val l: 0.9053 | Test e:  65.91 
| Epoch   70 | Train e:  90.61, T l:  0.2614 | Val e:  84.41 , Val l: 0.8334 | Test e:  66.19 
| Epoch   71 | Train e:  90.83, T l:  0.2564 | Val e:  84.63 , Val l: 1.0194 | Test e:  66.08 
| Epoch   72 | Train e:  91.00, T l:  0.2651 | Val e:  84.07 , Val l: 0.8507 | Test e:  66.18 
| Epoch   73 | Train e:  91.04, T l:  0.2583 | Val e:  85.40 , Val l: 1.1310 | Test e:  65.98 
| Epoch   74 | Train e:  91.28, T l:  0.2643 | Val e:  84.81 , Val l: 1.0603 | Test e:  66.39 
| Epoch   75 | Train e:  90.91, T l:  0.2536 | Val e:  83.39 , Val l: 1.0346 | Test e:  66.35 
| Epoch   76 | Train e:  90.83, T l:  0.2676 | Val e:  82.38 , Val l: 0.9022 | Test e:  66.51 
| Epoch   77 | Train e:  91.61, T l:  0.2607 | Val e:  84.59 , Val l: 0.8701 | Test e:  66.44 
| Epoch   78 | Train e:  91.56, T l:  0.2526 | Val e:  83.71 , Val l: 0.8556 | Test e:  66.63 
| Epoch   79 | Train e:  91.04, T l:  0.2532 | Val e:  83.43 , Val l: 0.8199 | Test e:  66.52 
| Epoch   80 | Train e:  91.83, T l:  0.2482 | Val e:  83.77 , Val l: 0.8301 | Test e:  66.73 
| Epoch   81 | Train e:  91.51, T l:  0.2555 | Val e:  84.76 , Val l: 1.1594 | Test e:  66.58 
| Epoch   82 | Train e:  91.47, T l:  0.2687 | Val e:  83.05 , Val l: 0.7508 | Test e:  66.95 
| Epoch   83 | Train e:  92.07, T l:  0.2521 | Val e:  85.02 , Val l: 1.0340 | Test e:  66.95 
| Epoch   84 | Train e:  91.99, T l:  0.2529 | Val e:  84.44 , Val l: 0.8872 | Test e:  67.04 
| Epoch   85 | Train e:  92.10, T l:  0.2472 | Val e:  84.62 , Val l: 0.8605 | Test e:  67.27 
| Epoch   86 | Train e:  92.14, T l:  0.2417 | Val e:  83.32 , Val l: 0.7298 | Test e:  66.69 
| Epoch   87 | Train e:  92.53, T l:  0.2454 | Val e:  83.72 , Val l: 1.1184 | Test e:  67.39 
| Epoch   88 | Train e:  92.23, T l:  0.2486 | Val e:  83.18 , Val l: 0.9547 | Test e:  67.09 
| Epoch   89 | Train e:  92.38, T l:  0.2398 | Val e:  84.48 , Val l: 0.8290 | Test e:  67.30 
| Epoch   90 | Train e:  92.50, T l:  0.2377 | Val e:  83.65 , Val l: 0.9087 | Test e:  66.89 
| Epoch   91 | Train e:  92.50, T l:  0.2355 | Val e:  84.64 , Val l: 0.9656 | Test e:  67.19 
| Epoch   92 | Train e:  92.76, T l:  0.2372 | Val e:  83.83 , Val l: 0.9074 | Test e:  67.40 
| Epoch   93 | Train e:  92.75, T l:  0.2358 | Val e:  84.15 , Val l: 0.7484 | Test e:  67.64 
| Epoch   94 | Train e:  92.78, T l:  0.2374 | Val e:  84.88 , Val l: 1.0108 | Test e:  67.26 
| Epoch   95 | Train e:  92.75, T l:  0.2323 | Val e:  84.34 , Val l: 0.6624 | Test e:  67.23 
| Epoch   96 | Train e:  92.90, T l:  0.2376 | Val e:  85.16 , Val l: 0.8746 | Test e:  67.67 
| Epoch   97 | Train e:  93.05, T l:  0.2304 | Val e:  84.90 , Val l: 0.8902 | Test e:  67.85 
| Epoch   98 | Train e:  93.25, T l:  0.2280 | Val e:  84.19 , Val l: 0.8181 | Test e:  67.94 
| Epoch   99 | Train e:  93.29, T l:  0.2264 | Val e:  84.23 , Val l: 1.1308 | Test e:  67.67 
| Epoch  100 | Train e:  93.01, T l:  0.2309 | Val e:  85.28 , Val l: 0.7316 | Test e:  67.70 
| Epoch  101 | Train e:  93.27, T l:  0.2234 | Val e:  84.40 , Val l: 0.9164 | Test e:  68.19 
| Epoch  102 | Train e:  93.60, T l:  0.2347 | Val e:  85.99 , Val l: 0.7725 | Test e:  67.79 
| Epoch  103 | Train e:  93.75, T l:  0.2324 | Val e:  84.84 , Val l: 0.8409 | Test e:  68.05 
| Epoch  104 | Train e:  93.42, T l:  0.2230 | Val e:  84.66 , Val l: 0.9312 | Test e:  67.50 
| Epoch  105 | Train e:  93.53, T l:  0.2239 | Val e:  84.50 , Val l: 0.6925 | Test e:  67.25 
| Epoch  106 | Train e:  93.98, T l:  0.2249 | Val e:  83.73 , Val l: 1.0018 | Test e:  67.66 
| Epoch  107 | Train e:  93.71, T l:  0.2195 | Val e:  84.15 , Val l: 0.7697 | Test e:  67.32 
| Epoch  108 | Train e:  93.92, T l:  0.2274 | Val e:  84.48 , Val l: 0.7902 | Test e:  67.80 
| Epoch  109 | Train e:  94.18, T l:  0.2172 | Val e:  84.54 , Val l: 0.8465 | Test e:  67.50 
| Epoch  110 | Train e:  93.97, T l:  0.2163 | Val e:  83.85 , Val l: 0.9443 | Test e:  67.39 
| Epoch  111 | Train e:  93.90, T l:  0.2140 | Val e:  82.91 , Val l: 0.9231 | Test e:  67.16 
| Epoch  112 | Train e:  93.65, T l:  0.2179 | Val e:  82.98 , Val l: 0.9089 | Test e:  67.02 
| Epoch  113 | Train e:  93.98, T l:  0.2117 | Val e:  83.76 , Val l: 1.0456 | Test e:  67.03 
| Epoch  114 | Train e:  94.15, T l:  0.2221 | Val e:  85.51 , Val l: 0.7055 | Test e:  67.30 
| Epoch  115 | Train e:  94.35, T l:  0.2173 | Val e:  83.40 , Val l: 1.1977 | Test e:  66.59 
| Epoch  116 | Train e:  94.16, T l:  0.2157 | Val e:  83.49 , Val l: 0.8751 | Test e:  66.63 
| Epoch  117 | Train e:  94.49, T l:  0.2201 | Val e:  82.91 , Val l: 1.0343 | Test e:  66.87 
| Epoch  118 | Train e:  94.16, T l:  0.2114 | Val e:  82.87 , Val l: 1.0835 | Test e:  66.63 
| Epoch  119 | Train e:  94.34, T l:  0.2060 | Val e:  84.03 , Val l: 0.9772 | Test e:  66.73 
| Epoch  120 | Train e:  94.47, T l:  0.2124 | Val e:  85.03 , Val l: 0.7564 | Test e:  67.47 
| Epoch  121 | Train e:  94.88, T l:  0.2087 | Val e:  85.89 , Val l: 0.8579 | Test e:  67.12 
| Epoch  122 | Train e:  94.60, T l:  0.2101 | Val e:  84.24 , Val l: 0.8843 | Test e:  66.99 
| Epoch  123 | Train e:  94.54, T l:  0.2026 | Val e:  85.26 , Val l: 0.8409 | Test e:  66.83 
| Epoch  124 | Train e:  94.69, T l:  0.2065 | Val e:  85.33 , Val l: 0.8563 | Test e:  66.93 
| Epoch  125 | Train e:  94.68, T l:  0.2036 | Val e:  85.70 , Val l: 0.8769 | Test e:  66.71 
| Epoch  126 | Train e:  94.67, T l:  0.2019 | Val e:  84.74 , Val l: 0.9287 | Test e:  66.37 
| Epoch  127 | Train e:  94.83, T l:  0.2016 | Val e:  84.48 , Val l: 0.9632 | Test e:  66.52 
| Epoch  128 | Train e:  94.80, T l:  0.2181 | Val e:  86.20 , Val l: 0.6192 | Test e:  66.98 
| Epoch  129 | Train e:  94.95, T l:  0.2019 | Val e:  84.90 , Val l: 0.9812 | Test e:  66.33 
| Epoch  130 | Train e:  95.00, T l:  0.1984 | Val e:  84.66 , Val l: 0.8509 | Test e:  66.65 
| Epoch  131 | Train e:  94.81, T l:  0.1985 | Val e:  84.31 , Val l: 0.9254 | Test e:  65.95 
| Epoch  132 | Train e:  94.96, T l:  0.2046 | Val e:  85.09 , Val l: 0.8895 | Test e:  65.87 
| Epoch  133 | Train e:  95.41, T l:  0.1991 | Val e:  84.32 , Val l: 0.9580 | Test e:  66.00 
| Epoch  134 | Train e:  95.25, T l:  0.1974 | Val e:  84.84 , Val l: 0.9582 | Test e:  65.90 
| Epoch  135 | Train e:  95.18, T l:  0.1926 | Val e:  84.83 , Val l: 0.8823 | Test e:  66.27 
| Epoch  136 | Train e:  95.34, T l:  0.1987 | Val e:  84.01 , Val l: 1.1720 | Test e:  65.94 
| Epoch  137 | Train e:  95.52, T l:  0.2099 | Val e:  86.57 , Val l: 0.7923 | Test e:  66.45 
| Epoch  138 | Train e:  95.10, T l:  0.1914 | Val e:  85.56 , Val l: 0.8090 | Test e:  66.14 
| Epoch  139 | Train e:  95.16, T l:  0.1986 | Val e:  85.59 , Val l: 0.8200 | Test e:  65.95 
| Epoch  140 | Train e:  95.22, T l:  0.1921 | Val e:  85.53 , Val l: 0.9519 | Test e:  65.76 
| Epoch  141 | Train e:  95.24, T l:  0.1927 | Val e:  83.93 , Val l: 1.0323 | Test e:  65.90 
| Epoch  142 | Train e:  95.27, T l:  0.1981 | Val e:  84.36 , Val l: 0.7642 | Test e:  65.79 
| Epoch  143 | Train e:  95.40, T l:  0.1937 | Val e:  84.69 , Val l: 0.8330 | Test e:  66.09 
| Epoch  144 | Train e:  95.69, T l:  0.1851 | Val e:  84.88 , Val l: 0.8829 | Test e:  66.21 
| Epoch  145 | Train e:  95.30, T l:  0.1925 | Val e:  85.24 , Val l: 0.9272 | Test e:  66.17 
| Epoch  146 | Train e:  95.36, T l:  0.1831 | Val e:  85.39 , Val l: 0.9249 | Test e:  65.90 
| Epoch  147 | Train e:  95.52, T l:  0.1943 | Val e:  84.37 , Val l: 0.9926 | Test e:  66.16 
| Epoch  148 | Train e:  95.68, T l:  0.1864 | Val e:  85.17 , Val l: 1.0006 | Test e:  66.02 
| Epoch  149 | Train e:  95.80, T l:  0.1894 | Val e:  85.44 , Val l: 0.8875 | Test e:  65.97 
| Epoch  150 | Train e:  95.49, T l:  0.1877 | Val e:  85.01 , Val l: 0.8760 | Test e:  65.75 
| Epoch  151 | Train e:  95.58, T l:  0.1905 | Val e:  84.38 , Val l: 0.8882 | Test e:  65.94 
| Epoch  152 | Train e:  95.58, T l:  0.1834 | Val e:  85.32 , Val l: 0.7708 | Test e:  65.62 
| Epoch  153 | Train e:  95.69, T l:  0.1917 | Val e:  85.35 , Val l: 0.9635 | Test e:  65.90 
| Epoch  154 | Train e:  95.88, T l:  0.1929 | Val e:  86.10 , Val l: 0.9052 | Test e:  66.03 
| Epoch  155 | Train e:  96.16, T l:  0.1894 | Val e:  85.69 , Val l: 0.8582 | Test e:  65.79 
| Epoch  156 | Train e:  95.96, T l:  0.1803 | Val e:  85.15 , Val l: 1.0099 | Test e:  65.65 
| Epoch  157 | Train e:  95.79, T l:  0.1813 | Val e:  85.26 , Val l: 0.7817 | Test e:  65.65 
| Epoch  158 | Train e:  95.93, T l:  0.1850 | Val e:  84.46 , Val l: 0.8777 | Test e:  65.83 
| Epoch  159 | Train e:  95.74, T l:  0.1858 | Val e:  85.73 , Val l: 0.8149 | Test e:  65.73 
| Epoch  160 | Train e:  95.85, T l:  0.1874 | Val e:  85.70 , Val l: 0.8425 | Test e:  65.62 
| Epoch  161 | Train e:  96.04, T l:  0.1821 | Val e:  85.42 , Val l: 0.8599 | Test e:  65.58 
| Epoch  162 | Train e:  95.91, T l:  0.1702 | Val e:  84.28 , Val l: 1.2927 | Test e:  65.43 
| Epoch  163 | Train e:  96.14, T l:  0.1791 | Val e:  85.39 , Val l: 1.0128 | Test e:  65.77 
| Epoch  164 | Train e:  96.36, T l:  0.1819 | Val e:  86.14 , Val l: 0.8231 | Test e:  65.75 
| Epoch  165 | Train e:  96.05, T l:  0.1826 | Val e:  86.21 , Val l: 0.8780 | Test e:  65.90 
| Epoch  166 | Train e:  96.06, T l:  0.1791 | Val e:  86.03 , Val l: 0.7517 | Test e:  65.68 
| Epoch  167 | Train e:  95.95, T l:  0.1838 | Val e:  85.57 , Val l: 0.8163 | Test e:  65.71 
| Epoch  168 | Train e:  95.87, T l:  0.1839 | Val e:  85.29 , Val l: 0.8692 | Test e:  65.71 
| Epoch  169 | Train e:  96.14, T l:  0.1784 | Val e:  85.75 , Val l: 0.9198 | Test e:  65.62 
| Epoch  170 | Train e:  96.23, T l:  0.1740 | Val e:  86.11 , Val l: 0.8279 | Test e:  65.56 
| Epoch  171 | Train e:  96.12, T l:  0.1753 | Val e:  86.41 , Val l: 0.7870 | Test e:  65.72 
| Epoch  172 | Train e:  96.23, T l:  0.1806 | Val e:  86.06 , Val l: 0.8451 | Test e:  65.90 
| Epoch  173 | Train e:  96.27, T l:  0.1729 | Val e:  85.66 , Val l: 1.0403 | Test e:  65.50 
| Epoch  174 | Train e:  96.34, T l:  0.1735 | Val e:  85.20 , Val l: 0.9662 | Test e:  65.60 
| Epoch  175 | Train e:  96.29, T l:  0.1772 | Val e:  85.60 , Val l: 0.9319 | Test e:  65.71 
| Epoch  176 | Train e:  96.04, T l:  0.1742 | Val e:  85.39 , Val l: 0.8152 | Test e:  65.61 
| Epoch  177 | Train e:  96.25, T l:  0.1797 | Val e:  85.60 , Val l: 0.8458 | Test e:  65.62 
| Epoch  178 | Train e:  96.53, T l:  0.1776 | Val e:  85.24 , Val l: 0.9292 | Test e:  65.35 
| Epoch  179 | Train e:  96.39, T l:  0.1712 | Val e:  85.31 , Val l: 0.9122 | Test e:  65.71 
| Epoch  180 | Train e:  96.18, T l:  0.1700 | Val e:  85.64 , Val l: 0.8978 | Test e:  65.55 
| Epoch  181 | Train e:  96.15, T l:  0.1741 | Val e:  85.82 , Val l: 0.9372 | Test e:  65.41 
| Epoch  182 | Train e:  96.26, T l:  0.1757 | Val e:  85.67 , Val l: 0.9639 | Test e:  65.38 
| Epoch  183 | Train e:  96.46, T l:  0.1733 | Val e:  85.56 , Val l: 0.9370 | Test e:  65.35 
| Epoch  184 | Train e:  96.39, T l:  0.1814 | Val e:  86.08 , Val l: 0.8242 | Test e:  65.44 
| Epoch  185 | Train e:  96.42, T l:  0.1692 | Val e:  85.96 , Val l: 0.9690 | Test e:  65.41 
| Epoch  186 | Train e:  96.47, T l:  0.1701 | Val e:  85.66 , Val l: 0.9379 | Test e:  65.45 
| Epoch  187 | Train e:  96.38, T l:  0.1679 | Val e:  85.68 , Val l: 0.8978 | Test e:  65.49 
| Epoch  188 | Train e:  96.38, T l:  0.1725 | Val e:  85.52 , Val l: 0.9919 | Test e:  65.30 
| Epoch  189 | Train e:  96.42, T l:  0.1734 | Val e:  85.86 , Val l: 0.8724 | Test e:  65.48 
| Epoch  190 | Train e:  96.33, T l:  0.1698 | Val e:  85.63 , Val l: 0.9363 | Test e:  65.49 
| Epoch  191 | Train e:  96.68, T l:  0.1752 | Val e:  85.65 , Val l: 0.9119 | Test e:  65.56 
| Epoch  192 | Train e:  96.47, T l:  0.1647 | Val e:  85.69 , Val l: 0.9238 | Test e:  65.42 
| Epoch  193 | Train e:  96.62, T l:  0.1686 | Val e:  85.72 , Val l: 0.9105 | Test e:  65.50 
| Epoch  194 | Train e:  96.48, T l:  0.1671 | Val e:  85.73 , Val l: 0.9415 | Test e:  65.44 
| Epoch  195 | Train e:  96.44, T l:  0.1640 | Val e:  85.78 , Val l: 0.9262 | Test e:  65.46 
| Epoch  196 | Train e:  96.25, T l:  0.1753 | Val e:  85.73 , Val l: 0.9166 | Test e:  65.50 
| Epoch  197 | Train e:  96.37, T l:  0.1694 | Val e:  85.66 , Val l: 0.9232 | Test e:  65.45 
| Epoch  198 | Train e:  96.41, T l:  0.1727 | Val e:  85.62 , Val l: 0.9375 | Test e:  65.44 
| Epoch  199 | Train e:  96.57, T l:  0.1685 | Val e:  85.64 , Val l: 0.9321 | Test e:  65.44 
