

===============================================
2022-07-26 21:56:01

main.py --batch-size 64 --lr 0.0001 --warmup 50 --scheduler-type linear --seeds 2020 --device 1

None

dataset: ogbg-molbbbp
use_node_attr: False
pre_transform: None
transform: None
clean_cache: False
use_public_splits: True
use_val: True
use_val_loss: True
same_best_epoch: False
early_stop: False
scheduler_type: linear
epochs: 200
warmup: 50
batch_size: 64
lr: 0.0001
weight_decay: 0.0001
seeds: 2020
save_state: False
transformer_dropout: 0.1



| Epoch    0 | Train e:  51.26, T l:  0.7232 | Val e:  44.39 , Val l: 0.7204 | Test e:  52.39 
| Epoch    1 | Train e:  52.41, T l:  0.6215 | Val e:  41.06 , Val l: 0.8932 | Test e:  52.53 
| Epoch    2 | Train e:  54.13, T l:  0.5036 | Val e:  38.36 , Val l: 1.2527 | Test e:  53.17 
| Epoch    3 | Train e:  56.93, T l:  0.4507 | Val e:  38.40 , Val l: 1.5472 | Test e:  54.60 
| Epoch    4 | Train e:  61.93, T l:  0.4396 | Val e:  41.86 , Val l: 1.6512 | Test e:  56.55 
| Epoch    5 | Train e:  67.76, T l:  0.4347 | Val e:  47.51 , Val l: 1.6688 | Test e:  58.54 
| Epoch    6 | Train e:  70.75, T l:  0.4339 | Val e:  54.80 , Val l: 1.6855 | Test e:  60.57 
| Epoch    7 | Train e:  73.65, T l:  0.4331 | Val e:  61.86 , Val l: 1.6414 | Test e:  62.14 
| Epoch    8 | Train e:  74.66, T l:  0.4309 | Val e:  66.42 , Val l: 1.6719 | Test e:  62.27 
| Epoch    9 | Train e:  75.53, T l:  0.4289 | Val e:  69.72 , Val l: 1.6284 | Test e:  62.65 
| Epoch   10 | Train e:  76.05, T l:  0.4247 | Val e:  71.88 , Val l: 1.5225 | Test e:  62.69 
| Epoch   11 | Train e:  76.29, T l:  0.4236 | Val e:  74.24 , Val l: 1.4808 | Test e:  62.83 
| Epoch   12 | Train e:  76.31, T l:  0.4219 | Val e:  75.86 , Val l: 1.6042 | Test e:  62.70 
| Epoch   13 | Train e:  76.93, T l:  0.4118 | Val e:  77.55 , Val l: 1.3777 | Test e:  62.90 
| Epoch   14 | Train e:  77.55, T l:  0.4014 | Val e:  79.22 , Val l: 1.4107 | Test e:  63.19 
| Epoch   15 | Train e:  78.72, T l:  0.3940 | Val e:  80.90 , Val l: 1.2418 | Test e:  63.35 
| Epoch   16 | Train e:  79.61, T l:  0.3806 | Val e:  82.03 , Val l: 1.3236 | Test e:  64.21 
| Epoch   17 | Train e:  80.57, T l:  0.3750 | Val e:  82.88 , Val l: 1.0721 | Test e:  64.67 
| Epoch   18 | Train e:  81.01, T l:  0.3634 | Val e:  82.94 , Val l: 1.3469 | Test e:  64.98 
| Epoch   19 | Train e:  82.30, T l:  0.3535 | Val e:  83.60 , Val l: 1.1691 | Test e:  65.41 
| Epoch   20 | Train e:  83.27, T l:  0.3601 | Val e:  83.57 , Val l: 1.4527 | Test e:  65.28 
| Epoch   21 | Train e:  83.82, T l:  0.3492 | Val e:  83.87 , Val l: 1.1996 | Test e:  65.21 
| Epoch   22 | Train e:  84.20, T l:  0.3446 | Val e:  84.29 , Val l: 1.7398 | Test e:  65.28 
| Epoch   23 | Train e:  84.29, T l:  0.3444 | Val e:  85.45 , Val l: 1.1255 | Test e:  64.88 
| Epoch   24 | Train e:  84.76, T l:  0.3320 | Val e:  85.36 , Val l: 1.8153 | Test e:  64.64 
| Epoch   25 | Train e:  84.88, T l:  0.3433 | Val e:  85.79 , Val l: 1.0631 | Test e:  64.48 
| Epoch   26 | Train e:  85.38, T l:  0.3256 | Val e:  86.34 , Val l: 1.0500 | Test e:  64.55 
| Epoch   27 | Train e:  85.32, T l:  0.3271 | Val e:  86.69 , Val l: 0.7748 | Test e:  64.32 
| Epoch   28 | Train e:  86.05, T l:  0.3219 | Val e:  86.48 , Val l: 1.1990 | Test e:  63.90 
| Epoch   29 | Train e:  86.84, T l:  0.3157 | Val e:  86.46 , Val l: 1.5448 | Test e:  63.84 
| Epoch   30 | Train e:  86.57, T l:  0.3320 | Val e:  87.59 , Val l: 0.7593 | Test e:  63.88 
| Epoch   31 | Train e:  86.44, T l:  0.3164 | Val e:  87.95 , Val l: 0.6955 | Test e:  63.85 
| Epoch   32 | Train e:  86.97, T l:  0.3104 | Val e:  87.56 , Val l: 1.1382 | Test e:  63.74 
| Epoch   33 | Train e:  87.10, T l:  0.3190 | Val e:  87.79 , Val l: 0.8484 | Test e:  63.50 
| Epoch   34 | Train e:  87.58, T l:  0.3018 | Val e:  87.77 , Val l: 0.9722 | Test e:  63.67 
| Epoch   35 | Train e:  88.26, T l:  0.3099 | Val e:  86.74 , Val l: 1.4886 | Test e:  63.90 
| Epoch   36 | Train e:  88.13, T l:  0.3124 | Val e:  87.26 , Val l: 1.1814 | Test e:  63.82 
| Epoch   37 | Train e:  88.34, T l:  0.3025 | Val e:  87.26 , Val l: 1.1316 | Test e:  63.75 
| Epoch   38 | Train e:  88.18, T l:  0.2999 | Val e:  87.90 , Val l: 0.8391 | Test e:  63.45 
| Epoch   39 | Train e:  88.63, T l:  0.2914 | Val e:  83.64 , Val l: 2.3002 | Test e:  63.66 
| Epoch   40 | Train e:  88.93, T l:  0.3040 | Val e:  88.15 , Val l: 1.0452 | Test e:  64.21 
| Epoch   41 | Train e:  88.99, T l:  0.2868 | Val e:  87.83 , Val l: 1.0861 | Test e:  64.20 
| Epoch   42 | Train e:  88.42, T l:  0.2867 | Val e:  88.59 , Val l: 0.5168 | Test e:  63.50 
| Epoch   43 | Train e:  89.44, T l:  0.3142 | Val e:  88.47 , Val l: 0.7645 | Test e:  64.82 
| Epoch   44 | Train e:  89.99, T l:  0.2725 | Val e:  87.79 , Val l: 0.9135 | Test e:  64.56 
| Epoch   45 | Train e:  89.29, T l:  0.2713 | Val e:  88.98 , Val l: 0.6239 | Test e:  64.47 
| Epoch   46 | Train e:  90.65, T l:  0.2678 | Val e:  86.62 , Val l: 1.0700 | Test e:  65.03 
| Epoch   47 | Train e:  91.21, T l:  0.2756 | Val e:  86.71 , Val l: 1.1451 | Test e:  65.45 
| Epoch   48 | Train e:  91.10, T l:  0.2919 | Val e:  88.12 , Val l: 0.8729 | Test e:  66.43 
| Epoch   49 | Train e:  90.73, T l:  0.2711 | Val e:  89.18 , Val l: 0.7281 | Test e:  66.13 
| Epoch   50 | Train e:  91.87, T l:  0.2670 | Val e:  87.06 , Val l: 1.0910 | Test e:  66.03 
| Epoch   51 | Train e:  92.08, T l:  0.2541 | Val e:  88.05 , Val l: 0.9426 | Test e:  66.65 
| Epoch   52 | Train e:  91.79, T l:  0.2639 | Val e:  86.68 , Val l: 1.1320 | Test e:  65.90 
| Epoch   53 | Train e:  91.47, T l:  0.2749 | Val e:  84.15 , Val l: 1.4072 | Test e:  65.79 
| Epoch   54 | Train e:  91.72, T l:  0.2586 | Val e:  90.24 , Val l: 0.5371 | Test e:  66.68 
| Epoch   55 | Train e:  92.33, T l:  0.2760 | Val e:  88.23 , Val l: 1.0041 | Test e:  67.38 
| Epoch   56 | Train e:  92.03, T l:  0.2619 | Val e:  84.93 , Val l: 1.3244 | Test e:  66.48 
| Epoch   57 | Train e:  92.77, T l:  0.2474 | Val e:  88.99 , Val l: 0.8774 | Test e:  67.72 
| Epoch   58 | Train e:  92.99, T l:  0.2428 | Val e:  87.67 , Val l: 0.8987 | Test e:  67.25 
| Epoch   59 | Train e:  93.25, T l:  0.2450 | Val e:  86.30 , Val l: 1.0086 | Test e:  67.51 
| Epoch   60 | Train e:  93.17, T l:  0.2393 | Val e:  84.69 , Val l: 1.2830 | Test e:  67.84 
| Epoch   61 | Train e:  93.05, T l:  0.2437 | Val e:  83.80 , Val l: 1.2261 | Test e:  67.56 
| Epoch   62 | Train e:  93.07, T l:  0.2377 | Val e:  84.40 , Val l: 1.3264 | Test e:  67.83 
| Epoch   63 | Train e:  93.08, T l:  0.2363 | Val e:  89.80 , Val l: 0.5707 | Test e:  68.10 
| Epoch   64 | Train e:  93.91, T l:  0.2403 | Val e:  89.31 , Val l: 0.6805 | Test e:  68.35 
| Epoch   65 | Train e:  94.03, T l:  0.2396 | Val e:  87.28 , Val l: 0.9082 | Test e:  68.81 
| Epoch   66 | Train e:  94.12, T l:  0.2372 | Val e:  87.10 , Val l: 1.1330 | Test e:  68.90 
| Epoch   67 | Train e:  94.32, T l:  0.2201 | Val e:  86.47 , Val l: 1.1118 | Test e:  69.10 
| Epoch   68 | Train e:  93.84, T l:  0.2355 | Val e:  83.88 , Val l: 1.4538 | Test e:  68.24 
| Epoch   69 | Train e:  94.57, T l:  0.2176 | Val e:  88.78 , Val l: 0.9393 | Test e:  68.90 
| Epoch   70 | Train e:  94.65, T l:  0.2189 | Val e:  85.70 , Val l: 1.0992 | Test e:  68.81 
| Epoch   71 | Train e:  94.35, T l:  0.2082 | Val e:  80.43 , Val l: 1.7350 | Test e:  67.77 
| Epoch   72 | Train e:  94.81, T l:  0.2307 | Val e:  86.47 , Val l: 1.3242 | Test e:  68.85 
| Epoch   73 | Train e:  94.58, T l:  0.2116 | Val e:  90.01 , Val l: 0.6645 | Test e:  68.91 
| Epoch   74 | Train e:  94.70, T l:  0.2057 | Val e:  82.67 , Val l: 1.3502 | Test e:  67.79 
| Epoch   75 | Train e:  94.92, T l:  0.2139 | Val e:  85.60 , Val l: 1.1195 | Test e:  67.88 
| Epoch   76 | Train e:  95.23, T l:  0.2177 | Val e:  85.45 , Val l: 1.0992 | Test e:  68.98 
| Epoch   77 | Train e:  95.11, T l:  0.2005 | Val e:  85.51 , Val l: 1.0830 | Test e:  68.47 
| Epoch   78 | Train e:  94.08, T l:  0.1882 | Val e:  79.76 , Val l: 2.3791 | Test e:  65.59 
| Epoch   79 | Train e:  95.67, T l:  0.2124 | Val e:  84.09 , Val l: 1.0930 | Test e:  68.45 
| Epoch   80 | Train e:  95.56, T l:  0.2126 | Val e:  88.24 , Val l: 0.8292 | Test e:  69.57 
| Epoch   81 | Train e:  95.62, T l:  0.1952 | Val e:  88.71 , Val l: 0.8259 | Test e:  69.02 
| Epoch   82 | Train e:  95.87, T l:  0.1991 | Val e:  88.81 , Val l: 0.8055 | Test e:  68.96 
| Epoch   83 | Train e:  95.74, T l:  0.2072 | Val e:  88.11 , Val l: 0.8959 | Test e:  69.94 
| Epoch   84 | Train e:  95.81, T l:  0.2014 | Val e:  85.50 , Val l: 1.2510 | Test e:  68.28 
| Epoch   85 | Train e:  95.32, T l:  0.1907 | Val e:  86.78 , Val l: 1.0256 | Test e:  66.88 
| Epoch   86 | Train e:  95.60, T l:  0.2121 | Val e:  90.05 , Val l: 0.7379 | Test e:  68.35 
| Epoch   87 | Train e:  95.82, T l:  0.1974 | Val e:  83.63 , Val l: 1.4975 | Test e:  67.08 
| Epoch   88 | Train e:  96.34, T l:  0.2069 | Val e:  87.60 , Val l: 0.9426 | Test e:  68.86 
| Epoch   89 | Train e:  94.75, T l:  0.1905 | Val e:  89.68 , Val l: 0.6024 | Test e:  68.07 
| Epoch   90 | Train e:  96.01, T l:  0.1951 | Val e:  85.97 , Val l: 0.9560 | Test e:  68.63 
| Epoch   91 | Train e:  96.45, T l:  0.1968 | Val e:  86.18 , Val l: 1.0592 | Test e:  67.92 
| Epoch   92 | Train e:  96.29, T l:  0.2015 | Val e:  85.80 , Val l: 1.1814 | Test e:  68.65 
| Epoch   93 | Train e:  96.39, T l:  0.1881 | Val e:  87.24 , Val l: 1.0324 | Test e:  68.41 
| Epoch   94 | Train e:  96.10, T l:  0.1833 | Val e:  78.17 , Val l: 2.0186 | Test e:  66.56 
| Epoch   95 | Train e:  96.63, T l:  0.1876 | Val e:  83.98 , Val l: 1.3153 | Test e:  66.95 
| Epoch   96 | Train e:  95.38, T l:  0.1906 | Val e:  76.03 , Val l: 2.1571 | Test e:  66.39 
| Epoch   97 | Train e:  96.74, T l:  0.1843 | Val e:  86.29 , Val l: 1.0196 | Test e:  67.71 
| Epoch   98 | Train e:  96.66, T l:  0.1795 | Val e:  83.45 , Val l: 1.5515 | Test e:  66.81 
| Epoch   99 | Train e:  96.65, T l:  0.2094 | Val e:  89.06 , Val l: 0.8001 | Test e:  67.81 
| Epoch  100 | Train e:  96.87, T l:  0.1798 | Val e:  84.74 , Val l: 1.0963 | Test e:  67.22 
| Epoch  101 | Train e:  96.17, T l:  0.1881 | Val e:  82.59 , Val l: 1.4781 | Test e:  66.69 
| Epoch  102 | Train e:  96.78, T l:  0.1723 | Val e:  86.56 , Val l: 0.9617 | Test e:  67.33 
| Epoch  103 | Train e:  96.86, T l:  0.2009 | Val e:  84.73 , Val l: 1.4578 | Test e:  67.31 
| Epoch  104 | Train e:  96.26, T l:  0.1815 | Val e:  85.62 , Val l: 1.0102 | Test e:  68.34 
| Epoch  105 | Train e:  96.51, T l:  0.1815 | Val e:  85.53 , Val l: 1.0859 | Test e:  68.60 
| Epoch  106 | Train e:  96.63, T l:  0.1795 | Val e:  83.53 , Val l: 1.1577 | Test e:  68.08 
| Epoch  107 | Train e:  96.86, T l:  0.1751 | Val e:  82.31 , Val l: 1.8102 | Test e:  65.99 
| Epoch  108 | Train e:  97.00, T l:  0.1774 | Val e:  83.45 , Val l: 1.2082 | Test e:  66.93 
| Epoch  109 | Train e:  97.13, T l:  0.1768 | Val e:  84.55 , Val l: 1.2388 | Test e:  66.06 
| Epoch  110 | Train e:  96.78, T l:  0.1618 | Val e:  84.84 , Val l: 0.9746 | Test e:  66.95 
| Epoch  111 | Train e:  97.00, T l:  0.1617 | Val e:  79.57 , Val l: 1.9624 | Test e:  65.85 
| Epoch  112 | Train e:  97.20, T l:  0.1844 | Val e:  85.42 , Val l: 1.1644 | Test e:  67.21 
| Epoch  113 | Train e:  96.98, T l:  0.1606 | Val e:  77.08 , Val l: 2.1091 | Test e:  66.23 
| Epoch  114 | Train e:  97.32, T l:  0.1666 | Val e:  85.68 , Val l: 1.1231 | Test e:  66.14 
| Epoch  115 | Train e:  97.22, T l:  0.1630 | Val e:  82.38 , Val l: 1.5021 | Test e:  65.84 
| Epoch  116 | Train e:  97.50, T l:  0.1748 | Val e:  84.86 , Val l: 1.3630 | Test e:  66.28 
| Epoch  117 | Train e:  96.21, T l:  0.1685 | Val e:  87.11 , Val l: 0.7091 | Test e:  68.27 
| Epoch  118 | Train e:  97.53, T l:  0.1740 | Val e:  88.55 , Val l: 0.8535 | Test e:  67.33 
| Epoch  119 | Train e:  97.54, T l:  0.1724 | Val e:  84.17 , Val l: 1.3473 | Test e:  66.02 
| Epoch  120 | Train e:  97.34, T l:  0.1696 | Val e:  78.86 , Val l: 1.7675 | Test e:  65.90 
| Epoch  121 | Train e:  97.34, T l:  0.1817 | Val e:  88.78 , Val l: 0.8737 | Test e:  67.56 
| Epoch  122 | Train e:  97.34, T l:  0.1704 | Val e:  88.93 , Val l: 0.8109 | Test e:  67.67 
| Epoch  123 | Train e:  97.58, T l:  0.1679 | Val e:  87.89 , Val l: 0.8167 | Test e:  67.73 
| Epoch  124 | Train e:  96.50, T l:  0.1736 | Val e:  84.21 , Val l: 0.9995 | Test e:  67.44 
| Epoch  125 | Train e:  97.44, T l:  0.1659 | Val e:  83.48 , Val l: 1.2451 | Test e:  66.73 
| Epoch  126 | Train e:  97.14, T l:  0.1604 | Val e:  87.34 , Val l: 0.9821 | Test e:  67.12 
| Epoch  127 | Train e:  96.74, T l:  0.1607 | Val e:  83.21 , Val l: 1.2409 | Test e:  66.81 
| Epoch  128 | Train e:  97.66, T l:  0.1548 | Val e:  82.49 , Val l: 1.5010 | Test e:  66.73 
| Epoch  129 | Train e:  97.65, T l:  0.1677 | Val e:  80.30 , Val l: 1.5446 | Test e:  65.41 
| Epoch  130 | Train e:  97.70, T l:  0.1593 | Val e:  83.72 , Val l: 1.4783 | Test e:  65.76 
| Epoch  131 | Train e:  97.80, T l:  0.1644 | Val e:  82.82 , Val l: 1.3427 | Test e:  66.28 
| Epoch  132 | Train e:  97.75, T l:  0.1591 | Val e:  81.63 , Val l: 1.6219 | Test e:  65.88 
| Epoch  133 | Train e:  97.25, T l:  0.1589 | Val e:  79.09 , Val l: 1.6618 | Test e:  65.70 
| Epoch  134 | Train e:  97.78, T l:  0.1569 | Val e:  85.23 , Val l: 1.2512 | Test e:  66.20 
| Epoch  135 | Train e:  97.07, T l:  0.1575 | Val e:  78.62 , Val l: 1.7856 | Test e:  65.81 
| Epoch  136 | Train e:  97.79, T l:  0.1531 | Val e:  79.98 , Val l: 1.8276 | Test e:  65.90 
| Epoch  137 | Train e:  97.92, T l:  0.1440 | Val e:  84.60 , Val l: 1.2590 | Test e:  65.74 
| Epoch  138 | Train e:  97.73, T l:  0.1463 | Val e:  83.83 , Val l: 1.3640 | Test e:  65.67 
| Epoch  139 | Train e:  97.74, T l:  0.1497 | Val e:  82.86 , Val l: 1.4004 | Test e:  65.91 
| Epoch  140 | Train e:  97.87, T l:  0.1542 | Val e:  76.57 , Val l: 1.8891 | Test e:  64.78 
| Epoch  141 | Train e:  97.73, T l:  0.1565 | Val e:  85.29 , Val l: 1.1250 | Test e:  65.68 
| Epoch  142 | Train e:  97.14, T l:  0.1551 | Val e:  87.98 , Val l: 0.7847 | Test e:  67.60 
| Epoch  143 | Train e:  97.60, T l:  0.1621 | Val e:  81.54 , Val l: 1.3541 | Test e:  65.72 
| Epoch  144 | Train e:  97.57, T l:  0.1596 | Val e:  82.47 , Val l: 1.2241 | Test e:  65.98 
| Epoch  145 | Train e:  97.72, T l:  0.1536 | Val e:  81.38 , Val l: 1.3554 | Test e:  64.96 
| Epoch  146 | Train e:  98.05, T l:  0.1375 | Val e:  84.46 , Val l: 1.2163 | Test e:  65.11 
| Epoch  147 | Train e:  97.49, T l:  0.1571 | Val e:  80.25 , Val l: 1.5160 | Test e:  65.26 
| Epoch  148 | Train e:  97.93, T l:  0.1448 | Val e:  83.04 , Val l: 1.3431 | Test e:  65.35 
| Epoch  149 | Train e:  98.02, T l:  0.1451 | Val e:  75.71 , Val l: 2.0646 | Test e:  65.30 
| Epoch  150 | Train e:  97.82, T l:  0.1580 | Val e:  82.16 , Val l: 1.4133 | Test e:  64.67 
| Epoch  151 | Train e:  97.66, T l:  0.1452 | Val e:  80.64 , Val l: 1.2653 | Test e:  65.08 
| Epoch  152 | Train e:  98.00, T l:  0.1483 | Val e:  86.75 , Val l: 0.9733 | Test e:  66.33 
| Epoch  153 | Train e:  98.13, T l:  0.1406 | Val e:  82.07 , Val l: 1.3360 | Test e:  65.65 
| Epoch  154 | Train e:  97.96, T l:  0.1374 | Val e:  81.78 , Val l: 1.4695 | Test e:  65.75 
| Epoch  155 | Train e:  97.60, T l:  0.1485 | Val e:  77.49 , Val l: 2.0986 | Test e:  65.00 
| Epoch  156 | Train e:  98.02, T l:  0.1390 | Val e:  84.57 , Val l: 1.1751 | Test e:  65.70 
| Epoch  157 | Train e:  97.95, T l:  0.1394 | Val e:  83.74 , Val l: 1.2791 | Test e:  65.70 
| Epoch  158 | Train e:  98.03, T l:  0.1375 | Val e:  80.20 , Val l: 1.5995 | Test e:  64.82 
| Epoch  159 | Train e:  97.95, T l:  0.1357 | Val e:  83.48 , Val l: 1.1394 | Test e:  66.05 
| Epoch  160 | Train e:  98.26, T l:  0.1383 | Val e:  79.43 , Val l: 1.9527 | Test e:  65.34 
| Epoch  161 | Train e:  98.14, T l:  0.1392 | Val e:  84.24 , Val l: 1.2056 | Test e:  65.73 
| Epoch  162 | Train e:  98.18, T l:  0.1391 | Val e:  83.75 , Val l: 1.1372 | Test e:  65.80 
| Epoch  163 | Train e:  98.12, T l:  0.1350 | Val e:  82.56 , Val l: 1.3332 | Test e:  65.45 
| Epoch  164 | Train e:  98.17, T l:  0.1439 | Val e:  81.79 , Val l: 1.4668 | Test e:  64.86 
| Epoch  165 | Train e:  98.05, T l:  0.1409 | Val e:  81.47 , Val l: 1.3898 | Test e:  65.07 
| Epoch  166 | Train e:  98.32, T l:  0.1409 | Val e:  80.60 , Val l: 1.6531 | Test e:  65.01 
| Epoch  167 | Train e:  97.96, T l:  0.1419 | Val e:  76.95 , Val l: 1.8979 | Test e:  65.01 
| Epoch  168 | Train e:  98.18, T l:  0.1396 | Val e:  84.70 , Val l: 1.0458 | Test e:  65.30 
| Epoch  169 | Train e:  98.20, T l:  0.1301 | Val e:  82.79 , Val l: 1.3404 | Test e:  64.83 
| Epoch  170 | Train e:  98.49, T l:  0.1363 | Val e:  80.28 , Val l: 1.7647 | Test e:  65.00 
| Epoch  171 | Train e:  98.26, T l:  0.1404 | Val e:  82.96 , Val l: 1.3421 | Test e:  65.12 
| Epoch  172 | Train e:  98.44, T l:  0.1295 | Val e:  81.11 , Val l: 1.5510 | Test e:  64.32 
| Epoch  173 | Train e:  98.30, T l:  0.1331 | Val e:  83.34 , Val l: 1.2268 | Test e:  64.92 
| Epoch  174 | Train e:  98.11, T l:  0.1359 | Val e:  78.55 , Val l: 1.6210 | Test e:  64.38 
| Epoch  175 | Train e:  98.37, T l:  0.1347 | Val e:  81.89 , Val l: 1.4209 | Test e:  65.46 
| Epoch  176 | Train e:  98.53, T l:  0.1346 | Val e:  80.46 , Val l: 1.6354 | Test e:  65.08 
| Epoch  177 | Train e:  98.20, T l:  0.1311 | Val e:  82.17 , Val l: 1.2563 | Test e:  64.52 
| Epoch  178 | Train e:  98.29, T l:  0.1361 | Val e:  82.33 , Val l: 1.3333 | Test e:  64.66 
| Epoch  179 | Train e:  98.21, T l:  0.1339 | Val e:  81.46 , Val l: 1.3458 | Test e:  64.61 
| Epoch  180 | Train e:  97.81, T l:  0.1301 | Val e:  82.14 , Val l: 1.2259 | Test e:  64.48 
| Epoch  181 | Train e:  98.45, T l:  0.1336 | Val e:  82.26 , Val l: 1.5761 | Test e:  64.43 
| Epoch  182 | Train e:  98.48, T l:  0.1361 | Val e:  81.39 , Val l: 1.5219 | Test e:  64.60 
| Epoch  183 | Train e:  97.83, T l:  0.1418 | Val e:  80.98 , Val l: 1.3641 | Test e:  64.83 
| Epoch  184 | Train e:  98.48, T l:  0.1274 | Val e:  82.90 , Val l: 1.3500 | Test e:  64.87 
| Epoch  185 | Train e:  98.49, T l:  0.1410 | Val e:  79.68 , Val l: 1.7503 | Test e:  64.59 
| Epoch  186 | Train e:  98.33, T l:  0.1256 | Val e:  83.49 , Val l: 1.1923 | Test e:  64.53 
| Epoch  187 | Train e:  98.23, T l:  0.1370 | Val e:  84.02 , Val l: 1.1174 | Test e:  64.65 
| Epoch  188 | Train e:  98.46, T l:  0.1349 | Val e:  81.28 , Val l: 1.6256 | Test e:  64.68 
| Epoch  189 | Train e:  98.29, T l:  0.1309 | Val e:  81.92 , Val l: 1.3861 | Test e:  64.57 
| Epoch  190 | Train e:  98.51, T l:  0.1249 | Val e:  81.87 , Val l: 1.4919 | Test e:  64.71 
| Epoch  191 | Train e:  98.22, T l:  0.1281 | Val e:  81.13 , Val l: 1.4418 | Test e:  64.37 
| Epoch  192 | Train e:  98.41, T l:  0.1356 | Val e:  82.55 , Val l: 1.3915 | Test e:  64.42 
| Epoch  193 | Train e:  98.33, T l:  0.1308 | Val e:  82.40 , Val l: 1.3661 | Test e:  64.41 
| Epoch  194 | Train e:  98.44, T l:  0.1254 | Val e:  81.61 , Val l: 1.5170 | Test e:  64.42 
| Epoch  195 | Train e:  98.40, T l:  0.1279 | Val e:  82.09 , Val l: 1.4253 | Test e:  64.46 
| Epoch  196 | Train e:  98.33, T l:  0.1305 | Val e:  82.21 , Val l: 1.3731 | Test e:  64.36 
| Epoch  197 | Train e:  98.46, T l:  0.1239 | Val e:  82.65 , Val l: 1.3781 | Test e:  64.46 
| Epoch  198 | Train e:  98.45, T l:  0.1278 | Val e:  82.57 , Val l: 1.4184 | Test e:  64.44 
| Epoch  199 | Train e:  98.46, T l:  0.1274 | Val e:  82.43 , Val l: 1.4344 | Test e:  64.45 
