

===============================================
2022-07-22 23:40:07

main.py

None

dataset: ogbg-molbbbp
use_node_attr: False
pre_transform: None
transform: None
clean_cache: False
use_public_splits: True
use_val: True
use_val_loss: True
same_best_epoch: False
early_stop: False
scheduler_type: cosine
epochs: 200
warmup: 10
batch_size: 32
lr: 0.0001
weight_decay: 0.0001
seeds: 42
save_state: False



| Epoch    1 | Train e:  35.57, T l:  0.7856 | Val e:  23.92 , Val l: 1.3178 | Test e:  46.91 
| Epoch    2 | Train e:  35.25, T l:  0.4553 | Val e:  23.46 , Val l: 1.9813 | Test e:  48.06 
| Epoch    3 | Train e:  64.77, T l:  0.4471 | Val e:  72.20 , Val l: 1.8677 | Test e:  63.72 
| Epoch    4 | Train e:  70.04, T l:  0.4356 | Val e:  81.70 , Val l: 1.6506 | Test e:  61.01 
| Epoch    5 | Train e:  73.34, T l:  0.4282 | Val e:  86.32 , Val l: 1.5037 | Test e:  62.09 
| Epoch    6 | Train e:  76.67, T l:  0.4101 | Val e:  89.37 , Val l: 0.7160 | Test e:  62.48 
| Epoch    7 | Train e:  79.13, T l:  0.3836 | Val e:  90.81 , Val l: 0.6607 | Test e:  63.29 
| Epoch    8 | Train e:  81.71, T l:  0.3670 | Val e:  90.70 , Val l: 0.5162 | Test e:  63.60 
| Epoch    9 | Train e:  83.41, T l:  0.3569 | Val e:  90.75 , Val l: 0.5244 | Test e:  64.14 
| Epoch   10 | Train e:  85.77, T l:  0.3380 | Val e:  89.97 , Val l: 0.5639 | Test e:  64.24 
| Epoch   11 | Train e:  86.92, T l:  0.3320 | Val e:  89.75 , Val l: 0.5819 | Test e:  64.60 
| Epoch   12 | Train e:  87.58, T l:  0.3077 | Val e:  89.53 , Val l: 0.7239 | Test e:  64.55 
| Epoch   13 | Train e:  88.33, T l:  0.3106 | Val e:  88.73 , Val l: 1.7130 | Test e:  65.26 
| Epoch   14 | Train e:  88.22, T l:  0.3168 | Val e:  89.30 , Val l: 0.5558 | Test e:  64.38 
| Epoch   15 | Train e:  88.75, T l:  0.3026 | Val e:  88.72 , Val l: 0.6468 | Test e:  64.98 
| Epoch   16 | Train e:  89.43, T l:  0.2951 | Val e:  88.35 , Val l: 0.7197 | Test e:  64.22 
| Epoch   17 | Train e:  89.32, T l:  0.2915 | Val e:  89.33 , Val l: 0.4343 | Test e:  63.71 
| Epoch   18 | Train e:  89.47, T l:  0.2901 | Val e:  89.94 , Val l: 0.4809 | Test e:  64.39 
| Epoch   19 | Train e:  89.86, T l:  0.2822 | Val e:  89.61 , Val l: 0.5237 | Test e:  64.66 
| Epoch   20 | Train e:  90.33, T l:  0.2804 | Val e:  89.97 , Val l: 0.5104 | Test e:  64.53 
| Epoch   21 | Train e:  90.52, T l:  0.2873 | Val e:  89.88 , Val l: 0.5544 | Test e:  65.22 
| Epoch   22 | Train e:  91.12, T l:  0.2702 | Val e:  90.35 , Val l: 0.4676 | Test e:  65.72 
| Epoch   23 | Train e:  91.66, T l:  0.2642 | Val e:  88.84 , Val l: 0.7735 | Test e:  66.67 
| Epoch   24 | Train e:  91.63, T l:  0.2668 | Val e:  88.67 , Val l: 0.7400 | Test e:  66.17 
| Epoch   25 | Train e:  92.15, T l:  0.2587 | Val e:  90.31 , Val l: 0.5525 | Test e:  66.90 
| Epoch   26 | Train e:  92.54, T l:  0.2534 | Val e:  89.62 , Val l: 0.7939 | Test e:  67.79 
| Epoch   27 | Train e:  92.60, T l:  0.2518 | Val e:  90.71 , Val l: 0.5188 | Test e:  66.61 
| Epoch   28 | Train e:  92.87, T l:  0.2549 | Val e:  90.39 , Val l: 0.5151 | Test e:  67.57 
| Epoch   29 | Train e:  93.02, T l:  0.2431 | Val e:  90.87 , Val l: 0.4718 | Test e:  68.52 
| Epoch   30 | Train e:  92.87, T l:  0.2505 | Val e:  87.78 , Val l: 1.0829 | Test e:  68.36 
| Epoch   31 | Train e:  93.44, T l:  0.2432 | Val e:  90.82 , Val l: 0.6079 | Test e:  68.83 
| Epoch   32 | Train e:  93.55, T l:  0.2347 | Val e:  90.63 , Val l: 0.4983 | Test e:  69.21 
| Epoch   33 | Train e:  93.50, T l:  0.2276 | Val e:  88.51 , Val l: 1.0877 | Test e:  68.27 
| Epoch   34 | Train e:  93.82, T l:  0.2410 | Val e:  90.84 , Val l: 0.5392 | Test e:  69.01 
| Epoch   35 | Train e:  93.85, T l:  0.2292 | Val e:  89.34 , Val l: 0.7138 | Test e:  68.22 
| Epoch   36 | Train e:  94.10, T l:  0.2259 | Val e:  90.08 , Val l: 0.5946 | Test e:  69.42 
| Epoch   37 | Train e:  94.39, T l:  0.2191 | Val e:  90.51 , Val l: 0.6669 | Test e:  69.20 
| Epoch   38 | Train e:  94.18, T l:  0.2220 | Val e:  91.26 , Val l: 0.5426 | Test e:  69.68 
| Epoch   39 | Train e:  94.73, T l:  0.2313 | Val e:  90.41 , Val l: 0.5830 | Test e:  69.32 
| Epoch   40 | Train e:  94.97, T l:  0.2260 | Val e:  90.55 , Val l: 0.6473 | Test e:  70.65 
| Epoch   41 | Train e:  94.87, T l:  0.2180 | Val e:  90.63 , Val l: 0.6065 | Test e:  71.19 
| Epoch   42 | Train e:  95.09, T l:  0.2134 | Val e:  89.91 , Val l: 0.7995 | Test e:  70.15 
| Epoch   43 | Train e:  95.08, T l:  0.2073 | Val e:  91.79 , Val l: 0.5464 | Test e:  70.10 
| Epoch   44 | Train e:  95.36, T l:  0.2160 | Val e:  90.33 , Val l: 0.9425 | Test e:  70.49 
| Epoch   45 | Train e:  95.24, T l:  0.2142 | Val e:  91.45 , Val l: 0.5676 | Test e:  69.43 
| Epoch   46 | Train e:  94.96, T l:  0.2060 | Val e:  92.31 , Val l: 0.4569 | Test e:  70.47 
| Epoch   47 | Train e:  95.47, T l:  0.2039 | Val e:  92.04 , Val l: 0.4932 | Test e:  70.50 
| Epoch   48 | Train e:  95.22, T l:  0.2119 | Val e:  89.55 , Val l: 0.8755 | Test e:  69.31 
| Epoch   49 | Train e:  95.60, T l:  0.2121 | Val e:  90.55 , Val l: 0.6369 | Test e:  70.40 
| Epoch   50 | Train e:  95.72, T l:  0.1937 | Val e:  91.16 , Val l: 0.5959 | Test e:  70.84 
| Epoch   51 | Train e:  94.95, T l:  0.1994 | Val e:  91.55 , Val l: 0.4971 | Test e:  69.10 
| Epoch   52 | Train e:  95.52, T l:  0.2144 | Val e:  91.62 , Val l: 0.5169 | Test e:  69.57 
| Epoch   53 | Train e:  95.99, T l:  0.2065 | Val e:  90.98 , Val l: 0.6322 | Test e:  71.27 
| Epoch   54 | Train e:  96.05, T l:  0.2006 | Val e:  91.56 , Val l: 0.6023 | Test e:  71.10 
| Epoch   55 | Train e:  95.39, T l:  0.2104 | Val e:  87.68 , Val l: 0.9531 | Test e:  69.60 
| Epoch   56 | Train e:  95.98, T l:  0.2033 | Val e:  91.48 , Val l: 0.5799 | Test e:  71.53 
| Epoch   57 | Train e:  96.18, T l:  0.1914 | Val e:  90.80 , Val l: 0.6259 | Test e:  71.60 
| Epoch   58 | Train e:  96.17, T l:  0.1828 | Val e:  89.99 , Val l: 0.6185 | Test e:  71.28 
| Epoch   59 | Train e:  96.49, T l:  0.1859 | Val e:  91.21 , Val l: 0.5662 | Test e:  71.97 
| Epoch   60 | Train e:  96.44, T l:  0.1794 | Val e:  91.05 , Val l: 0.7806 | Test e:  71.27 
| Epoch   61 | Train e:  96.45, T l:  0.1874 | Val e:  91.96 , Val l: 0.5345 | Test e:  70.26 
| Epoch   62 | Train e:  96.56, T l:  0.1879 | Val e:  90.65 , Val l: 0.6059 | Test e:  72.12 
| Epoch   63 | Train e:  96.65, T l:  0.1867 | Val e:  91.24 , Val l: 0.5666 | Test e:  71.26 
| Epoch   64 | Train e:  96.12, T l:  0.1793 | Val e:  88.31 , Val l: 1.0737 | Test e:  70.22 
| Epoch   65 | Train e:  96.67, T l:  0.1855 | Val e:  89.90 , Val l: 1.0162 | Test e:  70.81 
| Epoch   66 | Train e:  96.30, T l:  0.2017 | Val e:  91.51 , Val l: 0.5224 | Test e:  69.51 
| Epoch   67 | Train e:  96.62, T l:  0.1805 | Val e:  89.92 , Val l: 0.7980 | Test e:  71.34 
| Epoch   68 | Train e:  97.05, T l:  0.1823 | Val e:  91.33 , Val l: 0.6086 | Test e:  71.08 
| Epoch   69 | Train e:  96.95, T l:  0.1710 | Val e:  91.32 , Val l: 0.7268 | Test e:  71.28 
| Epoch   70 | Train e:  96.73, T l:  0.1858 | Val e:  91.11 , Val l: 0.5320 | Test e:  70.99 
| Epoch   71 | Train e:  96.89, T l:  0.1772 | Val e:  89.99 , Val l: 0.6337 | Test e:  70.35 
| Epoch   72 | Train e:  97.12, T l:  0.1768 | Val e:  90.69 , Val l: 0.7212 | Test e:  70.71 
| Epoch   73 | Train e:  97.23, T l:  0.1749 | Val e:  91.19 , Val l: 0.5654 | Test e:  70.92 
| Epoch   74 | Train e:  97.11, T l:  0.1753 | Val e:  91.98 , Val l: 0.5140 | Test e:  70.60 
| Epoch   75 | Train e:  97.43, T l:  0.1746 | Val e:  91.62 , Val l: 0.5812 | Test e:  71.37 
| Epoch   76 | Train e:  97.47, T l:  0.1650 | Val e:  91.35 , Val l: 0.7355 | Test e:  71.39 
| Epoch   77 | Train e:  97.63, T l:  0.1615 | Val e:  92.02 , Val l: 0.5481 | Test e:  70.98 
| Epoch   78 | Train e:  97.57, T l:  0.1676 | Val e:  92.17 , Val l: 0.5265 | Test e:  71.49 
| Epoch   79 | Train e:  97.59, T l:  0.1600 | Val e:  90.86 , Val l: 0.7239 | Test e:  71.08 
| Epoch   80 | Train e:  97.66, T l:  0.1578 | Val e:  90.83 , Val l: 1.0093 | Test e:  71.75 
| Epoch   81 | Train e:  97.72, T l:  0.1586 | Val e:  92.13 , Val l: 0.4788 | Test e:  71.60 
| Epoch   82 | Train e:  97.88, T l:  0.1571 | Val e:  91.67 , Val l: 0.6970 | Test e:  71.17 
| Epoch   83 | Train e:  97.85, T l:  0.1547 | Val e:  91.46 , Val l: 0.5711 | Test e:  70.87 
| Epoch   84 | Train e:  97.72, T l:  0.1856 | Val e:  91.39 , Val l: 0.6710 | Test e:  70.81 
| Epoch   85 | Train e:  97.70, T l:  0.1576 | Val e:  91.20 , Val l: 0.6190 | Test e:  70.24 
| Epoch   86 | Train e:  97.95, T l:  0.1533 | Val e:  91.69 , Val l: 0.5434 | Test e:  71.83 
| Epoch   87 | Train e:  97.93, T l:  0.1548 | Val e:  91.33 , Val l: 0.6589 | Test e:  71.46 
| Epoch   88 | Train e:  98.00, T l:  0.1530 | Val e:  91.54 , Val l: 0.6362 | Test e:  72.09 
| Epoch   89 | Train e:  98.09, T l:  0.1545 | Val e:  91.77 , Val l: 0.6411 | Test e:  70.68 
| Epoch   90 | Train e:  98.02, T l:  0.1465 | Val e:  92.10 , Val l: 0.4841 | Test e:  71.22 
| Epoch   91 | Train e:  98.16, T l:  0.1467 | Val e:  92.31 , Val l: 0.4711 | Test e:  70.55 
| Epoch   92 | Train e:  98.31, T l:  0.1470 | Val e:  92.16 , Val l: 0.6342 | Test e:  70.65 
| Epoch   93 | Train e:  98.24, T l:  0.1429 | Val e:  90.49 , Val l: 0.6114 | Test e:  70.90 
| Epoch   94 | Train e:  98.04, T l:  0.1663 | Val e:  89.88 , Val l: 0.9677 | Test e:  69.29 
| Epoch   95 | Train e:  98.21, T l:  0.1456 | Val e:  91.27 , Val l: 0.6154 | Test e:  69.57 
| Epoch   96 | Train e:  98.33, T l:  0.1446 | Val e:  91.35 , Val l: 0.6288 | Test e:  70.88 
| Epoch   97 | Train e:  98.42, T l:  0.1453 | Val e:  91.75 , Val l: 0.5873 | Test e:  70.39 
| Epoch   98 | Train e:  98.40, T l:  0.1421 | Val e:  91.18 , Val l: 0.6308 | Test e:  70.64 
| Epoch   99 | Train e:  98.46, T l:  0.1378 | Val e:  91.82 , Val l: 0.5622 | Test e:  69.72 
| Epoch  100 | Train e:  98.47, T l:  0.1319 | Val e:  91.74 , Val l: 0.6793 | Test e:  70.20 
| Epoch  101 | Train e:  98.32, T l:  0.1421 | Val e:  90.56 , Val l: 0.7036 | Test e:  70.48 
| Epoch  102 | Train e:  98.48, T l:  0.1408 | Val e:  91.10 , Val l: 0.7884 | Test e:  69.61 
| Epoch  103 | Train e:  98.55, T l:  0.1369 | Val e:  91.19 , Val l: 0.6274 | Test e:  70.12 
| Epoch  104 | Train e:  98.55, T l:  0.1360 | Val e:  90.84 , Val l: 0.7670 | Test e:  70.46 
| Epoch  105 | Train e:  98.59, T l:  0.1408 | Val e:  91.17 , Val l: 0.6023 | Test e:  71.12 
| Epoch  106 | Train e:  98.45, T l:  0.1220 | Val e:  91.02 , Val l: 0.5257 | Test e:  70.22 
| Epoch  107 | Train e:  98.59, T l:  0.1287 | Val e:  90.95 , Val l: 0.7158 | Test e:  69.78 
| Epoch  108 | Train e:  98.62, T l:  0.1399 | Val e:  91.59 , Val l: 0.7106 | Test e:  69.56 
| Epoch  109 | Train e:  98.53, T l:  0.1294 | Val e:  90.41 , Val l: 0.8728 | Test e:  70.20 
| Epoch  110 | Train e:  98.71, T l:  0.1264 | Val e:  91.92 , Val l: 0.5603 | Test e:  69.48 
| Epoch  111 | Train e:  98.72, T l:  0.1249 | Val e:  91.92 , Val l: 0.5690 | Test e:  69.90 
| Epoch  112 | Train e:  98.56, T l:  0.1243 | Val e:  90.69 , Val l: 0.5731 | Test e:  69.12 
| Epoch  113 | Train e:  98.73, T l:  0.1314 | Val e:  90.71 , Val l: 0.6922 | Test e:  70.24 
| Epoch  114 | Train e:  98.78, T l:  0.1222 | Val e:  91.11 , Val l: 0.6897 | Test e:  70.16 
| Epoch  115 | Train e:  98.74, T l:  0.1130 | Val e:  91.33 , Val l: 0.7378 | Test e:  71.60 
| Epoch  116 | Train e:  98.71, T l:  0.1395 | Val e:  90.73 , Val l: 0.6503 | Test e:  68.94 
| Epoch  117 | Train e:  98.81, T l:  0.1201 | Val e:  91.03 , Val l: 0.7108 | Test e:  70.86 
| Epoch  118 | Train e:  98.79, T l:  0.1165 | Val e:  90.88 , Val l: 0.6235 | Test e:  69.27 
| Epoch  119 | Train e:  98.86, T l:  0.1297 | Val e:  90.82 , Val l: 0.7645 | Test e:  69.56 
| Epoch  120 | Train e:  98.82, T l:  0.1159 | Val e:  91.05 , Val l: 0.6112 | Test e:  69.21 
| Epoch  121 | Train e:  98.87, T l:  0.1222 | Val e:  90.42 , Val l: 0.6956 | Test e:  69.46 
| Epoch  122 | Train e:  98.88, T l:  0.1149 | Val e:  90.98 , Val l: 0.6581 | Test e:  69.63 
| Epoch  123 | Train e:  98.91, T l:  0.1234 | Val e:  91.30 , Val l: 0.7553 | Test e:  70.06 
| Epoch  124 | Train e:  98.91, T l:  0.1262 | Val e:  90.73 , Val l: 0.6919 | Test e:  69.74 
| Epoch  125 | Train e:  98.84, T l:  0.1183 | Val e:  89.99 , Val l: 0.7411 | Test e:  68.50 
| Epoch  126 | Train e:  98.93, T l:  0.1128 | Val e:  90.85 , Val l: 0.7119 | Test e:  69.94 
| Epoch  127 | Train e:  98.83, T l:  0.1220 | Val e:  90.03 , Val l: 0.7257 | Test e:  68.66 
| Epoch  128 | Train e:  98.89, T l:  0.1160 | Val e:  90.15 , Val l: 0.8180 | Test e:  69.70 
| Epoch  129 | Train e:  98.98, T l:  0.1133 | Val e:  91.19 , Val l: 0.6769 | Test e:  69.95 
| Epoch  130 | Train e:  98.99, T l:  0.1082 | Val e:  90.86 , Val l: 0.6759 | Test e:  69.74 
| Epoch  131 | Train e:  98.95, T l:  0.1209 | Val e:  90.59 , Val l: 0.8082 | Test e:  69.83 
| Epoch  132 | Train e:  98.97, T l:  0.1120 | Val e:  91.24 , Val l: 0.5837 | Test e:  69.01 
| Epoch  133 | Train e:  99.01, T l:  0.1208 | Val e:  91.24 , Val l: 0.6515 | Test e:  69.05 
| Epoch  134 | Train e:  99.02, T l:  0.1164 | Val e:  91.45 , Val l: 0.6462 | Test e:  69.70 
| Epoch  135 | Train e:  99.06, T l:  0.1113 | Val e:  90.72 , Val l: 0.7463 | Test e:  69.19 
| Epoch  136 | Train e:  98.86, T l:  0.1133 | Val e:  91.14 , Val l: 0.5781 | Test e:  69.14 
| Epoch  137 | Train e:  99.05, T l:  0.1079 | Val e:  90.92 , Val l: 0.6972 | Test e:  69.51 
| Epoch  138 | Train e:  99.04, T l:  0.1081 | Val e:  91.08 , Val l: 0.6427 | Test e:  68.73 
| Epoch  139 | Train e:  99.09, T l:  0.1174 | Val e:  90.96 , Val l: 0.6758 | Test e:  69.36 
| Epoch  140 | Train e:  99.05, T l:  0.1152 | Val e:  91.09 , Val l: 0.6128 | Test e:  68.98 
| Epoch  141 | Train e:  99.11, T l:  0.1064 | Val e:  90.65 , Val l: 0.7688 | Test e:  69.35 
| Epoch  142 | Train e:  99.10, T l:  0.1131 | Val e:  90.87 , Val l: 0.7449 | Test e:  69.39 
| Epoch  143 | Train e:  99.08, T l:  0.1086 | Val e:  91.05 , Val l: 0.6521 | Test e:  69.25 
| Epoch  144 | Train e:  99.08, T l:  0.1006 | Val e:  90.54 , Val l: 0.6709 | Test e:  69.40 
| Epoch  145 | Train e:  99.10, T l:  0.1006 | Val e:  89.90 , Val l: 0.7533 | Test e:  68.81 
| Epoch  146 | Train e:  99.15, T l:  0.1028 | Val e:  90.63 , Val l: 0.7642 | Test e:  69.39 
| Epoch  147 | Train e:  99.15, T l:  0.0992 | Val e:  90.65 , Val l: 0.7459 | Test e:  69.69 
| Epoch  148 | Train e:  99.16, T l:  0.1082 | Val e:  90.50 , Val l: 0.7794 | Test e:  68.89 
| Epoch  149 | Train e:  99.04, T l:  0.1103 | Val e:  90.05 , Val l: 0.6952 | Test e:  68.37 
| Epoch  150 | Train e:  99.19, T l:  0.1019 | Val e:  90.37 , Val l: 0.7581 | Test e:  69.82 
| Epoch  151 | Train e:  99.14, T l:  0.0964 | Val e:  91.06 , Val l: 0.6566 | Test e:  69.57 
| Epoch  152 | Train e:  99.15, T l:  0.0978 | Val e:  90.71 , Val l: 0.7153 | Test e:  68.90 
| Epoch  153 | Train e:  99.15, T l:  0.1085 | Val e:  90.86 , Val l: 0.6883 | Test e:  69.30 
| Epoch  154 | Train e:  99.18, T l:  0.1061 | Val e:  90.91 , Val l: 0.6990 | Test e:  69.46 
| Epoch  155 | Train e:  99.17, T l:  0.1054 | Val e:  91.13 , Val l: 0.6565 | Test e:  69.50 
| Epoch  156 | Train e:  99.14, T l:  0.1028 | Val e:  90.27 , Val l: 0.7698 | Test e:  69.38 
| Epoch  157 | Train e:  99.08, T l:  0.1179 | Val e:  90.76 , Val l: 0.6308 | Test e:  69.18 
| Epoch  158 | Train e:  99.16, T l:  0.1111 | Val e:  90.69 , Val l: 0.6940 | Test e:  69.61 
| Epoch  159 | Train e:  99.19, T l:  0.1016 | Val e:  90.69 , Val l: 0.7003 | Test e:  69.20 
| Epoch  160 | Train e:  99.17, T l:  0.1029 | Val e:  90.89 , Val l: 0.6652 | Test e:  69.08 
| Epoch  161 | Train e:  99.18, T l:  0.1034 | Val e:  91.08 , Val l: 0.6560 | Test e:  69.34 
| Epoch  162 | Train e:  99.19, T l:  0.1080 | Val e:  90.77 , Val l: 0.6863 | Test e:  69.30 
| Epoch  163 | Train e:  99.17, T l:  0.1065 | Val e:  90.92 , Val l: 0.6397 | Test e:  69.35 
| Epoch  164 | Train e:  99.22, T l:  0.1009 | Val e:  90.65 , Val l: 0.7699 | Test e:  69.54 
| Epoch  165 | Train e:  99.23, T l:  0.1068 | Val e:  90.70 , Val l: 0.7338 | Test e:  69.45 
| Epoch  166 | Train e:  99.21, T l:  0.0922 | Val e:  90.56 , Val l: 0.7432 | Test e:  69.39 
| Epoch  167 | Train e:  99.23, T l:  0.1000 | Val e:  90.67 , Val l: 0.7407 | Test e:  69.36 
| Epoch  168 | Train e:  99.20, T l:  0.0981 | Val e:  91.05 , Val l: 0.6569 | Test e:  69.35 
| Epoch  169 | Train e:  99.23, T l:  0.1006 | Val e:  91.09 , Val l: 0.6753 | Test e:  69.11 
| Epoch  170 | Train e:  99.19, T l:  0.0971 | Val e:  91.06 , Val l: 0.6510 | Test e:  69.41 
| Epoch  171 | Train e:  99.24, T l:  0.0981 | Val e:  90.85 , Val l: 0.7371 | Test e:  69.43 
| Epoch  172 | Train e:  99.23, T l:  0.1004 | Val e:  91.01 , Val l: 0.6898 | Test e:  69.41 
| Epoch  173 | Train e:  99.22, T l:  0.1019 | Val e:  90.70 , Val l: 0.7130 | Test e:  69.13 
| Epoch  174 | Train e:  99.22, T l:  0.0958 | Val e:  90.88 , Val l: 0.6902 | Test e:  69.20 
| Epoch  175 | Train e:  99.24, T l:  0.0995 | Val e:  90.93 , Val l: 0.7079 | Test e:  69.52 
| Epoch  176 | Train e:  99.25, T l:  0.0859 | Val e:  90.77 , Val l: 0.7307 | Test e:  69.60 
| Epoch  177 | Train e:  99.21, T l:  0.0976 | Val e:  90.79 , Val l: 0.6797 | Test e:  69.41 
| Epoch  178 | Train e:  99.23, T l:  0.0925 | Val e:  90.66 , Val l: 0.7172 | Test e:  69.21 
| Epoch  179 | Train e:  99.24, T l:  0.0957 | Val e:  90.55 , Val l: 0.7461 | Test e:  69.23 
| Epoch  180 | Train e:  99.23, T l:  0.1051 | Val e:  90.78 , Val l: 0.7089 | Test e:  69.20 
| Epoch  181 | Train e:  99.24, T l:  0.0982 | Val e:  90.94 , Val l: 0.6953 | Test e:  69.19 
| Epoch  182 | Train e:  99.24, T l:  0.0886 | Val e:  90.93 , Val l: 0.6954 | Test e:  69.05 
| Epoch  183 | Train e:  99.23, T l:  0.1024 | Val e:  90.67 , Val l: 0.7196 | Test e:  68.91 
| Epoch  184 | Train e:  99.23, T l:  0.0987 | Val e:  90.75 , Val l: 0.7164 | Test e:  69.01 
| Epoch  185 | Train e:  99.23, T l:  0.1000 | Val e:  90.80 , Val l: 0.6980 | Test e:  69.05 
| Epoch  186 | Train e:  99.23, T l:  0.0960 | Val e:  90.89 , Val l: 0.6962 | Test e:  69.13 
| Epoch  187 | Train e:  99.24, T l:  0.0860 | Val e:  90.81 , Val l: 0.7145 | Test e:  69.30 
| Epoch  188 | Train e:  99.24, T l:  0.0893 | Val e:  90.73 , Val l: 0.7317 | Test e:  69.09 
| Epoch  189 | Train e:  99.24, T l:  0.0935 | Val e:  90.75 , Val l: 0.7195 | Test e:  69.16 
| Epoch  190 | Train e:  99.24, T l:  0.0829 | Val e:  90.78 , Val l: 0.7136 | Test e:  69.18 
| Epoch  191 | Train e:  99.24, T l:  0.0976 | Val e:  90.77 , Val l: 0.7195 | Test e:  69.17 
| Epoch  192 | Train e:  99.24, T l:  0.0969 | Val e:  90.75 , Val l: 0.7184 | Test e:  69.16 
| Epoch  193 | Train e:  99.24, T l:  0.0968 | Val e:  90.78 , Val l: 0.7147 | Test e:  69.12 
| Epoch  194 | Train e:  99.24, T l:  0.0905 | Val e:  90.80 , Val l: 0.7116 | Test e:  69.14 
| Epoch  195 | Train e:  99.24, T l:  0.1003 | Val e:  90.80 , Val l: 0.7139 | Test e:  69.15 
| Epoch  196 | Train e:  99.24, T l:  0.0923 | Val e:  90.79 , Val l: 0.7101 | Test e:  69.15 
| Epoch  197 | Train e:  99.24, T l:  0.0970 | Val e:  90.80 , Val l: 0.7103 | Test e:  69.16 
| Epoch  198 | Train e:  99.24, T l:  0.0919 | Val e:  90.81 , Val l: 0.7098 | Test e:  69.14 
| Epoch  199 | Train e:  99.24, T l:  0.0960 | Val e:  90.81 , Val l: 0.7099 | Test e:  69.16 
| Epoch  200 | Train e:  99.24, T l:  0.1012 | Val e:  90.81 , Val l: 0.7098 | Test e:  69.16 
