

===============================================
2022-07-24 01:49:16

main.py --batch-size 64 --lr 0.0001 --warmup 50 --scheduler-type linear --seeds 886 --device 0

None

dataset: ogbg-molbbbp
use_node_attr: False
pre_transform: None
transform: None
clean_cache: False
use_public_splits: True
use_val: True
use_val_loss: True
same_best_epoch: False
early_stop: False
scheduler_type: linear
epochs: 200
warmup: 50
batch_size: 64
lr: 0.0001
weight_decay: 0.0001
seeds: 886
save_state: False



| Epoch    1 | Train e:  50.39, T l:  0.4501 | Val e:  31.94 , Val l: 1.6181 | Test e:  52.83 
| Epoch    2 | Train e:  53.63, T l:  0.4401 | Val e:  36.33 , Val l: 1.7570 | Test e:  52.77 
| Epoch    3 | Train e:  58.40, T l:  0.4373 | Val e:  45.03 , Val l: 1.7910 | Test e:  53.77 
| Epoch    4 | Train e:  63.92, T l:  0.4369 | Val e:  54.15 , Val l: 1.8055 | Test e:  55.11 
| Ep| Epoch    5 | Train e:  38.80, T l:  0.4934 | Val e:  57.99 , Val l: 1.1659 | Test e:  44.| Ep| Epoch    6 | Train e:  37.18, T l:  0.4678 | Val e:  59.55 , Val l: 1.3593 | Test e:  45.| Epoch    7 | Train e:  70.29, T l:  0.4243 | Val e:  65.06 , Val l: 1.7935 | Test e:  59.66 
| Epoch    8 | Train e:  71.66, T l:  0.4226 | Val e:  66.19 , Val l: 1.7554 | Test e:  60.64 
| Epoch    9 | Train e:  72.84, T l:  0.4194 | Val e:  68.72 , Val l: 1.8667 | Test e:  61.26 
| Epoch   10 | Train e:  72.60, T l:  0.4124 | Val e:  70.08 , Val l: 1.7524 | Test e:  61.84 
| Epoch   11 | Train e:  74.29, T l:  0.4021 | Val e:  71.40 , Val l: 1.6939 | Test e:  62.77 
| Epoch   12 | Train e:  75.10, T l:  0.4048 | Val e:  72.78 , Val l: 1.8084 | Test e:  63.42 
| Epoch   13 | Train e:  76.16, T l:  0.4023 | Val e:  74.06 , Val l: 1.6328 | Test e:  63.72 
| Epoch   14 | Train e:  78.44, T l:  0.3896 | Val e:  76.57 , Val l: 1.5541 | Test e:  64.03 
| Epoch   15 | Train e:  79.49, T l:  0.3796 | Val e:  78.60 , Val l: 1.8952 | Test e:  64.27 
| Epoch   16 | Train e:  80.62, T l:  0.3836 | Val e:  78.76 , Val l: 1.6603 | Test e:  64.11 
| Epoch   17 | Train e:  82.29, T l:  0.3715 | Val e:  80.57 , Val l: 2.0027 | Test e:  64.65 
| Epoch   18 | Train e:  82.90, T l:  0.3810 | Val e:  82.03 , Val l: 2.2979 | Test e:  65.15 
| Epoch   19 | Train e:  82.77, T l:  0.3547 | Val e:  81.42 , Val l: 1.5343 | Test e:  65.09 
| Epoch   20 | Train e:  84.61, T l:  0.3434 | Val e:  83.00 , Val l: 1.8600 | Test e:  65.28 
| Epoch   21 | Train e:  84.90, T l:  0.3444 | Val e:  83.68 , Val l: 1.2772 | Test e:  65.27 
| Epoch   22 | Train e:  86.29, T l:  0.3374 | Val e:  85.94 , Val l: 1.7586 | Test e:  64.98 
| Epoch   23 | Train e:  87.00, T l:  0.3229 | Val e:  85.38 , Val l: 1.2992 | Test e:  64.80 
| Epoch   24 | Train e:  87.17, T l:  0.3145 | Val e:  86.37 , Val l: 1.8806 | Test e:  64.28 
| Epoch   25 | Train e:  87.78, T l:  0.3110 | Val e:  85.71 , Val l: 1.3757 | Test e:  64.43 
| Ep| Epoch   26 | Train e:  85.40, T l:  0.3283 | Val e:  85.69 , Val l: 1.2383 | Test e:  65.| | | Epoch   27 | Train e:  85.66, T l:  0.3256 | Val e:  85.96 , Val l: 0.9101 | Test e:  65.| | | Epoch   28 | Train e:  86.85, T l:  0.3130 | Val e:  86.55 , Val l: 1.0793 | Test e:  65.| | | Epoch   29 | Train e:  87.33, T l:  0.3035 | Val e:  87.66 , Val l: 1.2546 | Test e:  65.| | | Epoch   30 | Train e:  88.04, T l:  0.3071 | Val e:  87.24 , Val l: 1.0697 | Test e:  64.| | | Epoch   31 | Train e:  88.35, T l:  0.2970 | Val e:  87.92 , Val l: 1.2718 | Test e:  64.| | | Epoch   32 | Train e:  88.62, T l:  0.2959 | Val e:  87.63 , Val l: 0.8319 | Test e:  64.| | | Epoch   33 | Train e:  89.02, T l:  0.2935 | Val e:  88.19 , Val l: 0.9878 | Test e:  64.| | Epoch   34 | Train e:  88.00, T l:  0.3034 | Val e:  86.91 , Val l: 0.9600 | Test e:  63.31| | Epoch   35 | Train e:  88.38, T l:  0.2952 | Val e:  87.29 , Val l: 1.1753 | Test e:  63.39| | Epoch   36 | Train e:  88.69, T l:  0.3009 | Val e:  86.84 , Val l: 1.6550 | Test e:  63.35| | Epoch   37 | Train e:  88.85, T l:  0.3044 | Val e:  87.46 , Val l: 1.0780 | Test e:  63.59| | | Epoch   38 | Train e:  90.19, T l:  0.2804 | Val e:  87.49 , Val l: 0.9345 | Test e:  65.| | | Epoch   39 | Train e:  90.48, T l:  0.2772 | Val e:  88.31 , Val l: 1.1596 | Test e:  65.| | | Epoch   40 | Train e:  90.62, T l:  0.2746 | Val e:  88.07 , Val l: 0.6882 | Test e:  65.| | | Epoch   41 | Train e:  90.54, T l:  0.2842 | Val e:  88.75 , Val l: 0.9058 | Test e:  65.| | Epoch   42 | Train e:  89.40, T l:  0.2805 | Val e:  87.37 , Val l: 1.1541 | Test e:  64.34| | Epoch   43 | Train e:  89.47, T l:  0.2996 | Val e:  87.05 , Val l: 0.7334 | Test e:  63.99| | Epoch   44 | Train e:  89.82, T l:  0.3052 | Val e:  87.19 , Val l: 0.9043 | Test e:  64.42| | Epoch   45 | Train e:  89.61, T l:  0.2712 | Val e:  87.50 , Val l: 0.9011 | Test e:  64.68| | Epoch   46 | Train e:  89.96, T l:  0.2730 | Val e:  86.59 , Val l: 0.8665 | Test e:  64.58| | Epoch   47 | Train e:  90.42, T l:  0.2862 | Val e:  86.48 , Val l: 1.4255 | Test e:  65.35| | Epoch   48 | Train e:  90.26, T l:  0.2731 | Val e:  87.27 , Val l: 0.9441 | Test e:  65.30| | Epoch   49 | Train e:  90.79, T l:  0.2729 | Val e:  87.21 , Val l: 0.8906 | Test e:  65.27| | Epoch   50 | Train e:  90.31, T l:  0.2729 | Val e:  87.84 , Val l: 0.7015 | Test e:  64.69| | Epoch   51 | Train e:  91.13, T l:  0.2656 | Val e:  85.72 , Val l: 1.3887 | Test e:  65.35| | Epoch   52 | Train e:  91.24, T l:  0.2581 | Val e:  86.97 , Val l: 1.0807 | Test e:  65.53| | Epoch   53 | Train e:  91.05, T l:  0.2649 | Val e:  88.02 , Val l: 0.6824 | Test e:  65.47| | Epoch   54 | Train e:  91.41, T l:  0.2659 | Val e:  86.94 , Val l: 0.7131 | Test e:  65.45| | Epoch   55 | Train e:  91.04, T l:  0.2479 | Val e:  88.97 , Val l: 0.5473 | Test e:  65.31| | Epoch   56 | Train e:  91.72, T l:  0.2776 | Val e:  85.21 , Val l: 1.4920 | Test e:  67.15| | Epoch   57 | Train e:  91.92, T l:  0.2648 | Val e:  87.86 , Val l: 0.6840 | Test e:  66.62| | Epoch   58 | Train e:  92.35, T l:  0.2519 | Val e:  87.08 , Val l: 0.9648 | Test e:  66.98| | Epoch   59 | Train e:  92.23, T l:  0.2442 | Val e:  87.91 , Val l: 0.7066 | Test e:  66.97| | Epoch   60 | Train e:  92.64, T l:  0.2428 | Val e:  87.17 , Val l: 0.7784 | Test e:  67.11| | Epoch   61 | Train e:  92.72, T l:  0.2388 | Val e:  86.26 , Val l: 0.9625 | Test e:  67.59| | Epoch   62 | Train e:  92.90, T l:  0.2413 | Val e:  85.95 , Val l: 1.1195 | Test e:  67.25| | Epoch   63 | Train e:  92.89, T l:  0.2465 | Val e:  87.37 , Val l: 0.7694 | Test e:  68.23| | Epoch   64 | Train e:  93.17, T l:  0.2342 | Val e:  86.86 , Val l: 0.8017 | Test e:  67.83| | Epoch   65 | Train e:  93.26, T l:  0.2344 | Val e:  87.90 , Val l: 0.7707 | Test e:  67.88| | Epoch   66 | Train e:  93.90, T l:  0.2306 | Val e:  87.36 , Val l: 0.8510 | Test e:  68.42| | Epoch   67 | Train e:  93.28, T l:  0.2329 | Val e:  87.38 , Val l: 0.9404 | Test e:  69.03| | Epoch   68 | Train e:  93.59, T l:  0.2310 | Val e:  87.10 , Val l: 1.0742 | Test e:  69.08| | Epoch   69 | Train e:  93.70, T l:  0.2353 | Val e:  86.19 , Val l: 1.0173 | Test e:  69.29| | Epoch   70 | Train e:  93.89, T l:  0.2245 | Val e:  88.41 , Val l: 0.9026 | Test e:  69.21| | Epoch   71 | Train e:  94.03, T l:  0.2300 | Val e:  86.17 , Val l: 0.9065 | Test e:  69.04| | Epoch   72 | Train e:  94.25, T l:  0.2161 | Val e:  86.05 , Val l: 0.8754 | Test e:  68.25| | Epoch   73 | Train e:  94.32, T l:  0.2189 | Val e:  87.64 , Val l: 0.9626 | Test e:  68.89| | Epoch   74 | Train e:  93.91, T l:  0.2227 | Val e:  87.28 , Val l: 0.7093 | Test e:  67.34| | Epoch   75 | Train e:  94.52, T l:  0.2160 | Val e:  85.12 , Val l: 1.1016 | Test e:  68.63| | Epoch   76 | Train e:  94.85, T l:  0.2212 | Val e:  86.72 , Val l: 0.8918 | Test e:  69.21| | Epoch   77 | Train e:  94.79, T l:  0.2148 | Val e:  89.17 , Val l: 0.6915 | Test e:  69.34| | Epoch   78 | Train e:  94.92, T l:  0.2041 | Val e:  86.29 , Val l: 0.9027 | Test e:  69.61| | Epoch   79 | Train e:  93.64, T l:  0.1957 | Val e:  81.28 , Val l: 2.2419 | Test e:  71.06| | Epoch   80 | Train e:  95.28, T l:  0.2233 | Val e:  88.04 , Val l: 0.5939 | Test e:  69.60| | Epoch   81 | Train e:  95.00, T l:  0.2257 | Val e:  86.14 , Val l: 0.8518 | Test e:  69.43| | Epoch   82 | Train e:  95.06, T l:  0.2051 | Val e:  88.03 , Val l: 0.7264 | Test e:  69.95| | Epoch   83 | Train e:  95.01, T l:  0.1995 | Val e:  87.29 , Val l: 0.9404 | Test e:  69.95| | Epoch   84 | Train e:  95.18, T l:  0.2069 | Val e:  87.21 , Val l: 0.6814 | Test e:  69.70| | Epoch   85 | Train e:  95.11, T l:  0.2090 | Val e:  87.63 , Val l: 0.8339 | Test e:  68.37| | Epoch   86 | Train e:  95.27, T l:  0.2058 | Val e:  87.63 , Val l: 0.7339 | Test e:  69.81| | Epoch   87 | Train e:  95.50, T l:  0.2023 | Val e:  88.05 , Val l: 0.8131 | Test e:  69.71| | Epoch   88 | Train e:  95.33, T l:  0.1949 | Val e:  85.56 , Val l: 1.3106 | Test e:  70.59| | Epoch   89 | Train e:  95.50, T l:  0.2095 | Val e:  88.78 , Val l: 0.7248 | Test e:  69.69| | Epoch   90 | Train e:  93.69, T l:  0.2010 | Val e:  90.28 , Val l: 0.4494 | Test e:  67.89| | Epoch   91 | Train e:  95.19, T l:  0.2379 | Val e:  88.14 , Val l: 0.7099 | Test e:  70.06| | Epoch   92 | Train e:  95.35, T l:  0.2045 | Val e:  85.95 , Val l: 1.2958 | Test e:  70.31| | Epoch   93 | Train e:  95.73, T l:  0.1956 | Val e:  88.96 , Val l: 0.7445 | Test e:  70.22| | Epoch   94 | Train e:  95.89, T l:  0.1968 | Val e:  86.92 , Val l: 1.0073 | Test e:  70.78| | Epoch   95 | Train e:  95.87, T l:  0.1981 | Val e:  83.71 , Val l: 1.3388 | Test e:  69.23| | Epoch   96 | Train e:  95.90, T l:  0.1927 | Val e:  83.41 , Val l: 1.2518 | Test e:  69.48| | Epoch   97 | Train e:  95.91, T l:  0.1880 | Val e:  83.16 , Val l: 1.3343 | Test e:  69.30| | Epoch   98 | Train e:  95.87, T l:  0.1897 | Val e:  84.43 , Val l: 1.1974 | Test e:  69.89 
| Epoch   99 | Train e:  96.17, T l:  0.1950 | Val e:  87.18 , Val l: 0.8364 | Test e:  69.98 
| Epoch  100 | Train e:  96.06, T l:  0.2068 | Val e:  88.82 , Val l: 0.8216 | Test e:  69.75 
| Epoch  101 | Train e:  96.10, T l:  0.1864 | Val e:  88.03 , Val l: 0.8409 | Test e:  70.00 
| Epoch  102 | Train e:  96.02, T l:  0.1929 | Val e:  85.80 , Val l: 0.9240 | Test e:  69.33 
| Epoch  103 | Train e:  96.32, T l:  0.1883 | Val e:  88.20 , Val l: 0.8095 | Test e:  69.80 
| Epoch  104 | Train e:  96.51, T l:  0.1864 | Val e:  86.70 , Val l: 1.0170 | Test e:  69.82 
| Epoch  105 | Train e:  96.37, T l:  0.1846 | Val e:  85.35 , Val l: 0.9797 | Test e:  70.04 
| Epoch  106 | Train e:  96.28, T l:  0.1787 | Val e:  85.69 , Val l: 1.0000 | Test e:  70.29 
| Epoch  107 | Train e:  96.43, T l:  0.1839 | Val e:  86.52 , Val l: 0.7996 | Test e:  70.55 
| Epoch  108 | Train e:  96.13, T l:  0.1774 | Val e:  82.21 , Val l: 1.4719 | Test e:  68.74 
| Epoch  109 | Train e:  96.58, T l:  0.1800 | Val e:  85.00 , Val l: 0.9721 | Test e:  70.15 
| Epoch  110 | Train e:  96.73, T l:  0.1810 | Val e:  85.17 , Val l: 0.9827 | Test e:  70.09 
| Epoch  111 | Train e:  96.49, T l:  0.1715 | Val e:  87.68 , Val l: 0.6849 | Test e:  70.16 
| Epoch  112 | Train e:  96.43, T l:  0.1816 | Val e:  78.08 , Val l: 1.7441 | Test e:  68.79 
| Epoch  113 | Train e:  96.65, T l:  0.1886 | Val e:  83.43 , Val l: 1.1085 | Test e:  70.10 
| Epoch  114 | Train e:  96.54, T l:  0.1748 | Val e:  81.02 , Val l: 1.6043 | Test e:  69.26 
| Epoch  115 | Train e:  96.65, T l:  0.1875 | Val e:  85.30 , Val l: 0.9167 | Test e:  69.49 
| Epoch  116 | Train e:  96.38, T l:  0.1767 | Val e:  80.64 , Val l: 1.4536 | Test e:  68.72 
| Epoch  117 | Train e:  96.77, T l:  0.1734 | Val e:  86.06 , Val l: 0.9994 | Test e:  69.67 
| Epoch  118 | Train e:  96.44, T l:  0.1757 | Val e:  87.39 , Val l: 0.6621 | Test e:  69.74 
| Epoch  119 | Train e:  96.97, T l:  0.1807 | Val e:  87.71 , Val l: 0.7441 | Test e:  70.36 
| Epoch  120 | Train e:  96.89, T l:  0.1743 | Val e:  85.74 , Val l: 0.9463 | Test e:  69.50 
| Epoch  121 | Train e:  96.74, T l:  0.1781 | Val e:  82.43 , Val l: 1.2688 | Test e:  69.75 
| Epoch  122 | Train e:  96.95, T l:  0.1778 | Val e:  84.55 , Val l: 1.0433 | Test e:  69.54 
| Epoch  123 | Train e:  96.97, T l:  0.1715 | Val e:  89.32 , Val l: 0.7616 | Test e:  69.14 
| Epoch  124 | Train e:  96.89, T l:  0.1756 | Val e:  89.27 , Val l: 0.6185 | Test e:  69.79 
| Epoch  125 | Train e:  96.76, T l:  0.1714 | Val e:  83.89 , Val l: 0.9389 | Test e:  69.53 
| Epoch  126 | Train e:  96.89, T l:  0.1692 | Val e:  83.74 , Val l: 1.0589 | Test e:  69.11 
| Epoch  127 | Train e:  97.03, T l:  0.1723 | Val e:  87.08 , Val l: 1.0575 | Test e:  70.07 
| Epoch  128 | Train e:  96.66, T l:  0.1679 | Val e:  81.34 , Val l: 1.1484 | Test e:  69.81 
| Epoch  129 | Train e:  97.17, T l:  0.1633 | Val e:  86.79 , Val l: 1.1103 | Test e:  69.73 
| Epoch  130 | Train e:  97.11, T l:  0.1781 | Val e:  83.28 , Val l: 1.2012 | Test e:  70.24 
| Epoch  131 | Train e:  97.23, T l:  0.1679 | Val e:  85.94 , Val l: 1.0675 | Test e:  70.06 
| Epoch  132 | Train e:  97.16, T l:  0.1686 | Val e:  83.82 , Val l: 1.0989 | Test e:  69.70 
| Epoch  133 | Train e:  97.23, T l:  0.1669 | Val e:  83.08 , Val l: 1.1059 | Test e:  70.29 
| Epoch  134 | Train e:  97.18, T l:  0.1665 | Val e:  82.12 , Val l: 1.2626 | Test e:  69.60 
| Epoch  135 | Train e:  97.24, T l:  0.1644 | Val e:  78.98 , Val l: 1.4132 | Test e:  69.26 
| Epoch  136 | Train e:  97.30, T l:  0.1652 | Val e:  83.79 , Val l: 1.1345 | Test e:  69.84 
| Epoch  137 | Train e:  97.10, T l:  0.1625 | Val e:  83.86 , Val l: 1.5672 | Test e:  70.02 
| Epoch  138 | Train e:  97.35, T l:  0.1632 | Val e:  81.70 , Val l: 1.6068 | Test e:  69.57 
| Epoch  139 | Train e:  97.33, T l:  0.1647 | Val e:  83.72 , Val l: 0.9624 | Test e:  69.96 
| Epoch  140 | Train e:  97.24, T l:  0.1573 | Val e:  82.90 , Val l: 1.0717 | Test e:  69.64 
| Epoch  141 | Train e:  97.32, T l:  0.1528 | Val e:  82.68 , Val l: 1.1453 | Test e:  68.94 
| Epoch  142 | Train e:  97.47, T l:  0.1621 | Val e:  85.88 , Val l: 1.0219 | Test e:  69.43 
| Epoch  143 | Train e:  97.11, T l:  0.1709 | Val e:  86.69 , Val l: 0.6717 | Test e:  69.95 
| Epoch  144 | Train e:  97.26, T l:  0.1794 | Val e:  86.06 , Val l: 0.7963 | Test e:  70.08 
| Epoch  145 | Train e:  97.26, T l:  0.1644 | Val e:  83.89 , Val l: 0.9495 | Test e:  69.67 
| Epoch  146 | Train e:  97.45, T l:  0.1655 | Val e:  85.31 , Val l: 0.8787 | Test e:  70.06 
| Epoch  147 | Train e:  97.44, T l:  0.1493 | Val e:  84.32 , Val l: 1.0751 | Test e:  69.58 
| Epoch  148 | Train e:  97.43, T l:  0.1535 | Val e:  85.35 , Val l: 0.9864 | Test e:  69.88 
| Epoch  149 | Train e:  97.64, T l:  0.1576 | Val e:  84.48 , Val l: 1.1578 | Test e:  69.21 
| Epoch  150 | Train e:  97.42, T l:  0.1567 | Val e:  79.20 , Val l: 1.6799 | Test e:  68.06 
| Epoch  151 | Train e:  97.44, T l:  0.1625 | Val e:  83.21 , Val l: 1.2662 | Test e:  69.53 
| Epoch  152 | Train e:  97.58, T l:  0.1506 | Val e:  86.15 , Val l: 0.9780 | Test e:  70.03 
| Epoch  153 | Train e:  97.61, T l:  0.1473 | Val e:  81.90 , Val l: 1.1562 | Test e:  69.95 
| Epoch  154 | Train e:  97.60, T l:  0.1503 | Val e:  83.82 , Val l: 1.0998 | Test e:  69.70 
| Epoch  155 | Train e:  97.55, T l:  0.1472 | Val e:  82.60 , Val l: 1.2773 | Test e:  69.84 
| Epoch  156 | Train e:  97.52, T l:  0.1521 | Val e:  80.05 , Val l: 1.7154 | Test e:  68.43 
| Epoch  157 | Train e:  97.71, T l:  0.1482 | Val e:  81.91 , Val l: 1.3261 | Test e:  69.43 
| Epoch  158 | Train e:  97.49, T l:  0.1501 | Val e:  82.20 , Val l: 1.1886 | Test e:  69.51 
| Epoch  159 | Train e:  97.43, T l:  0.1563 | Val e:  78.92 , Val l: 1.6823 | Test e:  68.58 
| Epoch  160 | Train e:  97.66, T l:  0.1461 | Val e:  85.05 , Val l: 0.9785 | Test e:  69.81 
| Epoch  161 | Train e:  97.58, T l:  0.1516 | Val e:  78.97 , Val l: 1.5671 | Test e:  68.07 
| Epoch  162 | Train e:  97.70, T l:  0.1508 | Val e:  83.36 , Val l: 1.0591 | Test e:  69.62 
| Epoch  163 | Train e:  97.69, T l:  0.1480 | Val e:  84.55 , Val l: 0.9087 | Test e:  70.19 
| Epoch  164 | Train e:  97.56, T l:  0.1464 | Val e:  79.54 , Val l: 1.3436 | Test e:  69.09 
| Epoch  165 | Train e:  97.76, T l:  0.1505 | Val e:  81.74 , Val l: 1.2201 | Test e:  69.45 
| Epoch  166 | Train e:  97.71, T l:  0.1504 | Val e:  79.47 , Val l: 1.5067 | Test e:  68.89 
| Epoch  167 | Train e:  97.82, T l:  0.1500 | Val e:  81.00 , Val l: 1.2707 | Test e:  69.72 
| Epoch  168 | Train e:  97.66, T l:  0.1465 | Val e:  80.63 , Val l: 1.4009 | Test e:  69.51 
| Epoch  169 | Train e:  97.83, T l:  0.1484 | Val e:  84.79 , Val l: 0.9859 | Test e:  69.81 
| Epoch  170 | Train e:  97.59, T l:  0.1434 | Val e:  79.91 , Val l: 1.2982 | Test e:  68.89 
| Epoch  171 | Train e:  97.85, T l:  0.1368 | Val e:  82.68 , Val l: 1.2102 | Test e:  69.20 
| Epoch  172 | Train e:  97.79, T l:  0.1489 | Val e:  81.48 , Val l: 1.2541 | Test e:  69.37 
| Epoch  173 | Train e:  97.77, T l:  0.1333 | Val e:  84.41 , Val l: 0.9703 | Test e:  69.67 
| Epoch  174 | Train e:  97.85, T l:  0.1490 | Val e:  83.42 , Val l: 0.9979 | Test e:  69.71 
| Epoch  175 | Train e:  97.81, T l:  0.1469 | Val e:  79.04 , Val l: 1.2938 | Test e:  68.64 
| Epoch  176 | Train e:  97.77, T l:  0.1466 | Val e:  82.30 , Val l: 1.0763 | Test e:  69.49 
| Epoch  177 | Train e:  97.99, T l:  0.1308 | Val e:  83.87 , Val l: 1.0894 | Test e:  69.23 
| Epoch  178 | Train e:  97.71, T l:  0.1443 | Val e:  80.42 , Val l: 1.2254 | Test e:  68.98 
| Epoch  179 | Train e:  98.04, T l:  0.1489 | Val e:  83.34 , Val l: 1.1339 | Test e:  69.38 
| Epoch  180 | Train e:  97.93, T l:  0.1409 | Val e:  82.17 , Val l: 1.1866 | Test e:  69.23 
| Epoch  181 | Train e:  97.69, T l:  0.1386 | Val e:  83.94 , Val l: 0.9125 | Test e:  69.70 
| Epoch  182 | Train e:  97.84, T l:  0.1410 | Val e:  80.54 , Val l: 1.2997 | Test e:  69.45 
| Epoch  183 | Train e:  97.90, T l:  0.1358 | Val e:  82.14 , Val l: 1.1585 | Test e:  69.70 
| Epoch  184 | Train e:  97.88, T l:  0.1417 | Val e:  82.33 , Val l: 1.0926 | Test e:  70.05 
| Epoch  185 | Train e:  98.09, T l:  0.1386 | Val e:  81.19 , Val l: 1.3213 | Test e:  69.32 
| Epoch  186 | Train e:  97.84, T l:  0.1431 | Val e:  82.23 , Val l: 1.1699 | Test e:  69.98 
| Epoch  187 | Train e:  97.95, T l:  0.1452 | Val e:  81.20 , Val l: 1.2975 | Test e:  69.75 
| Epoch  188 | Train e:  97.71, T l:  0.1396 | Val e:  82.49 , Val l: 1.0989 | Test e:  69.96 
| Epoch  189 | Train e:  97.90, T l:  0.1433 | Val e:  81.56 , Val l: 1.2538 | Test e:  69.88 
| Epoch  190 | Train e:  97.96, T l:  0.1452 | Val e:  81.24 , Val l: 1.2529 | Test e:  69.60 
| Epoch  191 | Train e:  98.07, T l:  0.1355 | Val e:  81.50 , Val l: 1.2023 | Test e:  69.76 
| Epoch  192 | Train e:  97.85, T l:  0.1385 | Val e:  81.47 , Val l: 1.2281 | Test e:  69.34 
| Epoch  193 | Train e:  97.98, T l:  0.1337 | Val e:  82.30 , Val l: 1.1706 | Test e:  69.74 
| Epoch  194 | Train e:  98.03, T l:  0.1335 | Val e:  81.79 , Val l: 1.2368 | Test e:  69.59 
| Epoch  195 | Train e:  97.87, T l:  0.1355 | Val e:  80.91 , Val l: 1.2740 | Test e:  69.53 
| Epoch  196 | Train e:  97.96, T l:  0.1446 | Val e:  80.82 , Val l: 1.2520 | Test e:  69.57 
| Epoch  197 | Train e:  97.95, T l:  0.1355 | Val e:  80.62 , Val l: 1.3143 | Test e:  69.43 
| Epoch  198 | Train e:  97.99, T l:  0.1357 | Val e:  81.24 , Val l: 1.2822 | Test e:  69.48 
| Epoch  199 | Train e:  97.97, T l:  0.1385 | Val e:  81.18 , Val l: 1.2811 | Test e:  69.47 
| Epoch  200 | Train e:  98.00, T l:  0.1344 | Val e:  81.06 , Val l: 1.2883 | Test e:  69.43 
01 
