

===============================================
2022-12-24 16:56:44

main_parallel.py --batch-size 64 --lr 0.0001 --warmup 50 --scheduler-type linear --seeds 2020 --device 5

None

dataset: ogbg-molbbbp
use_node_attr: False
pre_transform: None
transform: None
clean_cache: False
use_public_splits: True
use_val: True
use_val_loss: True
same_best_epoch: False
early_stop: False
scheduler_type: linear
epochs: 200
warmup: 50
batch_size: 64
lr: 0.0001
weight_decay: 0.0001
seeds: 2020
save_state: False
transformer_dropout: 0.1



| Epoch    0 | Train e:  63.49, T l:  0.4478 | Val e:  76.33 , Val l: 1.2079 | Test e:  51.64 
| Epoch    1 | Train e:  65.72, T l:  0.4384 | Val e:  78.35 , Val l: 1.3336 | Test e:  53.12 
| Epoch    2 | Train e:  69.32, T l:  0.4478 | Val e:  79.86 , Val l: 1.3476 | Test e:  55.75 
| Epoch    3 | Train e:  71.02, T l:  0.4434 | Val e:  79.50 , Val l: 1.3356 | Test e:  58.75 
| Epoch    4 | Train e:  72.99, T l:  0.4310 | Val e:  78.69 , Val l: 1.3161 | Test e:  60.08 
| Epoch    5 | Train e:  74.04, T l:  0.4182 | Val e:  77.89 , Val l: 1.4671 | Test e:  60.66 
| Epoch    6 | Train e:  74.45, T l:  0.4204 | Val e:  77.59 , Val l: 1.3870 | Test e:  61.19 
| Epoch    7 | Train e:  75.04, T l:  0.4076 | Val e:  77.26 , Val l: 1.4161 | Test e:  61.96 
| Epoch    8 | Train e:  75.84, T l:  0.4083 | Val e:  77.06 , Val l: 1.3708 | Test e:  62.47 
| Epoch    9 | Train e:  76.92, T l:  0.4013 | Val e:  78.01 , Val l: 1.5178 | Test e:  62.77 
| Epoch   10 | Train e:  77.42, T l:  0.3810 | Val e:  77.55 , Val l: 1.3604 | Test e:  62.80 
| Epoch   11 | Train e:  78.43, T l:  0.3910 | Val e:  77.28 , Val l: 1.0586 | Test e:  63.18 
| Epoch   12 | Train e:  79.09, T l:  0.3939 | Val e:  79.17 , Val l: 1.3694 | Test e:  63.72 
| Epoch   13 | Train e:  79.90, T l:  0.3752 | Val e:  79.02 , Val l: 1.2374 | Test e:  63.78 
| Epoch   14 | Train e:  80.28, T l:  0.3612 | Val e:  79.55 , Val l: 1.3464 | Test e:  64.15 
| Epoch   15 | Train e:  81.12, T l:  0.3645 | Val e:  79.54 , Val l: 1.0381 | Test e:  64.11 
| Epoch   16 | Train e:  81.36, T l:  0.3572 | Val e:  80.74 , Val l: 1.1915 | Test e:  64.09 
| Epoch   17 | Train e:  81.89, T l:  0.3521 | Val e:  81.74 , Val l: 1.0910 | Test e:  64.37 
| Epoch   18 | Train e:  82.20, T l:  0.3487 | Val e:  82.98 , Val l: 1.1823 | Test e:  64.36 
| Epoch   19 | Train e:  83.25, T l:  0.3512 | Val e:  83.35 , Val l: 1.1148 | Test e:  64.53 
| Epoch   20 | Train e:  83.61, T l:  0.3468 | Val e:  84.28 , Val l: 1.1171 | Test e:  64.61 
| Epoch   21 | Train e:  84.10, T l:  0.3531 | Val e:  84.60 , Val l: 1.1154 | Test e:  64.79 
| Epoch   22 | Train e:  84.26, T l:  0.3388 | Val e:  85.04 , Val l: 1.3224 | Test e:  64.69 
| Epoch   23 | Train e:  84.59, T l:  0.3415 | Val e:  85.51 , Val l: 1.0724 | Test e:  64.76 
| Epoch   24 | Train e:  84.58, T l:  0.3274 | Val e:  86.01 , Val l: 1.3852 | Test e:  64.81 
| Epoch   25 | Train e:  84.90, T l:  0.3509 | Val e:  85.10 , Val l: 0.8806 | Test e:  64.81 
| Epoch   26 | Train e:  85.58, T l:  0.3260 | Val e:  86.22 , Val l: 1.0336 | Test e:  64.66 
| Epoch   27 | Train e:  85.68, T l:  0.3335 | Val e:  85.91 , Val l: 0.9059 | Test e:  64.65 
| Epoch   28 | Train e:  85.81, T l:  0.3197 | Val e:  86.29 , Val l: 1.1298 | Test e:  64.67 
| Epoch   29 | Train e:  86.68, T l:  0.3292 | Val e:  86.15 , Val l: 1.2577 | Test e:  64.74 
| Epoch   30 | Train e:  86.35, T l:  0.3219 | Val e:  85.36 , Val l: 0.8629 | Test e:  64.64 
| Epoch   31 | Train e:  86.45, T l:  0.3269 | Val e:  86.40 , Val l: 0.7905 | Test e:  64.59 
| Epoch   32 | Train e:  86.94, T l:  0.3141 | Val e:  86.79 , Val l: 1.1559 | Test e:  64.53 
| Epoch   33 | Train e:  86.97, T l:  0.3182 | Val e:  86.06 , Val l: 0.9383 | Test e:  64.48 
| Epoch   34 | Train e:  87.18, T l:  0.3069 | Val e:  86.05 , Val l: 0.9351 | Test e:  64.54 
| Epoch   35 | Train e:  87.63, T l:  0.3155 | Val e:  86.47 , Val l: 1.4609 | Test e:  64.71 
| Epoch   36 | Train e:  87.59, T l:  0.3278 | Val e:  86.30 , Val l: 1.3266 | Test e:  64.50 
| Epoch   37 | Train e:  87.91, T l:  0.3150 | Val e:  86.23 , Val l: 1.1847 | Test e:  64.45 
| Epoch   38 | Train e:  87.81, T l:  0.3122 | Val e:  85.91 , Val l: 1.0290 | Test e:  64.45 
| Epoch   39 | Train e:  88.40, T l:  0.2998 | Val e:  86.56 , Val l: 1.9318 | Test e:  64.03 
| Epoch   40 | Train e:  88.25, T l:  0.3129 | Val e:  86.73 , Val l: 0.9990 | Test e:  64.37 
| Epoch   41 | Train e:  88.29, T l:  0.2988 | Val e:  86.22 , Val l: 1.0817 | Test e:  64.05 
| Epoch   42 | Train e:  88.10, T l:  0.2946 | Val e:  85.02 , Val l: 0.6284 | Test e:  64.06 
| Epoch   43 | Train e:  88.65, T l:  0.3254 | Val e:  85.94 , Val l: 0.9855 | Test e:  64.27 
| Epoch   44 | Train e:  88.95, T l:  0.2931 | Val e:  86.21 , Val l: 0.9643 | Test e:  64.52 
| Epoch   45 | Train e:  88.57, T l:  0.2872 | Val e:  85.08 , Val l: 0.7929 | Test e:  64.01 
| Epoch   46 | Train e:  89.31, T l:  0.2973 | Val e:  86.60 , Val l: 1.1775 | Test e:  64.06 
| Epoch   47 | Train e:  89.27, T l:  0.2900 | Val e:  86.40 , Val l: 1.2990 | Test e:  63.81 
| Epoch   48 | Train e:  89.51, T l:  0.2892 | Val e:  87.05 , Val l: 1.0582 | Test e:  63.76 
| Epoch   49 | Train e:  89.66, T l:  0.2859 | Val e:  86.48 , Val l: 1.0634 | Test e:  63.70 
| Epoch   50 | Train e:  90.13, T l:  0.2774 | Val e:  86.56 , Val l: 1.2320 | Test e:  63.69 
| Epoch   51 | Train e:  89.91, T l:  0.2754 | Val e:  87.30 , Val l: 1.0161 | Test e:  63.34 
| Epoch   52 | Train e:  89.83, T l:  0.2829 | Val e:  86.72 , Val l: 0.8510 | Test e:  63.66 
| Epoch   53 | Train e:  90.16, T l:  0.3017 | Val e:  87.28 , Val l: 0.8978 | Test e:  64.33 
| Epoch   54 | Train e:  90.03, T l:  0.2896 | Val e:  87.28 , Val l: 0.6371 | Test e:  64.42 
| Epoch   55 | Train e:  90.43, T l:  0.2851 | Val e:  87.48 , Val l: 0.8218 | Test e:  64.54 
| Epoch   56 | Train e:  90.79, T l:  0.2776 | Val e:  86.94 , Val l: 1.1709 | Test e:  64.81 
| Epoch   57 | Train e:  90.83, T l:  0.2751 | Val e:  87.97 , Val l: 1.0258 | Test e:  64.59 
| Epoch   58 | Train e:  90.76, T l:  0.2736 | Val e:  88.01 , Val l: 0.7347 | Test e:  64.45 
| Epoch   59 | Train e:  91.29, T l:  0.2666 | Val e:  87.38 , Val l: 0.8213 | Test e:  65.18 
| Epoch   60 | Train e:  90.99, T l:  0.2691 | Val e:  87.59 , Val l: 0.9852 | Test e:  64.65 
| Epoch   61 | Train e:  91.60, T l:  0.2793 | Val e:  87.89 , Val l: 1.0969 | Test e:  65.52 
| Epoch   62 | Train e:  91.58, T l:  0.2545 | Val e:  87.29 , Val l: 0.9186 | Test e:  65.39 
| Epoch   63 | Train e:  91.12, T l:  0.2691 | Val e:  87.88 , Val l: 0.6344 | Test e:  64.96 
| Epoch   64 | Train e:  91.52, T l:  0.2697 | Val e:  88.21 , Val l: 0.7727 | Test e:  65.13 
| Epoch   65 | Train e:  91.99, T l:  0.2477 | Val e:  88.97 , Val l: 0.7697 | Test e:  65.21 
| Epoch   66 | Train e:  92.01, T l:  0.2608 | Val e:  86.95 , Val l: 1.1525 | Test e:  65.99 
| Epoch   67 | Train e:  92.33, T l:  0.2536 | Val e:  87.57 , Val l: 1.0382 | Test e:  66.07 
| Epoch   68 | Train e:  92.40, T l:  0.2621 | Val e:  88.77 , Val l: 0.9727 | Test e:  65.55 
| Epoch   69 | Train e:  92.07, T l:  0.2591 | Val e:  87.77 , Val l: 0.9259 | Test e:  65.60 
| Epoch   70 | Train e:  92.65, T l:  0.2497 | Val e:  88.05 , Val l: 0.9379 | Test e:  66.18 
| Epoch   71 | Train e:  92.89, T l:  0.2455 | Val e:  88.36 , Val l: 0.8396 | Test e:  66.24 
| Epoch   72 | Train e:  92.94, T l:  0.2438 | Val e:  87.30 , Val l: 1.0656 | Test e:  66.86 
| Epoch   73 | Train e:  92.82, T l:  0.2431 | Val e:  89.00 , Val l: 0.6630 | Test e:  66.58 
| Epoch   74 | Train e:  93.26, T l:  0.2398 | Val e:  88.02 , Val l: 0.8478 | Test e:  66.64 
| Epoch   75 | Train e:  93.32, T l:  0.2423 | Val e:  87.22 , Val l: 1.0112 | Test e:  66.76 
| Epoch   76 | Train e:  93.29, T l:  0.2350 | Val e:  88.57 , Val l: 0.8590 | Test e:  66.71 
| Epoch   77 | Train e:  93.27, T l:  0.2402 | Val e:  89.14 , Val l: 0.8527 | Test e:  66.88 
| Epoch   78 | Train e:  93.63, T l:  0.2306 | Val e:  87.07 , Val l: 1.3442 | Test e:  67.32 
| Epoch   79 | Train e:  93.38, T l:  0.2400 | Val e:  88.05 , Val l: 0.7201 | Test e:  66.81 
| Epoch   80 | Train e:  93.60, T l:  0.2391 | Val e:  88.33 , Val l: 0.6472 | Test e:  66.55 
| Epoch   81 | Train e:  93.55, T l:  0.2264 | Val e:  88.63 , Val l: 0.6835 | Test e:  67.08 
| Epoch   82 | Train e:  93.73, T l:  0.2356 | Val e:  88.28 , Val l: 0.6113 | Test e:  67.32 
| Epoch   83 | Train e:  93.80, T l:  0.2491 | Val e:  88.70 , Val l: 0.6733 | Test e:  67.59 
| Epoch   84 | Train e:  93.90, T l:  0.2299 | Val e:  88.65 , Val l: 0.8416 | Test e:  67.74 
| Epoch   85 | Train e:  94.13, T l:  0.2337 | Val e:  88.84 , Val l: 0.7973 | Test e:  67.73 
| Epoch   86 | Train e:  94.04, T l:  0.2203 | Val e:  89.80 , Val l: 0.6748 | Test e:  67.75 
| Epoch   87 | Train e:  94.17, T l:  0.2303 | Val e:  87.97 , Val l: 1.0216 | Test e:  68.13 
| Epoch   88 | Train e:  94.47, T l:  0.2271 | Val e:  88.13 , Val l: 0.8769 | Test e:  68.50 
| Epoch   89 | Train e:  93.73, T l:  0.2211 | Val e:  88.22 , Val l: 0.5013 | Test e:  67.04 
| Epoch   90 | Train e:  94.18, T l:  0.2276 | Val e:  88.12 , Val l: 0.6661 | Test e:  68.36 
| Epoch   91 | Train e:  94.68, T l:  0.2246 | Val e:  88.37 , Val l: 0.8662 | Test e:  68.58 
| Epoch   92 | Train e:  94.71, T l:  0.2301 | Val e:  88.03 , Val l: 0.9277 | Test e:  68.62 
| Epoch   93 | Train e:  94.85, T l:  0.2077 | Val e:  88.15 , Val l: 0.8463 | Test e:  68.65 
| Epoch   94 | Train e:  94.97, T l:  0.2124 | Val e:  87.77 , Val l: 1.0861 | Test e:  68.79 
| Epoch   95 | Train e:  94.67, T l:  0.2144 | Val e:  87.38 , Val l: 0.7930 | Test e:  68.00 
| Epoch   96 | Train e:  94.73, T l:  0.2137 | Val e:  84.41 , Val l: 1.2672 | Test e:  68.10 
| Epoch   97 | Train e:  94.92, T l:  0.2155 | Val e:  84.83 , Val l: 1.0614 | Test e:  68.07 
| Epoch   98 | Train e:  95.06, T l:  0.2104 | Val e:  87.42 , Val l: 0.9201 | Test e:  68.71 
| Epoch   99 | Train e:  95.14, T l:  0.2301 | Val e:  87.46 , Val l: 0.8533 | Test e:  68.77 
| Epoch  100 | Train e:  95.20, T l:  0.2135 | Val e:  88.58 , Val l: 0.7251 | Test e:  68.88 
| Epoch  101 | Train e:  95.35, T l:  0.2051 | Val e:  87.35 , Val l: 0.8483 | Test e:  68.21 
| Epoch  102 | Train e:  95.28, T l:  0.2118 | Val e:  86.59 , Val l: 1.2221 | Test e:  68.06 
| Epoch  103 | Train e:  95.59, T l:  0.2148 | Val e:  88.33 , Val l: 0.7952 | Test e:  69.22 
| Epoch  104 | Train e:  95.68, T l:  0.2006 | Val e:  86.84 , Val l: 0.7740 | Test e:  68.75 
| Epoch  105 | Train e:  95.47, T l:  0.1982 | Val e:  87.50 , Val l: 0.8367 | Test e:  69.16 
| Epoch  106 | Train e:  95.71, T l:  0.2000 | Val e:  87.15 , Val l: 0.9358 | Test e:  68.85 
| Epoch  107 | Train e:  95.36, T l:  0.1976 | Val e:  88.07 , Val l: 0.8902 | Test e:  69.07 
| Epoch  108 | Train e:  95.78, T l:  0.2038 | Val e:  86.37 , Val l: 1.0063 | Test e:  68.05 
| Epoch  109 | Train e:  95.95, T l:  0.1998 | Val e:  87.64 , Val l: 0.7408 | Test e:  68.87 
| Epoch  110 | Train e:  95.50, T l:  0.1881 | Val e:  88.22 , Val l: 0.7045 | Test e:  68.47 
| Epoch  111 | Train e:  95.90, T l:  0.1938 | Val e:  84.90 , Val l: 1.1430 | Test e:  68.26 
| Epoch  112 | Train e:  95.90, T l:  0.2009 | Val e:  88.60 , Val l: 0.7872 | Test e:  68.71 
| Epoch  113 | Train e:  95.77, T l:  0.1905 | Val e:  88.10 , Val l: 1.0028 | Test e:  68.16 
| Epoch  114 | Train e:  95.94, T l:  0.1938 | Val e:  85.55 , Val l: 1.1314 | Test e:  67.25 
| Epoch  115 | Train e:  95.79, T l:  0.1990 | Val e:  84.57 , Val l: 1.1008 | Test e:  67.26 
| Epoch  116 | Train e:  96.17, T l:  0.2051 | Val e:  85.39 , Val l: 1.3531 | Test e:  67.80 
| Epoch  117 | Train e:  95.75, T l:  0.2017 | Val e:  88.19 , Val l: 0.5996 | Test e:  68.35 
| Epoch  118 | Train e:  96.28, T l:  0.1974 | Val e:  88.51 , Val l: 0.7483 | Test e:  69.07 
| Epoch  119 | Train e:  96.22, T l:  0.1892 | Val e:  87.65 , Val l: 1.0064 | Test e:  67.83 
| Epoch  120 | Train e:  96.08, T l:  0.1917 | Val e:  88.36 , Val l: 0.7338 | Test e:  67.75 
| Epoch  121 | Train e:  96.17, T l:  0.2038 | Val e:  87.78 , Val l: 1.0194 | Test e:  67.82 
| Epoch  122 | Train e:  96.23, T l:  0.1931 | Val e:  88.18 , Val l: 0.7916 | Test e:  68.31 
| Epoch  123 | Train e:  96.27, T l:  0.1882 | Val e:  87.39 , Val l: 0.9361 | Test e:  68.07 
| Epoch  124 | Train e:  96.43, T l:  0.1883 | Val e:  87.91 , Val l: 0.7357 | Test e:  67.67 
| Epoch  125 | Train e:  96.50, T l:  0.1830 | Val e:  87.34 , Val l: 0.7504 | Test e:  67.30 
| Epoch  126 | Train e:  96.40, T l:  0.1833 | Val e:  88.01 , Val l: 0.8518 | Test e:  67.97 
| Epoch  127 | Train e:  96.40, T l:  0.1869 | Val e:  88.39 , Val l: 0.7244 | Test e:  67.26 
| Epoch  128 | Train e:  96.70, T l:  0.1838 | Val e:  84.21 , Val l: 1.4101 | Test e:  67.65 
| Epoch  129 | Train e:  96.56, T l:  0.1909 | Val e:  88.24 , Val l: 0.7832 | Test e:  68.45 
| Epoch  130 | Train e:  96.51, T l:  0.1785 | Val e:  85.89 , Val l: 1.1744 | Test e:  67.00 
| Epoch  131 | Train e:  96.58, T l:  0.1786 | Val e:  86.40 , Val l: 0.9159 | Test e:  67.53 
| Epoch  132 | Train e:  96.50, T l:  0.1768 | Val e:  86.92 , Val l: 1.1502 | Test e:  67.36 
| Epoch  133 | Train e:  96.65, T l:  0.1838 | Val e:  86.24 , Val l: 0.9874 | Test e:  67.61 
| Epoch  134 | Train e:  96.85, T l:  0.1777 | Val e:  85.96 , Val l: 0.8950 | Test e:  67.41 
| Epoch  135 | Train e:  96.59, T l:  0.1879 | Val e:  85.16 , Val l: 1.3622 | Test e:  66.94 
| Epoch  136 | Train e:  96.75, T l:  0.1869 | Val e:  85.57 , Val l: 1.0554 | Test e:  67.28 
| Epoch  137 | Train e:  96.86, T l:  0.1726 | Val e:  86.78 , Val l: 0.9505 | Test e:  67.14 
| Epoch  138 | Train e:  97.01, T l:  0.1750 | Val e:  86.97 , Val l: 0.8494 | Test e:  67.63 
| Epoch  139 | Train e:  96.93, T l:  0.1668 | Val e:  86.61 , Val l: 0.9525 | Test e:  67.77 
| Epoch  140 | Train e:  96.80, T l:  0.1659 | Val e:  87.69 , Val l: 0.8253 | Test e:  67.79 
| Epoch  141 | Train e:  96.82, T l:  0.1668 | Val e:  87.77 , Val l: 0.8330 | Test e:  67.87 
| Epoch  142 | Train e:  97.24, T l:  0.1781 | Val e:  88.09 , Val l: 0.6790 | Test e:  67.36 
| Epoch  143 | Train e:  97.19, T l:  0.1676 | Val e:  86.43 , Val l: 0.9724 | Test e:  67.57 
| Epoch  144 | Train e:  96.79, T l:  0.1700 | Val e:  87.49 , Val l: 0.7449 | Test e:  67.69 
| Epoch  145 | Train e:  96.86, T l:  0.1693 | Val e:  87.38 , Val l: 0.7984 | Test e:  67.90 
| Epoch  146 | Train e:  97.04, T l:  0.1750 | Val e:  86.70 , Val l: 0.9419 | Test e:  67.48 
| Epoch  147 | Train e:  97.18, T l:  0.1693 | Val e:  85.52 , Val l: 1.0364 | Test e:  67.54 
| Epoch  148 | Train e:  97.16, T l:  0.1631 | Val e:  86.20 , Val l: 1.0842 | Test e:  67.27 
| Epoch  149 | Train e:  97.12, T l:  0.1659 | Val e:  86.64 , Val l: 1.1411 | Test e:  67.30 
| Epoch  150 | Train e:  97.02, T l:  0.1701 | Val e:  85.90 , Val l: 1.0888 | Test e:  67.14 
| Epoch  151 | Train e:  97.13, T l:  0.1651 | Val e:  85.68 , Val l: 0.8512 | Test e:  66.88 
| Epoch  152 | Train e:  97.35, T l:  0.1692 | Val e:  86.60 , Val l: 0.8412 | Test e:  67.25 
| Epoch  153 | Train e:  97.17, T l:  0.1698 | Val e:  84.75 , Val l: 1.2154 | Test e:  66.65 
| Epoch  154 | Train e:  97.08, T l:  0.1651 | Val e:  86.44 , Val l: 1.0385 | Test e:  67.06 
| Epoch  155 | Train e:  97.45, T l:  0.1581 | Val e:  84.08 , Val l: 1.3414 | Test e:  66.26 
| Epoch  156 | Train e:  97.23, T l:  0.1530 | Val e:  86.42 , Val l: 0.9600 | Test e:  66.70 
| Epoch  157 | Train e:  97.22, T l:  0.1590 | Val e:  86.92 , Val l: 0.9128 | Test e:  67.48 
| Epoch  158 | Train e:  97.44, T l:  0.1595 | Val e:  85.05 , Val l: 1.2433 | Test e:  66.46 
| Epoch  159 | Train e:  97.43, T l:  0.1680 | Val e:  86.45 , Val l: 0.8190 | Test e:  66.93 
| Epoch  160 | Train e:  97.37, T l:  0.1596 | Val e:  86.07 , Val l: 1.0859 | Test e:  66.37 
| Epoch  161 | Train e:  97.32, T l:  0.1613 | Val e:  86.10 , Val l: 1.0195 | Test e:  67.33 
| Epoch  162 | Train e:  97.34, T l:  0.1629 | Val e:  85.98 , Val l: 1.0311 | Test e:  66.66 
| Epoch  163 | Train e:  97.45, T l:  0.1662 | Val e:  87.01 , Val l: 0.9375 | Test e:  66.72 
| Epoch  164 | Train e:  97.38, T l:  0.1550 | Val e:  86.44 , Val l: 0.9522 | Test e:  66.88 
| Epoch  165 | Train e:  97.29, T l:  0.1635 | Val e:  86.97 , Val l: 0.9182 | Test e:  67.15 
| Epoch  166 | Train e:  97.55, T l:  0.1567 | Val e:  86.97 , Val l: 0.9271 | Test e:  67.09 
| Epoch  167 | Train e:  97.42, T l:  0.1530 | Val e:  85.32 , Val l: 1.2323 | Test e:  66.17 
| Epoch  168 | Train e:  97.56, T l:  0.1561 | Val e:  86.60 , Val l: 1.0132 | Test e:  66.90 
| Epoch  169 | Train e:  97.63, T l:  0.1599 | Val e:  85.16 , Val l: 1.1575 | Test e:  66.19 
| Epoch  170 | Train e:  97.40, T l:  0.1582 | Val e:  85.24 , Val l: 1.2095 | Test e:  66.12 
| Epoch  171 | Train e:  97.36, T l:  0.1561 | Val e:  83.96 , Val l: 1.3176 | Test e:  66.12 
| Epoch  172 | Train e:  97.49, T l:  0.1550 | Val e:  84.47 , Val l: 1.2409 | Test e:  66.30 
| Epoch  173 | Train e:  97.70, T l:  0.1577 | Val e:  85.95 , Val l: 0.9877 | Test e:  66.75 
| Epoch  174 | Train e:  97.66, T l:  0.1519 | Val e:  85.89 , Val l: 1.0846 | Test e:  66.16 
| Epoch  175 | Train e:  97.59, T l:  0.1526 | Val e:  86.05 , Val l: 1.0221 | Test e:  66.79 
| Epoch  176 | Train e:  97.64, T l:  0.1474 | Val e:  86.50 , Val l: 0.9065 | Test e:  66.54 
| Epoch  177 | Train e:  97.48, T l:  0.1631 | Val e:  85.52 , Val l: 1.0117 | Test e:  66.41 
| Epoch  178 | Train e:  97.62, T l:  0.1464 | Val e:  84.15 , Val l: 1.3720 | Test e:  66.18 
| Epoch  179 | Train e:  97.67, T l:  0.1548 | Val e:  85.12 , Val l: 1.1258 | Test e:  66.71 
| Epoch  180 | Train e:  97.53, T l:  0.1536 | Val e:  85.88 , Val l: 0.9943 | Test e:  66.44 
| Epoch  181 | Train e:  97.74, T l:  0.1622 | Val e:  84.54 , Val l: 1.1908 | Test e:  65.91 
| Epoch  182 | Train e:  97.48, T l:  0.1444 | Val e:  84.37 , Val l: 1.2400 | Test e:  65.99 
| Epoch  183 | Train e:  97.77, T l:  0.1526 | Val e:  85.62 , Val l: 0.9952 | Test e:  66.39 
| Epoch  184 | Train e:  97.60, T l:  0.1473 | Val e:  84.79 , Val l: 1.1593 | Test e:  66.00 
| Epoch  185 | Train e:  97.65, T l:  0.1467 | Val e:  84.80 , Val l: 1.1664 | Test e:  66.27 
| Epoch  186 | Train e:  97.67, T l:  0.1471 | Val e:  85.44 , Val l: 1.0946 | Test e:  66.28 
| Epoch  187 | Train e:  97.54, T l:  0.1569 | Val e:  85.89 , Val l: 0.9713 | Test e:  66.20 
| Epoch  188 | Train e:  97.70, T l:  0.1426 | Val e:  85.26 , Val l: 1.1639 | Test e:  66.09 
| Epoch  189 | Train e:  97.85, T l:  0.1446 | Val e:  86.15 , Val l: 0.9751 | Test e:  66.30 
| Epoch  190 | Train e:  97.85, T l:  0.1527 | Val e:  85.00 , Val l: 1.1491 | Test e:  66.11 
| Epoch  191 | Train e:  97.63, T l:  0.1533 | Val e:  85.76 , Val l: 1.0455 | Test e:  66.01 
| Epoch  192 | Train e:  97.79, T l:  0.1434 | Val e:  85.92 , Val l: 1.0940 | Test e:  66.04 
| Epoch  193 | Train e:  97.70, T l:  0.1463 | Val e:  85.70 , Val l: 1.1174 | Test e:  66.00 
| Epoch  194 | Train e:  97.71, T l:  0.1480 | Val e:  85.66 , Val l: 1.1049 | Test e:  66.13 
| Epoch  195 | Train e:  97.62, T l:  0.1518 | Val e:  85.67 , Val l: 1.0959 | Test e:  66.07 
| Epoch  196 | Train e:  97.87, T l:  0.1470 | Val e:  85.29 , Val l: 1.1306 | Test e:  65.95 
| Epoch  197 | Train e:  97.72, T l:  0.1478 | Val e:  85.39 , Val l: 1.1287 | Test e:  66.00 
| Epoch  198 | Train e:  97.77, T l:  0.1455 | Val e:  85.44 , Val l: 1.1094 | Test e:  66.01 
| Epoch  199 | Train e:  97.94, T l:  0.1435 | Val e:  85.48 , Val l: 1.1049 | Test e:  66.04 
