

===============================================
2022-12-19 11:20:53

main_t.py --batch-size 64 --lr 0.0001 --warmup 50 --scheduler-type linear --seeds 2022 --device 1

None

dataset: ogbg-molbbbp
use_node_attr: False
pre_transform: None
transform: None
clean_cache: False
use_public_splits: True
use_val: True
use_val_loss: True
same_best_epoch: False
early_stop: False
scheduler_type: linear
epochs: 200
warmup: 50
batch_size: 64
lr: 0.0001
weight_decay: 0.0001
seeds: 2022
save_state: False
transformer_dropout: 0.1



| Epoch    0 | Train e:  53.83, T l:  1.0234 | Val e:  56.33 , Val l: 0.7106 | Test e:  50.18 
| Epoch    1 | Train e:  53.16, T l:  0.9021 | Val e:  57.41 , Val l: 0.7083 | Test e:  49.88 
| Epoch    2 | Train e:  51.79, T l:  0.7241 | Val e:  58.79 , Val l: 0.7702 | Test e:  49.42 
| Epoch    3 | Train e:  52.19, T l:  0.6035 | Val e:  60.06 , Val l: 0.8950 | Test e:  49.02 
| Epoch    4 | Train e:  52.43, T l:  0.5441 | Val e:  61.19 , Val l: 0.9924 | Test e:  49.22 
| Epoch    5 | Train e:  52.32, T l:  0.5264 | Val e:  61.62 , Val l: 1.0622 | Test e:  49.38 
| Epoch    6 | Train e:  53.52, T l:  0.5133 | Val e:  61.10 , Val l: 1.0735 | Test e:  49.84 
| Epoch    7 | Train e:  55.18, T l:  0.4959 | Val e:  61.01 , Val l: 1.1113 | Test e:  50.43 
| Epoch    8 | Train e:  57.28, T l:  0.4811 | Val e:  60.60 , Val l: 1.1137 | Test e:  51.61 
| Epoch    9 | Train e:  60.11, T l:  0.4675 | Val e:  60.77 , Val l: 1.1462 | Test e:  53.14 
| Epoch   10 | Train e:  63.11, T l:  0.4521 | Val e:  60.30 , Val l: 1.1472 | Test e:  54.85 
| Epoch   11 | Train e:  66.54, T l:  0.4351 | Val e:  60.91 , Val l: 1.1759 | Test e:  56.54 
| Epoch   12 | Train e:  70.19, T l:  0.4258 | Val e:  62.97 , Val l: 1.2147 | Test e:  57.86 
| Epoch   13 | Train e:  71.72, T l:  0.4180 | Val e:  64.86 , Val l: 1.1892 | Test e:  58.43 
| Epoch   14 | Train e:  73.05, T l:  0.4076 | Val e:  67.77 , Val l: 1.2179 | Test e:  59.17 
| Epoch   15 | Train e:  75.48, T l:  0.3980 | Val e:  71.32 , Val l: 1.2544 | Test e:  60.87 
| Epoch   16 | Train e:  78.18, T l:  0.3889 | Val e:  75.39 , Val l: 1.2913 | Test e:  62.17 
| Epoch   17 | Train e:  78.13, T l:  0.3858 | Val e:  76.21 , Val l: 1.2224 | Test e:  63.60 
| Epoch   18 | Train e:  79.51, T l:  0.3739 | Val e:  77.73 , Val l: 1.2160 | Test e:  64.51 
| Epoch   19 | Train e:  79.77, T l:  0.3649 | Val e:  78.30 , Val l: 1.1927 | Test e:  64.94 
| Epoch   20 | Train e:  81.00, T l:  0.3594 | Val e:  80.06 , Val l: 1.2267 | Test e:  65.30 
| Epoch   21 | Train e:  80.78, T l:  0.3565 | Val e:  80.40 , Val l: 1.1586 | Test e:  65.47 
| Epoch   22 | Train e:  81.95, T l:  0.3453 | Val e:  79.99 , Val l: 1.0770 | Test e:  65.65 
| Epoch   23 | Train e:  82.80, T l:  0.3471 | Val e:  82.76 , Val l: 1.1069 | Test e:  65.70 
| Epoch   24 | Train e:  83.02, T l:  0.3350 | Val e:  83.15 , Val l: 1.0998 | Test e:  65.59 
| Epoch   25 | Train e:  83.44, T l:  0.3326 | Val e:  82.85 , Val l: 1.0624 | Test e:  65.77 
| Epoch   26 | Train e:  83.58, T l:  0.3263 | Val e:  82.89 , Val l: 0.9419 | Test e:  65.74 
| Epoch   27 | Train e:  83.37, T l:  0.3319 | Val e:  81.93 , Val l: 0.8734 | Test e:  65.74 
| Epoch   28 | Train e:  83.79, T l:  0.3202 | Val e:  83.29 , Val l: 1.0197 | Test e:  65.83 
| Epoch   29 | Train e:  84.79, T l:  0.3227 | Val e:  84.68 , Val l: 1.0605 | Test e:  66.00 
| Epoch   30 | Train e:  84.96, T l:  0.3183 | Val e:  85.13 , Val l: 0.9918 | Test e:  66.19 
| Epoch   31 | Train e:  84.98, T l:  0.3170 | Val e:  85.91 , Val l: 1.0852 | Test e:  66.23 
| Epoch   32 | Train e:  85.22, T l:  0.3165 | Val e:  85.32 , Val l: 1.1035 | Test e:  66.33 
| Epoch   33 | Train e:  85.61, T l:  0.3138 | Val e:  84.64 , Val l: 0.9492 | Test e:  66.37 
| Epoch   34 | Train e:  85.94, T l:  0.3116 | Val e:  86.27 , Val l: 1.0843 | Test e:  66.02 
| Epoch   35 | Train e:  86.06, T l:  0.3134 | Val e:  84.92 , Val l: 0.8886 | Test e:  66.19 
| Epoch   36 | Train e:  86.40, T l:  0.3070 | Val e:  85.77 , Val l: 1.1447 | Test e:  66.09 
| Epoch   37 | Train e:  86.71, T l:  0.3090 | Val e:  84.26 , Val l: 0.8743 | Test e:  66.14 
| Epoch   38 | Train e:  86.65, T l:  0.3023 | Val e:  83.94 , Val l: 0.9733 | Test e:  66.14 
| Epoch   39 | Train e:  86.94, T l:  0.2989 | Val e:  84.26 , Val l: 0.8843 | Test e:  66.23 
| Epoch   40 | Train e:  87.66, T l:  0.2965 | Val e:  84.41 , Val l: 0.9987 | Test e:  66.21 
| Epoch   41 | Train e:  87.13, T l:  0.2996 | Val e:  84.03 , Val l: 0.8697 | Test e:  66.13 
| Epoch   42 | Train e:  87.48, T l:  0.3025 | Val e:  86.00 , Val l: 1.0969 | Test e:  65.87 
| Epoch   43 | Train e:  87.55, T l:  0.2986 | Val e:  85.80 , Val l: 1.1201 | Test e:  66.05 
| Epoch   44 | Train e:  87.67, T l:  0.2916 | Val e:  82.78 , Val l: 0.8784 | Test e:  66.46 
| Epoch   45 | Train e:  87.92, T l:  0.2863 | Val e:  83.81 , Val l: 0.9371 | Test e:  66.34 
| Epoch   46 | Train e:  88.54, T l:  0.2947 | Val e:  83.57 , Val l: 0.9530 | Test e:  65.95 
| Epoch   47 | Train e:  87.52, T l:  0.3012 | Val e:  87.02 , Val l: 1.4063 | Test e:  64.78 
| Epoch   48 | Train e:  88.11, T l:  0.3135 | Val e:  81.70 , Val l: 0.7025 | Test e:  65.92 
| Epoch   49 | Train e:  88.56, T l:  0.3003 | Val e:  84.68 , Val l: 0.9473 | Test e:  65.89 
| Epoch   50 | Train e:  88.73, T l:  0.2875 | Val e:  84.88 , Val l: 1.0794 | Test e:  66.14 
| Epoch   51 | Train e:  88.64, T l:  0.2935 | Val e:  82.98 , Val l: 0.7885 | Test e:  66.02 
| Epoch   52 | Train e:  88.94, T l:  0.2941 | Val e:  84.51 , Val l: 0.9248 | Test e:  65.94 
| Epoch   53 | Train e:  89.11, T l:  0.2831 | Val e:  83.22 , Val l: 0.8805 | Test e:  66.13 
| Epoch   54 | Train e:  89.07, T l:  0.2896 | Val e:  83.98 , Val l: 0.8931 | Test e:  65.73 
| Epoch   55 | Train e:  89.23, T l:  0.2878 | Val e:  83.91 , Val l: 0.9500 | Test e:  65.90 
| Epoch   56 | Train e:  89.25, T l:  0.2791 | Val e:  83.51 , Val l: 0.9527 | Test e:  65.75 
| Epoch   57 | Train e:  88.99, T l:  0.2811 | Val e:  84.17 , Val l: 0.7573 | Test e:  65.83 
| Epoch   58 | Train e:  89.32, T l:  0.2757 | Val e:  83.64 , Val l: 0.7689 | Test e:  65.82 
| Epoch   59 | Train e:  89.77, T l:  0.2769 | Val e:  83.80 , Val l: 0.8972 | Test e:  65.69 
| Epoch   60 | Train e:  89.82, T l:  0.2774 | Val e:  84.08 , Val l: 1.0934 | Test e:  65.90 
| Epoch   61 | Train e:  89.57, T l:  0.2698 | Val e:  84.85 , Val l: 1.0920 | Test e:  65.62 
| Epoch   62 | Train e:  90.17, T l:  0.2796 | Val e:  84.73 , Val l: 0.9891 | Test e:  65.79 
| Epoch   63 | Train e:  89.37, T l:  0.2702 | Val e:  83.19 , Val l: 0.7605 | Test e:  65.74 
| Epoch   64 | Train e:  89.95, T l:  0.2823 | Val e:  85.14 , Val l: 0.8702 | Test e:  65.32 
| Epoch   65 | Train e:  90.07, T l:  0.2738 | Val e:  84.16 , Val l: 0.8562 | Test e:  65.90 
| Epoch   66 | Train e:  90.23, T l:  0.2780 | Val e:  84.57 , Val l: 0.9661 | Test e:  65.31 
| Epoch   67 | Train e:  89.86, T l:  0.2681 | Val e:  83.61 , Val l: 0.7551 | Test e:  65.66 
| Epoch   68 | Train e:  90.29, T l:  0.2722 | Val e:  83.73 , Val l: 0.8488 | Test e:  65.25 
| Epoch   69 | Train e:  90.33, T l:  0.2668 | Val e:  84.31 , Val l: 0.9404 | Test e:  66.09 
| Epoch   70 | Train e:  90.39, T l:  0.2669 | Val e:  83.14 , Val l: 0.7918 | Test e:  65.90 
| Epoch   71 | Train e:  90.57, T l:  0.2662 | Val e:  83.13 , Val l: 0.8073 | Test e:  66.06 
| Epoch   72 | Train e:  90.84, T l:  0.2741 | Val e:  84.46 , Val l: 0.8815 | Test e:  65.99 
| Epoch   73 | Train e:  90.32, T l:  0.2589 | Val e:  83.50 , Val l: 0.8268 | Test e:  66.04 
| Epoch   74 | Train e:  90.60, T l:  0.2619 | Val e:  84.25 , Val l: 0.9324 | Test e:  65.73 
| Epoch   75 | Train e:  91.13, T l:  0.2644 | Val e:  82.37 , Val l: 0.7891 | Test e:  65.82 
| Epoch   76 | Train e:  91.29, T l:  0.2664 | Val e:  81.72 , Val l: 0.9374 | Test e:  66.03 
| Epoch   77 | Train e:  91.00, T l:  0.2645 | Val e:  83.20 , Val l: 0.7719 | Test e:  65.26 
| Epoch   78 | Train e:  90.77, T l:  0.2600 | Val e:  82.31 , Val l: 0.9003 | Test e:  65.94 
| Epoch   79 | Train e:  91.01, T l:  0.2603 | Val e:  82.98 , Val l: 0.8472 | Test e:  66.04 
| Epoch   80 | Train e:  91.27, T l:  0.2591 | Val e:  82.74 , Val l: 0.8058 | Test e:  66.15 
| Epoch   81 | Train e:  91.09, T l:  0.2683 | Val e:  83.85 , Val l: 0.9371 | Test e:  65.71 
| Epoch   82 | Train e:  91.23, T l:  0.2559 | Val e:  83.77 , Val l: 0.7131 | Test e:  66.03 
| Epoch   83 | Train e:  91.53, T l:  0.2491 | Val e:  83.32 , Val l: 0.8285 | Test e:  66.38 
| Epoch   84 | Train e:  91.35, T l:  0.2649 | Val e:  84.23 , Val l: 1.1719 | Test e:  66.31 
| Epoch   85 | Train e:  91.78, T l:  0.2548 | Val e:  83.26 , Val l: 0.9844 | Test e:  66.30 
| Epoch   86 | Train e:  91.54, T l:  0.2562 | Val e:  84.16 , Val l: 0.8428 | Test e:  65.74 
| Epoch   87 | Train e:  91.83, T l:  0.2512 | Val e:  82.52 , Val l: 0.8021 | Test e:  66.31 
| Epoch   88 | Train e:  91.87, T l:  0.2544 | Val e:  83.89 , Val l: 0.9538 | Test e:  66.05 
| Epoch   89 | Train e:  91.48, T l:  0.2495 | Val e:  82.88 , Val l: 0.7108 | Test e:  66.53 
| Epoch   90 | Train e:  91.76, T l:  0.2440 | Val e:  83.00 , Val l: 0.9516 | Test e:  66.54 
| Epoch   91 | Train e:  91.73, T l:  0.2536 | Val e:  83.47 , Val l: 0.8906 | Test e:  66.62 
| Epoch   92 | Train e:  92.15, T l:  0.2592 | Val e:  83.34 , Val l: 0.7471 | Test e:  66.56 
| Epoch   93 | Train e:  92.24, T l:  0.2449 | Val e:  82.78 , Val l: 0.9675 | Test e:  66.49 
| Epoch   94 | Train e:  92.57, T l:  0.2438 | Val e:  82.82 , Val l: 0.8583 | Test e:  66.86 
| Epoch   95 | Train e:  92.17, T l:  0.2443 | Val e:  83.26 , Val l: 1.0430 | Test e:  66.48 
| Epoch   96 | Train e:  92.48, T l:  0.2518 | Val e:  83.92 , Val l: 1.0440 | Test e:  66.61 
| Epoch   97 | Train e:  92.45, T l:  0.2364 | Val e:  82.16 , Val l: 0.7629 | Test e:  66.61 
| Epoch   98 | Train e:  92.41, T l:  0.2400 | Val e:  81.90 , Val l: 0.7336 | Test e:  66.52 
| Epoch   99 | Train e:  92.51, T l:  0.2386 | Val e:  83.35 , Val l: 1.0422 | Test e:  67.02 
| Epoch  100 | Train e:  92.98, T l:  0.2410 | Val e:  83.33 , Val l: 1.0453 | Test e:  67.03 
| Epoch  101 | Train e:  92.73, T l:  0.2374 | Val e:  82.67 , Val l: 0.9468 | Test e:  66.69 
| Epoch  102 | Train e:  92.91, T l:  0.2321 | Val e:  81.70 , Val l: 0.9471 | Test e:  66.95 
| Epoch  103 | Train e:  93.09, T l:  0.2304 | Val e:  83.02 , Val l: 1.0142 | Test e:  67.10 
| Epoch  104 | Train e:  93.13, T l:  0.2332 | Val e:  83.25 , Val l: 1.0206 | Test e:  67.11 
| Epoch  105 | Train e:  92.97, T l:  0.2326 | Val e:  83.33 , Val l: 1.0495 | Test e:  67.14 
| Epoch  106 | Train e:  92.90, T l:  0.2267 | Val e:  82.36 , Val l: 1.1446 | Test e:  66.91 
| Epoch  107 | Train e:  93.23, T l:  0.2466 | Val e:  83.96 , Val l: 1.1115 | Test e:  67.19 
| Epoch  108 | Train e:  93.27, T l:  0.2301 | Val e:  83.15 , Val l: 0.9417 | Test e:  66.96 
| Epoch  109 | Train e:  93.12, T l:  0.2260 | Val e:  84.12 , Val l: 0.8471 | Test e:  67.11 
| Epoch  110 | Train e:  93.25, T l:  0.2252 | Val e:  83.13 , Val l: 0.9578 | Test e:  66.94 
| Epoch  111 | Train e:  93.27, T l:  0.2265 | Val e:  82.99 , Val l: 0.7989 | Test e:  66.81 
| Epoch  112 | Train e:  93.15, T l:  0.2198 | Val e:  83.47 , Val l: 0.8782 | Test e:  67.00 
| Epoch  113 | Train e:  93.59, T l:  0.2175 | Val e:  83.38 , Val l: 1.0951 | Test e:  67.65 
| Epoch  114 | Train e:  93.62, T l:  0.2212 | Val e:  83.62 , Val l: 0.9334 | Test e:  67.14 
| Epoch  115 | Train e:  93.59, T l:  0.2175 | Val e:  82.61 , Val l: 1.0680 | Test e:  67.53 
| Epoch  116 | Train e:  93.49, T l:  0.2268 | Val e:  83.18 , Val l: 0.8439 | Test e:  67.16 
| Epoch  117 | Train e:  94.08, T l:  0.2226 | Val e:  82.44 , Val l: 1.0084 | Test e:  67.37 
| Epoch  118 | Train e:  93.87, T l:  0.2158 | Val e:  84.08 , Val l: 0.8579 | Test e:  67.47 
| Epoch  119 | Train e:  93.94, T l:  0.2197 | Val e:  83.76 , Val l: 1.0200 | Test e:  67.33 
| Epoch  120 | Train e:  93.93, T l:  0.2217 | Val e:  83.24 , Val l: 1.0719 | Test e:  67.46 
| Epoch  121 | Train e:  94.17, T l:  0.2126 | Val e:  83.11 , Val l: 1.0526 | Test e:  67.43 
| Epoch  122 | Train e:  93.88, T l:  0.2112 | Val e:  83.59 , Val l: 0.8950 | Test e:  67.44 
| Epoch  123 | Train e:  93.75, T l:  0.2127 | Val e:  85.38 , Val l: 0.8153 | Test e:  67.80 
| Epoch  124 | Train e:  94.44, T l:  0.2138 | Val e:  82.61 , Val l: 1.2313 | Test e:  67.48 
| Epoch  125 | Train e:  94.24, T l:  0.2066 | Val e:  83.96 , Val l: 1.1057 | Test e:  67.54 
| Epoch  126 | Train e:  94.42, T l:  0.2047 | Val e:  83.71 , Val l: 0.9243 | Test e:  67.35 
| Epoch  127 | Train e:  94.47, T l:  0.2099 | Val e:  83.13 , Val l: 0.9998 | Test e:  67.39 
| Epoch  128 | Train e:  94.74, T l:  0.2109 | Val e:  84.23 , Val l: 0.9075 | Test e:  67.47 
| Epoch  129 | Train e:  94.86, T l:  0.2054 | Val e:  83.91 , Val l: 0.9959 | Test e:  67.48 
| Epoch  130 | Train e:  94.67, T l:  0.2133 | Val e:  83.49 , Val l: 0.9246 | Test e:  67.50 
| Epoch  131 | Train e:  94.64, T l:  0.2140 | Val e:  84.23 , Val l: 1.0760 | Test e:  67.26 
| Epoch  132 | Train e:  94.76, T l:  0.2081 | Val e:  82.38 , Val l: 1.0232 | Test e:  67.47 
| Epoch  133 | Train e:  94.82, T l:  0.2076 | Val e:  83.38 , Val l: 0.9320 | Test e:  67.17 
| Epoch  134 | Train e:  94.75, T l:  0.2078 | Val e:  83.17 , Val l: 1.3879 | Test e:  67.31 
| Epoch  135 | Train e:  94.99, T l:  0.2164 | Val e:  84.02 , Val l: 0.9876 | Test e:  67.43 
| Epoch  136 | Train e:  95.19, T l:  0.2101 | Val e:  83.78 , Val l: 1.0716 | Test e:  67.62 
| Epoch  137 | Train e:  95.02, T l:  0.2024 | Val e:  84.31 , Val l: 1.1541 | Test e:  67.63 
| Epoch  138 | Train e:  95.22, T l:  0.1944 | Val e:  83.61 , Val l: 1.1772 | Test e:  67.63 
| Epoch  139 | Train e:  95.14, T l:  0.2009 | Val e:  85.04 , Val l: 0.9604 | Test e:  67.36 
| Epoch  140 | Train e:  94.80, T l:  0.1964 | Val e:  84.86 , Val l: 1.0150 | Test e:  67.26 
| Epoch  141 | Train e:  94.96, T l:  0.1945 | Val e:  84.56 , Val l: 1.0451 | Test e:  67.25 
| Epoch  142 | Train e:  95.09, T l:  0.1989 | Val e:  84.33 , Val l: 0.9548 | Test e:  67.27 
| Epoch  143 | Train e:  95.14, T l:  0.1914 | Val e:  84.88 , Val l: 1.0964 | Test e:  67.54 
| Epoch  144 | Train e:  95.22, T l:  0.1920 | Val e:  84.28 , Val l: 1.2001 | Test e:  67.30 
| Epoch  145 | Train e:  95.36, T l:  0.1878 | Val e:  83.59 , Val l: 1.0414 | Test e:  67.19 
| Epoch  146 | Train e:  95.23, T l:  0.1867 | Val e:  84.01 , Val l: 1.2536 | Test e:  67.26 
| Epoch  147 | Train e:  95.40, T l:  0.2013 | Val e:  84.73 , Val l: 1.0468 | Test e:  67.08 
| Epoch  148 | Train e:  95.57, T l:  0.1874 | Val e:  85.20 , Val l: 0.9935 | Test e:  67.17 
| Epoch  149 | Train e:  95.57, T l:  0.1932 | Val e:  85.82 , Val l: 0.9068 | Test e:  67.37 
| Epoch  150 | Train e:  95.45, T l:  0.1886 | Val e:  83.79 , Val l: 1.0766 | Test e:  67.21 
| Epoch  151 | Train e:  95.51, T l:  0.1838 | Val e:  84.93 , Val l: 1.0714 | Test e:  67.26 
| Epoch  152 | Train e:  95.78, T l:  0.1925 | Val e:  84.56 , Val l: 1.0079 | Test e:  66.93 
| Epoch  153 | Train e:  95.92, T l:  0.1867 | Val e:  84.52 , Val l: 1.0020 | Test e:  66.86 
| Epoch  154 | Train e:  95.68, T l:  0.1954 | Val e:  84.99 , Val l: 1.1358 | Test e:  67.04 
| Epoch  155 | Train e:  95.66, T l:  0.1865 | Val e:  85.56 , Val l: 1.0739 | Test e:  66.96 
| Epoch  156 | Train e:  95.80, T l:  0.1859 | Val e:  84.81 , Val l: 1.1431 | Test e:  66.99 
| Epoch  157 | Train e:  95.82, T l:  0.1881 | Val e:  85.23 , Val l: 1.1333 | Test e:  66.98 
| Epoch  158 | Train e:  95.75, T l:  0.1882 | Val e:  86.03 , Val l: 1.1290 | Test e:  66.87 
| Epoch  159 | Train e:  96.04, T l:  0.1876 | Val e:  85.79 , Val l: 0.8855 | Test e:  66.71 
| Epoch  160 | Train e:  95.78, T l:  0.1837 | Val e:  85.73 , Val l: 1.0685 | Test e:  66.71 
| Epoch  161 | Train e:  95.83, T l:  0.1834 | Val e:  84.36 , Val l: 1.0331 | Test e:  66.70 
| Epoch  162 | Train e:  95.74, T l:  0.1804 | Val e:  85.79 , Val l: 0.9288 | Test e:  66.59 
| Epoch  163 | Train e:  95.76, T l:  0.1788 | Val e:  86.21 , Val l: 0.8494 | Test e:  66.98 
| Epoch  164 | Train e:  95.72, T l:  0.1762 | Val e:  85.42 , Val l: 1.0274 | Test e:  66.81 
| Epoch  165 | Train e:  95.90, T l:  0.1793 | Val e:  85.79 , Val l: 0.8700 | Test e:  66.90 
| Epoch  166 | Train e:  95.97, T l:  0.1830 | Val e:  85.17 , Val l: 1.0797 | Test e:  66.59 
| Epoch  167 | Train e:  95.80, T l:  0.1812 | Val e:  85.13 , Val l: 1.1211 | Test e:  66.39 
| Epoch  168 | Train e:  95.90, T l:  0.1886 | Val e:  85.61 , Val l: 1.0786 | Test e:  66.54 
| Epoch  169 | Train e:  96.05, T l:  0.1831 | Val e:  86.00 , Val l: 1.0376 | Test e:  66.50 
| Epoch  170 | Train e:  96.04, T l:  0.1737 | Val e:  86.01 , Val l: 1.0558 | Test e:  66.45 
| Epoch  171 | Train e:  96.35, T l:  0.1782 | Val e:  85.93 , Val l: 1.1441 | Test e:  66.36 
| Epoch  172 | Train e:  96.28, T l:  0.1844 | Val e:  85.39 , Val l: 1.0857 | Test e:  66.15 
| Epoch  173 | Train e:  96.10, T l:  0.1780 | Val e:  86.27 , Val l: 0.9521 | Test e:  66.46 
| Epoch  174 | Train e:  96.17, T l:  0.1752 | Val e:  85.99 , Val l: 1.1215 | Test e:  66.12 
| Epoch  175 | Train e:  96.52, T l:  0.1818 | Val e:  86.05 , Val l: 0.9255 | Test e:  66.33 
| Epoch  176 | Train e:  96.27, T l:  0.1804 | Val e:  86.53 , Val l: 1.0348 | Test e:  66.30 
| Epoch  177 | Train e:  96.31, T l:  0.1692 | Val e:  86.31 , Val l: 0.9813 | Test e:  66.48 
| Epoch  178 | Train e:  95.98, T l:  0.1713 | Val e:  86.22 , Val l: 1.0111 | Test e:  66.39 
| Epoch  179 | Train e:  96.10, T l:  0.1757 | Val e:  86.17 , Val l: 0.9483 | Test e:  66.51 
| Epoch  180 | Train e:  96.34, T l:  0.1742 | Val e:  86.16 , Val l: 1.0307 | Test e:  66.31 
| Epoch  181 | Train e:  96.31, T l:  0.1686 | Val e:  86.43 , Val l: 0.9754 | Test e:  66.37 
| Epoch  182 | Train e:  96.30, T l:  0.1697 | Val e:  86.00 , Val l: 1.0844 | Test e:  66.16 
| Epoch  183 | Train e:  96.19, T l:  0.1739 | Val e:  86.23 , Val l: 1.0740 | Test e:  66.21 
| Epoch  184 | Train e:  95.80, T l:  0.1786 | Val e:  86.47 , Val l: 0.9521 | Test e:  66.33 
| Epoch  185 | Train e:  96.43, T l:  0.1729 | Val e:  86.58 , Val l: 0.9793 | Test e:  66.31 
| Epoch  186 | Train e:  96.38, T l:  0.1803 | Val e:  86.54 , Val l: 1.0338 | Test e:  66.28 
| Epoch  187 | Train e:  96.26, T l:  0.1685 | Val e:  86.87 , Val l: 0.9954 | Test e:  66.29 
| Epoch  188 | Train e:  96.42, T l:  0.1666 | Val e:  86.71 , Val l: 0.9644 | Test e:  66.31 
| Epoch  189 | Train e:  96.41, T l:  0.1693 | Val e:  87.03 , Val l: 0.9175 | Test e:  66.33 
| Epoch  190 | Train e:  96.26, T l:  0.1750 | Val e:  86.64 , Val l: 1.0066 | Test e:  66.32 
| Epoch  191 | Train e:  96.38, T l:  0.1708 | Val e:  86.81 , Val l: 0.9642 | Test e:  66.28 
| Epoch  192 | Train e:  96.58, T l:  0.1738 | Val e:  86.79 , Val l: 0.9489 | Test e:  66.25 
| Epoch  193 | Train e:  96.30, T l:  0.1702 | Val e:  86.88 , Val l: 0.9720 | Test e:  66.31 
| Epoch  194 | Train e:  96.46, T l:  0.1722 | Val e:  86.96 , Val l: 0.9803 | Test e:  66.31 
| Epoch  195 | Train e:  96.03, T l:  0.1751 | Val e:  86.85 , Val l: 0.9620 | Test e:  66.30 
| Epoch  196 | Train e:  96.63, T l:  0.1748 | Val e:  86.83 , Val l: 0.9380 | Test e:  66.31 
| Epoch  197 | Train e:  96.43, T l:  0.1679 | Val e:  86.76 , Val l: 0.9625 | Test e:  66.30 
| Epoch  198 | Train e:  96.40, T l:  0.1724 | Val e:  86.70 , Val l: 0.9648 | Test e:  66.28 
| Epoch  199 | Train e:  96.53, T l:  0.1677 | Val e:  86.68 , Val l: 0.9731 | Test e:  66.29 
