

===============================================
2022-12-19 10:43:09

main_g.py --batch-size 64 --lr 0.0001 --warmup 50 --scheduler-type linear --seeds 314159 --device 0

None

dataset: ogbg-molbbbp
use_node_attr: False
pre_transform: None
transform: None
clean_cache: False
use_public_splits: True
use_val: True
use_val_loss: True
same_best_epoch: False
early_stop: False
scheduler_type: linear
epochs: 200
warmup: 50
batch_size: 64
lr: 0.0001
weight_decay: 0.0001
seeds: 314159
save_state: False
transformer_dropout: 0.1



| Epoch    0 | Train e:  46.18, T l:  1.3086 | Val e:  33.33 , Val l: 0.7976 | Test e:  50.46 
| Epoch    1 | Train e:  46.76, T l:  1.1531 | Val e:  33.88 , Val l: 0.7227 | Test e:  51.00 
| Epoch    2 | Train e:  47.87, T l:  0.8914 | Val e:  35.14 , Val l: 0.6951 | Test e:  52.36 
| Epoch    3 | Train e:  49.32, T l:  0.6502 | Val e:  36.99 , Val l: 0.8076 | Test e:  54.21 
| Epoch    4 | Train e:  51.01, T l:  0.5125 | Val e:  39.81 , Val l: 1.0020 | Test e:  55.88 
| Epoch    5 | Train e:  52.85, T l:  0.4593 | Val e:  43.14 , Val l: 1.1587 | Test e:  57.40 
| Epoch    6 | Train e:  54.69, T l:  0.4473 | Val e:  46.32 , Val l: 1.2338 | Test e:  58.30 
| Epoch    7 | Train e:  56.83, T l:  0.4436 | Val e:  49.98 , Val l: 1.2543 | Test e:  59.30 
| Epoch    8 | Train e:  59.71, T l:  0.4468 | Val e:  55.25 , Val l: 1.2591 | Test e:  59.99 
| Epoch    9 | Train e:  62.68, T l:  0.4436 | Val e:  61.17 , Val l: 1.2480 | Test e:  60.53 
| Epoch   10 | Train e:  65.44, T l:  0.4393 | Val e:  66.19 , Val l: 1.2442 | Test e:  60.51 
| Epoch   11 | Train e:  68.13, T l:  0.4456 | Val e:  71.03 , Val l: 1.2272 | Test e:  61.78 
| Epoch   12 | Train e:  70.01, T l:  0.4397 | Val e:  74.49 , Val l: 1.2157 | Test e:  61.90 
| Epoch   13 | Train e:  71.72, T l:  0.4369 | Val e:  77.32 , Val l: 1.1881 | Test e:  62.45 
| Epoch   14 | Train e:  73.04, T l:  0.4335 | Val e:  79.51 , Val l: 1.2069 | Test e:  63.34 
| Epoch   15 | Train e:  73.57, T l:  0.4323 | Val e:  80.56 , Val l: 1.1404 | Test e:  62.67 
| Epoch   16 | Train e:  74.10, T l:  0.4302 | Val e:  81.39 , Val l: 1.1460 | Test e:  62.67 
| Epoch   17 | Train e:  75.06, T l:  0.4258 | Val e:  82.28 , Val l: 1.0908 | Test e:  63.15 
| Epoch   18 | Train e:  75.77, T l:  0.4283 | Val e:  83.01 , Val l: 1.0588 | Test e:  63.44 
| Epoch   19 | Train e:  76.34, T l:  0.4201 | Val e:  84.04 , Val l: 1.0619 | Test e:  63.30 
| Epoch   20 | Train e:  76.88, T l:  0.4156 | Val e:  84.84 , Val l: 0.9769 | Test e:  63.02 
| Epoch   21 | Train e:  77.79, T l:  0.4129 | Val e:  86.23 , Val l: 1.0061 | Test e:  63.69 
| Epoch   22 | Train e:  78.36, T l:  0.4075 | Val e:  87.11 , Val l: 0.9493 | Test e:  64.26 
| Epoch   23 | Train e:  79.17, T l:  0.4041 | Val e:  87.98 , Val l: 0.7900 | Test e:  64.37 
| Epoch   24 | Train e:  79.85, T l:  0.3918 | Val e:  89.32 , Val l: 0.9378 | Test e:  64.68 
| Epoch   25 | Train e:  80.38, T l:  0.3860 | Val e:  89.38 , Val l: 0.8533 | Test e:  64.83 
| Epoch   26 | Train e:  80.89, T l:  0.3822 | Val e:  89.46 , Val l: 0.6887 | Test e:  64.70 
| Epoch   27 | Train e:  81.38, T l:  0.3756 | Val e:  88.87 , Val l: 0.9095 | Test e:  64.69 
| Epoch   28 | Train e:  81.83, T l:  0.3652 | Val e:  89.03 , Val l: 0.6944 | Test e:  64.61 
| Epoch   29 | Train e:  82.12, T l:  0.3625 | Val e:  89.33 , Val l: 0.7858 | Test e:  64.71 
| Epoch   30 | Train e:  82.40, T l:  0.3531 | Val e:  89.07 , Val l: 0.7767 | Test e:  64.53 
| Epoch   31 | Train e:  83.27, T l:  0.3609 | Val e:  89.37 , Val l: 0.7158 | Test e:  64.72 
| Epoch   32 | Train e:  83.57, T l:  0.3505 | Val e:  89.63 , Val l: 0.5393 | Test e:  64.12 
| Epoch   33 | Train e:  84.04, T l:  0.3431 | Val e:  89.78 , Val l: 0.7267 | Test e:  64.44 
| Epoch   34 | Train e:  84.19, T l:  0.3408 | Val e:  89.02 , Val l: 0.7721 | Test e:  63.95 
| Epoch   35 | Train e:  85.17, T l:  0.3406 | Val e:  90.09 , Val l: 0.5722 | Test e:  64.33 
| Epoch   36 | Train e:  85.39, T l:  0.3323 | Val e:  90.13 , Val l: 0.4923 | Test e:  63.75 
| Epoch   37 | Train e:  85.97, T l:  0.3247 | Val e:  90.51 , Val l: 0.5034 | Test e:  63.96 
| Epoch   38 | Train e:  86.26, T l:  0.3241 | Val e:  90.07 , Val l: 0.8355 | Test e:  64.19 
| Epoch   39 | Train e:  86.66, T l:  0.3325 | Val e:  90.65 , Val l: 0.5127 | Test e:  64.07 
| Epoch   40 | Train e:  86.97, T l:  0.3197 | Val e:  91.10 , Val l: 0.5240 | Test e:  64.18 
| Epoch   41 | Train e:  87.33, T l:  0.3127 | Val e:  91.12 , Val l: 0.4566 | Test e:  63.89 
| Epoch   42 | Train e:  87.75, T l:  0.3115 | Val e:  90.76 , Val l: 0.5282 | Test e:  64.02 
| Epoch   43 | Train e:  88.24, T l:  0.3212 | Val e:  90.58 , Val l: 0.5702 | Test e:  64.32 
| Epoch   44 | Train e:  88.55, T l:  0.3088 | Val e:  91.86 , Val l: 0.4640 | Test e:  64.31 
| Epoch   45 | Train e:  88.94, T l:  0.3013 | Val e:  91.33 , Val l: 0.4940 | Test e:  64.03 
| Epoch   46 | Train e:  89.12, T l:  0.3038 | Val e:  91.63 , Val l: 0.6476 | Test e:  64.62 
| Epoch   47 | Train e:  89.80, T l:  0.2978 | Val e:  91.79 , Val l: 0.5529 | Test e:  64.40 
| Epoch   48 | Train e:  89.74, T l:  0.2906 | Val e:  91.83 , Val l: 0.4763 | Test e:  63.49 
| Epoch   49 | Train e:  89.68, T l:  0.2853 | Val e:  91.74 , Val l: 0.4235 | Test e:  63.43 
| Epoch   50 | Train e:  90.66, T l:  0.2948 | Val e:  91.93 , Val l: 0.7253 | Test e:  65.33 
| Epoch   51 | Train e:  90.42, T l:  0.2800 | Val e:  91.99 , Val l: 0.5068 | Test e:  64.23 
| Epoch   52 | Train e:  90.99, T l:  0.2851 | Val e:  91.74 , Val l: 0.5966 | Test e:  64.88 
| Epoch   53 | Train e:  91.04, T l:  0.2725 | Val e:  92.13 , Val l: 0.4451 | Test e:  64.72 
| Epoch   54 | Train e:  91.47, T l:  0.2695 | Val e:  91.60 , Val l: 0.5741 | Test e:  64.81 
| Epoch   55 | Train e:  91.37, T l:  0.2619 | Val e:  90.24 , Val l: 1.1052 | Test e:  66.06 
| Epoch   56 | Train e:  92.00, T l:  0.2745 | Val e:  92.23 , Val l: 0.5680 | Test e:  65.98 
| Epoch   57 | Train e:  92.18, T l:  0.2596 | Val e:  92.32 , Val l: 0.6142 | Test e:  66.26 
| Epoch   58 | Train e:  92.43, T l:  0.2639 | Val e:  91.85 , Val l: 0.7501 | Test e:  66.33 
| Epoch   59 | Train e:  92.61, T l:  0.2683 | Val e:  91.56 , Val l: 0.7088 | Test e:  66.67 
| Epoch   60 | Train e:  92.44, T l:  0.2617 | Val e:  91.75 , Val l: 0.7274 | Test e:  66.30 
| Epoch   61 | Train e:  92.63, T l:  0.2621 | Val e:  90.88 , Val l: 0.8274 | Test e:  67.10 
| Epoch   62 | Train e:  92.59, T l:  0.2754 | Val e:  91.80 , Val l: 0.7323 | Test e:  66.71 
| Epoch   63 | Train e:  92.72, T l:  0.2677 | Val e:  91.73 , Val l: 0.6855 | Test e:  66.95 
| Epoch   64 | Train e:  92.98, T l:  0.2582 | Val e:  92.03 , Val l: 0.5640 | Test e:  66.38 
| Epoch   65 | Train e:  92.68, T l:  0.2551 | Val e:  91.86 , Val l: 0.4326 | Test e:  65.45 
| Epoch   66 | Train e:  92.92, T l:  0.2471 | Val e:  92.02 , Val l: 0.4796 | Test e:  65.52 
| Epoch   67 | Train e:  93.15, T l:  0.2515 | Val e:  91.29 , Val l: 0.6563 | Test e:  66.44 
| Epoch   68 | Train e:  93.38, T l:  0.2497 | Val e:  92.21 , Val l: 0.5294 | Test e:  66.28 
| Epoch   69 | Train e:  93.37, T l:  0.2471 | Val e:  91.97 , Val l: 0.4761 | Test e:  65.92 
| Epoch   70 | Train e:  93.28, T l:  0.2374 | Val e:  92.30 , Val l: 0.4035 | Test e:  65.85 
| Epoch   71 | Train e:  93.82, T l:  0.2413 | Val e:  91.63 , Val l: 0.7175 | Test e:  67.30 
| Epoch   72 | Train e:  93.92, T l:  0.2465 | Val e:  92.08 , Val l: 0.5163 | Test e:  66.66 
| Epoch   73 | Train e:  94.02, T l:  0.2385 | Val e:  92.11 , Val l: 0.5801 | Test e:  67.11 
| Epoch   74 | Train e:  93.88, T l:  0.2424 | Val e:  92.38 , Val l: 0.4244 | Test e:  66.58 
| Epoch   75 | Train e:  94.06, T l:  0.2373 | Val e:  92.23 , Val l: 0.5039 | Test e:  67.14 
| Epoch   76 | Train e:  94.20, T l:  0.2328 | Val e:  91.86 , Val l: 0.4996 | Test e:  66.91 
| Epoch   77 | Train e:  93.88, T l:  0.2325 | Val e:  92.01 , Val l: 0.4165 | Test e:  65.96 
| Epoch   78 | Train e:  94.16, T l:  0.2427 | Val e:  92.25 , Val l: 0.4618 | Test e:  68.19 
| Epoch   79 | Train e:  93.71, T l:  0.2248 | Val e:  92.27 , Val l: 0.4560 | Test e:  67.23 
| Epoch   80 | Train e:  94.55, T l:  0.2224 | Val e:  92.13 , Val l: 0.6021 | Test e:  68.16 
| Epoch   81 | Train e:  94.60, T l:  0.2334 | Val e:  92.40 , Val l: 0.5586 | Test e:  68.75 
| Epoch   82 | Train e:  94.57, T l:  0.2333 | Val e:  92.22 , Val l: 0.5229 | Test e:  69.09 
| Epoch   83 | Train e:  94.60, T l:  0.2294 | Val e:  92.10 , Val l: 0.5370 | Test e:  67.77 
| Epoch   84 | Train e:  94.58, T l:  0.2251 | Val e:  92.12 , Val l: 0.5179 | Test e:  67.55 
| Epoch   85 | Train e:  94.61, T l:  0.2358 | Val e:  92.01 , Val l: 0.4639 | Test e:  67.90 
| Epoch   86 | Train e:  94.42, T l:  0.2332 | Val e:  91.80 , Val l: 0.5147 | Test e:  67.08 
| Epoch   87 | Train e:  94.50, T l:  0.2328 | Val e:  92.07 , Val l: 0.4723 | Test e:  67.75 
| Epoch   88 | Train e:  94.73, T l:  0.2202 | Val e:  92.34 , Val l: 0.4661 | Test e:  67.68 
| Epoch   89 | Train e:  94.85, T l:  0.2091 | Val e:  92.18 , Val l: 0.5236 | Test e:  68.37 
| Epoch   90 | Train e:  94.69, T l:  0.2276 | Val e:  91.89 , Val l: 0.6331 | Test e:  68.95 
| Epoch   91 | Train e:  95.01, T l:  0.2231 | Val e:  92.04 , Val l: 0.5391 | Test e:  68.30 
| Epoch   92 | Train e:  94.96, T l:  0.2201 | Val e:  92.25 , Val l: 0.5195 | Test e:  68.65 
| Epoch   93 | Train e:  94.99, T l:  0.2233 | Val e:  92.36 , Val l: 0.5524 | Test e:  68.92 
| Epoch   94 | Train e:  94.98, T l:  0.2121 | Val e:  92.24 , Val l: 0.4769 | Test e:  67.49 
| Epoch   95 | Train e:  94.89, T l:  0.2169 | Val e:  92.46 , Val l: 0.4512 | Test e:  67.68 
| Epoch   96 | Train e:  95.10, T l:  0.2112 | Val e:  91.99 , Val l: 0.5247 | Test e:  68.32 
| Epoch   97 | Train e:  95.14, T l:  0.2122 | Val e:  92.06 , Val l: 0.6017 | Test e:  69.14 
| Epoch   98 | Train e:  95.21, T l:  0.2165 | Val e:  92.09 , Val l: 0.4424 | Test e:  67.88 
| Epoch   99 | Train e:  95.32, T l:  0.2105 | Val e:  92.10 , Val l: 0.5603 | Test e:  68.77 
| Epoch  100 | Train e:  95.25, T l:  0.2142 | Val e:  92.33 , Val l: 0.5682 | Test e:  69.34 
| Epoch  101 | Train e:  95.36, T l:  0.2074 | Val e:  92.34 , Val l: 0.5019 | Test e:  68.96 
| Epoch  102 | Train e:  95.32, T l:  0.2062 | Val e:  92.10 , Val l: 0.4982 | Test e:  68.12 
| Epoch  103 | Train e:  95.36, T l:  0.2035 | Val e:  92.06 , Val l: 0.4627 | Test e:  68.11 
| Epoch  104 | Train e:  95.35, T l:  0.2018 | Val e:  92.20 , Val l: 0.6228 | Test e:  69.38 
| Epoch  105 | Train e:  95.52, T l:  0.2068 | Val e:  92.29 , Val l: 0.5452 | Test e:  69.19 
| Epoch  106 | Train e:  95.50, T l:  0.2078 | Val e:  91.86 , Val l: 0.5198 | Test e:  68.41 
| Epoch  107 | Train e:  95.51, T l:  0.2044 | Val e:  92.02 , Val l: 0.5376 | Test e:  68.99 
| Epoch  108 | Train e:  95.43, T l:  0.2091 | Val e:  92.40 , Val l: 0.4270 | Test e:  67.88 
| Epoch  109 | Train e:  95.48, T l:  0.2069 | Val e:  92.51 , Val l: 0.4646 | Test e:  68.42 
| Epoch  110 | Train e:  95.46, T l:  0.2051 | Val e:  91.98 , Val l: 0.4291 | Test e:  67.61 
| Epoch  111 | Train e:  95.68, T l:  0.2310 | Val e:  92.56 , Val l: 0.5100 | Test e:  69.83 
| Epoch  112 | Train e:  95.71, T l:  0.2065 | Val e:  92.42 , Val l: 0.5001 | Test e:  69.16 
| Epoch  113 | Train e:  95.68, T l:  0.2031 | Val e:  92.69 , Val l: 0.4720 | Test e:  68.91 
| Epoch  114 | Train e:  95.70, T l:  0.2051 | Val e:  92.40 , Val l: 0.4763 | Test e:  68.95 
| Epoch  115 | Train e:  95.69, T l:  0.2051 | Val e:  92.35 , Val l: 0.4516 | Test e:  68.39 
| Epoch  116 | Train e:  95.72, T l:  0.2018 | Val e:  92.31 , Val l: 0.4569 | Test e:  68.47 
| Epoch  117 | Train e:  95.80, T l:  0.1958 | Val e:  92.25 , Val l: 0.5363 | Test e:  68.89 
| Epoch  118 | Train e:  95.55, T l:  0.1865 | Val e:  92.20 , Val l: 0.4188 | Test e:  67.59 
| Epoch  119 | Train e:  95.92, T l:  0.2012 | Val e:  92.33 , Val l: 0.4634 | Test e:  68.48 
| Epoch  120 | Train e:  95.96, T l:  0.1956 | Val e:  92.60 , Val l: 0.4851 | Test e:  69.02 
| Epoch  121 | Train e:  96.09, T l:  0.1921 | Val e:  92.49 , Val l: 0.5155 | Test e:  69.51 
| Epoch  122 | Train e:  96.01, T l:  0.1959 | Val e:  92.10 , Val l: 0.5256 | Test e:  69.29 
| Epoch  123 | Train e:  95.98, T l:  0.1978 | Val e:  91.92 , Val l: 0.6641 | Test e:  69.51 
| Epoch  124 | Train e:  96.06, T l:  0.1906 | Val e:  92.23 , Val l: 0.4927 | Test e:  68.78 
| Epoch  125 | Train e:  96.00, T l:  0.1963 | Val e:  92.36 , Val l: 0.5205 | Test e:  68.87 
| Epoch  126 | Train e:  96.12, T l:  0.1865 | Val e:  92.54 , Val l: 0.5308 | Test e:  69.43 
| Epoch  127 | Train e:  96.02, T l:  0.1897 | Val e:  91.88 , Val l: 0.6228 | Test e:  69.74 
| Epoch  128 | Train e:  96.16, T l:  0.1898 | Val e:  92.28 , Val l: 0.5309 | Test e:  68.86 
| Epoch  129 | Train e:  96.21, T l:  0.1889 | Val e:  92.21 , Val l: 0.5127 | Test e:  69.01 
| Epoch  130 | Train e:  96.08, T l:  0.1866 | Val e:  91.84 , Val l: 0.6438 | Test e:  69.73 
| Epoch  131 | Train e:  96.21, T l:  0.1922 | Val e:  92.24 , Val l: 0.4925 | Test e:  69.40 
| Epoch  132 | Train e:  96.28, T l:  0.1863 | Val e:  92.06 , Val l: 0.5071 | Test e:  69.20 
| Epoch  133 | Train e:  96.37, T l:  0.1953 | Val e:  92.29 , Val l: 0.4686 | Test e:  68.98 
| Epoch  134 | Train e:  96.30, T l:  0.1866 | Val e:  92.09 , Val l: 0.5528 | Test e:  69.69 
| Epoch  135 | Train e:  96.38, T l:  0.1877 | Val e:  92.17 , Val l: 0.5139 | Test e:  69.43 
| Epoch  136 | Train e:  95.97, T l:  0.1861 | Val e:  92.59 , Val l: 0.4085 | Test e:  67.86 
| Epoch  137 | Train e:  96.17, T l:  0.1906 | Val e:  91.91 , Val l: 0.5924 | Test e:  69.46 
| Epoch  138 | Train e:  96.32, T l:  0.1807 | Val e:  92.40 , Val l: 0.5927 | Test e:  69.92 
| Epoch  139 | Train e:  96.34, T l:  0.1983 | Val e:  92.27 , Val l: 0.4541 | Test e:  69.10 
| Epoch  140 | Train e:  96.44, T l:  0.1869 | Val e:  92.33 , Val l: 0.4813 | Test e:  69.28 
| Epoch  141 | Train e:  96.38, T l:  0.1859 | Val e:  92.30 , Val l: 0.4510 | Test e:  68.85 
| Epoch  142 | Train e:  96.32, T l:  0.1965 | Val e:  92.21 , Val l: 0.5570 | Test e:  69.95 
| Epoch  143 | Train e:  96.41, T l:  0.1879 | Val e:  92.80 , Val l: 0.5128 | Test e:  69.74 
| Epoch  144 | Train e:  96.38, T l:  0.1811 | Val e:  92.41 , Val l: 0.4579 | Test e:  68.98 
| Epoch  145 | Train e:  96.45, T l:  0.1865 | Val e:  92.36 , Val l: 0.4633 | Test e:  68.89 
| Epoch  146 | Train e:  96.49, T l:  0.1798 | Val e:  92.38 , Val l: 0.5661 | Test e:  69.88 
| Epoch  147 | Train e:  96.42, T l:  0.1837 | Val e:  92.20 , Val l: 0.5985 | Test e:  69.85 
| Epoch  148 | Train e:  96.55, T l:  0.1849 | Val e:  92.45 , Val l: 0.5028 | Test e:  69.30 
| Epoch  149 | Train e:  96.60, T l:  0.1768 | Val e:  92.55 , Val l: 0.4720 | Test e:  69.13 
| Epoch  150 | Train e:  96.59, T l:  0.1814 | Val e:  92.30 , Val l: 0.4981 | Test e:  69.70 
| Epoch  151 | Train e:  96.51, T l:  0.1829 | Val e:  92.41 , Val l: 0.5794 | Test e:  70.05 
| Epoch  152 | Train e:  96.48, T l:  0.1858 | Val e:  92.33 , Val l: 0.5161 | Test e:  69.42 
| Epoch  153 | Train e:  96.52, T l:  0.1828 | Val e:  92.47 , Val l: 0.4394 | Test e:  68.71 
| Epoch  154 | Train e:  96.61, T l:  0.1796 | Val e:  92.21 , Val l: 0.4694 | Test e:  69.03 
| Epoch  155 | Train e:  96.59, T l:  0.1804 | Val e:  92.23 , Val l: 0.4882 | Test e:  69.43 
| Epoch  156 | Train e:  96.60, T l:  0.1816 | Val e:  92.23 , Val l: 0.5113 | Test e:  69.61 
| Epoch  157 | Train e:  96.60, T l:  0.1755 | Val e:  92.20 , Val l: 0.5301 | Test e:  69.70 
| Epoch  158 | Train e:  96.71, T l:  0.1777 | Val e:  92.50 , Val l: 0.4668 | Test e:  69.65 
| Epoch  159 | Train e:  96.66, T l:  0.1790 | Val e:  92.24 , Val l: 0.4817 | Test e:  69.42 
| Epoch  160 | Train e:  96.64, T l:  0.1797 | Val e:  92.21 , Val l: 0.5946 | Test e:  70.19 
| Epoch  161 | Train e:  96.72, T l:  0.1822 | Val e:  92.23 , Val l: 0.5051 | Test e:  69.27 
| Epoch  162 | Train e:  96.74, T l:  0.1787 | Val e:  92.28 , Val l: 0.4875 | Test e:  69.32 
| Epoch  163 | Train e:  96.70, T l:  0.1792 | Val e:  92.11 , Val l: 0.5024 | Test e:  69.81 
| Epoch  164 | Train e:  96.43, T l:  0.1819 | Val e:  91.56 , Val l: 0.7615 | Test e:  70.45 
| Epoch  165 | Train e:  96.60, T l:  0.1914 | Val e:  92.01 , Val l: 0.6360 | Test e:  70.25 
| Epoch  166 | Train e:  96.66, T l:  0.1786 | Val e:  92.37 , Val l: 0.4606 | Test e:  69.28 
| Epoch  167 | Train e:  96.72, T l:  0.1739 | Val e:  92.36 , Val l: 0.5600 | Test e:  69.69 
| Epoch  168 | Train e:  96.78, T l:  0.1727 | Val e:  92.27 , Val l: 0.4768 | Test e:  69.29 
| Epoch  169 | Train e:  96.82, T l:  0.1796 | Val e:  92.19 , Val l: 0.4794 | Test e:  69.16 
| Epoch  170 | Train e:  96.84, T l:  0.1835 | Val e:  92.28 , Val l: 0.4804 | Test e:  69.49 
| Epoch  171 | Train e:  96.82, T l:  0.1761 | Val e:  92.29 , Val l: 0.4723 | Test e:  69.21 
| Epoch  172 | Train e:  96.75, T l:  0.1790 | Val e:  92.09 , Val l: 0.5857 | Test e:  70.37 
| Epoch  173 | Train e:  96.84, T l:  0.1791 | Val e:  92.29 , Val l: 0.5017 | Test e:  69.68 
| Epoch  174 | Train e:  96.81, T l:  0.1735 | Val e:  92.20 , Val l: 0.4954 | Test e:  69.66 
| Epoch  175 | Train e:  96.81, T l:  0.1685 | Val e:  92.18 , Val l: 0.4659 | Test e:  69.21 
| Epoch  176 | Train e:  96.84, T l:  0.1739 | Val e:  92.19 , Val l: 0.4932 | Test e:  69.45 
| Epoch  177 | Train e:  96.83, T l:  0.1733 | Val e:  92.15 , Val l: 0.5399 | Test e:  69.77 
| Epoch  178 | Train e:  96.79, T l:  0.1700 | Val e:  92.17 , Val l: 0.5878 | Test e:  70.19 
| Epoch  179 | Train e:  96.84, T l:  0.1694 | Val e:  92.25 , Val l: 0.4941 | Test e:  69.53 
| Epoch  180 | Train e:  96.84, T l:  0.1730 | Val e:  92.15 , Val l: 0.4974 | Test e:  69.52 
| Epoch  181 | Train e:  96.85, T l:  0.1751 | Val e:  92.18 , Val l: 0.5186 | Test e:  69.85 
| Epoch  182 | Train e:  96.85, T l:  0.1724 | Val e:  92.16 , Val l: 0.5462 | Test e:  69.91 
| Epoch  183 | Train e:  96.92, T l:  0.1722 | Val e:  92.13 , Val l: 0.4922 | Test e:  69.50 
| Epoch  184 | Train e:  96.88, T l:  0.1795 | Val e:  92.20 , Val l: 0.5572 | Test e:  70.21 
| Epoch  185 | Train e:  96.84, T l:  0.1685 | Val e:  92.13 , Val l: 0.5615 | Test e:  69.84 
| Epoch  186 | Train e:  96.89, T l:  0.1638 | Val e:  92.01 , Val l: 0.4937 | Test e:  69.54 
| Epoch  187 | Train e:  96.87, T l:  0.1654 | Val e:  92.08 , Val l: 0.5305 | Test e:  69.83 
| Epoch  188 | Train e:  96.92, T l:  0.1631 | Val e:  92.04 , Val l: 0.4873 | Test e:  69.33 
| Epoch  189 | Train e:  96.90, T l:  0.1669 | Val e:  92.12 , Val l: 0.5365 | Test e:  69.73 
| Epoch  190 | Train e:  96.91, T l:  0.1739 | Val e:  92.01 , Val l: 0.5081 | Test e:  69.68 
| Epoch  191 | Train e:  96.90, T l:  0.1645 | Val e:  92.08 , Val l: 0.5387 | Test e:  69.91 
| Epoch  192 | Train e:  96.91, T l:  0.1711 | Val e:  92.03 , Val l: 0.4987 | Test e:  69.55 
| Epoch  193 | Train e:  96.92, T l:  0.1651 | Val e:  92.01 , Val l: 0.5159 | Test e:  69.55 
| Epoch  194 | Train e:  96.91, T l:  0.1698 | Val e:  92.05 , Val l: 0.5180 | Test e:  69.69 
| Epoch  195 | Train e:  96.92, T l:  0.1670 | Val e:  92.00 , Val l: 0.5327 | Test e:  69.77 
| Epoch  196 | Train e:  96.92, T l:  0.1682 | Val e:  92.05 , Val l: 0.5194 | Test e:  69.70 
| Epoch  197 | Train e:  96.92, T l:  0.1686 | Val e:  92.11 , Val l: 0.5197 | Test e:  69.72 
| Epoch  198 | Train e:  96.92, T l:  0.1618 | Val e:  92.07 , Val l: 0.5188 | Test e:  69.69 
| Epoch  199 | Train e:  96.92, T l:  0.1739 | Val e:  92.08 , Val l: 0.5187 | Test e:  69.69 
