

===============================================
2022-12-19 10:59:30

main_t.py --batch-size 64 --lr 0.0001 --warmup 50 --scheduler-type linear --seeds 666 --device 0

None

dataset: ogbg-molbbbp
use_node_attr: False
pre_transform: None
transform: None
clean_cache: False
use_public_splits: True
use_val: True
use_val_loss: True
same_best_epoch: False
early_stop: False
scheduler_type: linear
epochs: 200
warmup: 50
batch_size: 64
lr: 0.0001
weight_decay: 0.0001
seeds: 666
save_state: False
transformer_dropout: 0.1



| Epoch    0 | Train e:  61.17, T l:  0.4590 | Val e:  73.45 , Val l: 0.8870 | Test e:  53.21 
| Epoch    1 | Train e:  61.62, T l:  0.4461 | Val e:  74.42 , Val l: 0.9739 | Test e:  53.12 
| Epoch    2 | Train e:  63.46, T l:  0.4379 | Val e:  75.14 , Val l: 1.0316 | Test e:  53.69 
| Epoch    3 | Train e:  66.99, T l:  0.4284 | Val e:  75.14 , Val l: 1.0276 | Test e:  55.16 
| Epoch    4 | Train e:  69.34, T l:  0.4199 | Val e:  75.29 , Val l: 1.0650 | Test e:  57.05 
| Epoch    5 | Train e:  72.30, T l:  0.4095 | Val e:  74.96 , Val l: 1.0879 | Test e:  58.80 
| Epoch    6 | Train e:  73.45, T l:  0.4032 | Val e:  75.56 , Val l: 1.1443 | Test e:  60.05 
| Epoch    7 | Train e:  74.93, T l:  0.3970 | Val e:  75.22 , Val l: 1.0878 | Test e:  61.15 
| Epoch    8 | Train e:  74.88, T l:  0.3895 | Val e:  75.84 , Val l: 1.1342 | Test e:  61.51 
| Epoch    9 | Train e:  77.30, T l:  0.3819 | Val e:  76.51 , Val l: 1.1286 | Test e:  62.10 
| Epoch   10 | Train e:  78.48, T l:  0.3784 | Val e:  77.50 , Val l: 1.1545 | Test e:  62.81 
| Epoch   11 | Train e:  79.29, T l:  0.3663 | Val e:  77.26 , Val l: 1.0865 | Test e:  63.51 
| Epoch   12 | Train e:  79.36, T l:  0.3701 | Val e:  77.65 , Val l: 1.0441 | Test e:  63.61 
| Epoch   13 | Train e:  80.13, T l:  0.3545 | Val e:  78.70 , Val l: 1.1480 | Test e:  64.04 
| Epoch   14 | Train e:  81.22, T l:  0.3491 | Val e:  78.25 , Val l: 1.0512 | Test e:  64.12 
| Epoch   15 | Train e:  81.98, T l:  0.3492 | Val e:  79.92 , Val l: 1.0600 | Test e:  64.40 
| Epoch   16 | Train e:  83.03, T l:  0.3483 | Val e:  81.59 , Val l: 1.0495 | Test e:  64.54 
| Epoch   17 | Train e:  82.52, T l:  0.3419 | Val e:  82.19 , Val l: 0.9403 | Test e:  64.85 
| Epoch   18 | Train e:  82.95, T l:  0.3341 | Val e:  82.01 , Val l: 0.9729 | Test e:  64.93 
| Epoch   19 | Train e:  83.39, T l:  0.3329 | Val e:  83.22 , Val l: 0.8498 | Test e:  65.22 
| Epoch   20 | Train e:  84.27, T l:  0.3341 | Val e:  84.38 , Val l: 1.0262 | Test e:  65.50 
| Epoch   21 | Train e:  84.43, T l:  0.3300 | Val e:  85.24 , Val l: 0.9885 | Test e:  65.59 
| Epoch   22 | Train e:  84.45, T l:  0.3222 | Val e:  85.29 , Val l: 0.9769 | Test e:  65.65 
| Epoch   23 | Train e:  85.01, T l:  0.3202 | Val e:  85.41 , Val l: 0.9495 | Test e:  65.65 
| Epoch   24 | Train e:  85.22, T l:  0.3159 | Val e:  85.24 , Val l: 0.7552 | Test e:  65.48 
| Epoch   25 | Train e:  84.65, T l:  0.3103 | Val e:  84.79 , Val l: 0.8163 | Test e:  65.60 
| Epoch   26 | Train e:  85.90, T l:  0.3157 | Val e:  86.16 , Val l: 0.9735 | Test e:  65.68 
| Epoch   27 | Train e:  85.61, T l:  0.3107 | Val e:  85.81 , Val l: 0.9202 | Test e:  65.56 
| Epoch   28 | Train e:  86.36, T l:  0.3046 | Val e:  86.33 , Val l: 0.9833 | Test e:  65.74 
| Epoch   29 | Train e:  86.16, T l:  0.3083 | Val e:  85.72 , Val l: 0.7954 | Test e:  65.45 
| Epoch   30 | Train e:  86.66, T l:  0.3036 | Val e:  85.70 , Val l: 0.8400 | Test e:  65.65 
| Epoch   31 | Train e:  86.94, T l:  0.3036 | Val e:  86.68 , Val l: 0.8140 | Test e:  65.61 
| Epoch   32 | Train e:  87.02, T l:  0.3093 | Val e:  86.89 , Val l: 0.8789 | Test e:  65.47 
| Epoch   33 | Train e:  87.09, T l:  0.2996 | Val e:  86.53 , Val l: 0.9216 | Test e:  65.54 
| Epoch   34 | Train e:  87.23, T l:  0.3024 | Val e:  85.54 , Val l: 0.7532 | Test e:  65.65 
| Epoch   35 | Train e:  87.52, T l:  0.3175 | Val e:  86.34 , Val l: 0.9859 | Test e:  65.62 
| Epoch   36 | Train e:  87.68, T l:  0.3160 | Val e:  86.27 , Val l: 1.1510 | Test e:  65.55 
| Epoch   37 | Train e:  87.72, T l:  0.2968 | Val e:  86.64 , Val l: 0.9579 | Test e:  65.55 
| Epoch   38 | Train e:  88.43, T l:  0.2882 | Val e:  86.26 , Val l: 0.9155 | Test e:  65.54 
| Epoch   39 | Train e:  88.10, T l:  0.2910 | Val e:  86.09 , Val l: 0.8530 | Test e:  65.43 
| Epoch   40 | Train e:  88.13, T l:  0.3002 | Val e:  87.68 , Val l: 1.1982 | Test e:  65.43 
| Epoch   41 | Train e:  88.11, T l:  0.3028 | Val e:  86.19 , Val l: 0.9178 | Test e:  65.28 
| Epoch   42 | Train e:  88.41, T l:  0.2931 | Val e:  86.40 , Val l: 1.0120 | Test e:  65.45 
| Epoch   43 | Train e:  88.56, T l:  0.2977 | Val e:  86.46 , Val l: 0.8312 | Test e:  65.30 
| Epoch   44 | Train e:  88.33, T l:  0.2906 | Val e:  84.75 , Val l: 0.8587 | Test e:  65.48 
| Epoch   45 | Train e:  89.22, T l:  0.2800 | Val e:  85.67 , Val l: 0.9657 | Test e:  65.34 
| Epoch   46 | Train e:  89.34, T l:  0.2863 | Val e:  84.15 , Val l: 0.9062 | Test e:  65.42 
| Epoch   47 | Train e:  89.24, T l:  0.2853 | Val e:  86.42 , Val l: 0.9605 | Test e:  65.30 
| Epoch   48 | Train e:  89.68, T l:  0.2763 | Val e:  84.21 , Val l: 0.7934 | Test e:  65.46 
| Epoch   49 | Train e:  89.74, T l:  0.2731 | Val e:  84.41 , Val l: 0.9753 | Test e:  65.47 
| Epoch   50 | Train e:  88.86, T l:  0.2775 | Val e:  84.34 , Val l: 0.8817 | Test e:  65.31 
| Epoch   51 | Train e:  89.58, T l:  0.2854 | Val e:  86.20 , Val l: 1.2083 | Test e:  64.96 
| Epoch   52 | Train e:  89.59, T l:  0.2801 | Val e:  84.87 , Val l: 1.0328 | Test e:  64.98 
| Epoch   53 | Train e:  89.94, T l:  0.2800 | Val e:  85.07 , Val l: 1.1346 | Test e:  65.39 
| Epoch   54 | Train e:  89.84, T l:  0.2754 | Val e:  86.06 , Val l: 0.8327 | Test e:  65.02 
| Epoch   55 | Train e:  90.18, T l:  0.2864 | Val e:  84.96 , Val l: 1.4209 | Test e:  65.35 
| Epoch   56 | Train e:  90.03, T l:  0.2885 | Val e:  84.83 , Val l: 0.7798 | Test e:  65.49 
| Epoch   57 | Train e:  90.18, T l:  0.2744 | Val e:  84.21 , Val l: 0.9474 | Test e:  65.75 
| Epoch   58 | Train e:  90.51, T l:  0.2659 | Val e:  84.08 , Val l: 0.9709 | Test e:  65.69 
| Epoch   59 | Train e:  90.45, T l:  0.2654 | Val e:  83.61 , Val l: 0.9050 | Test e:  65.64 
| Epoch   60 | Train e:  90.72, T l:  0.2729 | Val e:  83.27 , Val l: 0.9313 | Test e:  65.76 
| Epoch   61 | Train e:  90.94, T l:  0.2666 | Val e:  83.53 , Val l: 0.9223 | Test e:  65.96 
| Epoch   62 | Train e:  90.83, T l:  0.2625 | Val e:  83.95 , Val l: 0.9276 | Test e:  65.67 
| Epoch   63 | Train e:  91.03, T l:  0.2658 | Val e:  83.40 , Val l: 1.0001 | Test e:  65.87 
| Epoch   64 | Train e:  91.29, T l:  0.2594 | Val e:  82.66 , Val l: 0.8208 | Test e:  65.61 
| Epoch   65 | Train e:  90.86, T l:  0.2551 | Val e:  82.51 , Val l: 1.1088 | Test e:  65.14 
| Epoch   66 | Train e:  91.18, T l:  0.2625 | Val e:  82.18 , Val l: 0.7086 | Test e:  65.63 
| Epoch   67 | Train e:  91.70, T l:  0.2584 | Val e:  81.49 , Val l: 1.1109 | Test e:  65.91 
| Epoch   68 | Train e:  91.49, T l:  0.2576 | Val e:  84.26 , Val l: 0.9042 | Test e:  65.96 
| Epoch   69 | Train e:  91.41, T l:  0.2488 | Val e:  83.31 , Val l: 0.9619 | Test e:  65.74 
| Epoch   70 | Train e:  91.43, T l:  0.2539 | Val e:  83.24 , Val l: 0.8837 | Test e:  65.65 
| Epoch   71 | Train e:  91.70, T l:  0.2488 | Val e:  83.36 , Val l: 1.1557 | Test e:  65.51 
| Epoch   72 | Train e:  92.08, T l:  0.2493 | Val e:  82.03 , Val l: 0.8594 | Test e:  66.00 
| Epoch   73 | Train e:  92.14, T l:  0.2421 | Val e:  81.21 , Val l: 0.9414 | Test e:  65.72 
| Epoch   74 | Train e:  91.97, T l:  0.2431 | Val e:  82.87 , Val l: 0.7758 | Test e:  66.15 
| Epoch   75 | Train e:  92.38, T l:  0.2417 | Val e:  83.18 , Val l: 1.0635 | Test e:  65.99 
| Epoch   76 | Train e:  92.65, T l:  0.2434 | Val e:  81.78 , Val l: 0.8322 | Test e:  65.80 
| Epoch   77 | Train e:  92.51, T l:  0.2523 | Val e:  82.37 , Val l: 0.7130 | Test e:  66.26 
| Epoch   78 | Train e:  92.96, T l:  0.2626 | Val e:  81.79 , Val l: 1.2800 | Test e:  66.24 
| Epoch   79 | Train e:  92.59, T l:  0.2452 | Val e:  83.27 , Val l: 0.8443 | Test e:  66.29 
| Epoch   80 | Train e:  92.95, T l:  0.2344 | Val e:  84.13 , Val l: 1.0793 | Test e:  66.42 
| Epoch   81 | Train e:  92.77, T l:  0.2397 | Val e:  85.06 , Val l: 0.8697 | Test e:  66.21 
| Epoch   82 | Train e:  93.08, T l:  0.2308 | Val e:  83.57 , Val l: 0.8302 | Test e:  66.65 
| Epoch   83 | Train e:  92.68, T l:  0.2430 | Val e:  83.49 , Val l: 0.9058 | Test e:  66.19 
| Epoch   84 | Train e:  93.11, T l:  0.2298 | Val e:  83.91 , Val l: 0.8799 | Test e:  66.65 
| Epoch   85 | Train e:  93.14, T l:  0.2357 | Val e:  84.26 , Val l: 0.8345 | Test e:  66.24 
| Epoch   86 | Train e:  93.33, T l:  0.2322 | Val e:  83.93 , Val l: 0.9378 | Test e:  66.41 
| Epoch   87 | Train e:  92.94, T l:  0.2273 | Val e:  84.58 , Val l: 0.8467 | Test e:  66.16 
| Epoch   88 | Train e:  93.62, T l:  0.2221 | Val e:  83.56 , Val l: 0.9235 | Test e:  66.08 
| Epoch   89 | Train e:  93.40, T l:  0.2216 | Val e:  84.25 , Val l: 0.7774 | Test e:  66.58 
| Epoch   90 | Train e:  93.39, T l:  0.2234 | Val e:  82.84 , Val l: 1.2886 | Test e:  65.72 
| Epoch   91 | Train e:  93.61, T l:  0.2283 | Val e:  82.60 , Val l: 1.1652 | Test e:  65.93 
| Epoch   92 | Train e:  93.71, T l:  0.2216 | Val e:  83.31 , Val l: 0.9667 | Test e:  66.15 
| Epoch   93 | Train e:  93.59, T l:  0.2221 | Val e:  84.64 , Val l: 0.9207 | Test e:  66.47 
| Epoch   94 | Train e:  94.04, T l:  0.2150 | Val e:  85.32 , Val l: 0.8963 | Test e:  66.08 
| Epoch   95 | Train e:  94.16, T l:  0.2135 | Val e:  83.90 , Val l: 1.0720 | Test e:  66.08 
| Epoch   96 | Train e:  94.23, T l:  0.2136 | Val e:  86.09 , Val l: 0.8129 | Test e:  66.69 
| Epoch   97 | Train e:  93.42, T l:  0.2101 | Val e:  83.10 , Val l: 0.8431 | Test e:  66.09 
| Epoch   98 | Train e:  94.29, T l:  0.2086 | Val e:  85.13 , Val l: 0.7757 | Test e:  66.78 
| Epoch   99 | Train e:  94.21, T l:  0.2234 | Val e:  84.45 , Val l: 0.8828 | Test e:  66.45 
| Epoch  100 | Train e:  94.60, T l:  0.2170 | Val e:  85.05 , Val l: 0.9683 | Test e:  66.44 
| Epoch  101 | Train e:  94.76, T l:  0.2156 | Val e:  84.17 , Val l: 0.8861 | Test e:  66.18 
| Epoch  102 | Train e:  94.54, T l:  0.2151 | Val e:  84.86 , Val l: 0.9954 | Test e:  65.91 
| Epoch  103 | Train e:  94.95, T l:  0.2123 | Val e:  84.45 , Val l: 0.8817 | Test e:  66.48 
| Epoch  104 | Train e:  94.56, T l:  0.1998 | Val e:  85.57 , Val l: 0.8484 | Test e:  66.60 
| Epoch  105 | Train e:  94.59, T l:  0.1976 | Val e:  84.56 , Val l: 0.8307 | Test e:  66.52 
| Epoch  106 | Train e:  94.97, T l:  0.1967 | Val e:  84.99 , Val l: 1.0318 | Test e:  66.44 
| Epoch  107 | Train e:  95.20, T l:  0.2056 | Val e:  84.78 , Val l: 0.9635 | Test e:  66.65 
| Epoch  108 | Train e:  94.93, T l:  0.2000 | Val e:  84.49 , Val l: 0.8206 | Test e:  66.50 
| Epoch  109 | Train e:  94.79, T l:  0.1997 | Val e:  85.38 , Val l: 0.7705 | Test e:  66.66 
| Epoch  110 | Train e:  95.04, T l:  0.2042 | Val e:  84.98 , Val l: 0.9346 | Test e:  66.74 
| Epoch  111 | Train e:  95.19, T l:  0.1949 | Val e:  85.64 , Val l: 0.9034 | Test e:  66.53 
| Epoch  112 | Train e:  95.44, T l:  0.1933 | Val e:  85.57 , Val l: 0.7888 | Test e:  66.82 
| Epoch  113 | Train e:  95.31, T l:  0.2071 | Val e:  87.81 , Val l: 0.8947 | Test e:  66.72 
| Epoch  114 | Train e:  95.57, T l:  0.1986 | Val e:  86.03 , Val l: 0.9456 | Test e:  65.91 
| Epoch  115 | Train e:  95.57, T l:  0.1909 | Val e:  85.48 , Val l: 0.9895 | Test e:  65.63 
| Epoch  116 | Train e:  95.70, T l:  0.1877 | Val e:  86.05 , Val l: 0.8223 | Test e:  66.19 
| Epoch  117 | Train e:  95.56, T l:  0.1899 | Val e:  84.98 , Val l: 1.0827 | Test e:  65.57 
| Epoch  118 | Train e:  95.42, T l:  0.1893 | Val e:  86.55 , Val l: 0.8941 | Test e:  66.48 
| Epoch  119 | Train e:  95.48, T l:  0.1817 | Val e:  86.75 , Val l: 0.8009 | Test e:  66.61 
| Epoch  120 | Train e:  95.92, T l:  0.1846 | Val e:  85.82 , Val l: 0.9195 | Test e:  66.11 
| Epoch  121 | Train e:  95.52, T l:  0.1827 | Val e:  87.43 , Val l: 0.6659 | Test e:  66.61 
| Epoch  122 | Train e:  95.90, T l:  0.1812 | Val e:  84.97 , Val l: 1.0209 | Test e:  65.76 
| Epoch  123 | Train e:  96.08, T l:  0.1856 | Val e:  85.53 , Val l: 0.8717 | Test e:  65.78 
| Epoch  124 | Train e:  95.78, T l:  0.1765 | Val e:  85.71 , Val l: 0.8335 | Test e:  66.24 
| Epoch  125 | Train e:  95.96, T l:  0.1833 | Val e:  85.65 , Val l: 1.0525 | Test e:  65.90 
| Epoch  126 | Train e:  96.08, T l:  0.1906 | Val e:  85.41 , Val l: 0.9957 | Test e:  65.79 
| Epoch  127 | Train e:  96.10, T l:  0.1812 | Val e:  85.01 , Val l: 0.9581 | Test e:  65.87 
| Epoch  128 | Train e:  95.98, T l:  0.1825 | Val e:  86.33 , Val l: 0.7826 | Test e:  66.04 
| Epoch  129 | Train e:  96.00, T l:  0.1781 | Val e:  86.08 , Val l: 0.9067 | Test e:  66.09 
| Epoch  130 | Train e:  96.33, T l:  0.1743 | Val e:  86.23 , Val l: 0.9120 | Test e:  66.03 
| Epoch  131 | Train e:  96.31, T l:  0.1764 | Val e:  86.12 , Val l: 1.0080 | Test e:  65.80 
| Epoch  132 | Train e:  96.36, T l:  0.1749 | Val e:  85.39 , Val l: 0.9034 | Test e:  65.98 
| Epoch  133 | Train e:  96.33, T l:  0.1778 | Val e:  84.89 , Val l: 0.8941 | Test e:  65.72 
| Epoch  134 | Train e:  96.17, T l:  0.1675 | Val e:  86.00 , Val l: 0.7536 | Test e:  66.15 
| Epoch  135 | Train e:  96.35, T l:  0.1715 | Val e:  84.88 , Val l: 1.0626 | Test e:  65.14 
| Epoch  136 | Train e:  96.53, T l:  0.1706 | Val e:  85.29 , Val l: 0.9493 | Test e:  65.94 
| Epoch  137 | Train e:  96.86, T l:  0.1681 | Val e:  84.92 , Val l: 1.2414 | Test e:  65.71 
| Epoch  138 | Train e:  96.51, T l:  0.1649 | Val e:  86.47 , Val l: 0.9201 | Test e:  66.19 
| Epoch  139 | Train e:  96.52, T l:  0.1681 | Val e:  86.36 , Val l: 0.8935 | Test e:  65.89 
| Epoch  140 | Train e:  96.52, T l:  0.1643 | Val e:  85.64 , Val l: 1.0271 | Test e:  65.76 
| Epoch  141 | Train e:  96.34, T l:  0.1658 | Val e:  85.62 , Val l: 0.8141 | Test e:  65.46 
| Epoch  142 | Train e:  96.68, T l:  0.1597 | Val e:  85.69 , Val l: 0.8366 | Test e:  65.56 
| Epoch  143 | Train e:  96.73, T l:  0.1591 | Val e:  85.22 , Val l: 1.0647 | Test e:  65.08 
| Epoch  144 | Train e:  96.43, T l:  0.1634 | Val e:  86.62 , Val l: 0.7256 | Test e:  65.89 
| Epoch  145 | Train e:  96.85, T l:  0.1728 | Val e:  84.39 , Val l: 1.2306 | Test e:  64.93 
| Epoch  146 | Train e:  96.72, T l:  0.1806 | Val e:  86.20 , Val l: 0.7898 | Test e:  65.83 
| Epoch  147 | Train e:  96.86, T l:  0.1661 | Val e:  86.90 , Val l: 0.8324 | Test e:  65.96 
| Epoch  148 | Train e:  96.78, T l:  0.1611 | Val e:  87.56 , Val l: 0.8098 | Test e:  65.95 
| Epoch  149 | Train e:  97.05, T l:  0.1663 | Val e:  86.91 , Val l: 0.8642 | Test e:  65.93 
| Epoch  150 | Train e:  97.06, T l:  0.1576 | Val e:  85.94 , Val l: 0.9697 | Test e:  65.75 
| Epoch  151 | Train e:  96.91, T l:  0.1624 | Val e:  86.92 , Val l: 0.8443 | Test e:  65.73 
| Epoch  152 | Train e:  96.98, T l:  0.1590 | Val e:  86.48 , Val l: 0.8729 | Test e:  65.50 
| Epoch  153 | Train e:  96.97, T l:  0.1627 | Val e:  86.18 , Val l: 0.8854 | Test e:  65.68 
| Epoch  154 | Train e:  97.03, T l:  0.1620 | Val e:  85.84 , Val l: 0.9567 | Test e:  65.23 
| Epoch  155 | Train e:  97.03, T l:  0.1636 | Val e:  86.48 , Val l: 0.8287 | Test e:  65.52 
| Epoch  156 | Train e:  96.90, T l:  0.1571 | Val e:  87.23 , Val l: 0.6915 | Test e:  66.19 
| Epoch  157 | Train e:  96.94, T l:  0.1560 | Val e:  86.11 , Val l: 1.0371 | Test e:  65.58 
| Epoch  158 | Train e:  97.08, T l:  0.1568 | Val e:  86.73 , Val l: 0.8422 | Test e:  65.77 
| Epoch  159 | Train e:  97.02, T l:  0.1523 | Val e:  85.75 , Val l: 1.0088 | Test e:  65.55 
| Epoch  160 | Train e:  96.95, T l:  0.1612 | Val e:  85.17 , Val l: 1.0013 | Test e:  65.21 
| Epoch  161 | Train e:  97.06, T l:  0.1579 | Val e:  86.77 , Val l: 0.8061 | Test e:  65.72 
| Epoch  162 | Train e:  97.19, T l:  0.1634 | Val e:  87.32 , Val l: 0.7610 | Test e:  65.78 
| Epoch  163 | Train e:  96.97, T l:  0.1531 | Val e:  85.86 , Val l: 1.0069 | Test e:  65.48 
| Epoch  164 | Train e:  97.24, T l:  0.1564 | Val e:  85.51 , Val l: 0.9876 | Test e:  65.57 
| Epoch  165 | Train e:  97.18, T l:  0.1517 | Val e:  85.75 , Val l: 0.9436 | Test e:  65.41 
| Epoch  166 | Train e:  97.53, T l:  0.1496 | Val e:  85.12 , Val l: 1.0102 | Test e:  65.08 
| Epoch  167 | Train e:  97.40, T l:  0.1572 | Val e:  86.46 , Val l: 0.9073 | Test e:  65.50 
| Epoch  168 | Train e:  97.16, T l:  0.1581 | Val e:  85.80 , Val l: 1.0153 | Test e:  65.39 
| Epoch  169 | Train e:  97.21, T l:  0.1505 | Val e:  85.43 , Val l: 1.0211 | Test e:  64.87 
| Epoch  170 | Train e:  97.16, T l:  0.1508 | Val e:  86.08 , Val l: 0.9318 | Test e:  65.27 
| Epoch  171 | Train e:  97.34, T l:  0.1562 | Val e:  85.97 , Val l: 0.9528 | Test e:  65.04 
| Epoch  172 | Train e:  97.31, T l:  0.1499 | Val e:  85.83 , Val l: 0.8738 | Test e:  65.35 
| Epoch  173 | Train e:  97.40, T l:  0.1539 | Val e:  86.42 , Val l: 0.8873 | Test e:  65.34 
| Epoch  174 | Train e:  97.26, T l:  0.1469 | Val e:  86.84 , Val l: 0.8349 | Test e:  65.28 
| Epoch  175 | Train e:  97.37, T l:  0.1516 | Val e:  86.43 , Val l: 0.9853 | Test e:  65.13 
| Epoch  176 | Train e:  97.27, T l:  0.1492 | Val e:  86.44 , Val l: 0.9137 | Test e:  65.29 
| Epoch  177 | Train e:  97.45, T l:  0.1474 | Val e:  86.65 , Val l: 0.8511 | Test e:  65.24 
| Epoch  178 | Train e:  97.20, T l:  0.1399 | Val e:  85.51 , Val l: 1.0251 | Test e:  64.71 
| Epoch  179 | Train e:  97.34, T l:  0.1427 | Val e:  85.89 , Val l: 0.9374 | Test e:  64.90 
| Epoch  180 | Train e:  97.40, T l:  0.1472 | Val e:  85.88 , Val l: 0.9789 | Test e:  64.94 
| Epoch  181 | Train e:  97.54, T l:  0.1477 | Val e:  85.76 , Val l: 0.9854 | Test e:  64.81 
| Epoch  182 | Train e:  97.25, T l:  0.1495 | Val e:  86.16 , Val l: 0.9472 | Test e:  65.05 
| Epoch  183 | Train e:  97.27, T l:  0.1501 | Val e:  86.34 , Val l: 0.9072 | Test e:  65.15 
| Epoch  184 | Train e:  97.46, T l:  0.1424 | Val e:  86.31 , Val l: 0.9611 | Test e:  65.01 
| Epoch  185 | Train e:  97.48, T l:  0.1497 | Val e:  86.07 , Val l: 0.9625 | Test e:  64.86 
| Epoch  186 | Train e:  97.40, T l:  0.1457 | Val e:  86.23 , Val l: 0.9435 | Test e:  64.93 
| Epoch  187 | Train e:  97.28, T l:  0.1423 | Val e:  86.58 , Val l: 0.8944 | Test e:  65.07 
| Epoch  188 | Train e:  97.62, T l:  0.1410 | Val e:  86.23 , Val l: 0.9264 | Test e:  64.98 
| Epoch  189 | Train e:  97.46, T l:  0.1486 | Val e:  85.97 , Val l: 0.9931 | Test e:  64.82 
| Epoch  190 | Train e:  97.51, T l:  0.1453 | Val e:  86.68 , Val l: 0.8826 | Test e:  65.11 
| Epoch  191 | Train e:  97.49, T l:  0.1446 | Val e:  86.63 , Val l: 0.8984 | Test e:  65.03 
| Epoch  192 | Train e:  97.49, T l:  0.1421 | Val e:  86.51 , Val l: 0.9108 | Test e:  64.97 
| Epoch  193 | Train e:  97.47, T l:  0.1472 | Val e:  86.76 , Val l: 0.9019 | Test e:  65.03 
| Epoch  194 | Train e:  97.56, T l:  0.1459 | Val e:  86.68 , Val l: 0.9100 | Test e:  64.95 
| Epoch  195 | Train e:  97.43, T l:  0.1468 | Val e:  86.71 , Val l: 0.9019 | Test e:  65.01 
| Epoch  196 | Train e:  97.52, T l:  0.1407 | Val e:  86.74 , Val l: 0.8945 | Test e:  64.99 
| Epoch  197 | Train e:  97.47, T l:  0.1448 | Val e:  86.56 , Val l: 0.9236 | Test e:  65.04 
| Epoch  198 | Train e:  97.50, T l:  0.1469 | Val e:  86.70 , Val l: 0.9122 | Test e:  64.96 
| Epoch  199 | Train e:  97.49, T l:  0.1425 | Val e:  86.66 , Val l: 0.9160 | Test e:  64.97 
