

===============================================
2022-07-16 23:31:00

main.py --batch-size 64 --lr 0.0001 --warmup 50 --scheduler-type linear --seeds 2333 --device 0

None

dataset: ogbg-molbbbp
use_node_attr: False
pre_transform: None
transform: None
clean_cache: False
use_public_splits: True
use_val: True
use_val_loss: True
same_best_epoch: False
early_stop: False
scheduler_type: linear
epochs: 200
warmup: 50
batch_size: 64
lr: 0.0001
weight_decay: 0.0001
seeds: 2333
save_state: Fal

| 

| Epoch    1 | Train e:  41.92, T l:  0.9415 | Val e:  38.30 , Val l: 0.7002 | Test e:  43.| | | Epoch    2 | Train e:  35.83, T l:  0.8497 | Val e:  51.95 , Val l: 0.6986 | Test e:  42.| | | Epoch    3 | Train e:  41.26, T l:  0.6163 | Val e:  51.94 , Val l: 1.0085 | Test e:  42.| | | Epoch    4 | Train e:  43.29, T l:  0.4961 | Val e:  57.15 , Val l: 1.3852 | Test e:  43.| Ep| Epoch    5 | Train e:  46.42, T l:  0.4547 | Val e:  61.08 , Val l: 1.6251 | Test e:  44.| | | Epoch    6 | Train e:  49.48, T l:  0.4541 | Val e:  64.49 , Val l: 1.7240 | Test e:  45.| | | Epoch    7 | Train e:  57.27, T l:  0.4497 | Val e:  68.62 , Val l: 1.6902 | Test e:  48.| Ep| Epoch    8 | Train e:  63.37, T l:  0.4426 | Val e:  72.56 , Val l: 1.7198 | Test e:  51.| Ep| Epoch    9 | Train e:  57.99, T l:  0.4459 | Val e:  75.75 , Val l: 1.6008 | Test e:  51.| Ep| Epoch   10 | Train e:  63.00, T l:  0.4435 | Val e:  78.74 , Val l: 1.6430 | Test e:  52.| Ep| Epoch   11 | Train e:  67.17, T l:  0.4385 | Val e:  79.13 , Val l: 1.6162 | Test e:  54.| Ep| Epoch   12 | Train e:  70.77, T l:  0.4364 | Val e:  78.31 , Val l: 1.6258 | Test e:  55.| Ep| Epoch   13 | Train e:  71.80, T l:  0.4317 | Val e:  77.43 , Val l: 1.6436 | Test e:  57.| Ep| Epoch   14 | Train e:  75.63, T l:  0.4169 | Val e:  73.87 , Val l: 1.5036 | Test e:  62.| Ep| Epoch   15 | Train e:  76.13, T l:  0.4070 | Val e:  74.46 , Val l: 1.5664 | Test e:  63.| Ep| Epoch   16 | Train e:  77.01, T l:  0.4008 | Val e:  75.28 , Val l: 1.5078 | Test e:  64.| Ep| Epoch   17 | Train e:  77.40, T l:  0.3906 | Val e:  76.90 , Val l: 1.5655 | Test e:  64.| Ep| Epoch   18 | Train e:  77.84, T l:  0.3871 | Val e:  77.21 , Val l: 1.2604 | Test e:  64.| Ep| Epoch   19 | Train e:  78.52, T l:  0.3812 | Val e:  78.44 , Val l: 1.1918 | Test e:  64.| Ep| Epoch   20 | Train e:  79.87, T l:  0.3742 | Val e:  79.79 , Val l: 1.2467 | Test e:  65.| Ep| Epoch   21 | Train e:  80.91, T l:  0.3643 | Val e:  81.52 , Val l: 1.3869 | Test e:  65.| Ep| Epoch   22 | Train e:  81.88, T l:  0.3573 | Val e:  82.75 , Val l: 1.3933 | Test e:  64.| Ep| Epoch   23 | Train e:  82.46, T l:  0.3494 | Val e:  83.92 , Val l: 1.4278 | Test e:  64.| Ep| Epoch   24 | Train e:  82.84, T l:  0.3476 | Val e:  84.75 , Val l: 1.2242 | Test e:  64.| Ep| Epoch   25 | Train e:  83.70, T l:  0.3335 | Val e:  86.02 , Val l: 1.6287 | Test e:  64.| Ep| Epoch   26 | Train e:  83.75, T l:  0.3473 | Val e:  85.39 , Val l: 1.0096 | Test e:  64.| Ep| Epoch   27 | Train e:  84.80, T l:  0.3273 | Val e:  86.39 , Val l: 1.0899 | Test e:  64.| Ep| Epoch   28 | Train e:  84.73, T l:  0.3287 | Val e:  86.61 , Val l: 0.8618 | Test e:  64.| Ep| Epoch   29 | Train e:  85.66, T l:  0.3204 | Val e:  87.22 , Val l: 1.1670 | Test e:  63.| Ep| Epoch   30 | Train e:  86.58, T l:  0.3208 | Val e:  88.19 , Val l: 1.4742 | Test e:  63.| Ep| Epoch   31 | Train e:  85.36, T l:  0.3301 | Val e:  87.28 , Val l: 0.6973 | Test e:  63.| Ep| Epoch   32 | Train e:  86.10, T l:  0.3203 | Val e:  88.20 , Val l: 0.7826 | Test e:  63.| Ep| Epoch   33 | Train e:  86.71, T l:  0.3127 | Val e:  89.17 , Val l: 0.9027 | Test e:  63.| Ep| Epoch   34 | Train e:  86.82, T l:  0.3138 | Val e:  87.53 , Val l: 0.8541 | Test e:  63.| Ep| Epoch   35 | Train e:  87.57, T l:  0.3032 | Val e:  88.23 , Val l: 1.1256 | Test e:  63.| Ep| Epoch   36 | Train e:  88.07, T l:  0.3082 | Val e:  88.37 , Val l: 1.6481 | Test e:  63.| Ep| Epoch   37 | Train e:  87.89, T l:  0.3160 | Val e:  88.54 , Val l: 1.1316 | Test e:  63.| Ep| Epoch   38 | Train e:  88.16, T l:  0.2963 | Val e:  88.18 , Val l: 1.0667 | Test e:  63.| Ep| Epoch   39 | Train e:  88.35, T l:  0.2998 | Val e:  88.20 , Val l: 0.9615 | Test e:  63.| Ep| Epoch   40 | Train e:  88.76, T l:  0.2889 | Val e:  87.30 , Val l: 2.2283 | Test e:  63.| Ep| Epoch   41 | Train e:  88.70, T l:  0.3017 | Val e:  88.64 , Val l: 0.9516 | Test e:  64.| Ep| Epoch   42 | Train e:  88.99, T l:  0.2837 | Val e:  88.12 , Val l: 1.0405 | Test e:  64.| Ep| Epoch   43 | Train e:  88.30, T l:  0.2925 | Val e:  86.60 , Val l: 0.5683 | Test e:  63.| Ep| Epoch   44 | Train e:  89.59, T l:  0.3132 | Val e:  88.11 , Val l: 1.0703 | Test e:  64.| Ep| Epoch   45 | Train e:  89.35, T l:  0.2703 | Val e:  87.54 , Val l: 0.9033 | Test e:  64.| Ep| Epoch   46 | Train e:  89.58, T l:  0.2706 | Val e:  86.82 , Val l: 0.8003 | Test e:  64.| Ep| Epoch   47 | Train e:  90.25, T l:  0.2806 | Val e:  87.69 , Val l: 1.3165 | Test e:  64.| Ep| Ep| Epoch   48 | Train e:  91.53, T l:  0.2740 | Val e:  87.08 , Val l: 1.0557 | Test e: | Ep| Epoch   49 | Train e:  90.51, T l:  0.2777 | Val e:  87.61 , Val l: 1.0798 | Test e:  64.| Ep| Epoch   50 | Train e:  90.05, T l:  0.2835 | Val e:  88.08 , Val l: 0.7560 | Test e:  65.| Ep| Epoch   51 | Train e:  90.74, T l:  0.2682 | Val e:  86.11 , Val l: 1.3863 | Test e:  65.| Ep| Epoch   52 | Train e:  90.93, T l:  0.2623 | Val e:  87.31 , Val l: 1.1850 | Test e:  65.| Ep| Epoch   53 | Train e:  90.97, T l:  0.2688 | Val e:  86.88 , Val l: 0.9291 | Test e:  65.| Ep| Epoch   54 | Train e:  91.08, T l:  0.2843 | Val e:  85.98 , Val l: 0.7761 | Test e:  65.| Ep| Epoch   55 | Train e:  92.72, T l:  0.2456 | Val e:  86.52 , Val l: 1.2100 | Test e:  66.| Ep| Ep| Epoch   56 | Train e:  92.51, T l:  0.2465 | Val e:  86.37 , Val l: 1.7305 | Test e: | Ep| Ep| Epoch   57 | Train e:  93.14, T l:  0.2418 | Val e:  88.61 , Val l: 1.2242 | Test e: | Ep| Epoch   58 | Train e:  93.30, T l:  0.2565 | Val e:  88.18 , Val l: 0.8317 | Test e:  66.| Ep| Ep| Epoch   59 | Train e:  93.61, T l:  0.2396 | Val e:  90.94 , Val l: 0.9717 | Test e: | Ep| Ep| Epoch   60 | Train e:  93.72, T l:  0.2378 | Val e:  89.83 , Val l: 1.0324 | Test e: | Ep| Ep| Epoch   61 | Train e:  93.57, T l:  0.2429 | Val e:  87.67 , Val l: 1.4632 | Test e: | Ep| Ep| Epoch   62 | Train e:  93.59, T l:  0.2281 | Val e:  88.24 , Val l: 1.5814 | Test e: | Ep| Ep| Epoch   63 | Train e:  94.00, T l:  0.2513 | Val e:  89.17 , Val l: 1.1209 | Test e: | Ep| Ep| Epoch   64 | Train e:  93.92, T l:  0.2408 | Val e:  89.44 , Val l: 1.1459 | Test e: | Ep| Ep| Epoch   65 | Train e:  94.15, T l:  0.2355 | Val e:  90.42 , Val l: 0.8573 | Test e: | Ep| Ep| Epoch   66 | Train e:  94.31, T l:  0.2231 | Val e:  90.58 , Val l: 0.8362 | Test e: | Ep| Ep| Epoch   67 | Train e:  94.40, T l:  0.2190 | Val e:  90.78 , Val l: 0.7071 | Test e: | Ep| Epoch   68 | Train e:  93.26, T l:  0.2324 | Val e:  87.43 , Val l: 1.1397 | Test e:  68.| Ep| Epoch   69 | Train e:  93.46, T l:  0.2454 | Val e:  86.59 , Val l: 1.0522 | Test e:  67.| Ep| Epoch   70 | Train e:  93.64, T l:  0.2279 | Val e:  89.05 , Val l: 0.8483 | Test e:  68.| Ep| Epoch   71 | Train e:  93.95, T l:  0.2285 | Val e:  85.66 , Val l: 1.1689 | Test e:  68.| Ep| Epoch   72 | Train e:  94.08, T l:  0.2226 | Val e:  83.96 , Val l: 1.3972 | Test e:  68.| Ep| Epoch   73 | Train e:  94.07, T l:  0.2312 | Val e:  88.32 , Val l: 1.0271 | Test e:  68.| Ep| Epoch   74 | Train e:  93.98, T l:  0.2258 | Val e:  88.46 , Val l: 0.7725 | Test e:  68.| Ep| Epoch   75 | Train e:  94.45, T l:  0.2157 | Val e:  85.81 , Val l: 1.0221 | Test e:  68.| Ep| Epoch   76 | Train e:  94.60, T l:  0.2263 | Val e:  86.86 , Val l: 0.9516 | Test e:  69.| Ep| Epoch   77 | Train e:  94.43, T l:  0.2357 | Val e:  86.85 , Val l: 1.1119 | Test e:  69.| Ep| Epoch   78 | Train e:  94.47, T l:  0.2132 | Val e:  84.19 , Val l: 1.1634 | Test e:  68.| Ep| Epoch   79 | Train e:  93.85, T l:  0.2068 | Val e:  81.59 , Val l: 2.2107 | Test e:  69.| Ep| Epoch   80 | Train e:  94.77, T l:  0.2243 | Val e:  88.23 , Val l: 0.7117 | Test e:  69.| Ep| Epoch   81 | Train e:  94.39, T l:  0.2226 | Val e:  87.14 , Val l: 0.7193 | Test e:  68.| Ep| Epoch   82 | Train e:  94.61, T l:  0.2066 | Val e:  88.74 , Val l: 0.6917 | Test e:  68.| Ep| Epoch   83 | Train e:  95.00, T l:  0.2119 | Val e:  86.96 , Val l: 0.8895 | Test e:  68.| Ep| Epoch   84 | Train e:  94.91, T l:  0.2203 | Val e:  86.09 , Val l: 0.8561 | Test e:  68.| Ep| Epoch   85 | Train e:  94.93, T l:  0.2171 | Val e:  84.59 , Val l: 1.2582 | Test e:  68.| Ep| Epoch   86 | Train e:  94.93, T l:  0.2108 | Val e:  86.61 , Val l: 1.0020 | Test e:  68.| Ep| Epoch   87 | Train e:  94.12, T l:  0.2085 | Val e:  89.72 , Val l: 0.6405 | Test e:  68.| Ep| Epoch   88 | Train e:  94.91, T l:  0.2087 | Val e:  86.21 , Val l: 1.0897 | Test e:  69.| Ep| Epoch   89 | Train e:  95.20, T l:  0.2079 | Val e:  86.23 , Val l: 0.9562 | Test e:  69.| Ep| Epoch   90 | Train e:  91.95, T l:  0.2024 | Val e:  88.90 , Val l: 0.4796 | Test e:  66.| Ep| Epoch   91 | Train e:  95.12, T l:  0.2163 | Val e:  88.25 , Val l: 0.8072 | Test e:  69.| Ep| Epoch   92 | Train e:  95.30, T l:  0.2031 | Val e:  87.95 , Val l: 0.9247 | Test e:  69.| Ep| Epoch   93 | Train e:  95.50, T l:  0.2070 | Val e:  86.85 , Val l: 1.0287 | Test e:  69.| Ep| Epoch   94 | Train e:  95.68, T l:  0.1981 | Val e:  85.91 , Val l: 1.1425 | Test e:  69.| Ep| Epoch   95 | Train e:  95.50, T l:  0.1968 | Val e:  78.13 , Val l: 1.9843 | Test e:  67.| Ep| Epoch   96 | Train e:  95.57, T l:  0.2043 | Val e:  82.14 , Val l: 1.2649 | Test e:  68.| Ep| Ep| Epoch   97 | Train e:  96.16, T l:  0.1891 | Val e:  89.76 , Val l: 0.7715 | Test e: | Ep| Epoch   98 | Train e:  95.59, T l:  0.2047 | Val e:  84.45 , Val l: 1.0851 | Test e:  68.| Ep| Epoch   99 | Train e:  95.71, T l:  0.2062 | Val e:  86.28 , Val l: 0.9313 | Test e:  69.| Ep| Epoch  100 | Train e:  95.68, T l:  0.2106 | Val e:  87.44 , Val l: 0.9049 | Test e:  69.| Ep| Epoch  101 | Train e:  95.70, T l:  0.1939 | Val e:  87.21 , Val l: 0.8480 | Test e:  69.| Ep| Epoch  102 | Train e:  95.63, T l:  0.1952 | Val e:  83.62 , Val l: 1.2080 | Test e:  68.| Ep| Epoch  103 | Train e:  95.94, T l:  0.1889 | Val e:  86.44 , Val l: 1.0116 | Test e:  69.| Ep| Epoch  104 | Train e:  96.23, T l:  0.1953 | Val e:  88.08 , Val l: 1.0223 | Test e:  70.| Ep| Epoch  105 | Train e:  96.04, T l:  0.1856 | Val e:  84.32 , Val l: 1.0955 | Test e:  69.| Ep| Epoch  106 | Train e:  95.71, T l:  0.1883 | Val e:  85.26 , Val l: 0.9338 | Test e:  70.| Ep| Epoch  107 | Train e:  96.28, T l:  0.1758 | Val e:  84.04 , Val l: 1.6288 | Test e:  68.| Ep| Epoch  108 | Train e:  96.62, T l:  0.1977 | Val e:  84.42 , Val l: 1.4350 | Test e:  68.| Ep| Epoch  109 | Train e:  96.53, T l:  0.1887 | Val e:  85.56 , Val l: 1.5765 | Test e:  68.| Ep| Epoch  110 | Train e:  96.52, T l:  0.1865 | Val e:  88.12 , Val l: 0.8750 | Test e:  69.| Ep| Epoch  111 | Train e:  96.42, T l:  0.1846 | Val e:  87.23 , Val l: 1.2451 | Test e:  69.| Ep| Epoch  112 | Train e:  96.61, T l:  0.1855 | Val e:  90.72 , Val l: 0.6493 | Test e:  70.| Ep| Epoch  113 | Train e:  96.58, T l:  0.1784 | Val e:  87.35 , Val l: 1.1146 | Test e:  69.| Ep| Epoch  114 | Train e:  96.83, T l:  0.1805 | Val e:  87.04 , Val l: 1.1459 | Test e:  69.| Ep| Epoch  115 | Train e:  96.86, T l:  0.1727 | Val e:  87.91 , Val l: 1.0175 | Test e:  69.| Ep| Epoch  116 | Train e:  96.69, T l:  0.1761 | Val e:  89.27 , Val l: 0.8331 | Test e:  70.| Epoch  117 | Train e:  97.20, T l:  0.1682 | Val e:  89.27 , Val l: 0.8088 | Test e:  69.66 
| Epoch  118 | Train e:  96.50, T l:  0.1580 | Val e:  89.67 , Val l: 0.5773 | Test e:  70.07 
| Epoch  119 | Train e:  97.25, T l:  0.1743 | Val e:  89.20 , Val l: 0.8277 | Test e:  70.60 
| Epoch  120 | Train e:  97.22, T l:  0.1529 | Val e:  90.24 , Val l: 0.7995 | Test e:  69.90 
| Epoch  121 | Train e:  97.19, T l:  0.1687 | Val e:  90.01 , Val l: 0.5994 | Test e:  70.56 
| Epoch  122 | Train e:  97.37, T l:  0.1735 | Val e:  89.22 , Val l: 0.8266 | Test e:  69.91 
| Epoch  123 | Train e:  97.33, T l:  0.1712 | Val e:  89.67 , Val l: 0.7827 | Test e:  69.96 
| Epoch  124 | Train e:  97.23, T l:  0.1597 | Val e:  88.42 , Val l: 1.1331 | Test e:  68.92 
| Epoch  125 | Train e:  97.35, T l:  0.1545 | Val e:  89.92 , Val l: 0.7280 | Test e:  69.77 
| Epoch  126 | Train e:  97.36, T l:  0.1687 | Val e:  89.41 , Val l: 0.6975 | Test e:  69.70 
| Epoch  127 | Train e:  97.12, T l:  0.1709 | Val e:  90.31 , Val l: 0.6160 | Test e:  70.06 
| Epoch  128 | Train e:  97.46, T l:  0.1692 | Val e:  88.97 , Val l: 0.9567 | Test e:  69.47 
| Epoch  129 | Train e:  97.57, T l:  0.1542 | Val e:  89.89 , Val l: 0.8069 | Test e:  70.17 
| Ep| Epoch  130 | Train e:  96.95, T l:  0.1573 | Val e:  86.76 , Val l: 1.1606 | Test e:  68.| Epoch  131 | Train e:  97.38, T l:  0.1610 | Val e:  89.14 , Val l: 0.9466 | Test e:  69.52 
| Epoch  132 | Train e:  96.97, T l:  0.1770 | Val e:  89.65 , Val l: 0.6874 | Test e:  70.45 
| Epoch  133 | Train e:  97.61, T l:  0.1652 | Val e:  89.82 , Val l: 0.8697 | Test e:  69.87 
| Epoch  134 | Train e:  97.47, T l:  0.1731 | Val e:  90.43 , Val l: 0.6234 | Test e:  70.59 
| Epoch  135 | Train e:  97.49, T l:  0.1634 | Val e:  89.46 , Val l: 0.8225 | Test e:  69.77 
| Ep| Epoch  136 | Train e:  97.34, T l:  0.1666 | Val e:  86.85 , Val l: 1.0425 | Test e:  68.| Epoch  137 | Train e:  97.53, T l:  0.1561 | Val e:  90.39 , Val l: 0.7151 | Test e:  70.58 
| Ep| Epoch  138 | Train e:  97.33, T l:  0.1596 | Val e:  86.73 , Val l: 1.4325 | Test e:  68.| Ep| Epoch  139 | Train e:  97.25, T l:  0.1603 | Val e:  85.49 , Val l: 1.5905 | Test e:  68.| Ep| Epoch  140 | Train e:  97.33, T l:  0.1596 | Val e:  85.80 , Val l: 1.3066 | Test e:  68.| Ep| Epoch  141 | Train e:  97.41, T l:  0.1654 | Val e:  87.12 , Val l: 1.2247 | Test e:  68.| Ep| Epoch  142 | Train e:  97.39, T l:  0.1541 | Val e:  87.17 , Val l: 1.1928 | Test e:  68.| Ep| Epoch  143 | Train e:  96.79, T l:  0.1802 | Val e:  88.49 , Val l: 0.7556 | Test e:  69.| Ep| Epoch  144 | Train e:  97.45, T l:  0.1508 | Val e:  87.49 , Val l: 1.0112 | Test e:  69.| Ep| Epoch  145 | Train e:  96.87, T l:  0.1665 | Val e:  84.88 , Val l: 1.0399 | Test e:  69.| Ep| Epoch  146 | Train e:  97.08, T l:  0.1629 | Val e:  87.50 , Val l: 0.8381 | Test e:  69.| Ep| Epoch  147 | Train e:  97.06, T l:  0.1612 | Val e:  84.76 , Val l: 1.1727 | Test e:  69.| Epoch  148 | Train e:  97.83, T l:  0.1513 | Val e:  89.56 , Val l: 0.7948 | Test e:  70.65 
| Epoch  149 | Train e:  97.75, T l:  0.1456 | Val e:  89.94 , Val l: 0.7893 | Test e:  70.38 
| Epoch  150 | Train e:  97.77, T l:  0.1522 | Val e:  89.88 , Val l: 0.9216 | Test e:  70.24 
| Epoch  151 | Train e:  97.72, T l:  0.1477 | Val e:  88.80 , Val l: 0.9337 | Test e:  70.19 
| Epoch  152 | Train e:  97.95, T l:  0.1508 | Val e:  89.30 , Val l: 0.8793 | Test e:  70.57 
| Epoch  153 | Train e:  97.77, T l:  0.1473 | Val e:  89.68 , Val l: 0.7857 | Test e:  70.54 
| Epoch  154 | Train e:  97.85, T l:  0.1474 | Val e:  89.75 , Val l: 0.9157 | Test e:  70.14 
| Epoch  155 | Train e:  97.81, T l:  0.1453 | Val e:  89.24 , Val l: 0.9759 | Test e:  69.97 
| Epoch  156 | Train e:  97.95, T l:  0.1508 | Val e:  89.78 , Val l: 0.7779 | Test e:  70.41 
| Epoch  157 | Train e:  97.59, T l:  0.1583 | Val e:  90.16 , Val l: 0.6779 | Test e:  70.91 
| Epoch  158 | Train e:  97.98, T l:  0.1510 | Val e:  89.29 , Val l: 0.8717 | Test e:  70.16 
| Ep| Epoch  159 | Train e:  97.68, T l:  0.1565 | Val e:  85.34 , Val l: 1.4831 | Test e:  67.| Ep| Epoch  160 | Train e:  97.96, T l:  0.1571 | Val e:  88.12 , Val l: 1.0708 | Test e:  68.| Epoch  161 | Train e:  97.88, T l:  0.1430 | Val e:  90.17 , Val l: 0.7021 | Test e:  70.77 
| Epoch  162 | Train e:  97.91, T l:  0.1405 | Val e:  90.13 , Val l: 0.6839 | Test e:  70.76 
| Epoch  163 | Train e:  97.87, T l:  0.1406 | Val e:  90.12 , Val l: 0.7115 | Test e:  70.79 
| Epoch  164 | Train e:  97.95, T l:  0.1439 | Val e:  89.63 , Val l: 0.9302 | Test e:  69.69 
| Epoch  165 | Train e:  97.95, T l:  0.1484 | Val e:  89.96 , Val l: 0.9378 | Test e:  69.94 
| Epoch  166 | Train e:  97.96, T l:  0.1377 | Val e:  89.53 , Val l: 0.9272 | Test e:  69.87 
| Ep| Epoch  167 | Train e:  97.93, T l:  0.1471 | Val e:  85.09 , Val l: 1.4032 | Test e:  67.| Ep| Epoch  168 | Train e:  97.77, T l:  0.1549 | Val e:  86.25 , Val l: 1.3136 | Test e:  68.| Epoch  169 | Train e:  98.01, T l:  0.1461 | Val e:  90.39 , Val l: 0.7384 | Test e:  70.86 
| Ep| Epoch  170 | Train e:  97.84, T l:  0.1534 | Val e:  84.46 , Val l: 1.5226 | Test e:  67.| Epoch  171 | Train e:  97.97, T l:  0.1385 | Val e:  89.41 , Val l: 1.0180 | Test e:  69.86 
| Epoch  172 | Train e:  98.07, T l:  0.1471 | Val e:  89.65 , Val l: 0.7962 | Test e:  70.64 
| Epoch  173 | Train e:  97.89, T l:  0.1465 | Val e:  89.35 , Val l: 0.8299 | Test e:  70.25 
| Epoch  174 | Train e:  97.96, T l:  0.1403 | Val e:  89.59 , Val l: 0.7932 | Test e:  70.58 
| Epoch  175 | Train e:  98.00, T l:  0.1352 | Val e:  89.53 , Val l: 0.8761 | Test e:  70.06 
| Epoch  176 | Train e:  98.01, T l:  0.1368 | Val e:  89.86 , Val l: 0.7422 | Test e:  70.53 
| Epoch  177 | Train e:  97.91, T l:  0.1452 | Val e:  89.82 , Val l: 0.7160 | Test e:  70.89 
| Epoch  178 | Train e:  98.01, T l:  0.1387 | Val e:  89.48 , Val l: 0.7911 | Test e:  70.54 
| Epoch  179 | Train e:  97.96, T l:  0.1418 | Val e:  89.88 , Val l: 0.6997 | Test e:  70.76 
| Ep| Epoch  180 | Train e:  97.93, T l:  0.1349 | Val e:  87.31 , Val l: 1.0201 | Test e:  68.| Ep| Epoch  181 | Train e:  97.95, T l:  0.1392 | Val e:  87.10 , Val l: 1.0781 | Test e:  68.| Ep| Epoch  182 | Train e:  97.94, T l:  0.1343 | Val e:  87.63 , Val l: 1.0507 | Test e:  68.| Ep| Epoch  183 | Train e:  97.93, T l:  0.1478 | Val e:  86.54 , Val l: 1.2663 | Test e:  68.| Ep| Epoch  184 | Train e:  97.85, T l:  0.1462 | Val e:  86.62 , Val l: 1.1525 | Test e:  68.| Ep| Epoch  185 | Train e:  97.95, T l:  0.1491 | Val e:  86.57 , Val l: 1.2306 | Test e:  68.| Ep| Epoch  186 | Train e:  97.98, T l:  0.1466 | Val e:  86.85 , Val l: 1.1693 | Test e:  68.| Ep| Epoch  187 | Train e:  97.94, T l:  0.1468 | Val e:  86.30 , Val l: 1.2278 | Test e:  68.| Epoch  188 | Train e:  98.20, T l:  0.1304 | Val e:  89.99 , Val l: 0.8085 | Test e:  70.29 
| Epoch  189 | Train e:  98.21, T l:  0.1450 | Val e:  90.18 , Val l: 0.7517 | Test e:  70.52 
| Epoch  190 | Train e:  98.21, T l:  0.1317 | Val e:  89.78 , Val l: 0.8155 | Test e:  70.33 
| Epoch  191 | Train e:  98.16, T l:  0.1362 | Val e:  90.17 , Val l: 0.7660 | Test e:  70.55 
| Ep| Epoch  192 | Train e:  98.10, T l:  0.1328 | Val e:  87.28 , Val l: 1.1277 | Test e:  68.| Epoch  193 | Train e:  98.18, T l:  0.1368 | Val e:  90.14 , Val l: 0.7718 | Test e:  70.43 
| Epoch  194 | Train e:  98.12, T l:  0.1348 | Val e:  90.01 , Val l: 0.8179 | Test e:  70.18 
| Epoch  195 | Train e:  98.10, T l:  0.1424 | Val e:  89.95 , Val l: 0.7807 | Test e:  70.38 
| Epoch  196 | Train e:  98.25, T l:  0.1339 | Val e:  89.93 , Val l: 0.7716 | Test e:  70.46 
| Ep| Epoch  197 | Train e:  98.04, T l:  0.1275 | Val e:  86.97 , Val l: 1.1271 | Test e:  68.| Ep| Epoch  198 | Train e:  98.00, T l:  0.1449 | Val e:  86.84 , Val l: 1.1770 | Test e:  68.| Ep| Epoch  199 | Train e:  98.04, T l:  0.1375 | Val e:  86.75 , Val l: 1.1769 | Test e:  68.| Ep| Epoch  200 | Train e:  97.95, T l:  0.1411 | Val e:  86.77 , Val l: 1.1795 | Test e:  68.48 
35 
