

===============================================
2023-01-12 14:21:19

main_nm.py --n 2 --m 2 --device 0

None

dataset: ogbg-moltox21
use_val_loss: False
epochs: 200
scheduler: linear
warmup: 20
patience: 25
batch_size: 32
lr: 0.0001
weight_decay: 0.0001
clustering: False
masked_attention: True
gconv_dim: 256
tlayer_dim: 256
gconv_dropout: 0.5
tlayer_dropout: 0.5
num_layers: 8
num_heads: 8
skip_connection: none
readout: cls
seeds: 2023
save_state: False
n: 2
m: 2



| Epoch    0 | Train e:  47.60, T l:  0.5974 | Val e:  50.53 , Val l: 0.3264 | Test e:  47.51 
| Epoch    1 | Train e:  50.64, T l:  0.3197 | Val e:  55.67 , Val l: 0.3063 | Test e:  54.41 
| Epoch    2 | Train e:  56.24, T l:  0.2647 | Val e:  58.18 , Val l: 0.3117 | Test e:  56.93 
| Epoch    3 | Train e:  58.27, T l:  0.2522 | Val e:  60.45 , Val l: 0.3140 | Test e:  59.34 
| Epoch    4 | Train e:  59.78, T l:  0.2475 | Val e:  61.45 , Val l: 0.3155 | Test e:  59.62 
| Epoch    5 | Train e:  58.78, T l:  0.2452 | Val e:  61.12 , Val l: 0.3158 | Test e:  59.76 
| Epoch    6 | Train e:  60.35, T l:  0.2422 | Val e:  62.47 , Val l: 0.3014 | Test e:  61.58 
| Epoch    7 | Train e:  64.23, T l:  0.2357 | Val e:  63.26 , Val l: 0.3063 | Test e:  63.10 
| Epoch    8 | Train e:  66.22, T l:  0.2331 | Val e:  63.55 , Val l: 0.3015 | Test e:  63.88 
| Epoch    9 | Train e:  71.07, T l:  0.2288 | Val e:  67.27 , Val l: 0.2956 | Test e:  66.05 
| Epoch   10 | Train e:  72.34, T l:  0.2226 | Val e:  70.59 , Val l: 0.2987 | Test e:  69.18 
| Epoch   11 | Train e:  73.69, T l:  0.2154 | Val e:  70.99 , Val l: 0.3050 | Test e:  68.49 
| Epoch   12 | Train e:  74.30, T l:  0.2118 | Val e:  73.00 , Val l: 0.2839 | Test e:  69.42 
| Epoch   13 | Train e:  74.95, T l:  0.2099 | Val e:  73.47 , Val l: 0.2820 | Test e:  69.72 
| Epoch   14 | Train e:  75.73, T l:  0.2083 | Val e:  74.05 , Val l: 0.2765 | Test e:  71.28 
| Epoch   15 | Train e:  76.69, T l:  0.2066 | Val e:  75.72 , Val l: 0.2836 | Test e:  70.78 
| Epoch   16 | Train e:  77.26, T l:  0.2041 | Val e:  76.27 , Val l: 0.2827 | Test e:  72.56 
| Epoch   17 | Train e:  77.03, T l:  0.2043 | Val e:  75.97 , Val l: 0.2612 | Test e:  72.65 
| Epoch   18 | Train e:  77.85, T l:  0.2019 | Val e:  76.20 , Val l: 0.2659 | Test e:  72.79 
| Epoch   19 | Train e:  78.62, T l:  0.2021 | Val e:  76.60 , Val l: 0.2587 | Test e:  73.27 
| Epoch   20 | Train e:  78.68, T l:  0.1994 | Val e:  77.54 , Val l: 0.2598 | Test e:  73.46 
| Epoch   21 | Train e:  78.66, T l:  0.1974 | Val e:  77.31 , Val l: 0.2781 | Test e:  72.45 
| Epoch   22 | Train e:  79.97, T l:  0.1983 | Val e:  77.70 , Val l: 0.2522 | Test e:  74.28 
| Epoch   23 | Train e:  80.58, T l:  0.1960 | Val e:  77.62 , Val l: 0.2566 | Test e:  73.69 
| Epoch   24 | Train e:  80.89, T l:  0.1934 | Val e:  78.46 , Val l: 0.2578 | Test e:  74.40 
| Epoch   25 | Train e:  81.48, T l:  0.1935 | Val e:  78.55 , Val l: 0.2572 | Test e:  74.23 
| Epoch   26 | Train e:  81.74, T l:  0.1917 | Val e:  78.94 , Val l: 0.2589 | Test e:  74.58 
| Epoch   27 | Train e:  81.29, T l:  0.1917 | Val e:  78.78 , Val l: 0.2468 | Test e:  74.08 
| Epoch   28 | Train e:  81.98, T l:  0.1893 | Val e:  78.79 , Val l: 0.2675 | Test e:  73.29 
| Epoch   29 | Train e:  83.05, T l:  0.1876 | Val e:  79.40 , Val l: 0.2517 | Test e:  74.65 
| Epoch   30 | Train e:  82.55, T l:  0.1879 | Val e:  78.82 , Val l: 0.2667 | Test e:  73.82 
| Epoch   31 | Train e:  83.34, T l:  0.1882 | Val e:  79.03 , Val l: 0.2490 | Test e:  74.59 
| Epoch   32 | Train e:  84.31, T l:  0.1840 | Val e:  79.25 , Val l: 0.2547 | Test e:  75.67 
| Epoch   33 | Train e:  84.33, T l:  0.1836 | Val e:  79.49 , Val l: 0.2645 | Test e:  74.65 
| Epoch   34 | Train e:  85.18, T l:  0.1822 | Val e:  79.35 , Val l: 0.2619 | Test e:  75.31 
| Epoch   35 | Train e:  84.72, T l:  0.1818 | Val e:  79.16 , Val l: 0.2633 | Test e:  75.79 
| Epoch   36 | Train e:  85.07, T l:  0.1790 | Val e:  79.72 , Val l: 0.2448 | Test e:  75.39 
| Epoch   37 | Train e:  85.38, T l:  0.1809 | Val e:  79.75 , Val l: 0.2508 | Test e:  75.44 
| Epoch   38 | Train e:  85.52, T l:  0.1796 | Val e:  78.66 , Val l: 0.2511 | Test e:  74.37 
| Epoch   39 | Train e:  86.18, T l:  0.1787 | Val e:  79.91 , Val l: 0.2617 | Test e:  75.64 
| Epoch   40 | Train e:  86.67, T l:  0.1753 | Val e:  79.92 , Val l: 0.2491 | Test e:  76.18 
| Epoch   41 | Train e:  86.54, T l:  0.1762 | Val e:  78.70 , Val l: 0.2552 | Test e:  74.82 
| Epoch   42 | Train e:  86.42, T l:  0.1725 | Val e:  79.13 , Val l: 0.2688 | Test e:  75.66 
| Epoch   43 | Train e:  86.94, T l:  0.1740 | Val e:  80.08 , Val l: 0.2546 | Test e:  75.97 
| Epoch   44 | Train e:  87.44, T l:  0.1725 | Val e:  79.45 , Val l: 0.2522 | Test e:  75.92 
| Epoch   45 | Train e:  86.90, T l:  0.1716 | Val e:  80.20 , Val l: 0.2524 | Test e:  74.86 
| Epoch   46 | Train e:  87.02, T l:  0.1722 | Val e:  80.59 , Val l: 0.2493 | Test e:  76.16 
| Epoch   47 | Train e:  86.94, T l:  0.1707 | Val e:  79.53 , Val l: 0.2666 | Test e:  75.96 
| Epoch   48 | Train e:  87.51, T l:  0.1689 | Val e:  79.85 , Val l: 0.2662 | Test e:  76.55 
| Epoch   49 | Train e:  87.54, T l:  0.1680 | Val e:  79.99 , Val l: 0.2498 | Test e:  76.30 
| Epoch   50 | Train e:  87.64, T l:  0.1688 | Val e:  79.39 , Val l: 0.2494 | Test e:  76.83 
| Epoch   51 | Train e:  88.05, T l:  0.1688 | Val e:  79.08 , Val l: 0.2481 | Test e:  75.73 
| Epoch   52 | Train e:  87.87, T l:  0.1675 | Val e:  80.09 , Val l: 0.2504 | Test e:  76.73 
| Epoch   53 | Train e:  88.17, T l:  0.1668 | Val e:  79.88 , Val l: 0.2512 | Test e:  76.83 
| Epoch   54 | Train e:  88.08, T l:  0.1646 | Val e:  79.74 , Val l: 0.2504 | Test e:  76.28 
| Epoch   55 | Train e:  88.16, T l:  0.1633 | Val e:  79.69 , Val l: 0.2511 | Test e:  76.56 
| Epoch   56 | Train e:  88.50, T l:  0.1629 | Val e:  79.99 , Val l: 0.2432 | Test e:  76.74 
| Epoch   57 | Train e:  88.47, T l:  0.1644 | Val e:  79.86 , Val l: 0.2536 | Test e:  76.70 
| Epoch   58 | Train e:  88.76, T l:  0.1631 | Val e:  80.60 , Val l: 0.2581 | Test e:  76.85 
| Epoch   59 | Train e:  88.87, T l:  0.1634 | Val e:  79.98 , Val l: 0.2524 | Test e:  76.50 
| Epoch   60 | Train e:  88.61, T l:  0.1623 | Val e:  79.84 , Val l: 0.2507 | Test e:  76.59 
| Epoch   61 | Train e:  88.85, T l:  0.1625 | Val e:  80.20 , Val l: 0.2643 | Test e:  76.62 
| Epoch   62 | Train e:  88.66, T l:  0.1615 | Val e:  79.03 , Val l: 0.2599 | Test e:  76.29 
| Epoch   63 | Train e:  89.15, T l:  0.1593 | Val e:  80.29 , Val l: 0.2516 | Test e:  77.31 
| Epoch   64 | Train e:  88.61, T l:  0.1601 | Val e:  79.41 , Val l: 0.2684 | Test e:  76.51 
| Epoch   65 | Train e:  88.74, T l:  0.1607 | Val e:  80.12 , Val l: 0.2549 | Test e:  76.00 
| Epoch   66 | Train e:  89.14, T l:  0.1603 | Val e:  79.60 , Val l: 0.2509 | Test e:  76.99 
| Epoch   67 | Train e:  88.98, T l:  0.1590 | Val e:  80.13 , Val l: 0.2482 | Test e:  76.37 
| Epoch   68 | Train e:  89.18, T l:  0.1576 | Val e:  79.99 , Val l: 0.2534 | Test e:  77.76 
| Epoch   69 | Train e:  89.36, T l:  0.1584 | Val e:  80.03 , Val l: 0.2523 | Test e:  76.73 
| Epoch   70 | Train e:  89.24, T l:  0.1587 | Val e:  79.71 , Val l: 0.2550 | Test e:  77.15 
| Epoch   71 | Train e:  89.31, T l:  0.1573 | Val e:  80.49 , Val l: 0.2497 | Test e:  77.85 
| Epoch   72 | Train e:  89.24, T l:  0.1562 | Val e:  79.41 , Val l: 0.2583 | Test e:  77.36 
| Epoch   73 | Train e:  89.44, T l:  0.1554 | Val e:  80.10 , Val l: 0.2531 | Test e:  77.58 
| Epoch   74 | Train e:  89.34, T l:  0.1570 | Val e:  80.39 , Val l: 0.2602 | Test e:  76.71 
| Epoch   75 | Train e:  89.82, T l:  0.1546 | Val e:  79.90 , Val l: 0.2543 | Test e:  77.16 
| Epoch   76 | Train e:  89.74, T l:  0.1556 | Val e:  80.32 , Val l: 0.2490 | Test e:  77.44 
| Epoch   77 | Train e:  89.94, T l:  0.1542 | Val e:  80.38 , Val l: 0.2552 | Test e:  76.88 
| Epoch   78 | Train e:  89.92, T l:  0.1547 | Val e:  80.19 , Val l: 0.2546 | Test e:  78.20 
| Epoch   79 | Train e:  90.09, T l:  0.1538 | Val e:  80.03 , Val l: 0.2538 | Test e:  77.47 
| Epoch   80 | Train e:  90.14, T l:  0.1527 | Val e:  79.95 , Val l: 0.2555 | Test e:  77.23 
| Epoch   81 | Train e:  90.06, T l:  0.1539 | Val e:  79.80 , Val l: 0.2526 | Test e:  77.29 
| Epoch   82 | Train e:  90.20, T l:  0.1521 | Val e:  80.01 , Val l: 0.2535 | Test e:  77.49 
| Epoch   83 | Train e:  90.18, T l:  0.1521 | Val e:  78.74 , Val l: 0.2584 | Test e:  76.27 
| Epoch   84 | Train e:  90.24, T l:  0.1528 | Val e:  79.90 , Val l: 0.2467 | Test e:  76.84 
| Epoch   85 | Train e:  89.92, T l:  0.1504 | Val e:  79.35 , Val l: 0.2660 | Test e:  77.69 
| Epoch   86 | Train e:  90.39, T l:  0.1502 | Val e:  79.43 , Val l: 0.2552 | Test e:  76.96 
| Epoch   87 | Train e:  90.60, T l:  0.1498 | Val e:  79.06 , Val l: 0.2553 | Test e:  77.77 
| Epoch   88 | Train e:  90.63, T l:  0.1501 | Val e:  79.71 , Val l: 0.2539 | Test e:  77.36 
| Epoch   89 | Train e:  90.66, T l:  0.1504 | Val e:  79.24 , Val l: 0.2606 | Test e:  77.68 
| Epoch   90 | Train e:  90.62, T l:  0.1487 | Val e:  79.38 , Val l: 0.2548 | Test e:  77.77 
| Epoch   91 | Train e:  90.88, T l:  0.1475 | Val e:  80.12 , Val l: 0.2548 | Test e:  77.87 
| Epoch   92 | Train e:  90.83, T l:  0.1458 | Val e:  79.99 , Val l: 0.2561 | Test e:  76.89 
| Epoch   93 | Train e:  90.72, T l:  0.1473 | Val e:  79.47 , Val l: 0.2662 | Test e:  77.10 
| Epoch   94 | Train e:  90.90, T l:  0.1470 | Val e:  79.68 , Val l: 0.2488 | Test e:  77.27 
| Epoch   95 | Train e:  90.89, T l:  0.1479 | Val e:  79.56 , Val l: 0.2578 | Test e:  77.74 
| Epoch   96 | Train e:  90.89, T l:  0.1465 | Val e:  79.03 , Val l: 0.2616 | Test e:  77.31 
| Epoch   97 | Train e:  91.05, T l:  0.1472 | Val e:  79.44 , Val l: 0.2591 | Test e:  76.64 
| Epoch   98 | Train e:  91.08, T l:  0.1444 | Val e:  78.59 , Val l: 0.2687 | Test e:  76.84 
| Epoch   99 | Train e:  91.25, T l:  0.1461 | Val e:  79.38 , Val l: 0.2623 | Test e:  77.16 
| Epoch  100 | Train e:  91.07, T l:  0.1446 | Val e:  79.27 , Val l: 0.2734 | Test e:  77.94 
| Epoch  101 | Train e:  91.15, T l:  0.1430 | Val e:  79.50 , Val l: 0.2688 | Test e:  77.93 
| Epoch  102 | Train e:  91.40, T l:  0.1460 | Val e:  79.36 , Val l: 0.2546 | Test e:  77.29 
| Epoch  103 | Train e:  91.52, T l:  0.1447 | Val e:  79.10 , Val l: 0.2641 | Test e:  78.47 
| Epoch  104 | Train e:  91.28, T l:  0.1434 | Val e:  79.23 , Val l: 0.2688 | Test e:  76.60 
| Epoch  105 | Train e:  91.52, T l:  0.1437 | Val e:  79.58 , Val l: 0.2541 | Test e:  76.77 
| Epoch  106 | Train e:  91.55, T l:  0.1431 | Val e:  78.93 , Val l: 0.2587 | Test e:  76.97 
| Epoch  107 | Train e:  91.60, T l:  0.1425 | Val e:  78.98 , Val l: 0.2694 | Test e:  77.14 
| Epoch  108 | Train e:  91.70, T l:  0.1411 | Val e:  80.28 , Val l: 0.2719 | Test e:  77.76 
| Epoch  109 | Train e:  91.71, T l:  0.1431 | Val e:  79.20 , Val l: 0.2657 | Test e:  77.19 
| Epoch  110 | Train e:  91.78, T l:  0.1418 | Val e:  78.93 , Val l: 0.2711 | Test e:  77.23 
| Epoch  111 | Train e:  91.94, T l:  0.1401 | Val e:  79.40 , Val l: 0.2577 | Test e:  77.42 
| Epoch  112 | Train e:  91.71, T l:  0.1422 | Val e:  79.55 , Val l: 0.2615 | Test e:  76.79 
| Epoch  113 | Train e:  91.70, T l:  0.1404 | Val e:  78.12 , Val l: 0.2758 | Test e:  76.49 
| Epoch  114 | Train e:  91.74, T l:  0.1395 | Val e:  79.28 , Val l: 0.2687 | Test e:  76.21 
| Epoch  115 | Train e:  92.09, T l:  0.1402 | Val e:  79.65 , Val l: 0.2582 | Test e:  77.97 
| Epoch  116 | Train e:  91.90, T l:  0.1386 | Val e:  78.54 , Val l: 0.2743 | Test e:  76.17 
| Epoch  117 | Train e:  92.14, T l:  0.1393 | Val e:  78.96 , Val l: 0.2643 | Test e:  77.53 
| Epoch  118 | Train e:  92.01, T l:  0.1392 | Val e:  78.34 , Val l: 0.2733 | Test e:  76.56 
| Epoch  119 | Train e:  92.12, T l:  0.1379 | Val e:  78.25 , Val l: 0.2707 | Test e:  76.45 
| Epoch  120 | Train e:  92.27, T l:  0.1374 | Val e:  78.84 , Val l: 0.2695 | Test e:  76.28 
| Epoch  121 | Train e:  92.41, T l:  0.1377 | Val e:  78.65 , Val l: 0.2693 | Test e:  77.27 
| Epoch  122 | Train e:  92.39, T l:  0.1382 | Val e:  79.11 , Val l: 0.2697 | Test e:  77.42 
| Epoch  123 | Train e:  92.58, T l:  0.1368 | Val e:  78.67 , Val l: 0.2641 | Test e:  77.30 
| Epoch  124 | Train e:  92.43, T l:  0.1355 | Val e:  77.41 , Val l: 0.2808 | Test e:  76.10 
| Epoch  125 | Train e:  92.34, T l:  0.1352 | Val e:  77.80 , Val l: 0.2834 | Test e:  76.22 
| Epoch  126 | Train e:  92.20, T l:  0.1358 | Val e:  77.49 , Val l: 0.2742 | Test e:  75.76 
| Epoch  127 | Train e:  92.25, T l:  0.1369 | Val e:  78.12 , Val l: 0.2816 | Test e:  76.01 
| Epoch  128 | Train e:  92.54, T l:  0.1356 | Val e:  78.62 , Val l: 0.2751 | Test e:  76.95 
| Epoch  129 | Train e:  92.22, T l:  0.1349 | Val e:  77.34 , Val l: 0.2798 | Test e:  75.11 
| Epoch  130 | Train e:  92.63, T l:  0.1346 | Val e:  77.82 , Val l: 0.2852 | Test e:  76.82 
| Epoch  131 | Train e:  92.75, T l:  0.1329 | Val e:  78.07 , Val l: 0.2917 | Test e:  76.94 
| Epoch  132 | Train e:  92.89, T l:  0.1333 | Val e:  78.18 , Val l: 0.2871 | Test e:  77.76 
| Epoch  133 | Train e:  92.84, T l:  0.1333 | Val e:  79.09 , Val l: 0.2776 | Test e:  77.11 
| Epoch  134 | Train e:  92.90, T l:  0.1316 | Val e:  77.84 , Val l: 0.2861 | Test e:  77.20 
| Epoch  135 | Train e:  92.70, T l:  0.1319 | Val e:  77.93 , Val l: 0.2854 | Test e:  77.34 
| Epoch  136 | Train e:  92.84, T l:  0.1320 | Val e:  77.54 , Val l: 0.2773 | Test e:  76.11 
| Epoch  137 | Train e:  93.01, T l:  0.1324 | Val e:  78.62 , Val l: 0.2937 | Test e:  77.38 
| Epoch  138 | Train e:  93.08, T l:  0.1316 | Val e:  77.29 , Val l: 0.2888 | Test e:  76.71 
| Epoch  139 | Train e:  92.97, T l:  0.1313 | Val e:  78.08 , Val l: 0.3032 | Test e:  75.88 
| Epoch  140 | Train e:  93.09, T l:  0.1308 | Val e:  77.79 , Val l: 0.2883 | Test e:  77.04 
| Epoch  141 | Train e:  93.06, T l:  0.1312 | Val e:  77.58 , Val l: 0.2921 | Test e:  76.17 
| Epoch  142 | Train e:  93.01, T l:  0.1323 | Val e:  76.99 , Val l: 0.2872 | Test e:  75.76 
| Epoch  143 | Train e:  92.90, T l:  0.1299 | Val e:  77.31 , Val l: 0.3043 | Test e:  75.46 
| Epoch  144 | Train e:  92.96, T l:  0.1305 | Val e:  76.63 , Val l: 0.3149 | Test e:  75.68 
| Epoch  145 | Train e:  93.25, T l:  0.1302 | Val e:  77.50 , Val l: 0.2960 | Test e:  76.00 
| Epoch  146 | Train e:  93.39, T l:  0.1295 | Val e:  77.78 , Val l: 0.2850 | Test e:  76.67 
| Epoch  147 | Train e:  93.14, T l:  0.1288 | Val e:  76.90 , Val l: 0.3021 | Test e:  75.38 
| Epoch  148 | Train e:  93.40, T l:  0.1282 | Val e:  77.55 , Val l: 0.2996 | Test e:  76.36 
| Epoch  149 | Train e:  93.48, T l:  0.1286 | Val e:  78.18 , Val l: 0.2916 | Test e:  77.01 
| Epoch  150 | Train e:  93.51, T l:  0.1272 | Val e:  78.23 , Val l: 0.2938 | Test e:  76.71 
| Epoch  151 | Train e:  93.51, T l:  0.1282 | Val e:  77.92 , Val l: 0.2912 | Test e:  76.77 
| Epoch  152 | Train e:  93.36, T l:  0.1271 | Val e:  77.07 , Val l: 0.3034 | Test e:  75.59 
| Epoch  153 | Train e:  93.48, T l:  0.1270 | Val e:  77.29 , Val l: 0.3109 | Test e:  76.60 
| Epoch  154 | Train e:  93.59, T l:  0.1274 | Val e:  77.77 , Val l: 0.3005 | Test e:  76.42 
| Epoch  155 | Train e:  93.51, T l:  0.1271 | Val e:  77.52 , Val l: 0.3097 | Test e:  75.75 
| Epoch  156 | Train e:  93.69, T l:  0.1265 | Val e:  77.86 , Val l: 0.2913 | Test e:  76.57 
| Epoch  157 | Train e:  93.57, T l:  0.1268 | Val e:  77.09 , Val l: 0.3014 | Test e:  75.93 
| Epoch  158 | Train e:  93.53, T l:  0.1263 | Val e:  77.14 , Val l: 0.3109 | Test e:  75.90 
| Epoch  159 | Train e:  93.74, T l:  0.1257 | Val e:  77.34 , Val l: 0.3075 | Test e:  76.36 
| Epoch  160 | Train e:  93.81, T l:  0.1252 | Val e:  77.77 , Val l: 0.3010 | Test e:  76.89 
| Epoch  161 | Train e:  93.70, T l:  0.1264 | Val e:  77.43 , Val l: 0.3040 | Test e:  76.02 
| Epoch  162 | Train e:  93.67, T l:  0.1244 | Val e:  77.81 , Val l: 0.3091 | Test e:  75.47 
| Epoch  163 | Train e:  93.79, T l:  0.1251 | Val e:  77.63 , Val l: 0.3030 | Test e:  75.03 
| Epoch  164 | Train e:  93.82, T l:  0.1252 | Val e:  77.77 , Val l: 0.3055 | Test e:  75.67 
| Epoch  165 | Train e:  93.94, T l:  0.1242 | Val e:  77.70 , Val l: 0.3024 | Test e:  76.50 
| Epoch  166 | Train e:  93.92, T l:  0.1251 | Val e:  77.44 , Val l: 0.2989 | Test e:  75.42 
| Epoch  167 | Train e:  94.02, T l:  0.1240 | Val e:  77.23 , Val l: 0.2998 | Test e:  75.68 
| Epoch  168 | Train e:  93.83, T l:  0.1232 | Val e:  77.80 , Val l: 0.3064 | Test e:  75.04 
| Epoch  169 | Train e:  94.07, T l:  0.1235 | Val e:  77.64 , Val l: 0.3049 | Test e:  76.04 
| Epoch  170 | Train e:  93.99, T l:  0.1229 | Val e:  77.71 , Val l: 0.3093 | Test e:  75.86 
| Epoch  171 | Train e:  93.92, T l:  0.1235 | Val e:  77.62 , Val l: 0.3138 | Test e:  74.93 
| Epoch  172 | Train e:  94.06, T l:  0.1227 | Val e:  76.80 , Val l: 0.3145 | Test e:  75.29 
| Epoch  173 | Train e:  94.07, T l:  0.1229 | Val e:  77.47 , Val l: 0.3107 | Test e:  76.02 
| Epoch  174 | Train e:  94.14, T l:  0.1227 | Val e:  76.91 , Val l: 0.3103 | Test e:  75.09 
| Epoch  175 | Train e:  94.01, T l:  0.1220 | Val e:  77.10 , Val l: 0.3111 | Test e:  75.06 
| Epoch  176 | Train e:  94.21, T l:  0.1212 | Val e:  76.99 , Val l: 0.3118 | Test e:  75.13 
| Epoch  177 | Train e:  94.26, T l:  0.1226 | Val e:  77.29 , Val l: 0.3090 | Test e:  75.75 
| Epoch  178 | Train e:  94.25, T l:  0.1212 | Val e:  77.47 , Val l: 0.3183 | Test e:  75.57 
| Epoch  179 | Train e:  94.24, T l:  0.1215 | Val e:  77.34 , Val l: 0.3119 | Test e:  75.66 
| Epoch  180 | Train e:  94.29, T l:  0.1203 | Val e:  77.47 , Val l: 0.3075 | Test e:  75.64 
| Epoch  181 | Train e:  94.32, T l:  0.1213 | Val e:  77.11 , Val l: 0.3060 | Test e:  76.13 
| Epoch  182 | Train e:  94.25, T l:  0.1210 | Val e:  77.56 , Val l: 0.3216 | Test e:  75.92 
| Epoch  183 | Train e:  94.24, T l:  0.1206 | Val e:  77.61 , Val l: 0.3120 | Test e:  75.58 
| Epoch  184 | Train e:  94.32, T l:  0.1208 | Val e:  77.46 , Val l: 0.3122 | Test e:  75.86 
| Epoch  185 | Train e:  94.30, T l:  0.1207 | Val e:  77.44 , Val l: 0.3102 | Test e:  75.35 
| Epoch  186 | Train e:  94.33, T l:  0.1199 | Val e:  77.23 , Val l: 0.3160 | Test e:  75.50 
| Epoch  187 | Train e:  94.42, T l:  0.1198 | Val e:  77.77 , Val l: 0.3074 | Test e:  76.06 
| Epoch  188 | Train e:  94.29, T l:  0.1191 | Val e:  77.66 , Val l: 0.3206 | Test e:  75.73 
| Epoch  189 | Train e:  94.36, T l:  0.1195 | Val e:  77.47 , Val l: 0.3143 | Test e:  75.19 
| Epoch  190 | Train e:  94.39, T l:  0.1189 | Val e:  77.29 , Val l: 0.3126 | Test e:  75.58 
| Epoch  191 | Train e:  94.40, T l:  0.1189 | Val e:  77.53 , Val l: 0.3141 | Test e:  75.71 
| Epoch  192 | Train e:  94.45, T l:  0.1196 | Val e:  77.35 , Val l: 0.3124 | Test e:  75.64 
| Epoch  193 | Train e:  94.41, T l:  0.1188 | Val e:  77.23 , Val l: 0.3204 | Test e:  75.47 
| Epoch  194 | Train e:  94.40, T l:  0.1184 | Val e:  77.13 , Val l: 0.3178 | Test e:  75.49 
| Epoch  195 | Train e:  94.43, T l:  0.1171 | Val e:  77.07 , Val l: 0.3174 | Test e:  75.49 
| Epoch  196 | Train e:  94.42, T l:  0.1182 | Val e:  77.17 , Val l: 0.3206 | Test e:  75.46 
| Epoch  197 | Train e:  94.45, T l:  0.1182 | Val e:  77.19 , Val l: 0.3187 | Test e:  75.48 
| Epoch  198 | Train e:  94.44, T l:  0.1189 | Val e:  77.18 , Val l: 0.3204 | Test e:  75.43 
| Epoch  199 | Train e:  94.44, T l:  0.1175 | Val e:  77.19 , Val l: 0.3196 | Test e:  75.44 
