

===============================================
2023-01-12 14:20:45

main_nm.py --n 2 --m 4 --device 1

None

dataset: ogbg-moltox21
use_val_loss: False
epochs: 200
scheduler: linear
warmup: 20
patience: 25
batch_size: 32
lr: 0.0001
weight_decay: 0.0001
clustering: False
masked_attention: True
gconv_dim: 256
tlayer_dim: 256
gconv_dropout: 0.5
tlayer_dropout: 0.5
num_layers: 8
num_heads: 8
skip_connection: none
readout: cls
seeds: 2023
save_state: False
n: 2
m: 4



| Epoch    0 | Train e:  49.66, T l:  0.5845 | Val e:  52.23 , Val l: 0.3265 | Test e:  51.10 
| Epoch    1 | Train e:  57.15, T l:  0.3166 | Val e:  58.18 , Val l: 0.3059 | Test e:  57.43 
| Epoch    2 | Train e:  59.18, T l:  0.2642 | Val e:  59.68 , Val l: 0.3105 | Test e:  58.25 
| Epoch    3 | Train e:  60.11, T l:  0.2515 | Val e:  60.92 , Val l: 0.3131 | Test e:  59.97 
| Epoch    4 | Train e:  60.79, T l:  0.2468 | Val e:  61.70 , Val l: 0.3142 | Test e:  60.69 
| Epoch    5 | Train e:  59.67, T l:  0.2439 | Val e:  60.95 , Val l: 0.3062 | Test e:  60.66 
| Epoch    6 | Train e:  64.51, T l:  0.2370 | Val e:  64.10 , Val l: 0.2998 | Test e:  63.09 
| Epoch    7 | Train e:  67.65, T l:  0.2322 | Val e:  65.77 , Val l: 0.3017 | Test e:  64.54 
| Epoch    8 | Train e:  71.44, T l:  0.2271 | Val e:  69.40 , Val l: 0.2940 | Test e:  67.28 
| Epoch    9 | Train e:  73.29, T l:  0.2181 | Val e:  71.49 , Val l: 0.2963 | Test e:  69.48 
| Epoch   10 | Train e:  73.16, T l:  0.2147 | Val e:  71.66 , Val l: 0.2831 | Test e:  69.79 
| Epoch   11 | Train e:  75.86, T l:  0.2098 | Val e:  73.93 , Val l: 0.3010 | Test e:  71.24 
| Epoch   12 | Train e:  74.99, T l:  0.2087 | Val e:  73.35 , Val l: 0.2820 | Test e:  71.08 
| Epoch   13 | Train e:  76.67, T l:  0.2063 | Val e:  75.50 , Val l: 0.2721 | Test e:  71.54 
| Epoch   14 | Train e:  76.60, T l:  0.2050 | Val e:  74.94 , Val l: 0.2726 | Test e:  72.25 
| Epoch   15 | Train e:  78.17, T l:  0.2029 | Val e:  76.03 , Val l: 0.2934 | Test e:  72.15 
| Epoch   16 | Train e:  78.86, T l:  0.2019 | Val e:  76.68 , Val l: 0.2686 | Test e:  73.69 
| Epoch   17 | Train e:  78.85, T l:  0.1984 | Val e:  76.16 , Val l: 0.2681 | Test e:  73.76 
| Epoch   18 | Train e:  80.54, T l:  0.1958 | Val e:  77.70 , Val l: 0.2606 | Test e:  75.59 
| Epoch   19 | Train e:  80.62, T l:  0.1960 | Val e:  78.24 , Val l: 0.2606 | Test e:  75.24 
| Epoch   20 | Train e:  80.48, T l:  0.1952 | Val e:  77.37 , Val l: 0.2664 | Test e:  74.63 
| Epoch   21 | Train e:  81.80, T l:  0.1939 | Val e:  78.35 , Val l: 0.2545 | Test e:  74.60 
| Epoch   22 | Train e:  82.13, T l:  0.1926 | Val e:  78.97 , Val l: 0.2468 | Test e:  75.82 
| Epoch   23 | Train e:  83.37, T l:  0.1904 | Val e:  79.49 , Val l: 0.2531 | Test e:  76.14 
| Epoch   24 | Train e:  83.00, T l:  0.1874 | Val e:  78.63 , Val l: 0.2730 | Test e:  75.99 
| Epoch   25 | Train e:  84.18, T l:  0.1878 | Val e:  78.74 , Val l: 0.2640 | Test e:  76.83 
| Epoch   26 | Train e:  84.35, T l:  0.1863 | Val e:  78.78 , Val l: 0.2582 | Test e:  75.69 
| Epoch   27 | Train e:  84.62, T l:  0.1834 | Val e:  79.06 , Val l: 0.2587 | Test e:  76.71 
| Epoch   28 | Train e:  84.52, T l:  0.1831 | Val e:  78.61 , Val l: 0.2770 | Test e:  75.88 
| Epoch   29 | Train e:  84.46, T l:  0.1801 | Val e:  78.92 , Val l: 0.2587 | Test e:  75.88 
| Epoch   30 | Train e:  83.84, T l:  0.1802 | Val e:  78.05 , Val l: 0.2660 | Test e:  75.10 
| Epoch   31 | Train e:  85.72, T l:  0.1809 | Val e:  79.27 , Val l: 0.2493 | Test e:  76.06 
| Epoch   32 | Train e:  85.14, T l:  0.1791 | Val e:  79.08 , Val l: 0.2597 | Test e:  75.06 
| Epoch   33 | Train e:  84.98, T l:  0.1766 | Val e:  79.70 , Val l: 0.2572 | Test e:  75.40 
| Epoch   34 | Train e:  86.53, T l:  0.1786 | Val e:  78.82 , Val l: 0.2528 | Test e:  75.90 
| Epoch   35 | Train e:  85.67, T l:  0.1742 | Val e:  78.63 , Val l: 0.2570 | Test e:  76.30 
| Epoch   36 | Train e:  86.61, T l:  0.1728 | Val e:  78.64 , Val l: 0.2503 | Test e:  73.92 
| Epoch   37 | Train e:  86.94, T l:  0.1749 | Val e:  79.18 , Val l: 0.2599 | Test e:  76.82 
| Epoch   38 | Train e:  86.14, T l:  0.1735 | Val e:  79.43 , Val l: 0.2545 | Test e:  75.44 
| Epoch   39 | Train e:  86.63, T l:  0.1723 | Val e:  78.41 , Val l: 0.2693 | Test e:  74.75 
| Epoch   40 | Train e:  87.14, T l:  0.1720 | Val e:  80.00 , Val l: 0.2491 | Test e:  75.97 
| Epoch   41 | Train e:  87.38, T l:  0.1699 | Val e:  79.02 , Val l: 0.2498 | Test e:  75.85 
| Epoch   42 | Train e:  87.76, T l:  0.1685 | Val e:  80.35 , Val l: 0.2504 | Test e:  76.51 
| Epoch   43 | Train e:  87.68, T l:  0.1691 | Val e:  79.93 , Val l: 0.2560 | Test e:  76.44 
| Epoch   44 | Train e:  88.18, T l:  0.1682 | Val e:  79.40 , Val l: 0.2532 | Test e:  75.55 
| Epoch   45 | Train e:  87.09, T l:  0.1661 | Val e:  79.23 , Val l: 0.2612 | Test e:  75.79 
| Epoch   46 | Train e:  87.60, T l:  0.1664 | Val e:  79.81 , Val l: 0.2499 | Test e:  76.64 
| Epoch   47 | Train e:  88.09, T l:  0.1658 | Val e:  79.77 , Val l: 0.2582 | Test e:  76.17 
| Epoch   48 | Train e:  88.16, T l:  0.1632 | Val e:  79.27 , Val l: 0.2605 | Test e:  75.49 
| Epoch   49 | Train e:  88.20, T l:  0.1663 | Val e:  80.22 , Val l: 0.2579 | Test e:  76.44 
| Epoch   50 | Train e:  88.24, T l:  0.1624 | Val e:  78.04 , Val l: 0.2630 | Test e:  75.97 
| Epoch   51 | Train e:  88.39, T l:  0.1637 | Val e:  78.17 , Val l: 0.2588 | Test e:  75.02 
| Epoch   52 | Train e:  88.82, T l:  0.1625 | Val e:  79.65 , Val l: 0.2516 | Test e:  77.12 
| Epoch   53 | Train e:  89.18, T l:  0.1623 | Val e:  79.94 , Val l: 0.2570 | Test e:  77.82 
| Epoch   54 | Train e:  89.22, T l:  0.1616 | Val e:  80.04 , Val l: 0.2540 | Test e:  77.33 
| Epoch   55 | Train e:  89.06, T l:  0.1608 | Val e:  79.31 , Val l: 0.2531 | Test e:  75.88 
| Epoch   56 | Train e:  89.54, T l:  0.1606 | Val e:  79.92 , Val l: 0.2534 | Test e:  76.74 
| Epoch   57 | Train e:  89.50, T l:  0.1597 | Val e:  80.22 , Val l: 0.2535 | Test e:  77.22 
| Epoch   58 | Train e:  89.28, T l:  0.1591 | Val e:  79.87 , Val l: 0.2545 | Test e:  76.51 
| Epoch   59 | Train e:  89.36, T l:  0.1578 | Val e:  80.19 , Val l: 0.2607 | Test e:  78.06 
| Epoch   60 | Train e:  89.50, T l:  0.1575 | Val e:  79.35 , Val l: 0.2560 | Test e:  76.40 
| Epoch   61 | Train e:  89.73, T l:  0.1576 | Val e:  79.71 , Val l: 0.2609 | Test e:  76.72 
| Epoch   62 | Train e:  89.53, T l:  0.1560 | Val e:  78.96 , Val l: 0.2575 | Test e:  75.84 
| Epoch   63 | Train e:  90.22, T l:  0.1550 | Val e:  80.18 , Val l: 0.2573 | Test e:  77.22 
| Epoch   64 | Train e:  89.88, T l:  0.1536 | Val e:  79.22 , Val l: 0.2608 | Test e:  76.10 
| Epoch   65 | Train e:  90.15, T l:  0.1553 | Val e:  79.91 , Val l: 0.2596 | Test e:  76.88 
| Epoch   66 | Train e:  90.18, T l:  0.1541 | Val e:  79.27 , Val l: 0.2685 | Test e:  75.73 
| Epoch   67 | Train e:  89.95, T l:  0.1551 | Val e:  79.23 , Val l: 0.2575 | Test e:  76.66 
| Epoch   68 | Train e:  90.19, T l:  0.1525 | Val e:  79.01 , Val l: 0.2622 | Test e:  76.97 
| Epoch   69 | Train e:  90.66, T l:  0.1537 | Val e:  80.05 , Val l: 0.2570 | Test e:  76.74 
| Epoch   70 | Train e:  90.43, T l:  0.1525 | Val e:  79.73 , Val l: 0.2507 | Test e:  77.72 
| Epoch   71 | Train e:  90.23, T l:  0.1521 | Val e:  79.36 , Val l: 0.2607 | Test e:  77.80 
| Epoch   72 | Train e:  90.26, T l:  0.1508 | Val e:  79.71 , Val l: 0.2590 | Test e:  77.26 
| Epoch   73 | Train e:  90.77, T l:  0.1506 | Val e:  80.01 , Val l: 0.2612 | Test e:  77.18 
| Epoch   74 | Train e:  90.23, T l:  0.1515 | Val e:  79.66 , Val l: 0.2704 | Test e:  77.13 
| Epoch   75 | Train e:  90.24, T l:  0.1503 | Val e:  78.43 , Val l: 0.2594 | Test e:  75.75 
| Epoch   76 | Train e:  90.85, T l:  0.1491 | Val e:  79.33 , Val l: 0.2728 | Test e:  76.73 
| Epoch   77 | Train e:  90.69, T l:  0.1484 | Val e:  79.48 , Val l: 0.2780 | Test e:  77.35 
| Epoch   78 | Train e:  90.97, T l:  0.1473 | Val e:  79.85 , Val l: 0.2665 | Test e:  77.31 
| Epoch   79 | Train e:  91.13, T l:  0.1483 | Val e:  79.70 , Val l: 0.2670 | Test e:  77.59 
| Epoch   80 | Train e:  90.72, T l:  0.1481 | Val e:  79.34 , Val l: 0.2730 | Test e:  76.48 
| Epoch   81 | Train e:  91.19, T l:  0.1458 | Val e:  79.51 , Val l: 0.2672 | Test e:  77.83 
| Epoch   82 | Train e:  91.27, T l:  0.1467 | Val e:  79.24 , Val l: 0.2715 | Test e:  77.94 
| Epoch   83 | Train e:  91.40, T l:  0.1447 | Val e:  80.09 , Val l: 0.2655 | Test e:  76.83 
| Epoch   84 | Train e:  91.66, T l:  0.1448 | Val e:  79.49 , Val l: 0.2624 | Test e:  76.52 
| Epoch   85 | Train e:  91.26, T l:  0.1444 | Val e:  78.62 , Val l: 0.2803 | Test e:  76.17 
| Epoch   86 | Train e:  91.62, T l:  0.1442 | Val e:  79.38 , Val l: 0.2635 | Test e:  76.48 
| Epoch   87 | Train e:  91.83, T l:  0.1430 | Val e:  79.89 , Val l: 0.2702 | Test e:  76.77 
| Epoch   88 | Train e:  91.87, T l:  0.1439 | Val e:  79.03 , Val l: 0.2684 | Test e:  77.73 
| Epoch   89 | Train e:  91.88, T l:  0.1444 | Val e:  79.16 , Val l: 0.2737 | Test e:  77.10 
| Epoch   90 | Train e:  92.18, T l:  0.1419 | Val e:  79.31 , Val l: 0.2647 | Test e:  76.41 
| Epoch   91 | Train e:  91.97, T l:  0.1423 | Val e:  79.25 , Val l: 0.2780 | Test e:  77.42 
| Epoch   92 | Train e:  91.90, T l:  0.1420 | Val e:  78.57 , Val l: 0.2796 | Test e:  76.97 
| Epoch   93 | Train e:  92.04, T l:  0.1405 | Val e:  79.02 , Val l: 0.2743 | Test e:  76.67 
| Epoch   94 | Train e:  92.30, T l:  0.1394 | Val e:  79.73 , Val l: 0.2590 | Test e:  76.74 
| Epoch   95 | Train e:  92.23, T l:  0.1399 | Val e:  79.67 , Val l: 0.2775 | Test e:  77.15 
| Epoch   96 | Train e:  92.38, T l:  0.1372 | Val e:  79.47 , Val l: 0.2726 | Test e:  77.11 
| Epoch   97 | Train e:  92.37, T l:  0.1381 | Val e:  78.54 , Val l: 0.2804 | Test e:  75.96 
| Epoch   98 | Train e:  92.49, T l:  0.1388 | Val e:  79.19 , Val l: 0.2779 | Test e:  76.93 
| Epoch   99 | Train e:  92.35, T l:  0.1380 | Val e:  79.32 , Val l: 0.2966 | Test e:  77.04 
| Epoch  100 | Train e:  92.46, T l:  0.1380 | Val e:  78.60 , Val l: 0.2888 | Test e:  75.31 
| Epoch  101 | Train e:  92.84, T l:  0.1382 | Val e:  79.89 , Val l: 0.2827 | Test e:  77.63 
| Epoch  102 | Train e:  92.86, T l:  0.1373 | Val e:  79.51 , Val l: 0.2741 | Test e:  76.26 
| Epoch  103 | Train e:  92.92, T l:  0.1342 | Val e:  78.67 , Val l: 0.2829 | Test e:  76.64 
| Epoch  104 | Train e:  92.64, T l:  0.1350 | Val e:  79.31 , Val l: 0.2812 | Test e:  76.61 
| Epoch  105 | Train e:  92.77, T l:  0.1354 | Val e:  79.16 , Val l: 0.2816 | Test e:  76.63 
| Epoch  106 | Train e:  92.95, T l:  0.1342 | Val e:  78.08 , Val l: 0.2765 | Test e:  76.41 
| Epoch  107 | Train e:  92.86, T l:  0.1349 | Val e:  79.16 , Val l: 0.2695 | Test e:  76.24 
| Epoch  108 | Train e:  93.02, T l:  0.1341 | Val e:  78.39 , Val l: 0.2796 | Test e:  75.93 
| Epoch  109 | Train e:  93.10, T l:  0.1327 | Val e:  78.50 , Val l: 0.2891 | Test e:  75.86 
| Epoch  110 | Train e:  93.16, T l:  0.1326 | Val e:  78.73 , Val l: 0.2956 | Test e:  76.66 
| Epoch  111 | Train e:  93.30, T l:  0.1326 | Val e:  78.68 , Val l: 0.2932 | Test e:  76.06 
| Epoch  112 | Train e:  93.15, T l:  0.1311 | Val e:  78.09 , Val l: 0.2853 | Test e:  75.81 
| Epoch  113 | Train e:  93.36, T l:  0.1317 | Val e:  78.61 , Val l: 0.2840 | Test e:  76.80 
| Epoch  114 | Train e:  93.22, T l:  0.1308 | Val e:  78.96 , Val l: 0.2850 | Test e:  76.69 
| Epoch  115 | Train e:  93.35, T l:  0.1288 | Val e:  79.58 , Val l: 0.2932 | Test e:  76.53 
| Epoch  116 | Train e:  93.39, T l:  0.1293 | Val e:  77.87 , Val l: 0.2919 | Test e:  75.79 
| Epoch  117 | Train e:  93.67, T l:  0.1289 | Val e:  78.81 , Val l: 0.2925 | Test e:  76.69 
| Epoch  118 | Train e:  93.54, T l:  0.1286 | Val e:  79.04 , Val l: 0.2976 | Test e:  76.08 
| Epoch  119 | Train e:  93.57, T l:  0.1281 | Val e:  79.02 , Val l: 0.2858 | Test e:  76.20 
| Epoch  120 | Train e:  93.64, T l:  0.1283 | Val e:  79.03 , Val l: 0.2981 | Test e:  75.95 
| Epoch  121 | Train e:  93.95, T l:  0.1282 | Val e:  78.70 , Val l: 0.2988 | Test e:  76.22 
| Epoch  122 | Train e:  93.85, T l:  0.1271 | Val e:  78.52 , Val l: 0.2907 | Test e:  76.66 
| Epoch  123 | Train e:  93.61, T l:  0.1261 | Val e:  78.78 , Val l: 0.2979 | Test e:  76.22 
| Epoch  124 | Train e:  94.02, T l:  0.1258 | Val e:  78.64 , Val l: 0.3146 | Test e:  76.22 
| Epoch  125 | Train e:  93.98, T l:  0.1255 | Val e:  78.95 , Val l: 0.3053 | Test e:  76.55 
| Epoch  126 | Train e:  93.92, T l:  0.1243 | Val e:  78.62 , Val l: 0.3056 | Test e:  75.82 
| Epoch  127 | Train e:  94.06, T l:  0.1243 | Val e:  78.41 , Val l: 0.3080 | Test e:  76.56 
| Epoch  128 | Train e:  94.18, T l:  0.1248 | Val e:  78.52 , Val l: 0.3038 | Test e:  76.52 
| Epoch  129 | Train e:  93.97, T l:  0.1241 | Val e:  78.10 , Val l: 0.3070 | Test e:  75.36 
| Epoch  130 | Train e:  94.24, T l:  0.1229 | Val e:  78.85 , Val l: 0.3108 | Test e:  76.43 
| Epoch  131 | Train e:  94.25, T l:  0.1217 | Val e:  77.94 , Val l: 0.3196 | Test e:  75.23 
| Epoch  132 | Train e:  94.61, T l:  0.1215 | Val e:  78.11 , Val l: 0.3141 | Test e:  76.56 
| Epoch  133 | Train e:  94.19, T l:  0.1232 | Val e:  79.03 , Val l: 0.3048 | Test e:  76.17 
| Epoch  134 | Train e:  94.37, T l:  0.1206 | Val e:  78.47 , Val l: 0.3065 | Test e:  75.95 
| Epoch  135 | Train e:  94.44, T l:  0.1206 | Val e:  77.97 , Val l: 0.3067 | Test e:  76.13 
| Epoch  136 | Train e:  94.50, T l:  0.1217 | Val e:  78.60 , Val l: 0.3072 | Test e:  76.12 
| Epoch  137 | Train e:  94.59, T l:  0.1192 | Val e:  78.32 , Val l: 0.3114 | Test e:  76.82 
| Epoch  138 | Train e:  94.70, T l:  0.1202 | Val e:  78.03 , Val l: 0.3229 | Test e:  76.57 
| Epoch  139 | Train e:  94.83, T l:  0.1175 | Val e:  78.25 , Val l: 0.3183 | Test e:  76.08 
| Epoch  140 | Train e:  94.83, T l:  0.1192 | Val e:  78.46 , Val l: 0.3112 | Test e:  76.27 
| Epoch  141 | Train e:  94.77, T l:  0.1195 | Val e:  77.81 , Val l: 0.3288 | Test e:  76.12 
| Epoch  142 | Train e:  94.65, T l:  0.1162 | Val e:  77.88 , Val l: 0.3222 | Test e:  76.12 
| Epoch  143 | Train e:  94.76, T l:  0.1185 | Val e:  77.57 , Val l: 0.3275 | Test e:  75.79 
| Epoch  144 | Train e:  94.78, T l:  0.1185 | Val e:  76.59 , Val l: 0.3300 | Test e:  75.37 
| Epoch  145 | Train e:  94.64, T l:  0.1167 | Val e:  78.06 , Val l: 0.3431 | Test e:  75.61 
| Epoch  146 | Train e:  95.04, T l:  0.1163 | Val e:  77.53 , Val l: 0.3211 | Test e:  76.08 
| Epoch  147 | Train e:  94.99, T l:  0.1160 | Val e:  78.39 , Val l: 0.3312 | Test e:  76.06 
| Epoch  148 | Train e:  95.12, T l:  0.1165 | Val e:  78.17 , Val l: 0.3277 | Test e:  76.42 
| Epoch  149 | Train e:  95.02, T l:  0.1150 | Val e:  77.44 , Val l: 0.3416 | Test e:  76.67 
| Epoch  150 | Train e:  95.24, T l:  0.1147 | Val e:  78.31 , Val l: 0.3269 | Test e:  76.54 
| Epoch  151 | Train e:  95.26, T l:  0.1146 | Val e:  78.05 , Val l: 0.3363 | Test e:  76.30 
| Epoch  152 | Train e:  95.26, T l:  0.1142 | Val e:  78.11 , Val l: 0.3333 | Test e:  75.73 
| Epoch  153 | Train e:  95.17, T l:  0.1123 | Val e:  78.35 , Val l: 0.3499 | Test e:  76.08 
| Epoch  154 | Train e:  95.25, T l:  0.1134 | Val e:  78.45 , Val l: 0.3512 | Test e:  75.85 
| Epoch  155 | Train e:  95.08, T l:  0.1132 | Val e:  78.07 , Val l: 0.3495 | Test e:  75.92 
| Epoch  156 | Train e:  95.46, T l:  0.1107 | Val e:  78.20 , Val l: 0.3344 | Test e:  75.59 
| Epoch  157 | Train e:  95.36, T l:  0.1108 | Val e:  77.32 , Val l: 0.3473 | Test e:  75.80 
| Epoch  158 | Train e:  95.14, T l:  0.1107 | Val e:  77.17 , Val l: 0.3612 | Test e:  75.31 
| Epoch  159 | Train e:  95.50, T l:  0.1122 | Val e:  77.90 , Val l: 0.3502 | Test e:  76.04 
| Epoch  160 | Train e:  95.37, T l:  0.1103 | Val e:  77.85 , Val l: 0.3566 | Test e:  75.98 
| Epoch  161 | Train e:  95.52, T l:  0.1110 | Val e:  78.03 , Val l: 0.3517 | Test e:  75.58 
| Epoch  162 | Train e:  95.35, T l:  0.1095 | Val e:  78.02 , Val l: 0.3560 | Test e:  75.18 
| Epoch  163 | Train e:  95.48, T l:  0.1091 | Val e:  77.75 , Val l: 0.3482 | Test e:  75.62 
| Epoch  164 | Train e:  95.56, T l:  0.1103 | Val e:  77.89 , Val l: 0.3498 | Test e:  75.32 
| Epoch  165 | Train e:  95.67, T l:  0.1097 | Val e:  77.90 , Val l: 0.3468 | Test e:  76.00 
| Epoch  166 | Train e:  95.65, T l:  0.1084 | Val e:  78.33 , Val l: 0.3428 | Test e:  76.03 
| Epoch  167 | Train e:  95.72, T l:  0.1069 | Val e:  77.98 , Val l: 0.3458 | Test e:  75.88 
| Epoch  168 | Train e:  95.58, T l:  0.1060 | Val e:  77.61 , Val l: 0.3712 | Test e:  75.35 
| Epoch  169 | Train e:  95.75, T l:  0.1084 | Val e:  77.14 , Val l: 0.3546 | Test e:  75.40 
| Epoch  170 | Train e:  95.76, T l:  0.1059 | Val e:  77.53 , Val l: 0.3545 | Test e:  75.69 
| Epoch  171 | Train e:  95.76, T l:  0.1070 | Val e:  77.59 , Val l: 0.3586 | Test e:  75.32 
| Epoch  172 | Train e:  95.94, T l:  0.1076 | Val e:  77.49 , Val l: 0.3501 | Test e:  75.68 
| Epoch  173 | Train e:  95.76, T l:  0.1062 | Val e:  77.93 , Val l: 0.3672 | Test e:  75.51 
| Epoch  174 | Train e:  95.80, T l:  0.1053 | Val e:  77.10 , Val l: 0.3709 | Test e:  75.70 
| Epoch  175 | Train e:  95.81, T l:  0.1061 | Val e:  77.28 , Val l: 0.3599 | Test e:  75.63 
| Epoch  176 | Train e:  95.89, T l:  0.1061 | Val e:  77.55 , Val l: 0.3540 | Test e:  75.82 
| Epoch  177 | Train e:  95.93, T l:  0.1050 | Val e:  77.25 , Val l: 0.3518 | Test e:  75.77 
| Epoch  178 | Train e:  95.76, T l:  0.1057 | Val e:  77.52 , Val l: 0.3659 | Test e:  75.37 
| Epoch  179 | Train e:  95.80, T l:  0.1036 | Val e:  77.44 , Val l: 0.3645 | Test e:  75.04 
| Epoch  180 | Train e:  95.92, T l:  0.1046 | Val e:  77.80 , Val l: 0.3652 | Test e:  75.34 
| Epoch  181 | Train e:  96.07, T l:  0.1046 | Val e:  77.73 , Val l: 0.3667 | Test e:  75.52 
| Epoch  182 | Train e:  96.02, T l:  0.1040 | Val e:  77.54 , Val l: 0.3674 | Test e:  75.37 
| Epoch  183 | Train e:  96.04, T l:  0.1023 | Val e:  77.51 , Val l: 0.3653 | Test e:  75.58 
| Epoch  184 | Train e:  95.99, T l:  0.1035 | Val e:  77.39 , Val l: 0.3622 | Test e:  75.48 
| Epoch  185 | Train e:  96.05, T l:  0.1036 | Val e:  77.42 , Val l: 0.3649 | Test e:  75.53 
| Epoch  186 | Train e:  96.04, T l:  0.1017 | Val e:  76.94 , Val l: 0.3710 | Test e:  75.44 
| Epoch  187 | Train e:  96.09, T l:  0.1016 | Val e:  77.29 , Val l: 0.3747 | Test e:  75.05 
| Epoch  188 | Train e:  96.04, T l:  0.1011 | Val e:  77.42 , Val l: 0.3785 | Test e:  75.09 
| Epoch  189 | Train e:  96.14, T l:  0.1014 | Val e:  77.31 , Val l: 0.3730 | Test e:  75.44 
| Epoch  190 | Train e:  96.09, T l:  0.1022 | Val e:  77.27 , Val l: 0.3662 | Test e:  75.28 
| Epoch  191 | Train e:  96.07, T l:  0.1022 | Val e:  77.33 , Val l: 0.3746 | Test e:  75.35 
| Epoch  192 | Train e:  96.12, T l:  0.1011 | Val e:  77.11 , Val l: 0.3728 | Test e:  75.21 
| Epoch  193 | Train e:  96.18, T l:  0.1021 | Val e:  77.47 , Val l: 0.3710 | Test e:  75.45 
| Epoch  194 | Train e:  96.14, T l:  0.1010 | Val e:  77.55 , Val l: 0.3735 | Test e:  75.44 
| Epoch  195 | Train e:  96.13, T l:  0.0997 | Val e:  77.51 , Val l: 0.3726 | Test e:  75.41 
| Epoch  196 | Train e:  96.18, T l:  0.1011 | Val e:  77.57 , Val l: 0.3727 | Test e:  75.48 
| Epoch  197 | Train e:  96.17, T l:  0.0999 | Val e:  77.52 , Val l: 0.3709 | Test e:  75.41 
| Epoch  198 | Train e:  96.15, T l:  0.0998 | Val e:  77.54 , Val l: 0.3732 | Test e:  75.33 
| Epoch  199 | Train e:  96.16, T l:  0.0995 | Val e:  77.53 , Val l: 0.3720 | Test e:  75.34 
