

===============================================
2023-01-12 14:19:44

main_nm.py --n 1 --m 4 --device 1

None

dataset: ogbg-moltox21
use_val_loss: False
epochs: 200
scheduler: linear
warmup: 20
patience: 25
batch_size: 32
lr: 0.0001
weight_decay: 0.0001
clustering: False
masked_attention: True
gconv_dim: 256
tlayer_dim: 256
gconv_dropout: 0.5
tlayer_dropout: 0.5
num_layers: 8
num_heads: 8
skip_connection: none
readout: cls
seeds: 2023
save_state: False
n: 1
m: 4



| Epoch    0 | Train e:  54.87, T l:  0.6078 | Val e:  55.85 , Val l: 0.3331 | Test e:  55.39 
| Epoch    1 | Train e:  56.62, T l:  0.3212 | Val e:  58.04 , Val l: 0.3034 | Test e:  58.08 
| Epoch    2 | Train e:  56.81, T l:  0.2645 | Val e:  59.08 , Val l: 0.3088 | Test e:  58.75 
| Epoch    3 | Train e:  58.94, T l:  0.2516 | Val e:  61.07 , Val l: 0.3118 | Test e:  60.02 
| Epoch    4 | Train e:  60.27, T l:  0.2464 | Val e:  62.06 , Val l: 0.3116 | Test e:  61.74 
| Epoch    5 | Train e:  61.39, T l:  0.2417 | Val e:  64.43 , Val l: 0.2990 | Test e:  62.06 
| Epoch    6 | Train e:  64.99, T l:  0.2358 | Val e:  65.22 , Val l: 0.2972 | Test e:  64.03 
| Epoch    7 | Train e:  70.33, T l:  0.2302 | Val e:  68.91 , Val l: 0.3206 | Test e:  66.94 
| Epoch    8 | Train e:  72.16, T l:  0.2230 | Val e:  71.02 , Val l: 0.2806 | Test e:  69.35 
| Epoch    9 | Train e:  74.49, T l:  0.2159 | Val e:  73.25 , Val l: 0.2883 | Test e:  71.09 
| Epoch   10 | Train e:  75.22, T l:  0.2116 | Val e:  74.32 , Val l: 0.2838 | Test e:  71.19 
| Epoch   11 | Train e:  76.16, T l:  0.2069 | Val e:  75.37 , Val l: 0.2955 | Test e:  71.91 
| Epoch   12 | Train e:  76.28, T l:  0.2036 | Val e:  75.16 , Val l: 0.2800 | Test e:  72.02 
| Epoch   13 | Train e:  77.71, T l:  0.2021 | Val e:  75.94 , Val l: 0.2700 | Test e:  72.93 
| Epoch   14 | Train e:  78.12, T l:  0.2008 | Val e:  75.95 , Val l: 0.2670 | Test e:  73.47 
| Epoch   15 | Train e:  79.60, T l:  0.1991 | Val e:  77.04 , Val l: 0.2932 | Test e:  73.89 
| Epoch   16 | Train e:  81.24, T l:  0.1983 | Val e:  77.49 , Val l: 0.2742 | Test e:  74.34 
| Epoch   17 | Train e:  81.99, T l:  0.1956 | Val e:  77.43 , Val l: 0.2583 | Test e:  74.85 
| Epoch   18 | Train e:  82.99, T l:  0.1934 | Val e:  78.00 , Val l: 0.2719 | Test e:  75.13 
| Epoch   19 | Train e:  83.25, T l:  0.1925 | Val e:  78.03 , Val l: 0.2647 | Test e:  75.54 
| Epoch   20 | Train e:  83.98, T l:  0.1916 | Val e:  77.54 , Val l: 0.2720 | Test e:  75.42 
| Epoch   21 | Train e:  84.50, T l:  0.1880 | Val e:  78.44 , Val l: 0.2585 | Test e:  74.84 
| Epoch   22 | Train e:  84.51, T l:  0.1869 | Val e:  78.25 , Val l: 0.2672 | Test e:  76.49 
| Epoch   23 | Train e:  84.86, T l:  0.1876 | Val e:  79.31 , Val l: 0.2507 | Test e:  76.06 
| Epoch   24 | Train e:  85.49, T l:  0.1827 | Val e:  77.92 , Val l: 0.2760 | Test e:  74.67 
| Epoch   25 | Train e:  85.62, T l:  0.1832 | Val e:  78.92 , Val l: 0.2887 | Test e:  76.12 
| Epoch   26 | Train e:  86.19, T l:  0.1824 | Val e:  79.66 , Val l: 0.2762 | Test e:  76.20 
| Epoch   27 | Train e:  86.45, T l:  0.1796 | Val e:  79.81 , Val l: 0.2515 | Test e:  75.79 
| Epoch   28 | Train e:  86.50, T l:  0.1782 | Val e:  79.45 , Val l: 0.2612 | Test e:  76.23 
| Epoch   29 | Train e:  86.83, T l:  0.1756 | Val e:  79.38 , Val l: 0.2505 | Test e:  76.87 
| Epoch   30 | Train e:  86.83, T l:  0.1763 | Val e:  79.24 , Val l: 0.2702 | Test e:  76.41 
| Epoch   31 | Train e:  87.09, T l:  0.1751 | Val e:  79.51 , Val l: 0.2507 | Test e:  76.49 
| Epoch   32 | Train e:  87.30, T l:  0.1734 | Val e:  79.71 , Val l: 0.2629 | Test e:  76.12 
| Epoch   33 | Train e:  86.36, T l:  0.1730 | Val e:  79.33 , Val l: 0.2572 | Test e:  76.13 
| Epoch   34 | Train e:  87.63, T l:  0.1723 | Val e:  79.89 , Val l: 0.2543 | Test e:  77.82 
| Epoch   35 | Train e:  87.48, T l:  0.1691 | Val e:  79.60 , Val l: 0.2597 | Test e:  77.39 
| Epoch   36 | Train e:  88.24, T l:  0.1685 | Val e:  79.48 , Val l: 0.2483 | Test e:  77.08 
| Epoch   37 | Train e:  88.09, T l:  0.1689 | Val e:  79.11 , Val l: 0.2638 | Test e:  77.74 
| Epoch   38 | Train e:  88.19, T l:  0.1668 | Val e:  79.40 , Val l: 0.2687 | Test e:  76.47 
| Epoch   39 | Train e:  87.89, T l:  0.1674 | Val e:  79.03 , Val l: 0.2714 | Test e:  75.16 
| Epoch   40 | Train e:  88.72, T l:  0.1682 | Val e:  79.73 , Val l: 0.2484 | Test e:  76.86 
| Epoch   41 | Train e:  88.74, T l:  0.1660 | Val e:  79.65 , Val l: 0.2551 | Test e:  77.52 
| Epoch   42 | Train e:  89.01, T l:  0.1629 | Val e:  79.37 , Val l: 0.2594 | Test e:  76.60 
| Epoch   43 | Train e:  89.39, T l:  0.1628 | Val e:  79.67 , Val l: 0.2590 | Test e:  77.91 
| Epoch   44 | Train e:  89.51, T l:  0.1614 | Val e:  79.15 , Val l: 0.2610 | Test e:  77.12 
| Epoch   45 | Train e:  89.09, T l:  0.1600 | Val e:  79.48 , Val l: 0.2656 | Test e:  76.09 
| Epoch   46 | Train e:  89.21, T l:  0.1627 | Val e:  80.52 , Val l: 0.2585 | Test e:  77.39 
| Epoch   47 | Train e:  89.47, T l:  0.1596 | Val e:  79.86 , Val l: 0.2656 | Test e:  77.34 
| Epoch   48 | Train e:  89.26, T l:  0.1575 | Val e:  79.47 , Val l: 0.2633 | Test e:  76.99 
| Epoch   49 | Train e:  89.76, T l:  0.1585 | Val e:  80.32 , Val l: 0.2638 | Test e:  77.49 
| Epoch   50 | Train e:  89.20, T l:  0.1567 | Val e:  79.12 , Val l: 0.2580 | Test e:  76.12 
| Epoch   51 | Train e:  90.00, T l:  0.1587 | Val e:  79.45 , Val l: 0.2493 | Test e:  77.58 
| Epoch   52 | Train e:  90.39, T l:  0.1571 | Val e:  79.90 , Val l: 0.2593 | Test e:  77.20 
| Epoch   53 | Train e:  90.15, T l:  0.1538 | Val e:  79.71 , Val l: 0.2646 | Test e:  77.23 
| Epoch   54 | Train e:  90.17, T l:  0.1550 | Val e:  79.98 , Val l: 0.2609 | Test e:  78.02 
| Epoch   55 | Train e:  90.12, T l:  0.1549 | Val e:  78.91 , Val l: 0.2580 | Test e:  77.10 
| Epoch   56 | Train e:  90.39, T l:  0.1528 | Val e:  79.31 , Val l: 0.2772 | Test e:  75.74 
| Epoch   57 | Train e:  90.50, T l:  0.1518 | Val e:  79.66 , Val l: 0.2607 | Test e:  76.53 
| Epoch   58 | Train e:  90.39, T l:  0.1521 | Val e:  79.16 , Val l: 0.2663 | Test e:  75.08 
| Epoch   59 | Train e:  90.64, T l:  0.1497 | Val e:  79.85 , Val l: 0.2570 | Test e:  76.88 
| Epoch   60 | Train e:  91.15, T l:  0.1506 | Val e:  79.68 , Val l: 0.2653 | Test e:  76.86 
| Epoch   61 | Train e:  90.65, T l:  0.1503 | Val e:  80.34 , Val l: 0.2663 | Test e:  77.01 
| Epoch   62 | Train e:  91.49, T l:  0.1484 | Val e:  79.25 , Val l: 0.2644 | Test e:  77.65 
| Epoch   63 | Train e:  91.32, T l:  0.1484 | Val e:  80.47 , Val l: 0.2637 | Test e:  77.76 
| Epoch   64 | Train e:  90.57, T l:  0.1479 | Val e:  78.54 , Val l: 0.2683 | Test e:  75.91 
| Epoch   65 | Train e:  91.61, T l:  0.1474 | Val e:  79.88 , Val l: 0.2676 | Test e:  77.59 
| Epoch   66 | Train e:  91.43, T l:  0.1466 | Val e:  80.17 , Val l: 0.2669 | Test e:  77.06 
| Epoch   67 | Train e:  91.59, T l:  0.1469 | Val e:  79.68 , Val l: 0.2639 | Test e:  77.42 
| Epoch   68 | Train e:  91.75, T l:  0.1454 | Val e:  79.93 , Val l: 0.2643 | Test e:  77.04 
| Epoch   69 | Train e:  91.75, T l:  0.1441 | Val e:  80.48 , Val l: 0.2634 | Test e:  77.22 
| Epoch   70 | Train e:  92.06, T l:  0.1447 | Val e:  80.18 , Val l: 0.2650 | Test e:  77.43 
| Epoch   71 | Train e:  91.78, T l:  0.1443 | Val e:  80.17 , Val l: 0.2750 | Test e:  77.90 
| Epoch   72 | Train e:  91.97, T l:  0.1426 | Val e:  79.17 , Val l: 0.2692 | Test e:  76.48 
| Epoch   73 | Train e:  92.28, T l:  0.1420 | Val e:  80.37 , Val l: 0.2732 | Test e:  76.68 
| Epoch   74 | Train e:  92.11, T l:  0.1419 | Val e:  79.81 , Val l: 0.2730 | Test e:  77.57 
| Epoch   75 | Train e:  92.19, T l:  0.1415 | Val e:  79.65 , Val l: 0.2733 | Test e:  76.22 
| Epoch   76 | Train e:  92.25, T l:  0.1393 | Val e:  79.77 , Val l: 0.2690 | Test e:  76.64 
| Epoch   77 | Train e:  92.25, T l:  0.1389 | Val e:  79.41 , Val l: 0.3110 | Test e:  75.79 
| Epoch   78 | Train e:  92.24, T l:  0.1397 | Val e:  79.64 , Val l: 0.2678 | Test e:  75.92 
| Epoch   79 | Train e:  92.76, T l:  0.1389 | Val e:  80.29 , Val l: 0.2798 | Test e:  76.94 
| Epoch   80 | Train e:  92.46, T l:  0.1390 | Val e:  80.07 , Val l: 0.2798 | Test e:  75.88 
| Epoch   81 | Train e:  92.98, T l:  0.1393 | Val e:  80.73 , Val l: 0.2622 | Test e:  77.54 
| Epoch   82 | Train e:  92.81, T l:  0.1371 | Val e:  79.85 , Val l: 0.2676 | Test e:  77.15 
| Epoch   83 | Train e:  92.72, T l:  0.1373 | Val e:  79.06 , Val l: 0.2721 | Test e:  75.62 
| Epoch   84 | Train e:  93.20, T l:  0.1345 | Val e:  79.83 , Val l: 0.2750 | Test e:  75.87 
| Epoch   85 | Train e:  92.71, T l:  0.1344 | Val e:  79.48 , Val l: 0.3001 | Test e:  74.95 
| Epoch   86 | Train e:  92.95, T l:  0.1345 | Val e:  79.17 , Val l: 0.2830 | Test e:  75.97 
| Epoch   87 | Train e:  93.46, T l:  0.1330 | Val e:  80.13 , Val l: 0.2747 | Test e:  76.70 
| Epoch   88 | Train e:  93.41, T l:  0.1329 | Val e:  79.41 , Val l: 0.2669 | Test e:  76.41 
| Epoch   89 | Train e:  93.48, T l:  0.1340 | Val e:  79.48 , Val l: 0.2791 | Test e:  76.43 
| Epoch   90 | Train e:  93.22, T l:  0.1323 | Val e:  78.84 , Val l: 0.2834 | Test e:  75.80 
| Epoch   91 | Train e:  93.69, T l:  0.1311 | Val e:  80.22 , Val l: 0.2841 | Test e:  76.81 
| Epoch   92 | Train e:  93.74, T l:  0.1302 | Val e:  79.86 , Val l: 0.2901 | Test e:  76.59 
| Epoch   93 | Train e:  93.50, T l:  0.1322 | Val e:  79.16 , Val l: 0.3021 | Test e:  74.45 
| Epoch   94 | Train e:  93.75, T l:  0.1286 | Val e:  79.40 , Val l: 0.2861 | Test e:  75.77 
| Epoch   95 | Train e:  93.78, T l:  0.1297 | Val e:  79.98 , Val l: 0.2895 | Test e:  75.10 
| Epoch   96 | Train e:  93.88, T l:  0.1296 | Val e:  79.28 , Val l: 0.3002 | Test e:  75.31 
| Epoch   97 | Train e:  93.86, T l:  0.1289 | Val e:  79.36 , Val l: 0.2933 | Test e:  75.15 
| Epoch   98 | Train e:  94.17, T l:  0.1290 | Val e:  79.55 , Val l: 0.2885 | Test e:  76.00 
| Epoch   99 | Train e:  93.98, T l:  0.1279 | Val e:  78.98 , Val l: 0.2900 | Test e:  74.83 
| Epoch  100 | Train e:  94.16, T l:  0.1263 | Val e:  79.85 , Val l: 0.3080 | Test e:  75.51 
| Epoch  101 | Train e:  94.31, T l:  0.1270 | Val e:  79.89 , Val l: 0.2964 | Test e:  75.25 
| Epoch  102 | Train e:  94.10, T l:  0.1255 | Val e:  79.95 , Val l: 0.2904 | Test e:  74.16 
| Epoch  103 | Train e:  94.44, T l:  0.1236 | Val e:  79.24 , Val l: 0.2888 | Test e:  76.05 
| Epoch  104 | Train e:  94.51, T l:  0.1237 | Val e:  79.81 , Val l: 0.2846 | Test e:  74.63 
| Epoch  105 | Train e:  94.46, T l:  0.1236 | Val e:  80.76 , Val l: 0.2870 | Test e:  75.18 
| Epoch  106 | Train e:  94.70, T l:  0.1228 | Val e:  80.11 , Val l: 0.2889 | Test e:  75.53 
| Epoch  107 | Train e:  94.51, T l:  0.1218 | Val e:  79.18 , Val l: 0.2915 | Test e:  74.78 
| Epoch  108 | Train e:  94.63, T l:  0.1232 | Val e:  78.85 , Val l: 0.3025 | Test e:  74.28 
| Epoch  109 | Train e:  94.44, T l:  0.1235 | Val e:  77.97 , Val l: 0.3201 | Test e:  74.31 
| Epoch  110 | Train e:  94.72, T l:  0.1211 | Val e:  79.27 , Val l: 0.3051 | Test e:  74.65 
| Epoch  111 | Train e:  94.98, T l:  0.1223 | Val e:  79.51 , Val l: 0.2904 | Test e:  75.52 
| Epoch  112 | Train e:  94.83, T l:  0.1213 | Val e:  79.85 , Val l: 0.2918 | Test e:  75.56 
| Epoch  113 | Train e:  94.70, T l:  0.1195 | Val e:  78.62 , Val l: 0.3103 | Test e:  74.91 
| Epoch  114 | Train e:  94.90, T l:  0.1211 | Val e:  79.00 , Val l: 0.3123 | Test e:  74.77 
| Epoch  115 | Train e:  95.08, T l:  0.1175 | Val e:  79.79 , Val l: 0.3000 | Test e:  75.00 
| Epoch  116 | Train e:  95.20, T l:  0.1165 | Val e:  79.23 , Val l: 0.3156 | Test e:  75.29 
| Epoch  117 | Train e:  95.30, T l:  0.1164 | Val e:  79.48 , Val l: 0.3069 | Test e:  75.35 
| Epoch  118 | Train e:  95.33, T l:  0.1171 | Val e:  79.85 , Val l: 0.2971 | Test e:  75.36 
| Epoch  119 | Train e:  95.42, T l:  0.1156 | Val e:  79.69 , Val l: 0.2981 | Test e:  76.11 
| Epoch  120 | Train e:  95.16, T l:  0.1178 | Val e:  79.08 , Val l: 0.3188 | Test e:  74.26 
| Epoch  121 | Train e:  95.45, T l:  0.1151 | Val e:  79.66 , Val l: 0.3011 | Test e:  76.01 
| Epoch  122 | Train e:  95.51, T l:  0.1150 | Val e:  79.69 , Val l: 0.3066 | Test e:  75.42 
| Epoch  123 | Train e:  95.40, T l:  0.1137 | Val e:  78.04 , Val l: 0.3319 | Test e:  74.40 
| Epoch  124 | Train e:  95.51, T l:  0.1127 | Val e:  79.19 , Val l: 0.3165 | Test e:  74.57 
| Epoch  125 | Train e:  95.62, T l:  0.1123 | Val e:  79.39 , Val l: 0.3166 | Test e:  75.09 
| Epoch  126 | Train e:  95.49, T l:  0.1126 | Val e:  78.55 , Val l: 0.3365 | Test e:  74.58 
| Epoch  127 | Train e:  95.54, T l:  0.1127 | Val e:  78.93 , Val l: 0.3249 | Test e:  74.85 
| Epoch  128 | Train e:  95.80, T l:  0.1124 | Val e:  78.55 , Val l: 0.3192 | Test e:  75.85 
| Epoch  129 | Train e:  95.85, T l:  0.1120 | Val e:  78.93 , Val l: 0.3135 | Test e:  75.51 
| Epoch  130 | Train e:  95.93, T l:  0.1095 | Val e:  79.16 , Val l: 0.3145 | Test e:  75.13 
| Epoch  131 | Train e:  96.01, T l:  0.1112 | Val e:  78.46 , Val l: 0.3205 | Test e:  75.38 
| Epoch  132 | Train e:  96.15, T l:  0.1100 | Val e:  79.13 , Val l: 0.3179 | Test e:  75.55 
| Epoch  133 | Train e:  95.92, T l:  0.1072 | Val e:  78.45 , Val l: 0.3312 | Test e:  75.55 
| Epoch  134 | Train e:  96.08, T l:  0.1088 | Val e:  78.43 , Val l: 0.3231 | Test e:  74.98 
| Epoch  135 | Train e:  96.06, T l:  0.1074 | Val e:  78.68 , Val l: 0.3321 | Test e:  75.28 
| Epoch  136 | Train e:  96.06, T l:  0.1072 | Val e:  78.41 , Val l: 0.3515 | Test e:  74.69 
| Epoch  137 | Train e:  96.24, T l:  0.1066 | Val e:  78.28 , Val l: 0.3223 | Test e:  74.71 
| Epoch  138 | Train e:  96.17, T l:  0.1062 | Val e:  78.83 , Val l: 0.3329 | Test e:  74.82 
| Epoch  139 | Train e:  96.26, T l:  0.1064 | Val e:  78.40 , Val l: 0.3273 | Test e:  74.61 
| Epoch  140 | Train e:  96.34, T l:  0.1043 | Val e:  78.43 , Val l: 0.3205 | Test e:  74.85 
| Epoch  141 | Train e:  96.24, T l:  0.1063 | Val e:  78.81 , Val l: 0.3342 | Test e:  75.08 
| Epoch  142 | Train e:  96.34, T l:  0.1054 | Val e:  78.51 , Val l: 0.3418 | Test e:  75.47 
| Epoch  143 | Train e:  96.29, T l:  0.1054 | Val e:  77.89 , Val l: 0.3499 | Test e:  74.89 
| Epoch  144 | Train e:  96.27, T l:  0.1038 | Val e:  77.84 , Val l: 0.3433 | Test e:  74.55 
| Epoch  145 | Train e:  96.39, T l:  0.1046 | Val e:  78.06 , Val l: 0.3545 | Test e:  74.51 
| Epoch  146 | Train e:  96.48, T l:  0.1028 | Val e:  78.04 , Val l: 0.3591 | Test e:  74.70 
| Epoch  147 | Train e:  96.47, T l:  0.1032 | Val e:  78.27 , Val l: 0.3621 | Test e:  74.96 
| Epoch  148 | Train e:  96.35, T l:  0.1021 | Val e:  78.55 , Val l: 0.3456 | Test e:  74.62 
| Epoch  149 | Train e:  96.68, T l:  0.1013 | Val e:  78.58 , Val l: 0.3435 | Test e:  75.31 
| Epoch  150 | Train e:  96.57, T l:  0.1020 | Val e:  78.30 , Val l: 0.3400 | Test e:  75.50 
| Epoch  151 | Train e:  96.77, T l:  0.1019 | Val e:  78.13 , Val l: 0.3445 | Test e:  74.83 
| Epoch  152 | Train e:  96.70, T l:  0.1020 | Val e:  78.22 , Val l: 0.3550 | Test e:  75.75 
| Epoch  153 | Train e:  96.78, T l:  0.1006 | Val e:  78.13 , Val l: 0.3509 | Test e:  75.08 
| Epoch  154 | Train e:  96.57, T l:  0.0985 | Val e:  77.53 , Val l: 0.3700 | Test e:  74.64 
| Epoch  155 | Train e:  96.74, T l:  0.0992 | Val e:  77.90 , Val l: 0.3639 | Test e:  75.04 
| Epoch  156 | Train e:  96.78, T l:  0.1009 | Val e:  78.36 , Val l: 0.3603 | Test e:  74.90 
| Epoch  157 | Train e:  96.83, T l:  0.0984 | Val e:  78.36 , Val l: 0.3449 | Test e:  75.36 
| Epoch  158 | Train e:  96.66, T l:  0.0985 | Val e:  77.53 , Val l: 0.3745 | Test e:  74.93 
| Epoch  159 | Train e:  96.90, T l:  0.0981 | Val e:  78.03 , Val l: 0.3641 | Test e:  75.25 
| Epoch  160 | Train e:  96.94, T l:  0.0982 | Val e:  77.65 , Val l: 0.3512 | Test e:  74.93 
| Epoch  161 | Train e:  97.01, T l:  0.0975 | Val e:  77.69 , Val l: 0.3623 | Test e:  74.92 
| Epoch  162 | Train e:  96.94, T l:  0.0972 | Val e:  78.13 , Val l: 0.3540 | Test e:  75.21 
| Epoch  163 | Train e:  96.89, T l:  0.0971 | Val e:  78.41 , Val l: 0.3490 | Test e:  75.05 
| Epoch  164 | Train e:  97.00, T l:  0.0952 | Val e:  77.83 , Val l: 0.3687 | Test e:  74.97 
| Epoch  165 | Train e:  96.89, T l:  0.0966 | Val e:  78.36 , Val l: 0.3561 | Test e:  74.81 
| Epoch  166 | Train e:  97.05, T l:  0.0947 | Val e:  77.99 , Val l: 0.3572 | Test e:  75.20 
| Epoch  167 | Train e:  97.07, T l:  0.0962 | Val e:  78.21 , Val l: 0.3550 | Test e:  75.36 
| Epoch  168 | Train e:  97.11, T l:  0.0950 | Val e:  77.80 , Val l: 0.3626 | Test e:  75.11 
| Epoch  169 | Train e:  97.18, T l:  0.0949 | Val e:  77.71 , Val l: 0.3591 | Test e:  75.29 
| Epoch  170 | Train e:  97.17, T l:  0.0938 | Val e:  78.20 , Val l: 0.3543 | Test e:  75.50 
| Epoch  171 | Train e:  97.16, T l:  0.0939 | Val e:  77.62 , Val l: 0.3655 | Test e:  74.77 
| Epoch  172 | Train e:  97.16, T l:  0.0935 | Val e:  77.80 , Val l: 0.3598 | Test e:  74.85 
| Epoch  173 | Train e:  97.12, T l:  0.0941 | Val e:  77.90 , Val l: 0.3770 | Test e:  75.05 
| Epoch  174 | Train e:  97.21, T l:  0.0922 | Val e:  77.85 , Val l: 0.3770 | Test e:  75.11 
| Epoch  175 | Train e:  97.21, T l:  0.0922 | Val e:  77.86 , Val l: 0.3706 | Test e:  74.91 
| Epoch  176 | Train e:  97.33, T l:  0.0924 | Val e:  77.96 , Val l: 0.3663 | Test e:  75.13 
| Epoch  177 | Train e:  97.37, T l:  0.0928 | Val e:  78.09 , Val l: 0.3538 | Test e:  75.15 
| Epoch  178 | Train e:  97.22, T l:  0.0924 | Val e:  78.05 , Val l: 0.3699 | Test e:  74.84 
| Epoch  179 | Train e:  97.33, T l:  0.0915 | Val e:  78.08 , Val l: 0.3607 | Test e:  75.05 
| Epoch  180 | Train e:  97.30, T l:  0.0902 | Val e:  77.73 , Val l: 0.3820 | Test e:  74.81 
| Epoch  181 | Train e:  97.38, T l:  0.0914 | Val e:  77.73 , Val l: 0.3668 | Test e:  74.59 
| Epoch  182 | Train e:  97.31, T l:  0.0923 | Val e:  77.60 , Val l: 0.3758 | Test e:  74.82 
| Epoch  183 | Train e:  97.46, T l:  0.0908 | Val e:  77.70 , Val l: 0.3689 | Test e:  75.15 
| Epoch  184 | Train e:  97.41, T l:  0.0898 | Val e:  77.77 , Val l: 0.3739 | Test e:  74.94 
| Epoch  185 | Train e:  97.37, T l:  0.0893 | Val e:  77.51 , Val l: 0.3728 | Test e:  74.66 
| Epoch  186 | Train e:  97.44, T l:  0.0898 | Val e:  77.60 , Val l: 0.3850 | Test e:  74.79 
| Epoch  187 | Train e:  97.45, T l:  0.0894 | Val e:  77.83 , Val l: 0.3718 | Test e:  74.76 
| Epoch  188 | Train e:  97.40, T l:  0.0893 | Val e:  77.78 , Val l: 0.3875 | Test e:  74.87 
| Epoch  189 | Train e:  97.41, T l:  0.0888 | Val e:  77.91 , Val l: 0.3772 | Test e:  74.94 
| Epoch  190 | Train e:  97.46, T l:  0.0887 | Val e:  77.78 , Val l: 0.3821 | Test e:  74.93 
| Epoch  191 | Train e:  97.44, T l:  0.0888 | Val e:  77.50 , Val l: 0.3801 | Test e:  74.68 
| Epoch  192 | Train e:  97.46, T l:  0.0888 | Val e:  77.64 , Val l: 0.3814 | Test e:  74.78 
| Epoch  193 | Train e:  97.43, T l:  0.0864 | Val e:  77.51 , Val l: 0.3858 | Test e:  74.64 
| Epoch  194 | Train e:  97.46, T l:  0.0887 | Val e:  77.53 , Val l: 0.3843 | Test e:  74.83 
| Epoch  195 | Train e:  97.47, T l:  0.0882 | Val e:  77.61 , Val l: 0.3783 | Test e:  74.75 
| Epoch  196 | Train e:  97.48, T l:  0.0873 | Val e:  77.58 , Val l: 0.3824 | Test e:  74.83 
| Epoch  197 | Train e:  97.49, T l:  0.0870 | Val e:  77.67 , Val l: 0.3817 | Test e:  74.89 
| Epoch  198 | Train e:  97.48, T l:  0.0881 | Val e:  77.68 , Val l: 0.3813 | Test e:  74.88 
| Epoch  199 | Train e:  97.49, T l:  0.0873 | Val e:  77.70 , Val l: 0.3805 | Test e:  74.88 
