

===============================================
2023-01-12 14:24:14

main_nm.py --n 4 --m 1 --device 0

None

dataset: ogbg-moltox21
use_val_loss: False
epochs: 200
scheduler: linear
warmup: 20
patience: 25
batch_size: 32
lr: 0.0001
weight_decay: 0.0001
clustering: False
masked_attention: True
gconv_dim: 256
tlayer_dim: 256
gconv_dropout: 0.5
tlayer_dropout: 0.5
num_layers: 8
num_heads: 8
skip_connection: none
readout: cls
seeds: 2023
save_state: False
n: 4
m: 1



| Epoch    0 | Train e:  43.56, T l:  0.6247 | Val e:  50.14 , Val l: 0.4342 | Test e:  47.65 
| Epoch    1 | Train e:  45.94, T l:  0.3708 | Val e:  52.83 , Val l: 0.3073 | Test e:  51.19 
| Epoch    2 | Train e:  49.23, T l:  0.2789 | Val e:  53.90 , Val l: 0.3069 | Test e:  53.54 
| Epoch    3 | Train e:  51.69, T l:  0.2570 | Val e:  54.94 , Val l: 0.3132 | Test e:  55.51 
| Epoch    4 | Train e:  54.74, T l:  0.2500 | Val e:  56.80 , Val l: 0.3180 | Test e:  58.09 
| Epoch    5 | Train e:  54.35, T l:  0.2464 | Val e:  58.47 , Val l: 0.3213 | Test e:  58.65 
| Epoch    6 | Train e:  57.58, T l:  0.2424 | Val e:  61.47 , Val l: 0.3090 | Test e:  61.52 
| Epoch    7 | Train e:  64.20, T l:  0.2375 | Val e:  62.26 , Val l: 0.3089 | Test e:  62.72 
| Epoch    8 | Train e:  66.20, T l:  0.2341 | Val e:  63.21 , Val l: 0.3057 | Test e:  63.89 
| Epoch    9 | Train e:  68.15, T l:  0.2311 | Val e:  65.62 , Val l: 0.2920 | Test e:  65.80 
| Epoch   10 | Train e:  71.26, T l:  0.2265 | Val e:  70.42 , Val l: 0.2850 | Test e:  66.68 
| Epoch   11 | Train e:  71.36, T l:  0.2182 | Val e:  68.37 , Val l: 0.3278 | Test e:  63.62 
| Epoch   12 | Train e:  73.79, T l:  0.2155 | Val e:  72.03 , Val l: 0.2926 | Test e:  68.78 
| Epoch   13 | Train e:  74.90, T l:  0.2130 | Val e:  72.54 , Val l: 0.2918 | Test e:  68.88 
| Epoch   14 | Train e:  74.85, T l:  0.2099 | Val e:  71.96 , Val l: 0.3115 | Test e:  66.98 
| Epoch   15 | Train e:  76.55, T l:  0.2083 | Val e:  74.44 , Val l: 0.2931 | Test e:  69.87 
| Epoch   16 | Train e:  77.10, T l:  0.2062 | Val e:  75.21 , Val l: 0.2650 | Test e:  71.86 
| Epoch   17 | Train e:  76.32, T l:  0.2057 | Val e:  74.26 , Val l: 0.2656 | Test e:  71.37 
| Epoch   18 | Train e:  78.76, T l:  0.2038 | Val e:  76.19 , Val l: 0.2662 | Test e:  72.37 
| Epoch   19 | Train e:  78.52, T l:  0.2024 | Val e:  76.01 , Val l: 0.2609 | Test e:  72.57 
| Epoch   20 | Train e:  79.36, T l:  0.2013 | Val e:  76.87 , Val l: 0.2667 | Test e:  72.73 
| Epoch   21 | Train e:  79.20, T l:  0.1997 | Val e:  75.53 , Val l: 0.2836 | Test e:  71.22 
| Epoch   22 | Train e:  80.08, T l:  0.2000 | Val e:  77.24 , Val l: 0.2561 | Test e:  73.52 
| Epoch   23 | Train e:  80.16, T l:  0.1977 | Val e:  76.60 , Val l: 0.2736 | Test e:  72.23 
| Epoch   24 | Train e:  80.52, T l:  0.1943 | Val e:  76.83 , Val l: 0.2884 | Test e:  72.51 
| Epoch   25 | Train e:  81.14, T l:  0.1950 | Val e:  78.14 , Val l: 0.2550 | Test e:  73.77 
| Epoch   26 | Train e:  81.32, T l:  0.1936 | Val e:  77.99 , Val l: 0.2642 | Test e:  74.09 
| Epoch   27 | Train e:  81.65, T l:  0.1931 | Val e:  78.00 , Val l: 0.2557 | Test e:  74.24 
| Epoch   28 | Train e:  81.77, T l:  0.1923 | Val e:  78.41 , Val l: 0.2570 | Test e:  73.98 
| Epoch   29 | Train e:  82.72, T l:  0.1905 | Val e:  78.20 , Val l: 0.2500 | Test e:  75.55 
| Epoch   30 | Train e:  82.85, T l:  0.1896 | Val e:  78.69 , Val l: 0.2584 | Test e:  74.57 
| Epoch   31 | Train e:  83.27, T l:  0.1885 | Val e:  78.42 , Val l: 0.2516 | Test e:  74.47 
| Epoch   32 | Train e:  83.87, T l:  0.1874 | Val e:  78.68 , Val l: 0.2563 | Test e:  74.16 
| Epoch   33 | Train e:  83.33, T l:  0.1858 | Val e:  78.86 , Val l: 0.2569 | Test e:  74.35 
| Epoch   34 | Train e:  84.89, T l:  0.1864 | Val e:  79.23 , Val l: 0.2562 | Test e:  75.26 
| Epoch   35 | Train e:  84.79, T l:  0.1822 | Val e:  78.78 , Val l: 0.2532 | Test e:  75.78 
| Epoch   36 | Train e:  85.09, T l:  0.1832 | Val e:  79.07 , Val l: 0.2504 | Test e:  74.99 
| Epoch   37 | Train e:  84.91, T l:  0.1819 | Val e:  79.03 , Val l: 0.2532 | Test e:  75.81 
| Epoch   38 | Train e:  85.43, T l:  0.1818 | Val e:  79.43 , Val l: 0.2564 | Test e:  74.82 
| Epoch   39 | Train e:  85.41, T l:  0.1809 | Val e:  78.07 , Val l: 0.2636 | Test e:  74.47 
| Epoch   40 | Train e:  86.13, T l:  0.1808 | Val e:  79.13 , Val l: 0.2555 | Test e:  75.68 
| Epoch   41 | Train e:  86.52, T l:  0.1785 | Val e:  79.87 , Val l: 0.2452 | Test e:  75.94 
| Epoch   42 | Train e:  86.47, T l:  0.1779 | Val e:  79.44 , Val l: 0.2537 | Test e:  74.91 
| Epoch   43 | Train e:  86.49, T l:  0.1769 | Val e:  79.76 , Val l: 0.2487 | Test e:  75.13 
| Epoch   44 | Train e:  86.32, T l:  0.1767 | Val e:  79.95 , Val l: 0.2489 | Test e:  75.65 
| Epoch   45 | Train e:  86.80, T l:  0.1762 | Val e:  80.03 , Val l: 0.2550 | Test e:  75.71 
| Epoch   46 | Train e:  86.49, T l:  0.1741 | Val e:  79.84 , Val l: 0.2491 | Test e:  75.58 
| Epoch   47 | Train e:  86.66, T l:  0.1752 | Val e:  79.39 , Val l: 0.2547 | Test e:  75.00 
| Epoch   48 | Train e:  86.89, T l:  0.1725 | Val e:  79.52 , Val l: 0.2486 | Test e:  74.77 
| Epoch   49 | Train e:  87.26, T l:  0.1739 | Val e:  80.00 , Val l: 0.2495 | Test e:  76.59 
| Epoch   50 | Train e:  86.59, T l:  0.1722 | Val e:  79.30 , Val l: 0.2519 | Test e:  75.82 
| Epoch   51 | Train e:  87.38, T l:  0.1723 | Val e:  79.80 , Val l: 0.2496 | Test e:  76.12 
| Epoch   52 | Train e:  87.21, T l:  0.1704 | Val e:  79.22 , Val l: 0.2509 | Test e:  75.78 
| Epoch   53 | Train e:  87.34, T l:  0.1715 | Val e:  79.98 , Val l: 0.2426 | Test e:  75.78 
| Epoch   54 | Train e:  87.36, T l:  0.1701 | Val e:  79.65 , Val l: 0.2516 | Test e:  75.74 
| Epoch   55 | Train e:  87.70, T l:  0.1692 | Val e:  80.22 , Val l: 0.2435 | Test e:  75.79 
| Epoch   56 | Train e:  87.61, T l:  0.1691 | Val e:  79.57 , Val l: 0.2546 | Test e:  75.66 
| Epoch   57 | Train e:  87.69, T l:  0.1685 | Val e:  79.73 , Val l: 0.2503 | Test e:  76.02 
| Epoch   58 | Train e:  87.81, T l:  0.1685 | Val e:  80.13 , Val l: 0.2509 | Test e:  75.54 
| Epoch   59 | Train e:  87.65, T l:  0.1693 | Val e:  79.76 , Val l: 0.2514 | Test e:  75.39 
| Epoch   60 | Train e:  87.71, T l:  0.1687 | Val e:  79.52 , Val l: 0.2525 | Test e:  76.12 
| Epoch   61 | Train e:  87.86, T l:  0.1647 | Val e:  79.95 , Val l: 0.2483 | Test e:  76.29 
| Epoch   62 | Train e:  87.84, T l:  0.1662 | Val e:  79.76 , Val l: 0.2586 | Test e:  75.31 
| Epoch   63 | Train e:  88.33, T l:  0.1655 | Val e:  79.85 , Val l: 0.2476 | Test e:  76.81 
| Epoch   64 | Train e:  87.97, T l:  0.1651 | Val e:  78.63 , Val l: 0.2556 | Test e:  76.21 
| Epoch   65 | Train e:  88.20, T l:  0.1646 | Val e:  79.77 , Val l: 0.2495 | Test e:  76.16 
| Epoch   66 | Train e:  88.40, T l:  0.1654 | Val e:  80.10 , Val l: 0.2521 | Test e:  76.51 
| Epoch   67 | Train e:  88.46, T l:  0.1652 | Val e:  80.06 , Val l: 0.2506 | Test e:  76.81 
| Epoch   68 | Train e:  88.14, T l:  0.1647 | Val e:  80.32 , Val l: 0.2439 | Test e:  76.31 
| Epoch   69 | Train e:  88.11, T l:  0.1643 | Val e:  79.48 , Val l: 0.2487 | Test e:  76.20 
| Epoch   70 | Train e:  88.40, T l:  0.1639 | Val e:  79.50 , Val l: 0.2491 | Test e:  75.92 
| Epoch   71 | Train e:  88.41, T l:  0.1629 | Val e:  79.76 , Val l: 0.2496 | Test e:  77.40 
| Epoch   72 | Train e:  88.38, T l:  0.1628 | Val e:  80.48 , Val l: 0.2486 | Test e:  76.99 
| Epoch   73 | Train e:  88.65, T l:  0.1630 | Val e:  79.92 , Val l: 0.2464 | Test e:  76.30 
| Epoch   74 | Train e:  88.90, T l:  0.1613 | Val e:  80.24 , Val l: 0.2472 | Test e:  76.65 
| Epoch   75 | Train e:  88.78, T l:  0.1611 | Val e:  80.08 , Val l: 0.2442 | Test e:  76.18 
| Epoch   76 | Train e:  88.84, T l:  0.1602 | Val e:  80.62 , Val l: 0.2445 | Test e:  76.66 
| Epoch   77 | Train e:  88.85, T l:  0.1606 | Val e:  80.14 , Val l: 0.2537 | Test e:  76.60 
| Epoch   78 | Train e:  89.01, T l:  0.1637 | Val e:  79.74 , Val l: 0.2462 | Test e:  77.40 
| Epoch   79 | Train e:  89.12, T l:  0.1596 | Val e:  79.96 , Val l: 0.2461 | Test e:  77.38 
| Epoch   80 | Train e:  89.07, T l:  0.1586 | Val e:  80.09 , Val l: 0.2476 | Test e:  76.89 
| Epoch   81 | Train e:  89.13, T l:  0.1597 | Val e:  80.07 , Val l: 0.2526 | Test e:  76.74 
| Epoch   82 | Train e:  89.15, T l:  0.1602 | Val e:  79.99 , Val l: 0.2535 | Test e:  77.69 
| Epoch   83 | Train e:  89.19, T l:  0.1591 | Val e:  80.46 , Val l: 0.2408 | Test e:  77.25 
| Epoch   84 | Train e:  89.38, T l:  0.1594 | Val e:  79.97 , Val l: 0.2448 | Test e:  77.08 
| Epoch   85 | Train e:  89.09, T l:  0.1580 | Val e:  79.57 , Val l: 0.2548 | Test e:  76.38 
| Epoch   86 | Train e:  89.27, T l:  0.1565 | Val e:  80.36 , Val l: 0.2441 | Test e:  77.09 
| Epoch   87 | Train e:  89.49, T l:  0.1573 | Val e:  79.35 , Val l: 0.2521 | Test e:  77.59 
| Epoch   88 | Train e:  89.50, T l:  0.1579 | Val e:  80.14 , Val l: 0.2445 | Test e:  77.39 
| Epoch   89 | Train e:  89.50, T l:  0.1561 | Val e:  79.67 , Val l: 0.2599 | Test e:  77.01 
| Epoch   90 | Train e:  89.34, T l:  0.1577 | Val e:  80.29 , Val l: 0.2432 | Test e:  77.43 
| Epoch   91 | Train e:  89.57, T l:  0.1551 | Val e:  79.74 , Val l: 0.2606 | Test e:  77.41 
| Epoch   92 | Train e:  89.65, T l:  0.1574 | Val e:  79.70 , Val l: 0.2489 | Test e:  77.22 
| Epoch   93 | Train e:  89.43, T l:  0.1555 | Val e:  80.38 , Val l: 0.2461 | Test e:  76.72 
| Epoch   94 | Train e:  89.72, T l:  0.1544 | Val e:  80.51 , Val l: 0.2412 | Test e:  77.54 
| Epoch   95 | Train e:  89.67, T l:  0.1562 | Val e:  80.29 , Val l: 0.2520 | Test e:  77.37 
| Epoch   96 | Train e:  89.80, T l:  0.1554 | Val e:  80.11 , Val l: 0.2472 | Test e:  76.77 
| Epoch   97 | Train e:  89.61, T l:  0.1556 | Val e:  79.92 , Val l: 0.2483 | Test e:  76.55 
| Epoch   98 | Train e:  89.94, T l:  0.1536 | Val e:  80.25 , Val l: 0.2496 | Test e:  77.32 
| Epoch   99 | Train e:  89.96, T l:  0.1537 | Val e:  79.97 , Val l: 0.2455 | Test e:  78.03 
| Epoch  100 | Train e:  89.60, T l:  0.1526 | Val e:  79.40 , Val l: 0.2546 | Test e:  76.79 
| Epoch  101 | Train e:  89.97, T l:  0.1524 | Val e:  80.06 , Val l: 0.2510 | Test e:  77.32 
| Epoch  102 | Train e:  89.93, T l:  0.1548 | Val e:  80.78 , Val l: 0.2439 | Test e:  77.19 
| Epoch  103 | Train e:  89.84, T l:  0.1529 | Val e:  79.95 , Val l: 0.2486 | Test e:  77.11 
| Epoch  104 | Train e:  89.96, T l:  0.1515 | Val e:  80.22 , Val l: 0.2458 | Test e:  76.97 
| Epoch  105 | Train e:  90.13, T l:  0.1523 | Val e:  80.44 , Val l: 0.2499 | Test e:  77.38 
| Epoch  106 | Train e:  90.25, T l:  0.1506 | Val e:  80.07 , Val l: 0.2524 | Test e:  77.56 
| Epoch  107 | Train e:  90.29, T l:  0.1511 | Val e:  80.60 , Val l: 0.2494 | Test e:  77.59 
| Epoch  108 | Train e:  90.30, T l:  0.1509 | Val e:  80.58 , Val l: 0.2488 | Test e:  77.49 
| Epoch  109 | Train e:  90.23, T l:  0.1511 | Val e:  80.39 , Val l: 0.2487 | Test e:  76.63 
| Epoch  110 | Train e:  90.12, T l:  0.1508 | Val e:  79.82 , Val l: 0.2576 | Test e:  76.68 
| Epoch  111 | Train e:  90.40, T l:  0.1500 | Val e:  80.50 , Val l: 0.2509 | Test e:  77.75 
| Epoch  112 | Train e:  90.22, T l:  0.1508 | Val e:  80.59 , Val l: 0.2464 | Test e:  76.43 
| Epoch  113 | Train e:  90.39, T l:  0.1500 | Val e:  80.18 , Val l: 0.2495 | Test e:  76.61 
| Epoch  114 | Train e:  90.51, T l:  0.1493 | Val e:  80.36 , Val l: 0.2488 | Test e:  76.42 
| Epoch  115 | Train e:  90.60, T l:  0.1488 | Val e:  80.20 , Val l: 0.2519 | Test e:  77.19 
| Epoch  116 | Train e:  90.44, T l:  0.1485 | Val e:  80.40 , Val l: 0.2581 | Test e:  77.06 
| Epoch  117 | Train e:  90.66, T l:  0.1485 | Val e:  80.39 , Val l: 0.2496 | Test e:  76.87 
| Epoch  118 | Train e:  90.60, T l:  0.1484 | Val e:  80.41 , Val l: 0.2478 | Test e:  76.95 
| Epoch  119 | Train e:  90.50, T l:  0.1484 | Val e:  79.49 , Val l: 0.2527 | Test e:  75.89 
| Epoch  120 | Train e:  90.57, T l:  0.1477 | Val e:  79.88 , Val l: 0.2473 | Test e:  76.65 
| Epoch  121 | Train e:  90.43, T l:  0.1479 | Val e:  80.48 , Val l: 0.2472 | Test e:  76.91 
| Epoch  122 | Train e:  90.71, T l:  0.1492 | Val e:  80.28 , Val l: 0.2547 | Test e:  76.77 
| Epoch  123 | Train e:  90.58, T l:  0.1483 | Val e:  80.05 , Val l: 0.2500 | Test e:  76.23 
| Epoch  124 | Train e:  90.74, T l:  0.1457 | Val e:  79.46 , Val l: 0.2621 | Test e:  76.75 
| Epoch  125 | Train e:  90.60, T l:  0.1471 | Val e:  79.81 , Val l: 0.2471 | Test e:  76.81 
| Epoch  126 | Train e:  90.89, T l:  0.1476 | Val e:  80.01 , Val l: 0.2507 | Test e:  77.46 
| Epoch  127 | Train e:  90.95, T l:  0.1474 | Val e:  80.52 , Val l: 0.2534 | Test e:  77.49 
| Epoch  128 | Train e:  90.85, T l:  0.1466 | Val e:  79.98 , Val l: 0.2481 | Test e:  77.06 
| Epoch  129 | Train e:  90.83, T l:  0.1446 | Val e:  80.08 , Val l: 0.2504 | Test e:  76.37 
| Epoch  130 | Train e:  90.97, T l:  0.1451 | Val e:  79.43 , Val l: 0.2517 | Test e:  77.12 
| Epoch  131 | Train e:  91.06, T l:  0.1446 | Val e:  79.95 , Val l: 0.2541 | Test e:  76.72 
| Epoch  132 | Train e:  91.02, T l:  0.1449 | Val e:  79.78 , Val l: 0.2528 | Test e:  76.65 
| Epoch  133 | Train e:  91.17, T l:  0.1447 | Val e:  80.19 , Val l: 0.2510 | Test e:  76.95 
| Epoch  134 | Train e:  91.05, T l:  0.1444 | Val e:  79.60 , Val l: 0.2555 | Test e:  77.15 
| Epoch  135 | Train e:  91.29, T l:  0.1458 | Val e:  80.07 , Val l: 0.2509 | Test e:  77.40 
| Epoch  136 | Train e:  91.09, T l:  0.1433 | Val e:  80.25 , Val l: 0.2522 | Test e:  77.02 
| Epoch  137 | Train e:  91.14, T l:  0.1447 | Val e:  80.04 , Val l: 0.2558 | Test e:  76.92 
| Epoch  138 | Train e:  91.26, T l:  0.1445 | Val e:  79.81 , Val l: 0.2556 | Test e:  76.96 
| Epoch  139 | Train e:  91.25, T l:  0.1432 | Val e:  79.74 , Val l: 0.2555 | Test e:  77.48 
| Epoch  140 | Train e:  91.31, T l:  0.1431 | Val e:  80.20 , Val l: 0.2524 | Test e:  77.20 
| Epoch  141 | Train e:  91.36, T l:  0.1424 | Val e:  80.36 , Val l: 0.2542 | Test e:  76.88 
| Epoch  142 | Train e:  91.34, T l:  0.1432 | Val e:  80.54 , Val l: 0.2490 | Test e:  76.91 
| Epoch  143 | Train e:  91.02, T l:  0.1430 | Val e:  79.86 , Val l: 0.2566 | Test e:  76.56 
| Epoch  144 | Train e:  91.09, T l:  0.1426 | Val e:  79.09 , Val l: 0.2528 | Test e:  75.94 
| Epoch  145 | Train e:  91.30, T l:  0.1419 | Val e:  80.03 , Val l: 0.2589 | Test e:  76.37 
| Epoch  146 | Train e:  91.48, T l:  0.1427 | Val e:  79.49 , Val l: 0.2554 | Test e:  76.99 
| Epoch  147 | Train e:  91.05, T l:  0.1420 | Val e:  79.48 , Val l: 0.2657 | Test e:  76.64 
| Epoch  148 | Train e:  91.47, T l:  0.1411 | Val e:  79.64 , Val l: 0.2613 | Test e:  76.77 
| Epoch  149 | Train e:  91.46, T l:  0.1424 | Val e:  80.39 , Val l: 0.2530 | Test e:  77.06 
| Epoch  150 | Train e:  91.44, T l:  0.1404 | Val e:  79.83 , Val l: 0.2578 | Test e:  76.50 
| Epoch  151 | Train e:  91.48, T l:  0.1416 | Val e:  79.84 , Val l: 0.2561 | Test e:  76.87 
| Epoch  152 | Train e:  91.66, T l:  0.1407 | Val e:  79.90 , Val l: 0.2551 | Test e:  76.54 
| Epoch  153 | Train e:  91.60, T l:  0.1404 | Val e:  80.11 , Val l: 0.2580 | Test e:  76.75 
| Epoch  154 | Train e:  91.46, T l:  0.1402 | Val e:  79.78 , Val l: 0.2571 | Test e:  76.56 
| Epoch  155 | Train e:  91.64, T l:  0.1385 | Val e:  80.14 , Val l: 0.2592 | Test e:  76.92 
| Epoch  156 | Train e:  91.86, T l:  0.1403 | Val e:  80.53 , Val l: 0.2517 | Test e:  76.84 
| Epoch  157 | Train e:  91.60, T l:  0.1390 | Val e:  79.89 , Val l: 0.2545 | Test e:  76.73 
| Epoch  158 | Train e:  91.73, T l:  0.1405 | Val e:  80.05 , Val l: 0.2547 | Test e:  77.55 
| Epoch  159 | Train e:  91.62, T l:  0.1395 | Val e:  79.78 , Val l: 0.2602 | Test e:  76.96 
| Epoch  160 | Train e:  91.75, T l:  0.1396 | Val e:  79.80 , Val l: 0.2615 | Test e:  77.50 
| Epoch  161 | Train e:  91.87, T l:  0.1395 | Val e:  80.22 , Val l: 0.2582 | Test e:  77.37 
| Epoch  162 | Train e:  91.67, T l:  0.1382 | Val e:  79.69 , Val l: 0.2619 | Test e:  76.55 
| Epoch  163 | Train e:  91.76, T l:  0.1388 | Val e:  79.79 , Val l: 0.2586 | Test e:  76.64 
| Epoch  164 | Train e:  91.60, T l:  0.1390 | Val e:  79.54 , Val l: 0.2527 | Test e:  76.16 
| Epoch  165 | Train e:  91.70, T l:  0.1381 | Val e:  79.45 , Val l: 0.2607 | Test e:  76.88 
| Epoch  166 | Train e:  91.99, T l:  0.1385 | Val e:  79.69 , Val l: 0.2616 | Test e:  77.37 
| Epoch  167 | Train e:  91.89, T l:  0.1385 | Val e:  79.60 , Val l: 0.2603 | Test e:  76.97 
| Epoch  168 | Train e:  91.95, T l:  0.1385 | Val e:  79.79 , Val l: 0.2580 | Test e:  76.68 
| Epoch  169 | Train e:  91.87, T l:  0.1387 | Val e:  79.87 , Val l: 0.2612 | Test e:  77.27 
| Epoch  170 | Train e:  91.80, T l:  0.1378 | Val e:  79.93 , Val l: 0.2600 | Test e:  76.68 
| Epoch  171 | Train e:  91.64, T l:  0.1368 | Val e:  79.68 , Val l: 0.2586 | Test e:  76.35 
| Epoch  172 | Train e:  92.00, T l:  0.1375 | Val e:  80.20 , Val l: 0.2581 | Test e:  77.17 
| Epoch  173 | Train e:  91.86, T l:  0.1380 | Val e:  79.68 , Val l: 0.2633 | Test e:  76.71 
| Epoch  174 | Train e:  92.04, T l:  0.1363 | Val e:  79.83 , Val l: 0.2608 | Test e:  77.09 
| Epoch  175 | Train e:  91.98, T l:  0.1376 | Val e:  79.95 , Val l: 0.2578 | Test e:  77.04 
| Epoch  176 | Train e:  92.10, T l:  0.1364 | Val e:  80.07 , Val l: 0.2585 | Test e:  77.08 
| Epoch  177 | Train e:  91.97, T l:  0.1372 | Val e:  79.62 , Val l: 0.2619 | Test e:  76.49 
| Epoch  178 | Train e:  91.95, T l:  0.1363 | Val e:  79.91 , Val l: 0.2596 | Test e:  76.36 
| Epoch  179 | Train e:  91.95, T l:  0.1365 | Val e:  79.74 , Val l: 0.2620 | Test e:  76.39 
| Epoch  180 | Train e:  92.05, T l:  0.1355 | Val e:  79.99 , Val l: 0.2606 | Test e:  76.71 
| Epoch  181 | Train e:  92.09, T l:  0.1365 | Val e:  79.94 , Val l: 0.2594 | Test e:  76.66 
| Epoch  182 | Train e:  92.03, T l:  0.1363 | Val e:  80.12 , Val l: 0.2586 | Test e:  76.72 
| Epoch  183 | Train e:  92.05, T l:  0.1353 | Val e:  79.96 , Val l: 0.2605 | Test e:  76.76 
| Epoch  184 | Train e:  92.09, T l:  0.1363 | Val e:  79.92 , Val l: 0.2606 | Test e:  76.60 
| Epoch  185 | Train e:  92.12, T l:  0.1358 | Val e:  80.03 , Val l: 0.2608 | Test e:  76.54 
| Epoch  186 | Train e:  92.11, T l:  0.1358 | Val e:  79.81 , Val l: 0.2603 | Test e:  76.52 
| Epoch  187 | Train e:  92.12, T l:  0.1350 | Val e:  79.73 , Val l: 0.2628 | Test e:  76.66 
| Epoch  188 | Train e:  92.14, T l:  0.1343 | Val e:  79.86 , Val l: 0.2623 | Test e:  76.59 
| Epoch  189 | Train e:  92.15, T l:  0.1349 | Val e:  79.93 , Val l: 0.2603 | Test e:  76.57 
| Epoch  190 | Train e:  92.17, T l:  0.1357 | Val e:  79.90 , Val l: 0.2607 | Test e:  76.61 
| Epoch  191 | Train e:  92.15, T l:  0.1353 | Val e:  79.89 , Val l: 0.2608 | Test e:  76.43 
| Epoch  192 | Train e:  92.22, T l:  0.1342 | Val e:  79.82 , Val l: 0.2612 | Test e:  76.54 
| Epoch  193 | Train e:  92.18, T l:  0.1353 | Val e:  79.88 , Val l: 0.2626 | Test e:  76.66 
| Epoch  194 | Train e:  92.18, T l:  0.1343 | Val e:  79.96 , Val l: 0.2623 | Test e:  76.60 
| Epoch  195 | Train e:  92.16, T l:  0.1334 | Val e:  79.96 , Val l: 0.2604 | Test e:  76.54 
| Epoch  196 | Train e:  92.20, T l:  0.1332 | Val e:  80.03 , Val l: 0.2601 | Test e:  76.61 
| Epoch  197 | Train e:  92.22, T l:  0.1345 | Val e:  80.02 , Val l: 0.2600 | Test e:  76.57 
| Epoch  198 | Train e:  92.21, T l:  0.1348 | Val e:  79.96 , Val l: 0.2610 | Test e:  76.59 
| Epoch  199 | Train e:  92.21, T l:  0.1356 | Val e:  79.97 , Val l: 0.2609 | Test e:  76.59 
