

===============================================
2023-01-12 10:38:28

main_nm.py --n 1 --m 2 --device 1

None

dataset: ogbg-moltox21
use_val_loss: False
epochs: 200
scheduler: linear
warmup: 20
patience: 25
batch_size: 32
lr: 0.0001
weight_decay: 0.0001
clustering: False
masked_attention: True
gconv_dim: 256
tlayer_dim: 256
gconv_dropout: 0.5
tlayer_dropout: 0.5
num_layers: 8
num_heads: 8
skip_connection: none
readout: cls
seeds: 2023
save_state: False
n: 1
m: 2



| Epoch    0 | Train e:  50.91, T l:  0.5714 | Val e:  53.24 , Val l: 0.3256 | Test e:  52.55 
| Epoch    1 | Train e:  55.81, T l:  0.3176 | Val e:  56.62 , Val l: 0.3050 | Test e:  57.14 
| Epoch    2 | Train e:  58.75, T l:  0.2642 | Val e:  58.82 , Val l: 0.3100 | Test e:  59.64 
| Epoch    3 | Train e:  60.09, T l:  0.2517 | Val e:  60.20 , Val l: 0.3124 | Test e:  60.47 
| Epoch    4 | Train e:  61.09, T l:  0.2473 | Val e:  60.69 , Val l: 0.3133 | Test e:  61.01 
| Epoch    5 | Train e:  60.61, T l:  0.2433 | Val e:  61.19 , Val l: 0.3035 | Test e:  61.50 
| Epoch    6 | Train e:  63.61, T l:  0.2366 | Val e:  64.05 , Val l: 0.2989 | Test e:  63.13 
| Epoch    7 | Train e:  66.90, T l:  0.2331 | Val e:  65.91 , Val l: 0.2989 | Test e:  65.16 
| Epoch    8 | Train e:  71.35, T l:  0.2282 | Val e:  69.44 , Val l: 0.2871 | Test e:  68.54 
| Epoch    9 | Train e:  73.66, T l:  0.2187 | Val e:  71.31 , Val l: 0.2865 | Test e:  69.67 
| Epoch   10 | Train e:  74.67, T l:  0.2139 | Val e:  73.75 , Val l: 0.2801 | Test e:  70.55 
| Epoch   11 | Train e:  74.90, T l:  0.2090 | Val e:  74.06 , Val l: 0.2844 | Test e:  70.42 
| Epoch   12 | Train e:  74.66, T l:  0.2077 | Val e:  73.99 , Val l: 0.2809 | Test e:  70.01 
| Epoch   13 | Train e:  75.97, T l:  0.2052 | Val e:  75.46 , Val l: 0.2748 | Test e:  70.72 
| Epoch   14 | Train e:  75.99, T l:  0.2029 | Val e:  74.60 , Val l: 0.2842 | Test e:  71.18 
| Epoch   15 | Train e:  78.37, T l:  0.2015 | Val e:  76.64 , Val l: 0.3022 | Test e:  72.46 
| Epoch   16 | Train e:  79.49, T l:  0.2011 | Val e:  77.38 , Val l: 0.2622 | Test e:  73.96 
| Epoch   17 | Train e:  79.93, T l:  0.1998 | Val e:  76.96 , Val l: 0.2629 | Test e:  74.29 
| Epoch   18 | Train e:  80.76, T l:  0.1968 | Val e:  77.61 , Val l: 0.2861 | Test e:  74.84 
| Epoch   19 | Train e:  81.15, T l:  0.1956 | Val e:  77.69 , Val l: 0.2643 | Test e:  75.47 
| Epoch   20 | Train e:  81.86, T l:  0.1944 | Val e:  77.24 , Val l: 0.2778 | Test e:  75.27 
| Epoch   21 | Train e:  83.34, T l:  0.1932 | Val e:  78.46 , Val l: 0.2591 | Test e:  74.85 
| Epoch   22 | Train e:  83.75, T l:  0.1904 | Val e:  78.16 , Val l: 0.2666 | Test e:  75.09 
| Epoch   23 | Train e:  83.55, T l:  0.1888 | Val e:  77.66 , Val l: 0.2710 | Test e:  75.63 
| Epoch   24 | Train e:  83.71, T l:  0.1850 | Val e:  77.48 , Val l: 0.3145 | Test e:  74.69 
| Epoch   25 | Train e:  84.72, T l:  0.1874 | Val e:  78.63 , Val l: 0.2721 | Test e:  75.12 
| Epoch   26 | Train e:  84.72, T l:  0.1832 | Val e:  78.84 , Val l: 0.2600 | Test e:  75.19 
| Epoch   27 | Train e:  85.62, T l:  0.1830 | Val e:  79.25 , Val l: 0.2602 | Test e:  76.03 
| Epoch   28 | Train e:  86.12, T l:  0.1799 | Val e:  79.20 , Val l: 0.2668 | Test e:  75.58 
| Epoch   29 | Train e:  86.06, T l:  0.1777 | Val e:  79.22 , Val l: 0.2532 | Test e:  75.55 
| Epoch   30 | Train e:  85.76, T l:  0.1795 | Val e:  79.17 , Val l: 0.2589 | Test e:  74.62 
| Epoch   31 | Train e:  86.35, T l:  0.1774 | Val e:  79.06 , Val l: 0.2554 | Test e:  76.19 
| Epoch   32 | Train e:  86.84, T l:  0.1747 | Val e:  79.59 , Val l: 0.2661 | Test e:  75.58 
| Epoch   33 | Train e:  85.84, T l:  0.1763 | Val e:  79.76 , Val l: 0.2581 | Test e:  76.19 
| Epoch   34 | Train e:  87.54, T l:  0.1737 | Val e:  79.43 , Val l: 0.2602 | Test e:  76.67 
| Epoch   35 | Train e:  87.35, T l:  0.1729 | Val e:  79.80 , Val l: 0.2639 | Test e:  76.36 
| Epoch   36 | Train e:  87.74, T l:  0.1698 | Val e:  79.91 , Val l: 0.2464 | Test e:  76.47 
| Epoch   37 | Train e:  87.60, T l:  0.1693 | Val e:  79.03 , Val l: 0.2727 | Test e:  76.91 
| Epoch   38 | Train e:  87.32, T l:  0.1707 | Val e:  79.20 , Val l: 0.2563 | Test e:  74.95 
| Epoch   39 | Train e:  87.55, T l:  0.1697 | Val e:  79.79 , Val l: 0.2634 | Test e:  75.63 
| Epoch   40 | Train e:  88.49, T l:  0.1684 | Val e:  80.32 , Val l: 0.2538 | Test e:  76.25 
| Epoch   41 | Train e:  88.48, T l:  0.1681 | Val e:  80.31 , Val l: 0.2394 | Test e:  76.08 
| Epoch   42 | Train e:  88.65, T l:  0.1660 | Val e:  79.96 , Val l: 0.2560 | Test e:  77.05 
| Epoch   43 | Train e:  88.93, T l:  0.1664 | Val e:  80.36 , Val l: 0.2502 | Test e:  76.98 
| Epoch   44 | Train e:  89.15, T l:  0.1644 | Val e:  78.95 , Val l: 0.2573 | Test e:  75.95 
| Epoch   45 | Train e:  88.45, T l:  0.1627 | Val e:  80.04 , Val l: 0.2707 | Test e:  76.02 
| Epoch   46 | Train e:  89.00, T l:  0.1624 | Val e:  80.34 , Val l: 0.2512 | Test e:  75.63 
| Epoch   47 | Train e:  89.08, T l:  0.1638 | Val e:  79.82 , Val l: 0.2616 | Test e:  75.97 
| Epoch   48 | Train e:  89.21, T l:  0.1595 | Val e:  79.69 , Val l: 0.2711 | Test e:  76.87 
| Epoch   49 | Train e:  89.55, T l:  0.1614 | Val e:  81.00 , Val l: 0.2537 | Test e:  77.17 
| Epoch   50 | Train e:  88.80, T l:  0.1586 | Val e:  79.60 , Val l: 0.2569 | Test e:  76.51 
| Epoch   51 | Train e:  89.78, T l:  0.1600 | Val e:  80.15 , Val l: 0.2482 | Test e:  76.85 
| Epoch   52 | Train e:  89.97, T l:  0.1567 | Val e:  80.06 , Val l: 0.2527 | Test e:  77.06 
| Epoch   53 | Train e:  89.98, T l:  0.1577 | Val e:  81.12 , Val l: 0.2451 | Test e:  77.20 
| Epoch   54 | Train e:  90.09, T l:  0.1572 | Val e:  80.52 , Val l: 0.2469 | Test e:  76.75 
| Epoch   55 | Train e:  89.26, T l:  0.1572 | Val e:  79.70 , Val l: 0.2531 | Test e:  76.57 
| Epoch   56 | Train e:  90.25, T l:  0.1565 | Val e:  80.30 , Val l: 0.2560 | Test e:  75.89 
| Epoch   57 | Train e:  89.95, T l:  0.1556 | Val e:  80.14 , Val l: 0.2507 | Test e:  76.72 
| Epoch   58 | Train e:  90.34, T l:  0.1539 | Val e:  80.92 , Val l: 0.2517 | Test e:  76.77 
| Epoch   59 | Train e:  90.09, T l:  0.1542 | Val e:  79.62 , Val l: 0.2625 | Test e:  76.22 
| Epoch   60 | Train e:  90.27, T l:  0.1536 | Val e:  80.27 , Val l: 0.2548 | Test e:  76.32 
| Epoch   61 | Train e:  90.35, T l:  0.1517 | Val e:  80.06 , Val l: 0.2667 | Test e:  76.53 
| Epoch   62 | Train e:  90.46, T l:  0.1517 | Val e:  79.67 , Val l: 0.2650 | Test e:  76.11 
| Epoch   63 | Train e:  90.54, T l:  0.1503 | Val e:  80.54 , Val l: 0.2631 | Test e:  77.03 
| Epoch   64 | Train e:  90.31, T l:  0.1508 | Val e:  80.10 , Val l: 0.2727 | Test e:  76.34 
| Epoch   65 | Train e:  90.31, T l:  0.1505 | Val e:  80.96 , Val l: 0.2518 | Test e:  76.28 
| Epoch   66 | Train e:  90.93, T l:  0.1503 | Val e:  80.97 , Val l: 0.2570 | Test e:  76.68 
| Epoch   67 | Train e:  90.57, T l:  0.1478 | Val e:  80.74 , Val l: 0.2548 | Test e:  75.60 
| Epoch   68 | Train e:  91.27, T l:  0.1490 | Val e:  81.36 , Val l: 0.2523 | Test e:  77.40 
| Epoch   69 | Train e:  91.47, T l:  0.1480 | Val e:  80.97 , Val l: 0.2525 | Test e:  76.94 
| Epoch   70 | Train e:  91.14, T l:  0.1475 | Val e:  81.09 , Val l: 0.2536 | Test e:  77.09 
| Epoch   71 | Train e:  91.07, T l:  0.1476 | Val e:  80.88 , Val l: 0.2623 | Test e:  77.03 
| Epoch   72 | Train e:  91.41, T l:  0.1460 | Val e:  80.41 , Val l: 0.2635 | Test e:  76.35 
| Epoch   73 | Train e:  91.62, T l:  0.1440 | Val e:  80.79 , Val l: 0.2526 | Test e:  76.75 
| Epoch   74 | Train e:  91.51, T l:  0.1445 | Val e:  80.38 , Val l: 0.2659 | Test e:  76.52 
| Epoch   75 | Train e:  91.50, T l:  0.1460 | Val e:  80.64 , Val l: 0.2575 | Test e:  76.29 
| Epoch   76 | Train e:  91.71, T l:  0.1451 | Val e:  80.73 , Val l: 0.2558 | Test e:  76.92 
| Epoch   77 | Train e:  92.10, T l:  0.1428 | Val e:  81.27 , Val l: 0.2524 | Test e:  77.40 
| Epoch   78 | Train e:  91.66, T l:  0.1434 | Val e:  81.01 , Val l: 0.2590 | Test e:  76.79 
| Epoch   79 | Train e:  92.22, T l:  0.1423 | Val e:  79.82 , Val l: 0.2683 | Test e:  77.01 
| Epoch   80 | Train e:  91.87, T l:  0.1419 | Val e:  80.30 , Val l: 0.2717 | Test e:  76.60 
| Epoch   81 | Train e:  91.84, T l:  0.1402 | Val e:  80.18 , Val l: 0.2723 | Test e:  76.39 
| Epoch   82 | Train e:  92.32, T l:  0.1411 | Val e:  80.23 , Val l: 0.2624 | Test e:  77.20 
| Epoch   83 | Train e:  92.17, T l:  0.1396 | Val e:  81.16 , Val l: 0.2569 | Test e:  76.24 
| Epoch   84 | Train e:  92.39, T l:  0.1403 | Val e:  80.51 , Val l: 0.2561 | Test e:  76.24 
| Epoch   85 | Train e:  92.37, T l:  0.1386 | Val e:  81.20 , Val l: 0.2567 | Test e:  76.52 
| Epoch   86 | Train e:  91.97, T l:  0.1392 | Val e:  80.61 , Val l: 0.2602 | Test e:  75.40 
| Epoch   87 | Train e:  92.69, T l:  0.1394 | Val e:  80.10 , Val l: 0.2637 | Test e:  77.05 
| Epoch   88 | Train e:  92.75, T l:  0.1379 | Val e:  80.57 , Val l: 0.2589 | Test e:  77.30 
| Epoch   89 | Train e:  92.67, T l:  0.1387 | Val e:  80.67 , Val l: 0.2586 | Test e:  76.60 
| Epoch   90 | Train e:  92.61, T l:  0.1368 | Val e:  79.65 , Val l: 0.2691 | Test e:  76.24 
| Epoch   91 | Train e:  93.00, T l:  0.1365 | Val e:  80.25 , Val l: 0.2640 | Test e:  77.73 
| Epoch   92 | Train e:  92.92, T l:  0.1367 | Val e:  80.22 , Val l: 0.2664 | Test e:  77.05 
| Epoch   93 | Train e:  92.74, T l:  0.1358 | Val e:  80.12 , Val l: 0.2750 | Test e:  75.52 
| Epoch   94 | Train e:  92.72, T l:  0.1347 | Val e:  80.60 , Val l: 0.2738 | Test e:  76.68 
| Epoch   95 | Train e:  92.98, T l:  0.1348 | Val e:  80.06 , Val l: 0.2642 | Test e:  76.73 
| Epoch   96 | Train e:  93.14, T l:  0.1346 | Val e:  79.75 , Val l: 0.2769 | Test e:  76.70 
| Epoch   97 | Train e:  93.11, T l:  0.1336 | Val e:  79.89 , Val l: 0.2796 | Test e:  75.86 
| Epoch   98 | Train e:  93.22, T l:  0.1328 | Val e:  79.67 , Val l: 0.2733 | Test e:  76.64 
| Epoch   99 | Train e:  93.43, T l:  0.1330 | Val e:  80.05 , Val l: 0.2644 | Test e:  76.83 
| Epoch  100 | Train e:  92.90, T l:  0.1331 | Val e:  79.90 , Val l: 0.2939 | Test e:  75.79 
| Epoch  101 | Train e:  93.19, T l:  0.1307 | Val e:  79.65 , Val l: 0.2954 | Test e:  75.91 
| Epoch  102 | Train e:  92.97, T l:  0.1315 | Val e:  79.53 , Val l: 0.2806 | Test e:  75.61 
| Epoch  103 | Train e:  93.39, T l:  0.1307 | Val e:  80.06 , Val l: 0.2763 | Test e:  76.30 
| Epoch  104 | Train e:  93.52, T l:  0.1303 | Val e:  80.70 , Val l: 0.2717 | Test e:  76.25 
| Epoch  105 | Train e:  93.57, T l:  0.1301 | Val e:  80.49 , Val l: 0.2730 | Test e:  76.48 
| Epoch  106 | Train e:  93.67, T l:  0.1294 | Val e:  78.99 , Val l: 0.2886 | Test e:  75.77 
| Epoch  107 | Train e:  93.28, T l:  0.1279 | Val e:  77.89 , Val l: 0.3074 | Test e:  74.66 
| Epoch  108 | Train e:  93.70, T l:  0.1284 | Val e:  79.25 , Val l: 0.2859 | Test e:  75.13 
| Epoch  109 | Train e:  93.47, T l:  0.1297 | Val e:  79.32 , Val l: 0.2840 | Test e:  75.72 
| Epoch  110 | Train e:  93.78, T l:  0.1281 | Val e:  79.82 , Val l: 0.2785 | Test e:  75.67 
| Epoch  111 | Train e:  93.98, T l:  0.1279 | Val e:  79.48 , Val l: 0.2819 | Test e:  76.76 
| Epoch  112 | Train e:  93.94, T l:  0.1268 | Val e:  79.06 , Val l: 0.2768 | Test e:  75.64 
| Epoch  113 | Train e:  94.01, T l:  0.1266 | Val e:  78.85 , Val l: 0.2844 | Test e:  75.78 
| Epoch  114 | Train e:  93.86, T l:  0.1262 | Val e:  79.98 , Val l: 0.2842 | Test e:  76.22 
| Epoch  115 | Train e:  94.05, T l:  0.1250 | Val e:  79.71 , Val l: 0.2890 | Test e:  76.13 
| Epoch  116 | Train e:  94.34, T l:  0.1259 | Val e:  78.97 , Val l: 0.2890 | Test e:  75.87 
| Epoch  117 | Train e:  94.11, T l:  0.1248 | Val e:  79.98 , Val l: 0.2794 | Test e:  75.70 
| Epoch  118 | Train e:  94.15, T l:  0.1238 | Val e:  79.50 , Val l: 0.2958 | Test e:  75.95 
| Epoch  119 | Train e:  94.12, T l:  0.1244 | Val e:  78.98 , Val l: 0.2909 | Test e:  76.57 
| Epoch  120 | Train e:  94.23, T l:  0.1234 | Val e:  78.63 , Val l: 0.2914 | Test e:  75.49 
| Epoch  121 | Train e:  94.63, T l:  0.1228 | Val e:  79.19 , Val l: 0.2881 | Test e:  76.56 
| Epoch  122 | Train e:  94.74, T l:  0.1229 | Val e:  78.76 , Val l: 0.2890 | Test e:  75.91 
| Epoch  123 | Train e:  94.12, T l:  0.1216 | Val e:  79.12 , Val l: 0.2962 | Test e:  75.25 
| Epoch  124 | Train e:  94.20, T l:  0.1226 | Val e:  78.16 , Val l: 0.3061 | Test e:  74.59 
| Epoch  125 | Train e:  94.42, T l:  0.1205 | Val e:  79.45 , Val l: 0.2928 | Test e:  75.89 
| Epoch  126 | Train e:  94.66, T l:  0.1191 | Val e:  79.15 , Val l: 0.2841 | Test e:  75.76 
| Epoch  127 | Train e:  94.78, T l:  0.1191 | Val e:  79.37 , Val l: 0.2952 | Test e:  75.96 
| Epoch  128 | Train e:  94.52, T l:  0.1193 | Val e:  79.10 , Val l: 0.3017 | Test e:  75.54 
| Epoch  129 | Train e:  94.77, T l:  0.1197 | Val e:  78.70 , Val l: 0.2857 | Test e:  75.66 
| Epoch  130 | Train e:  94.70, T l:  0.1173 | Val e:  78.30 , Val l: 0.3081 | Test e:  75.38 
| Epoch  131 | Train e:  94.99, T l:  0.1200 | Val e:  78.76 , Val l: 0.3141 | Test e:  75.89 
| Epoch  132 | Train e:  94.85, T l:  0.1167 | Val e:  79.03 , Val l: 0.3176 | Test e:  76.08 
| Epoch  133 | Train e:  94.92, T l:  0.1187 | Val e:  78.82 , Val l: 0.3080 | Test e:  76.22 
| Epoch  134 | Train e:  94.94, T l:  0.1187 | Val e:  78.53 , Val l: 0.2984 | Test e:  75.82 
| Epoch  135 | Train e:  94.94, T l:  0.1165 | Val e:  78.01 , Val l: 0.3129 | Test e:  75.52 
| Epoch  136 | Train e:  95.12, T l:  0.1165 | Val e:  78.26 , Val l: 0.3224 | Test e:  75.31 
| Epoch  137 | Train e:  95.11, T l:  0.1163 | Val e:  78.44 , Val l: 0.3099 | Test e:  75.76 
| Epoch  138 | Train e:  95.29, T l:  0.1166 | Val e:  78.90 , Val l: 0.3015 | Test e:  76.10 
| Epoch  139 | Train e:  95.30, T l:  0.1148 | Val e:  78.44 , Val l: 0.3208 | Test e:  75.83 
| Epoch  140 | Train e:  95.19, T l:  0.1138 | Val e:  78.30 , Val l: 0.3017 | Test e:  75.87 
| Epoch  141 | Train e:  95.00, T l:  0.1132 | Val e:  78.14 , Val l: 0.3153 | Test e:  74.97 
| Epoch  142 | Train e:  95.36, T l:  0.1143 | Val e:  78.43 , Val l: 0.3049 | Test e:  76.40 
| Epoch  143 | Train e:  95.21, T l:  0.1151 | Val e:  77.48 , Val l: 0.3120 | Test e:  75.46 
| Epoch  144 | Train e:  95.16, T l:  0.1124 | Val e:  78.30 , Val l: 0.3247 | Test e:  75.60 
| Epoch  145 | Train e:  95.24, T l:  0.1148 | Val e:  77.87 , Val l: 0.3245 | Test e:  75.14 
| Epoch  146 | Train e:  95.55, T l:  0.1125 | Val e:  78.57 , Val l: 0.3180 | Test e:  75.48 
| Epoch  147 | Train e:  95.27, T l:  0.1126 | Val e:  78.17 , Val l: 0.3567 | Test e:  74.92 
| Epoch  148 | Train e:  95.22, T l:  0.1115 | Val e:  77.84 , Val l: 0.3216 | Test e:  75.30 
| Epoch  149 | Train e:  95.57, T l:  0.1108 | Val e:  78.19 , Val l: 0.3206 | Test e:  76.30 
| Epoch  150 | Train e:  95.60, T l:  0.1108 | Val e:  78.14 , Val l: 0.3154 | Test e:  76.14 
| Epoch  151 | Train e:  95.68, T l:  0.1094 | Val e:  78.50 , Val l: 0.3211 | Test e:  76.36 
| Epoch  152 | Train e:  95.49, T l:  0.1103 | Val e:  78.00 , Val l: 0.3184 | Test e:  75.29 
| Epoch  153 | Train e:  95.62, T l:  0.1112 | Val e:  78.49 , Val l: 0.3428 | Test e:  75.03 
| Epoch  154 | Train e:  95.31, T l:  0.1098 | Val e:  77.54 , Val l: 0.3340 | Test e:  74.51 
| Epoch  155 | Train e:  95.66, T l:  0.1088 | Val e:  77.82 , Val l: 0.3282 | Test e:  75.38 
| Epoch  156 | Train e:  95.82, T l:  0.1101 | Val e:  78.42 , Val l: 0.3211 | Test e:  76.06 
| Epoch  157 | Train e:  95.82, T l:  0.1090 | Val e:  78.08 , Val l: 0.3213 | Test e:  75.76 
| Epoch  158 | Train e:  95.60, T l:  0.1082 | Val e:  77.52 , Val l: 0.3613 | Test e:  74.74 
| Epoch  159 | Train e:  95.81, T l:  0.1095 | Val e:  78.05 , Val l: 0.3278 | Test e:  75.49 
| Epoch  160 | Train e:  95.85, T l:  0.1068 | Val e:  77.93 , Val l: 0.3351 | Test e:  75.76 
| Epoch  161 | Train e:  95.82, T l:  0.1081 | Val e:  77.93 , Val l: 0.3258 | Test e:  75.85 
| Epoch  162 | Train e:  95.95, T l:  0.1064 | Val e:  78.03 , Val l: 0.3210 | Test e:  75.89 
| Epoch  163 | Train e:  96.00, T l:  0.1074 | Val e:  78.18 , Val l: 0.3404 | Test e:  75.58 
| Epoch  164 | Train e:  95.81, T l:  0.1065 | Val e:  78.24 , Val l: 0.3334 | Test e:  74.78 
| Epoch  165 | Train e:  95.80, T l:  0.1040 | Val e:  77.94 , Val l: 0.3352 | Test e:  74.80 
| Epoch  166 | Train e:  95.89, T l:  0.1060 | Val e:  78.20 , Val l: 0.3351 | Test e:  75.04 
| Epoch  167 | Train e:  96.09, T l:  0.1050 | Val e:  78.15 , Val l: 0.3364 | Test e:  75.36 
| Epoch  168 | Train e:  95.93, T l:  0.1053 | Val e:  77.82 , Val l: 0.3388 | Test e:  74.89 
| Epoch  169 | Train e:  96.20, T l:  0.1043 | Val e:  77.58 , Val l: 0.3347 | Test e:  75.22 
| Epoch  170 | Train e:  96.02, T l:  0.1053 | Val e:  78.03 , Val l: 0.3448 | Test e:  75.17 
| Epoch  171 | Train e:  96.03, T l:  0.1040 | Val e:  77.60 , Val l: 0.3437 | Test e:  74.60 
| Epoch  172 | Train e:  96.13, T l:  0.1045 | Val e:  78.00 , Val l: 0.3458 | Test e:  75.35 
| Epoch  173 | Train e:  96.02, T l:  0.1020 | Val e:  77.89 , Val l: 0.3580 | Test e:  74.78 
| Epoch  174 | Train e:  96.06, T l:  0.1027 | Val e:  77.36 , Val l: 0.3599 | Test e:  74.98 
| Epoch  175 | Train e:  96.16, T l:  0.1027 | Val e:  77.58 , Val l: 0.3508 | Test e:  74.94 
| Epoch  176 | Train e:  96.13, T l:  0.1025 | Val e:  78.17 , Val l: 0.3536 | Test e:  75.25 
| Epoch  177 | Train e:  96.18, T l:  0.1017 | Val e:  77.25 , Val l: 0.3487 | Test e:  74.84 
| Epoch  178 | Train e:  96.23, T l:  0.1026 | Val e:  77.57 , Val l: 0.3501 | Test e:  75.30 
| Epoch  179 | Train e:  96.14, T l:  0.1023 | Val e:  77.36 , Val l: 0.3662 | Test e:  74.94 
| Epoch  180 | Train e:  96.34, T l:  0.1013 | Val e:  77.45 , Val l: 0.3457 | Test e:  75.22 
| Epoch  181 | Train e:  96.39, T l:  0.1025 | Val e:  77.69 , Val l: 0.3440 | Test e:  75.26 
| Epoch  182 | Train e:  96.28, T l:  0.1010 | Val e:  77.55 , Val l: 0.3558 | Test e:  75.01 
| Epoch  183 | Train e:  96.45, T l:  0.0998 | Val e:  77.74 , Val l: 0.3487 | Test e:  75.15 
| Epoch  184 | Train e:  96.41, T l:  0.1009 | Val e:  77.24 , Val l: 0.3489 | Test e:  75.28 
| Epoch  185 | Train e:  96.37, T l:  0.1004 | Val e:  77.61 , Val l: 0.3471 | Test e:  75.15 
| Epoch  186 | Train e:  96.38, T l:  0.0993 | Val e:  77.39 , Val l: 0.3620 | Test e:  74.89 
| Epoch  187 | Train e:  96.35, T l:  0.1003 | Val e:  77.10 , Val l: 0.3536 | Test e:  74.61 
| Epoch  188 | Train e:  96.40, T l:  0.0989 | Val e:  77.63 , Val l: 0.3551 | Test e:  74.94 
| Epoch  189 | Train e:  96.39, T l:  0.0990 | Val e:  77.47 , Val l: 0.3578 | Test e:  74.86 
| Epoch  190 | Train e:  96.43, T l:  0.0991 | Val e:  77.23 , Val l: 0.3498 | Test e:  74.71 
| Epoch  191 | Train e:  96.45, T l:  0.1006 | Val e:  77.48 , Val l: 0.3559 | Test e:  74.81 
| Epoch  192 | Train e:  96.43, T l:  0.0996 | Val e:  77.20 , Val l: 0.3526 | Test e:  74.82 
| Epoch  193 | Train e:  96.45, T l:  0.0987 | Val e:  77.35 , Val l: 0.3549 | Test e:  74.79 
| Epoch  194 | Train e:  96.44, T l:  0.0983 | Val e:  77.42 , Val l: 0.3567 | Test e:  74.63 
| Epoch  195 | Train e:  96.44, T l:  0.0984 | Val e:  77.37 , Val l: 0.3557 | Test e:  74.70 
| Epoch  196 | Train e:  96.45, T l:  0.0981 | Val e:  77.45 , Val l: 0.3576 | Test e:  74.79 
| Epoch  197 | Train e:  96.47, T l:  0.0993 | Val e:  77.45 , Val l: 0.3558 | Test e:  74.87 
| Epoch  198 | Train e:  96.47, T l:  0.0973 | Val e:  77.39 , Val l: 0.3564 | Test e:  74.80 
| Epoch  199 | Train e:  96.47, T l:  0.0980 | Val e:  77.37 , Val l: 0.3562 | Test e:  74.80 
