

===============================================
2023-01-12 14:24:33

main_nm.py --n 4 --m 2 --device 2

None

dataset: ogbg-moltox21
use_val_loss: False
epochs: 200
scheduler: linear
warmup: 20
patience: 25
batch_size: 32
lr: 0.0001
weight_decay: 0.0001
clustering: False
masked_attention: True
gconv_dim: 256
tlayer_dim: 256
gconv_dropout: 0.5
tlayer_dropout: 0.5
num_layers: 8
num_heads: 8
skip_connection: none
readout: cls
seeds: 2023
save_state: False
n: 4
m: 2



| Epoch    0 | Train e:  37.78, T l:  0.5838 | Val e:  44.56 , Val l: 0.3441 | Test e:  42.56 
| Epoch    1 | Train e:  44.91, T l:  0.3307 | Val e:  49.95 , Val l: 0.3047 | Test e:  47.52 
| Epoch    2 | Train e:  48.11, T l:  0.2671 | Val e:  52.61 , Val l: 0.3105 | Test e:  50.42 
| Epoch    3 | Train e:  53.34, T l:  0.2531 | Val e:  57.93 , Val l: 0.3144 | Test e:  56.38 
| Epoch    4 | Train e:  54.94, T l:  0.2479 | Val e:  58.90 , Val l: 0.3174 | Test e:  56.87 
| Epoch    5 | Train e:  53.66, T l:  0.2459 | Val e:  57.90 , Val l: 0.3194 | Test e:  55.28 
| Epoch    6 | Train e:  58.16, T l:  0.2423 | Val e:  62.69 , Val l: 0.3065 | Test e:  60.64 
| Epoch    7 | Train e:  63.37, T l:  0.2364 | Val e:  62.87 , Val l: 0.3093 | Test e:  62.26 
| Epoch    8 | Train e:  64.53, T l:  0.2339 | Val e:  62.34 , Val l: 0.3028 | Test e:  62.82 
| Epoch    9 | Train e:  66.65, T l:  0.2307 | Val e:  64.26 , Val l: 0.2968 | Test e:  64.59 
| Epoch   10 | Train e:  67.94, T l:  0.2297 | Val e:  65.14 , Val l: 0.2959 | Test e:  65.58 
| Epoch   11 | Train e:  71.09, T l:  0.2258 | Val e:  67.35 , Val l: 0.2984 | Test e:  65.69 
| Epoch   12 | Train e:  73.33, T l:  0.2210 | Val e:  71.42 , Val l: 0.2987 | Test e:  67.24 
| Epoch   13 | Train e:  74.33, T l:  0.2142 | Val e:  72.72 , Val l: 0.2873 | Test e:  68.75 
| Epoch   14 | Train e:  75.25, T l:  0.2104 | Val e:  73.15 , Val l: 0.3068 | Test e:  68.45 
| Epoch   15 | Train e:  76.37, T l:  0.2090 | Val e:  74.43 , Val l: 0.2916 | Test e:  70.74 
| Epoch   16 | Train e:  76.92, T l:  0.2073 | Val e:  74.88 , Val l: 0.2633 | Test e:  72.00 
| Epoch   17 | Train e:  77.02, T l:  0.2047 | Val e:  75.23 , Val l: 0.2741 | Test e:  71.47 
| Epoch   18 | Train e:  77.89, T l:  0.2035 | Val e:  74.42 , Val l: 0.2751 | Test e:  71.53 
| Epoch   19 | Train e:  78.48, T l:  0.2023 | Val e:  76.32 , Val l: 0.2678 | Test e:  72.07 
| Epoch   20 | Train e:  77.76, T l:  0.2010 | Val e:  76.97 , Val l: 0.2869 | Test e:  72.16 
| Epoch   21 | Train e:  78.87, T l:  0.1987 | Val e:  75.78 , Val l: 0.2762 | Test e:  71.83 
| Epoch   22 | Train e:  79.63, T l:  0.1977 | Val e:  77.35 , Val l: 0.2578 | Test e:  73.86 
| Epoch   23 | Train e:  79.47, T l:  0.1996 | Val e:  76.79 , Val l: 0.2686 | Test e:  72.79 
| Epoch   24 | Train e:  79.65, T l:  0.1957 | Val e:  76.84 , Val l: 0.2614 | Test e:  73.97 
| Epoch   25 | Train e:  80.39, T l:  0.1955 | Val e:  77.17 , Val l: 0.2776 | Test e:  73.69 
| Epoch   26 | Train e:  80.36, T l:  0.1941 | Val e:  77.78 , Val l: 0.2701 | Test e:  74.18 
| Epoch   27 | Train e:  80.66, T l:  0.1945 | Val e:  77.92 , Val l: 0.2511 | Test e:  74.31 
| Epoch   28 | Train e:  80.78, T l:  0.1918 | Val e:  78.21 , Val l: 0.2615 | Test e:  74.08 
| Epoch   29 | Train e:  81.17, T l:  0.1911 | Val e:  78.71 , Val l: 0.2531 | Test e:  74.54 
| Epoch   30 | Train e:  81.48, T l:  0.1906 | Val e:  78.41 , Val l: 0.2533 | Test e:  74.17 
| Epoch   31 | Train e:  81.32, T l:  0.1919 | Val e:  77.85 , Val l: 0.2546 | Test e:  73.66 
| Epoch   32 | Train e:  82.13, T l:  0.1903 | Val e:  79.05 , Val l: 0.2522 | Test e:  74.34 
| Epoch   33 | Train e:  81.99, T l:  0.1897 | Val e:  78.07 , Val l: 0.2650 | Test e:  73.81 
| Epoch   34 | Train e:  82.63, T l:  0.1906 | Val e:  78.91 , Val l: 0.2505 | Test e:  75.31 
| Epoch   35 | Train e:  82.67, T l:  0.1873 | Val e:  78.65 , Val l: 0.2555 | Test e:  74.79 
| Epoch   36 | Train e:  82.94, T l:  0.1872 | Val e:  79.37 , Val l: 0.2447 | Test e:  75.12 
| Epoch   37 | Train e:  82.77, T l:  0.1856 | Val e:  77.84 , Val l: 0.2519 | Test e:  74.34 
| Epoch   38 | Train e:  84.21, T l:  0.1851 | Val e:  79.38 , Val l: 0.2438 | Test e:  75.67 
| Epoch   39 | Train e:  83.53, T l:  0.1849 | Val e:  78.68 , Val l: 0.2576 | Test e:  74.73 
| Epoch   40 | Train e:  84.15, T l:  0.1836 | Val e:  78.53 , Val l: 0.2594 | Test e:  75.35 
| Epoch   41 | Train e:  84.57, T l:  0.1824 | Val e:  79.68 , Val l: 0.2428 | Test e:  76.11 
| Epoch   42 | Train e:  85.32, T l:  0.1818 | Val e:  79.09 , Val l: 0.2497 | Test e:  75.54 
| Epoch   43 | Train e:  85.58, T l:  0.1790 | Val e:  79.22 , Val l: 0.2503 | Test e:  75.63 
| Epoch   44 | Train e:  85.90, T l:  0.1797 | Val e:  78.66 , Val l: 0.2497 | Test e:  75.82 
| Epoch   45 | Train e:  85.80, T l:  0.1774 | Val e:  79.05 , Val l: 0.2538 | Test e:  76.41 
| Epoch   46 | Train e:  86.10, T l:  0.1773 | Val e:  78.68 , Val l: 0.2605 | Test e:  75.22 
| Epoch   47 | Train e:  86.04, T l:  0.1783 | Val e:  78.39 , Val l: 0.2637 | Test e:  76.58 
| Epoch   48 | Train e:  86.20, T l:  0.1754 | Val e:  78.87 , Val l: 0.2552 | Test e:  76.40 
| Epoch   49 | Train e:  86.51, T l:  0.1767 | Val e:  79.36 , Val l: 0.2468 | Test e:  77.27 
| Epoch   50 | Train e:  86.45, T l:  0.1735 | Val e:  78.43 , Val l: 0.2501 | Test e:  76.80 
| Epoch   51 | Train e:  86.58, T l:  0.1741 | Val e:  78.71 , Val l: 0.2511 | Test e:  77.13 
| Epoch   52 | Train e:  86.71, T l:  0.1729 | Val e:  78.89 , Val l: 0.2535 | Test e:  77.73 
| Epoch   53 | Train e:  86.86, T l:  0.1717 | Val e:  79.33 , Val l: 0.2523 | Test e:  78.03 
| Epoch   54 | Train e:  86.65, T l:  0.1716 | Val e:  78.69 , Val l: 0.2531 | Test e:  77.60 
| Epoch   55 | Train e:  87.09, T l:  0.1723 | Val e:  79.41 , Val l: 0.2492 | Test e:  77.90 
| Epoch   56 | Train e:  87.25, T l:  0.1704 | Val e:  79.66 , Val l: 0.2523 | Test e:  77.82 
| Epoch   57 | Train e:  87.47, T l:  0.1701 | Val e:  79.96 , Val l: 0.2470 | Test e:  77.47 
| Epoch   58 | Train e:  87.45, T l:  0.1680 | Val e:  80.03 , Val l: 0.2465 | Test e:  77.03 
| Epoch   59 | Train e:  87.33, T l:  0.1688 | Val e:  79.74 , Val l: 0.2490 | Test e:  77.62 
| Epoch   60 | Train e:  87.08, T l:  0.1697 | Val e:  80.35 , Val l: 0.2425 | Test e:  78.38 
| Epoch   61 | Train e:  87.43, T l:  0.1686 | Val e:  80.54 , Val l: 0.2506 | Test e:  77.03 
| Epoch   62 | Train e:  87.71, T l:  0.1668 | Val e:  79.44 , Val l: 0.2575 | Test e:  77.92 
| Epoch   63 | Train e:  87.65, T l:  0.1674 | Val e:  79.54 , Val l: 0.2503 | Test e:  78.08 
| Epoch   64 | Train e:  87.73, T l:  0.1666 | Val e:  79.94 , Val l: 0.2507 | Test e:  78.33 
| Epoch   65 | Train e:  87.74, T l:  0.1657 | Val e:  80.06 , Val l: 0.2519 | Test e:  77.85 
| Epoch   66 | Train e:  88.01, T l:  0.1651 | Val e:  79.88 , Val l: 0.2519 | Test e:  78.09 
| Epoch   67 | Train e:  87.80, T l:  0.1664 | Val e:  80.75 , Val l: 0.2446 | Test e:  77.62 
| Epoch   68 | Train e:  87.63, T l:  0.1648 | Val e:  80.01 , Val l: 0.2488 | Test e:  78.31 
| Epoch   69 | Train e:  88.00, T l:  0.1633 | Val e:  80.26 , Val l: 0.2468 | Test e:  78.59 
| Epoch   70 | Train e:  87.87, T l:  0.1635 | Val e:  80.72 , Val l: 0.2467 | Test e:  78.08 
| Epoch   71 | Train e:  88.29, T l:  0.1632 | Val e:  80.32 , Val l: 0.2485 | Test e:  78.96 
| Epoch   72 | Train e:  88.27, T l:  0.1626 | Val e:  80.75 , Val l: 0.2481 | Test e:  79.14 
| Epoch   73 | Train e:  88.34, T l:  0.1616 | Val e:  79.71 , Val l: 0.2538 | Test e:  78.54 
| Epoch   74 | Train e:  88.24, T l:  0.1606 | Val e:  80.06 , Val l: 0.2593 | Test e:  78.62 
| Epoch   75 | Train e:  88.11, T l:  0.1611 | Val e:  80.34 , Val l: 0.2513 | Test e:  78.83 
| Epoch   76 | Train e:  88.51, T l:  0.1612 | Val e:  80.73 , Val l: 0.2540 | Test e:  79.14 
| Epoch   77 | Train e:  87.95, T l:  0.1613 | Val e:  79.84 , Val l: 0.2613 | Test e:  78.91 
| Epoch   78 | Train e:  88.04, T l:  0.1611 | Val e:  81.47 , Val l: 0.2448 | Test e:  79.05 
| Epoch   79 | Train e:  88.12, T l:  0.1601 | Val e:  80.65 , Val l: 0.2577 | Test e:  79.43 
| Epoch   80 | Train e:  88.65, T l:  0.1612 | Val e:  80.38 , Val l: 0.2588 | Test e:  78.95 
| Epoch   81 | Train e:  88.20, T l:  0.1602 | Val e:  81.01 , Val l: 0.2533 | Test e:  79.11 
| Epoch   82 | Train e:  88.58, T l:  0.1575 | Val e:  80.69 , Val l: 0.2621 | Test e:  78.71 
| Epoch   83 | Train e:  88.91, T l:  0.1579 | Val e:  80.91 , Val l: 0.2471 | Test e:  78.70 
| Epoch   84 | Train e:  88.79, T l:  0.1585 | Val e:  80.70 , Val l: 0.2474 | Test e:  78.58 
| Epoch   85 | Train e:  88.97, T l:  0.1583 | Val e:  80.87 , Val l: 0.2494 | Test e:  78.71 
| Epoch   86 | Train e:  88.62, T l:  0.1567 | Val e:  80.42 , Val l: 0.2501 | Test e:  77.77 
| Epoch   87 | Train e:  88.96, T l:  0.1568 | Val e:  80.82 , Val l: 0.2487 | Test e:  78.42 
| Epoch   88 | Train e:  89.18, T l:  0.1566 | Val e:  80.72 , Val l: 0.2569 | Test e:  78.86 
| Epoch   89 | Train e:  88.88, T l:  0.1568 | Val e:  80.52 , Val l: 0.2491 | Test e:  79.18 
| Epoch   90 | Train e:  89.21, T l:  0.1570 | Val e:  80.94 , Val l: 0.2454 | Test e:  78.74 
| Epoch   91 | Train e:  89.30, T l:  0.1552 | Val e:  81.48 , Val l: 0.2558 | Test e:  78.52 
| Epoch   92 | Train e:  89.10, T l:  0.1553 | Val e:  80.16 , Val l: 0.2615 | Test e:  79.09 
| Epoch   93 | Train e:  89.16, T l:  0.1561 | Val e:  81.18 , Val l: 0.2492 | Test e:  78.33 
| Epoch   94 | Train e:  89.30, T l:  0.1544 | Val e:  80.90 , Val l: 0.2470 | Test e:  78.22 
| Epoch   95 | Train e:  89.17, T l:  0.1544 | Val e:  80.31 , Val l: 0.2512 | Test e:  78.12 
| Epoch   96 | Train e:  89.07, T l:  0.1539 | Val e:  80.73 , Val l: 0.2508 | Test e:  78.16 
| Epoch   97 | Train e:  89.12, T l:  0.1546 | Val e:  80.00 , Val l: 0.2579 | Test e:  78.57 
| Epoch   98 | Train e:  89.42, T l:  0.1548 | Val e:  80.17 , Val l: 0.2559 | Test e:  78.47 
| Epoch   99 | Train e:  89.40, T l:  0.1533 | Val e:  81.15 , Val l: 0.2560 | Test e:  79.39 
| Epoch  100 | Train e:  89.36, T l:  0.1519 | Val e:  80.36 , Val l: 0.2677 | Test e:  78.60 
| Epoch  101 | Train e:  89.74, T l:  0.1537 | Val e:  80.81 , Val l: 0.2547 | Test e:  78.59 
| Epoch  102 | Train e:  89.78, T l:  0.1515 | Val e:  81.24 , Val l: 0.2509 | Test e:  78.55 
| Epoch  103 | Train e:  89.61, T l:  0.1520 | Val e:  80.87 , Val l: 0.2600 | Test e:  78.21 
| Epoch  104 | Train e:  89.71, T l:  0.1516 | Val e:  80.32 , Val l: 0.2676 | Test e:  78.08 
| Epoch  105 | Train e:  89.92, T l:  0.1526 | Val e:  81.06 , Val l: 0.2529 | Test e:  78.39 
| Epoch  106 | Train e:  89.58, T l:  0.1511 | Val e:  80.22 , Val l: 0.2570 | Test e:  78.59 
| Epoch  107 | Train e:  89.88, T l:  0.1519 | Val e:  80.88 , Val l: 0.2563 | Test e:  77.98 
| Epoch  108 | Train e:  89.90, T l:  0.1500 | Val e:  81.52 , Val l: 0.2554 | Test e:  77.78 
| Epoch  109 | Train e:  89.67, T l:  0.1505 | Val e:  80.70 , Val l: 0.2623 | Test e:  77.87 
| Epoch  110 | Train e:  89.46, T l:  0.1497 | Val e:  80.84 , Val l: 0.2771 | Test e:  77.78 
| Epoch  111 | Train e:  90.03, T l:  0.1502 | Val e:  81.45 , Val l: 0.2549 | Test e:  78.13 
| Epoch  112 | Train e:  89.99, T l:  0.1488 | Val e:  80.70 , Val l: 0.2534 | Test e:  77.74 
| Epoch  113 | Train e:  89.99, T l:  0.1490 | Val e:  80.04 , Val l: 0.2600 | Test e:  77.48 
| Epoch  114 | Train e:  90.25, T l:  0.1486 | Val e:  80.49 , Val l: 0.2586 | Test e:  77.68 
| Epoch  115 | Train e:  90.02, T l:  0.1485 | Val e:  80.91 , Val l: 0.2675 | Test e:  78.13 
| Epoch  116 | Train e:  90.32, T l:  0.1489 | Val e:  80.30 , Val l: 0.2523 | Test e:  78.33 
| Epoch  117 | Train e:  90.32, T l:  0.1470 | Val e:  81.03 , Val l: 0.2527 | Test e:  78.20 
| Epoch  118 | Train e:  90.30, T l:  0.1471 | Val e:  80.88 , Val l: 0.2606 | Test e:  78.59 
| Epoch  119 | Train e:  90.31, T l:  0.1473 | Val e:  80.78 , Val l: 0.2586 | Test e:  77.80 
| Epoch  120 | Train e:  90.30, T l:  0.1475 | Val e:  80.77 , Val l: 0.2625 | Test e:  78.00 
| Epoch  121 | Train e:  90.54, T l:  0.1483 | Val e:  80.59 , Val l: 0.2598 | Test e:  77.72 
| Epoch  122 | Train e:  90.53, T l:  0.1475 | Val e:  80.24 , Val l: 0.2536 | Test e:  77.78 
| Epoch  123 | Train e:  90.52, T l:  0.1463 | Val e:  80.67 , Val l: 0.2609 | Test e:  77.69 
| Epoch  124 | Train e:  90.20, T l:  0.1461 | Val e:  79.75 , Val l: 0.2724 | Test e:  77.26 
| Epoch  125 | Train e:  90.50, T l:  0.1460 | Val e:  81.00 , Val l: 0.2580 | Test e:  78.26 
| Epoch  126 | Train e:  90.66, T l:  0.1466 | Val e:  80.67 , Val l: 0.2566 | Test e:  77.35 
| Epoch  127 | Train e:  90.77, T l:  0.1451 | Val e:  81.29 , Val l: 0.2556 | Test e:  77.50 
| Epoch  128 | Train e:  90.63, T l:  0.1448 | Val e:  80.62 , Val l: 0.2613 | Test e:  77.94 
| Epoch  129 | Train e:  90.54, T l:  0.1450 | Val e:  80.37 , Val l: 0.2573 | Test e:  77.31 
| Epoch  130 | Train e:  90.63, T l:  0.1447 | Val e:  80.76 , Val l: 0.2574 | Test e:  77.88 
| Epoch  131 | Train e:  90.55, T l:  0.1435 | Val e:  79.90 , Val l: 0.2817 | Test e:  76.95 
| Epoch  132 | Train e:  90.69, T l:  0.1452 | Val e:  80.88 , Val l: 0.2636 | Test e:  77.70 
| Epoch  133 | Train e:  90.95, T l:  0.1448 | Val e:  80.22 , Val l: 0.2585 | Test e:  77.46 
| Epoch  134 | Train e:  90.79, T l:  0.1431 | Val e:  80.21 , Val l: 0.2673 | Test e:  77.77 
| Epoch  135 | Train e:  90.95, T l:  0.1446 | Val e:  80.51 , Val l: 0.2604 | Test e:  77.52 
| Epoch  136 | Train e:  90.90, T l:  0.1425 | Val e:  80.42 , Val l: 0.2651 | Test e:  77.56 
| Epoch  137 | Train e:  90.70, T l:  0.1441 | Val e:  79.64 , Val l: 0.2654 | Test e:  76.87 
| Epoch  138 | Train e:  90.77, T l:  0.1426 | Val e:  79.34 , Val l: 0.2693 | Test e:  77.46 
| Epoch  139 | Train e:  91.18, T l:  0.1428 | Val e:  80.33 , Val l: 0.2567 | Test e:  77.39 
| Epoch  140 | Train e:  90.94, T l:  0.1435 | Val e:  79.30 , Val l: 0.2681 | Test e:  77.27 
| Epoch  141 | Train e:  90.62, T l:  0.1423 | Val e:  79.28 , Val l: 0.2667 | Test e:  76.66 
| Epoch  142 | Train e:  91.06, T l:  0.1430 | Val e:  80.65 , Val l: 0.2628 | Test e:  77.30 
| Epoch  143 | Train e:  90.49, T l:  0.1423 | Val e:  79.04 , Val l: 0.2782 | Test e:  76.44 
| Epoch  144 | Train e:  90.99, T l:  0.1413 | Val e:  79.79 , Val l: 0.2623 | Test e:  77.51 
| Epoch  145 | Train e:  90.94, T l:  0.1416 | Val e:  80.45 , Val l: 0.2607 | Test e:  77.66 
| Epoch  146 | Train e:  90.95, T l:  0.1402 | Val e:  80.37 , Val l: 0.2586 | Test e:  77.77 
| Epoch  147 | Train e:  90.91, T l:  0.1402 | Val e:  79.93 , Val l: 0.2729 | Test e:  77.36 
| Epoch  148 | Train e:  91.33, T l:  0.1412 | Val e:  80.42 , Val l: 0.2661 | Test e:  77.57 
| Epoch  149 | Train e:  91.26, T l:  0.1400 | Val e:  80.83 , Val l: 0.2620 | Test e:  77.32 
| Epoch  150 | Train e:  91.25, T l:  0.1400 | Val e:  80.21 , Val l: 0.2660 | Test e:  76.95 
| Epoch  151 | Train e:  91.20, T l:  0.1395 | Val e:  79.86 , Val l: 0.2613 | Test e:  77.37 
| Epoch  152 | Train e:  91.31, T l:  0.1394 | Val e:  80.17 , Val l: 0.2666 | Test e:  77.47 
| Epoch  153 | Train e:  91.34, T l:  0.1399 | Val e:  80.10 , Val l: 0.2740 | Test e:  77.31 
| Epoch  154 | Train e:  91.20, T l:  0.1403 | Val e:  79.33 , Val l: 0.2752 | Test e:  77.35 
| Epoch  155 | Train e:  91.40, T l:  0.1395 | Val e:  79.79 , Val l: 0.2718 | Test e:  76.72 
| Epoch  156 | Train e:  91.63, T l:  0.1400 | Val e:  79.97 , Val l: 0.2685 | Test e:  77.23 
| Epoch  157 | Train e:  91.45, T l:  0.1386 | Val e:  79.83 , Val l: 0.2702 | Test e:  77.46 
| Epoch  158 | Train e:  91.30, T l:  0.1384 | Val e:  79.92 , Val l: 0.2675 | Test e:  76.94 
| Epoch  159 | Train e:  91.29, T l:  0.1378 | Val e:  79.43 , Val l: 0.2769 | Test e:  76.86 
| Epoch  160 | Train e:  91.46, T l:  0.1394 | Val e:  80.22 , Val l: 0.2678 | Test e:  77.12 
| Epoch  161 | Train e:  91.52, T l:  0.1372 | Val e:  79.39 , Val l: 0.2719 | Test e:  77.38 
| Epoch  162 | Train e:  91.49, T l:  0.1368 | Val e:  79.06 , Val l: 0.2787 | Test e:  76.52 
| Epoch  163 | Train e:  91.42, T l:  0.1383 | Val e:  79.23 , Val l: 0.2758 | Test e:  76.89 
| Epoch  164 | Train e:  91.68, T l:  0.1384 | Val e:  79.67 , Val l: 0.2681 | Test e:  77.64 
| Epoch  165 | Train e:  91.80, T l:  0.1364 | Val e:  80.25 , Val l: 0.2663 | Test e:  77.27 
| Epoch  166 | Train e:  91.64, T l:  0.1367 | Val e:  78.65 , Val l: 0.2727 | Test e:  77.21 
| Epoch  167 | Train e:  91.81, T l:  0.1357 | Val e:  79.70 , Val l: 0.2678 | Test e:  77.10 
| Epoch  168 | Train e:  91.76, T l:  0.1375 | Val e:  79.74 , Val l: 0.2699 | Test e:  77.09 
| Epoch  169 | Train e:  91.71, T l:  0.1355 | Val e:  79.64 , Val l: 0.2702 | Test e:  77.29 
| Epoch  170 | Train e:  91.74, T l:  0.1358 | Val e:  79.60 , Val l: 0.2673 | Test e:  77.08 
| Epoch  171 | Train e:  91.59, T l:  0.1359 | Val e:  79.37 , Val l: 0.2762 | Test e:  77.15 
| Epoch  172 | Train e:  91.65, T l:  0.1357 | Val e:  79.66 , Val l: 0.2723 | Test e:  77.08 
| Epoch  173 | Train e:  91.58, T l:  0.1357 | Val e:  79.08 , Val l: 0.2796 | Test e:  76.52 
| Epoch  174 | Train e:  91.95, T l:  0.1341 | Val e:  79.41 , Val l: 0.2710 | Test e:  77.35 
| Epoch  175 | Train e:  91.79, T l:  0.1359 | Val e:  79.07 , Val l: 0.2669 | Test e:  76.60 
| Epoch  176 | Train e:  91.78, T l:  0.1352 | Val e:  79.44 , Val l: 0.2781 | Test e:  77.01 
| Epoch  177 | Train e:  91.80, T l:  0.1352 | Val e:  79.12 , Val l: 0.2724 | Test e:  76.94 
| Epoch  178 | Train e:  91.89, T l:  0.1343 | Val e:  79.61 , Val l: 0.2720 | Test e:  77.04 
| Epoch  179 | Train e:  91.72, T l:  0.1336 | Val e:  78.83 , Val l: 0.2784 | Test e:  76.71 
| Epoch  180 | Train e:  91.92, T l:  0.1348 | Val e:  79.56 , Val l: 0.2714 | Test e:  77.12 
| Epoch  181 | Train e:  91.87, T l:  0.1337 | Val e:  79.41 , Val l: 0.2724 | Test e:  76.78 
| Epoch  182 | Train e:  91.85, T l:  0.1337 | Val e:  79.37 , Val l: 0.2791 | Test e:  76.85 
| Epoch  183 | Train e:  91.95, T l:  0.1345 | Val e:  79.13 , Val l: 0.2762 | Test e:  76.98 
| Epoch  184 | Train e:  91.88, T l:  0.1335 | Val e:  79.34 , Val l: 0.2712 | Test e:  76.67 
| Epoch  185 | Train e:  91.93, T l:  0.1336 | Val e:  79.11 , Val l: 0.2736 | Test e:  76.74 
| Epoch  186 | Train e:  92.00, T l:  0.1342 | Val e:  79.25 , Val l: 0.2727 | Test e:  76.87 
| Epoch  187 | Train e:  92.13, T l:  0.1326 | Val e:  79.27 , Val l: 0.2718 | Test e:  76.93 
| Epoch  188 | Train e:  91.95, T l:  0.1330 | Val e:  79.27 , Val l: 0.2806 | Test e:  76.66 
| Epoch  189 | Train e:  92.01, T l:  0.1343 | Val e:  79.15 , Val l: 0.2714 | Test e:  76.78 
| Epoch  190 | Train e:  92.03, T l:  0.1327 | Val e:  79.33 , Val l: 0.2740 | Test e:  76.80 
| Epoch  191 | Train e:  91.95, T l:  0.1337 | Val e:  79.41 , Val l: 0.2743 | Test e:  76.83 
| Epoch  192 | Train e:  92.00, T l:  0.1324 | Val e:  79.25 , Val l: 0.2722 | Test e:  76.97 
| Epoch  193 | Train e:  92.06, T l:  0.1340 | Val e:  79.21 , Val l: 0.2735 | Test e:  77.10 
| Epoch  194 | Train e:  92.05, T l:  0.1325 | Val e:  79.13 , Val l: 0.2758 | Test e:  77.12 
| Epoch  195 | Train e:  92.04, T l:  0.1325 | Val e:  79.23 , Val l: 0.2775 | Test e:  77.08 
| Epoch  196 | Train e:  92.11, T l:  0.1328 | Val e:  79.29 , Val l: 0.2746 | Test e:  77.18 
| Epoch  197 | Train e:  92.08, T l:  0.1330 | Val e:  79.16 , Val l: 0.2760 | Test e:  76.96 
| Epoch  198 | Train e:  92.06, T l:  0.1326 | Val e:  79.26 , Val l: 0.2763 | Test e:  77.02 
| Epoch  199 | Train e:  92.05, T l:  0.1319 | Val e:  79.25 , Val l: 0.2767 | Test e:  76.99 
