

===============================================
2023-01-06 03:49:59

main_gnnt_transformerconv.py --seeds 314159 --device 1

None

baseline: SAT
dataset: ogbg-molpcba
use_val_loss: False
use_cpu: False
epochs: 100
scheduler: linear
warmup: 10
batch_size: 256
lr: 0.0002
weight_decay: 0.0001
num_workers: 0
clustering: False
masked_attention: True
gconv_dim: 384
tlayer_dim: 384
gat_attn_dropout: 0.0
gconv_dropout: 0.3
tlayer_attn_dropout: 0.3
tlayer_dropout: 0.3
num_layers: 5
num_heads: 8
skip_connection: short
readout: cls
seeds: 314159
device: 1
save_state: False



| Epoch    0 | Train e:  0.0295, T l:  0.2426 | Val e:  0.0317 | Test e:  0.0344 
| Epoch    1 | Train e:  0.0488, T l:  0.0607 | Val e:  0.0522 | Test e:  0.0548 
| Epoch    2 | Train e:  0.0903, T l:  0.0504 | Val e:  0.0999 | Test e:  0.0959 
| Epoch    3 | Train e:  0.1158, T l:  0.0469 | Val e:  0.1212 | Test e:  0.1227 
| Epoch    4 | Train e:  0.1353, T l:  0.0447 | Val e:  0.1393 | Test e:  0.1380 
| Epoch    5 | Train e:  0.1641, T l:  0.0432 | Val e:  0.1602 | Test e:  0.1588 
| Epoch    6 | Train e:  0.1768, T l:  0.0420 | Val e:  0.1698 | Test e:  0.1668 
| Epoch    7 | Train e:  0.1974, T l:  0.0411 | Val e:  0.1840 | Test e:  0.1836 
| Epoch    8 | Train e:  0.2148, T l:  0.0404 | Val e:  0.1876 | Test e:  0.1867 
| Epoch    9 | Train e:  0.2166, T l:  0.0399 | Val e:  0.1882 | Test e:  0.1893 
| Epoch   10 | Train e:  0.2274, T l:  0.0392 | Val e:  0.1914 | Test e:  0.1974 
| Epoch   11 | Train e:  0.2502, T l:  0.0385 | Val e:  0.1986 | Test e:  0.2067 
| Epoch   12 | Train e:  0.2715, T l:  0.0380 | Val e:  0.2189 | Test e:  0.2157 
| Epoch   13 | Train e:  0.2703, T l:  0.0375 | Val e:  0.2087 | Test e:  0.2109 
| Epoch   14 | Train e:  0.2795, T l:  0.0370 | Val e:  0.2141 | Test e:  0.2227 
| Epoch   15 | Train e:  0.2931, T l:  0.0366 | Val e:  0.2285 | Test e:  0.2181 
| Epoch   16 | Train e:  0.2918, T l:  0.0362 | Val e:  0.2243 | Test e:  0.2188 
| Epoch   17 | Train e:  0.2864, T l:  0.0358 | Val e:  0.2166 | Test e:  0.2140 
| Epoch   18 | Train e:  0.3016, T l:  0.0354 | Val e:  0.2232 | Test e:  0.2195 
| Epoch   19 | Train e:  0.3155, T l:  0.0351 | Val e:  0.2336 | Test e:  0.2233 
| Epoch   20 | Train e:  0.3130, T l:  0.0347 | Val e:  0.2317 | Test e:  0.2221 
| Epoch   21 | Train e:  0.3098, T l:  0.0344 | Val e:  0.2194 | Test e:  0.2110 
| Epoch   22 | Train e:  0.3243, T l:  0.0341 | Val e:  0.2264 | Test e:  0.2193 
| Epoch   23 | Train e:  0.3315, T l:  0.0338 | Val e:  0.2292 | Test e:  0.2201 
| Epoch   24 | Train e:  0.3374, T l:  0.0335 | Val e:  0.2290 | Test e:  0.2210 
| Epoch   25 | Train e:  0.3470, T l:  0.0332 | Val e:  0.2274 | Test e:  0.2229 
| Epoch   26 | Train e:  0.3610, T l:  0.0330 | Val e:  0.2343 | Test e:  0.2258 
| Epoch   27 | Train e:  0.3560, T l:  0.0327 | Val e:  0.2376 | Test e:  0.2246 
| Epoch   28 | Train e:  0.3545, T l:  0.0325 | Val e:  0.2351 | Test e:  0.2250 
| Epoch   29 | Train e:  0.3773, T l:  0.0322 | Val e:  0.2414 | Test e:  0.2315 
| Epoch   30 | Train e:  0.3991, T l:  0.0320 | Val e:  0.2465 | Test e:  0.2386 
| Epoch   31 | Train e:  0.3897, T l:  0.0318 | Val e:  0.2367 | Test e:  0.2316 
| Epoch   32 | Train e:  0.4018, T l:  0.0315 | Val e:  0.2445 | Test e:  0.2343 
| Epoch   33 | Train e:  0.4026, T l:  0.0313 | Val e:  0.2382 | Test e:  0.2280 
| Epoch   34 | Train e:  0.3822, T l:  0.0311 | Val e:  0.2333 | Test e:  0.2239 
| Epoch   35 | Train e:  0.4069, T l:  0.0309 | Val e:  0.2429 | Test e:  0.2344 
| Epoch   36 | Train e:  0.4029, T l:  0.0307 | Val e:  0.2408 | Test e:  0.2262 
| Epoch   37 | Train e:  0.4116, T l:  0.0305 | Val e:  0.2349 | Test e:  0.2251 
| Epoch   38 | Train e:  0.4089, T l:  0.0302 | Val e:  0.2380 | Test e:  0.2264 
| Epoch   39 | Train e:  0.4176, T l:  0.0301 | Val e:  0.2394 | Test e:  0.2275 
| Epoch   40 | Train e:  0.4439, T l:  0.0298 | Val e:  0.2498 | Test e:  0.2363 
| Epoch   41 | Train e:  0.4420, T l:  0.0296 | Val e:  0.2463 | Test e:  0.2365 
| Epoch   42 | Train e:  0.4497, T l:  0.0294 | Val e:  0.2415 | Test e:  0.2383 
| Epoch   43 | Train e:  0.4648, T l:  0.0292 | Val e:  0.2509 | Test e:  0.2406 
| Epoch   44 | Train e:  0.4372, T l:  0.0290 | Val e:  0.2340 | Test e:  0.2214 
| Epoch   45 | Train e:  0.4377, T l:  0.0289 | Val e:  0.2331 | Test e:  0.2240 
| Epoch   46 | Train e:  0.4707, T l:  0.0286 | Val e:  0.2452 | Test e:  0.2377 
| Epoch   47 | Train e:  0.4591, T l:  0.0284 | Val e:  0.2372 | Test e:  0.2274 
| Epoch   48 | Train e:  0.4661, T l:  0.0283 | Val e:  0.2381 | Test e:  0.2283 
| Epoch   49 | Train e:  0.4603, T l:  0.0281 | Val e:  0.2369 | Test e:  0.2247 
| Epoch   50 | Train e:  0.4856, T l:  0.0279 | Val e:  0.2431 | Test e:  0.2307 
| Epoch   51 | Train e:  0.4871, T l:  0.0277 | Val e:  0.2447 | Test e:  0.2317 
| Epoch   52 | Train e:  0.4968, T l:  0.0276 | Val e:  0.2470 | Test e:  0.2374 
| Epoch   53 | Train e:  0.4828, T l:  0.0274 | Val e:  0.2387 | Test e:  0.2266 
| Epoch   54 | Train e:  0.4881, T l:  0.0272 | Val e:  0.2396 | Test e:  0.2324 
| Epoch   55 | Train e:  0.4976, T l:  0.0271 | Val e:  0.2393 | Test e:  0.2342 
| Epoch   56 | Train e:  0.5187, T l:  0.0269 | Val e:  0.2451 | Test e:  0.2371 
| Epoch   57 | Train e:  0.5258, T l:  0.0267 | Val e:  0.2509 | Test e:  0.2427 
| Epoch   58 | Train e:  0.5182, T l:  0.0265 | Val e:  0.2429 | Test e:  0.2345 
| Epoch   59 | Train e:  0.5229, T l:  0.0264 | Val e:  0.2475 | Test e:  0.2368 
| Epoch   60 | Train e:  0.5192, T l:  0.0262 | Val e:  0.2435 | Test e:  0.2350 
| Epoch   61 | Train e:  0.5205, T l:  0.0260 | Val e:  0.2396 | Test e:  0.2348 
| Epoch   62 | Train e:  0.5303, T l:  0.0259 | Val e:  0.2401 | Test e:  0.2311 
| Epoch   63 | Train e:  0.5327, T l:  0.0257 | Val e:  0.2461 | Test e:  0.2383 
| Epoch   64 | Train e:  0.5378, T l:  0.0256 | Val e:  0.2445 | Test e:  0.2329 
| Epoch   65 | Train e:  0.5380, T l:  0.0254 | Val e:  0.2422 | Test e:  0.2319 
| Epoch   66 | Train e:  0.5505, T l:  0.0253 | Val e:  0.2416 | Test e:  0.2345 
| Epoch   67 | Train e:  0.5606, T l:  0.0251 | Val e:  0.2473 | Test e:  0.2381 
| Epoch   68 | Train e:  0.5479, T l:  0.0250 | Val e:  0.2388 | Test e:  0.2312 
| Epoch   69 | Train e:  0.5602, T l:  0.0248 | Val e:  0.2412 | Test e:  0.2326 
| Epoch   70 | Train e:  0.5621, T l:  0.0247 | Val e:  0.2418 | Test e:  0.2310 
| Epoch   71 | Train e:  0.5675, T l:  0.0246 | Val e:  0.2415 | Test e:  0.2315 
| Epoch   72 | Train e:  0.5658, T l:  0.0244 | Val e:  0.2426 | Test e:  0.2332 
| Epoch   73 | Train e:  0.5644, T l:  0.0243 | Val e:  0.2384 | Test e:  0.2283 
| Epoch   74 | Train e:  0.5833, T l:  0.0241 | Val e:  0.2447 | Test e:  0.2342 
| Epoch   75 | Train e:  0.5898, T l:  0.0240 | Val e:  0.2424 | Test e:  0.2341 
| Epoch   76 | Train e:  0.5881, T l:  0.0239 | Val e:  0.2436 | Test e:  0.2332 
| Epoch   77 | Train e:  0.5797, T l:  0.0237 | Val e:  0.2428 | Test e:  0.2320 
| Epoch   78 | Train e:  0.5638, T l:  0.0236 | Val e:  0.2340 | Test e:  0.2272 
| Epoch   79 | Train e:  0.5760, T l:  0.0235 | Val e:  0.2369 | Test e:  0.2281 
| Epoch   80 | Train e:  0.5984, T l:  0.0233 | Val e:  0.2400 | Test e:  0.2322 
| Epoch   81 | Train e:  0.5944, T l:  0.0232 | Val e:  0.2401 | Test e:  0.2315 
| Epoch   82 | Train e:  0.6040, T l:  0.0231 | Val e:  0.2435 | Test e:  0.2342 
| Epoch   83 | Train e:  0.5955, T l:  0.0230 | Val e:  0.2374 | Test e:  0.2299 
| Epoch   84 | Train e:  0.5878, T l:  0.0228 | Val e:  0.2348 | Test e:  0.2258 
| Epoch   85 | Train e:  0.6009, T l:  0.0228 | Val e:  0.2396 | Test e:  0.2301 
| Epoch   86 | Train e:  0.6089, T l:  0.0227 | Val e:  0.2416 | Test e:  0.2314 
| Epoch   87 | Train e:  0.6081, T l:  0.0226 | Val e:  0.2392 | Test e:  0.2311 
| Epoch   88 | Train e:  0.6049, T l:  0.0225 | Val e:  0.2392 | Test e:  0.2291 
| Epoch   89 | Train e:  0.6099, T l:  0.0224 | Val e:  0.2384 | Test e:  0.2292 
| Epoch   90 | Train e:  0.6027, T l:  0.0223 | Val e:  0.2376 | Test e:  0.2266 
| Epoch   91 | Train e:  0.6038, T l:  0.0222 | Val e:  0.2355 | Test e:  0.2260 
| Epoch   92 | Train e:  0.6142, T l:  0.0221 | Val e:  0.2385 | Test e:  0.2294 
| Epoch   93 | Train e:  0.6116, T l:  0.0220 | Val e:  0.2374 | Test e:  0.2287 
| Epoch   94 | Train e:  0.6167, T l:  0.0219 | Val e:  0.2380 | Test e:  0.2279 
| Epoch   95 | Train e:  0.6219, T l:  0.0219 | Val e:  0.2411 | Test e:  0.2302 
| Epoch   96 | Train e:  0.6223, T l:  0.0218 | Val e:  0.2396 | Test e:  0.2292 
| Epoch   97 | Train e:  0.6205, T l:  0.0217 | Val e:  0.2388 | Test e:  0.2282 
| Epoch   98 | Train e:  0.6188, T l:  0.0217 | Val e:  0.2383 | Test e:  0.2278 
| Epoch   99 | Train e:  0.6202, T l:  0.0216 | Val e:  0.2389 | Test e:  0.2280 
