

===============================================
2023-01-09 03:44:44

main_gps_parallel_transformerconv.py --seeds 23333 --device 0

None

baseline: SAT
dataset: ogbg-molpcba
use_val_loss: False
use_cpu: False
epochs: 100
scheduler: linear
warmup: 10
batch_size: 256
lr: 0.0002
weight_decay: 0.0001
num_workers: 0
clustering: False
masked_attention: True
gconv_dim: 384
tlayer_dim: 384
gat_attn_dropout: 0.0
gconv_dropout: 0.3
tlayer_attn_dropout: 0.3
tlayer_dropout: 0.3
num_layers: 5
num_heads: 8
skip_connection: short
readout: mean
seeds: 23333
device: 0
save_state: False



| Epoch    0 | Train e:  0.0255, T l:  0.2389 | Val e:  0.0296 | Test e:  0.0308 
| Epoch    1 | Train e:  0.0313, T l:  0.0602 | Val e:  0.0354 | Test e:  0.0367 
| Epoch    2 | Train e:  0.0811, T l:  0.0514 | Val e:  0.0837 | Test e:  0.0865 
| Epoch    3 | Train e:  0.1114, T l:  0.0470 | Val e:  0.1156 | Test e:  0.1105 
| Epoch    4 | Train e:  0.1395, T l:  0.0446 | Val e:  0.1374 | Test e:  0.1247 
| Epoch    5 | Train e:  0.1544, T l:  0.0428 | Val e:  0.1344 | Test e:  0.1309 
| Epoch    6 | Train e:  0.1801, T l:  0.0416 | Val e:  0.1683 | Test e:  0.1555 
| Epoch    7 | Train e:  0.1889, T l:  0.0406 | Val e:  0.1595 | Test e:  0.1562 
| Epoch    8 | Train e:  0.2132, T l:  0.0398 | Val e:  0.1770 | Test e:  0.1699 
| Epoch    9 | Train e:  0.2226, T l:  0.0391 | Val e:  0.1882 | Test e:  0.1793 
| Epoch   10 | Train e:  0.2493, T l:  0.0385 | Val e:  0.1984 | Test e:  0.1916 
| Epoch   11 | Train e:  0.2498, T l:  0.0378 | Val e:  0.1911 | Test e:  0.1907 
| Epoch   12 | Train e:  0.2737, T l:  0.0371 | Val e:  0.2073 | Test e:  0.1974 
| Epoch   13 | Train e:  0.2873, T l:  0.0365 | Val e:  0.2156 | Test e:  0.2100 
| Epoch   14 | Train e:  0.2986, T l:  0.0360 | Val e:  0.2206 | Test e:  0.2099 
| Epoch   15 | Train e:  0.3001, T l:  0.0356 | Val e:  0.2159 | Test e:  0.2112 
| Epoch   16 | Train e:  0.3226, T l:  0.0351 | Val e:  0.2261 | Test e:  0.2210 
| Epoch   17 | Train e:  0.3180, T l:  0.0346 | Val e:  0.2152 | Test e:  0.2112 
| Epoch   18 | Train e:  0.3373, T l:  0.0343 | Val e:  0.2294 | Test e:  0.2196 
| Epoch   19 | Train e:  0.3444, T l:  0.0339 | Val e:  0.2303 | Test e:  0.2195 
| Epoch   20 | Train e:  0.3636, T l:  0.0335 | Val e:  0.2354 | Test e:  0.2255 
| Epoch   21 | Train e:  0.3602, T l:  0.0332 | Val e:  0.2321 | Test e:  0.2192 
| Epoch   22 | Train e:  0.3822, T l:  0.0328 | Val e:  0.2472 | Test e:  0.2338 
| Epoch   23 | Train e:  0.3764, T l:  0.0325 | Val e:  0.2383 | Test e:  0.2261 
| Epoch   24 | Train e:  0.3928, T l:  0.0321 | Val e:  0.2389 | Test e:  0.2257 
| Epoch   25 | Train e:  0.4041, T l:  0.0319 | Val e:  0.2452 | Test e:  0.2324 
| Epoch   26 | Train e:  0.4055, T l:  0.0316 | Val e:  0.2390 | Test e:  0.2263 
| Epoch   27 | Train e:  0.4172, T l:  0.0313 | Val e:  0.2439 | Test e:  0.2323 
| Epoch   28 | Train e:  0.4285, T l:  0.0310 | Val e:  0.2529 | Test e:  0.2352 
| Epoch   29 | Train e:  0.4209, T l:  0.0307 | Val e:  0.2463 | Test e:  0.2314 
| Epoch   30 | Train e:  0.4305, T l:  0.0305 | Val e:  0.2515 | Test e:  0.2265 
| Epoch   31 | Train e:  0.4354, T l:  0.0302 | Val e:  0.2428 | Test e:  0.2296 
| Epoch   32 | Train e:  0.4448, T l:  0.0300 | Val e:  0.2433 | Test e:  0.2320 
| Epoch   33 | Train e:  0.4467, T l:  0.0297 | Val e:  0.2484 | Test e:  0.2361 
| Epoch   34 | Train e:  0.4655, T l:  0.0295 | Val e:  0.2529 | Test e:  0.2367 
| Epoch   35 | Train e:  0.4628, T l:  0.0292 | Val e:  0.2500 | Test e:  0.2315 
| Epoch   36 | Train e:  0.4728, T l:  0.0290 | Val e:  0.2540 | Test e:  0.2355 
| Epoch   37 | Train e:  0.4702, T l:  0.0288 | Val e:  0.2476 | Test e:  0.2274 
| Epoch   38 | Train e:  0.4803, T l:  0.0286 | Val e:  0.2471 | Test e:  0.2263 
| Epoch   39 | Train e:  0.4907, T l:  0.0283 | Val e:  0.2530 | Test e:  0.2360 
| Epoch   40 | Train e:  0.4905, T l:  0.0281 | Val e:  0.2474 | Test e:  0.2280 
| Epoch   41 | Train e:  0.4972, T l:  0.0279 | Val e:  0.2571 | Test e:  0.2322 
| Epoch   42 | Train e:  0.4978, T l:  0.0277 | Val e:  0.2435 | Test e:  0.2302 
| Epoch   43 | Train e:  0.5122, T l:  0.0275 | Val e:  0.2471 | Test e:  0.2304 
| Epoch   44 | Train e:  0.5120, T l:  0.0273 | Val e:  0.2486 | Test e:  0.2294 
| Epoch   45 | Train e:  0.5139, T l:  0.0271 | Val e:  0.2447 | Test e:  0.2249 
| Epoch   46 | Train e:  0.5248, T l:  0.0269 | Val e:  0.2479 | Test e:  0.2334 
| Epoch   47 | Train e:  0.5288, T l:  0.0267 | Val e:  0.2484 | Test e:  0.2333 
| Epoch   48 | Train e:  0.5340, T l:  0.0266 | Val e:  0.2493 | Test e:  0.2345 
| Epoch   49 | Train e:  0.5290, T l:  0.0263 | Val e:  0.2400 | Test e:  0.2253 
| Epoch   50 | Train e:  0.5378, T l:  0.0262 | Val e:  0.2466 | Test e:  0.2283 
| Epoch   51 | Train e:  0.5459, T l:  0.0260 | Val e:  0.2468 | Test e:  0.2313 
| Epoch   52 | Train e:  0.5557, T l:  0.0258 | Val e:  0.2474 | Test e:  0.2343 
| Epoch   53 | Train e:  0.5526, T l:  0.0256 | Val e:  0.2460 | Test e:  0.2311 
| Epoch   54 | Train e:  0.5599, T l:  0.0255 | Val e:  0.2408 | Test e:  0.2252 
| Epoch   55 | Train e:  0.5648, T l:  0.0253 | Val e:  0.2489 | Test e:  0.2302 
| Epoch   56 | Train e:  0.5652, T l:  0.0251 | Val e:  0.2459 | Test e:  0.2280 
| Epoch   57 | Train e:  0.5634, T l:  0.0250 | Val e:  0.2414 | Test e:  0.2254 
| Epoch   58 | Train e:  0.5759, T l:  0.0248 | Val e:  0.2462 | Test e:  0.2259 
| Epoch   59 | Train e:  0.5818, T l:  0.0247 | Val e:  0.2415 | Test e:  0.2249 
| Epoch   60 | Train e:  0.5830, T l:  0.0245 | Val e:  0.2414 | Test e:  0.2281 
| Epoch   61 | Train e:  0.5862, T l:  0.0243 | Val e:  0.2390 | Test e:  0.2228 
| Epoch   62 | Train e:  0.5981, T l:  0.0242 | Val e:  0.2454 | Test e:  0.2260 
| Epoch   63 | Train e:  0.6018, T l:  0.0240 | Val e:  0.2420 | Test e:  0.2279 
| Epoch   64 | Train e:  0.6029, T l:  0.0239 | Val e:  0.2438 | Test e:  0.2300 
| Epoch   65 | Train e:  0.6042, T l:  0.0238 | Val e:  0.2442 | Test e:  0.2263 
| Epoch   66 | Train e:  0.6070, T l:  0.0236 | Val e:  0.2421 | Test e:  0.2265 
| Epoch   67 | Train e:  0.6154, T l:  0.0234 | Val e:  0.2417 | Test e:  0.2261 
| Epoch   68 | Train e:  0.6188, T l:  0.0233 | Val e:  0.2409 | Test e:  0.2241 
| Epoch   69 | Train e:  0.6040, T l:  0.0232 | Val e:  0.2383 | Test e:  0.2233 
| Epoch   70 | Train e:  0.6258, T l:  0.0230 | Val e:  0.2413 | Test e:  0.2263 
| Epoch   71 | Train e:  0.6295, T l:  0.0229 | Val e:  0.2398 | Test e:  0.2215 
| Epoch   72 | Train e:  0.6285, T l:  0.0227 | Val e:  0.2377 | Test e:  0.2267 
| Epoch   73 | Train e:  0.6391, T l:  0.0226 | Val e:  0.2422 | Test e:  0.2270 
| Epoch   74 | Train e:  0.6323, T l:  0.0225 | Val e:  0.2380 | Test e:  0.2262 
| Epoch   75 | Train e:  0.6347, T l:  0.0224 | Val e:  0.2342 | Test e:  0.2225 
| Epoch   76 | Train e:  0.6398, T l:  0.0223 | Val e:  0.2369 | Test e:  0.2247 
| Epoch   77 | Train e:  0.6445, T l:  0.0221 | Val e:  0.2375 | Test e:  0.2245 
| Epoch   78 | Train e:  0.6454, T l:  0.0220 | Val e:  0.2386 | Test e:  0.2245 
| Epoch   79 | Train e:  0.6498, T l:  0.0219 | Val e:  0.2368 | Test e:  0.2220 
| Epoch   80 | Train e:  0.6514, T l:  0.0218 | Val e:  0.2383 | Test e:  0.2234 
| Epoch   81 | Train e:  0.6572, T l:  0.0217 | Val e:  0.2387 | Test e:  0.2230 
| Epoch   82 | Train e:  0.6585, T l:  0.0216 | Val e:  0.2378 | Test e:  0.2224 
| Epoch   83 | Train e:  0.6570, T l:  0.0214 | Val e:  0.2369 | Test e:  0.2204 
| Epoch   84 | Train e:  0.6619, T l:  0.0214 | Val e:  0.2385 | Test e:  0.2212 
| Epoch   85 | Train e:  0.6647, T l:  0.0212 | Val e:  0.2384 | Test e:  0.2211 
| Epoch   86 | Train e:  0.6665, T l:  0.0211 | Val e:  0.2375 | Test e:  0.2208 
| Epoch   87 | Train e:  0.6667, T l:  0.0210 | Val e:  0.2351 | Test e:  0.2196 
| Epoch   88 | Train e:  0.6691, T l:  0.0210 | Val e:  0.2354 | Test e:  0.2207 
| Epoch   89 | Train e:  0.6706, T l:  0.0209 | Val e:  0.2358 | Test e:  0.2193 
| Epoch   90 | Train e:  0.6718, T l:  0.0208 | Val e:  0.2361 | Test e:  0.2203 
| Epoch   91 | Train e:  0.6747, T l:  0.0207 | Val e:  0.2360 | Test e:  0.2203 
| Epoch   92 | Train e:  0.6745, T l:  0.0206 | Val e:  0.2352 | Test e:  0.2192 
| Epoch   93 | Train e:  0.6753, T l:  0.0205 | Val e:  0.2343 | Test e:  0.2192 
| Epoch   94 | Train e:  0.6772, T l:  0.0204 | Val e:  0.2342 | Test e:  0.2195 
| Epoch   95 | Train e:  0.6787, T l:  0.0204 | Val e:  0.2348 | Test e:  0.2209 
| Epoch   96 | Train e:  0.6776, T l:  0.0203 | Val e:  0.2351 | Test e:  0.2193 
| Epoch   97 | Train e:  0.6779, T l:  0.0202 | Val e:  0.2347 | Test e:  0.2189 
| Epoch   98 | Train e:  0.6807, T l:  0.0202 | Val e:  0.2361 | Test e:  0.2197 
| Epoch   99 | Train e:  0.6806, T l:  0.0201 | Val e:  0.2360 | Test e:  0.2196 
