

===============================================
2023-01-09 17:52:49

main_gps_parallel_transformerconv.py --seeds 2022 --device 0

None

baseline: SAT
dataset: ogbg-molpcba
use_val_loss: False
use_cpu: False
epochs: 100
scheduler: linear
warmup: 10
batch_size: 256
lr: 0.0002
weight_decay: 0.0001
num_workers: 0
clustering: False
masked_attention: True
gconv_dim: 384
tlayer_dim: 384
gat_attn_dropout: 0.0
gconv_dropout: 0.3
tlayer_attn_dropout: 0.3
tlayer_dropout: 0.3
num_layers: 5
num_heads: 8
skip_connection: short
readout: mean
seeds: 2022
device: 0
save_state: False



| Epoch    0 | Train e:  0.0255, T l:  0.2399 | Val e:  0.0297 | Test e:  0.0314 
| Epoch    1 | Train e:  0.0336, T l:  0.0604 | Val e:  0.0380 | Test e:  0.0393 
| Epoch    2 | Train e:  0.0795, T l:  0.0513 | Val e:  0.0829 | Test e:  0.0823 
| Epoch    3 | Train e:  0.1079, T l:  0.0468 | Val e:  0.1084 | Test e:  0.1072 
| Epoch    4 | Train e:  0.1342, T l:  0.0444 | Val e:  0.1387 | Test e:  0.1278 
| Epoch    5 | Train e:  0.1551, T l:  0.0428 | Val e:  0.1459 | Test e:  0.1398 
| Epoch    6 | Train e:  0.1789, T l:  0.0415 | Val e:  0.1576 | Test e:  0.1537 
| Epoch    7 | Train e:  0.2007, T l:  0.0406 | Val e:  0.1748 | Test e:  0.1639 
| Epoch    8 | Train e:  0.2025, T l:  0.0398 | Val e:  0.1721 | Test e:  0.1649 
| Epoch    9 | Train e:  0.2314, T l:  0.0391 | Val e:  0.1881 | Test e:  0.1834 
| Epoch   10 | Train e:  0.2384, T l:  0.0384 | Val e:  0.1907 | Test e:  0.1894 
| Epoch   11 | Train e:  0.2512, T l:  0.0377 | Val e:  0.1973 | Test e:  0.1938 
| Epoch   12 | Train e:  0.2806, T l:  0.0370 | Val e:  0.2207 | Test e:  0.2153 
| Epoch   13 | Train e:  0.2888, T l:  0.0364 | Val e:  0.2169 | Test e:  0.2126 
| Epoch   14 | Train e:  0.2988, T l:  0.0359 | Val e:  0.2140 | Test e:  0.2103 
| Epoch   15 | Train e:  0.3063, T l:  0.0354 | Val e:  0.2198 | Test e:  0.2137 
| Epoch   16 | Train e:  0.3306, T l:  0.0350 | Val e:  0.2329 | Test e:  0.2214 
| Epoch   17 | Train e:  0.3283, T l:  0.0345 | Val e:  0.2270 | Test e:  0.2165 
| Epoch   18 | Train e:  0.3329, T l:  0.0341 | Val e:  0.2317 | Test e:  0.2165 
| Epoch   19 | Train e:  0.3389, T l:  0.0338 | Val e:  0.2265 | Test e:  0.2141 
| Epoch   20 | Train e:  0.3626, T l:  0.0334 | Val e:  0.2401 | Test e:  0.2303 
| Epoch   21 | Train e:  0.3727, T l:  0.0330 | Val e:  0.2427 | Test e:  0.2284 
| Epoch   22 | Train e:  0.3706, T l:  0.0327 | Val e:  0.2325 | Test e:  0.2242 
| Epoch   23 | Train e:  0.3880, T l:  0.0324 | Val e:  0.2430 | Test e:  0.2302 
| Epoch   24 | Train e:  0.3803, T l:  0.0321 | Val e:  0.2367 | Test e:  0.2252 
| Epoch   25 | Train e:  0.3973, T l:  0.0318 | Val e:  0.2429 | Test e:  0.2312 
| Epoch   26 | Train e:  0.4088, T l:  0.0315 | Val e:  0.2459 | Test e:  0.2347 
| Epoch   27 | Train e:  0.4172, T l:  0.0312 | Val e:  0.2475 | Test e:  0.2325 
| Epoch   28 | Train e:  0.4072, T l:  0.0309 | Val e:  0.2391 | Test e:  0.2283 
| Epoch   29 | Train e:  0.4350, T l:  0.0307 | Val e:  0.2527 | Test e:  0.2492 
| Epoch   30 | Train e:  0.4340, T l:  0.0304 | Val e:  0.2502 | Test e:  0.2396 
| Epoch   31 | Train e:  0.4415, T l:  0.0301 | Val e:  0.2492 | Test e:  0.2392 
| Epoch   32 | Train e:  0.4513, T l:  0.0299 | Val e:  0.2506 | Test e:  0.2395 
| Epoch   33 | Train e:  0.4425, T l:  0.0296 | Val e:  0.2455 | Test e:  0.2334 
| Epoch   34 | Train e:  0.4596, T l:  0.0294 | Val e:  0.2489 | Test e:  0.2376 
| Epoch   35 | Train e:  0.4581, T l:  0.0292 | Val e:  0.2504 | Test e:  0.2353 
| Epoch   36 | Train e:  0.4746, T l:  0.0289 | Val e:  0.2523 | Test e:  0.2410 
| Epoch   37 | Train e:  0.4732, T l:  0.0287 | Val e:  0.2527 | Test e:  0.2389 
| Epoch   38 | Train e:  0.4724, T l:  0.0285 | Val e:  0.2484 | Test e:  0.2364 
| Epoch   39 | Train e:  0.4874, T l:  0.0283 | Val e:  0.2577 | Test e:  0.2417 
| Epoch   40 | Train e:  0.4918, T l:  0.0281 | Val e:  0.2519 | Test e:  0.2375 
| Epoch   41 | Train e:  0.4936, T l:  0.0278 | Val e:  0.2503 | Test e:  0.2349 
| Epoch   42 | Train e:  0.4944, T l:  0.0277 | Val e:  0.2532 | Test e:  0.2389 
| Epoch   43 | Train e:  0.5043, T l:  0.0274 | Val e:  0.2558 | Test e:  0.2382 
| Epoch   44 | Train e:  0.5156, T l:  0.0272 | Val e:  0.2537 | Test e:  0.2396 
| Epoch   45 | Train e:  0.5162, T l:  0.0271 | Val e:  0.2551 | Test e:  0.2385 
| Epoch   46 | Train e:  0.5214, T l:  0.0269 | Val e:  0.2503 | Test e:  0.2339 
| Epoch   47 | Train e:  0.5206, T l:  0.0267 | Val e:  0.2505 | Test e:  0.2337 
| Epoch   48 | Train e:  0.5341, T l:  0.0265 | Val e:  0.2521 | Test e:  0.2347 
| Epoch   49 | Train e:  0.5421, T l:  0.0263 | Val e:  0.2537 | Test e:  0.2421 
| Epoch   50 | Train e:  0.5367, T l:  0.0261 | Val e:  0.2483 | Test e:  0.2349 
| Epoch   51 | Train e:  0.5397, T l:  0.0259 | Val e:  0.2521 | Test e:  0.2360 
| Epoch   52 | Train e:  0.5557, T l:  0.0257 | Val e:  0.2543 | Test e:  0.2407 
| Epoch   53 | Train e:  0.5506, T l:  0.0256 | Val e:  0.2455 | Test e:  0.2342 
| Epoch   54 | Train e:  0.5576, T l:  0.0255 | Val e:  0.2470 | Test e:  0.2327 
| Epoch   55 | Train e:  0.5619, T l:  0.0253 | Val e:  0.2543 | Test e:  0.2367 
| Epoch   56 | Train e:  0.5710, T l:  0.0251 | Val e:  0.2532 | Test e:  0.2397 
| Epoch   57 | Train e:  0.5702, T l:  0.0250 | Val e:  0.2473 | Test e:  0.2358 
| Epoch   58 | Train e:  0.5741, T l:  0.0248 | Val e:  0.2493 | Test e:  0.2335 
| Epoch   59 | Train e:  0.5765, T l:  0.0246 | Val e:  0.2495 | Test e:  0.2339 
| Epoch   60 | Train e:  0.5848, T l:  0.0245 | Val e:  0.2473 | Test e:  0.2363 
| Epoch   61 | Train e:  0.5941, T l:  0.0243 | Val e:  0.2489 | Test e:  0.2345 
| Epoch   62 | Train e:  0.5952, T l:  0.0241 | Val e:  0.2478 | Test e:  0.2352 
| Epoch   63 | Train e:  0.5941, T l:  0.0240 | Val e:  0.2456 | Test e:  0.2319 
| Epoch   64 | Train e:  0.5919, T l:  0.0238 | Val e:  0.2444 | Test e:  0.2317 
| Epoch   65 | Train e:  0.6062, T l:  0.0237 | Val e:  0.2486 | Test e:  0.2367 
| Epoch   66 | Train e:  0.6055, T l:  0.0236 | Val e:  0.2472 | Test e:  0.2359 
| Epoch   67 | Train e:  0.6096, T l:  0.0234 | Val e:  0.2464 | Test e:  0.2362 
| Epoch   68 | Train e:  0.6145, T l:  0.0233 | Val e:  0.2485 | Test e:  0.2334 
| Epoch   69 | Train e:  0.6126, T l:  0.0231 | Val e:  0.2447 | Test e:  0.2311 
| Epoch   70 | Train e:  0.6149, T l:  0.0230 | Val e:  0.2444 | Test e:  0.2316 
| Epoch   71 | Train e:  0.6142, T l:  0.0229 | Val e:  0.2415 | Test e:  0.2273 
| Epoch   72 | Train e:  0.6271, T l:  0.0227 | Val e:  0.2432 | Test e:  0.2298 
| Epoch   73 | Train e:  0.6316, T l:  0.0226 | Val e:  0.2453 | Test e:  0.2313 
| Epoch   74 | Train e:  0.6308, T l:  0.0225 | Val e:  0.2441 | Test e:  0.2296 
| Epoch   75 | Train e:  0.6349, T l:  0.0223 | Val e:  0.2466 | Test e:  0.2308 
| Epoch   76 | Train e:  0.6307, T l:  0.0223 | Val e:  0.2459 | Test e:  0.2294 
| Epoch   77 | Train e:  0.6387, T l:  0.0221 | Val e:  0.2421 | Test e:  0.2262 
| Epoch   78 | Train e:  0.6470, T l:  0.0220 | Val e:  0.2467 | Test e:  0.2298 
| Epoch   79 | Train e:  0.6377, T l:  0.0219 | Val e:  0.2423 | Test e:  0.2259 
| Epoch   80 | Train e:  0.6497, T l:  0.0218 | Val e:  0.2437 | Test e:  0.2295 
| Epoch   81 | Train e:  0.6500, T l:  0.0217 | Val e:  0.2438 | Test e:  0.2286 
| Epoch   82 | Train e:  0.6415, T l:  0.0215 | Val e:  0.2393 | Test e:  0.2255 
| Epoch   83 | Train e:  0.6497, T l:  0.0214 | Val e:  0.2396 | Test e:  0.2260 
| Epoch   84 | Train e:  0.6554, T l:  0.0213 | Val e:  0.2429 | Test e:  0.2260 
| Epoch   85 | Train e:  0.6554, T l:  0.0212 | Val e:  0.2388 | Test e:  0.2230 
| Epoch   86 | Train e:  0.6560, T l:  0.0211 | Val e:  0.2412 | Test e:  0.2270 
| Epoch   87 | Train e:  0.6600, T l:  0.0211 | Val e:  0.2404 | Test e:  0.2255 
| Epoch   88 | Train e:  0.6600, T l:  0.0209 | Val e:  0.2393 | Test e:  0.2238 
| Epoch   89 | Train e:  0.6654, T l:  0.0208 | Val e:  0.2406 | Test e:  0.2253 
| Epoch   90 | Train e:  0.6679, T l:  0.0208 | Val e:  0.2405 | Test e:  0.2264 
| Epoch   91 | Train e:  0.6660, T l:  0.0207 | Val e:  0.2399 | Test e:  0.2249 
| Epoch   92 | Train e:  0.6695, T l:  0.0206 | Val e:  0.2403 | Test e:  0.2241 
| Epoch   93 | Train e:  0.6688, T l:  0.0205 | Val e:  0.2384 | Test e:  0.2242 
| Epoch   94 | Train e:  0.6694, T l:  0.0204 | Val e:  0.2395 | Test e:  0.2235 
| Epoch   95 | Train e:  0.6721, T l:  0.0204 | Val e:  0.2404 | Test e:  0.2244 
| Epoch   96 | Train e:  0.6731, T l:  0.0203 | Val e:  0.2401 | Test e:  0.2251 
| Epoch   97 | Train e:  0.6733, T l:  0.0202 | Val e:  0.2390 | Test e:  0.2240 
| Epoch   98 | Train e:  0.6741, T l:  0.0202 | Val e:  0.2393 | Test e:  0.2245 
| Epoch   99 | Train e:  0.6741, T l:  0.0201 | Val e:  0.2391 | Test e:  0.2244 
