

===============================================
2023-01-07 13:00:19

main_gnnt_gat.py --seeds 12138 --device 1

None

baseline: SAT
dataset: ogbg-molpcba
use_val_loss: False
use_cpu: False
epochs: 100
scheduler: linear
warmup: 10
batch_size: 256
lr: 0.0002
weight_decay: 0.0001
num_workers: 0
clustering: False
masked_attention: True
gconv_dim: 384
tlayer_dim: 384
gat_attn_dropout: 0.0
gconv_dropout: 0.3
tlayer_attn_dropout: 0.3
tlayer_dropout: 0.3
num_layers: 5
num_heads: 8
skip_connection: short
readout: cls
seeds: 12138
device: 1
save_state: False



| Epoch    0 | Train e:  0.0286, T l:  0.2379 | Val e:  0.0309 | Test e:  0.0316 
| Epoch    1 | Train e:  0.0530, T l:  0.0598 | Val e:  0.0561 | Test e:  0.0591 
| Epoch    2 | Train e:  0.0953, T l:  0.0497 | Val e:  0.1020 | Test e:  0.0998 
| Epoch    3 | Train e:  0.1187, T l:  0.0462 | Val e:  0.1233 | Test e:  0.1249 
| Epoch    4 | Train e:  0.1440, T l:  0.0443 | Val e:  0.1383 | Test e:  0.1446 
| Epoch    5 | Train e:  0.1619, T l:  0.0429 | Val e:  0.1532 | Test e:  0.1550 
| Epoch    6 | Train e:  0.1853, T l:  0.0418 | Val e:  0.1705 | Test e:  0.1691 
| Epoch    7 | Train e:  0.2051, T l:  0.0411 | Val e:  0.1812 | Test e:  0.1828 
| Epoch    8 | Train e:  0.2154, T l:  0.0404 | Val e:  0.1878 | Test e:  0.1855 
| Epoch    9 | Train e:  0.2300, T l:  0.0398 | Val e:  0.1975 | Test e:  0.1964 
| Epoch   10 | Train e:  0.2274, T l:  0.0391 | Val e:  0.1944 | Test e:  0.1875 
| Epoch   11 | Train e:  0.2549, T l:  0.0385 | Val e:  0.2099 | Test e:  0.2071 
| Epoch   12 | Train e:  0.2730, T l:  0.0379 | Val e:  0.2155 | Test e:  0.2166 
| Epoch   13 | Train e:  0.2863, T l:  0.0374 | Val e:  0.2243 | Test e:  0.2194 
| Epoch   14 | Train e:  0.2909, T l:  0.0369 | Val e:  0.2218 | Test e:  0.2194 
| Epoch   15 | Train e:  0.3069, T l:  0.0364 | Val e:  0.2328 | Test e:  0.2282 
| Epoch   16 | Train e:  0.3181, T l:  0.0360 | Val e:  0.2393 | Test e:  0.2334 
| Epoch   17 | Train e:  0.3334, T l:  0.0355 | Val e:  0.2500 | Test e:  0.2371 
| Epoch   18 | Train e:  0.3362, T l:  0.0352 | Val e:  0.2365 | Test e:  0.2297 
| Epoch   19 | Train e:  0.3515, T l:  0.0348 | Val e:  0.2451 | Test e:  0.2392 
| Epoch   20 | Train e:  0.3659, T l:  0.0344 | Val e:  0.2431 | Test e:  0.2415 
| Epoch   21 | Train e:  0.3623, T l:  0.0341 | Val e:  0.2441 | Test e:  0.2429 
| Epoch   22 | Train e:  0.3773, T l:  0.0338 | Val e:  0.2585 | Test e:  0.2457 
| Epoch   23 | Train e:  0.3822, T l:  0.0335 | Val e:  0.2543 | Test e:  0.2412 
| Epoch   24 | Train e:  0.3926, T l:  0.0331 | Val e:  0.2525 | Test e:  0.2455 
| Epoch   25 | Train e:  0.3924, T l:  0.0329 | Val e:  0.2496 | Test e:  0.2439 
| Epoch   26 | Train e:  0.4041, T l:  0.0326 | Val e:  0.2545 | Test e:  0.2461 
| Epoch   27 | Train e:  0.4231, T l:  0.0323 | Val e:  0.2658 | Test e:  0.2539 
| Epoch   28 | Train e:  0.4205, T l:  0.0320 | Val e:  0.2577 | Test e:  0.2513 
| Epoch   29 | Train e:  0.4267, T l:  0.0317 | Val e:  0.2560 | Test e:  0.2446 
| Epoch   30 | Train e:  0.4377, T l:  0.0315 | Val e:  0.2586 | Test e:  0.2493 
| Epoch   31 | Train e:  0.4478, T l:  0.0312 | Val e:  0.2519 | Test e:  0.2506 
| Epoch   32 | Train e:  0.4491, T l:  0.0310 | Val e:  0.2558 | Test e:  0.2441 
| Epoch   33 | Train e:  0.4471, T l:  0.0307 | Val e:  0.2511 | Test e:  0.2432 
| Epoch   34 | Train e:  0.4675, T l:  0.0305 | Val e:  0.2624 | Test e:  0.2538 
| Epoch   35 | Train e:  0.4623, T l:  0.0303 | Val e:  0.2547 | Test e:  0.2487 
| Epoch   36 | Train e:  0.4797, T l:  0.0299 | Val e:  0.2632 | Test e:  0.2547 
| Epoch   37 | Train e:  0.4862, T l:  0.0298 | Val e:  0.2626 | Test e:  0.2546 
| Epoch   38 | Train e:  0.4706, T l:  0.0295 | Val e:  0.2507 | Test e:  0.2489 
| Epoch   39 | Train e:  0.4933, T l:  0.0293 | Val e:  0.2614 | Test e:  0.2533 
| Epoch   40 | Train e:  0.5015, T l:  0.0291 | Val e:  0.2626 | Test e:  0.2529 
| Epoch   41 | Train e:  0.5081, T l:  0.0288 | Val e:  0.2629 | Test e:  0.2523 
| Epoch   42 | Train e:  0.5021, T l:  0.0287 | Val e:  0.2575 | Test e:  0.2455 
| Epoch   43 | Train e:  0.5079, T l:  0.0284 | Val e:  0.2617 | Test e:  0.2512 
| Epoch   44 | Train e:  0.5161, T l:  0.0282 | Val e:  0.2575 | Test e:  0.2475 
| Epoch   45 | Train e:  0.5118, T l:  0.0280 | Val e:  0.2544 | Test e:  0.2440 
| Epoch   46 | Train e:  0.5378, T l:  0.0278 | Val e:  0.2672 | Test e:  0.2566 
| Epoch   47 | Train e:  0.5309, T l:  0.0276 | Val e:  0.2615 | Test e:  0.2503 
| Epoch   48 | Train e:  0.5396, T l:  0.0274 | Val e:  0.2585 | Test e:  0.2495 
| Epoch   49 | Train e:  0.5412, T l:  0.0272 | Val e:  0.2558 | Test e:  0.2505 
| Epoch   50 | Train e:  0.5397, T l:  0.0270 | Val e:  0.2578 | Test e:  0.2463 
| Epoch   51 | Train e:  0.5604, T l:  0.0268 | Val e:  0.2628 | Test e:  0.2514 
| Epoch   52 | Train e:  0.5563, T l:  0.0266 | Val e:  0.2544 | Test e:  0.2471 
| Epoch   53 | Train e:  0.5620, T l:  0.0265 | Val e:  0.2525 | Test e:  0.2490 
| Epoch   54 | Train e:  0.5758, T l:  0.0263 | Val e:  0.2597 | Test e:  0.2508 
| Epoch   55 | Train e:  0.5787, T l:  0.0261 | Val e:  0.2597 | Test e:  0.2501 
| Epoch   56 | Train e:  0.5763, T l:  0.0259 | Val e:  0.2562 | Test e:  0.2479 
| Epoch   57 | Train e:  0.5852, T l:  0.0257 | Val e:  0.2609 | Test e:  0.2515 
| Epoch   58 | Train e:  0.5915, T l:  0.0256 | Val e:  0.2552 | Test e:  0.2503 
| Epoch   59 | Train e:  0.5952, T l:  0.0254 | Val e:  0.2532 | Test e:  0.2505 
| Epoch   60 | Train e:  0.5969, T l:  0.0252 | Val e:  0.2581 | Test e:  0.2505 
| Epoch   61 | Train e:  0.5933, T l:  0.0250 | Val e:  0.2542 | Test e:  0.2474 
| Epoch   62 | Train e:  0.5964, T l:  0.0249 | Val e:  0.2521 | Test e:  0.2458 
| Epoch   63 | Train e:  0.6045, T l:  0.0247 | Val e:  0.2547 | Test e:  0.2498 
| Epoch   64 | Train e:  0.6144, T l:  0.0245 | Val e:  0.2563 | Test e:  0.2534 
| Epoch   65 | Train e:  0.6150, T l:  0.0244 | Val e:  0.2539 | Test e:  0.2452 
| Epoch   66 | Train e:  0.6218, T l:  0.0242 | Val e:  0.2540 | Test e:  0.2502 
| Epoch   67 | Train e:  0.6318, T l:  0.0240 | Val e:  0.2582 | Test e:  0.2537 
| Epoch   68 | Train e:  0.6313, T l:  0.0238 | Val e:  0.2544 | Test e:  0.2481 
| Epoch   69 | Train e:  0.6334, T l:  0.0237 | Val e:  0.2529 | Test e:  0.2497 
| Epoch   70 | Train e:  0.6368, T l:  0.0236 | Val e:  0.2538 | Test e:  0.2476 
| Epoch   71 | Train e:  0.6337, T l:  0.0234 | Val e:  0.2513 | Test e:  0.2435 
| Epoch   72 | Train e:  0.6404, T l:  0.0233 | Val e:  0.2503 | Test e:  0.2460 
| Epoch   73 | Train e:  0.6455, T l:  0.0231 | Val e:  0.2550 | Test e:  0.2467 
| Epoch   74 | Train e:  0.6540, T l:  0.0230 | Val e:  0.2521 | Test e:  0.2494 
| Epoch   75 | Train e:  0.6521, T l:  0.0228 | Val e:  0.2535 | Test e:  0.2495 
| Epoch   76 | Train e:  0.6584, T l:  0.0227 | Val e:  0.2547 | Test e:  0.2463 
| Epoch   77 | Train e:  0.6570, T l:  0.0225 | Val e:  0.2562 | Test e:  0.2460 
| Epoch   78 | Train e:  0.6662, T l:  0.0224 | Val e:  0.2540 | Test e:  0.2492 
| Epoch   79 | Train e:  0.6634, T l:  0.0223 | Val e:  0.2523 | Test e:  0.2433 
| Epoch   80 | Train e:  0.6738, T l:  0.0222 | Val e:  0.2552 | Test e:  0.2481 
| Epoch   81 | Train e:  0.6757, T l:  0.0220 | Val e:  0.2523 | Test e:  0.2459 
| Epoch   82 | Train e:  0.6789, T l:  0.0220 | Val e:  0.2523 | Test e:  0.2475 
| Epoch   83 | Train e:  0.6709, T l:  0.0218 | Val e:  0.2493 | Test e:  0.2404 
| Epoch   84 | Train e:  0.6751, T l:  0.0217 | Val e:  0.2511 | Test e:  0.2442 
| Epoch   85 | Train e:  0.6828, T l:  0.0216 | Val e:  0.2513 | Test e:  0.2458 
| Epoch   86 | Train e:  0.6824, T l:  0.0215 | Val e:  0.2496 | Test e:  0.2437 
| Epoch   87 | Train e:  0.6912, T l:  0.0213 | Val e:  0.2533 | Test e:  0.2483 
| Epoch   88 | Train e:  0.6914, T l:  0.0212 | Val e:  0.2535 | Test e:  0.2486 
| Epoch   89 | Train e:  0.6904, T l:  0.0212 | Val e:  0.2532 | Test e:  0.2461 
| Epoch   90 | Train e:  0.6903, T l:  0.0210 | Val e:  0.2500 | Test e:  0.2436 
| Epoch   91 | Train e:  0.6976, T l:  0.0209 | Val e:  0.2529 | Test e:  0.2470 
| Epoch   92 | Train e:  0.6971, T l:  0.0208 | Val e:  0.2507 | Test e:  0.2459 
| Epoch   93 | Train e:  0.6947, T l:  0.0207 | Val e:  0.2492 | Test e:  0.2454 
| Epoch   94 | Train e:  0.6966, T l:  0.0207 | Val e:  0.2494 | Test e:  0.2456 
| Epoch   95 | Train e:  0.6982, T l:  0.0206 | Val e:  0.2499 | Test e:  0.2455 
| Epoch   96 | Train e:  0.7030, T l:  0.0205 | Val e:  0.2517 | Test e:  0.2479 
| Epoch   97 | Train e:  0.7040, T l:  0.0204 | Val e:  0.2521 | Test e:  0.2477 
| Epoch   98 | Train e:  0.7031, T l:  0.0204 | Val e:  0.2514 | Test e:  0.2469 
| Epoch   99 | Train e:  0.7029, T l:  0.0203 | Val e:  0.2512 | Test e:  0.2467 
