

===============================================
2023-01-09 13:16:48

main_gps_parallel_eela.py --seeds 2022 --device 2

None

baseline: GPS
dataset: ogbg-molpcba
use_val_loss: False
use_cpu: False
epochs: 100
scheduler: linear
warmup: 10
batch_size: 256
lr: 0.0002
weight_decay: 0.0001
num_workers: 0
clustering: False
masked_attention: True
gconv_dim: 384
tlayer_dim: 384
local_attn_dropout: 0.0
local_ffn_dropout: 0.3
global_attn_dropout: 0.3
global_ffn_dropout: 0.3
num_layers: 5
num_heads: 8
skip_connection: none
norm: ln
readout: mean
seeds: 2022
device: 2
save_state: False



| Epoch    0 | Train e:  0.0267, T l:  0.2369 | Val e:  0.0313 | Test e:  0.0321 
| Epoch    1 | Train e:  0.0398, T l:  0.0602 | Val e:  0.0439 | Test e:  0.0451 
| Epoch    2 | Train e:  0.0790, T l:  0.0517 | Val e:  0.0848 | Test e:  0.0833 
| Epoch    3 | Train e:  0.1070, T l:  0.0476 | Val e:  0.1059 | Test e:  0.1017 
| Epoch    4 | Train e:  0.1380, T l:  0.0450 | Val e:  0.1272 | Test e:  0.1275 
| Epoch    5 | Train e:  0.1577, T l:  0.0433 | Val e:  0.1393 | Test e:  0.1394 
| Epoch    6 | Train e:  0.1814, T l:  0.0418 | Val e:  0.1621 | Test e:  0.1582 
| Epoch    7 | Train e:  0.2087, T l:  0.0408 | Val e:  0.1800 | Test e:  0.1678 
| Epoch    8 | Train e:  0.2278, T l:  0.0398 | Val e:  0.1833 | Test e:  0.1784 
| Epoch    9 | Train e:  0.2473, T l:  0.0389 | Val e:  0.1956 | Test e:  0.1892 
| Epoch   10 | Train e:  0.2692, T l:  0.0381 | Val e:  0.2118 | Test e:  0.2032 
| Epoch   11 | Train e:  0.2841, T l:  0.0373 | Val e:  0.2078 | Test e:  0.2034 
| Epoch   12 | Train e:  0.2928, T l:  0.0366 | Val e:  0.2128 | Test e:  0.2051 
| Epoch   13 | Train e:  0.3106, T l:  0.0359 | Val e:  0.2276 | Test e:  0.2134 
| Epoch   14 | Train e:  0.3318, T l:  0.0353 | Val e:  0.2310 | Test e:  0.2202 
| Epoch   15 | Train e:  0.3479, T l:  0.0348 | Val e:  0.2312 | Test e:  0.2245 
| Epoch   16 | Train e:  0.3646, T l:  0.0342 | Val e:  0.2343 | Test e:  0.2280 
| Epoch   17 | Train e:  0.3736, T l:  0.0338 | Val e:  0.2474 | Test e:  0.2361 
| Epoch   18 | Train e:  0.3827, T l:  0.0334 | Val e:  0.2463 | Test e:  0.2321 
| Epoch   19 | Train e:  0.3882, T l:  0.0329 | Val e:  0.2420 | Test e:  0.2297 
| Epoch   20 | Train e:  0.3982, T l:  0.0325 | Val e:  0.2400 | Test e:  0.2270 
| Epoch   21 | Train e:  0.4024, T l:  0.0322 | Val e:  0.2401 | Test e:  0.2306 
| Epoch   22 | Train e:  0.4228, T l:  0.0318 | Val e:  0.2520 | Test e:  0.2413 
| Epoch   23 | Train e:  0.4268, T l:  0.0315 | Val e:  0.2536 | Test e:  0.2432 
| Epoch   24 | Train e:  0.4437, T l:  0.0311 | Val e:  0.2596 | Test e:  0.2472 
| Epoch   25 | Train e:  0.4492, T l:  0.0308 | Val e:  0.2523 | Test e:  0.2410 
| Epoch   26 | Train e:  0.4506, T l:  0.0305 | Val e:  0.2523 | Test e:  0.2405 
| Epoch   27 | Train e:  0.4675, T l:  0.0302 | Val e:  0.2578 | Test e:  0.2534 
| Epoch   28 | Train e:  0.4684, T l:  0.0300 | Val e:  0.2552 | Test e:  0.2423 
| Epoch   29 | Train e:  0.4771, T l:  0.0296 | Val e:  0.2580 | Test e:  0.2432 
| Epoch   30 | Train e:  0.4866, T l:  0.0294 | Val e:  0.2668 | Test e:  0.2478 
| Epoch   31 | Train e:  0.4931, T l:  0.0290 | Val e:  0.2582 | Test e:  0.2466 
| Epoch   32 | Train e:  0.4897, T l:  0.0289 | Val e:  0.2567 | Test e:  0.2411 
| Epoch   33 | Train e:  0.5105, T l:  0.0286 | Val e:  0.2634 | Test e:  0.2507 
| Epoch   34 | Train e:  0.5183, T l:  0.0284 | Val e:  0.2622 | Test e:  0.2471 
| Epoch   35 | Train e:  0.5173, T l:  0.0281 | Val e:  0.2598 | Test e:  0.2480 
| Epoch   36 | Train e:  0.5249, T l:  0.0279 | Val e:  0.2599 | Test e:  0.2494 
| Epoch   37 | Train e:  0.5289, T l:  0.0276 | Val e:  0.2606 | Test e:  0.2457 
| Epoch   38 | Train e:  0.5408, T l:  0.0274 | Val e:  0.2615 | Test e:  0.2483 
| Epoch   39 | Train e:  0.5474, T l:  0.0272 | Val e:  0.2629 | Test e:  0.2507 
| Epoch   40 | Train e:  0.5486, T l:  0.0270 | Val e:  0.2576 | Test e:  0.2474 
| Epoch   41 | Train e:  0.5609, T l:  0.0268 | Val e:  0.2591 | Test e:  0.2502 
| Epoch   42 | Train e:  0.5635, T l:  0.0265 | Val e:  0.2577 | Test e:  0.2495 
| Epoch   43 | Train e:  0.5793, T l:  0.0263 | Val e:  0.2620 | Test e:  0.2485 
| Epoch   44 | Train e:  0.5764, T l:  0.0261 | Val e:  0.2597 | Test e:  0.2466 
| Epoch   45 | Train e:  0.5817, T l:  0.0259 | Val e:  0.2588 | Test e:  0.2449 
| Epoch   46 | Train e:  0.5839, T l:  0.0257 | Val e:  0.2563 | Test e:  0.2434 
| Epoch   47 | Train e:  0.5970, T l:  0.0255 | Val e:  0.2581 | Test e:  0.2480 
| Epoch   48 | Train e:  0.6023, T l:  0.0254 | Val e:  0.2594 | Test e:  0.2481 
| Epoch   49 | Train e:  0.6036, T l:  0.0251 | Val e:  0.2583 | Test e:  0.2452 
| Epoch   50 | Train e:  0.6117, T l:  0.0250 | Val e:  0.2605 | Test e:  0.2486 
| Epoch   51 | Train e:  0.6133, T l:  0.0248 | Val e:  0.2605 | Test e:  0.2467 
| Epoch   52 | Train e:  0.6244, T l:  0.0246 | Val e:  0.2624 | Test e:  0.2491 
| Epoch   53 | Train e:  0.6191, T l:  0.0244 | Val e:  0.2552 | Test e:  0.2426 
| Epoch   54 | Train e:  0.6233, T l:  0.0243 | Val e:  0.2525 | Test e:  0.2386 
| Epoch   55 | Train e:  0.6348, T l:  0.0241 | Val e:  0.2572 | Test e:  0.2438 
| Epoch   56 | Train e:  0.6398, T l:  0.0239 | Val e:  0.2575 | Test e:  0.2451 
| Epoch   57 | Train e:  0.6441, T l:  0.0237 | Val e:  0.2573 | Test e:  0.2427 
| Epoch   58 | Train e:  0.6487, T l:  0.0236 | Val e:  0.2583 | Test e:  0.2464 
| Epoch   59 | Train e:  0.6503, T l:  0.0234 | Val e:  0.2544 | Test e:  0.2429 
| Epoch   60 | Train e:  0.6584, T l:  0.0233 | Val e:  0.2568 | Test e:  0.2449 
| Epoch   61 | Train e:  0.6584, T l:  0.0231 | Val e:  0.2542 | Test e:  0.2423 
| Epoch   62 | Train e:  0.6643, T l:  0.0229 | Val e:  0.2560 | Test e:  0.2407 
| Epoch   63 | Train e:  0.6702, T l:  0.0228 | Val e:  0.2561 | Test e:  0.2413 
| Epoch   64 | Train e:  0.6754, T l:  0.0226 | Val e:  0.2554 | Test e:  0.2439 
| Epoch   65 | Train e:  0.6778, T l:  0.0225 | Val e:  0.2556 | Test e:  0.2430 
| Epoch   66 | Train e:  0.6806, T l:  0.0224 | Val e:  0.2522 | Test e:  0.2411 
| Epoch   67 | Train e:  0.6881, T l:  0.0222 | Val e:  0.2567 | Test e:  0.2426 
| Epoch   68 | Train e:  0.6932, T l:  0.0221 | Val e:  0.2569 | Test e:  0.2450 
| Epoch   69 | Train e:  0.6971, T l:  0.0219 | Val e:  0.2524 | Test e:  0.2396 
| Epoch   70 | Train e:  0.6991, T l:  0.0218 | Val e:  0.2539 | Test e:  0.2426 
| Epoch   71 | Train e:  0.7060, T l:  0.0216 | Val e:  0.2552 | Test e:  0.2438 
| Epoch   72 | Train e:  0.7041, T l:  0.0215 | Val e:  0.2528 | Test e:  0.2400 
| Epoch   73 | Train e:  0.7054, T l:  0.0213 | Val e:  0.2520 | Test e:  0.2383 
| Epoch   74 | Train e:  0.7127, T l:  0.0212 | Val e:  0.2557 | Test e:  0.2415 
| Epoch   75 | Train e:  0.7193, T l:  0.0211 | Val e:  0.2547 | Test e:  0.2433 
| Epoch   76 | Train e:  0.7170, T l:  0.0210 | Val e:  0.2549 | Test e:  0.2405 
| Epoch   77 | Train e:  0.7211, T l:  0.0208 | Val e:  0.2539 | Test e:  0.2394 
| Epoch   78 | Train e:  0.7241, T l:  0.0207 | Val e:  0.2540 | Test e:  0.2390 
| Epoch   79 | Train e:  0.7285, T l:  0.0206 | Val e:  0.2550 | Test e:  0.2395 
| Epoch   80 | Train e:  0.7338, T l:  0.0205 | Val e:  0.2557 | Test e:  0.2421 
| Epoch   81 | Train e:  0.7376, T l:  0.0203 | Val e:  0.2555 | Test e:  0.2409 
| Epoch   82 | Train e:  0.7331, T l:  0.0202 | Val e:  0.2515 | Test e:  0.2394 
| Epoch   83 | Train e:  0.7382, T l:  0.0201 | Val e:  0.2524 | Test e:  0.2385 
| Epoch   84 | Train e:  0.7446, T l:  0.0200 | Val e:  0.2545 | Test e:  0.2404 
| Epoch   85 | Train e:  0.7461, T l:  0.0199 | Val e:  0.2544 | Test e:  0.2412 
| Epoch   86 | Train e:  0.7509, T l:  0.0198 | Val e:  0.2544 | Test e:  0.2422 
| Epoch   87 | Train e:  0.7505, T l:  0.0197 | Val e:  0.2527 | Test e:  0.2395 
| Epoch   88 | Train e:  0.7529, T l:  0.0196 | Val e:  0.2538 | Test e:  0.2401 
| Epoch   89 | Train e:  0.7530, T l:  0.0195 | Val e:  0.2524 | Test e:  0.2410 
| Epoch   90 | Train e:  0.7537, T l:  0.0194 | Val e:  0.2501 | Test e:  0.2394 
| Epoch   91 | Train e:  0.7554, T l:  0.0194 | Val e:  0.2515 | Test e:  0.2385 
| Epoch   92 | Train e:  0.7556, T l:  0.0193 | Val e:  0.2522 | Test e:  0.2389 
| Epoch   93 | Train e:  0.7588, T l:  0.0192 | Val e:  0.2523 | Test e:  0.2391 
| Epoch   94 | Train e:  0.7602, T l:  0.0191 | Val e:  0.2527 | Test e:  0.2410 
| Epoch   95 | Train e:  0.7624, T l:  0.0190 | Val e:  0.2522 | Test e:  0.2409 
| Epoch   96 | Train e:  0.7623, T l:  0.0190 | Val e:  0.2526 | Test e:  0.2404 
| Epoch   97 | Train e:  0.7625, T l:  0.0189 | Val e:  0.2522 | Test e:  0.2403 
| Epoch   98 | Train e:  0.7635, T l:  0.0188 | Val e:  0.2524 | Test e:  0.2403 
| Epoch   99 | Train e:  0.7636, T l:  0.0187 | Val e:  0.2523 | Test e:  0.2400 
