

===============================================
2023-01-09 02:57:43

main_gps_parallel_eela.py --seeds 271828 --device 2

None

baseline: GPS
dataset: ogbg-molpcba
use_val_loss: False
use_cpu: False
epochs: 100
scheduler: linear
warmup: 10
batch_size: 256
lr: 0.0002
weight_decay: 0.0001
num_workers: 0
clustering: False
masked_attention: True
gconv_dim: 384
tlayer_dim: 384
local_attn_dropout: 0.0
local_ffn_dropout: 0.3
global_attn_dropout: 0.3
global_ffn_dropout: 0.3
num_layers: 5
num_heads: 8
skip_connection: none
norm: ln
readout: mean
seeds: 271828
device: 2
save_state: False



| Epoch    0 | Train e:  0.0265, T l:  0.2345 | Val e:  0.0303 | Test e:  0.0322 
| Epoch    1 | Train e:  0.0401, T l:  0.0601 | Val e:  0.0433 | Test e:  0.0450 
| Epoch    2 | Train e:  0.0764, T l:  0.0514 | Val e:  0.0840 | Test e:  0.0841 
| Epoch    3 | Train e:  0.1036, T l:  0.0475 | Val e:  0.1061 | Test e:  0.1067 
| Epoch    4 | Train e:  0.1353, T l:  0.0451 | Val e:  0.1317 | Test e:  0.1276 
| Epoch    5 | Train e:  0.1636, T l:  0.0433 | Val e:  0.1509 | Test e:  0.1492 
| Epoch    6 | Train e:  0.1814, T l:  0.0419 | Val e:  0.1587 | Test e:  0.1601 
| Epoch    7 | Train e:  0.2111, T l:  0.0407 | Val e:  0.1743 | Test e:  0.1750 
| Epoch    8 | Train e:  0.2231, T l:  0.0397 | Val e:  0.1801 | Test e:  0.1755 
| Epoch    9 | Train e:  0.2495, T l:  0.0388 | Val e:  0.1974 | Test e:  0.1900 
| Epoch   10 | Train e:  0.2742, T l:  0.0380 | Val e:  0.2029 | Test e:  0.2019 
| Epoch   11 | Train e:  0.2942, T l:  0.0372 | Val e:  0.2193 | Test e:  0.2146 
| Epoch   12 | Train e:  0.2979, T l:  0.0364 | Val e:  0.2172 | Test e:  0.2130 
| Epoch   13 | Train e:  0.3214, T l:  0.0358 | Val e:  0.2264 | Test e:  0.2264 
| Epoch   14 | Train e:  0.3301, T l:  0.0352 | Val e:  0.2280 | Test e:  0.2240 
| Epoch   15 | Train e:  0.3477, T l:  0.0346 | Val e:  0.2356 | Test e:  0.2281 
| Epoch   16 | Train e:  0.3607, T l:  0.0341 | Val e:  0.2407 | Test e:  0.2312 
| Epoch   17 | Train e:  0.3786, T l:  0.0337 | Val e:  0.2472 | Test e:  0.2326 
| Epoch   18 | Train e:  0.3833, T l:  0.0332 | Val e:  0.2438 | Test e:  0.2361 
| Epoch   19 | Train e:  0.4006, T l:  0.0328 | Val e:  0.2477 | Test e:  0.2401 
| Epoch   20 | Train e:  0.4078, T l:  0.0324 | Val e:  0.2467 | Test e:  0.2391 
| Epoch   21 | Train e:  0.4172, T l:  0.0320 | Val e:  0.2495 | Test e:  0.2392 
| Epoch   22 | Train e:  0.4342, T l:  0.0316 | Val e:  0.2557 | Test e:  0.2441 
| Epoch   23 | Train e:  0.4268, T l:  0.0313 | Val e:  0.2500 | Test e:  0.2421 
| Epoch   24 | Train e:  0.4429, T l:  0.0309 | Val e:  0.2555 | Test e:  0.2405 
| Epoch   25 | Train e:  0.4464, T l:  0.0307 | Val e:  0.2531 | Test e:  0.2393 
| Epoch   26 | Train e:  0.4518, T l:  0.0303 | Val e:  0.2518 | Test e:  0.2397 
| Epoch   27 | Train e:  0.4616, T l:  0.0301 | Val e:  0.2564 | Test e:  0.2402 
| Epoch   28 | Train e:  0.4744, T l:  0.0298 | Val e:  0.2552 | Test e:  0.2402 
| Epoch   29 | Train e:  0.4812, T l:  0.0295 | Val e:  0.2600 | Test e:  0.2433 
| Epoch   30 | Train e:  0.4881, T l:  0.0292 | Val e:  0.2618 | Test e:  0.2405 
| Epoch   31 | Train e:  0.4965, T l:  0.0289 | Val e:  0.2598 | Test e:  0.2462 
| Epoch   32 | Train e:  0.5047, T l:  0.0287 | Val e:  0.2582 | Test e:  0.2423 
| Epoch   33 | Train e:  0.5129, T l:  0.0284 | Val e:  0.2627 | Test e:  0.2402 
| Epoch   34 | Train e:  0.5207, T l:  0.0282 | Val e:  0.2629 | Test e:  0.2476 
| Epoch   35 | Train e:  0.5319, T l:  0.0279 | Val e:  0.2653 | Test e:  0.2468 
| Epoch   36 | Train e:  0.5288, T l:  0.0277 | Val e:  0.2612 | Test e:  0.2432 
| Epoch   37 | Train e:  0.5419, T l:  0.0274 | Val e:  0.2640 | Test e:  0.2462 
| Epoch   38 | Train e:  0.5392, T l:  0.0272 | Val e:  0.2652 | Test e:  0.2482 
| Epoch   39 | Train e:  0.5481, T l:  0.0270 | Val e:  0.2631 | Test e:  0.2431 
| Epoch   40 | Train e:  0.5575, T l:  0.0267 | Val e:  0.2625 | Test e:  0.2408 
| Epoch   41 | Train e:  0.5651, T l:  0.0266 | Val e:  0.2618 | Test e:  0.2451 
| Epoch   42 | Train e:  0.5740, T l:  0.0263 | Val e:  0.2650 | Test e:  0.2482 
| Epoch   43 | Train e:  0.5711, T l:  0.0261 | Val e:  0.2587 | Test e:  0.2436 
| Epoch   44 | Train e:  0.5778, T l:  0.0259 | Val e:  0.2614 | Test e:  0.2409 
| Epoch   45 | Train e:  0.5865, T l:  0.0257 | Val e:  0.2636 | Test e:  0.2423 
| Epoch   46 | Train e:  0.5869, T l:  0.0255 | Val e:  0.2623 | Test e:  0.2452 
| Epoch   47 | Train e:  0.6009, T l:  0.0253 | Val e:  0.2670 | Test e:  0.2437 
| Epoch   48 | Train e:  0.6017, T l:  0.0251 | Val e:  0.2620 | Test e:  0.2418 
| Epoch   49 | Train e:  0.6102, T l:  0.0249 | Val e:  0.2634 | Test e:  0.2475 
| Epoch   50 | Train e:  0.6144, T l:  0.0248 | Val e:  0.2593 | Test e:  0.2430 
| Epoch   51 | Train e:  0.6249, T l:  0.0246 | Val e:  0.2620 | Test e:  0.2436 
| Epoch   52 | Train e:  0.6270, T l:  0.0244 | Val e:  0.2606 | Test e:  0.2444 
| Epoch   53 | Train e:  0.6317, T l:  0.0242 | Val e:  0.2558 | Test e:  0.2419 
| Epoch   54 | Train e:  0.6374, T l:  0.0240 | Val e:  0.2640 | Test e:  0.2422 
| Epoch   55 | Train e:  0.6418, T l:  0.0239 | Val e:  0.2614 | Test e:  0.2432 
| Epoch   56 | Train e:  0.6483, T l:  0.0236 | Val e:  0.2626 | Test e:  0.2414 
| Epoch   57 | Train e:  0.6558, T l:  0.0235 | Val e:  0.2607 | Test e:  0.2444 
| Epoch   58 | Train e:  0.6580, T l:  0.0233 | Val e:  0.2614 | Test e:  0.2460 
| Epoch   59 | Train e:  0.6596, T l:  0.0232 | Val e:  0.2604 | Test e:  0.2392 
| Epoch   60 | Train e:  0.6651, T l:  0.0230 | Val e:  0.2591 | Test e:  0.2407 
| Epoch   61 | Train e:  0.6687, T l:  0.0228 | Val e:  0.2578 | Test e:  0.2393 
| Epoch   62 | Train e:  0.6716, T l:  0.0227 | Val e:  0.2567 | Test e:  0.2370 
| Epoch   63 | Train e:  0.6785, T l:  0.0225 | Val e:  0.2564 | Test e:  0.2384 
| Epoch   64 | Train e:  0.6798, T l:  0.0223 | Val e:  0.2573 | Test e:  0.2403 
| Epoch   65 | Train e:  0.6850, T l:  0.0222 | Val e:  0.2611 | Test e:  0.2418 
| Epoch   66 | Train e:  0.6906, T l:  0.0220 | Val e:  0.2554 | Test e:  0.2396 
| Epoch   67 | Train e:  0.6962, T l:  0.0219 | Val e:  0.2592 | Test e:  0.2415 
| Epoch   68 | Train e:  0.6999, T l:  0.0217 | Val e:  0.2579 | Test e:  0.2382 
| Epoch   69 | Train e:  0.7039, T l:  0.0216 | Val e:  0.2563 | Test e:  0.2405 
| Epoch   70 | Train e:  0.7045, T l:  0.0215 | Val e:  0.2534 | Test e:  0.2366 
| Epoch   71 | Train e:  0.7093, T l:  0.0213 | Val e:  0.2550 | Test e:  0.2389 
| Epoch   72 | Train e:  0.7090, T l:  0.0212 | Val e:  0.2538 | Test e:  0.2350 
| Epoch   73 | Train e:  0.7183, T l:  0.0211 | Val e:  0.2568 | Test e:  0.2396 
| Epoch   74 | Train e:  0.7248, T l:  0.0209 | Val e:  0.2575 | Test e:  0.2390 
| Epoch   75 | Train e:  0.7255, T l:  0.0208 | Val e:  0.2553 | Test e:  0.2394 
| Epoch   76 | Train e:  0.7280, T l:  0.0207 | Val e:  0.2561 | Test e:  0.2398 
| Epoch   77 | Train e:  0.7274, T l:  0.0206 | Val e:  0.2550 | Test e:  0.2373 
| Epoch   78 | Train e:  0.7336, T l:  0.0204 | Val e:  0.2552 | Test e:  0.2364 
| Epoch   79 | Train e:  0.7366, T l:  0.0203 | Val e:  0.2547 | Test e:  0.2376 
| Epoch   80 | Train e:  0.7400, T l:  0.0202 | Val e:  0.2528 | Test e:  0.2361 
| Epoch   81 | Train e:  0.7416, T l:  0.0201 | Val e:  0.2536 | Test e:  0.2386 
| Epoch   82 | Train e:  0.7451, T l:  0.0200 | Val e:  0.2539 | Test e:  0.2389 
| Epoch   83 | Train e:  0.7475, T l:  0.0198 | Val e:  0.2569 | Test e:  0.2403 
| Epoch   84 | Train e:  0.7480, T l:  0.0197 | Val e:  0.2528 | Test e:  0.2376 
| Epoch   85 | Train e:  0.7499, T l:  0.0196 | Val e:  0.2545 | Test e:  0.2380 
| Epoch   86 | Train e:  0.7540, T l:  0.0195 | Val e:  0.2534 | Test e:  0.2366 
| Epoch   87 | Train e:  0.7539, T l:  0.0194 | Val e:  0.2528 | Test e:  0.2361 
| Epoch   88 | Train e:  0.7574, T l:  0.0193 | Val e:  0.2533 | Test e:  0.2355 
| Epoch   89 | Train e:  0.7614, T l:  0.0192 | Val e:  0.2551 | Test e:  0.2381 
| Epoch   90 | Train e:  0.7625, T l:  0.0191 | Val e:  0.2539 | Test e:  0.2366 
| Epoch   91 | Train e:  0.7631, T l:  0.0190 | Val e:  0.2543 | Test e:  0.2378 
| Epoch   92 | Train e:  0.7634, T l:  0.0189 | Val e:  0.2530 | Test e:  0.2352 
| Epoch   93 | Train e:  0.7662, T l:  0.0189 | Val e:  0.2536 | Test e:  0.2367 
| Epoch   94 | Train e:  0.7657, T l:  0.0187 | Val e:  0.2539 | Test e:  0.2367 
| Epoch   95 | Train e:  0.7679, T l:  0.0187 | Val e:  0.2532 | Test e:  0.2366 
| Epoch   96 | Train e:  0.7701, T l:  0.0187 | Val e:  0.2538 | Test e:  0.2371 
| Epoch   97 | Train e:  0.7693, T l:  0.0186 | Val e:  0.2535 | Test e:  0.2374 
| Epoch   98 | Train e:  0.7696, T l:  0.0185 | Val e:  0.2535 | Test e:  0.2381 
| Epoch   99 | Train e:  0.7699, T l:  0.0184 | Val e:  0.2531 | Test e:  0.2370 
