

===============================================
2023-01-07 18:48:12

main_gnnt_gat.py --seeds 666 --device 1

None

baseline: SAT
dataset: ogbg-molpcba
use_val_loss: False
use_cpu: False
epochs: 100
scheduler: linear
warmup: 10
batch_size: 256
lr: 0.0002
weight_decay: 0.0001
num_workers: 0
clustering: False
masked_attention: True
gconv_dim: 384
tlayer_dim: 384
gat_attn_dropout: 0.0
gconv_dropout: 0.3
tlayer_attn_dropout: 0.3
tlayer_dropout: 0.3
num_layers: 5
num_heads: 8
skip_connection: short
readout: cls
seeds: 666
device: 1
save_state: False



| Epoch    0 | Train e:  0.0276, T l:  0.2537 | Val e:  0.0320 | Test e:  0.0335 
| Epoch    1 | Train e:  0.0442, T l:  0.0612 | Val e:  0.0477 | Test e:  0.0499 
| Epoch    2 | Train e:  0.0894, T l:  0.0504 | Val e:  0.0952 | Test e:  0.0934 
| Epoch    3 | Train e:  0.1181, T l:  0.0466 | Val e:  0.1206 | Test e:  0.1232 
| Epoch    4 | Train e:  0.1393, T l:  0.0446 | Val e:  0.1388 | Test e:  0.1433 
| Epoch    5 | Train e:  0.1623, T l:  0.0432 | Val e:  0.1601 | Test e:  0.1570 
| Epoch    6 | Train e:  0.1811, T l:  0.0421 | Val e:  0.1657 | Test e:  0.1637 
| Epoch    7 | Train e:  0.1959, T l:  0.0413 | Val e:  0.1705 | Test e:  0.1762 
| Epoch    8 | Train e:  0.1996, T l:  0.0406 | Val e:  0.1779 | Test e:  0.1718 
| Epoch    9 | Train e:  0.2147, T l:  0.0401 | Val e:  0.1818 | Test e:  0.1803 
| Epoch   10 | Train e:  0.2364, T l:  0.0394 | Val e:  0.1950 | Test e:  0.1997 
| Epoch   11 | Train e:  0.2538, T l:  0.0387 | Val e:  0.2041 | Test e:  0.2015 
| Epoch   12 | Train e:  0.2586, T l:  0.0381 | Val e:  0.1975 | Test e:  0.1998 
| Epoch   13 | Train e:  0.2853, T l:  0.0376 | Val e:  0.2179 | Test e:  0.2185 
| Epoch   14 | Train e:  0.2965, T l:  0.0371 | Val e:  0.2246 | Test e:  0.2211 
| Epoch   15 | Train e:  0.2904, T l:  0.0366 | Val e:  0.2181 | Test e:  0.2176 
| Epoch   16 | Train e:  0.3201, T l:  0.0361 | Val e:  0.2319 | Test e:  0.2236 
| Epoch   17 | Train e:  0.3099, T l:  0.0356 | Val e:  0.2249 | Test e:  0.2168 
| Epoch   18 | Train e:  0.3248, T l:  0.0353 | Val e:  0.2354 | Test e:  0.2284 
| Epoch   19 | Train e:  0.3262, T l:  0.0349 | Val e:  0.2277 | Test e:  0.2226 
| Epoch   20 | Train e:  0.3337, T l:  0.0346 | Val e:  0.2332 | Test e:  0.2253 
| Epoch   21 | Train e:  0.3341, T l:  0.0342 | Val e:  0.2253 | Test e:  0.2198 
| Epoch   22 | Train e:  0.3674, T l:  0.0339 | Val e:  0.2473 | Test e:  0.2375 
| Epoch   23 | Train e:  0.3558, T l:  0.0336 | Val e:  0.2379 | Test e:  0.2257 
| Epoch   24 | Train e:  0.3742, T l:  0.0333 | Val e:  0.2372 | Test e:  0.2306 
| Epoch   25 | Train e:  0.3657, T l:  0.0329 | Val e:  0.2351 | Test e:  0.2277 
| Epoch   26 | Train e:  0.3564, T l:  0.0326 | Val e:  0.2267 | Test e:  0.2188 
| Epoch   27 | Train e:  0.3916, T l:  0.0324 | Val e:  0.2438 | Test e:  0.2328 
| Epoch   28 | Train e:  0.3894, T l:  0.0321 | Val e:  0.2350 | Test e:  0.2250 
| Epoch   29 | Train e:  0.4052, T l:  0.0318 | Val e:  0.2525 | Test e:  0.2319 
| Epoch   30 | Train e:  0.4017, T l:  0.0315 | Val e:  0.2413 | Test e:  0.2293 
| Epoch   31 | Train e:  0.4278, T l:  0.0313 | Val e:  0.2522 | Test e:  0.2411 
| Epoch   32 | Train e:  0.4101, T l:  0.0310 | Val e:  0.2387 | Test e:  0.2291 
| Epoch   33 | Train e:  0.4339, T l:  0.0308 | Val e:  0.2483 | Test e:  0.2348 
| Epoch   34 | Train e:  0.4157, T l:  0.0305 | Val e:  0.2313 | Test e:  0.2250 
| Epoch   35 | Train e:  0.4605, T l:  0.0303 | Val e:  0.2562 | Test e:  0.2508 
| Epoch   36 | Train e:  0.4423, T l:  0.0300 | Val e:  0.2437 | Test e:  0.2338 
| Epoch   37 | Train e:  0.4620, T l:  0.0298 | Val e:  0.2538 | Test e:  0.2465 
| Epoch   38 | Train e:  0.4658, T l:  0.0296 | Val e:  0.2512 | Test e:  0.2440 
| Epoch   39 | Train e:  0.4685, T l:  0.0293 | Val e:  0.2464 | Test e:  0.2412 
| Epoch   40 | Train e:  0.4534, T l:  0.0291 | Val e:  0.2396 | Test e:  0.2318 
| Epoch   41 | Train e:  0.4646, T l:  0.0289 | Val e:  0.2422 | Test e:  0.2368 
| Epoch   42 | Train e:  0.4759, T l:  0.0287 | Val e:  0.2449 | Test e:  0.2349 
| Epoch   43 | Train e:  0.4978, T l:  0.0285 | Val e:  0.2523 | Test e:  0.2408 
| Epoch   44 | Train e:  0.4908, T l:  0.0282 | Val e:  0.2529 | Test e:  0.2430 
| Epoch   45 | Train e:  0.5019, T l:  0.0281 | Val e:  0.2488 | Test e:  0.2420 
| Epoch   46 | Train e:  0.4904, T l:  0.0279 | Val e:  0.2427 | Test e:  0.2379 
| Epoch   47 | Train e:  0.5095, T l:  0.0277 | Val e:  0.2478 | Test e:  0.2395 
| Epoch   48 | Train e:  0.5159, T l:  0.0274 | Val e:  0.2459 | Test e:  0.2397 
| Epoch   49 | Train e:  0.5127, T l:  0.0273 | Val e:  0.2489 | Test e:  0.2382 
| Epoch   50 | Train e:  0.5074, T l:  0.0271 | Val e:  0.2356 | Test e:  0.2272 
| Epoch   51 | Train e:  0.5232, T l:  0.0269 | Val e:  0.2425 | Test e:  0.2351 
| Epoch   52 | Train e:  0.5273, T l:  0.0267 | Val e:  0.2410 | Test e:  0.2356 
| Epoch   53 | Train e:  0.5416, T l:  0.0265 | Val e:  0.2463 | Test e:  0.2423 
| Epoch   54 | Train e:  0.5445, T l:  0.0263 | Val e:  0.2458 | Test e:  0.2387 
| Epoch   55 | Train e:  0.5352, T l:  0.0261 | Val e:  0.2455 | Test e:  0.2370 
| Epoch   56 | Train e:  0.5584, T l:  0.0259 | Val e:  0.2500 | Test e:  0.2414 
| Epoch   57 | Train e:  0.5513, T l:  0.0258 | Val e:  0.2451 | Test e:  0.2366 
| Epoch   58 | Train e:  0.5533, T l:  0.0256 | Val e:  0.2461 | Test e:  0.2367 
| Epoch   59 | Train e:  0.5641, T l:  0.0254 | Val e:  0.2469 | Test e:  0.2410 
| Epoch   60 | Train e:  0.5757, T l:  0.0252 | Val e:  0.2461 | Test e:  0.2429 
| Epoch   61 | Train e:  0.5665, T l:  0.0250 | Val e:  0.2401 | Test e:  0.2368 
| Epoch   62 | Train e:  0.5697, T l:  0.0249 | Val e:  0.2435 | Test e:  0.2381 
| Epoch   63 | Train e:  0.5880, T l:  0.0248 | Val e:  0.2437 | Test e:  0.2379 
| Epoch   64 | Train e:  0.5864, T l:  0.0246 | Val e:  0.2423 | Test e:  0.2364 
| Epoch   65 | Train e:  0.5900, T l:  0.0244 | Val e:  0.2447 | Test e:  0.2360 
| Epoch   66 | Train e:  0.5916, T l:  0.0242 | Val e:  0.2405 | Test e:  0.2369 
| Epoch   67 | Train e:  0.5930, T l:  0.0241 | Val e:  0.2386 | Test e:  0.2309 
| Epoch   68 | Train e:  0.5954, T l:  0.0240 | Val e:  0.2395 | Test e:  0.2325 
| Epoch   69 | Train e:  0.6054, T l:  0.0238 | Val e:  0.2435 | Test e:  0.2369 
| Epoch   70 | Train e:  0.6053, T l:  0.0236 | Val e:  0.2377 | Test e:  0.2309 
| Epoch   71 | Train e:  0.6136, T l:  0.0235 | Val e:  0.2414 | Test e:  0.2384 
| Epoch   72 | Train e:  0.6177, T l:  0.0233 | Val e:  0.2465 | Test e:  0.2375 
| Epoch   73 | Train e:  0.6168, T l:  0.0232 | Val e:  0.2433 | Test e:  0.2362 
| Epoch   74 | Train e:  0.6155, T l:  0.0230 | Val e:  0.2397 | Test e:  0.2315 
| Epoch   75 | Train e:  0.6244, T l:  0.0229 | Val e:  0.2388 | Test e:  0.2335 
| Epoch   76 | Train e:  0.6262, T l:  0.0227 | Val e:  0.2399 | Test e:  0.2328 
| Epoch   77 | Train e:  0.6334, T l:  0.0226 | Val e:  0.2398 | Test e:  0.2333 
| Epoch   78 | Train e:  0.6421, T l:  0.0225 | Val e:  0.2426 | Test e:  0.2364 
| Epoch   79 | Train e:  0.6311, T l:  0.0223 | Val e:  0.2357 | Test e:  0.2321 
| Epoch   80 | Train e:  0.6362, T l:  0.0222 | Val e:  0.2354 | Test e:  0.2312 
| Epoch   81 | Train e:  0.6400, T l:  0.0221 | Val e:  0.2352 | Test e:  0.2272 
| Epoch   82 | Train e:  0.6531, T l:  0.0220 | Val e:  0.2402 | Test e:  0.2354 
| Epoch   83 | Train e:  0.6451, T l:  0.0218 | Val e:  0.2395 | Test e:  0.2309 
| Epoch   84 | Train e:  0.6536, T l:  0.0217 | Val e:  0.2387 | Test e:  0.2334 
| Epoch   85 | Train e:  0.6511, T l:  0.0216 | Val e:  0.2384 | Test e:  0.2298 
| Epoch   86 | Train e:  0.6515, T l:  0.0215 | Val e:  0.2374 | Test e:  0.2301 
| Epoch   87 | Train e:  0.6489, T l:  0.0214 | Val e:  0.2351 | Test e:  0.2282 
| Epoch   88 | Train e:  0.6521, T l:  0.0213 | Val e:  0.2370 | Test e:  0.2271 
| Epoch   89 | Train e:  0.6614, T l:  0.0212 | Val e:  0.2377 | Test e:  0.2305 
| Epoch   90 | Train e:  0.6587, T l:  0.0211 | Val e:  0.2371 | Test e:  0.2280 
| Epoch   91 | Train e:  0.6685, T l:  0.0209 | Val e:  0.2395 | Test e:  0.2298 
| Epoch   92 | Train e:  0.6668, T l:  0.0209 | Val e:  0.2420 | Test e:  0.2315 
| Epoch   93 | Train e:  0.6653, T l:  0.0208 | Val e:  0.2394 | Test e:  0.2293 
| Epoch   94 | Train e:  0.6633, T l:  0.0207 | Val e:  0.2393 | Test e:  0.2277 
| Epoch   95 | Train e:  0.6652, T l:  0.0206 | Val e:  0.2372 | Test e:  0.2279 
| Epoch   96 | Train e:  0.6699, T l:  0.0205 | Val e:  0.2394 | Test e:  0.2286 
| Epoch   97 | Train e:  0.6662, T l:  0.0205 | Val e:  0.2382 | Test e:  0.2273 
| Epoch   98 | Train e:  0.6673, T l:  0.0204 | Val e:  0.2392 | Test e:  0.2278 
| Epoch   99 | Train e:  0.6683, T l:  0.0204 | Val e:  0.2391 | Test e:  0.2281 
