

===============================================
2023-01-08 10:59:44

main_gps_parallel_transformerconv.py --device 2

None

baseline: SAT
dataset: ogbg-molpcba
use_val_loss: False
use_cpu: False
epochs: 100
scheduler: linear
warmup: 10
batch_size: 256
lr: 0.0002
weight_decay: 0.0001
num_workers: 0
clustering: False
masked_attention: True
gconv_dim: 384
tlayer_dim: 384
gat_attn_dropout: 0.0
gconv_dropout: 0.3
tlayer_attn_dropout: 0.3
tlayer_dropout: 0.3
num_layers: 5
num_heads: 8
skip_connection: short
readout: mean
seeds: 0
device: 2
save_state: False



| Epoch    0 | Train e:  0.0262, T l:  0.2399 | Val e:  0.0302 | Test e:  0.0315 
| Epoch    1 | Train e:  0.0347, T l:  0.0603 | Val e:  0.0383 | Test e:  0.0399 
| Epoch    2 | Train e:  0.0770, T l:  0.0512 | Val e:  0.0834 | Test e:  0.0827 
| Epoch    3 | Train e:  0.1040, T l:  0.0469 | Val e:  0.1061 | Test e:  0.1041 
| Epoch    4 | Train e:  0.1377, T l:  0.0445 | Val e:  0.1307 | Test e:  0.1290 
| Epoch    5 | Train e:  0.1659, T l:  0.0428 | Val e:  0.1487 | Test e:  0.1435 
| Epoch    6 | Train e:  0.1705, T l:  0.0415 | Val e:  0.1450 | Test e:  0.1430 
| Epoch    7 | Train e:  0.2034, T l:  0.0405 | Val e:  0.1785 | Test e:  0.1671 
| Epoch    8 | Train e:  0.2205, T l:  0.0397 | Val e:  0.1851 | Test e:  0.1754 
| Epoch    9 | Train e:  0.2382, T l:  0.0390 | Val e:  0.1914 | Test e:  0.1859 
| Epoch   10 | Train e:  0.2478, T l:  0.0383 | Val e:  0.1963 | Test e:  0.1918 
| Epoch   11 | Train e:  0.2600, T l:  0.0376 | Val e:  0.1992 | Test e:  0.1970 
| Epoch   12 | Train e:  0.2784, T l:  0.0370 | Val e:  0.2099 | Test e:  0.2075 
| Epoch   13 | Train e:  0.2790, T l:  0.0364 | Val e:  0.2092 | Test e:  0.2067 
| Epoch   14 | Train e:  0.2922, T l:  0.0359 | Val e:  0.2142 | Test e:  0.2055 
| Epoch   15 | Train e:  0.3141, T l:  0.0354 | Val e:  0.2257 | Test e:  0.2162 
| Epoch   16 | Train e:  0.3194, T l:  0.0350 | Val e:  0.2214 | Test e:  0.2176 
| Epoch   17 | Train e:  0.3367, T l:  0.0345 | Val e:  0.2245 | Test e:  0.2156 
| Epoch   18 | Train e:  0.3431, T l:  0.0341 | Val e:  0.2330 | Test e:  0.2265 
| Epoch   19 | Train e:  0.3466, T l:  0.0338 | Val e:  0.2313 | Test e:  0.2191 
| Epoch   20 | Train e:  0.3541, T l:  0.0334 | Val e:  0.2324 | Test e:  0.2256 
| Epoch   21 | Train e:  0.3705, T l:  0.0330 | Val e:  0.2377 | Test e:  0.2283 
| Epoch   22 | Train e:  0.3698, T l:  0.0327 | Val e:  0.2319 | Test e:  0.2294 
| Epoch   23 | Train e:  0.3798, T l:  0.0323 | Val e:  0.2347 | Test e:  0.2258 
| Epoch   24 | Train e:  0.3838, T l:  0.0321 | Val e:  0.2337 | Test e:  0.2275 
| Epoch   25 | Train e:  0.3986, T l:  0.0317 | Val e:  0.2407 | Test e:  0.2318 
| Epoch   26 | Train e:  0.4077, T l:  0.0315 | Val e:  0.2374 | Test e:  0.2270 
| Epoch   27 | Train e:  0.4104, T l:  0.0312 | Val e:  0.2361 | Test e:  0.2286 
| Epoch   28 | Train e:  0.4185, T l:  0.0309 | Val e:  0.2378 | Test e:  0.2309 
| Epoch   29 | Train e:  0.4220, T l:  0.0307 | Val e:  0.2373 | Test e:  0.2290 
| Epoch   30 | Train e:  0.4411, T l:  0.0304 | Val e:  0.2454 | Test e:  0.2370 
| Epoch   31 | Train e:  0.4404, T l:  0.0301 | Val e:  0.2409 | Test e:  0.2299 
| Epoch   32 | Train e:  0.4469, T l:  0.0299 | Val e:  0.2407 | Test e:  0.2337 
| Epoch   33 | Train e:  0.4498, T l:  0.0296 | Val e:  0.2428 | Test e:  0.2303 
| Epoch   34 | Train e:  0.4647, T l:  0.0294 | Val e:  0.2449 | Test e:  0.2370 
| Epoch   35 | Train e:  0.4614, T l:  0.0292 | Val e:  0.2404 | Test e:  0.2279 
| Epoch   36 | Train e:  0.4717, T l:  0.0289 | Val e:  0.2388 | Test e:  0.2321 
| Epoch   37 | Train e:  0.4811, T l:  0.0287 | Val e:  0.2449 | Test e:  0.2340 
| Epoch   38 | Train e:  0.4885, T l:  0.0284 | Val e:  0.2462 | Test e:  0.2368 
| Epoch   39 | Train e:  0.4869, T l:  0.0283 | Val e:  0.2412 | Test e:  0.2327 
| Epoch   40 | Train e:  0.4938, T l:  0.0281 | Val e:  0.2447 | Test e:  0.2371 
| Epoch   41 | Train e:  0.5062, T l:  0.0278 | Val e:  0.2509 | Test e:  0.2424 
| Epoch   42 | Train e:  0.5010, T l:  0.0276 | Val e:  0.2424 | Test e:  0.2381 
| Epoch   43 | Train e:  0.5146, T l:  0.0275 | Val e:  0.2433 | Test e:  0.2380 
| Epoch   44 | Train e:  0.5157, T l:  0.0272 | Val e:  0.2469 | Test e:  0.2408 
| Epoch   45 | Train e:  0.5250, T l:  0.0270 | Val e:  0.2450 | Test e:  0.2382 
| Epoch   46 | Train e:  0.5293, T l:  0.0268 | Val e:  0.2428 | Test e:  0.2363 
| Epoch   47 | Train e:  0.5338, T l:  0.0266 | Val e:  0.2443 | Test e:  0.2365 
| Epoch   48 | Train e:  0.5336, T l:  0.0264 | Val e:  0.2424 | Test e:  0.2357 
| Epoch   49 | Train e:  0.5406, T l:  0.0263 | Val e:  0.2410 | Test e:  0.2345 
| Epoch   50 | Train e:  0.5416, T l:  0.0261 | Val e:  0.2443 | Test e:  0.2379 
| Epoch   51 | Train e:  0.5475, T l:  0.0259 | Val e:  0.2415 | Test e:  0.2325 
| Epoch   52 | Train e:  0.5552, T l:  0.0257 | Val e:  0.2445 | Test e:  0.2393 
| Epoch   53 | Train e:  0.5599, T l:  0.0255 | Val e:  0.2401 | Test e:  0.2369 
| Epoch   54 | Train e:  0.5614, T l:  0.0254 | Val e:  0.2426 | Test e:  0.2345 
| Epoch   55 | Train e:  0.5685, T l:  0.0252 | Val e:  0.2410 | Test e:  0.2363 
| Epoch   56 | Train e:  0.5705, T l:  0.0250 | Val e:  0.2360 | Test e:  0.2325 
| Epoch   57 | Train e:  0.5722, T l:  0.0249 | Val e:  0.2351 | Test e:  0.2345 
| Epoch   58 | Train e:  0.5748, T l:  0.0247 | Val e:  0.2387 | Test e:  0.2351 
| Epoch   59 | Train e:  0.5779, T l:  0.0246 | Val e:  0.2383 | Test e:  0.2334 
| Epoch   60 | Train e:  0.5840, T l:  0.0244 | Val e:  0.2399 | Test e:  0.2349 
| Epoch   61 | Train e:  0.5859, T l:  0.0242 | Val e:  0.2366 | Test e:  0.2301 
| Epoch   62 | Train e:  0.6009, T l:  0.0241 | Val e:  0.2429 | Test e:  0.2361 
| Epoch   63 | Train e:  0.6030, T l:  0.0239 | Val e:  0.2387 | Test e:  0.2330 
| Epoch   64 | Train e:  0.6023, T l:  0.0238 | Val e:  0.2368 | Test e:  0.2299 
| Epoch   65 | Train e:  0.6069, T l:  0.0237 | Val e:  0.2374 | Test e:  0.2319 
| Epoch   66 | Train e:  0.6006, T l:  0.0235 | Val e:  0.2380 | Test e:  0.2284 
| Epoch   67 | Train e:  0.6162, T l:  0.0234 | Val e:  0.2372 | Test e:  0.2319 
| Epoch   68 | Train e:  0.6148, T l:  0.0232 | Val e:  0.2369 | Test e:  0.2289 
| Epoch   69 | Train e:  0.6242, T l:  0.0231 | Val e:  0.2358 | Test e:  0.2286 
| Epoch   70 | Train e:  0.6268, T l:  0.0230 | Val e:  0.2380 | Test e:  0.2294 
| Epoch   71 | Train e:  0.6267, T l:  0.0228 | Val e:  0.2380 | Test e:  0.2286 
| Epoch   72 | Train e:  0.6277, T l:  0.0227 | Val e:  0.2323 | Test e:  0.2259 
| Epoch   73 | Train e:  0.6306, T l:  0.0226 | Val e:  0.2334 | Test e:  0.2266 
| Epoch   74 | Train e:  0.6368, T l:  0.0225 | Val e:  0.2362 | Test e:  0.2262 
| Epoch   75 | Train e:  0.6366, T l:  0.0223 | Val e:  0.2334 | Test e:  0.2254 
| Epoch   76 | Train e:  0.6422, T l:  0.0222 | Val e:  0.2336 | Test e:  0.2265 
| Epoch   77 | Train e:  0.6450, T l:  0.0221 | Val e:  0.2329 | Test e:  0.2270 
| Epoch   78 | Train e:  0.6466, T l:  0.0219 | Val e:  0.2341 | Test e:  0.2269 
| Epoch   79 | Train e:  0.6514, T l:  0.0218 | Val e:  0.2352 | Test e:  0.2285 
| Epoch   80 | Train e:  0.6503, T l:  0.0217 | Val e:  0.2363 | Test e:  0.2273 
| Epoch   81 | Train e:  0.6552, T l:  0.0216 | Val e:  0.2354 | Test e:  0.2304 
| Epoch   82 | Train e:  0.6591, T l:  0.0215 | Val e:  0.2332 | Test e:  0.2262 
| Epoch   83 | Train e:  0.6613, T l:  0.0214 | Val e:  0.2331 | Test e:  0.2270 
| Epoch   84 | Train e:  0.6608, T l:  0.0213 | Val e:  0.2350 | Test e:  0.2266 
| Epoch   85 | Train e:  0.6637, T l:  0.0211 | Val e:  0.2333 | Test e:  0.2269 
| Epoch   86 | Train e:  0.6661, T l:  0.0211 | Val e:  0.2321 | Test e:  0.2278 
| Epoch   87 | Train e:  0.6666, T l:  0.0210 | Val e:  0.2340 | Test e:  0.2260 
| Epoch   88 | Train e:  0.6663, T l:  0.0209 | Val e:  0.2327 | Test e:  0.2273 
| Epoch   89 | Train e:  0.6680, T l:  0.0208 | Val e:  0.2332 | Test e:  0.2255 
| Epoch   90 | Train e:  0.6756, T l:  0.0207 | Val e:  0.2344 | Test e:  0.2278 
| Epoch   91 | Train e:  0.6751, T l:  0.0206 | Val e:  0.2322 | Test e:  0.2274 
| Epoch   92 | Train e:  0.6752, T l:  0.0205 | Val e:  0.2324 | Test e:  0.2262 
| Epoch   93 | Train e:  0.6777, T l:  0.0205 | Val e:  0.2341 | Test e:  0.2272 
| Epoch   94 | Train e:  0.6776, T l:  0.0204 | Val e:  0.2318 | Test e:  0.2267 
| Epoch   95 | Train e:  0.6793, T l:  0.0203 | Val e:  0.2316 | Test e:  0.2276 
| Epoch   96 | Train e:  0.6793, T l:  0.0202 | Val e:  0.2310 | Test e:  0.2287 
| Epoch   97 | Train e:  0.6793, T l:  0.0201 | Val e:  0.2308 | Test e:  0.2260 
| Epoch   98 | Train e:  0.6811, T l:  0.0201 | Val e:  0.2317 | Test e:  0.2272 
| Epoch   99 | Train e:  0.6813, T l:  0.0201 | Val e:  0.2318 | Test e:  0.2273 
