

===============================================
2023-01-07 10:15:43

main_parallel_eela.py --seeds 12138 --device 2

None

baseline: GPS
dataset: ogbg-molpcba
use_val_loss: False
use_cpu: False
epochs: 100
scheduler: linear
warmup: 10
batch_size: 256
lr: 0.0002
weight_decay: 0.0001
num_workers: 0
clustering: False
masked_attention: True
gconv_dim: 384
tlayer_dim: 384
local_attn_dropout: 0.0
local_ffn_dropout: 0.3
global_attn_dropout: 0.3
global_ffn_dropout: 0.3
num_layers: 5
num_heads: 8
skip_connection: none
norm: ln
readout: cls
seeds: 12138
device: 2
save_state: False



| Epoch    0 | Train e:  0.0344, T l:  0.2369 | Val e:  0.0374 | Test e:  0.0380 
| Epoch    1 | Train e:  0.0587, T l:  0.0593 | Val e:  0.0582 | Test e:  0.0631 
| Epoch    2 | Train e:  0.0936, T l:  0.0495 | Val e:  0.0954 | Test e:  0.0953 
| Epoch    3 | Train e:  0.1224, T l:  0.0465 | Val e:  0.1217 | Test e:  0.1190 
| Epoch    4 | Train e:  0.1474, T l:  0.0446 | Val e:  0.1444 | Test e:  0.1398 
| Epoch    5 | Train e:  0.1710, T l:  0.0433 | Val e:  0.1565 | Test e:  0.1572 
| Epoch    6 | Train e:  0.1897, T l:  0.0423 | Val e:  0.1723 | Test e:  0.1724 
| Epoch    7 | Train e:  0.2066, T l:  0.0414 | Val e:  0.1814 | Test e:  0.1819 
| Epoch    8 | Train e:  0.2180, T l:  0.0408 | Val e:  0.1873 | Test e:  0.1901 
| Epoch    9 | Train e:  0.2328, T l:  0.0404 | Val e:  0.1919 | Test e:  0.2027 
| Epoch   10 | Train e:  0.2353, T l:  0.0398 | Val e:  0.1906 | Test e:  0.1957 
| Epoch   11 | Train e:  0.2546, T l:  0.0392 | Val e:  0.2084 | Test e:  0.2090 
| Epoch   12 | Train e:  0.2603, T l:  0.0387 | Val e:  0.2098 | Test e:  0.2153 
| Epoch   13 | Train e:  0.2737, T l:  0.0383 | Val e:  0.2134 | Test e:  0.2215 
| Epoch   14 | Train e:  0.2835, T l:  0.0378 | Val e:  0.2171 | Test e:  0.2274 
| Epoch   15 | Train e:  0.2884, T l:  0.0375 | Val e:  0.2189 | Test e:  0.2236 
| Epoch   16 | Train e:  0.3043, T l:  0.0370 | Val e:  0.2275 | Test e:  0.2302 
| Epoch   17 | Train e:  0.3075, T l:  0.0367 | Val e:  0.2282 | Test e:  0.2244 
| Epoch   18 | Train e:  0.3119, T l:  0.0363 | Val e:  0.2327 | Test e:  0.2383 
| Epoch   19 | Train e:  0.3193, T l:  0.0360 | Val e:  0.2314 | Test e:  0.2292 
| Epoch   20 | Train e:  0.3303, T l:  0.0357 | Val e:  0.2377 | Test e:  0.2390 
| Epoch   21 | Train e:  0.3374, T l:  0.0355 | Val e:  0.2435 | Test e:  0.2398 
| Epoch   22 | Train e:  0.3465, T l:  0.0351 | Val e:  0.2460 | Test e:  0.2397 
| Epoch   23 | Train e:  0.3494, T l:  0.0349 | Val e:  0.2456 | Test e:  0.2377 
| Epoch   24 | Train e:  0.3540, T l:  0.0346 | Val e:  0.2499 | Test e:  0.2447 
| Epoch   25 | Train e:  0.3551, T l:  0.0344 | Val e:  0.2479 | Test e:  0.2398 
| Epoch   26 | Train e:  0.3594, T l:  0.0341 | Val e:  0.2462 | Test e:  0.2417 
| Epoch   27 | Train e:  0.3767, T l:  0.0339 | Val e:  0.2546 | Test e:  0.2519 
| Epoch   28 | Train e:  0.3848, T l:  0.0336 | Val e:  0.2588 | Test e:  0.2512 
| Epoch   29 | Train e:  0.3831, T l:  0.0334 | Val e:  0.2579 | Test e:  0.2518 
| Epoch   30 | Train e:  0.3911, T l:  0.0332 | Val e:  0.2628 | Test e:  0.2580 
| Epoch   31 | Train e:  0.3908, T l:  0.0330 | Val e:  0.2550 | Test e:  0.2492 
| Epoch   32 | Train e:  0.4005, T l:  0.0328 | Val e:  0.2563 | Test e:  0.2499 
| Epoch   33 | Train e:  0.4090, T l:  0.0326 | Val e:  0.2615 | Test e:  0.2532 
| Epoch   34 | Train e:  0.4128, T l:  0.0324 | Val e:  0.2600 | Test e:  0.2551 
| Epoch   35 | Train e:  0.4156, T l:  0.0322 | Val e:  0.2599 | Test e:  0.2507 
| Epoch   36 | Train e:  0.4176, T l:  0.0320 | Val e:  0.2600 | Test e:  0.2521 
| Epoch   37 | Train e:  0.4250, T l:  0.0318 | Val e:  0.2651 | Test e:  0.2556 
| Epoch   38 | Train e:  0.4226, T l:  0.0316 | Val e:  0.2595 | Test e:  0.2485 
| Epoch   39 | Train e:  0.4362, T l:  0.0314 | Val e:  0.2663 | Test e:  0.2578 
| Epoch   40 | Train e:  0.4333, T l:  0.0312 | Val e:  0.2617 | Test e:  0.2528 
| Epoch   41 | Train e:  0.4429, T l:  0.0311 | Val e:  0.2664 | Test e:  0.2575 
| Epoch   42 | Train e:  0.4458, T l:  0.0309 | Val e:  0.2661 | Test e:  0.2549 
| Epoch   43 | Train e:  0.4566, T l:  0.0307 | Val e:  0.2673 | Test e:  0.2608 
| Epoch   44 | Train e:  0.4492, T l:  0.0305 | Val e:  0.2634 | Test e:  0.2512 
| Epoch   45 | Train e:  0.4595, T l:  0.0303 | Val e:  0.2666 | Test e:  0.2562 
| Epoch   46 | Train e:  0.4671, T l:  0.0302 | Val e:  0.2682 | Test e:  0.2587 
| Epoch   47 | Train e:  0.4696, T l:  0.0301 | Val e:  0.2667 | Test e:  0.2580 
| Epoch   48 | Train e:  0.4692, T l:  0.0299 | Val e:  0.2663 | Test e:  0.2575 
| Epoch   49 | Train e:  0.4771, T l:  0.0297 | Val e:  0.2721 | Test e:  0.2606 
| Epoch   50 | Train e:  0.4781, T l:  0.0296 | Val e:  0.2699 | Test e:  0.2585 
| Epoch   51 | Train e:  0.4874, T l:  0.0294 | Val e:  0.2712 | Test e:  0.2612 
| Epoch   52 | Train e:  0.4854, T l:  0.0293 | Val e:  0.2708 | Test e:  0.2633 
| Epoch   53 | Train e:  0.4882, T l:  0.0291 | Val e:  0.2641 | Test e:  0.2565 
| Epoch   54 | Train e:  0.4955, T l:  0.0290 | Val e:  0.2663 | Test e:  0.2595 
| Epoch   55 | Train e:  0.4964, T l:  0.0288 | Val e:  0.2671 | Test e:  0.2593 
| Epoch   56 | Train e:  0.4992, T l:  0.0287 | Val e:  0.2677 | Test e:  0.2591 
| Epoch   57 | Train e:  0.5054, T l:  0.0285 | Val e:  0.2705 | Test e:  0.2662 
| Epoch   58 | Train e:  0.5040, T l:  0.0284 | Val e:  0.2685 | Test e:  0.2599 
| Epoch   59 | Train e:  0.5011, T l:  0.0283 | Val e:  0.2641 | Test e:  0.2558 
| Epoch   60 | Train e:  0.5132, T l:  0.0282 | Val e:  0.2717 | Test e:  0.2598 
| Epoch   61 | Train e:  0.5167, T l:  0.0280 | Val e:  0.2660 | Test e:  0.2585 
| Epoch   62 | Train e:  0.5146, T l:  0.0279 | Val e:  0.2678 | Test e:  0.2602 
| Epoch   63 | Train e:  0.5222, T l:  0.0277 | Val e:  0.2696 | Test e:  0.2624 
| Epoch   64 | Train e:  0.5233, T l:  0.0276 | Val e:  0.2716 | Test e:  0.2597 
| Epoch   65 | Train e:  0.5275, T l:  0.0275 | Val e:  0.2670 | Test e:  0.2611 
| Epoch   66 | Train e:  0.5223, T l:  0.0274 | Val e:  0.2679 | Test e:  0.2547 
| Epoch   67 | Train e:  0.5323, T l:  0.0272 | Val e:  0.2713 | Test e:  0.2573 
| Epoch   68 | Train e:  0.5330, T l:  0.0272 | Val e:  0.2720 | Test e:  0.2569 
| Epoch   69 | Train e:  0.5418, T l:  0.0270 | Val e:  0.2742 | Test e:  0.2632 
| Epoch   70 | Train e:  0.5435, T l:  0.0269 | Val e:  0.2699 | Test e:  0.2590 
| Epoch   71 | Train e:  0.5469, T l:  0.0268 | Val e:  0.2740 | Test e:  0.2611 
| Epoch   72 | Train e:  0.5463, T l:  0.0267 | Val e:  0.2709 | Test e:  0.2572 
