

===============================================
2023-01-08 16:43:09

main_parallel_transformerconv.py --seeds 42 --device 0

None

baseline: SAT
dataset: ogbg-molpcba
use_val_loss: False
use_cpu: False
epochs: 100
scheduler: linear
warmup: 10
batch_size: 256
lr: 0.0002
weight_decay: 0.0001
num_workers: 0
clustering: False
masked_attention: True
gconv_dim: 384
tlayer_dim: 384
gat_attn_dropout: 0.0
gconv_dropout: 0.3
tlayer_attn_dropout: 0.3
tlayer_dropout: 0.3
num_layers: 5
num_heads: 8
skip_connection: short
readout: cls
seeds: 42
device: 0
save_state: False



| Epoch    0 | Train e:  0.0324, T l:  0.2438 | Val e:  0.0369 | Test e:  0.0375 
| Epoch    1 | Train e:  0.0612, T l:  0.0597 | Val e:  0.0608 | Test e:  0.0660 
| Epoch    2 | Train e:  0.0944, T l:  0.0496 | Val e:  0.1004 | Test e:  0.0967 
| Epoch    3 | Train e:  0.1222, T l:  0.0464 | Val e:  0.1234 | Test e:  0.1208 
| Epoch    4 | Train e:  0.1490, T l:  0.0446 | Val e:  0.1449 | Test e:  0.1415 
| Epoch    5 | Train e:  0.1708, T l:  0.0433 | Val e:  0.1546 | Test e:  0.1545 
| Epoch    6 | Train e:  0.1917, T l:  0.0422 | Val e:  0.1741 | Test e:  0.1731 
| Epoch    7 | Train e:  0.2070, T l:  0.0414 | Val e:  0.1872 | Test e:  0.1854 
| Epoch    8 | Train e:  0.2212, T l:  0.0408 | Val e:  0.1919 | Test e:  0.1932 
| Epoch    9 | Train e:  0.2332, T l:  0.0403 | Val e:  0.1903 | Test e:  0.1932 
| Epoch   10 | Train e:  0.2340, T l:  0.0398 | Val e:  0.1943 | Test e:  0.1915 
| Epoch   11 | Train e:  0.2580, T l:  0.0392 | Val e:  0.2048 | Test e:  0.2087 
| Epoch   12 | Train e:  0.2665, T l:  0.0387 | Val e:  0.2084 | Test e:  0.2092 
| Epoch   13 | Train e:  0.2732, T l:  0.0382 | Val e:  0.2118 | Test e:  0.2125 
| Epoch   14 | Train e:  0.2822, T l:  0.0378 | Val e:  0.2161 | Test e:  0.2147 
| Epoch   15 | Train e:  0.2968, T l:  0.0374 | Val e:  0.2239 | Test e:  0.2158 
| Epoch   16 | Train e:  0.2987, T l:  0.0370 | Val e:  0.2215 | Test e:  0.2220 
| Epoch   17 | Train e:  0.3043, T l:  0.0366 | Val e:  0.2237 | Test e:  0.2215 
| Epoch   18 | Train e:  0.3166, T l:  0.0362 | Val e:  0.2317 | Test e:  0.2315 
| Epoch   19 | Train e:  0.3244, T l:  0.0359 | Val e:  0.2297 | Test e:  0.2287 
| Epoch   20 | Train e:  0.3318, T l:  0.0356 | Val e:  0.2345 | Test e:  0.2306 
| Epoch   21 | Train e:  0.3380, T l:  0.0353 | Val e:  0.2395 | Test e:  0.2346 
| Epoch   22 | Train e:  0.3448, T l:  0.0350 | Val e:  0.2413 | Test e:  0.2353 
| Epoch   23 | Train e:  0.3373, T l:  0.0346 | Val e:  0.2364 | Test e:  0.2324 
| Epoch   24 | Train e:  0.3513, T l:  0.0344 | Val e:  0.2447 | Test e:  0.2374 
| Epoch   25 | Train e:  0.3694, T l:  0.0341 | Val e:  0.2479 | Test e:  0.2415 
| Epoch   26 | Train e:  0.3510, T l:  0.0338 | Val e:  0.2327 | Test e:  0.2264 
| Epoch   27 | Train e:  0.3590, T l:  0.0335 | Val e:  0.2403 | Test e:  0.2315 
| Epoch   28 | Train e:  0.3669, T l:  0.0333 | Val e:  0.2399 | Test e:  0.2284 
| Epoch   29 | Train e:  0.3727, T l:  0.0330 | Val e:  0.2385 | Test e:  0.2313 
| Epoch   30 | Train e:  0.3591, T l:  0.0328 | Val e:  0.2327 | Test e:  0.2190 
| Epoch   31 | Train e:  0.3782, T l:  0.0326 | Val e:  0.2414 | Test e:  0.2312 
| Epoch   32 | Train e:  0.3668, T l:  0.0323 | Val e:  0.2269 | Test e:  0.2194 
| Epoch   33 | Train e:  0.3825, T l:  0.0321 | Val e:  0.2419 | Test e:  0.2277 
| Epoch   34 | Train e:  0.3959, T l:  0.0319 | Val e:  0.2419 | Test e:  0.2293 
| Epoch   35 | Train e:  0.3885, T l:  0.0317 | Val e:  0.2407 | Test e:  0.2257 
| Epoch   36 | Train e:  0.4020, T l:  0.0314 | Val e:  0.2414 | Test e:  0.2287 
| Epoch   37 | Train e:  0.3826, T l:  0.0312 | Val e:  0.2271 | Test e:  0.2153 
| Epoch   38 | Train e:  0.4090, T l:  0.0311 | Val e:  0.2452 | Test e:  0.2301 
| Epoch   39 | Train e:  0.3987, T l:  0.0308 | Val e:  0.2352 | Test e:  0.2204 
| Epoch   40 | Train e:  0.4038, T l:  0.0306 | Val e:  0.2340 | Test e:  0.2242 
| Epoch   41 | Train e:  0.4182, T l:  0.0305 | Val e:  0.2405 | Test e:  0.2276 
| Epoch   42 | Train e:  0.4105, T l:  0.0303 | Val e:  0.2363 | Test e:  0.2241 
| Epoch   43 | Train e:  0.4275, T l:  0.0301 | Val e:  0.2421 | Test e:  0.2269 
| Epoch   44 | Train e:  0.4338, T l:  0.0299 | Val e:  0.2446 | Test e:  0.2323 
| Epoch   45 | Train e:  0.4188, T l:  0.0297 | Val e:  0.2310 | Test e:  0.2207 
| Epoch   46 | Train e:  0.4305, T l:  0.0295 | Val e:  0.2370 | Test e:  0.2253 
| Epoch   47 | Train e:  0.4366, T l:  0.0294 | Val e:  0.2450 | Test e:  0.2287 
| Epoch   48 | Train e:  0.4464, T l:  0.0292 | Val e:  0.2397 | Test e:  0.2261 
| Epoch   49 | Train e:  0.4345, T l:  0.0290 | Val e:  0.2339 | Test e:  0.2202 
| Epoch   50 | Train e:  0.4483, T l:  0.0289 | Val e:  0.2417 | Test e:  0.2278 
| Epoch   51 | Train e:  0.4644, T l:  0.0287 | Val e:  0.2546 | Test e:  0.2316 
| Epoch   52 | Train e:  0.4465, T l:  0.0285 | Val e:  0.2417 | Test e:  0.2230 
| Epoch   53 | Train e:  0.4311, T l:  0.0284 | Val e:  0.2282 | Test e:  0.2120 
| Epoch   54 | Train e:  0.4551, T l:  0.0282 | Val e:  0.2369 | Test e:  0.2212 
| Epoch   55 | Train e:  0.4723, T l:  0.0281 | Val e:  0.2413 | Test e:  0.2245 
| Epoch   56 | Train e:  0.4519, T l:  0.0280 | Val e:  0.2331 | Test e:  0.2174 
| Epoch   57 | Train e:  0.4650, T l:  0.0278 | Val e:  0.2379 | Test e:  0.2221 
| Epoch   58 | Train e:  0.4654, T l:  0.0277 | Val e:  0.2381 | Test e:  0.2231 
