

===============================================
2023-01-08 21:53:07

main_gps_parallel_eela.py --seeds 314159 --device 2

None

baseline: GPS
dataset: ogbg-molpcba
use_val_loss: False
use_cpu: False
epochs: 100
scheduler: linear
warmup: 10
batch_size: 256
lr: 0.0002
weight_decay: 0.0001
num_workers: 0
clustering: False
masked_attention: True
gconv_dim: 384
tlayer_dim: 384
local_attn_dropout: 0.0
local_ffn_dropout: 0.3
global_attn_dropout: 0.3
global_ffn_dropout: 0.3
num_layers: 5
num_heads: 8
skip_connection: none
norm: ln
readout: mean
seeds: 314159
device: 2
save_state: False



| Epoch    0 | Train e:  0.0274, T l:  0.2363 | Val e:  0.0308 | Test e:  0.0326 
| Epoch    1 | Train e:  0.0378, T l:  0.0600 | Val e:  0.0424 | Test e:  0.0439 
| Epoch    2 | Train e:  0.0782, T l:  0.0516 | Val e:  0.0818 | Test e:  0.0824 
| Epoch    3 | Train e:  0.1085, T l:  0.0477 | Val e:  0.1040 | Test e:  0.1040 
| Epoch    4 | Train e:  0.1367, T l:  0.0451 | Val e:  0.1352 | Test e:  0.1303 
| Epoch    5 | Train e:  0.1605, T l:  0.0433 | Val e:  0.1450 | Test e:  0.1472 
| Epoch    6 | Train e:  0.1871, T l:  0.0419 | Val e:  0.1698 | Test e:  0.1601 
| Epoch    7 | Train e:  0.2120, T l:  0.0408 | Val e:  0.1702 | Test e:  0.1718 
| Epoch    8 | Train e:  0.2236, T l:  0.0397 | Val e:  0.1784 | Test e:  0.1724 
| Epoch    9 | Train e:  0.2443, T l:  0.0389 | Val e:  0.1916 | Test e:  0.1894 
| Epoch   10 | Train e:  0.2670, T l:  0.0380 | Val e:  0.2034 | Test e:  0.2097 
| Epoch   11 | Train e:  0.2943, T l:  0.0372 | Val e:  0.2162 | Test e:  0.2203 
| Epoch   12 | Train e:  0.2914, T l:  0.0365 | Val e:  0.2062 | Test e:  0.2035 
| Epoch   13 | Train e:  0.3145, T l:  0.0358 | Val e:  0.2250 | Test e:  0.2232 
| Epoch   14 | Train e:  0.3314, T l:  0.0352 | Val e:  0.2256 | Test e:  0.2252 
| Epoch   15 | Train e:  0.3363, T l:  0.0347 | Val e:  0.2286 | Test e:  0.2214 
| Epoch   16 | Train e:  0.3575, T l:  0.0342 | Val e:  0.2362 | Test e:  0.2285 
| Epoch   17 | Train e:  0.3704, T l:  0.0337 | Val e:  0.2414 | Test e:  0.2332 
| Epoch   18 | Train e:  0.3626, T l:  0.0333 | Val e:  0.2259 | Test e:  0.2240 
| Epoch   19 | Train e:  0.3897, T l:  0.0329 | Val e:  0.2424 | Test e:  0.2320 
| Epoch   20 | Train e:  0.3982, T l:  0.0325 | Val e:  0.2460 | Test e:  0.2382 
| Epoch   21 | Train e:  0.4055, T l:  0.0321 | Val e:  0.2476 | Test e:  0.2377 
| Epoch   22 | Train e:  0.4106, T l:  0.0318 | Val e:  0.2479 | Test e:  0.2374 
| Epoch   23 | Train e:  0.4371, T l:  0.0314 | Val e:  0.2533 | Test e:  0.2419 
| Epoch   24 | Train e:  0.4436, T l:  0.0311 | Val e:  0.2574 | Test e:  0.2450 
| Epoch   25 | Train e:  0.4486, T l:  0.0308 | Val e:  0.2572 | Test e:  0.2423 
| Epoch   26 | Train e:  0.4518, T l:  0.0305 | Val e:  0.2560 | Test e:  0.2482 
| Epoch   27 | Train e:  0.4567, T l:  0.0302 | Val e:  0.2545 | Test e:  0.2431 
| Epoch   28 | Train e:  0.4713, T l:  0.0299 | Val e:  0.2586 | Test e:  0.2487 
| Epoch   29 | Train e:  0.4759, T l:  0.0296 | Val e:  0.2551 | Test e:  0.2463 
| Epoch   30 | Train e:  0.4908, T l:  0.0293 | Val e:  0.2634 | Test e:  0.2485 
| Epoch   31 | Train e:  0.4928, T l:  0.0291 | Val e:  0.2617 | Test e:  0.2480 
| Epoch   32 | Train e:  0.4925, T l:  0.0288 | Val e:  0.2584 | Test e:  0.2419 
| Epoch   33 | Train e:  0.5033, T l:  0.0286 | Val e:  0.2579 | Test e:  0.2441 
| Epoch   34 | Train e:  0.5142, T l:  0.0284 | Val e:  0.2599 | Test e:  0.2460 
| Epoch   35 | Train e:  0.5141, T l:  0.0281 | Val e:  0.2568 | Test e:  0.2434 
| Epoch   36 | Train e:  0.5238, T l:  0.0279 | Val e:  0.2634 | Test e:  0.2457 
| Epoch   37 | Train e:  0.5340, T l:  0.0276 | Val e:  0.2638 | Test e:  0.2458 
| Epoch   38 | Train e:  0.5407, T l:  0.0274 | Val e:  0.2641 | Test e:  0.2464 
| Epoch   39 | Train e:  0.5512, T l:  0.0272 | Val e:  0.2682 | Test e:  0.2483 
| Epoch   40 | Train e:  0.5503, T l:  0.0270 | Val e:  0.2622 | Test e:  0.2461 
| Epoch   41 | Train e:  0.5562, T l:  0.0267 | Val e:  0.2638 | Test e:  0.2425 
| Epoch   42 | Train e:  0.5589, T l:  0.0266 | Val e:  0.2606 | Test e:  0.2431 
| Epoch   43 | Train e:  0.5693, T l:  0.0263 | Val e:  0.2615 | Test e:  0.2456 
| Epoch   44 | Train e:  0.5755, T l:  0.0261 | Val e:  0.2659 | Test e:  0.2481 
| Epoch   45 | Train e:  0.5737, T l:  0.0260 | Val e:  0.2600 | Test e:  0.2418 
| Epoch   46 | Train e:  0.5914, T l:  0.0257 | Val e:  0.2657 | Test e:  0.2454 
| Epoch   47 | Train e:  0.5949, T l:  0.0256 | Val e:  0.2680 | Test e:  0.2516 
| Epoch   48 | Train e:  0.5951, T l:  0.0254 | Val e:  0.2609 | Test e:  0.2419 
| Epoch   49 | Train e:  0.6027, T l:  0.0252 | Val e:  0.2617 | Test e:  0.2438 
| Epoch   50 | Train e:  0.6064, T l:  0.0250 | Val e:  0.2623 | Test e:  0.2428 
| Epoch   51 | Train e:  0.6065, T l:  0.0248 | Val e:  0.2585 | Test e:  0.2450 
| Epoch   52 | Train e:  0.6215, T l:  0.0246 | Val e:  0.2615 | Test e:  0.2465 
| Epoch   53 | Train e:  0.6207, T l:  0.0244 | Val e:  0.2589 | Test e:  0.2376 
| Epoch   54 | Train e:  0.6286, T l:  0.0242 | Val e:  0.2618 | Test e:  0.2409 
| Epoch   55 | Train e:  0.6306, T l:  0.0241 | Val e:  0.2623 | Test e:  0.2460 
| Epoch   56 | Train e:  0.6407, T l:  0.0239 | Val e:  0.2624 | Test e:  0.2437 
| Epoch   57 | Train e:  0.6455, T l:  0.0238 | Val e:  0.2639 | Test e:  0.2433 
| Epoch   58 | Train e:  0.6460, T l:  0.0236 | Val e:  0.2647 | Test e:  0.2422 
| Epoch   59 | Train e:  0.6522, T l:  0.0234 | Val e:  0.2635 | Test e:  0.2454 
| Epoch   60 | Train e:  0.6633, T l:  0.0233 | Val e:  0.2630 | Test e:  0.2440 
| Epoch   61 | Train e:  0.6570, T l:  0.0231 | Val e:  0.2572 | Test e:  0.2375 
| Epoch   62 | Train e:  0.6646, T l:  0.0229 | Val e:  0.2606 | Test e:  0.2397 
| Epoch   63 | Train e:  0.6680, T l:  0.0228 | Val e:  0.2631 | Test e:  0.2417 
| Epoch   64 | Train e:  0.6745, T l:  0.0227 | Val e:  0.2585 | Test e:  0.2432 
| Epoch   65 | Train e:  0.6772, T l:  0.0225 | Val e:  0.2604 | Test e:  0.2417 
| Epoch   66 | Train e:  0.6836, T l:  0.0224 | Val e:  0.2620 | Test e:  0.2410 
| Epoch   67 | Train e:  0.6860, T l:  0.0222 | Val e:  0.2594 | Test e:  0.2393 
| Epoch   68 | Train e:  0.6888, T l:  0.0221 | Val e:  0.2569 | Test e:  0.2399 
| Epoch   69 | Train e:  0.6912, T l:  0.0219 | Val e:  0.2581 | Test e:  0.2410 
| Epoch   70 | Train e:  0.6930, T l:  0.0218 | Val e:  0.2607 | Test e:  0.2407 
| Epoch   71 | Train e:  0.6989, T l:  0.0217 | Val e:  0.2603 | Test e:  0.2431 
| Epoch   72 | Train e:  0.7082, T l:  0.0215 | Val e:  0.2630 | Test e:  0.2409 
| Epoch   73 | Train e:  0.7076, T l:  0.0214 | Val e:  0.2597 | Test e:  0.2411 
| Epoch   74 | Train e:  0.7099, T l:  0.0212 | Val e:  0.2586 | Test e:  0.2371 
| Epoch   75 | Train e:  0.7134, T l:  0.0212 | Val e:  0.2587 | Test e:  0.2377 
| Epoch   76 | Train e:  0.7163, T l:  0.0210 | Val e:  0.2584 | Test e:  0.2396 
| Epoch   77 | Train e:  0.7203, T l:  0.0209 | Val e:  0.2552 | Test e:  0.2368 
| Epoch   78 | Train e:  0.7238, T l:  0.0208 | Val e:  0.2557 | Test e:  0.2388 
| Epoch   79 | Train e:  0.7237, T l:  0.0207 | Val e:  0.2553 | Test e:  0.2377 
| Epoch   80 | Train e:  0.7294, T l:  0.0205 | Val e:  0.2572 | Test e:  0.2377 
| Epoch   81 | Train e:  0.7310, T l:  0.0204 | Val e:  0.2578 | Test e:  0.2399 
| Epoch   82 | Train e:  0.7334, T l:  0.0203 | Val e:  0.2579 | Test e:  0.2386 
| Epoch   83 | Train e:  0.7379, T l:  0.0202 | Val e:  0.2586 | Test e:  0.2383 
| Epoch   84 | Train e:  0.7376, T l:  0.0201 | Val e:  0.2555 | Test e:  0.2361 
| Epoch   85 | Train e:  0.7395, T l:  0.0200 | Val e:  0.2547 | Test e:  0.2344 
| Epoch   86 | Train e:  0.7463, T l:  0.0199 | Val e:  0.2573 | Test e:  0.2369 
| Epoch   87 | Train e:  0.7460, T l:  0.0198 | Val e:  0.2564 | Test e:  0.2350 
| Epoch   88 | Train e:  0.7487, T l:  0.0197 | Val e:  0.2572 | Test e:  0.2363 
| Epoch   89 | Train e:  0.7463, T l:  0.0196 | Val e:  0.2538 | Test e:  0.2345 
| Epoch   90 | Train e:  0.7510, T l:  0.0195 | Val e:  0.2562 | Test e:  0.2358 
| Epoch   91 | Train e:  0.7518, T l:  0.0194 | Val e:  0.2557 | Test e:  0.2356 
| Epoch   92 | Train e:  0.7548, T l:  0.0193 | Val e:  0.2560 | Test e:  0.2353 
| Epoch   93 | Train e:  0.7553, T l:  0.0192 | Val e:  0.2564 | Test e:  0.2369 
| Epoch   94 | Train e:  0.7563, T l:  0.0192 | Val e:  0.2566 | Test e:  0.2348 
| Epoch   95 | Train e:  0.7559, T l:  0.0191 | Val e:  0.2559 | Test e:  0.2348 
| Epoch   96 | Train e:  0.7567, T l:  0.0191 | Val e:  0.2553 | Test e:  0.2350 
| Epoch   97 | Train e:  0.7582, T l:  0.0190 | Val e:  0.2553 | Test e:  0.2347 
| Epoch   98 | Train e:  0.7579, T l:  0.0189 | Val e:  0.2550 | Test e:  0.2351 
| Epoch   99 | Train e:  0.7586, T l:  0.0189 | Val e:  0.2552 | Test e:  0.2351 
