

===============================================
2023-01-09 07:12:41

main_gps_parallel_gat.py --seeds 271828 --device 2

None

baseline: SAT
dataset: ogbg-molpcba
use_val_loss: False
use_cpu: False
epochs: 100
scheduler: linear
warmup: 10
batch_size: 256
lr: 0.0002
weight_decay: 0.0001
num_workers: 0
clustering: False
masked_attention: True
gconv_dim: 384
tlayer_dim: 384
gat_attn_dropout: 0.0
gconv_dropout: 0.3
tlayer_attn_dropout: 0.3
tlayer_dropout: 0.3
num_layers: 5
num_heads: 8
skip_connection: short
readout: mean
seeds: 271828
device: 2
save_state: False



| Epoch    0 | Train e:  0.0229, T l:  0.2425 | Val e:  0.0279 | Test e:  0.0293 
| Epoch    1 | Train e:  0.0371, T l:  0.0608 | Val e:  0.0396 | Test e:  0.0417 
| Epoch    2 | Train e:  0.0776, T l:  0.0511 | Val e:  0.0830 | Test e:  0.0837 
| Epoch    3 | Train e:  0.1142, T l:  0.0468 | Val e:  0.1125 | Test e:  0.1091 
| Epoch    4 | Train e:  0.1414, T l:  0.0443 | Val e:  0.1315 | Test e:  0.1276 
| Epoch    5 | Train e:  0.1637, T l:  0.0427 | Val e:  0.1492 | Test e:  0.1410 
| Epoch    6 | Train e:  0.1825, T l:  0.0415 | Val e:  0.1601 | Test e:  0.1536 
| Epoch    7 | Train e:  0.1994, T l:  0.0405 | Val e:  0.1684 | Test e:  0.1593 
| Epoch    8 | Train e:  0.2178, T l:  0.0397 | Val e:  0.1785 | Test e:  0.1747 
| Epoch    9 | Train e:  0.2344, T l:  0.0390 | Val e:  0.1850 | Test e:  0.1782 
| Epoch   10 | Train e:  0.2602, T l:  0.0383 | Val e:  0.1989 | Test e:  0.1949 
| Epoch   11 | Train e:  0.2549, T l:  0.0375 | Val e:  0.1969 | Test e:  0.1951 
| Epoch   12 | Train e:  0.2711, T l:  0.0368 | Val e:  0.2007 | Test e:  0.1978 
| Epoch   13 | Train e:  0.2835, T l:  0.0362 | Val e:  0.2048 | Test e:  0.2011 
| Epoch   14 | Train e:  0.3040, T l:  0.0357 | Val e:  0.2078 | Test e:  0.2056 
| Epoch   15 | Train e:  0.3305, T l:  0.0351 | Val e:  0.2183 | Test e:  0.2138 
| Epoch   16 | Train e:  0.3312, T l:  0.0346 | Val e:  0.2223 | Test e:  0.2098 
| Epoch   17 | Train e:  0.3399, T l:  0.0342 | Val e:  0.2254 | Test e:  0.2180 
| Epoch   18 | Train e:  0.3425, T l:  0.0337 | Val e:  0.2283 | Test e:  0.2169 
| Epoch   19 | Train e:  0.3654, T l:  0.0333 | Val e:  0.2306 | Test e:  0.2250 
| Epoch   20 | Train e:  0.3808, T l:  0.0329 | Val e:  0.2319 | Test e:  0.2313 
| Epoch   21 | Train e:  0.3941, T l:  0.0325 | Val e:  0.2361 | Test e:  0.2312 
| Epoch   22 | Train e:  0.3984, T l:  0.0322 | Val e:  0.2398 | Test e:  0.2288 
| Epoch   23 | Train e:  0.3990, T l:  0.0318 | Val e:  0.2269 | Test e:  0.2235 
| Epoch   24 | Train e:  0.4025, T l:  0.0315 | Val e:  0.2334 | Test e:  0.2255 
| Epoch   25 | Train e:  0.4238, T l:  0.0311 | Val e:  0.2413 | Test e:  0.2330 
| Epoch   26 | Train e:  0.4379, T l:  0.0308 | Val e:  0.2428 | Test e:  0.2313 
| Epoch   27 | Train e:  0.4364, T l:  0.0305 | Val e:  0.2425 | Test e:  0.2333 
| Epoch   28 | Train e:  0.4495, T l:  0.0302 | Val e:  0.2427 | Test e:  0.2326 
| Epoch   29 | Train e:  0.4513, T l:  0.0299 | Val e:  0.2432 | Test e:  0.2320 
| Epoch   30 | Train e:  0.4533, T l:  0.0296 | Val e:  0.2416 | Test e:  0.2285 
| Epoch   31 | Train e:  0.4663, T l:  0.0293 | Val e:  0.2414 | Test e:  0.2334 
| Epoch   32 | Train e:  0.4791, T l:  0.0291 | Val e:  0.2452 | Test e:  0.2379 
| Epoch   33 | Train e:  0.4883, T l:  0.0287 | Val e:  0.2456 | Test e:  0.2350 
| Epoch   34 | Train e:  0.4973, T l:  0.0285 | Val e:  0.2484 | Test e:  0.2336 
| Epoch   35 | Train e:  0.4964, T l:  0.0283 | Val e:  0.2468 | Test e:  0.2315 
| Epoch   36 | Train e:  0.5000, T l:  0.0280 | Val e:  0.2444 | Test e:  0.2288 
| Epoch   37 | Train e:  0.5085, T l:  0.0277 | Val e:  0.2435 | Test e:  0.2273 
| Epoch   38 | Train e:  0.5168, T l:  0.0275 | Val e:  0.2446 | Test e:  0.2321 
| Epoch   39 | Train e:  0.5260, T l:  0.0273 | Val e:  0.2474 | Test e:  0.2343 
| Epoch   40 | Train e:  0.5201, T l:  0.0270 | Val e:  0.2459 | Test e:  0.2328 
| Epoch   41 | Train e:  0.5287, T l:  0.0268 | Val e:  0.2407 | Test e:  0.2304 
| Epoch   42 | Train e:  0.5386, T l:  0.0266 | Val e:  0.2440 | Test e:  0.2333 
| Epoch   43 | Train e:  0.5488, T l:  0.0264 | Val e:  0.2456 | Test e:  0.2310 
| Epoch   44 | Train e:  0.5542, T l:  0.0261 | Val e:  0.2482 | Test e:  0.2357 
| Epoch   45 | Train e:  0.5590, T l:  0.0259 | Val e:  0.2451 | Test e:  0.2303 
| Epoch   46 | Train e:  0.5593, T l:  0.0257 | Val e:  0.2414 | Test e:  0.2310 
| Epoch   47 | Train e:  0.5678, T l:  0.0255 | Val e:  0.2438 | Test e:  0.2335 
| Epoch   48 | Train e:  0.5793, T l:  0.0253 | Val e:  0.2479 | Test e:  0.2320 
| Epoch   49 | Train e:  0.5741, T l:  0.0251 | Val e:  0.2441 | Test e:  0.2304 
| Epoch   50 | Train e:  0.5886, T l:  0.0249 | Val e:  0.2442 | Test e:  0.2330 
| Epoch   51 | Train e:  0.5889, T l:  0.0247 | Val e:  0.2456 | Test e:  0.2293 
| Epoch   52 | Train e:  0.5882, T l:  0.0246 | Val e:  0.2425 | Test e:  0.2317 
| Epoch   53 | Train e:  0.5983, T l:  0.0243 | Val e:  0.2452 | Test e:  0.2317 
| Epoch   54 | Train e:  0.6025, T l:  0.0241 | Val e:  0.2423 | Test e:  0.2331 
| Epoch   55 | Train e:  0.6057, T l:  0.0240 | Val e:  0.2455 | Test e:  0.2319 
| Epoch   56 | Train e:  0.6112, T l:  0.0238 | Val e:  0.2419 | Test e:  0.2290 
| Epoch   57 | Train e:  0.6185, T l:  0.0236 | Val e:  0.2436 | Test e:  0.2333 
| Epoch   58 | Train e:  0.6206, T l:  0.0234 | Val e:  0.2439 | Test e:  0.2308 
| Epoch   59 | Train e:  0.6250, T l:  0.0233 | Val e:  0.2382 | Test e:  0.2276 
| Epoch   60 | Train e:  0.6285, T l:  0.0232 | Val e:  0.2402 | Test e:  0.2281 
| Epoch   61 | Train e:  0.6340, T l:  0.0229 | Val e:  0.2371 | Test e:  0.2265 
| Epoch   62 | Train e:  0.6422, T l:  0.0228 | Val e:  0.2421 | Test e:  0.2297 
| Epoch   63 | Train e:  0.6427, T l:  0.0227 | Val e:  0.2399 | Test e:  0.2238 
| Epoch   64 | Train e:  0.6456, T l:  0.0224 | Val e:  0.2414 | Test e:  0.2245 
| Epoch   65 | Train e:  0.6479, T l:  0.0222 | Val e:  0.2408 | Test e:  0.2315 
| Epoch   66 | Train e:  0.6581, T l:  0.0222 | Val e:  0.2444 | Test e:  0.2293 
| Epoch   67 | Train e:  0.6617, T l:  0.0220 | Val e:  0.2393 | Test e:  0.2261 
| Epoch   68 | Train e:  0.6633, T l:  0.0219 | Val e:  0.2431 | Test e:  0.2260 
| Epoch   69 | Train e:  0.6639, T l:  0.0217 | Val e:  0.2366 | Test e:  0.2242 
| Epoch   70 | Train e:  0.6691, T l:  0.0216 | Val e:  0.2428 | Test e:  0.2257 
| Epoch   71 | Train e:  0.6735, T l:  0.0214 | Val e:  0.2354 | Test e:  0.2226 
| Epoch   72 | Train e:  0.6775, T l:  0.0213 | Val e:  0.2332 | Test e:  0.2203 
| Epoch   73 | Train e:  0.6782, T l:  0.0211 | Val e:  0.2395 | Test e:  0.2241 
| Epoch   74 | Train e:  0.6808, T l:  0.0210 | Val e:  0.2341 | Test e:  0.2220 
| Epoch   75 | Train e:  0.6884, T l:  0.0208 | Val e:  0.2375 | Test e:  0.2237 
| Epoch   76 | Train e:  0.6925, T l:  0.0207 | Val e:  0.2366 | Test e:  0.2233 
| Epoch   77 | Train e:  0.6945, T l:  0.0206 | Val e:  0.2365 | Test e:  0.2207 
| Epoch   78 | Train e:  0.6963, T l:  0.0205 | Val e:  0.2356 | Test e:  0.2204 
| Epoch   79 | Train e:  0.6985, T l:  0.0203 | Val e:  0.2332 | Test e:  0.2191 
| Epoch   80 | Train e:  0.7037, T l:  0.0202 | Val e:  0.2346 | Test e:  0.2212 
| Epoch   81 | Train e:  0.7046, T l:  0.0201 | Val e:  0.2357 | Test e:  0.2206 
| Epoch   82 | Train e:  0.7049, T l:  0.0200 | Val e:  0.2386 | Test e:  0.2220 
| Epoch   83 | Train e:  0.7056, T l:  0.0198 | Val e:  0.2335 | Test e:  0.2198 
| Epoch   84 | Train e:  0.7152, T l:  0.0197 | Val e:  0.2360 | Test e:  0.2237 
| Epoch   85 | Train e:  0.7141, T l:  0.0197 | Val e:  0.2349 | Test e:  0.2226 
| Epoch   86 | Train e:  0.7139, T l:  0.0195 | Val e:  0.2314 | Test e:  0.2200 
| Epoch   87 | Train e:  0.7164, T l:  0.0194 | Val e:  0.2333 | Test e:  0.2201 
| Epoch   88 | Train e:  0.7185, T l:  0.0193 | Val e:  0.2338 | Test e:  0.2198 
| Epoch   89 | Train e:  0.7250, T l:  0.0192 | Val e:  0.2343 | Test e:  0.2197 
| Epoch   90 | Train e:  0.7257, T l:  0.0192 | Val e:  0.2335 | Test e:  0.2187 
| Epoch   91 | Train e:  0.7269, T l:  0.0190 | Val e:  0.2339 | Test e:  0.2193 
| Epoch   92 | Train e:  0.7276, T l:  0.0189 | Val e:  0.2329 | Test e:  0.2193 
| Epoch   93 | Train e:  0.7288, T l:  0.0189 | Val e:  0.2334 | Test e:  0.2183 
| Epoch   94 | Train e:  0.7299, T l:  0.0188 | Val e:  0.2336 | Test e:  0.2188 
| Epoch   95 | Train e:  0.7318, T l:  0.0187 | Val e:  0.2329 | Test e:  0.2191 
| Epoch   96 | Train e:  0.7308, T l:  0.0186 | Val e:  0.2329 | Test e:  0.2185 
| Epoch   97 | Train e:  0.7316, T l:  0.0186 | Val e:  0.2327 | Test e:  0.2181 
| Epoch   98 | Train e:  0.7337, T l:  0.0185 | Val e:  0.2331 | Test e:  0.2185 
| Epoch   99 | Train e:  0.7332, T l:  0.0185 | Val e:  0.2328 | Test e:  0.2184 
