

===============================================
2023-01-06 13:26:32

main_gnnt_gat.py --seeds 2020 --device 1

None

baseline: SAT
dataset: ogbg-molpcba
use_val_loss: False
use_cpu: False
epochs: 100
scheduler: linear
warmup: 10
batch_size: 256
lr: 0.0002
weight_decay: 0.0001
num_workers: 0
clustering: False
masked_attention: True
gconv_dim: 384
tlayer_dim: 384
gat_attn_dropout: 0.0
gconv_dropout: 0.3
tlayer_attn_dropout: 0.3
tlayer_dropout: 0.3
num_layers: 5
num_heads: 8
skip_connection: short
readout: cls
seeds: 2020
device: 1
save_state: False



| Epoch    0 | Train e:  0.0293, T l:  0.2424 | Val e:  0.0336 | Test e:  0.0329 
| Epoch    1 | Train e:  0.0528, T l:  0.0599 | Val e:  0.0546 | Test e:  0.0574 
| Epoch    2 | Train e:  0.0889, T l:  0.0497 | Val e:  0.0956 | Test e:  0.0965 
| Epoch    3 | Train e:  0.1213, T l:  0.0463 | Val e:  0.1234 | Test e:  0.1257 
| Epoch    4 | Train e:  0.1417, T l:  0.0445 | Val e:  0.1364 | Test e:  0.1396 
| Epoch    5 | Train e:  0.1634, T l:  0.0432 | Val e:  0.1511 | Test e:  0.1558 
| Epoch    6 | Train e:  0.1813, T l:  0.0421 | Val e:  0.1671 | Test e:  0.1674 
| Epoch    7 | Train e:  0.1969, T l:  0.0412 | Val e:  0.1714 | Test e:  0.1690 
| Epoch    8 | Train e:  0.2103, T l:  0.0406 | Val e:  0.1819 | Test e:  0.1792 
| Epoch    9 | Train e:  0.2198, T l:  0.0400 | Val e:  0.1916 | Test e:  0.1893 
| Epoch   10 | Train e:  0.2402, T l:  0.0395 | Val e:  0.1956 | Test e:  0.1937 
| Epoch   11 | Train e:  0.2417, T l:  0.0387 | Val e:  0.1958 | Test e:  0.1986 
| Epoch   12 | Train e:  0.2755, T l:  0.0381 | Val e:  0.2110 | Test e:  0.2085 
| Epoch   13 | Train e:  0.2784, T l:  0.0376 | Val e:  0.2162 | Test e:  0.2113 
| Epoch   14 | Train e:  0.2960, T l:  0.0370 | Val e:  0.2177 | Test e:  0.2228 
| Epoch   15 | Train e:  0.3077, T l:  0.0365 | Val e:  0.2239 | Test e:  0.2302 
| Epoch   16 | Train e:  0.3099, T l:  0.0361 | Val e:  0.2273 | Test e:  0.2262 
| Epoch   17 | Train e:  0.3216, T l:  0.0357 | Val e:  0.2295 | Test e:  0.2305 
| Epoch   18 | Train e:  0.3427, T l:  0.0353 | Val e:  0.2431 | Test e:  0.2392 
| Epoch   19 | Train e:  0.3478, T l:  0.0349 | Val e:  0.2427 | Test e:  0.2377 
| Epoch   20 | Train e:  0.3558, T l:  0.0346 | Val e:  0.2390 | Test e:  0.2422 
| Epoch   21 | Train e:  0.3642, T l:  0.0342 | Val e:  0.2455 | Test e:  0.2408 
| Epoch   22 | Train e:  0.3762, T l:  0.0339 | Val e:  0.2497 | Test e:  0.2453 
| Epoch   23 | Train e:  0.3840, T l:  0.0335 | Val e:  0.2484 | Test e:  0.2553 
| Epoch   24 | Train e:  0.3913, T l:  0.0332 | Val e:  0.2480 | Test e:  0.2456 
| Epoch   25 | Train e:  0.4056, T l:  0.0329 | Val e:  0.2577 | Test e:  0.2556 
| Epoch   26 | Train e:  0.3864, T l:  0.0326 | Val e:  0.2442 | Test e:  0.2430 
| Epoch   27 | Train e:  0.4111, T l:  0.0323 | Val e:  0.2549 | Test e:  0.2537 
| Epoch   28 | Train e:  0.4047, T l:  0.0320 | Val e:  0.2486 | Test e:  0.2431 
| Epoch   29 | Train e:  0.4233, T l:  0.0318 | Val e:  0.2624 | Test e:  0.2498 
| Epoch   30 | Train e:  0.4258, T l:  0.0315 | Val e:  0.2543 | Test e:  0.2509 
| Epoch   31 | Train e:  0.4272, T l:  0.0312 | Val e:  0.2477 | Test e:  0.2422 
| Epoch   32 | Train e:  0.4410, T l:  0.0310 | Val e:  0.2571 | Test e:  0.2499 
| Epoch   33 | Train e:  0.4425, T l:  0.0307 | Val e:  0.2511 | Test e:  0.2479 
| Epoch   34 | Train e:  0.4599, T l:  0.0305 | Val e:  0.2573 | Test e:  0.2637 
| Epoch   35 | Train e:  0.4651, T l:  0.0303 | Val e:  0.2600 | Test e:  0.2594 
| Epoch   36 | Train e:  0.4657, T l:  0.0300 | Val e:  0.2625 | Test e:  0.2569 
| Epoch   37 | Train e:  0.4724, T l:  0.0298 | Val e:  0.2602 | Test e:  0.2554 
| Epoch   38 | Train e:  0.4858, T l:  0.0296 | Val e:  0.2623 | Test e:  0.2530 
| Epoch   39 | Train e:  0.4788, T l:  0.0294 | Val e:  0.2540 | Test e:  0.2479 
| Epoch   40 | Train e:  0.4842, T l:  0.0291 | Val e:  0.2527 | Test e:  0.2490 
| Epoch   41 | Train e:  0.4938, T l:  0.0289 | Val e:  0.2536 | Test e:  0.2516 
| Epoch   42 | Train e:  0.4965, T l:  0.0287 | Val e:  0.2558 | Test e:  0.2507 
| Epoch   43 | Train e:  0.4972, T l:  0.0285 | Val e:  0.2509 | Test e:  0.2478 
| Epoch   44 | Train e:  0.5020, T l:  0.0282 | Val e:  0.2527 | Test e:  0.2490 
| Epoch   45 | Train e:  0.5165, T l:  0.0280 | Val e:  0.2518 | Test e:  0.2512 
| Epoch   46 | Train e:  0.5270, T l:  0.0278 | Val e:  0.2595 | Test e:  0.2573 
| Epoch   47 | Train e:  0.5262, T l:  0.0276 | Val e:  0.2591 | Test e:  0.2531 
| Epoch   48 | Train e:  0.5237, T l:  0.0275 | Val e:  0.2527 | Test e:  0.2504 
| Epoch   49 | Train e:  0.5388, T l:  0.0272 | Val e:  0.2575 | Test e:  0.2583 
| Epoch   50 | Train e:  0.5293, T l:  0.0271 | Val e:  0.2505 | Test e:  0.2524 
| Epoch   51 | Train e:  0.5553, T l:  0.0269 | Val e:  0.2624 | Test e:  0.2587 
| Epoch   52 | Train e:  0.5474, T l:  0.0267 | Val e:  0.2478 | Test e:  0.2470 
| Epoch   53 | Train e:  0.5640, T l:  0.0264 | Val e:  0.2611 | Test e:  0.2591 
| Epoch   54 | Train e:  0.5610, T l:  0.0263 | Val e:  0.2580 | Test e:  0.2553 
| Epoch   55 | Train e:  0.5699, T l:  0.0261 | Val e:  0.2600 | Test e:  0.2555 
| Epoch   56 | Train e:  0.5649, T l:  0.0259 | Val e:  0.2537 | Test e:  0.2481 
| Epoch   57 | Train e:  0.5707, T l:  0.0258 | Val e:  0.2566 | Test e:  0.2448 
| Epoch   58 | Train e:  0.5662, T l:  0.0256 | Val e:  0.2534 | Test e:  0.2482 
| Epoch   59 | Train e:  0.5721, T l:  0.0254 | Val e:  0.2530 | Test e:  0.2466 
| Epoch   60 | Train e:  0.5925, T l:  0.0253 | Val e:  0.2582 | Test e:  0.2526 
| Epoch   61 | Train e:  0.5967, T l:  0.0251 | Val e:  0.2542 | Test e:  0.2501 
| Epoch   62 | Train e:  0.5917, T l:  0.0249 | Val e:  0.2519 | Test e:  0.2440 
| Epoch   63 | Train e:  0.5987, T l:  0.0247 | Val e:  0.2557 | Test e:  0.2476 
| Epoch   64 | Train e:  0.6039, T l:  0.0245 | Val e:  0.2549 | Test e:  0.2522 
| Epoch   65 | Train e:  0.6066, T l:  0.0244 | Val e:  0.2522 | Test e:  0.2486 
| Epoch   66 | Train e:  0.6164, T l:  0.0242 | Val e:  0.2539 | Test e:  0.2503 
| Epoch   67 | Train e:  0.6050, T l:  0.0241 | Val e:  0.2499 | Test e:  0.2420 
| Epoch   68 | Train e:  0.6177, T l:  0.0239 | Val e:  0.2549 | Test e:  0.2477 
| Epoch   69 | Train e:  0.6311, T l:  0.0237 | Val e:  0.2577 | Test e:  0.2516 
| Epoch   70 | Train e:  0.6204, T l:  0.0236 | Val e:  0.2506 | Test e:  0.2444 
| Epoch   71 | Train e:  0.6203, T l:  0.0235 | Val e:  0.2515 | Test e:  0.2456 
| Epoch   72 | Train e:  0.6381, T l:  0.0233 | Val e:  0.2540 | Test e:  0.2493 
| Epoch   73 | Train e:  0.6409, T l:  0.0232 | Val e:  0.2537 | Test e:  0.2463 
| Epoch   74 | Train e:  0.6427, T l:  0.0230 | Val e:  0.2525 | Test e:  0.2447 
| Epoch   75 | Train e:  0.6444, T l:  0.0229 | Val e:  0.2506 | Test e:  0.2461 
| Epoch   76 | Train e:  0.6353, T l:  0.0228 | Val e:  0.2462 | Test e:  0.2419 
| Epoch   77 | Train e:  0.6484, T l:  0.0227 | Val e:  0.2474 | Test e:  0.2444 
| Epoch   78 | Train e:  0.6638, T l:  0.0225 | Val e:  0.2509 | Test e:  0.2487 
| Epoch   79 | Train e:  0.6499, T l:  0.0224 | Val e:  0.2450 | Test e:  0.2413 
| Epoch   80 | Train e:  0.6584, T l:  0.0222 | Val e:  0.2473 | Test e:  0.2423 
| Epoch   81 | Train e:  0.6571, T l:  0.0221 | Val e:  0.2478 | Test e:  0.2423 
| Epoch   82 | Train e:  0.6668, T l:  0.0220 | Val e:  0.2509 | Test e:  0.2454 
| Epoch   83 | Train e:  0.6628, T l:  0.0218 | Val e:  0.2492 | Test e:  0.2418 
| Epoch   84 | Train e:  0.6738, T l:  0.0217 | Val e:  0.2503 | Test e:  0.2439 
| Epoch   85 | Train e:  0.6724, T l:  0.0216 | Val e:  0.2487 | Test e:  0.2443 
| Epoch   86 | Train e:  0.6750, T l:  0.0215 | Val e:  0.2488 | Test e:  0.2435 
| Epoch   87 | Train e:  0.6836, T l:  0.0214 | Val e:  0.2483 | Test e:  0.2454 
| Epoch   88 | Train e:  0.6815, T l:  0.0213 | Val e:  0.2476 | Test e:  0.2439 
| Epoch   89 | Train e:  0.6800, T l:  0.0212 | Val e:  0.2457 | Test e:  0.2423 
| Epoch   90 | Train e:  0.6801, T l:  0.0211 | Val e:  0.2458 | Test e:  0.2416 
| Epoch   91 | Train e:  0.6870, T l:  0.0210 | Val e:  0.2475 | Test e:  0.2433 
| Epoch   92 | Train e:  0.6850, T l:  0.0209 | Val e:  0.2455 | Test e:  0.2435 
| Epoch   93 | Train e:  0.6843, T l:  0.0207 | Val e:  0.2469 | Test e:  0.2423 
| Epoch   94 | Train e:  0.6864, T l:  0.0207 | Val e:  0.2457 | Test e:  0.2414 
| Epoch   95 | Train e:  0.6920, T l:  0.0206 | Val e:  0.2464 | Test e:  0.2425 
| Epoch   96 | Train e:  0.6874, T l:  0.0205 | Val e:  0.2452 | Test e:  0.2413 
| Epoch   97 | Train e:  0.6888, T l:  0.0205 | Val e:  0.2453 | Test e:  0.2409 
| Epoch   98 | Train e:  0.6911, T l:  0.0204 | Val e:  0.2462 | Test e:  0.2417 
| Epoch   99 | Train e:  0.6906, T l:  0.0203 | Val e:  0.2465 | Test e:  0.2414 
