

===============================================
2023-01-08 16:34:45

main_gnnt_eela.py --seeds 886 --device 0

None

baseline: GPS
dataset: ogbg-molpcba
use_val_loss: False
use_cpu: False
epochs: 100
scheduler: linear
warmup: 10
batch_size: 256
lr: 0.0002
weight_decay: 0.0001
num_workers: 0
clustering: False
masked_attention: True
gconv_dim: 384
tlayer_dim: 384
local_attn_dropout: 0.0
local_ffn_dropout: 0.3
global_attn_dropout: 0.3
global_ffn_dropout: 0.3
num_layers: 5
num_heads: 8
skip_connection: none
norm: ln
readout: cls
seeds: 886
device: 0
save_state: False



| Epoch    0 | Train e:  0.0299, T l:  0.2379 | Val e:  0.0320 | Test e:  0.0331 
| Epoch    1 | Train e:  0.0517, T l:  0.0595 | Val e:  0.0542 | Test e:  0.0574 
| Epoch    2 | Train e:  0.0826, T l:  0.0499 | Val e:  0.0857 | Test e:  0.0858 
| Epoch    3 | Train e:  0.0935, T l:  0.0469 | Val e:  0.0972 | Test e:  0.0967 
| Epoch    4 | Train e:  0.1281, T l:  0.0450 | Val e:  0.1280 | Test e:  0.1257 
| Epoch    5 | Train e:  0.1532, T l:  0.0435 | Val e:  0.1447 | Test e:  0.1445 
| Epoch    6 | Train e:  0.1818, T l:  0.0423 | Val e:  0.1691 | Test e:  0.1682 
| Epoch    7 | Train e:  0.1939, T l:  0.0414 | Val e:  0.1724 | Test e:  0.1705 
| Epoch    8 | Train e:  0.2173, T l:  0.0406 | Val e:  0.1911 | Test e:  0.1841 
| Epoch    9 | Train e:  0.2308, T l:  0.0399 | Val e:  0.1971 | Test e:  0.1944 
| Epoch   10 | Train e:  0.2467, T l:  0.0392 | Val e:  0.2023 | Test e:  0.2023 
| Epoch   11 | Train e:  0.2639, T l:  0.0385 | Val e:  0.2140 | Test e:  0.2077 
| Epoch   12 | Train e:  0.2753, T l:  0.0379 | Val e:  0.2179 | Test e:  0.2139 
| Epoch   13 | Train e:  0.2900, T l:  0.0373 | Val e:  0.2270 | Test e:  0.2247 
| Epoch   14 | Train e:  0.2982, T l:  0.0368 | Val e:  0.2260 | Test e:  0.2278 
| Epoch   15 | Train e:  0.3111, T l:  0.0363 | Val e:  0.2375 | Test e:  0.2305 
| Epoch   16 | Train e:  0.3204, T l:  0.0359 | Val e:  0.2370 | Test e:  0.2369 
| Epoch   17 | Train e:  0.3360, T l:  0.0355 | Val e:  0.2426 | Test e:  0.2394 
| Epoch   18 | Train e:  0.3429, T l:  0.0352 | Val e:  0.2506 | Test e:  0.2397 
| Epoch   19 | Train e:  0.3506, T l:  0.0348 | Val e:  0.2449 | Test e:  0.2379 
| Epoch   20 | Train e:  0.3565, T l:  0.0344 | Val e:  0.2502 | Test e:  0.2433 
| Epoch   21 | Train e:  0.3628, T l:  0.0341 | Val e:  0.2485 | Test e:  0.2432 
| Epoch   22 | Train e:  0.3770, T l:  0.0338 | Val e:  0.2504 | Test e:  0.2471 
| Epoch   23 | Train e:  0.3840, T l:  0.0336 | Val e:  0.2538 | Test e:  0.2460 
| Epoch   24 | Train e:  0.3928, T l:  0.0333 | Val e:  0.2647 | Test e:  0.2487 
| Epoch   25 | Train e:  0.3936, T l:  0.0330 | Val e:  0.2595 | Test e:  0.2499 
| Epoch   26 | Train e:  0.3982, T l:  0.0327 | Val e:  0.2600 | Test e:  0.2493 
| Epoch   27 | Train e:  0.4169, T l:  0.0324 | Val e:  0.2641 | Test e:  0.2543 
| Epoch   28 | Train e:  0.4197, T l:  0.0322 | Val e:  0.2663 | Test e:  0.2548 
| Epoch   29 | Train e:  0.4275, T l:  0.0319 | Val e:  0.2684 | Test e:  0.2575 
| Epoch   30 | Train e:  0.4350, T l:  0.0317 | Val e:  0.2711 | Test e:  0.2626 
| Epoch   31 | Train e:  0.4418, T l:  0.0314 | Val e:  0.2686 | Test e:  0.2586 
| Epoch   32 | Train e:  0.4447, T l:  0.0312 | Val e:  0.2755 | Test e:  0.2646 
| Epoch   33 | Train e:  0.4493, T l:  0.0310 | Val e:  0.2705 | Test e:  0.2603 
| Epoch   34 | Train e:  0.4585, T l:  0.0308 | Val e:  0.2752 | Test e:  0.2637 
| Epoch   35 | Train e:  0.4615, T l:  0.0306 | Val e:  0.2707 | Test e:  0.2616 
| Epoch   36 | Train e:  0.4738, T l:  0.0303 | Val e:  0.2740 | Test e:  0.2636 
| Epoch   37 | Train e:  0.4787, T l:  0.0301 | Val e:  0.2750 | Test e:  0.2649 
| Epoch   38 | Train e:  0.4761, T l:  0.0299 | Val e:  0.2728 | Test e:  0.2635 
| Epoch   39 | Train e:  0.4846, T l:  0.0297 | Val e:  0.2741 | Test e:  0.2657 
| Epoch   40 | Train e:  0.4885, T l:  0.0295 | Val e:  0.2727 | Test e:  0.2646 
| Epoch   41 | Train e:  0.4953, T l:  0.0293 | Val e:  0.2757 | Test e:  0.2695 
| Epoch   42 | Train e:  0.4996, T l:  0.0292 | Val e:  0.2762 | Test e:  0.2658 
| Epoch   43 | Train e:  0.5078, T l:  0.0290 | Val e:  0.2839 | Test e:  0.2703 
| Epoch   44 | Train e:  0.5128, T l:  0.0287 | Val e:  0.2784 | Test e:  0.2656 
| Epoch   45 | Train e:  0.5150, T l:  0.0285 | Val e:  0.2790 | Test e:  0.2642 
| Epoch   46 | Train e:  0.5189, T l:  0.0284 | Val e:  0.2764 | Test e:  0.2698 
| Epoch   47 | Train e:  0.5232, T l:  0.0282 | Val e:  0.2783 | Test e:  0.2667 
| Epoch   48 | Train e:  0.5309, T l:  0.0280 | Val e:  0.2801 | Test e:  0.2712 
| Epoch   49 | Train e:  0.5352, T l:  0.0278 | Val e:  0.2798 | Test e:  0.2706 
| Epoch   50 | Train e:  0.5411, T l:  0.0277 | Val e:  0.2783 | Test e:  0.2741 
| Epoch   51 | Train e:  0.5420, T l:  0.0275 | Val e:  0.2767 | Test e:  0.2673 
| Epoch   52 | Train e:  0.5443, T l:  0.0273 | Val e:  0.2777 | Test e:  0.2692 
| Epoch   53 | Train e:  0.5565, T l:  0.0272 | Val e:  0.2829 | Test e:  0.2751 
| Epoch   54 | Train e:  0.5550, T l:  0.0270 | Val e:  0.2742 | Test e:  0.2687 
| Epoch   55 | Train e:  0.5650, T l:  0.0268 | Val e:  0.2828 | Test e:  0.2718 
| Epoch   56 | Train e:  0.5644, T l:  0.0267 | Val e:  0.2800 | Test e:  0.2702 
| Epoch   57 | Train e:  0.5695, T l:  0.0265 | Val e:  0.2841 | Test e:  0.2734 
| Epoch   58 | Train e:  0.5726, T l:  0.0264 | Val e:  0.2758 | Test e:  0.2726 
| Epoch   59 | Train e:  0.5783, T l:  0.0262 | Val e:  0.2835 | Test e:  0.2726 
| Epoch   60 | Train e:  0.5831, T l:  0.0260 | Val e:  0.2810 | Test e:  0.2723 
| Epoch   61 | Train e:  0.5840, T l:  0.0259 | Val e:  0.2788 | Test e:  0.2726 
| Epoch   62 | Train e:  0.5843, T l:  0.0257 | Val e:  0.2819 | Test e:  0.2682 
| Epoch   63 | Train e:  0.5906, T l:  0.0256 | Val e:  0.2776 | Test e:  0.2687 
| Epoch   64 | Train e:  0.5963, T l:  0.0254 | Val e:  0.2761 | Test e:  0.2708 
| Epoch   65 | Train e:  0.6026, T l:  0.0253 | Val e:  0.2807 | Test e:  0.2735 
| Epoch   66 | Train e:  0.6027, T l:  0.0251 | Val e:  0.2793 | Test e:  0.2681 
| Epoch   67 | Train e:  0.6099, T l:  0.0250 | Val e:  0.2765 | Test e:  0.2677 
| Epoch   68 | Train e:  0.6102, T l:  0.0249 | Val e:  0.2763 | Test e:  0.2712 
| Epoch   69 | Train e:  0.6145, T l:  0.0247 | Val e:  0.2759 | Test e:  0.2681 
| Epoch   70 | Train e:  0.6181, T l:  0.0246 | Val e:  0.2764 | Test e:  0.2674 
| Epoch   71 | Train e:  0.6212, T l:  0.0245 | Val e:  0.2751 | Test e:  0.2697 
| Epoch   72 | Train e:  0.6235, T l:  0.0243 | Val e:  0.2761 | Test e:  0.2716 
| Epoch   73 | Train e:  0.6304, T l:  0.0242 | Val e:  0.2787 | Test e:  0.2721 
| Epoch   74 | Train e:  0.6276, T l:  0.0241 | Val e:  0.2774 | Test e:  0.2689 
| Epoch   75 | Train e:  0.6339, T l:  0.0239 | Val e:  0.2765 | Test e:  0.2699 
| Epoch   76 | Train e:  0.6364, T l:  0.0238 | Val e:  0.2793 | Test e:  0.2719 
| Epoch   77 | Train e:  0.6372, T l:  0.0237 | Val e:  0.2781 | Test e:  0.2689 
| Epoch   78 | Train e:  0.6423, T l:  0.0236 | Val e:  0.2762 | Test e:  0.2695 
| Epoch   79 | Train e:  0.6470, T l:  0.0235 | Val e:  0.2781 | Test e:  0.2710 
| Epoch   80 | Train e:  0.6453, T l:  0.0234 | Val e:  0.2757 | Test e:  0.2704 
| Epoch   81 | Train e:  0.6485, T l:  0.0232 | Val e:  0.2770 | Test e:  0.2671 
| Epoch   82 | Train e:  0.6505, T l:  0.0231 | Val e:  0.2766 | Test e:  0.2687 
| Epoch   83 | Train e:  0.6510, T l:  0.0230 | Val e:  0.2753 | Test e:  0.2674 
| Epoch   84 | Train e:  0.6576, T l:  0.0229 | Val e:  0.2781 | Test e:  0.2700 
| Epoch   85 | Train e:  0.6604, T l:  0.0228 | Val e:  0.2769 | Test e:  0.2690 
| Epoch   86 | Train e:  0.6614, T l:  0.0227 | Val e:  0.2770 | Test e:  0.2704 
| Epoch   87 | Train e:  0.6661, T l:  0.0226 | Val e:  0.2763 | Test e:  0.2690 
| Epoch   88 | Train e:  0.6639, T l:  0.0225 | Val e:  0.2743 | Test e:  0.2676 
| Epoch   89 | Train e:  0.6677, T l:  0.0224 | Val e:  0.2746 | Test e:  0.2673 
| Epoch   90 | Train e:  0.6684, T l:  0.0223 | Val e:  0.2744 | Test e:  0.2674 
| Epoch   91 | Train e:  0.6706, T l:  0.0223 | Val e:  0.2748 | Test e:  0.2680 
| Epoch   92 | Train e:  0.6738, T l:  0.0222 | Val e:  0.2746 | Test e:  0.2670 
| Epoch   93 | Train e:  0.6734, T l:  0.0220 | Val e:  0.2750 | Test e:  0.2667 
| Epoch   94 | Train e:  0.6756, T l:  0.0220 | Val e:  0.2760 | Test e:  0.2684 
| Epoch   95 | Train e:  0.6752, T l:  0.0219 | Val e:  0.2756 | Test e:  0.2674 
| Epoch   96 | Train e:  0.6780, T l:  0.0218 | Val e:  0.2764 | Test e:  0.2685 
| Epoch   97 | Train e:  0.6772, T l:  0.0218 | Val e:  0.2756 | Test e:  0.2675 
| Epoch   98 | Train e:  0.6780, T l:  0.0217 | Val e:  0.2761 | Test e:  0.2684 
| Epoch   99 | Train e:  0.6781, T l:  0.0216 | Val e:  0.2762 | Test e:  0.2682 
