

===============================================
2023-01-09 06:58:01

main_gps_parallel_transformerconv.py --seeds 271828 --device 0

None

baseline: SAT
dataset: ogbg-molpcba
use_val_loss: False
use_cpu: False
epochs: 100
scheduler: linear
warmup: 10
batch_size: 256
lr: 0.0002
weight_decay: 0.0001
num_workers: 0
clustering: False
masked_attention: True
gconv_dim: 384
tlayer_dim: 384
gat_attn_dropout: 0.0
gconv_dropout: 0.3
tlayer_attn_dropout: 0.3
tlayer_dropout: 0.3
num_layers: 5
num_heads: 8
skip_connection: short
readout: mean
seeds: 271828
device: 0
save_state: False



| Epoch    0 | Train e:  0.0238, T l:  0.2412 | Val e:  0.0290 | Test e:  0.0306 
| Epoch    1 | Train e:  0.0332, T l:  0.0606 | Val e:  0.0382 | Test e:  0.0400 
| Epoch    2 | Train e:  0.0781, T l:  0.0514 | Val e:  0.0807 | Test e:  0.0824 
| Epoch    3 | Train e:  0.1075, T l:  0.0472 | Val e:  0.1100 | Test e:  0.1081 
| Epoch    4 | Train e:  0.1378, T l:  0.0447 | Val e:  0.1350 | Test e:  0.1368 
| Epoch    5 | Train e:  0.1540, T l:  0.0429 | Val e:  0.1404 | Test e:  0.1399 
| Epoch    6 | Train e:  0.1809, T l:  0.0416 | Val e:  0.1591 | Test e:  0.1575 
| Epoch    7 | Train e:  0.1964, T l:  0.0407 | Val e:  0.1621 | Test e:  0.1586 
| Epoch    8 | Train e:  0.2115, T l:  0.0398 | Val e:  0.1812 | Test e:  0.1760 
| Epoch    9 | Train e:  0.2298, T l:  0.0391 | Val e:  0.1883 | Test e:  0.1915 
| Epoch   10 | Train e:  0.2379, T l:  0.0384 | Val e:  0.1971 | Test e:  0.1938 
| Epoch   11 | Train e:  0.2537, T l:  0.0377 | Val e:  0.1990 | Test e:  0.2013 
| Epoch   12 | Train e:  0.2797, T l:  0.0371 | Val e:  0.2125 | Test e:  0.2075 
| Epoch   13 | Train e:  0.2893, T l:  0.0365 | Val e:  0.2165 | Test e:  0.2120 
| Epoch   14 | Train e:  0.2958, T l:  0.0360 | Val e:  0.2146 | Test e:  0.2137 
| Epoch   15 | Train e:  0.3030, T l:  0.0355 | Val e:  0.2245 | Test e:  0.2147 
| Epoch   16 | Train e:  0.3219, T l:  0.0351 | Val e:  0.2278 | Test e:  0.2201 
| Epoch   17 | Train e:  0.3294, T l:  0.0347 | Val e:  0.2287 | Test e:  0.2197 
| Epoch   18 | Train e:  0.3425, T l:  0.0342 | Val e:  0.2364 | Test e:  0.2270 
| Epoch   19 | Train e:  0.3454, T l:  0.0339 | Val e:  0.2301 | Test e:  0.2204 
| Epoch   20 | Train e:  0.3566, T l:  0.0335 | Val e:  0.2336 | Test e:  0.2217 
| Epoch   21 | Train e:  0.3525, T l:  0.0332 | Val e:  0.2304 | Test e:  0.2282 
| Epoch   22 | Train e:  0.3718, T l:  0.0328 | Val e:  0.2332 | Test e:  0.2254 
| Epoch   23 | Train e:  0.3736, T l:  0.0325 | Val e:  0.2340 | Test e:  0.2291 
| Epoch   24 | Train e:  0.3867, T l:  0.0322 | Val e:  0.2447 | Test e:  0.2310 
| Epoch   25 | Train e:  0.3944, T l:  0.0319 | Val e:  0.2514 | Test e:  0.2351 
| Epoch   26 | Train e:  0.4072, T l:  0.0316 | Val e:  0.2455 | Test e:  0.2397 
| Epoch   27 | Train e:  0.4173, T l:  0.0313 | Val e:  0.2534 | Test e:  0.2376 
| Epoch   28 | Train e:  0.4152, T l:  0.0311 | Val e:  0.2524 | Test e:  0.2338 
| Epoch   29 | Train e:  0.4224, T l:  0.0308 | Val e:  0.2477 | Test e:  0.2346 
| Epoch   30 | Train e:  0.4314, T l:  0.0306 | Val e:  0.2519 | Test e:  0.2330 
| Epoch   31 | Train e:  0.4441, T l:  0.0303 | Val e:  0.2576 | Test e:  0.2372 
| Epoch   32 | Train e:  0.4471, T l:  0.0300 | Val e:  0.2533 | Test e:  0.2369 
| Epoch   33 | Train e:  0.4538, T l:  0.0298 | Val e:  0.2485 | Test e:  0.2378 
| Epoch   34 | Train e:  0.4543, T l:  0.0296 | Val e:  0.2539 | Test e:  0.2368 
| Epoch   35 | Train e:  0.4634, T l:  0.0293 | Val e:  0.2545 | Test e:  0.2383 
| Epoch   36 | Train e:  0.4691, T l:  0.0291 | Val e:  0.2491 | Test e:  0.2411 
| Epoch   37 | Train e:  0.4797, T l:  0.0289 | Val e:  0.2498 | Test e:  0.2396 
| Epoch   38 | Train e:  0.4831, T l:  0.0287 | Val e:  0.2543 | Test e:  0.2399 
| Epoch   39 | Train e:  0.4772, T l:  0.0284 | Val e:  0.2452 | Test e:  0.2350 
| Epoch   40 | Train e:  0.4904, T l:  0.0283 | Val e:  0.2519 | Test e:  0.2372 
| Epoch   41 | Train e:  0.5004, T l:  0.0280 | Val e:  0.2505 | Test e:  0.2384 
| Epoch   42 | Train e:  0.4990, T l:  0.0279 | Val e:  0.2505 | Test e:  0.2378 
| Epoch   43 | Train e:  0.5128, T l:  0.0276 | Val e:  0.2528 | Test e:  0.2433 
| Epoch   44 | Train e:  0.5173, T l:  0.0275 | Val e:  0.2514 | Test e:  0.2432 
| Epoch   45 | Train e:  0.5150, T l:  0.0272 | Val e:  0.2479 | Test e:  0.2365 
| Epoch   46 | Train e:  0.5292, T l:  0.0271 | Val e:  0.2520 | Test e:  0.2414 
| Epoch   47 | Train e:  0.5303, T l:  0.0269 | Val e:  0.2476 | Test e:  0.2381 
| Epoch   48 | Train e:  0.5274, T l:  0.0267 | Val e:  0.2473 | Test e:  0.2341 
| Epoch   49 | Train e:  0.5441, T l:  0.0266 | Val e:  0.2551 | Test e:  0.2459 
| Epoch   50 | Train e:  0.5356, T l:  0.0263 | Val e:  0.2437 | Test e:  0.2368 
| Epoch   51 | Train e:  0.5477, T l:  0.0262 | Val e:  0.2507 | Test e:  0.2361 
| Epoch   52 | Train e:  0.5515, T l:  0.0260 | Val e:  0.2513 | Test e:  0.2373 
| Epoch   53 | Train e:  0.5537, T l:  0.0258 | Val e:  0.2469 | Test e:  0.2348 
| Epoch   54 | Train e:  0.5567, T l:  0.0257 | Val e:  0.2483 | Test e:  0.2345 
| Epoch   55 | Train e:  0.5681, T l:  0.0255 | Val e:  0.2513 | Test e:  0.2390 
| Epoch   56 | Train e:  0.5661, T l:  0.0253 | Val e:  0.2478 | Test e:  0.2338 
| Epoch   57 | Train e:  0.5736, T l:  0.0252 | Val e:  0.2514 | Test e:  0.2363 
| Epoch   58 | Train e:  0.5796, T l:  0.0250 | Val e:  0.2500 | Test e:  0.2375 
| Epoch   59 | Train e:  0.5848, T l:  0.0249 | Val e:  0.2474 | Test e:  0.2349 
| Epoch   60 | Train e:  0.5888, T l:  0.0247 | Val e:  0.2498 | Test e:  0.2338 
| Epoch   61 | Train e:  0.5942, T l:  0.0245 | Val e:  0.2492 | Test e:  0.2353 
| Epoch   62 | Train e:  0.5894, T l:  0.0244 | Val e:  0.2446 | Test e:  0.2297 
| Epoch   63 | Train e:  0.6006, T l:  0.0242 | Val e:  0.2473 | Test e:  0.2326 
| Epoch   64 | Train e:  0.5977, T l:  0.0241 | Val e:  0.2470 | Test e:  0.2306 
| Epoch   65 | Train e:  0.6048, T l:  0.0240 | Val e:  0.2447 | Test e:  0.2309 
| Epoch   66 | Train e:  0.6123, T l:  0.0238 | Val e:  0.2451 | Test e:  0.2336 
| Epoch   67 | Train e:  0.6164, T l:  0.0237 | Val e:  0.2432 | Test e:  0.2289 
| Epoch   68 | Train e:  0.6129, T l:  0.0236 | Val e:  0.2418 | Test e:  0.2246 
| Epoch   69 | Train e:  0.6219, T l:  0.0234 | Val e:  0.2448 | Test e:  0.2308 
| Epoch   70 | Train e:  0.6237, T l:  0.0232 | Val e:  0.2434 | Test e:  0.2295 
| Epoch   71 | Train e:  0.6266, T l:  0.0231 | Val e:  0.2447 | Test e:  0.2327 
| Epoch   72 | Train e:  0.6311, T l:  0.0230 | Val e:  0.2455 | Test e:  0.2318 
| Epoch   73 | Train e:  0.6366, T l:  0.0228 | Val e:  0.2460 | Test e:  0.2325 
| Epoch   74 | Train e:  0.6350, T l:  0.0227 | Val e:  0.2444 | Test e:  0.2301 
| Epoch   75 | Train e:  0.6361, T l:  0.0226 | Val e:  0.2409 | Test e:  0.2280 
| Epoch   76 | Train e:  0.6457, T l:  0.0225 | Val e:  0.2464 | Test e:  0.2315 
| Epoch   77 | Train e:  0.6420, T l:  0.0224 | Val e:  0.2394 | Test e:  0.2269 
| Epoch   78 | Train e:  0.6478, T l:  0.0223 | Val e:  0.2447 | Test e:  0.2328 
| Epoch   79 | Train e:  0.6468, T l:  0.0221 | Val e:  0.2420 | Test e:  0.2278 
| Epoch   80 | Train e:  0.6516, T l:  0.0220 | Val e:  0.2409 | Test e:  0.2267 
| Epoch   81 | Train e:  0.6524, T l:  0.0219 | Val e:  0.2412 | Test e:  0.2253 
| Epoch   82 | Train e:  0.6555, T l:  0.0218 | Val e:  0.2419 | Test e:  0.2285 
| Epoch   83 | Train e:  0.6605, T l:  0.0217 | Val e:  0.2407 | Test e:  0.2262 
| Epoch   84 | Train e:  0.6614, T l:  0.0216 | Val e:  0.2418 | Test e:  0.2261 
| Epoch   85 | Train e:  0.6625, T l:  0.0215 | Val e:  0.2410 | Test e:  0.2277 
| Epoch   86 | Train e:  0.6692, T l:  0.0214 | Val e:  0.2420 | Test e:  0.2277 
| Epoch   87 | Train e:  0.6671, T l:  0.0213 | Val e:  0.2415 | Test e:  0.2269 
| Epoch   88 | Train e:  0.6665, T l:  0.0212 | Val e:  0.2415 | Test e:  0.2287 
| Epoch   89 | Train e:  0.6674, T l:  0.0212 | Val e:  0.2407 | Test e:  0.2250 
| Epoch   90 | Train e:  0.6712, T l:  0.0210 | Val e:  0.2413 | Test e:  0.2274 
| Epoch   91 | Train e:  0.6764, T l:  0.0210 | Val e:  0.2425 | Test e:  0.2289 
| Epoch   92 | Train e:  0.6747, T l:  0.0209 | Val e:  0.2415 | Test e:  0.2277 
| Epoch   93 | Train e:  0.6762, T l:  0.0208 | Val e:  0.2399 | Test e:  0.2272 
| Epoch   94 | Train e:  0.6764, T l:  0.0207 | Val e:  0.2406 | Test e:  0.2276 
| Epoch   95 | Train e:  0.6787, T l:  0.0207 | Val e:  0.2408 | Test e:  0.2276 
| Epoch   96 | Train e:  0.6798, T l:  0.0206 | Val e:  0.2414 | Test e:  0.2280 
| Epoch   97 | Train e:  0.6791, T l:  0.0205 | Val e:  0.2407 | Test e:  0.2277 
| Epoch   98 | Train e:  0.6803, T l:  0.0204 | Val e:  0.2409 | Test e:  0.2277 
| Epoch   99 | Train e:  0.6802, T l:  0.0204 | Val e:  0.2409 | Test e:  0.2277 
