

===============================================
2023-01-06 14:36:22

main_gnnt_transformerconv.py --seeds 2020 --device 1

None

baseline: SAT
dataset: ogbg-molpcba
use_val_loss: False
use_cpu: False
epochs: 100
scheduler: linear
warmup: 10
batch_size: 256
lr: 0.0002
weight_decay: 0.0001
num_workers: 0
clustering: False
masked_attention: True
gconv_dim: 384
tlayer_dim: 384
gat_attn_dropout: 0.0
gconv_dropout: 0.3
tlayer_attn_dropout: 0.3
tlayer_dropout: 0.3
num_layers: 5
num_heads: 8
skip_connection: short
readout: cls
seeds: 2020
device: 1
save_state: False



| Epoch    0 | Train e:  0.0274, T l:  0.2423 | Val e:  0.0309 | Test e:  0.0324 
| Epoch    1 | Train e:  0.0423, T l:  0.0609 | Val e:  0.0463 | Test e:  0.0475 
| Epoch    2 | Train e:  0.0886, T l:  0.0506 | Val e:  0.0980 | Test e:  0.0984 
| Epoch    3 | Train e:  0.1147, T l:  0.0467 | Val e:  0.1214 | Test e:  0.1214 
| Epoch    4 | Train e:  0.1382, T l:  0.0445 | Val e:  0.1429 | Test e:  0.1422 
| Epoch    5 | Train e:  0.1612, T l:  0.0431 | Val e:  0.1592 | Test e:  0.1598 
| Epoch    6 | Train e:  0.1785, T l:  0.0419 | Val e:  0.1647 | Test e:  0.1686 
| Epoch    7 | Train e:  0.1831, T l:  0.0410 | Val e:  0.1694 | Test e:  0.1656 
| Epoch    8 | Train e:  0.2113, T l:  0.0403 | Val e:  0.1867 | Test e:  0.1868 
| Epoch    9 | Train e:  0.2133, T l:  0.0397 | Val e:  0.1834 | Test e:  0.1807 
| Epoch   10 | Train e:  0.2395, T l:  0.0391 | Val e:  0.2015 | Test e:  0.2031 
| Epoch   11 | Train e:  0.2347, T l:  0.0384 | Val e:  0.1909 | Test e:  0.1881 
| Epoch   12 | Train e:  0.2734, T l:  0.0379 | Val e:  0.2170 | Test e:  0.2185 
| Epoch   13 | Train e:  0.2608, T l:  0.0373 | Val e:  0.2071 | Test e:  0.2063 
| Epoch   14 | Train e:  0.2828, T l:  0.0368 | Val e:  0.2228 | Test e:  0.2199 
| Epoch   15 | Train e:  0.2787, T l:  0.0365 | Val e:  0.2190 | Test e:  0.2077 
| Epoch   16 | Train e:  0.2905, T l:  0.0360 | Val e:  0.2213 | Test e:  0.2214 
| Epoch   17 | Train e:  0.2994, T l:  0.0356 | Val e:  0.2191 | Test e:  0.2217 
| Epoch   18 | Train e:  0.3170, T l:  0.0353 | Val e:  0.2352 | Test e:  0.2264 
| Epoch   19 | Train e:  0.2924, T l:  0.0349 | Val e:  0.2168 | Test e:  0.2121 
| Epoch   20 | Train e:  0.3040, T l:  0.0346 | Val e:  0.2227 | Test e:  0.2074 
| Epoch   21 | Train e:  0.3163, T l:  0.0343 | Val e:  0.2277 | Test e:  0.2166 
| Epoch   22 | Train e:  0.3261, T l:  0.0340 | Val e:  0.2263 | Test e:  0.2203 
| Epoch   23 | Train e:  0.3288, T l:  0.0337 | Val e:  0.2322 | Test e:  0.2174 
| Epoch   24 | Train e:  0.3545, T l:  0.0334 | Val e:  0.2373 | Test e:  0.2331 
| Epoch   25 | Train e:  0.3262, T l:  0.0331 | Val e:  0.2170 | Test e:  0.2123 
| Epoch   26 | Train e:  0.3442, T l:  0.0329 | Val e:  0.2321 | Test e:  0.2211 
| Epoch   27 | Train e:  0.3666, T l:  0.0326 | Val e:  0.2358 | Test e:  0.2282 
| Epoch   28 | Train e:  0.3683, T l:  0.0324 | Val e:  0.2403 | Test e:  0.2374 
| Epoch   29 | Train e:  0.3682, T l:  0.0321 | Val e:  0.2327 | Test e:  0.2268 
| Epoch   30 | Train e:  0.3866, T l:  0.0319 | Val e:  0.2439 | Test e:  0.2402 
| Epoch   31 | Train e:  0.3858, T l:  0.0316 | Val e:  0.2432 | Test e:  0.2374 
| Epoch   32 | Train e:  0.3861, T l:  0.0314 | Val e:  0.2404 | Test e:  0.2333 
| Epoch   33 | Train e:  0.3826, T l:  0.0312 | Val e:  0.2331 | Test e:  0.2280 
| Epoch   34 | Train e:  0.4042, T l:  0.0309 | Val e:  0.2396 | Test e:  0.2325 
| Epoch   35 | Train e:  0.3862, T l:  0.0307 | Val e:  0.2331 | Test e:  0.2245 
| Epoch   36 | Train e:  0.3718, T l:  0.0305 | Val e:  0.2229 | Test e:  0.2091 
| Epoch   37 | Train e:  0.4133, T l:  0.0303 | Val e:  0.2431 | Test e:  0.2364 
| Epoch   38 | Train e:  0.3933, T l:  0.0301 | Val e:  0.2252 | Test e:  0.2197 
| Epoch   39 | Train e:  0.4151, T l:  0.0298 | Val e:  0.2357 | Test e:  0.2274 
| Epoch   40 | Train e:  0.4268, T l:  0.0297 | Val e:  0.2387 | Test e:  0.2296 
| Epoch   41 | Train e:  0.4049, T l:  0.0294 | Val e:  0.2305 | Test e:  0.2273 
| Epoch   42 | Train e:  0.4287, T l:  0.0293 | Val e:  0.2365 | Test e:  0.2286 
| Epoch   43 | Train e:  0.4337, T l:  0.0290 | Val e:  0.2364 | Test e:  0.2255 
| Epoch   44 | Train e:  0.4284, T l:  0.0289 | Val e:  0.2325 | Test e:  0.2199 
| Epoch   45 | Train e:  0.4584, T l:  0.0287 | Val e:  0.2397 | Test e:  0.2346 
| Epoch   46 | Train e:  0.4411, T l:  0.0284 | Val e:  0.2339 | Test e:  0.2254 
| Epoch   47 | Train e:  0.4631, T l:  0.0283 | Val e:  0.2354 | Test e:  0.2318 
| Epoch   48 | Train e:  0.4440, T l:  0.0281 | Val e:  0.2285 | Test e:  0.2219 
| Epoch   49 | Train e:  0.4618, T l:  0.0279 | Val e:  0.2381 | Test e:  0.2284 
| Epoch   50 | Train e:  0.4604, T l:  0.0277 | Val e:  0.2433 | Test e:  0.2281 
| Epoch   51 | Train e:  0.4820, T l:  0.0275 | Val e:  0.2432 | Test e:  0.2326 
| Epoch   52 | Train e:  0.4796, T l:  0.0273 | Val e:  0.2340 | Test e:  0.2272 
| Epoch   53 | Train e:  0.4912, T l:  0.0271 | Val e:  0.2433 | Test e:  0.2350 
| Epoch   54 | Train e:  0.4661, T l:  0.0270 | Val e:  0.2327 | Test e:  0.2199 
| Epoch   55 | Train e:  0.4736, T l:  0.0268 | Val e:  0.2305 | Test e:  0.2166 
| Epoch   56 | Train e:  0.4965, T l:  0.0266 | Val e:  0.2375 | Test e:  0.2283 
| Epoch   57 | Train e:  0.4854, T l:  0.0265 | Val e:  0.2396 | Test e:  0.2238 
| Epoch   58 | Train e:  0.4920, T l:  0.0263 | Val e:  0.2345 | Test e:  0.2227 
| Epoch   59 | Train e:  0.5091, T l:  0.0261 | Val e:  0.2405 | Test e:  0.2283 
| Epoch   60 | Train e:  0.5026, T l:  0.0260 | Val e:  0.2378 | Test e:  0.2288 
| Epoch   61 | Train e:  0.5255, T l:  0.0258 | Val e:  0.2439 | Test e:  0.2362 
| Epoch   62 | Train e:  0.5124, T l:  0.0257 | Val e:  0.2359 | Test e:  0.2218 
| Epoch   63 | Train e:  0.5269, T l:  0.0255 | Val e:  0.2369 | Test e:  0.2276 
| Epoch   64 | Train e:  0.5194, T l:  0.0253 | Val e:  0.2359 | Test e:  0.2246 
| Epoch   65 | Train e:  0.5222, T l:  0.0252 | Val e:  0.2340 | Test e:  0.2231 
| Epoch   66 | Train e:  0.5405, T l:  0.0250 | Val e:  0.2380 | Test e:  0.2272 
| Epoch   67 | Train e:  0.5358, T l:  0.0249 | Val e:  0.2325 | Test e:  0.2230 
| Epoch   68 | Train e:  0.5107, T l:  0.0247 | Val e:  0.2249 | Test e:  0.2123 
| Epoch   69 | Train e:  0.5339, T l:  0.0246 | Val e:  0.2339 | Test e:  0.2241 
| Epoch   70 | Train e:  0.5512, T l:  0.0244 | Val e:  0.2371 | Test e:  0.2260 
| Epoch   71 | Train e:  0.5407, T l:  0.0243 | Val e:  0.2314 | Test e:  0.2212 
| Epoch   72 | Train e:  0.5454, T l:  0.0241 | Val e:  0.2342 | Test e:  0.2212 
| Epoch   73 | Train e:  0.5565, T l:  0.0240 | Val e:  0.2369 | Test e:  0.2266 
| Epoch   74 | Train e:  0.5483, T l:  0.0238 | Val e:  0.2322 | Test e:  0.2226 
| Epoch   75 | Train e:  0.5584, T l:  0.0237 | Val e:  0.2327 | Test e:  0.2252 
| Epoch   76 | Train e:  0.5473, T l:  0.0236 | Val e:  0.2299 | Test e:  0.2200 
| Epoch   77 | Train e:  0.5546, T l:  0.0235 | Val e:  0.2303 | Test e:  0.2205 
| Epoch   78 | Train e:  0.5481, T l:  0.0233 | Val e:  0.2264 | Test e:  0.2169 
| Epoch   79 | Train e:  0.5527, T l:  0.0232 | Val e:  0.2272 | Test e:  0.2166 
| Epoch   80 | Train e:  0.5551, T l:  0.0231 | Val e:  0.2275 | Test e:  0.2151 
| Epoch   81 | Train e:  0.5761, T l:  0.0229 | Val e:  0.2333 | Test e:  0.2234 
| Epoch   82 | Train e:  0.5729, T l:  0.0228 | Val e:  0.2311 | Test e:  0.2214 
| Epoch   83 | Train e:  0.5696, T l:  0.0227 | Val e:  0.2295 | Test e:  0.2187 
| Epoch   84 | Train e:  0.5745, T l:  0.0226 | Val e:  0.2304 | Test e:  0.2193 
| Epoch   85 | Train e:  0.5752, T l:  0.0225 | Val e:  0.2298 | Test e:  0.2201 
| Epoch   86 | Train e:  0.5576, T l:  0.0224 | Val e:  0.2226 | Test e:  0.2125 
| Epoch   87 | Train e:  0.5728, T l:  0.0223 | Val e:  0.2286 | Test e:  0.2183 
| Epoch   88 | Train e:  0.5769, T l:  0.0222 | Val e:  0.2268 | Test e:  0.2177 
| Epoch   89 | Train e:  0.5816, T l:  0.0221 | Val e:  0.2286 | Test e:  0.2183 
| Epoch   90 | Train e:  0.5906, T l:  0.0220 | Val e:  0.2321 | Test e:  0.2198 
| Epoch   91 | Train e:  0.5826, T l:  0.0219 | Val e:  0.2272 | Test e:  0.2163 
| Epoch   92 | Train e:  0.5874, T l:  0.0218 | Val e:  0.2293 | Test e:  0.2175 
| Epoch   93 | Train e:  0.5930, T l:  0.0217 | Val e:  0.2299 | Test e:  0.2182 
| Epoch   94 | Train e:  0.5866, T l:  0.0216 | Val e:  0.2280 | Test e:  0.2159 
| Epoch   95 | Train e:  0.5937, T l:  0.0215 | Val e:  0.2291 | Test e:  0.2186 
| Epoch   96 | Train e:  0.5937, T l:  0.0215 | Val e:  0.2290 | Test e:  0.2185 
| Epoch   97 | Train e:  0.5965, T l:  0.0214 | Val e:  0.2289 | Test e:  0.2190 
| Epoch   98 | Train e:  0.5956, T l:  0.0214 | Val e:  0.2293 | Test e:  0.2184 
| Epoch   99 | Train e:  0.5931, T l:  0.0213 | Val e:  0.2286 | Test e:  0.2178 
