

===============================================
2023-01-05 22:26:38

main_gnnt_transformerconv.py --seeds 42 --device 1

None

baseline: SAT
dataset: ogbg-molpcba
use_val_loss: False
use_cpu: False
epochs: 100
scheduler: linear
warmup: 10
batch_size: 256
lr: 0.0002
weight_decay: 0.0001
num_workers: 0
clustering: False
masked_attention: True
gconv_dim: 384
tlayer_dim: 384
gat_attn_dropout: 0.0
gconv_dropout: 0.3
tlayer_attn_dropout: 0.3
tlayer_dropout: 0.3
num_layers: 5
num_heads: 8
skip_connection: short
readout: cls
seeds: 42
device: 1
save_state: False



| Epoch    0 | Train e:  0.0282, T l:  0.2395 | Val e:  0.0320 | Test e:  0.0325 
| Epoch    1 | Train e:  0.0515, T l:  0.0604 | Val e:  0.0542 | Test e:  0.0573 
| Epoch    2 | Train e:  0.0864, T l:  0.0501 | Val e:  0.0935 | Test e:  0.0944 
| Epoch    3 | Train e:  0.1127, T l:  0.0467 | Val e:  0.1166 | Test e:  0.1189 
| Epoch    4 | Train e:  0.1437, T l:  0.0445 | Val e:  0.1484 | Test e:  0.1440 
| Epoch    5 | Train e:  0.1682, T l:  0.0430 | Val e:  0.1627 | Test e:  0.1653 
| Epoch    6 | Train e:  0.1790, T l:  0.0419 | Val e:  0.1619 | Test e:  0.1630 
| Epoch    7 | Train e:  0.2030, T l:  0.0411 | Val e:  0.1801 | Test e:  0.1802 
| Epoch    8 | Train e:  0.2089, T l:  0.0403 | Val e:  0.1834 | Test e:  0.1795 
| Epoch    9 | Train e:  0.2309, T l:  0.0398 | Val e:  0.1955 | Test e:  0.1912 
| Epoch   10 | Train e:  0.2343, T l:  0.0391 | Val e:  0.1958 | Test e:  0.1958 
| Epoch   11 | Train e:  0.2533, T l:  0.0385 | Val e:  0.2080 | Test e:  0.2052 
| Epoch   12 | Train e:  0.2581, T l:  0.0380 | Val e:  0.2133 | Test e:  0.2040 
| Epoch   13 | Train e:  0.2720, T l:  0.0374 | Val e:  0.2156 | Test e:  0.2163 
| Epoch   14 | Train e:  0.2777, T l:  0.0370 | Val e:  0.2265 | Test e:  0.2179 
| Epoch   15 | Train e:  0.2779, T l:  0.0365 | Val e:  0.2193 | Test e:  0.2116 
| Epoch   16 | Train e:  0.2647, T l:  0.0361 | Val e:  0.2048 | Test e:  0.2067 
| Epoch   17 | Train e:  0.3074, T l:  0.0357 | Val e:  0.2286 | Test e:  0.2215 
| Epoch   18 | Train e:  0.3005, T l:  0.0353 | Val e:  0.2288 | Test e:  0.2194 
| Epoch   19 | Train e:  0.3066, T l:  0.0350 | Val e:  0.2189 | Test e:  0.2159 
| Epoch   20 | Train e:  0.3181, T l:  0.0347 | Val e:  0.2222 | Test e:  0.2204 
| Epoch   21 | Train e:  0.3020, T l:  0.0344 | Val e:  0.2257 | Test e:  0.2106 
| Epoch   22 | Train e:  0.3399, T l:  0.0341 | Val e:  0.2450 | Test e:  0.2297 
| Epoch   23 | Train e:  0.3307, T l:  0.0338 | Val e:  0.2356 | Test e:  0.2220 
| Epoch   24 | Train e:  0.3369, T l:  0.0335 | Val e:  0.2346 | Test e:  0.2232 
| Epoch   25 | Train e:  0.3415, T l:  0.0332 | Val e:  0.2325 | Test e:  0.2240 
| Epoch   26 | Train e:  0.3565, T l:  0.0330 | Val e:  0.2392 | Test e:  0.2318 
| Epoch   27 | Train e:  0.3491, T l:  0.0327 | Val e:  0.2282 | Test e:  0.2192 
| Epoch   28 | Train e:  0.3687, T l:  0.0324 | Val e:  0.2427 | Test e:  0.2323 
| Epoch   29 | Train e:  0.3791, T l:  0.0322 | Val e:  0.2383 | Test e:  0.2329 
| Epoch   30 | Train e:  0.3782, T l:  0.0320 | Val e:  0.2412 | Test e:  0.2301 
| Epoch   31 | Train e:  0.3895, T l:  0.0317 | Val e:  0.2410 | Test e:  0.2313 
| Epoch   32 | Train e:  0.3797, T l:  0.0315 | Val e:  0.2313 | Test e:  0.2242 
| Epoch   33 | Train e:  0.3850, T l:  0.0312 | Val e:  0.2345 | Test e:  0.2245 
| Epoch   34 | Train e:  0.3973, T l:  0.0310 | Val e:  0.2422 | Test e:  0.2288 
| Epoch   35 | Train e:  0.3960, T l:  0.0308 | Val e:  0.2387 | Test e:  0.2265 
| Epoch   36 | Train e:  0.4193, T l:  0.0306 | Val e:  0.2462 | Test e:  0.2387 
| Epoch   37 | Train e:  0.3926, T l:  0.0304 | Val e:  0.2319 | Test e:  0.2237 
| Epoch   38 | Train e:  0.4503, T l:  0.0302 | Val e:  0.2518 | Test e:  0.2421 
| Epoch   39 | Train e:  0.4101, T l:  0.0299 | Val e:  0.2463 | Test e:  0.2270 
| Epoch   40 | Train e:  0.4289, T l:  0.0297 | Val e:  0.2445 | Test e:  0.2329 
| Epoch   41 | Train e:  0.4422, T l:  0.0296 | Val e:  0.2437 | Test e:  0.2354 
| Epoch   42 | Train e:  0.4474, T l:  0.0293 | Val e:  0.2478 | Test e:  0.2377 
| Epoch   43 | Train e:  0.4532, T l:  0.0291 | Val e:  0.2463 | Test e:  0.2355 
| Epoch   44 | Train e:  0.4666, T l:  0.0290 | Val e:  0.2598 | Test e:  0.2433 
| Epoch   45 | Train e:  0.4563, T l:  0.0287 | Val e:  0.2398 | Test e:  0.2331 
| Epoch   46 | Train e:  0.4650, T l:  0.0286 | Val e:  0.2544 | Test e:  0.2433 
| Epoch   47 | Train e:  0.4906, T l:  0.0284 | Val e:  0.2538 | Test e:  0.2470 
| Epoch   48 | Train e:  0.4676, T l:  0.0282 | Val e:  0.2435 | Test e:  0.2317 
| Epoch   49 | Train e:  0.4748, T l:  0.0280 | Val e:  0.2412 | Test e:  0.2392 
| Epoch   50 | Train e:  0.4917, T l:  0.0278 | Val e:  0.2541 | Test e:  0.2433 
| Epoch   51 | Train e:  0.4888, T l:  0.0276 | Val e:  0.2504 | Test e:  0.2385 
| Epoch   52 | Train e:  0.4853, T l:  0.0275 | Val e:  0.2466 | Test e:  0.2325 
| Epoch   53 | Train e:  0.4851, T l:  0.0273 | Val e:  0.2464 | Test e:  0.2306 
| Epoch   54 | Train e:  0.4781, T l:  0.0271 | Val e:  0.2377 | Test e:  0.2301 
| Epoch   55 | Train e:  0.5181, T l:  0.0269 | Val e:  0.2503 | Test e:  0.2390 
| Epoch   56 | Train e:  0.5004, T l:  0.0268 | Val e:  0.2441 | Test e:  0.2332 
| Epoch   57 | Train e:  0.5025, T l:  0.0266 | Val e:  0.2404 | Test e:  0.2349 
| Epoch   58 | Train e:  0.5203, T l:  0.0264 | Val e:  0.2509 | Test e:  0.2398 
| Epoch   59 | Train e:  0.5115, T l:  0.0262 | Val e:  0.2471 | Test e:  0.2349 
| Epoch   60 | Train e:  0.5284, T l:  0.0261 | Val e:  0.2493 | Test e:  0.2426 
| Epoch   61 | Train e:  0.5513, T l:  0.0259 | Val e:  0.2565 | Test e:  0.2483 
| Epoch   62 | Train e:  0.5482, T l:  0.0258 | Val e:  0.2504 | Test e:  0.2446 
| Epoch   63 | Train e:  0.5368, T l:  0.0256 | Val e:  0.2479 | Test e:  0.2374 
| Epoch   64 | Train e:  0.5267, T l:  0.0255 | Val e:  0.2385 | Test e:  0.2298 
| Epoch   65 | Train e:  0.5533, T l:  0.0253 | Val e:  0.2492 | Test e:  0.2404 
| Epoch   66 | Train e:  0.5403, T l:  0.0252 | Val e:  0.2443 | Test e:  0.2355 
| Epoch   67 | Train e:  0.5422, T l:  0.0250 | Val e:  0.2417 | Test e:  0.2341 
| Epoch   68 | Train e:  0.5394, T l:  0.0249 | Val e:  0.2393 | Test e:  0.2310 
| Epoch   69 | Train e:  0.5661, T l:  0.0247 | Val e:  0.2478 | Test e:  0.2353 
| Epoch   70 | Train e:  0.5536, T l:  0.0246 | Val e:  0.2418 | Test e:  0.2331 
| Epoch   71 | Train e:  0.5487, T l:  0.0244 | Val e:  0.2392 | Test e:  0.2276 
| Epoch   72 | Train e:  0.5581, T l:  0.0243 | Val e:  0.2429 | Test e:  0.2307 
| Epoch   73 | Train e:  0.5710, T l:  0.0241 | Val e:  0.2441 | Test e:  0.2334 
| Epoch   74 | Train e:  0.5641, T l:  0.0240 | Val e:  0.2369 | Test e:  0.2289 
| Epoch   75 | Train e:  0.5638, T l:  0.0239 | Val e:  0.2415 | Test e:  0.2277 
| Epoch   76 | Train e:  0.5792, T l:  0.0237 | Val e:  0.2418 | Test e:  0.2326 
| Epoch   77 | Train e:  0.5826, T l:  0.0236 | Val e:  0.2437 | Test e:  0.2352 
| Epoch   78 | Train e:  0.5816, T l:  0.0235 | Val e:  0.2408 | Test e:  0.2325 
| Epoch   79 | Train e:  0.5881, T l:  0.0233 | Val e:  0.2435 | Test e:  0.2347 
| Epoch   80 | Train e:  0.5887, T l:  0.0233 | Val e:  0.2437 | Test e:  0.2331 
| Epoch   81 | Train e:  0.5837, T l:  0.0231 | Val e:  0.2387 | Test e:  0.2296 
| Epoch   82 | Train e:  0.5889, T l:  0.0230 | Val e:  0.2413 | Test e:  0.2293 
| Epoch   83 | Train e:  0.6007, T l:  0.0229 | Val e:  0.2420 | Test e:  0.2345 
| Epoch   84 | Train e:  0.6008, T l:  0.0228 | Val e:  0.2412 | Test e:  0.2327 
| Epoch   85 | Train e:  0.5836, T l:  0.0227 | Val e:  0.2363 | Test e:  0.2293 
| Epoch   86 | Train e:  0.5875, T l:  0.0225 | Val e:  0.2359 | Test e:  0.2295 
| Epoch   87 | Train e:  0.6063, T l:  0.0224 | Val e:  0.2412 | Test e:  0.2340 
| Epoch   88 | Train e:  0.6075, T l:  0.0223 | Val e:  0.2418 | Test e:  0.2334 
| Epoch   89 | Train e:  0.6000, T l:  0.0222 | Val e:  0.2389 | Test e:  0.2327 
| Epoch   90 | Train e:  0.6016, T l:  0.0222 | Val e:  0.2389 | Test e:  0.2321 
| Epoch   91 | Train e:  0.6072, T l:  0.0221 | Val e:  0.2398 | Test e:  0.2317 
| Epoch   92 | Train e:  0.6103, T l:  0.0220 | Val e:  0.2409 | Test e:  0.2329 
| Epoch   93 | Train e:  0.6063, T l:  0.0219 | Val e:  0.2390 | Test e:  0.2314 
| Epoch   94 | Train e:  0.6150, T l:  0.0218 | Val e:  0.2413 | Test e:  0.2333 
| Epoch   95 | Train e:  0.6089, T l:  0.0217 | Val e:  0.2381 | Test e:  0.2308 
| Epoch   96 | Train e:  0.6133, T l:  0.0216 | Val e:  0.2392 | Test e:  0.2313 
| Epoch   97 | Train e:  0.6084, T l:  0.0215 | Val e:  0.2382 | Test e:  0.2296 
| Epoch   98 | Train e:  0.6108, T l:  0.0215 | Val e:  0.2386 | Test e:  0.2308 
| Epoch   99 | Train e:  0.6122, T l:  0.0215 | Val e:  0.2395 | Test e:  0.2316 
