

===============================================
2023-01-07 21:32:27

main_gps_parallel_gat.py --device 0

None

baseline: SAT
dataset: ogbg-molpcba
use_val_loss: False
use_cpu: False
epochs: 100
scheduler: linear
warmup: 10
batch_size: 256
lr: 0.0002
weight_decay: 0.0001
num_workers: 0
clustering: False
masked_attention: True
gconv_dim: 384
tlayer_dim: 384
gat_attn_dropout: 0.0
gconv_dropout: 0.3
tlayer_attn_dropout: 0.3
tlayer_dropout: 0.3
num_layers: 5
num_heads: 8
skip_connection: short
readout: mean
seeds: 0
device: 0
save_state: False



| Epoch    0 | Train e:  0.0255, T l:  0.2339 | Val e:  0.0297 | Test e:  0.0315 
| Epoch    1 | Train e:  0.0409, T l:  0.0592 | Val e:  0.0447 | Test e:  0.0469 
| Epoch    2 | Train e:  0.0791, T l:  0.0508 | Val e:  0.0826 | Test e:  0.0815 
| Epoch    3 | Train e:  0.1196, T l:  0.0467 | Val e:  0.1146 | Test e:  0.1128 
| Epoch    4 | Train e:  0.1462, T l:  0.0441 | Val e:  0.1313 | Test e:  0.1305 
| Epoch    5 | Train e:  0.1752, T l:  0.0424 | Val e:  0.1514 | Test e:  0.1486 
| Epoch    6 | Train e:  0.1910, T l:  0.0411 | Val e:  0.1580 | Test e:  0.1576 
| Epoch    7 | Train e:  0.2111, T l:  0.0401 | Val e:  0.1699 | Test e:  0.1648 
| Epoch    8 | Train e:  0.2401, T l:  0.0393 | Val e:  0.1945 | Test e:  0.1850 
| Epoch    9 | Train e:  0.2435, T l:  0.0385 | Val e:  0.1955 | Test e:  0.1825 
| Epoch   10 | Train e:  0.2550, T l:  0.0378 | Val e:  0.1937 | Test e:  0.1919 
| Epoch   11 | Train e:  0.2821, T l:  0.0370 | Val e:  0.2032 | Test e:  0.2022 
| Epoch   12 | Train e:  0.3003, T l:  0.0363 | Val e:  0.2079 | Test e:  0.2060 
| Epoch   13 | Train e:  0.3204, T l:  0.0356 | Val e:  0.2161 | Test e:  0.2096 
| Epoch   14 | Train e:  0.3372, T l:  0.0350 | Val e:  0.2242 | Test e:  0.2165 
| Epoch   15 | Train e:  0.3551, T l:  0.0344 | Val e:  0.2326 | Test e:  0.2245 
| Epoch   16 | Train e:  0.3647, T l:  0.0338 | Val e:  0.2345 | Test e:  0.2248 
| Epoch   17 | Train e:  0.3803, T l:  0.0334 | Val e:  0.2297 | Test e:  0.2303 
| Epoch   18 | Train e:  0.3891, T l:  0.0329 | Val e:  0.2325 | Test e:  0.2248 
| Epoch   19 | Train e:  0.4033, T l:  0.0324 | Val e:  0.2368 | Test e:  0.2289 
| Epoch   20 | Train e:  0.4138, T l:  0.0320 | Val e:  0.2406 | Test e:  0.2325 
| Epoch   21 | Train e:  0.4305, T l:  0.0315 | Val e:  0.2443 | Test e:  0.2394 
| Epoch   22 | Train e:  0.4346, T l:  0.0311 | Val e:  0.2453 | Test e:  0.2358 
| Epoch   23 | Train e:  0.4298, T l:  0.0307 | Val e:  0.2405 | Test e:  0.2335 
| Epoch   24 | Train e:  0.4480, T l:  0.0304 | Val e:  0.2426 | Test e:  0.2361 
| Epoch   25 | Train e:  0.4632, T l:  0.0300 | Val e:  0.2446 | Test e:  0.2386 
| Epoch   26 | Train e:  0.4821, T l:  0.0296 | Val e:  0.2484 | Test e:  0.2379 
| Epoch   27 | Train e:  0.4850, T l:  0.0293 | Val e:  0.2460 | Test e:  0.2382 
| Epoch   28 | Train e:  0.4964, T l:  0.0289 | Val e:  0.2483 | Test e:  0.2439 
| Epoch   29 | Train e:  0.5055, T l:  0.0286 | Val e:  0.2528 | Test e:  0.2402 
| Epoch   30 | Train e:  0.5154, T l:  0.0282 | Val e:  0.2522 | Test e:  0.2436 
| Epoch   31 | Train e:  0.5255, T l:  0.0279 | Val e:  0.2488 | Test e:  0.2414 
| Epoch   32 | Train e:  0.5338, T l:  0.0276 | Val e:  0.2544 | Test e:  0.2425 
| Epoch   33 | Train e:  0.5383, T l:  0.0273 | Val e:  0.2519 | Test e:  0.2381 
| Epoch   34 | Train e:  0.5464, T l:  0.0270 | Val e:  0.2532 | Test e:  0.2452 
| Epoch   35 | Train e:  0.5532, T l:  0.0267 | Val e:  0.2542 | Test e:  0.2473 
| Epoch   36 | Train e:  0.5628, T l:  0.0264 | Val e:  0.2521 | Test e:  0.2425 
| Epoch   37 | Train e:  0.5645, T l:  0.0261 | Val e:  0.2535 | Test e:  0.2406 
| Epoch   38 | Train e:  0.5789, T l:  0.0258 | Val e:  0.2526 | Test e:  0.2432 
| Epoch   39 | Train e:  0.5876, T l:  0.0255 | Val e:  0.2513 | Test e:  0.2441 
| Epoch   40 | Train e:  0.5979, T l:  0.0253 | Val e:  0.2492 | Test e:  0.2427 
| Epoch   41 | Train e:  0.6063, T l:  0.0250 | Val e:  0.2533 | Test e:  0.2396 
| Epoch   42 | Train e:  0.6021, T l:  0.0247 | Val e:  0.2473 | Test e:  0.2368 
| Epoch   43 | Train e:  0.6199, T l:  0.0245 | Val e:  0.2539 | Test e:  0.2433 
| Epoch   44 | Train e:  0.6272, T l:  0.0242 | Val e:  0.2516 | Test e:  0.2398 
| Epoch   45 | Train e:  0.6431, T l:  0.0240 | Val e:  0.2511 | Test e:  0.2484 
| Epoch   46 | Train e:  0.6446, T l:  0.0238 | Val e:  0.2514 | Test e:  0.2396 
| Epoch   47 | Train e:  0.6483, T l:  0.0235 | Val e:  0.2501 | Test e:  0.2405 
| Epoch   48 | Train e:  0.6552, T l:  0.0232 | Val e:  0.2505 | Test e:  0.2399 
| Epoch   49 | Train e:  0.6662, T l:  0.0230 | Val e:  0.2481 | Test e:  0.2397 
| Epoch   50 | Train e:  0.6700, T l:  0.0228 | Val e:  0.2481 | Test e:  0.2367 
| Epoch   51 | Train e:  0.6772, T l:  0.0225 | Val e:  0.2457 | Test e:  0.2360 
| Epoch   52 | Train e:  0.6887, T l:  0.0223 | Val e:  0.2526 | Test e:  0.2394 
| Epoch   53 | Train e:  0.6873, T l:  0.0221 | Val e:  0.2464 | Test e:  0.2339 
| Epoch   54 | Train e:  0.6970, T l:  0.0218 | Val e:  0.2455 | Test e:  0.2330 
| Epoch   55 | Train e:  0.7064, T l:  0.0216 | Val e:  0.2462 | Test e:  0.2330 
| Epoch   56 | Train e:  0.7090, T l:  0.0214 | Val e:  0.2434 | Test e:  0.2326 
| Epoch   57 | Train e:  0.7158, T l:  0.0212 | Val e:  0.2447 | Test e:  0.2350 
| Epoch   58 | Train e:  0.7220, T l:  0.0210 | Val e:  0.2439 | Test e:  0.2357 
| Epoch   59 | Train e:  0.7289, T l:  0.0207 | Val e:  0.2429 | Test e:  0.2350 
| Epoch   60 | Train e:  0.7341, T l:  0.0205 | Val e:  0.2424 | Test e:  0.2342 
| Epoch   61 | Train e:  0.7400, T l:  0.0203 | Val e:  0.2424 | Test e:  0.2349 
| Epoch   62 | Train e:  0.7445, T l:  0.0201 | Val e:  0.2424 | Test e:  0.2327 
| Epoch   63 | Train e:  0.7519, T l:  0.0199 | Val e:  0.2371 | Test e:  0.2304 
| Epoch   64 | Train e:  0.7613, T l:  0.0197 | Val e:  0.2408 | Test e:  0.2327 
| Epoch   65 | Train e:  0.7611, T l:  0.0195 | Val e:  0.2384 | Test e:  0.2279 
| Epoch   66 | Train e:  0.7647, T l:  0.0193 | Val e:  0.2462 | Test e:  0.2353 
| Epoch   67 | Train e:  0.7704, T l:  0.0191 | Val e:  0.2414 | Test e:  0.2309 
| Epoch   68 | Train e:  0.7757, T l:  0.0189 | Val e:  0.2396 | Test e:  0.2311 
| Epoch   69 | Train e:  0.7777, T l:  0.0188 | Val e:  0.2403 | Test e:  0.2298 
| Epoch   70 | Train e:  0.7886, T l:  0.0186 | Val e:  0.2386 | Test e:  0.2314 
| Epoch   71 | Train e:  0.7917, T l:  0.0184 | Val e:  0.2383 | Test e:  0.2288 
| Epoch   72 | Train e:  0.7932, T l:  0.0182 | Val e:  0.2378 | Test e:  0.2278 
| Epoch   73 | Train e:  0.7981, T l:  0.0180 | Val e:  0.2400 | Test e:  0.2305 
| Epoch   74 | Train e:  0.8033, T l:  0.0179 | Val e:  0.2378 | Test e:  0.2287 
| Epoch   75 | Train e:  0.8072, T l:  0.0177 | Val e:  0.2352 | Test e:  0.2253 
| Epoch   76 | Train e:  0.8115, T l:  0.0175 | Val e:  0.2366 | Test e:  0.2277 
| Epoch   77 | Train e:  0.8174, T l:  0.0174 | Val e:  0.2373 | Test e:  0.2284 
| Epoch   78 | Train e:  0.8184, T l:  0.0172 | Val e:  0.2361 | Test e:  0.2282 
| Epoch   79 | Train e:  0.8220, T l:  0.0170 | Val e:  0.2349 | Test e:  0.2263 
| Epoch   80 | Train e:  0.8252, T l:  0.0169 | Val e:  0.2383 | Test e:  0.2295 
| Epoch   81 | Train e:  0.8298, T l:  0.0167 | Val e:  0.2338 | Test e:  0.2258 
| Epoch   82 | Train e:  0.8347, T l:  0.0166 | Val e:  0.2358 | Test e:  0.2241 
| Epoch   83 | Train e:  0.8379, T l:  0.0164 | Val e:  0.2372 | Test e:  0.2268 
| Epoch   84 | Train e:  0.8406, T l:  0.0163 | Val e:  0.2341 | Test e:  0.2244 
| Epoch   85 | Train e:  0.8425, T l:  0.0162 | Val e:  0.2339 | Test e:  0.2275 
| Epoch   86 | Train e:  0.8455, T l:  0.0160 | Val e:  0.2352 | Test e:  0.2266 
| Epoch   87 | Train e:  0.8481, T l:  0.0159 | Val e:  0.2345 | Test e:  0.2243 
| Epoch   88 | Train e:  0.8529, T l:  0.0157 | Val e:  0.2350 | Test e:  0.2253 
| Epoch   89 | Train e:  0.8528, T l:  0.0156 | Val e:  0.2359 | Test e:  0.2265 
| Epoch   90 | Train e:  0.8548, T l:  0.0155 | Val e:  0.2357 | Test e:  0.2256 
| Epoch   91 | Train e:  0.8558, T l:  0.0153 | Val e:  0.2333 | Test e:  0.2245 
| Epoch   92 | Train e:  0.8601, T l:  0.0153 | Val e:  0.2350 | Test e:  0.2257 
| Epoch   93 | Train e:  0.8607, T l:  0.0151 | Val e:  0.2337 | Test e:  0.2259 
| Epoch   94 | Train e:  0.8628, T l:  0.0150 | Val e:  0.2346 | Test e:  0.2264 
| Epoch   95 | Train e:  0.8642, T l:  0.0150 | Val e:  0.2341 | Test e:  0.2258 
| Epoch   96 | Train e:  0.8645, T l:  0.0149 | Val e:  0.2347 | Test e:  0.2251 
| Epoch   97 | Train e:  0.8661, T l:  0.0148 | Val e:  0.2341 | Test e:  0.2250 
| Epoch   98 | Train e:  0.8664, T l:  0.0147 | Val e:  0.2341 | Test e:  0.2256 
| Epoch   99 | Train e:  0.8669, T l:  0.0146 | Val e:  0.2347 | Test e:  0.2255 
