

===============================================
2022-12-19 11:34:35

main_gnnt.py --warmup 10 --scheduler linear --device 0

None

dataset: NCI1
use_node_attr: False
pre_transform: None
transform: None
clean_cache: False
use_public_splits: True
use_val: True
use_val_loss: True
same_best_epoch: False
early_stop: False
epochs: 100
scheduler: linear
warmup: 10
batch_size: 128
lr: 0.0001
weight_decay: 0.0001
clustering: True
tlayer_dropout: 0.1
seeds: 12344
save_state: False



| Epoch    0 | Train e:  49.60, T l:  0.7195 | Val e:  52.07 | Test e:  50.12 
| Epoch    1 | Train e:  54.08, T l:  0.6569 | Val e:  53.53 | Test e:  53.28 
| Epoch    2 | Train e:  64.29, T l:  0.6017 | Val e:  61.31 | Test e:  62.29 
| Epoch    3 | Train e:  73.75, T l:  0.5589 | Val e:  68.13 | Test e:  73.48 
| Epoch    4 | Train e:  77.89, T l:  0.5297 | Val e:  73.24 | Test e:  73.48 
| Epoch    5 | Train e:  77.49, T l:  0.4968 | Val e:  74.45 | Test e:  75.18 
| Epoch    6 | Train e:  79.71, T l:  0.4796 | Val e:  77.37 | Test e:  76.40 
| Epoch    7 | Train e:  75.49, T l:  0.4540 | Val e:  70.56 | Test e:  72.26 
| Epoch    8 | Train e:  77.92, T l:  0.4335 | Val e:  75.67 | Test e:  74.45 
| Epoch    9 | Train e:  78.25, T l:  0.4196 | Val e:  73.97 | Test e:  74.45 
| Epoch   10 | Train e:  80.84, T l:  0.4357 | Val e:  76.40 | Test e:  73.48 
| Epoch   11 | Train e:  79.05, T l:  0.4057 | Val e:  74.94 | Test e:  77.62 
| Epoch   12 | Train e:  83.73, T l:  0.3926 | Val e:  81.51 | Test e:  79.08 
| Epoch   13 | Train e:  85.80, T l:  0.3692 | Val e:  80.54 | Test e:  80.54 
| Epoch   14 | Train e:  80.84, T l:  0.3645 | Val e:  76.16 | Test e:  80.05 
| Epoch   15 | Train e:  83.67, T l:  0.3494 | Val e:  80.78 | Test e:  75.91 
| Epoch   16 | Train e:  86.04, T l:  0.3291 | Val e:  78.83 | Test e:  77.86 
| Epoch   17 | Train e:  85.31, T l:  0.3352 | Val e:  77.37 | Test e:  79.32 
| Epoch   18 | Train e:  84.52, T l:  0.3231 | Val e:  79.56 | Test e:  77.37 
| Epoch   19 | Train e:  88.84, T l:  0.3026 | Val e:  82.73 | Test e:  79.56 
| Epoch   20 | Train e:  89.87, T l:  0.2967 | Val e:  82.73 | Test e:  78.83 
| Epoch   21 | Train e:  87.41, T l:  0.2836 | Val e:  80.29 | Test e:  77.86 
| Epoch   22 | Train e:  87.93, T l:  0.2753 | Val e:  78.35 | Test e:  79.08 
| Epoch   23 | Train e:  87.53, T l:  0.2860 | Val e:  80.78 | Test e:  76.89 
| Epoch   24 | Train e:  88.99, T l:  0.2891 | Val e:  78.35 | Test e:  79.08 
| Epoch   25 | Train e:  89.32, T l:  0.2686 | Val e:  81.51 | Test e:  77.37 
| Epoch   26 | Train e:  90.66, T l:  0.2426 | Val e:  82.97 | Test e:  76.89 
| Epoch   27 | Train e:  89.87, T l:  0.2354 | Val e:  79.32 | Test e:  79.32 
| Epoch   28 | Train e:  91.82, T l:  0.2384 | Val e:  82.00 | Test e:  78.10 
| Epoch   29 | Train e:  91.73, T l:  0.2292 | Val e:  82.48 | Test e:  79.81 
| Epoch   30 | Train e:  89.08, T l:  0.2132 | Val e:  79.08 | Test e:  74.70 
| Epoch   31 | Train e:  91.82, T l:  0.2000 | Val e:  81.02 | Test e:  78.35 
| Epoch   32 | Train e:  91.82, T l:  0.2148 | Val e:  81.02 | Test e:  80.54 
| Epoch   33 | Train e:  88.35, T l:  0.2003 | Val e:  79.32 | Test e:  80.29 
| Epoch   34 | Train e:  92.27, T l:  0.2126 | Val e:  81.51 | Test e:  80.29 
| Epoch   35 | Train e:  93.07, T l:  0.1922 | Val e:  82.97 | Test e:  78.83 
| Epoch   36 | Train e:  92.15, T l:  0.1758 | Val e:  82.00 | Test e:  78.35 
| Epoch   37 | Train e:  93.13, T l:  0.1690 | Val e:  81.02 | Test e:  81.75 
| Epoch   38 | Train e:  89.99, T l:  0.1782 | Val e:  75.67 | Test e:  74.45 
| Epoch   39 | Train e:  91.97, T l:  0.1941 | Val e:  81.02 | Test e:  76.16 
| Epoch   40 | Train e:  92.24, T l:  0.1803 | Val e:  81.51 | Test e:  80.29 
| Epoch   41 | Train e:  94.46, T l:  0.1543 | Val e:  80.29 | Test e:  81.02 
| Epoch   42 | Train e:  95.01, T l:  0.1503 | Val e:  81.27 | Test e:  79.32 
| Epoch   43 | Train e:  95.38, T l:  0.1528 | Val e:  82.73 | Test e:  78.35 
| Epoch   44 | Train e:  94.92, T l:  0.1437 | Val e:  79.81 | Test e:  80.05 
| Epoch   45 | Train e:  95.92, T l:  0.1378 | Val e:  81.75 | Test e:  78.35 
| Epoch   46 | Train e:  93.86, T l:  0.1326 | Val e:  79.08 | Test e:  81.02 
| Epoch   47 | Train e:  95.83, T l:  0.1213 | Val e:  83.45 | Test e:  79.08 
| Epoch   48 | Train e:  95.65, T l:  0.1266 | Val e:  81.02 | Test e:  80.05 
| Epoch   49 | Train e:  95.80, T l:  0.1252 | Val e:  81.75 | Test e:  80.29 
| Epoch   50 | Train e:  95.62, T l:  0.1305 | Val e:  79.32 | Test e:  79.56 
| Epoch   51 | Train e:  97.14, T l:  0.1019 | Val e:  83.21 | Test e:  81.51 
| Epoch   52 | Train e:  96.78, T l:  0.1075 | Val e:  81.02 | Test e:  80.78 
| Epoch   53 | Train e:  95.77, T l:  0.1082 | Val e:  81.02 | Test e:  78.83 
| Epoch   54 | Train e:  97.41, T l:  0.1072 | Val e:  80.05 | Test e:  79.32 
| Epoch   55 | Train e:  97.14, T l:  0.0889 | Val e:  80.05 | Test e:  79.56 
| Epoch   56 | Train e:  98.21, T l:  0.0950 | Val e:  82.97 | Test e:  80.78 
| Epoch   57 | Train e:  96.99, T l:  0.0904 | Val e:  80.78 | Test e:  80.54 
| Epoch   58 | Train e:  97.02, T l:  0.0932 | Val e:  82.24 | Test e:  78.83 
| Epoch   59 | Train e:  97.17, T l:  0.0866 | Val e:  78.83 | Test e:  81.27 
| Epoch   60 | Train e:  98.08, T l:  0.0868 | Val e:  80.29 | Test e:  80.05 
| Epoch   61 | Train e:  98.51, T l:  0.0782 | Val e:  83.45 | Test e:  79.81 
| Epoch   62 | Train e:  98.78, T l:  0.0861 | Val e:  81.02 | Test e:  80.05 
| Epoch   63 | Train e:  98.39, T l:  0.0782 | Val e:  82.97 | Test e:  80.54 
| Epoch   64 | Train e:  98.51, T l:  0.0759 | Val e:  82.24 | Test e:  79.32 
| Epoch   65 | Train e:  98.33, T l:  0.0777 | Val e:  82.00 | Test e:  79.08 
| Epoch   66 | Train e:  98.39, T l:  0.0794 | Val e:  81.27 | Test e:  81.27 
| Epoch   67 | Train e:  98.94, T l:  0.0620 | Val e:  80.78 | Test e:  80.29 
| Epoch   68 | Train e:  99.33, T l:  0.0621 | Val e:  81.75 | Test e:  79.32 
| Epoch   69 | Train e:  98.78, T l:  0.0532 | Val e:  82.00 | Test e:  82.00 
| Epoch   70 | Train e:  98.97, T l:  0.0591 | Val e:  82.24 | Test e:  80.78 
| Epoch   71 | Train e:  99.15, T l:  0.0587 | Val e:  82.73 | Test e:  81.75 
| Epoch   72 | Train e:  98.94, T l:  0.0656 | Val e:  81.75 | Test e:  81.02 
| Epoch   73 | Train e:  98.87, T l:  0.0557 | Val e:  81.75 | Test e:  82.24 
| Epoch   74 | Train e:  99.15, T l:  0.0510 | Val e:  80.54 | Test e:  80.05 
| Epoch   75 | Train e:  99.45, T l:  0.0509 | Val e:  82.24 | Test e:  81.27 
| Epoch   76 | Train e:  99.48, T l:  0.0451 | Val e:  80.78 | Test e:  80.78 
| Epoch   77 | Train e:  99.51, T l:  0.0453 | Val e:  81.02 | Test e:  78.83 
| Epoch   78 | Train e:  99.27, T l:  0.0421 | Val e:  81.27 | Test e:  81.51 
| Epoch   79 | Train e:  99.39, T l:  0.0388 | Val e:  82.48 | Test e:  79.81 
| Epoch   80 | Train e:  99.54, T l:  0.0405 | Val e:  82.00 | Test e:  81.75 
| Epoch   81 | Train e:  99.57, T l:  0.0376 | Val e:  82.24 | Test e:  81.02 
| Epoch   82 | Train e:  99.57, T l:  0.0404 | Val e:  81.75 | Test e:  81.02 
| Epoch   83 | Train e:  99.36, T l:  0.0443 | Val e:  81.02 | Test e:  80.05 
| Epoch   84 | Train e:  99.70, T l:  0.0339 | Val e:  80.78 | Test e:  80.29 
| Epoch   85 | Train e:  99.67, T l:  0.0355 | Val e:  81.27 | Test e:  80.05 
| Epoch   86 | Train e:  99.64, T l:  0.0386 | Val e:  82.00 | Test e:  79.56 
| Epoch   87 | Train e:  99.48, T l:  0.0360 | Val e:  81.75 | Test e:  81.02 
| Epoch   88 | Train e:  99.57, T l:  0.0327 | Val e:  81.51 | Test e:  80.78 
| Epoch   89 | Train e:  99.70, T l:  0.0335 | Val e:  81.75 | Test e:  80.29 
| Epoch   90 | Train e:  99.70, T l:  0.0302 | Val e:  81.51 | Test e:  79.32 
| Epoch   91 | Train e:  99.64, T l:  0.0297 | Val e:  81.02 | Test e:  79.32 
| Epoch   92 | Train e:  99.60, T l:  0.0367 | Val e:  81.02 | Test e:  79.81 
| Epoch   93 | Train e:  99.76, T l:  0.0390 | Val e:  81.75 | Test e:  79.56 
| Epoch   94 | Train e:  99.73, T l:  0.0306 | Val e:  81.75 | Test e:  80.54 
| Epoch   95 | Train e:  99.70, T l:  0.0252 | Val e:  81.75 | Test e:  80.29 
| Epoch   96 | Train e:  99.70, T l:  0.0226 | Val e:  82.00 | Test e:  80.54 
| Epoch   97 | Train e:  99.82, T l:  0.0254 | Val e:  81.27 | Test e:  80.29 
| Epoch   98 | Train e:  99.73, T l:  0.0278 | Val e:  81.27 | Test e:  80.54 
| Epoch   99 | Train e:  99.76, T l:  0.0294 | Val e:  81.51 | Test e:  80.54 
