

===============================================
2022-12-19 11:47:13

main_g.py --warmup 10 --scheduler linear --device 1

None

dataset: NCI1
use_node_attr: False
pre_transform: None
transform: None
clean_cache: False
use_public_splits: True
use_val: True
use_val_loss: True
same_best_epoch: False
early_stop: False
epochs: 100
scheduler: linear
warmup: 10
batch_size: 128
lr: 0.0001
weight_decay: 0.0001
clustering: True
tlayer_dropout: 0.1
seeds: 12344
save_state: False



| Epoch    0 | Train e:  49.57, T l:  0.7348 | Val e:  49.88 | Test e:  52.31 
| Epoch    1 | Train e:  49.51, T l:  0.7091 | Val e:  49.88 | Test e:  52.31 
| Epoch    2 | Train e:  58.06, T l:  0.6760 | Val e:  59.85 | Test e:  63.02 
| Epoch    3 | Train e:  67.91, T l:  0.6462 | Val e:  68.61 | Test e:  67.40 
| Epoch    4 | Train e:  71.17, T l:  0.6214 | Val e:  70.32 | Test e:  70.32 
| Epoch    5 | Train e:  72.05, T l:  0.5943 | Val e:  70.07 | Test e:  73.24 
| Epoch    6 | Train e:  73.75, T l:  0.5725 | Val e:  68.61 | Test e:  71.78 
| Epoch    7 | Train e:  67.82, T l:  0.5522 | Val e:  62.04 | Test e:  69.10 
| Epoch    8 | Train e:  74.60, T l:  0.5315 | Val e:  74.70 | Test e:  72.75 
| Epoch    9 | Train e:  71.72, T l:  0.5172 | Val e:  69.59 | Test e:  69.10 
| Epoch   10 | Train e:  77.89, T l:  0.5004 | Val e:  72.26 | Test e:  76.16 
| Epoch   11 | Train e:  71.68, T l:  0.4777 | Val e:  70.32 | Test e:  69.10 
| Epoch   12 | Train e:  77.46, T l:  0.4702 | Val e:  73.48 | Test e:  76.40 
| Epoch   13 | Train e:  81.11, T l:  0.4546 | Val e:  74.94 | Test e:  74.94 
| Epoch   14 | Train e:  76.19, T l:  0.4415 | Val e:  70.07 | Test e:  74.21 
| Epoch   15 | Train e:  80.87, T l:  0.4353 | Val e:  72.75 | Test e:  78.59 
| Epoch   16 | Train e:  78.07, T l:  0.4324 | Val e:  72.02 | Test e:  76.89 
| Epoch   17 | Train e:  83.79, T l:  0.4137 | Val e:  73.72 | Test e:  78.35 
| Epoch   18 | Train e:  85.04, T l:  0.4017 | Val e:  75.67 | Test e:  76.40 
| Epoch   19 | Train e:  81.81, T l:  0.3957 | Val e:  75.18 | Test e:  75.18 
| Epoch   20 | Train e:  64.54, T l:  0.3798 | Val e:  59.12 | Test e:  63.75 
| Epoch   21 | Train e:  83.27, T l:  0.3784 | Val e:  75.43 | Test e:  74.45 
| Epoch   22 | Train e:  83.88, T l:  0.3684 | Val e:  78.83 | Test e:  78.10 
| Epoch   23 | Train e:  84.64, T l:  0.3650 | Val e:  75.91 | Test e:  77.13 
| Epoch   24 | Train e:  85.86, T l:  0.3540 | Val e:  75.43 | Test e:  79.32 
| Epoch   25 | Train e:  84.03, T l:  0.3383 | Val e:  72.02 | Test e:  76.40 
| Epoch   26 | Train e:  85.71, T l:  0.3352 | Val e:  76.16 | Test e:  79.81 
| Epoch   27 | Train e:  77.40, T l:  0.3349 | Val e:  68.13 | Test e:  70.56 
| Epoch   28 | Train e:  85.64, T l:  0.3496 | Val e:  75.18 | Test e:  78.10 
| Epoch   29 | Train e:  87.29, T l:  0.3351 | Val e:  76.64 | Test e:  80.29 
| Epoch   30 | Train e:  85.34, T l:  0.3212 | Val e:  75.91 | Test e:  77.86 
| Epoch   31 | Train e:  84.43, T l:  0.3142 | Val e:  75.18 | Test e:  76.40 
| Epoch   32 | Train e:  88.32, T l:  0.3112 | Val e:  75.43 | Test e:  79.56 
| Epoch   33 | Train e:  84.52, T l:  0.3028 | Val e:  74.45 | Test e:  76.64 
| Epoch   34 | Train e:  85.61, T l:  0.2977 | Val e:  75.43 | Test e:  78.35 
| Epoch   35 | Train e:  90.60, T l:  0.2996 | Val e:  78.35 | Test e:  80.78 
| Epoch   36 | Train e:  87.17, T l:  0.2956 | Val e:  75.67 | Test e:  78.10 
| Epoch   37 | Train e:  89.69, T l:  0.2809 | Val e:  77.37 | Test e:  80.54 
| Epoch   38 | Train e:  87.99, T l:  0.2787 | Val e:  79.08 | Test e:  80.54 
| Epoch   39 | Train e:  86.59, T l:  0.2810 | Val e:  75.43 | Test e:  81.51 
| Epoch   40 | Train e:  90.66, T l:  0.2739 | Val e:  78.10 | Test e:  80.05 
| Epoch   41 | Train e:  90.45, T l:  0.2668 | Val e:  76.40 | Test e:  80.78 
| Epoch   42 | Train e:  90.09, T l:  0.2654 | Val e:  77.86 | Test e:  78.59 
| Epoch   43 | Train e:  90.94, T l:  0.2671 | Val e:  78.10 | Test e:  79.56 
| Epoch   44 | Train e:  88.69, T l:  0.2593 | Val e:  74.70 | Test e:  77.13 
| Epoch   45 | Train e:  91.30, T l:  0.2567 | Val e:  78.83 | Test e:  81.02 
| Epoch   46 | Train e:  92.91, T l:  0.2430 | Val e:  79.08 | Test e:  81.27 
| Epoch   47 | Train e:  91.55, T l:  0.2416 | Val e:  79.32 | Test e:  81.51 
| Epoch   48 | Train e:  91.94, T l:  0.2411 | Val e:  80.29 | Test e:  81.51 
| Epoch   49 | Train e:  91.76, T l:  0.2445 | Val e:  75.67 | Test e:  81.51 
| Epoch   50 | Train e:  91.67, T l:  0.2430 | Val e:  78.83 | Test e:  81.51 
| Epoch   51 | Train e:  92.76, T l:  0.2340 | Val e:  77.37 | Test e:  79.81 
| Epoch   52 | Train e:  92.70, T l:  0.2284 | Val e:  80.78 | Test e:  80.05 
| Epoch   53 | Train e:  92.76, T l:  0.2271 | Val e:  77.86 | Test e:  82.24 
| Epoch   54 | Train e:  92.24, T l:  0.2297 | Val e:  80.29 | Test e:  79.56 
| Epoch   55 | Train e:  93.77, T l:  0.2175 | Val e:  78.35 | Test e:  80.54 
| Epoch   56 | Train e:  92.85, T l:  0.2214 | Val e:  78.59 | Test e:  81.75 
| Epoch   57 | Train e:  93.40, T l:  0.2173 | Val e:  78.59 | Test e:  81.02 
| Epoch   58 | Train e:  92.97, T l:  0.2173 | Val e:  80.05 | Test e:  81.51 
| Epoch   59 | Train e:  93.86, T l:  0.2065 | Val e:  79.32 | Test e:  79.56 
| Epoch   60 | Train e:  93.13, T l:  0.2043 | Val e:  79.32 | Test e:  81.51 
| Epoch   61 | Train e:  93.58, T l:  0.2022 | Val e:  77.62 | Test e:  80.05 
| Epoch   62 | Train e:  94.37, T l:  0.1982 | Val e:  79.32 | Test e:  80.05 
| Epoch   63 | Train e:  93.92, T l:  0.1977 | Val e:  80.05 | Test e:  81.02 
| Epoch   64 | Train e:  93.95, T l:  0.1990 | Val e:  77.86 | Test e:  80.29 
| Epoch   65 | Train e:  93.98, T l:  0.1939 | Val e:  80.29 | Test e:  81.51 
| Epoch   66 | Train e:  94.04, T l:  0.1955 | Val e:  76.40 | Test e:  80.05 
| Epoch   67 | Train e:  95.07, T l:  0.1865 | Val e:  79.81 | Test e:  81.02 
| Epoch   68 | Train e:  94.95, T l:  0.1816 | Val e:  79.56 | Test e:  81.02 
| Epoch   69 | Train e:  94.31, T l:  0.1857 | Val e:  75.91 | Test e:  81.02 
| Epoch   70 | Train e:  95.01, T l:  0.1832 | Val e:  79.32 | Test e:  83.45 
| Epoch   71 | Train e:  95.04, T l:  0.1772 | Val e:  78.35 | Test e:  81.02 
| Epoch   72 | Train e:  94.56, T l:  0.1670 | Val e:  78.59 | Test e:  81.75 
| Epoch   73 | Train e:  95.56, T l:  0.1721 | Val e:  80.05 | Test e:  81.02 
| Epoch   74 | Train e:  95.32, T l:  0.1728 | Val e:  78.83 | Test e:  81.27 
| Epoch   75 | Train e:  94.98, T l:  0.1681 | Val e:  78.10 | Test e:  81.02 
| Epoch   76 | Train e:  95.74, T l:  0.1685 | Val e:  78.59 | Test e:  80.78 
| Epoch   77 | Train e:  95.47, T l:  0.1646 | Val e:  77.37 | Test e:  82.00 
| Epoch   78 | Train e:  96.11, T l:  0.1644 | Val e:  77.37 | Test e:  81.02 
| Epoch   79 | Train e:  95.80, T l:  0.1589 | Val e:  79.08 | Test e:  82.48 
| Epoch   80 | Train e:  96.20, T l:  0.1652 | Val e:  77.62 | Test e:  82.24 
| Epoch   81 | Train e:  95.59, T l:  0.1606 | Val e:  78.35 | Test e:  81.51 
| Epoch   82 | Train e:  95.99, T l:  0.1573 | Val e:  78.35 | Test e:  80.29 
| Epoch   83 | Train e:  95.77, T l:  0.1590 | Val e:  78.35 | Test e:  81.02 
| Epoch   84 | Train e:  96.32, T l:  0.1615 | Val e:  78.35 | Test e:  80.78 
| Epoch   85 | Train e:  96.44, T l:  0.1510 | Val e:  78.83 | Test e:  81.51 
| Epoch   86 | Train e:  96.23, T l:  0.1501 | Val e:  79.08 | Test e:  80.05 
| Epoch   87 | Train e:  96.50, T l:  0.1532 | Val e:  78.59 | Test e:  81.27 
| Epoch   88 | Train e:  96.53, T l:  0.1513 | Val e:  79.56 | Test e:  82.00 
| Epoch   89 | Train e:  96.62, T l:  0.1430 | Val e:  78.83 | Test e:  81.27 
| Epoch   90 | Train e:  96.47, T l:  0.1489 | Val e:  78.83 | Test e:  80.78 
| Epoch   91 | Train e:  96.65, T l:  0.1462 | Val e:  79.81 | Test e:  82.97 
| Epoch   92 | Train e:  96.44, T l:  0.1554 | Val e:  77.86 | Test e:  80.78 
| Epoch   93 | Train e:  96.72, T l:  0.1469 | Val e:  78.83 | Test e:  82.00 
| Epoch   94 | Train e:  96.75, T l:  0.1429 | Val e:  79.32 | Test e:  81.27 
| Epoch   95 | Train e:  96.78, T l:  0.1420 | Val e:  78.10 | Test e:  80.78 
| Epoch   96 | Train e:  96.78, T l:  0.1388 | Val e:  78.59 | Test e:  81.51 
| Epoch   97 | Train e:  96.87, T l:  0.1478 | Val e:  78.35 | Test e:  81.75 
| Epoch   98 | Train e:  96.72, T l:  0.1410 | Val e:  78.59 | Test e:  81.51 
| Epoch   99 | Train e:  96.72, T l:  0.1379 | Val e:  78.83 | Test e:  81.02 
