

===============================================
2022-12-24 17:30:43

main_parallel.py --warmup 10 --scheduler linear --device 0

None

dataset: NCI1
use_node_attr: False
pre_transform: None
transform: None
clean_cache: False
use_public_splits: True
use_val: True
use_val_loss: True
same_best_epoch: False
early_stop: False
epochs: 100
scheduler: linear
warmup: 10
batch_size: 128
lr: 0.0001
weight_decay: 0.0001
clustering: True
tlayer_dropout: 0.1
seeds: 12344
save_state: False



| Epoch    0 | Train e:  56.42, T l:  0.7072 | Val e:  54.01 | Test e:  54.74 
| Epoch    1 | Train e:  62.29, T l:  0.6451 | Val e:  60.83 | Test e:  57.66 
| Epoch    2 | Train e:  70.38, T l:  0.5929 | Val e:  71.29 | Test e:  66.18 
| Epoch    3 | Train e:  72.78, T l:  0.5656 | Val e:  73.72 | Test e:  68.61 
| Epoch    4 | Train e:  74.12, T l:  0.5451 | Val e:  74.70 | Test e:  72.75 
| Epoch    5 | Train e:  69.65, T l:  0.5274 | Val e:  65.69 | Test e:  60.58 
| Epoch    6 | Train e:  73.87, T l:  0.5207 | Val e:  76.64 | Test e:  75.18 
| Epoch    7 | Train e:  72.05, T l:  0.5174 | Val e:  69.83 | Test e:  63.99 
| Epoch    8 | Train e:  77.68, T l:  0.5002 | Val e:  78.59 | Test e:  72.26 
| Epoch    9 | Train e:  76.61, T l:  0.4885 | Val e:  76.89 | Test e:  73.48 
| Epoch   10 | Train e:  76.95, T l:  0.4732 | Val e:  74.94 | Test e:  68.37 
| Epoch   11 | Train e:  80.02, T l:  0.4711 | Val e:  80.54 | Test e:  75.43 
| Epoch   12 | Train e:  71.41, T l:  0.4638 | Val e:  69.10 | Test e:  63.99 
| Epoch   13 | Train e:  79.38, T l:  0.4462 | Val e:  79.32 | Test e:  75.18 
| Epoch   14 | Train e:  80.14, T l:  0.4402 | Val e:  81.75 | Test e:  75.18 
| Epoch   15 | Train e:  77.46, T l:  0.4289 | Val e:  77.37 | Test e:  74.94 
| Epoch   16 | Train e:  82.12, T l:  0.4216 | Val e:  82.48 | Test e:  74.94 
| Epoch   17 | Train e:  80.75, T l:  0.4150 | Val e:  76.64 | Test e:  72.26 
| Epoch   18 | Train e:  75.03, T l:  0.4052 | Val e:  70.80 | Test e:  64.23 
| Epoch   19 | Train e:  81.42, T l:  0.4059 | Val e:  81.02 | Test e:  75.18 
| Epoch   20 | Train e:  82.12, T l:  0.4070 | Val e:  82.73 | Test e:  77.37 
| Epoch   21 | Train e:  77.83, T l:  0.3837 | Val e:  74.45 | Test e:  68.37 
| Epoch   22 | Train e:  81.57, T l:  0.3771 | Val e:  80.78 | Test e:  77.86 
| Epoch   23 | Train e:  81.75, T l:  0.3658 | Val e:  78.59 | Test e:  71.29 
| Epoch   24 | Train e:  76.67, T l:  0.3693 | Val e:  76.40 | Test e:  75.18 
| Epoch   25 | Train e:  80.32, T l:  0.3574 | Val e:  75.67 | Test e:  67.88 
| Epoch   26 | Train e:  84.58, T l:  0.3565 | Val e:  83.94 | Test e:  77.37 
| Epoch   27 | Train e:  84.76, T l:  0.3536 | Val e:  83.21 | Test e:  77.86 
| Epoch   28 | Train e:  82.63, T l:  0.3378 | Val e:  82.48 | Test e:  77.62 
| Epoch   29 | Train e:  86.80, T l:  0.3353 | Val e:  84.67 | Test e:  78.10 
| Epoch   30 | Train e:  85.43, T l:  0.3294 | Val e:  81.27 | Test e:  73.48 
| Epoch   31 | Train e:  82.12, T l:  0.3344 | Val e:  82.00 | Test e:  77.13 
| Epoch   32 | Train e:  86.19, T l:  0.3306 | Val e:  81.75 | Test e:  79.81 
| Epoch   33 | Train e:  87.71, T l:  0.3167 | Val e:  82.97 | Test e:  77.13 
| Epoch   34 | Train e:  83.09, T l:  0.3111 | Val e:  80.54 | Test e:  79.81 
| Epoch   35 | Train e:  81.96, T l:  0.3027 | Val e:  74.45 | Test e:  66.67 
| Epoch   36 | Train e:  87.29, T l:  0.3045 | Val e:  82.00 | Test e:  75.91 
| Epoch   37 | Train e:  87.47, T l:  0.2996 | Val e:  82.24 | Test e:  77.37 
| Epoch   38 | Train e:  87.71, T l:  0.2878 | Val e:  84.18 | Test e:  79.08 
| Epoch   39 | Train e:  87.80, T l:  0.2894 | Val e:  82.73 | Test e:  77.86 
| Epoch   40 | Train e:  88.11, T l:  0.2851 | Val e:  81.51 | Test e:  74.45 
| Epoch   41 | Train e:  88.99, T l:  0.2652 | Val e:  83.45 | Test e:  77.86 
| Epoch   42 | Train e:  89.36, T l:  0.2675 | Val e:  84.43 | Test e:  76.16 
| Epoch   43 | Train e:  90.33, T l:  0.2657 | Val e:  84.67 | Test e:  80.05 
| Epoch   44 | Train e:  89.93, T l:  0.2702 | Val e:  81.02 | Test e:  78.83 
| Epoch   45 | Train e:  89.60, T l:  0.2598 | Val e:  86.62 | Test e:  79.81 
| Epoch   46 | Train e:  89.96, T l:  0.2681 | Val e:  84.91 | Test e:  81.75 
| Epoch   47 | Train e:  89.17, T l:  0.2450 | Val e:  81.51 | Test e:  75.91 
| Epoch   48 | Train e:  90.27, T l:  0.2407 | Val e:  83.70 | Test e:  77.37 
| Epoch   49 | Train e:  91.27, T l:  0.2436 | Val e:  85.16 | Test e:  80.78 
| Epoch   50 | Train e:  89.23, T l:  0.2283 | Val e:  85.40 | Test e:  82.73 
| Epoch   51 | Train e:  90.97, T l:  0.2312 | Val e:  83.45 | Test e:  78.35 
| Epoch   52 | Train e:  91.94, T l:  0.2178 | Val e:  85.64 | Test e:  82.24 
| Epoch   53 | Train e:  87.80, T l:  0.2235 | Val e:  77.62 | Test e:  72.26 
| Epoch   54 | Train e:  89.45, T l:  0.2189 | Val e:  82.00 | Test e:  76.40 
| Epoch   55 | Train e:  91.91, T l:  0.2156 | Val e:  83.21 | Test e:  81.27 
| Epoch   56 | Train e:  91.18, T l:  0.2238 | Val e:  85.16 | Test e:  79.81 
| Epoch   57 | Train e:  92.12, T l:  0.2068 | Val e:  85.40 | Test e:  81.51 
| Epoch   58 | Train e:  90.72, T l:  0.2084 | Val e:  86.13 | Test e:  80.29 
| Epoch   59 | Train e:  93.10, T l:  0.1945 | Val e:  83.45 | Test e:  79.32 
| Epoch   60 | Train e:  88.41, T l:  0.2014 | Val e:  83.70 | Test e:  79.81 
| Epoch   61 | Train e:  92.76, T l:  0.1951 | Val e:  82.48 | Test e:  80.05 
| Epoch   62 | Train e:  93.64, T l:  0.1916 | Val e:  86.37 | Test e:  81.51 
| Epoch   63 | Train e:  94.28, T l:  0.1853 | Val e:  84.67 | Test e:  80.05 
| Epoch   64 | Train e:  93.40, T l:  0.1851 | Val e:  86.37 | Test e:  82.00 
| Epoch   65 | Train e:  93.28, T l:  0.1931 | Val e:  85.89 | Test e:  83.45 
| Epoch   66 | Train e:  93.04, T l:  0.1832 | Val e:  82.73 | Test e:  79.08 
| Epoch   67 | Train e:  93.83, T l:  0.1810 | Val e:  84.18 | Test e:  79.81 
| Epoch   68 | Train e:  93.86, T l:  0.1796 | Val e:  82.24 | Test e:  77.37 
| Epoch   69 | Train e:  94.74, T l:  0.1759 | Val e:  85.64 | Test e:  81.75 
| Epoch   70 | Train e:  91.79, T l:  0.1701 | Val e:  85.16 | Test e:  78.59 
| Epoch   71 | Train e:  93.28, T l:  0.1723 | Val e:  85.89 | Test e:  82.48 
| Epoch   72 | Train e:  94.98, T l:  0.1674 | Val e:  84.67 | Test e:  81.02 
| Epoch   73 | Train e:  95.29, T l:  0.1612 | Val e:  83.94 | Test e:  82.00 
| Epoch   74 | Train e:  93.83, T l:  0.1572 | Val e:  80.78 | Test e:  79.08 
| Epoch   75 | Train e:  94.04, T l:  0.1639 | Val e:  86.86 | Test e:  82.73 
| Epoch   76 | Train e:  94.50, T l:  0.1550 | Val e:  86.37 | Test e:  82.24 
| Epoch   77 | Train e:  94.83, T l:  0.1598 | Val e:  84.18 | Test e:  80.54 
| Epoch   78 | Train e:  95.53, T l:  0.1631 | Val e:  84.91 | Test e:  82.48 
| Epoch   79 | Train e:  95.13, T l:  0.1643 | Val e:  86.37 | Test e:  82.97 
| Epoch   80 | Train e:  95.74, T l:  0.1519 | Val e:  83.94 | Test e:  81.27 
| Epoch   81 | Train e:  94.95, T l:  0.1467 | Val e:  83.45 | Test e:  80.29 
| Epoch   82 | Train e:  95.50, T l:  0.1470 | Val e:  84.18 | Test e:  82.24 
| Epoch   83 | Train e:  95.44, T l:  0.1427 | Val e:  84.18 | Test e:  81.27 
| Epoch   84 | Train e:  95.59, T l:  0.1441 | Val e:  83.94 | Test e:  81.02 
| Epoch   85 | Train e:  95.44, T l:  0.1409 | Val e:  82.97 | Test e:  80.54 
| Epoch   86 | Train e:  95.07, T l:  0.1407 | Val e:  82.48 | Test e:  80.54 
| Epoch   87 | Train e:  95.59, T l:  0.1453 | Val e:  87.10 | Test e:  82.24 
| Epoch   88 | Train e:  96.20, T l:  0.1450 | Val e:  85.64 | Test e:  80.54 
| Epoch   89 | Train e:  96.26, T l:  0.1376 | Val e:  84.67 | Test e:  81.02 
| Epoch   90 | Train e:  96.02, T l:  0.1310 | Val e:  85.64 | Test e:  81.51 
| Epoch   91 | Train e:  95.77, T l:  0.1372 | Val e:  85.89 | Test e:  82.97 
| Epoch   92 | Train e:  95.99, T l:  0.1349 | Val e:  84.91 | Test e:  81.75 
| Epoch   93 | Train e:  95.95, T l:  0.1378 | Val e:  87.10 | Test e:  82.48 
| Epoch   94 | Train e:  95.99, T l:  0.1283 | Val e:  86.62 | Test e:  82.00 
| Epoch   95 | Train e:  96.72, T l:  0.1284 | Val e:  86.37 | Test e:  82.73 
| Epoch   96 | Train e:  96.32, T l:  0.1292 | Val e:  86.13 | Test e:  82.00 
| Epoch   97 | Train e:  96.75, T l:  0.1289 | Val e:  85.40 | Test e:  82.48 
| Epoch   98 | Train e:  95.47, T l:  0.1296 | Val e:  86.86 | Test e:  82.24 
| Epoch   99 | Train e:  95.99, T l:  0.1275 | Val e:  86.62 | Test e:  83.21 
