

===============================================
2022-12-19 12:22:05

main_t.py --warmup 10 --scheduler linear --device 1

None

dataset: NCI1
use_node_attr: False
pre_transform: None
transform: None
clean_cache: False
use_public_splits: True
use_val: True
use_val_loss: True
same_best_epoch: False
early_stop: False
epochs: 100
scheduler: linear
warmup: 10
batch_size: 128
lr: 0.0001
weight_decay: 0.0001
clustering: True
tlayer_dropout: 0.1
seeds: 12344
save_state: False



| Epoch    0 | Train e:  46.53, T l:  0.7205 | Val e:  47.45 | Test e:  39.42 
| Epoch    1 | Train e:  60.01, T l:  0.6880 | Val e:  54.50 | Test e:  56.93 
| Epoch    2 | Train e:  62.04, T l:  0.6578 | Val e:  59.85 | Test e:  66.18 
| Epoch    3 | Train e:  62.83, T l:  0.6478 | Val e:  59.85 | Test e:  66.18 
| Epoch    4 | Train e:  62.01, T l:  0.6443 | Val e:  59.37 | Test e:  64.23 
| Epoch    5 | Train e:  62.29, T l:  0.6525 | Val e:  59.61 | Test e:  59.12 
| Epoch    6 | Train e:  62.29, T l:  0.6428 | Val e:  61.80 | Test e:  61.07 
| Epoch    7 | Train e:  62.17, T l:  0.6402 | Val e:  61.80 | Test e:  60.34 
| Epoch    8 | Train e:  62.32, T l:  0.6448 | Val e:  57.91 | Test e:  59.61 
| Epoch    9 | Train e:  62.23, T l:  0.6568 | Val e:  59.85 | Test e:  67.15 
| Epoch   10 | Train e:  63.14, T l:  0.6399 | Val e:  61.80 | Test e:  61.56 
| Epoch   11 | Train e:  62.47, T l:  0.6360 | Val e:  61.07 | Test e:  61.07 
| Epoch   12 | Train e:  63.47, T l:  0.6348 | Val e:  60.58 | Test e:  63.50 
| Epoch   13 | Train e:  63.59, T l:  0.6316 | Val e:  61.07 | Test e:  63.75 
| Epoch   14 | Train e:  62.56, T l:  0.6356 | Val e:  61.56 | Test e:  63.50 
| Epoch   15 | Train e:  62.93, T l:  0.6337 | Val e:  62.04 | Test e:  63.50 
| Epoch   16 | Train e:  63.66, T l:  0.6333 | Val e:  62.29 | Test e:  61.80 
| Epoch   17 | Train e:  63.56, T l:  0.6325 | Val e:  62.29 | Test e:  63.75 
| Epoch   18 | Train e:  63.26, T l:  0.6286 | Val e:  59.85 | Test e:  63.99 
| Epoch   19 | Train e:  63.02, T l:  0.6313 | Val e:  62.29 | Test e:  63.99 
| Epoch   20 | Train e:  61.86, T l:  0.6344 | Val e:  59.85 | Test e:  59.12 
| Epoch   21 | Train e:  62.93, T l:  0.6309 | Val e:  62.04 | Test e:  63.75 
| Epoch   22 | Train e:  63.78, T l:  0.6314 | Val e:  63.26 | Test e:  62.77 
| Epoch   23 | Train e:  63.38, T l:  0.6335 | Val e:  62.04 | Test e:  64.96 
| Epoch   24 | Train e:  63.26, T l:  0.6257 | Val e:  61.07 | Test e:  64.96 
| Epoch   25 | Train e:  63.87, T l:  0.6272 | Val e:  63.02 | Test e:  62.77 
| Epoch   26 | Train e:  62.86, T l:  0.6256 | Val e:  61.31 | Test e:  66.91 
| Epoch   27 | Train e:  63.87, T l:  0.6299 | Val e:  62.53 | Test e:  62.29 
| Epoch   28 | Train e:  63.72, T l:  0.6303 | Val e:  62.04 | Test e:  61.80 
| Epoch   29 | Train e:  63.44, T l:  0.6323 | Val e:  62.77 | Test e:  62.77 
| Epoch   30 | Train e:  64.29, T l:  0.6238 | Val e:  62.53 | Test e:  63.99 
| Epoch   31 | Train e:  63.87, T l:  0.6284 | Val e:  61.80 | Test e:  61.56 
| Epoch   32 | Train e:  63.87, T l:  0.6251 | Val e:  61.56 | Test e:  62.29 
| Epoch   33 | Train e:  63.72, T l:  0.6253 | Val e:  61.80 | Test e:  61.80 
| Epoch   34 | Train e:  63.59, T l:  0.6328 | Val e:  62.29 | Test e:  66.18 
| Epoch   35 | Train e:  63.47, T l:  0.6246 | Val e:  62.04 | Test e:  65.94 
| Epoch   36 | Train e:  63.96, T l:  0.6284 | Val e:  62.53 | Test e:  63.26 
| Epoch   37 | Train e:  64.17, T l:  0.6200 | Val e:  62.29 | Test e:  63.02 
| Epoch   38 | Train e:  64.17, T l:  0.6161 | Val e:  62.29 | Test e:  62.29 
| Epoch   39 | Train e:  64.81, T l:  0.6199 | Val e:  62.53 | Test e:  62.04 
| Epoch   40 | Train e:  64.66, T l:  0.6245 | Val e:  62.53 | Test e:  60.83 
| Epoch   41 | Train e:  65.57, T l:  0.6185 | Val e:  63.99 | Test e:  63.02 
| Epoch   42 | Train e:  64.51, T l:  0.6225 | Val e:  64.96 | Test e:  63.75 
| Epoch   43 | Train e:  64.96, T l:  0.6196 | Val e:  62.04 | Test e:  65.45 
| Epoch   44 | Train e:  66.09, T l:  0.6155 | Val e:  65.21 | Test e:  63.75 
| Epoch   45 | Train e:  64.78, T l:  0.6169 | Val e:  63.75 | Test e:  63.26 
| Epoch   46 | Train e:  65.69, T l:  0.6142 | Val e:  64.23 | Test e:  63.99 
| Epoch   47 | Train e:  66.21, T l:  0.6150 | Val e:  65.45 | Test e:  66.42 
| Epoch   48 | Train e:  66.42, T l:  0.6163 | Val e:  63.99 | Test e:  64.23 
| Epoch   49 | Train e:  65.39, T l:  0.6129 | Val e:  63.26 | Test e:  64.96 
| Epoch   50 | Train e:  66.06, T l:  0.6152 | Val e:  64.72 | Test e:  64.96 
| Epoch   51 | Train e:  64.93, T l:  0.6120 | Val e:  65.45 | Test e:  63.50 
| Epoch   52 | Train e:  63.63, T l:  0.6107 | Val e:  62.04 | Test e:  66.42 
| Epoch   53 | Train e:  65.33, T l:  0.6109 | Val e:  63.99 | Test e:  63.02 
| Epoch   54 | Train e:  64.93, T l:  0.6057 | Val e:  65.69 | Test e:  63.50 
| Epoch   55 | Train e:  66.27, T l:  0.6146 | Val e:  64.23 | Test e:  64.48 
| Epoch   56 | Train e:  66.06, T l:  0.6130 | Val e:  65.94 | Test e:  64.72 
| Epoch   57 | Train e:  66.88, T l:  0.6129 | Val e:  65.94 | Test e:  64.23 
| Epoch   58 | Train e:  66.33, T l:  0.6052 | Val e:  63.99 | Test e:  63.02 
| Epoch   59 | Train e:  66.73, T l:  0.6161 | Val e:  66.67 | Test e:  63.02 
| Epoch   60 | Train e:  67.31, T l:  0.6089 | Val e:  65.21 | Test e:  65.45 
| Epoch   61 | Train e:  65.85, T l:  0.6062 | Val e:  65.45 | Test e:  63.50 
| Epoch   62 | Train e:  65.36, T l:  0.6076 | Val e:  66.42 | Test e:  63.02 
| Epoch   63 | Train e:  66.73, T l:  0.6038 | Val e:  65.45 | Test e:  63.99 
| Epoch   64 | Train e:  67.15, T l:  0.6037 | Val e:  67.15 | Test e:  62.77 
| Epoch   65 | Train e:  66.18, T l:  0.6066 | Val e:  65.69 | Test e:  64.23 
| Epoch   66 | Train e:  66.18, T l:  0.6048 | Val e:  65.45 | Test e:  63.50 
| Epoch   67 | Train e:  65.27, T l:  0.6109 | Val e:  61.31 | Test e:  61.31 
| Epoch   68 | Train e:  65.42, T l:  0.6068 | Val e:  66.42 | Test e:  63.75 
| Epoch   69 | Train e:  65.75, T l:  0.6005 | Val e:  64.23 | Test e:  63.02 
| Epoch   70 | Train e:  67.43, T l:  0.6014 | Val e:  64.72 | Test e:  65.21 
| Epoch   71 | Train e:  67.67, T l:  0.6024 | Val e:  66.67 | Test e:  63.50 
| Epoch   72 | Train e:  66.06, T l:  0.6072 | Val e:  64.23 | Test e:  61.31 
| Epoch   73 | Train e:  66.97, T l:  0.5986 | Val e:  65.45 | Test e:  63.99 
| Epoch   74 | Train e:  64.84, T l:  0.6024 | Val e:  63.26 | Test e:  63.75 
| Epoch   75 | Train e:  66.12, T l:  0.6002 | Val e:  65.21 | Test e:  63.02 
| Epoch   76 | Train e:  67.15, T l:  0.5987 | Val e:  66.18 | Test e:  63.75 
| Epoch   77 | Train e:  67.40, T l:  0.5982 | Val e:  66.67 | Test e:  64.23 
| Epoch   78 | Train e:  67.64, T l:  0.5979 | Val e:  66.42 | Test e:  64.48 
| Epoch   79 | Train e:  67.97, T l:  0.6038 | Val e:  66.18 | Test e:  63.50 
| Epoch   80 | Train e:  67.12, T l:  0.5980 | Val e:  65.69 | Test e:  64.23 
| Epoch   81 | Train e:  67.97, T l:  0.5972 | Val e:  66.42 | Test e:  65.69 
| Epoch   82 | Train e:  67.37, T l:  0.6022 | Val e:  65.94 | Test e:  62.53 
| Epoch   83 | Train e:  67.06, T l:  0.5962 | Val e:  66.67 | Test e:  63.02 
| Epoch   84 | Train e:  67.94, T l:  0.5956 | Val e:  66.91 | Test e:  63.75 
| Epoch   85 | Train e:  67.97, T l:  0.5906 | Val e:  65.94 | Test e:  62.53 
| Epoch   86 | Train e:  67.49, T l:  0.5944 | Val e:  66.67 | Test e:  65.21 
| Epoch   87 | Train e:  67.49, T l:  0.5945 | Val e:  67.15 | Test e:  63.02 
| Epoch   88 | Train e:  66.91, T l:  0.5931 | Val e:  66.18 | Test e:  63.75 
| Epoch   89 | Train e:  67.43, T l:  0.5964 | Val e:  66.42 | Test e:  63.02 
| Epoch   90 | Train e:  68.25, T l:  0.5852 | Val e:  65.69 | Test e:  64.23 
| Epoch   91 | Train e:  68.00, T l:  0.5944 | Val e:  67.15 | Test e:  64.48 
| Epoch   92 | Train e:  68.19, T l:  0.5898 | Val e:  67.15 | Test e:  63.99 
| Epoch   93 | Train e:  67.00, T l:  0.5901 | Val e:  65.94 | Test e:  62.77 
| Epoch   94 | Train e:  67.82, T l:  0.5930 | Val e:  66.67 | Test e:  62.77 
| Epoch   95 | Train e:  68.07, T l:  0.5985 | Val e:  67.40 | Test e:  64.23 
| Epoch   96 | Train e:  68.25, T l:  0.5932 | Val e:  67.64 | Test e:  63.75 
| Epoch   97 | Train e:  69.01, T l:  0.5879 | Val e:  67.15 | Test e:  63.99 
| Epoch   98 | Train e:  68.92, T l:  0.5905 | Val e:  67.15 | Test e:  64.48 
| Epoch   99 | Train e:  67.73, T l:  0.5933 | Val e:  66.67 | Test e:  64.48 
