

===============================================
2022-12-19 11:47:01

main_gnnt.py --warmup 10 --scheduler linear --device 0

None

dataset: NCI1
use_node_attr: False
pre_transform: None
transform: None
clean_cache: False
use_public_splits: True
use_val: True
use_val_loss: True
same_best_epoch: False
early_stop: False
epochs: 100
scheduler: linear
warmup: 10
batch_size: 128
lr: 0.0001
weight_decay: 0.0001
clustering: True
tlayer_dropout: 0.1
seeds: 12344
save_state: False



| Epoch    0 | Train e:  49.09, T l:  0.7030 | Val e:  47.45 | Test e:  51.58 
| Epoch    1 | Train e:  51.31, T l:  0.6449 | Val e:  51.58 | Test e:  50.61 
| Epoch    2 | Train e:  65.94, T l:  0.5976 | Val e:  65.94 | Test e:  66.18 
| Epoch    3 | Train e:  74.09, T l:  0.5540 | Val e:  72.26 | Test e:  74.21 
| Epoch    4 | Train e:  77.31, T l:  0.5186 | Val e:  74.21 | Test e:  74.21 
| Epoch    5 | Train e:  78.74, T l:  0.4999 | Val e:  74.45 | Test e:  74.70 
| Epoch    6 | Train e:  77.86, T l:  0.4844 | Val e:  73.24 | Test e:  75.67 
| Epoch    7 | Train e:  79.56, T l:  0.4762 | Val e:  77.13 | Test e:  80.05 
| Epoch    8 | Train e:  81.75, T l:  0.4477 | Val e:  77.13 | Test e:  78.59 
| Epoch    9 | Train e:  77.77, T l:  0.4411 | Val e:  73.97 | Test e:  73.97 
| Epoch   10 | Train e:  80.84, T l:  0.4191 | Val e:  76.40 | Test e:  75.67 
| Epoch   11 | Train e:  75.21, T l:  0.3950 | Val e:  74.45 | Test e:  72.26 
| Epoch   12 | Train e:  83.30, T l:  0.3883 | Val e:  78.59 | Test e:  79.32 
| Epoch   13 | Train e:  85.01, T l:  0.3943 | Val e:  78.10 | Test e:  81.27 
| Epoch   14 | Train e:  85.61, T l:  0.3985 | Val e:  78.35 | Test e:  79.81 
| Epoch   15 | Train e:  85.86, T l:  0.3434 | Val e:  77.86 | Test e:  79.56 
| Epoch   16 | Train e:  83.15, T l:  0.3322 | Val e:  75.91 | Test e:  75.91 
| Epoch   17 | Train e:  85.98, T l:  0.3310 | Val e:  79.08 | Test e:  79.81 
| Epoch   18 | Train e:  85.10, T l:  0.3260 | Val e:  78.10 | Test e:  79.32 
| Epoch   19 | Train e:  88.47, T l:  0.3133 | Val e:  81.51 | Test e:  81.51 
| Epoch   20 | Train e:  87.29, T l:  0.3086 | Val e:  78.83 | Test e:  80.78 
| Epoch   21 | Train e:  89.42, T l:  0.3055 | Val e:  81.51 | Test e:  84.18 
| Epoch   22 | Train e:  88.47, T l:  0.2993 | Val e:  78.83 | Test e:  76.16 
| Epoch   23 | Train e:  84.98, T l:  0.2827 | Val e:  79.56 | Test e:  82.48 
| Epoch   24 | Train e:  89.26, T l:  0.2823 | Val e:  74.94 | Test e:  79.81 
| Epoch   25 | Train e:  88.87, T l:  0.2772 | Val e:  79.08 | Test e:  79.32 
| Epoch   26 | Train e:  91.70, T l:  0.2632 | Val e:  79.08 | Test e:  83.45 
| Epoch   27 | Train e:  90.30, T l:  0.2401 | Val e:  78.59 | Test e:  77.13 
| Epoch   28 | Train e:  90.24, T l:  0.2392 | Val e:  79.32 | Test e:  80.54 
| Epoch   29 | Train e:  90.39, T l:  0.2350 | Val e:  79.81 | Test e:  80.54 
| Epoch   30 | Train e:  89.87, T l:  0.2502 | Val e:  78.83 | Test e:  81.02 
| Epoch   31 | Train e:  91.03, T l:  0.2366 | Val e:  77.37 | Test e:  82.73 
| Epoch   32 | Train e:  92.27, T l:  0.2436 | Val e:  79.08 | Test e:  79.56 
| Epoch   33 | Train e:  93.22, T l:  0.2299 | Val e:  81.02 | Test e:  80.29 
| Epoch   34 | Train e:  93.83, T l:  0.2022 | Val e:  80.05 | Test e:  83.94 
| Epoch   35 | Train e:  92.82, T l:  0.2094 | Val e:  79.56 | Test e:  80.29 
| Epoch   36 | Train e:  92.06, T l:  0.1887 | Val e:  78.35 | Test e:  82.48 
| Epoch   37 | Train e:  92.79, T l:  0.1981 | Val e:  79.81 | Test e:  81.02 
| Epoch   38 | Train e:  93.80, T l:  0.1978 | Val e:  80.78 | Test e:  82.00 
| Epoch   39 | Train e:  93.98, T l:  0.1859 | Val e:  78.10 | Test e:  82.73 
| Epoch   40 | Train e:  93.98, T l:  0.1705 | Val e:  79.08 | Test e:  80.54 
| Epoch   41 | Train e:  94.68, T l:  0.1636 | Val e:  78.59 | Test e:  79.32 
| Epoch   42 | Train e:  94.59, T l:  0.1557 | Val e:  79.81 | Test e:  79.32 
| Epoch   43 | Train e:  95.07, T l:  0.1695 | Val e:  79.32 | Test e:  81.51 
| Epoch   44 | Train e:  95.74, T l:  0.1546 | Val e:  77.86 | Test e:  82.48 
| Epoch   45 | Train e:  95.50, T l:  0.1476 | Val e:  79.08 | Test e:  81.75 
| Epoch   46 | Train e:  94.28, T l:  0.1523 | Val e:  79.81 | Test e:  80.78 
| Epoch   47 | Train e:  94.46, T l:  0.1724 | Val e:  77.37 | Test e:  80.05 
| Epoch   48 | Train e:  96.29, T l:  0.1322 | Val e:  78.59 | Test e:  83.70 
| Epoch   49 | Train e:  94.71, T l:  0.1413 | Val e:  78.83 | Test e:  81.51 
| Epoch   50 | Train e:  95.32, T l:  0.1273 | Val e:  78.83 | Test e:  82.00 
| Epoch   51 | Train e:  97.14, T l:  0.1199 | Val e:  78.35 | Test e:  81.27 
| Epoch   52 | Train e:  97.20, T l:  0.1266 | Val e:  80.05 | Test e:  81.27 
| Epoch   53 | Train e:  96.17, T l:  0.1165 | Val e:  78.83 | Test e:  80.78 
| Epoch   54 | Train e:  97.26, T l:  0.1210 | Val e:  79.81 | Test e:  81.27 
| Epoch   55 | Train e:  96.23, T l:  0.1109 | Val e:  76.89 | Test e:  77.86 
| Epoch   56 | Train e:  97.35, T l:  0.1109 | Val e:  79.56 | Test e:  81.02 
| Epoch   57 | Train e:  97.57, T l:  0.1030 | Val e:  79.08 | Test e:  79.08 
| Epoch   58 | Train e:  97.99, T l:  0.0952 | Val e:  79.08 | Test e:  80.78 
| Epoch   59 | Train e:  98.24, T l:  0.0876 | Val e:  78.83 | Test e:  81.51 
| Epoch   60 | Train e:  97.63, T l:  0.0804 | Val e:  77.62 | Test e:  81.51 
| Epoch   61 | Train e:  98.11, T l:  0.1009 | Val e:  80.78 | Test e:  81.51 
| Epoch   62 | Train e:  97.81, T l:  0.0862 | Val e:  80.29 | Test e:  80.05 
| Epoch   63 | Train e:  98.05, T l:  0.0884 | Val e:  79.81 | Test e:  80.78 
| Epoch   64 | Train e:  98.24, T l:  0.0951 | Val e:  81.27 | Test e:  83.21 
| Epoch   65 | Train e:  98.54, T l:  0.0747 | Val e:  82.00 | Test e:  81.75 
| Epoch   66 | Train e:  98.51, T l:  0.0778 | Val e:  79.81 | Test e:  81.75 
| Epoch   67 | Train e:  98.08, T l:  0.0817 | Val e:  81.27 | Test e:  81.02 
| Epoch   68 | Train e:  98.60, T l:  0.0923 | Val e:  80.78 | Test e:  79.81 
| Epoch   69 | Train e:  98.05, T l:  0.0813 | Val e:  78.83 | Test e:  82.00 
| Epoch   70 | Train e:  98.72, T l:  0.0781 | Val e:  79.56 | Test e:  81.27 
| Epoch   71 | Train e:  98.81, T l:  0.0774 | Val e:  80.54 | Test e:  80.54 
| Epoch   72 | Train e:  98.57, T l:  0.0650 | Val e:  79.56 | Test e:  83.21 
| Epoch   73 | Train e:  98.63, T l:  0.0766 | Val e:  79.81 | Test e:  80.78 
| Epoch   74 | Train e:  99.27, T l:  0.0681 | Val e:  80.54 | Test e:  81.51 
| Epoch   75 | Train e:  99.03, T l:  0.0622 | Val e:  80.78 | Test e:  81.27 
| Epoch   76 | Train e:  99.18, T l:  0.0581 | Val e:  81.02 | Test e:  81.51 
| Epoch   77 | Train e:  99.39, T l:  0.0534 | Val e:  80.29 | Test e:  82.24 
| Epoch   78 | Train e:  99.18, T l:  0.0445 | Val e:  81.51 | Test e:  82.24 
| Epoch   79 | Train e:  99.36, T l:  0.0607 | Val e:  79.56 | Test e:  79.56 
| Epoch   80 | Train e:  99.27, T l:  0.0486 | Val e:  81.02 | Test e:  81.02 
| Epoch   81 | Train e:  99.39, T l:  0.0457 | Val e:  81.75 | Test e:  81.02 
| Epoch   82 | Train e:  99.27, T l:  0.0482 | Val e:  81.02 | Test e:  81.75 
| Epoch   83 | Train e:  99.57, T l:  0.0494 | Val e:  79.81 | Test e:  82.48 
| Epoch   84 | Train e:  99.54, T l:  0.0450 | Val e:  80.78 | Test e:  83.70 
| Epoch   85 | Train e:  99.45, T l:  0.0389 | Val e:  81.51 | Test e:  83.70 
| Epoch   86 | Train e:  99.54, T l:  0.0433 | Val e:  80.78 | Test e:  81.27 
| Epoch   87 | Train e:  99.42, T l:  0.0451 | Val e:  81.27 | Test e:  82.24 
| Epoch   88 | Train e:  99.51, T l:  0.0357 | Val e:  80.05 | Test e:  82.00 
| Epoch   89 | Train e:  99.57, T l:  0.0402 | Val e:  80.29 | Test e:  82.73 
| Epoch   90 | Train e:  99.45, T l:  0.0487 | Val e:  80.78 | Test e:  82.48 
| Epoch   91 | Train e:  99.60, T l:  0.0398 | Val e:  80.54 | Test e:  82.48 
| Epoch   92 | Train e:  99.57, T l:  0.0353 | Val e:  82.00 | Test e:  82.24 
| Epoch   93 | Train e:  99.60, T l:  0.0308 | Val e:  81.27 | Test e:  81.51 
| Epoch   94 | Train e:  99.64, T l:  0.0331 | Val e:  81.27 | Test e:  80.78 
| Epoch   95 | Train e:  99.73, T l:  0.0336 | Val e:  82.48 | Test e:  82.48 
| Epoch   96 | Train e:  99.64, T l:  0.0304 | Val e:  82.00 | Test e:  81.75 
| Epoch   97 | Train e:  99.76, T l:  0.0344 | Val e:  82.48 | Test e:  82.00 
| Epoch   98 | Train e:  99.60, T l:  0.0228 | Val e:  82.48 | Test e:  82.48 
| Epoch   99 | Train e:  99.70, T l:  0.0282 | Val e:  82.00 | Test e:  82.48 
