

===============================================
2022-12-19 11:59:09

main_gnnt.py --warmup 10 --scheduler linear --device 0

None

dataset: NCI1
use_node_attr: False
pre_transform: None
transform: None
clean_cache: False
use_public_splits: True
use_val: True
use_val_loss: True
same_best_epoch: False
early_stop: False
epochs: 100
scheduler: linear
warmup: 10
batch_size: 128
lr: 0.0001
weight_decay: 0.0001
clustering: True
tlayer_dropout: 0.1
seeds: 12344
save_state: False



| Epoch    0 | Train e:  52.49, T l:  0.6834 | Val e:  51.82 | Test e:  48.91 
| Epoch    1 | Train e:  57.79, T l:  0.6348 | Val e:  61.56 | Test e:  55.23 
| Epoch    2 | Train e:  65.63, T l:  0.5864 | Val e:  64.48 | Test e:  67.64 
| Epoch    3 | Train e:  75.70, T l:  0.5432 | Val e:  72.75 | Test e:  73.48 
| Epoch    4 | Train e:  75.58, T l:  0.5132 | Val e:  70.80 | Test e:  72.75 
| Epoch    5 | Train e:  78.13, T l:  0.4853 | Val e:  72.26 | Test e:  71.78 
| Epoch    6 | Train e:  81.08, T l:  0.4669 | Val e:  75.18 | Test e:  78.59 
| Epoch    7 | Train e:  80.87, T l:  0.4568 | Val e:  74.21 | Test e:  73.48 
| Epoch    8 | Train e:  82.82, T l:  0.4338 | Val e:  76.89 | Test e:  77.62 
| Epoch    9 | Train e:  78.47, T l:  0.4208 | Val e:  70.07 | Test e:  73.24 
| Epoch   10 | Train e:  83.61, T l:  0.4130 | Val e:  81.51 | Test e:  76.64 
| Epoch   11 | Train e:  84.34, T l:  0.3926 | Val e:  79.81 | Test e:  79.32 
| Epoch   12 | Train e:  81.11, T l:  0.3647 | Val e:  78.10 | Test e:  72.26 
| Epoch   13 | Train e:  81.45, T l:  0.3638 | Val e:  72.26 | Test e:  75.43 
| Epoch   14 | Train e:  85.92, T l:  0.3756 | Val e:  78.59 | Test e:  78.35 
| Epoch   15 | Train e:  83.91, T l:  0.3577 | Val e:  76.64 | Test e:  79.81 
| Epoch   16 | Train e:  82.51, T l:  0.3401 | Val e:  74.94 | Test e:  78.35 
| Epoch   17 | Train e:  85.71, T l:  0.3201 | Val e:  76.64 | Test e:  77.62 
| Epoch   18 | Train e:  87.26, T l:  0.3011 | Val e:  80.05 | Test e:  81.51 
| Epoch   19 | Train e:  84.82, T l:  0.3052 | Val e:  73.48 | Test e:  74.94 
| Epoch   20 | Train e:  87.68, T l:  0.3081 | Val e:  83.21 | Test e:  78.83 
| Epoch   21 | Train e:  84.95, T l:  0.2789 | Val e:  81.75 | Test e:  78.35 
| Epoch   22 | Train e:  85.40, T l:  0.2963 | Val e:  78.83 | Test e:  75.91 
| Epoch   23 | Train e:  90.15, T l:  0.2759 | Val e:  79.32 | Test e:  80.78 
| Epoch   24 | Train e:  90.36, T l:  0.2656 | Val e:  80.54 | Test e:  82.00 
| Epoch   25 | Train e:  87.32, T l:  0.2472 | Val e:  78.10 | Test e:  76.40 
| Epoch   26 | Train e:  90.21, T l:  0.2566 | Val e:  78.10 | Test e:  78.83 
| Epoch   27 | Train e:  90.72, T l:  0.2449 | Val e:  75.43 | Test e:  81.02 
| Epoch   28 | Train e:  91.55, T l:  0.2372 | Val e:  81.27 | Test e:  79.32 
| Epoch   29 | Train e:  92.00, T l:  0.2244 | Val e:  81.02 | Test e:  79.56 
| Epoch   30 | Train e:  92.06, T l:  0.2236 | Val e:  82.97 | Test e:  81.75 
| Epoch   31 | Train e:  93.46, T l:  0.2103 | Val e:  80.29 | Test e:  81.75 
| Epoch   32 | Train e:  92.43, T l:  0.1952 | Val e:  79.32 | Test e:  81.02 
| Epoch   33 | Train e:  92.03, T l:  0.2196 | Val e:  82.24 | Test e:  81.27 
| Epoch   34 | Train e:  91.09, T l:  0.2015 | Val e:  78.83 | Test e:  79.32 
| Epoch   35 | Train e:  93.34, T l:  0.2029 | Val e:  81.27 | Test e:  80.54 
| Epoch   36 | Train e:  94.77, T l:  0.1728 | Val e:  82.24 | Test e:  81.27 
| Epoch   37 | Train e:  92.03, T l:  0.1696 | Val e:  76.16 | Test e:  79.81 
| Epoch   38 | Train e:  93.86, T l:  0.1638 | Val e:  77.86 | Test e:  80.54 
| Epoch   39 | Train e:  94.77, T l:  0.1546 | Val e:  81.02 | Test e:  81.02 
| Epoch   40 | Train e:  94.92, T l:  0.1698 | Val e:  81.27 | Test e:  82.00 
| Epoch   41 | Train e:  94.74, T l:  0.1601 | Val e:  78.10 | Test e:  79.81 
| Epoch   42 | Train e:  95.29, T l:  0.1520 | Val e:  79.56 | Test e:  79.56 
| Epoch   43 | Train e:  95.29, T l:  0.1516 | Val e:  77.86 | Test e:  78.83 
| Epoch   44 | Train e:  94.37, T l:  0.1372 | Val e:  80.05 | Test e:  80.05 
| Epoch   45 | Train e:  95.62, T l:  0.1378 | Val e:  80.78 | Test e:  81.75 
| Epoch   46 | Train e:  95.32, T l:  0.1445 | Val e:  78.35 | Test e:  79.32 
| Epoch   47 | Train e:  95.23, T l:  0.1381 | Val e:  82.00 | Test e:  79.32 
| Epoch   48 | Train e:  95.13, T l:  0.1559 | Val e:  81.27 | Test e:  80.05 
| Epoch   49 | Train e:  96.65, T l:  0.1253 | Val e:  78.59 | Test e:  81.02 
| Epoch   50 | Train e:  96.68, T l:  0.1163 | Val e:  79.56 | Test e:  81.02 
| Epoch   51 | Train e:  97.17, T l:  0.1186 | Val e:  80.78 | Test e:  81.51 
| Epoch   52 | Train e:  96.59, T l:  0.1123 | Val e:  77.86 | Test e:  81.02 
| Epoch   53 | Train e:  96.87, T l:  0.0946 | Val e:  78.83 | Test e:  80.54 
| Epoch   54 | Train e:  96.59, T l:  0.0999 | Val e:  79.32 | Test e:  80.54 
| Epoch   55 | Train e:  97.51, T l:  0.1072 | Val e:  80.05 | Test e:  81.02 
| Epoch   56 | Train e:  96.11, T l:  0.0954 | Val e:  80.78 | Test e:  81.51 
| Epoch   57 | Train e:  96.35, T l:  0.1004 | Val e:  78.83 | Test e:  82.00 
| Epoch   58 | Train e:  98.57, T l:  0.0900 | Val e:  80.29 | Test e:  81.51 
| Epoch   59 | Train e:  98.33, T l:  0.0770 | Val e:  79.81 | Test e:  82.48 
| Epoch   60 | Train e:  97.78, T l:  0.0839 | Val e:  79.08 | Test e:  80.78 
| Epoch   61 | Train e:  97.84, T l:  0.0846 | Val e:  79.56 | Test e:  81.75 
| Epoch   62 | Train e:  97.81, T l:  0.0823 | Val e:  79.08 | Test e:  80.54 
| Epoch   63 | Train e:  98.27, T l:  0.0803 | Val e:  80.54 | Test e:  81.02 
| Epoch   64 | Train e:  98.27, T l:  0.0794 | Val e:  79.32 | Test e:  82.00 
| Epoch   65 | Train e:  98.42, T l:  0.0767 | Val e:  79.56 | Test e:  80.78 
| Epoch   66 | Train e:  98.48, T l:  0.0612 | Val e:  79.81 | Test e:  81.02 
| Epoch   67 | Train e:  98.02, T l:  0.0780 | Val e:  82.00 | Test e:  80.78 
| Epoch   68 | Train e:  98.45, T l:  0.0605 | Val e:  78.83 | Test e:  81.75 
| Epoch   69 | Train e:  98.91, T l:  0.0706 | Val e:  78.83 | Test e:  81.51 
| Epoch   70 | Train e:  98.54, T l:  0.0706 | Val e:  80.54 | Test e:  80.78 
| Epoch   71 | Train e:  98.57, T l:  0.0839 | Val e:  80.78 | Test e:  81.27 
| Epoch   72 | Train e:  99.21, T l:  0.0547 | Val e:  79.56 | Test e:  81.02 
| Epoch   73 | Train e:  99.21, T l:  0.0562 | Val e:  80.05 | Test e:  80.54 
| Epoch   74 | Train e:  98.81, T l:  0.0648 | Val e:  77.86 | Test e:  80.78 
| Epoch   75 | Train e:  99.12, T l:  0.0560 | Val e:  81.51 | Test e:  82.24 
| Epoch   76 | Train e:  99.48, T l:  0.0573 | Val e:  80.78 | Test e:  81.27 
| Epoch   77 | Train e:  99.57, T l:  0.0482 | Val e:  79.32 | Test e:  80.78 
| Epoch   78 | Train e:  99.36, T l:  0.0485 | Val e:  78.59 | Test e:  80.05 
| Epoch   79 | Train e:  99.70, T l:  0.0427 | Val e:  78.35 | Test e:  81.27 
| Epoch   80 | Train e:  99.12, T l:  0.0549 | Val e:  81.75 | Test e:  79.81 
| Epoch   81 | Train e:  99.36, T l:  0.0505 | Val e:  80.05 | Test e:  80.54 
| Epoch   82 | Train e:  99.64, T l:  0.0429 | Val e:  80.54 | Test e:  80.54 
| Epoch   83 | Train e:  99.48, T l:  0.0404 | Val e:  80.78 | Test e:  79.81 
| Epoch   84 | Train e:  99.45, T l:  0.0447 | Val e:  79.56 | Test e:  80.29 
| Epoch   85 | Train e:  99.70, T l:  0.0476 | Val e:  80.05 | Test e:  80.78 
| Epoch   86 | Train e:  99.57, T l:  0.0424 | Val e:  80.05 | Test e:  80.78 
| Epoch   87 | Train e:  99.67, T l:  0.0355 | Val e:  78.35 | Test e:  80.78 
| Epoch   88 | Train e:  99.67, T l:  0.0335 | Val e:  79.32 | Test e:  80.78 
| Epoch   89 | Train e:  99.60, T l:  0.0297 | Val e:  79.32 | Test e:  80.29 
| Epoch   90 | Train e:  99.67, T l:  0.0394 | Val e:  79.32 | Test e:  81.51 
| Epoch   91 | Train e:  99.70, T l:  0.0330 | Val e:  80.54 | Test e:  81.02 
| Epoch   92 | Train e:  99.70, T l:  0.0282 | Val e:  79.08 | Test e:  81.02 
| Epoch   93 | Train e:  99.67, T l:  0.0324 | Val e:  79.81 | Test e:  81.27 
| Epoch   94 | Train e:  99.67, T l:  0.0348 | Val e:  79.81 | Test e:  80.54 
| Epoch   95 | Train e:  99.70, T l:  0.0255 | Val e:  79.81 | Test e:  81.02 
| Epoch   96 | Train e:  99.67, T l:  0.0345 | Val e:  80.54 | Test e:  79.81 
| Epoch   97 | Train e:  99.73, T l:  0.0277 | Val e:  80.29 | Test e:  80.29 
| Epoch   98 | Train e:  99.73, T l:  0.0300 | Val e:  80.05 | Test e:  80.54 
| Epoch   99 | Train e:  99.73, T l:  0.0320 | Val e:  80.05 | Test e:  80.54 
