

===============================================
2023-01-12 01:39:20

main_nm.py --n 8 --m 8 --device 0

None

baseline: SAT
dataset: CLUSTER
use_val_loss: False
use_cpu: False
max_freqs: 16
eigvec_norm: L2
num_rw_steps: 6
num_classes: 6
epochs: 100
scheduler: cosine
warmup: 5
batch_size: 32
lr: 0.001
weight_decay: 1e-05
num_workers: 0
clustering: False
masked_attention: True
gconv_dim: 48
dim_pe: 16
tlayer_dim: 48
gconv_dropout: 0
attn_dropout: 0.5
tlayer_dropout: 0.1
classifier_head_dropout: 0.3
num_layers: 16
num_heads: 8
skip_connection: short
seeds: 2023
device: 0
save_state: False
n: 8
m: 8



| Epoch    0 | Train e:  0.2120, T l:  1.8056 | Val e:  0.2108 | Test e:  0.2111 
| Epoch    1 | Train e:  0.2107, T l:  1.7065 | Val e:  0.2102 | Test e:  0.2106 
| Epoch    2 | Train e:  0.2550, T l:  1.6902 | Val e:  0.2508 | Test e:  0.2528 
| Epoch    3 | Train e:  0.2728, T l:  1.6579 | Val e:  0.2670 | Test e:  0.2737 
| Epoch    4 | Train e:  0.2661, T l:  1.6300 | Val e:  0.2632 | Test e:  0.2660 
| Epoch    5 | Train e:  0.2593, T l:  1.6138 | Val e:  0.2602 | Test e:  0.2588 
| Epoch    6 | Train e:  0.2874, T l:  1.5809 | Val e:  0.2848 | Test e:  0.2897 
| Epoch    7 | Train e:  0.2996, T l:  1.5637 | Val e:  0.2984 | Test e:  0.2993 
| Epoch    8 | Train e:  0.2722, T l:  1.5554 | Val e:  0.2717 | Test e:  0.2715 
| Epoch    9 | Train e:  0.2529, T l:  1.5470 | Val e:  0.2496 | Test e:  0.2496 
| Epoch   10 | Train e:  0.2719, T l:  1.5413 | Val e:  0.2669 | Test e:  0.2735 
| Epoch   11 | Train e:  0.3320, T l:  1.5338 | Val e:  0.3262 | Test e:  0.3281 
| Epoch   12 | Train e:  0.2665, T l:  1.5814 | Val e:  0.2585 | Test e:  0.2673 
| Epoch   13 | Train e:  0.2784, T l:  1.6115 | Val e:  0.2731 | Test e:  0.2771 
| Epoch   14 | Train e:  0.2373, T l:  1.5787 | Val e:  0.2341 | Test e:  0.2379 
| Epoch   15 | Train e:  0.3042, T l:  1.5622 | Val e:  0.3014 | Test e:  0.3020 
| Epoch   16 | Train e:  0.3112, T l:  1.5562 | Val e:  0.3083 | Test e:  0.3089 
| Epoch   17 | Train e:  0.3287, T l:  1.5512 | Val e:  0.3241 | Test e:  0.3238 
| Epoch   18 | Train e:  0.3227, T l:  1.5489 | Val e:  0.3191 | Test e:  0.3202 
| Epoch   19 | Train e:  0.3117, T l:  1.5456 | Val e:  0.3066 | Test e:  0.3116 
| Epoch   20 | Train e:  0.3015, T l:  1.5445 | Val e:  0.3010 | Test e:  0.2988 
| Epoch   21 | Train e:  0.3255, T l:  1.5405 | Val e:  0.3220 | Test e:  0.3215 
| Epoch   22 | Train e:  0.3356, T l:  1.5386 | Val e:  0.3300 | Test e:  0.3334 
| Epoch   23 | Train e:  0.3123, T l:  1.5376 | Val e:  0.3094 | Test e:  0.3140 
| Epoch   24 | Train e:  0.3281, T l:  1.5347 | Val e:  0.3241 | Test e:  0.3259 
| Epoch   25 | Train e:  0.3086, T l:  1.5326 | Val e:  0.3048 | Test e:  0.3049 
| Epoch   26 | Train e:  0.3417, T l:  1.5299 | Val e:  0.3362 | Test e:  0.3363 
| Epoch   27 | Train e:  0.3125, T l:  1.5291 | Val e:  0.3101 | Test e:  0.3107 
| Epoch   28 | Train e:  0.3354, T l:  1.5251 | Val e:  0.3281 | Test e:  0.3312 
| Epoch   29 | Train e:  0.3452, T l:  1.5221 | Val e:  0.3378 | Test e:  0.3404 
| Epoch   30 | Train e:  0.3438, T l:  1.5173 | Val e:  0.3371 | Test e:  0.3396 
| Epoch   31 | Train e:  0.2923, T l:  1.5127 | Val e:  0.2848 | Test e:  0.2889 
| Epoch   32 | Train e:  0.3112, T l:  1.5101 | Val e:  0.3062 | Test e:  0.3141 
| Epoch   33 | Train e:  0.3537, T l:  1.5037 | Val e:  0.3426 | Test e:  0.3493 
| Epoch   34 | Train e:  0.3525, T l:  1.5007 | Val e:  0.3428 | Test e:  0.3487 
| Epoch   35 | Train e:  0.3540, T l:  1.4958 | Val e:  0.3443 | Test e:  0.3483 
| Epoch   36 | Train e:  0.3335, T l:  1.4920 | Val e:  0.3259 | Test e:  0.3317 
| Epoch   37 | Train e:  0.3620, T l:  1.4869 | Val e:  0.3537 | Test e:  0.3562 
| Epoch   38 | Train e:  0.2945, T l:  1.4834 | Val e:  0.2914 | Test e:  0.2930 
| Epoch   39 | Train e:  0.3466, T l:  1.4798 | Val e:  0.3412 | Test e:  0.3457 
| Epoch   40 | Train e:  0.3729, T l:  1.4790 | Val e:  0.3625 | Test e:  0.3665 
| Epoch   41 | Train e:  0.3561, T l:  1.4763 | Val e:  0.3464 | Test e:  0.3519 
| Epoch   42 | Train e:  0.3294, T l:  1.4728 | Val e:  0.3249 | Test e:  0.3233 
| Epoch   43 | Train e:  0.2140, T l:  1.4719 | Val e:  0.2147 | Test e:  0.2150 
| Epoch   44 | Train e:  0.3526, T l:  1.4721 | Val e:  0.3450 | Test e:  0.3470 
| Epoch   45 | Train e:  0.3683, T l:  1.4728 | Val e:  0.3560 | Test e:  0.3624 
| Epoch   46 | Train e:  0.2976, T l:  1.4632 | Val e:  0.2911 | Test e:  0.2994 
| Epoch   47 | Train e:  0.3679, T l:  1.4676 | Val e:  0.3572 | Test e:  0.3608 
| Epoch   48 | Train e:  0.3752, T l:  1.4631 | Val e:  0.3615 | Test e:  0.3695 
| Epoch   49 | Train e:  0.3372, T l:  1.4592 | Val e:  0.3313 | Test e:  0.3371 
| Epoch   50 | Train e:  0.3189, T l:  1.4548 | Val e:  0.3140 | Test e:  0.3131 
| Epoch   51 | Train e:  0.2961, T l:  1.5087 | Val e:  0.2940 | Test e:  0.2934 
| Epoch   52 | Train e:  0.3056, T l:  1.6036 | Val e:  0.3004 | Test e:  0.3052 
| Epoch   53 | Train e:  0.3244, T l:  1.5889 | Val e:  0.3190 | Test e:  0.3207 
| Epoch   54 | Train e:  0.3526, T l:  1.5225 | Val e:  0.3468 | Test e:  0.3442 
| Epoch   55 | Train e:  0.2773, T l:  1.6250 | Val e:  0.2740 | Test e:  0.2767 
| Epoch   56 | Train e:  0.2593, T l:  1.6370 | Val e:  0.2575 | Test e:  0.2572 
| Epoch   57 | Train e:  0.2847, T l:  1.6239 | Val e:  0.2819 | Test e:  0.2856 
| Epoch   58 | Train e:  0.2907, T l:  1.6170 | Val e:  0.2874 | Test e:  0.2897 
| Epoch   59 | Train e:  0.2979, T l:  1.6139 | Val e:  0.2935 | Test e:  0.2957 
| Epoch   60 | Train e:  0.2986, T l:  1.6101 | Val e:  0.2922 | Test e:  0.2957 
| Epoch   61 | Train e:  0.3010, T l:  1.6069 | Val e:  0.2936 | Test e:  0.2979 
| Epoch   62 | Train e:  0.3021, T l:  1.6048 | Val e:  0.2954 | Test e:  0.2986 
| Epoch   63 | Train e:  0.3024, T l:  1.6032 | Val e:  0.2962 | Test e:  0.2996 
| Epoch   64 | Train e:  0.3027, T l:  1.6016 | Val e:  0.2955 | Test e:  0.3013 
| Epoch   65 | Train e:  0.3034, T l:  1.6001 | Val e:  0.2968 | Test e:  0.3019 
| Epoch   66 | Train e:  0.3044, T l:  1.5986 | Val e:  0.2976 | Test e:  0.3019 
| Epoch   67 | Train e:  0.3048, T l:  1.5966 | Val e:  0.2968 | Test e:  0.3011 
| Epoch   68 | Train e:  0.3050, T l:  1.5954 | Val e:  0.2985 | Test e:  0.3026 
| Epoch   69 | Train e:  0.3059, T l:  1.5945 | Val e:  0.2974 | Test e:  0.3037 
| Epoch   70 | Train e:  0.3066, T l:  1.5939 | Val e:  0.2978 | Test e:  0.3034 
| Epoch   71 | Train e:  0.3064, T l:  1.5918 | Val e:  0.2980 | Test e:  0.3022 
| Epoch   72 | Train e:  0.3064, T l:  1.5908 | Val e:  0.2985 | Test e:  0.3038 
| Epoch   73 | Train e:  0.3077, T l:  1.5901 | Val e:  0.2986 | Test e:  0.3053 
| Epoch   74 | Train e:  0.3081, T l:  1.5888 | Val e:  0.2991 | Test e:  0.3054 
| Epoch   75 | Train e:  0.3078, T l:  1.5885 | Val e:  0.2994 | Test e:  0.3048 
| Epoch   76 | Train e:  0.3087, T l:  1.5872 | Val e:  0.3004 | Test e:  0.3049 
| Epoch   77 | Train e:  0.3098, T l:  1.5855 | Val e:  0.3011 | Test e:  0.3050 
| Epoch   78 | Train e:  0.3102, T l:  1.5854 | Val e:  0.2992 | Test e:  0.3036 
| Epoch   79 | Train e:  0.3098, T l:  1.5846 | Val e:  0.2994 | Test e:  0.3062 
| Epoch   80 | Train e:  0.3109, T l:  1.5833 | Val e:  0.3008 | Test e:  0.3056 
| Epoch   81 | Train e:  0.3115, T l:  1.5835 | Val e:  0.3015 | Test e:  0.3058 
| Epoch   82 | Train e:  0.3121, T l:  1.5817 | Val e:  0.3013 | Test e:  0.3067 
| Epoch   83 | Train e:  0.3118, T l:  1.5814 | Val e:  0.3012 | Test e:  0.3075 
| Epoch   84 | Train e:  0.3128, T l:  1.5807 | Val e:  0.3015 | Test e:  0.3071 
| Epoch   85 | Train e:  0.3121, T l:  1.5802 | Val e:  0.3016 | Test e:  0.3077 
| Epoch   86 | Train e:  0.3129, T l:  1.5804 | Val e:  0.3023 | Test e:  0.3072 
| Epoch   87 | Train e:  0.3132, T l:  1.5794 | Val e:  0.3032 | Test e:  0.3072 
| Epoch   88 | Train e:  0.3134, T l:  1.5793 | Val e:  0.3020 | Test e:  0.3074 
| Epoch   89 | Train e:  0.3132, T l:  1.5785 | Val e:  0.3031 | Test e:  0.3077 
| Epoch   90 | Train e:  0.3133, T l:  1.5786 | Val e:  0.3022 | Test e:  0.3073 
| Epoch   91 | Train e:  0.3135, T l:  1.5775 | Val e:  0.3037 | Test e:  0.3076 
| Epoch   92 | Train e:  0.3135, T l:  1.5785 | Val e:  0.3023 | Test e:  0.3077 
| Epoch   93 | Train e:  0.3131, T l:  1.5779 | Val e:  0.3032 | Test e:  0.3079 
| Epoch   94 | Train e:  0.3137, T l:  1.5781 | Val e:  0.3021 | Test e:  0.3078 
| Epoch   95 | Train e:  0.3138, T l:  1.5775 | Val e:  0.3023 | Test e:  0.3074 
| Epoch   96 | Train e:  0.3136, T l:  1.5775 | Val e:  0.3017 | Test e:  0.3078 
| Epoch   97 | Train e:  0.3139, T l:  1.5773 | Val e:  0.3029 | Test e:  0.3076 
| Epoch   98 | Train e:  0.3138, T l:  1.5773 | Val e:  0.3032 | Test e:  0.3077 
| Epoch   99 | Train e:  0.3134, T l:  1.5778 | Val e:  0.3026 | Test e:  0.3084 
