

===============================================
2022-12-19 05:51:18

main_gnnt.py --readout cls --gconv-dim 256 --tlayer-dim 256 --num-heads 8 --no-clustering --masked-attention --batch-size 32 --epochs 200 --warmup 20 --gconv-dropout 0.5 --tlayer-dropout 0.5 --seeds 314159 --device 1

None

dataset: ogbg-moltox21
use_val_loss: False
epochs: 200
scheduler: linear
warmup: 20
patience: 25
batch_size: 32
lr: 0.0001
weight_decay: 0.0001
clustering: False
masked_attention: True
gconv_dim: 256
tlayer_dim: 256
gconv_dropout: 0.5
tlayer_dropout: 0.5
num_layers: 4
num_heads: 8
skip_connection: none
readout: cls
seeds: 314159
save_state: False



| Epoch    0 | Train e:  43.49, T l:  0.5876 | Val e:  49.20 , Val l: 0.3466 | Test e:  46.14 
| Epoch    1 | Train e:  46.62, T l:  0.3333 | Val e:  53.69 , Val l: 0.3027 | Test e:  51.22 
| Epoch    2 | Train e:  48.07, T l:  0.2682 | Val e:  54.28 , Val l: 0.3084 | Test e:  51.51 
| Epoch    3 | Train e:  51.15, T l:  0.2533 | Val e:  55.05 , Val l: 0.3136 | Test e:  53.35 
| Epoch    4 | Train e:  52.97, T l:  0.2482 | Val e:  55.13 , Val l: 0.3195 | Test e:  55.16 
| Epoch    5 | Train e:  55.81, T l:  0.2460 | Val e:  57.51 , Val l: 0.3215 | Test e:  56.57 
| Epoch    6 | Train e:  57.77, T l:  0.2458 | Val e:  59.31 , Val l: 0.3250 | Test e:  57.12 
| Epoch    7 | Train e:  57.85, T l:  0.2455 | Val e:  58.58 , Val l: 0.3179 | Test e:  58.24 
| Epoch    8 | Train e:  62.73, T l:  0.2400 | Val e:  62.93 , Val l: 0.3032 | Test e:  61.82 
| Epoch    9 | Train e:  64.72, T l:  0.2349 | Val e:  61.50 , Val l: 0.3041 | Test e:  63.03 
| Epoch   10 | Train e:  65.29, T l:  0.2333 | Val e:  63.16 , Val l: 0.2961 | Test e:  64.20 
| Epoch   11 | Train e:  68.54, T l:  0.2317 | Val e:  63.13 , Val l: 0.3075 | Test e:  65.54 
| Epoch   12 | Train e:  70.96, T l:  0.2291 | Val e:  64.41 , Val l: 0.3123 | Test e:  65.36 
| Epoch   13 | Train e:  70.86, T l:  0.2268 | Val e:  64.96 , Val l: 0.3153 | Test e:  64.65 
| Epoch   14 | Train e:  72.70, T l:  0.2257 | Val e:  66.99 , Val l: 0.2934 | Test e:  66.78 
| Epoch   15 | Train e:  72.67, T l:  0.2241 | Val e:  66.13 , Val l: 0.2883 | Test e:  67.60 
| Epoch   16 | Train e:  73.34, T l:  0.2230 | Val e:  66.85 , Val l: 0.2887 | Test e:  67.16 
| Epoch   17 | Train e:  73.98, T l:  0.2211 | Val e:  67.92 , Val l: 0.2918 | Test e:  67.99 
| Epoch   18 | Train e:  74.37, T l:  0.2207 | Val e:  68.45 , Val l: 0.2804 | Test e:  68.24 
| Epoch   19 | Train e:  74.91, T l:  0.2200 | Val e:  69.75 , Val l: 0.2830 | Test e:  68.30 
| Epoch   20 | Train e:  74.82, T l:  0.2178 | Val e:  69.42 , Val l: 0.2887 | Test e:  69.28 
| Epoch   21 | Train e:  75.06, T l:  0.2183 | Val e:  69.39 , Val l: 0.2860 | Test e:  68.69 
| Epoch   22 | Train e:  75.47, T l:  0.2150 | Val e:  70.66 , Val l: 0.2820 | Test e:  69.89 
| Epoch   23 | Train e:  74.26, T l:  0.2146 | Val e:  68.72 , Val l: 0.3052 | Test e:  69.88 
| Epoch   24 | Train e:  68.42, T l:  0.2152 | Val e:  59.37 , Val l: 0.3102 | Test e:  59.48 
| Epoch   25 | Train e:  76.58, T l:  0.2186 | Val e:  73.82 , Val l: 0.2766 | Test e:  70.75 
| Epoch   26 | Train e:  76.57, T l:  0.2100 | Val e:  72.79 , Val l: 0.2819 | Test e:  71.52 
| Epoch   27 | Train e:  77.31, T l:  0.2092 | Val e:  74.73 , Val l: 0.2743 | Test e:  70.80 
| Epoch   28 | Train e:  77.10, T l:  0.2087 | Val e:  72.64 , Val l: 0.2992 | Test e:  69.20 
| Epoch   29 | Train e:  77.01, T l:  0.2078 | Val e:  73.46 , Val l: 0.2725 | Test e:  70.00 
| Epoch   30 | Train e:  77.93, T l:  0.2073 | Val e:  74.61 , Val l: 0.2666 | Test e:  73.17 
| Epoch   31 | Train e:  78.08, T l:  0.2035 | Val e:  75.70 , Val l: 0.2703 | Test e:  72.01 
| Epoch   32 | Train e:  78.94, T l:  0.2024 | Val e:  74.02 , Val l: 0.2635 | Test e:  72.78 
| Epoch   33 | Train e:  78.90, T l:  0.2026 | Val e:  74.81 , Val l: 0.2710 | Test e:  72.29 
| Epoch   34 | Train e:  78.34, T l:  0.2007 | Val e:  74.37 , Val l: 0.2646 | Test e:  71.31 
| Epoch   35 | Train e:  78.23, T l:  0.2025 | Val e:  73.74 , Val l: 0.2787 | Test e:  72.34 
| Epoch   36 | Train e:  79.14, T l:  0.2033 | Val e:  74.65 , Val l: 0.2645 | Test e:  72.64 
| Epoch   37 | Train e:  79.44, T l:  0.2011 | Val e:  75.32 , Val l: 0.2697 | Test e:  72.11 
| Epoch   38 | Train e:  79.28, T l:  0.2007 | Val e:  76.58 , Val l: 0.2597 | Test e:  73.70 
| Epoch   39 | Train e:  80.04, T l:  0.1983 | Val e:  76.03 , Val l: 0.2596 | Test e:  73.55 
| Epoch   40 | Train e:  80.15, T l:  0.1988 | Val e:  74.99 , Val l: 0.2619 | Test e:  74.03 
| Epoch   41 | Train e:  79.59, T l:  0.1966 | Val e:  75.18 , Val l: 0.2645 | Test e:  72.95 
| Epoch   42 | Train e:  80.92, T l:  0.1969 | Val e:  75.71 , Val l: 0.2622 | Test e:  73.48 
| Epoch   43 | Train e:  80.86, T l:  0.1957 | Val e:  76.06 , Val l: 0.2574 | Test e:  73.30 
| Epoch   44 | Train e:  81.23, T l:  0.1951 | Val e:  76.49 , Val l: 0.2590 | Test e:  73.56 
| Epoch   45 | Train e:  81.23, T l:  0.1965 | Val e:  75.92 , Val l: 0.2600 | Test e:  73.95 
| Epoch   46 | Train e:  81.67, T l:  0.1951 | Val e:  76.73 , Val l: 0.2582 | Test e:  74.02 
| Epoch   47 | Train e:  81.67, T l:  0.1938 | Val e:  75.43 , Val l: 0.2636 | Test e:  73.57 
| Epoch   48 | Train e:  81.50, T l:  0.1938 | Val e:  76.33 , Val l: 0.2559 | Test e:  73.97 
| Epoch   49 | Train e:  82.02, T l:  0.1927 | Val e:  76.03 , Val l: 0.2628 | Test e:  72.86 
| Epoch   50 | Train e:  81.53, T l:  0.1933 | Val e:  75.07 , Val l: 0.2613 | Test e:  74.60 
| Epoch   51 | Train e:  81.62, T l:  0.1918 | Val e:  75.78 , Val l: 0.2637 | Test e:  72.77 
| Epoch   52 | Train e:  81.60, T l:  0.1970 | Val e:  75.29 , Val l: 0.2686 | Test e:  72.97 
| Epoch   53 | Train e:  81.82, T l:  0.1914 | Val e:  76.82 , Val l: 0.2569 | Test e:  73.93 
| Epoch   54 | Train e:  82.15, T l:  0.1930 | Val e:  76.64 , Val l: 0.2547 | Test e:  74.56 
| Epoch   55 | Train e:  82.56, T l:  0.1918 | Val e:  76.28 , Val l: 0.2638 | Test e:  72.58 
| Epoch   56 | Train e:  82.92, T l:  0.1911 | Val e:  76.86 , Val l: 0.2574 | Test e:  74.24 
| Epoch   57 | Train e:  82.79, T l:  0.1888 | Val e:  76.38 , Val l: 0.2616 | Test e:  73.37 
| Epoch   58 | Train e:  82.92, T l:  0.1886 | Val e:  76.37 , Val l: 0.2587 | Test e:  73.33 
| Epoch   59 | Train e:  83.44, T l:  0.1880 | Val e:  77.12 , Val l: 0.2686 | Test e:  74.26 
| Epoch   60 | Train e:  83.54, T l:  0.1872 | Val e:  77.52 , Val l: 0.2536 | Test e:  74.66 
| Epoch   61 | Train e:  83.53, T l:  0.1877 | Val e:  76.41 , Val l: 0.2636 | Test e:  73.57 
| Epoch   62 | Train e:  82.79, T l:  0.1881 | Val e:  76.77 , Val l: 0.2601 | Test e:  73.04 
| Epoch   63 | Train e:  83.39, T l:  0.1878 | Val e:  76.59 , Val l: 0.2581 | Test e:  73.33 
| Epoch   64 | Train e:  83.24, T l:  0.1860 | Val e:  77.16 , Val l: 0.2607 | Test e:  74.62 
| Epoch   65 | Train e:  83.85, T l:  0.1859 | Val e:  77.07 , Val l: 0.2551 | Test e:  74.84 
| Epoch   66 | Train e:  83.29, T l:  0.1860 | Val e:  77.13 , Val l: 0.2682 | Test e:  73.75 
| Epoch   67 | Train e:  83.73, T l:  0.1848 | Val e:  77.33 , Val l: 0.2613 | Test e:  73.97 
| Epoch   68 | Train e:  83.82, T l:  0.1839 | Val e:  77.58 , Val l: 0.2564 | Test e:  73.45 
| Epoch   69 | Train e:  84.07, T l:  0.1845 | Val e:  76.84 , Val l: 0.2635 | Test e:  73.32 
| Epoch   70 | Train e:  83.85, T l:  0.1863 | Val e:  77.32 , Val l: 0.2553 | Test e:  72.83 
| Epoch   71 | Train e:  82.72, T l:  0.1840 | Val e:  74.45 , Val l: 0.2808 | Test e:  70.07 
| Epoch   72 | Train e:  83.99, T l:  0.1854 | Val e:  77.13 , Val l: 0.2581 | Test e:  74.04 
| Epoch   73 | Train e:  84.07, T l:  0.1827 | Val e:  76.97 , Val l: 0.2635 | Test e:  73.29 
| Epoch   74 | Train e:  84.13, T l:  0.1859 | Val e:  76.50 , Val l: 0.2621 | Test e:  74.46 
| Epoch   75 | Train e:  84.39, T l:  0.1831 | Val e:  76.81 , Val l: 0.2578 | Test e:  74.13 
| Epoch   76 | Train e:  83.53, T l:  0.1816 | Val e:  75.84 , Val l: 0.2701 | Test e:  73.00 
| Epoch   77 | Train e:  84.68, T l:  0.1824 | Val e:  77.74 , Val l: 0.2550 | Test e:  74.93 
| Epoch   78 | Train e:  84.34, T l:  0.1801 | Val e:  77.25 , Val l: 0.2579 | Test e:  75.59 
| Epoch   79 | Train e:  84.49, T l:  0.1807 | Val e:  76.75 , Val l: 0.2593 | Test e:  74.49 
| Epoch   80 | Train e:  84.74, T l:  0.1812 | Val e:  77.29 , Val l: 0.2575 | Test e:  73.87 
| Epoch   81 | Train e:  84.59, T l:  0.1812 | Val e:  76.99 , Val l: 0.2564 | Test e:  74.15 
| Epoch   82 | Train e:  84.50, T l:  0.1806 | Val e:  76.45 , Val l: 0.2617 | Test e:  73.77 
| Epoch   83 | Train e:  84.76, T l:  0.1811 | Val e:  76.63 , Val l: 0.2527 | Test e:  74.17 
| Epoch   84 | Train e:  84.34, T l:  0.1802 | Val e:  77.46 , Val l: 0.2521 | Test e:  75.13 
| Epoch   85 | Train e:  84.88, T l:  0.1812 | Val e:  77.26 , Val l: 0.2575 | Test e:  74.25 
| Epoch   86 | Train e:  84.81, T l:  0.1792 | Val e:  76.27 , Val l: 0.2566 | Test e:  73.90 
| Epoch   87 | Train e:  84.76, T l:  0.1789 | Val e:  76.12 , Val l: 0.2597 | Test e:  74.41 
| Epoch   88 | Train e:  85.09, T l:  0.1786 | Val e:  77.88 , Val l: 0.2513 | Test e:  74.37 
| Epoch   89 | Train e:  84.84, T l:  0.1776 | Val e:  76.65 , Val l: 0.2560 | Test e:  75.02 
| Epoch   90 | Train e:  85.08, T l:  0.1771 | Val e:  77.36 , Val l: 0.2570 | Test e:  74.43 
| Epoch   91 | Train e:  85.66, T l:  0.1770 | Val e:  77.79 , Val l: 0.2616 | Test e:  74.53 
| Epoch   92 | Train e:  84.89, T l:  0.1778 | Val e:  77.48 , Val l: 0.2523 | Test e:  74.75 
| Epoch   93 | Train e:  85.46, T l:  0.1775 | Val e:  77.23 , Val l: 0.2603 | Test e:  74.95 
| Epoch   94 | Train e:  85.53, T l:  0.1798 | Val e:  77.32 , Val l: 0.2557 | Test e:  74.80 
| Epoch   95 | Train e:  85.50, T l:  0.1767 | Val e:  76.67 , Val l: 0.2538 | Test e:  74.52 
| Epoch   96 | Train e:  85.74, T l:  0.1743 | Val e:  77.18 , Val l: 0.2601 | Test e:  74.35 
| Epoch   97 | Train e:  86.02, T l:  0.1763 | Val e:  77.58 , Val l: 0.2578 | Test e:  74.85 
| Epoch   98 | Train e:  86.01, T l:  0.1774 | Val e:  77.98 , Val l: 0.2554 | Test e:  74.12 
| Epoch   99 | Train e:  86.04, T l:  0.1756 | Val e:  77.38 , Val l: 0.2591 | Test e:  73.59 
| Epoch  100 | Train e:  86.08, T l:  0.1743 | Val e:  77.84 , Val l: 0.2565 | Test e:  75.09 
| Epoch  101 | Train e:  86.10, T l:  0.1743 | Val e:  78.30 , Val l: 0.2555 | Test e:  75.36 
| Epoch  102 | Train e:  86.09, T l:  0.1741 | Val e:  77.93 , Val l: 0.2591 | Test e:  75.32 
| Epoch  103 | Train e:  86.27, T l:  0.1745 | Val e:  76.79 , Val l: 0.2630 | Test e:  74.05 
| Epoch  104 | Train e:  86.24, T l:  0.1738 | Val e:  77.83 , Val l: 0.2522 | Test e:  75.29 
| Epoch  105 | Train e:  86.38, T l:  0.1725 | Val e:  77.99 , Val l: 0.2600 | Test e:  74.56 
| Epoch  106 | Train e:  86.41, T l:  0.1729 | Val e:  77.40 , Val l: 0.2681 | Test e:  74.18 
| Epoch  107 | Train e:  86.48, T l:  0.1742 | Val e:  77.51 , Val l: 0.2630 | Test e:  74.46 
| Epoch  108 | Train e:  86.46, T l:  0.1733 | Val e:  76.60 , Val l: 0.2584 | Test e:  72.44 
| Epoch  109 | Train e:  86.71, T l:  0.1714 | Val e:  77.41 , Val l: 0.2578 | Test e:  75.05 
| Epoch  110 | Train e:  86.50, T l:  0.1706 | Val e:  76.70 , Val l: 0.2642 | Test e:  73.94 
| Epoch  111 | Train e:  86.35, T l:  0.1715 | Val e:  77.94 , Val l: 0.2611 | Test e:  75.21 
| Epoch  112 | Train e:  86.79, T l:  0.1729 | Val e:  77.65 , Val l: 0.2549 | Test e:  74.46 
| Epoch  113 | Train e:  87.02, T l:  0.1703 | Val e:  77.98 , Val l: 0.2589 | Test e:  75.28 
| Epoch  114 | Train e:  86.94, T l:  0.1701 | Val e:  78.76 , Val l: 0.2576 | Test e:  75.77 
| Epoch  115 | Train e:  86.65, T l:  0.1701 | Val e:  77.23 , Val l: 0.2668 | Test e:  74.72 
| Epoch  116 | Train e:  87.04, T l:  0.1691 | Val e:  77.90 , Val l: 0.2599 | Test e:  75.16 
| Epoch  117 | Train e:  86.92, T l:  0.1702 | Val e:  78.15 , Val l: 0.2575 | Test e:  75.16 
| Epoch  118 | Train e:  87.10, T l:  0.1688 | Val e:  77.74 , Val l: 0.2623 | Test e:  74.37 
| Epoch  119 | Train e:  87.11, T l:  0.1689 | Val e:  77.36 , Val l: 0.2646 | Test e:  74.37 
| Epoch  120 | Train e:  87.27, T l:  0.1679 | Val e:  78.13 , Val l: 0.2547 | Test e:  75.20 
| Epoch  121 | Train e:  86.93, T l:  0.1688 | Val e:  78.11 , Val l: 0.2561 | Test e:  74.28 
| Epoch  122 | Train e:  86.83, T l:  0.1684 | Val e:  77.89 , Val l: 0.2562 | Test e:  74.72 
| Epoch  123 | Train e:  87.28, T l:  0.1677 | Val e:  78.63 , Val l: 0.2555 | Test e:  75.88 
| Epoch  124 | Train e:  87.07, T l:  0.1686 | Val e:  78.09 , Val l: 0.2582 | Test e:  74.65 
| Epoch  125 | Train e:  87.35, T l:  0.1696 | Val e:  78.01 , Val l: 0.2582 | Test e:  75.11 
| Epoch  126 | Train e:  86.89, T l:  0.1684 | Val e:  77.37 , Val l: 0.2549 | Test e:  74.07 
| Epoch  127 | Train e:  87.35, T l:  0.1663 | Val e:  78.24 , Val l: 0.2583 | Test e:  73.67 
| Epoch  128 | Train e:  87.23, T l:  0.1687 | Val e:  77.84 , Val l: 0.2601 | Test e:  75.39 
| Epoch  129 | Train e:  86.95, T l:  0.1659 | Val e:  77.90 , Val l: 0.2566 | Test e:  73.68 
| Epoch  130 | Train e:  87.45, T l:  0.1656 | Val e:  78.69 , Val l: 0.2565 | Test e:  74.74 
| Epoch  131 | Train e:  87.63, T l:  0.1657 | Val e:  78.81 , Val l: 0.2567 | Test e:  74.27 
| Epoch  132 | Train e:  87.41, T l:  0.1661 | Val e:  78.15 , Val l: 0.2586 | Test e:  74.26 
| Epoch  133 | Train e:  87.35, T l:  0.1658 | Val e:  77.53 , Val l: 0.2628 | Test e:  73.50 
| Epoch  134 | Train e:  87.56, T l:  0.1639 | Val e:  78.64 , Val l: 0.2555 | Test e:  75.31 
| Epoch  135 | Train e:  87.63, T l:  0.1632 | Val e:  78.75 , Val l: 0.2562 | Test e:  74.46 
| Epoch  136 | Train e:  87.70, T l:  0.1645 | Val e:  78.19 , Val l: 0.2567 | Test e:  74.39 
| Epoch  137 | Train e:  87.76, T l:  0.1646 | Val e:  78.78 , Val l: 0.2571 | Test e:  74.91 
| Epoch  138 | Train e:  87.73, T l:  0.1648 | Val e:  78.18 , Val l: 0.2629 | Test e:  75.07 
| Epoch  139 | Train e:  87.76, T l:  0.1634 | Val e:  77.42 , Val l: 0.2643 | Test e:  74.12 
| Epoch  140 | Train e:  87.87, T l:  0.1629 | Val e:  78.41 , Val l: 0.2644 | Test e:  74.40 
| Epoch  141 | Train e:  87.73, T l:  0.1623 | Val e:  78.67 , Val l: 0.2617 | Test e:  74.88 
| Epoch  142 | Train e:  87.88, T l:  0.1626 | Val e:  79.40 , Val l: 0.2571 | Test e:  74.81 
| Epoch  143 | Train e:  88.19, T l:  0.1621 | Val e:  78.64 , Val l: 0.2605 | Test e:  74.61 
| Epoch  144 | Train e:  88.17, T l:  0.1616 | Val e:  78.80 , Val l: 0.2588 | Test e:  74.49 
| Epoch  145 | Train e:  87.80, T l:  0.1621 | Val e:  78.64 , Val l: 0.2638 | Test e:  75.66 
| Epoch  146 | Train e:  88.22, T l:  0.1630 | Val e:  79.05 , Val l: 0.2553 | Test e:  74.16 
| Epoch  147 | Train e:  87.96, T l:  0.1602 | Val e:  79.00 , Val l: 0.2567 | Test e:  74.53 
| Epoch  148 | Train e:  88.26, T l:  0.1602 | Val e:  78.84 , Val l: 0.2614 | Test e:  74.21 
| Epoch  149 | Train e:  88.04, T l:  0.1615 | Val e:  78.16 , Val l: 0.2639 | Test e:  74.33 
| Epoch  150 | Train e:  88.34, T l:  0.1608 | Val e:  79.07 , Val l: 0.2601 | Test e:  74.65 
| Epoch  151 | Train e:  88.33, T l:  0.1610 | Val e:  79.35 , Val l: 0.2598 | Test e:  75.48 
| Epoch  152 | Train e:  88.29, T l:  0.1613 | Val e:  79.46 , Val l: 0.2564 | Test e:  75.06 
| Epoch  153 | Train e:  88.34, T l:  0.1609 | Val e:  78.95 , Val l: 0.2588 | Test e:  75.00 
| Epoch  154 | Train e:  88.00, T l:  0.1595 | Val e:  78.53 , Val l: 0.2648 | Test e:  74.41 
| Epoch  155 | Train e:  88.17, T l:  0.1595 | Val e:  78.46 , Val l: 0.2641 | Test e:  73.91 
| Epoch  156 | Train e:  88.28, T l:  0.1596 | Val e:  79.20 , Val l: 0.2572 | Test e:  75.01 
| Epoch  157 | Train e:  88.41, T l:  0.1592 | Val e:  78.89 , Val l: 0.2614 | Test e:  75.34 
| Epoch  158 | Train e:  88.26, T l:  0.1585 | Val e:  79.67 , Val l: 0.2566 | Test e:  74.61 
| Epoch  159 | Train e:  88.26, T l:  0.1596 | Val e:  78.91 , Val l: 0.2587 | Test e:  74.96 
| Epoch  160 | Train e:  88.39, T l:  0.1588 | Val e:  79.25 , Val l: 0.2589 | Test e:  74.55 
| Epoch  161 | Train e:  88.50, T l:  0.1584 | Val e:  78.74 , Val l: 0.2603 | Test e:  74.33 
| Epoch  162 | Train e:  88.63, T l:  0.1581 | Val e:  79.08 , Val l: 0.2588 | Test e:  74.23 
| Epoch  163 | Train e:  88.62, T l:  0.1578 | Val e:  79.05 , Val l: 0.2586 | Test e:  74.82 
| Epoch  164 | Train e:  88.61, T l:  0.1577 | Val e:  79.13 , Val l: 0.2577 | Test e:  74.48 
| Epoch  165 | Train e:  88.77, T l:  0.1574 | Val e:  79.76 , Val l: 0.2586 | Test e:  74.87 
| Epoch  166 | Train e:  88.54, T l:  0.1581 | Val e:  78.98 , Val l: 0.2661 | Test e:  74.97 
| Epoch  167 | Train e:  88.50, T l:  0.1563 | Val e:  78.72 , Val l: 0.2609 | Test e:  74.31 
| Epoch  168 | Train e:  88.71, T l:  0.1576 | Val e:  79.00 , Val l: 0.2620 | Test e:  74.79 
| Epoch  169 | Train e:  88.62, T l:  0.1575 | Val e:  78.83 , Val l: 0.2633 | Test e:  74.02 
| Epoch  170 | Train e:  88.64, T l:  0.1567 | Val e:  78.85 , Val l: 0.2608 | Test e:  74.13 
| Epoch  171 | Train e:  88.67, T l:  0.1574 | Val e:  79.27 , Val l: 0.2575 | Test e:  74.46 
| Epoch  172 | Train e:  88.62, T l:  0.1567 | Val e:  78.68 , Val l: 0.2614 | Test e:  74.23 
| Epoch  173 | Train e:  88.61, T l:  0.1560 | Val e:  79.19 , Val l: 0.2584 | Test e:  73.84 
| Epoch  174 | Train e:  88.72, T l:  0.1568 | Val e:  79.07 , Val l: 0.2621 | Test e:  73.96 
| Epoch  175 | Train e:  88.78, T l:  0.1558 | Val e:  79.18 , Val l: 0.2604 | Test e:  74.43 
| Epoch  176 | Train e:  88.76, T l:  0.1562 | Val e:  79.56 , Val l: 0.2588 | Test e:  74.38 
| Epoch  177 | Train e:  88.71, T l:  0.1550 | Val e:  78.85 , Val l: 0.2599 | Test e:  74.31 
| Epoch  178 | Train e:  88.75, T l:  0.1568 | Val e:  79.25 , Val l: 0.2606 | Test e:  73.93 
| Epoch  179 | Train e:  88.80, T l:  0.1545 | Val e:  79.18 , Val l: 0.2596 | Test e:  73.88 
| Epoch  180 | Train e:  88.84, T l:  0.1549 | Val e:  79.16 , Val l: 0.2590 | Test e:  74.19 
| Epoch  181 | Train e:  88.87, T l:  0.1543 | Val e:  79.34 , Val l: 0.2582 | Test e:  74.35 
| Epoch  182 | Train e:  88.80, T l:  0.1552 | Val e:  78.99 , Val l: 0.2617 | Test e:  74.10 
| Epoch  183 | Train e:  88.91, T l:  0.1547 | Val e:  79.43 , Val l: 0.2606 | Test e:  74.42 
| Epoch  184 | Train e:  88.89, T l:  0.1557 | Val e:  79.65 , Val l: 0.2581 | Test e:  74.36 
| Epoch  185 | Train e:  88.98, T l:  0.1537 | Val e:  79.61 , Val l: 0.2579 | Test e:  74.45 
| Epoch  186 | Train e:  89.00, T l:  0.1540 | Val e:  79.53 , Val l: 0.2591 | Test e:  74.37 
| Epoch  187 | Train e:  89.00, T l:  0.1540 | Val e:  79.51 , Val l: 0.2595 | Test e:  74.48 
| Epoch  188 | Train e:  89.01, T l:  0.1544 | Val e:  79.18 , Val l: 0.2618 | Test e:  74.33 
| Epoch  189 | Train e:  88.92, T l:  0.1546 | Val e:  79.26 , Val l: 0.2612 | Test e:  74.28 
| Epoch  190 | Train e:  89.02, T l:  0.1540 | Val e:  79.36 , Val l: 0.2611 | Test e:  74.28 
| Epoch  191 | Train e:  89.02, T l:  0.1534 | Val e:  79.29 , Val l: 0.2606 | Test e:  74.33 
| Epoch  192 | Train e:  88.96, T l:  0.1540 | Val e:  79.22 , Val l: 0.2606 | Test e:  74.22 
| Epoch  193 | Train e:  88.95, T l:  0.1539 | Val e:  79.37 , Val l: 0.2596 | Test e:  74.20 
| Epoch  194 | Train e:  89.00, T l:  0.1527 | Val e:  79.32 , Val l: 0.2609 | Test e:  74.42 
| Epoch  195 | Train e:  89.03, T l:  0.1525 | Val e:  79.22 , Val l: 0.2622 | Test e:  74.24 
| Epoch  196 | Train e:  89.06, T l:  0.1534 | Val e:  79.34 , Val l: 0.2603 | Test e:  74.28 
| Epoch  197 | Train e:  89.03, T l:  0.1526 | Val e:  79.38 , Val l: 0.2599 | Test e:  74.31 
| Epoch  198 | Train e:  89.05, T l:  0.1530 | Val e:  79.38 , Val l: 0.2599 | Test e:  74.19 
| Epoch  199 | Train e:  89.06, T l:  0.1529 | Val e:  79.38 , Val l: 0.2601 | Test e:  74.24 
