

===============================================
2022-12-19 05:51:24

main_gnnt.py --readout cls --gconv-dim 256 --tlayer-dim 256 --num-heads 8 --no-clustering --masked-attention --batch-size 32 --epochs 200 --warmup 20 --gconv-dropout 0.5 --tlayer-dropout 0.5 --seeds 2022 --device 1

None

dataset: ogbg-moltox21
use_val_loss: False
epochs: 200
scheduler: linear
warmup: 20
patience: 25
batch_size: 32
lr: 0.0001
weight_decay: 0.0001
clustering: False
masked_attention: True
gconv_dim: 256
tlayer_dim: 256
gconv_dropout: 0.5
tlayer_dropout: 0.5
num_layers: 4
num_heads: 8
skip_connection: none
readout: cls
seeds: 2022
save_state: False



| Epoch    0 | Train e:  49.47, T l:  0.5266 | Val e:  46.50 , Val l: 0.3344 | Test e:  47.20 
| Epoch    1 | Train e:  51.07, T l:  0.3218 | Val e:  49.28 , Val l: 0.3053 | Test e:  49.46 
| Epoch    2 | Train e:  54.60, T l:  0.2652 | Val e:  51.32 , Val l: 0.3106 | Test e:  52.21 
| Epoch    3 | Train e:  56.78, T l:  0.2526 | Val e:  54.22 , Val l: 0.3170 | Test e:  54.24 
| Epoch    4 | Train e:  57.64, T l:  0.2476 | Val e:  56.99 , Val l: 0.3206 | Test e:  57.49 
| Epoch    5 | Train e:  58.52, T l:  0.2455 | Val e:  58.15 , Val l: 0.3226 | Test e:  58.09 
| Epoch    6 | Train e:  57.45, T l:  0.2450 | Val e:  58.78 , Val l: 0.3185 | Test e:  57.94 
| Epoch    7 | Train e:  62.64, T l:  0.2384 | Val e:  62.39 , Val l: 0.3021 | Test e:  63.57 
| Epoch    8 | Train e:  62.99, T l:  0.2351 | Val e:  61.34 , Val l: 0.3014 | Test e:  63.17 
| Epoch    9 | Train e:  63.78, T l:  0.2327 | Val e:  62.04 , Val l: 0.3086 | Test e:  64.11 
| Epoch   10 | Train e:  66.65, T l:  0.2312 | Val e:  62.76 , Val l: 0.3018 | Test e:  64.76 
| Epoch   11 | Train e:  70.60, T l:  0.2280 | Val e:  63.51 , Val l: 0.3058 | Test e:  66.53 
| Epoch   12 | Train e:  71.86, T l:  0.2239 | Val e:  64.93 , Val l: 0.3129 | Test e:  66.81 
| Epoch   13 | Train e:  71.66, T l:  0.2228 | Val e:  66.46 , Val l: 0.2879 | Test e:  66.75 
| Epoch   14 | Train e:  73.34, T l:  0.2210 | Val e:  67.83 , Val l: 0.2871 | Test e:  67.28 
| Epoch   15 | Train e:  73.44, T l:  0.2205 | Val e:  67.45 , Val l: 0.2888 | Test e:  67.46 
| Epoch   16 | Train e:  74.89, T l:  0.2200 | Val e:  70.30 , Val l: 0.2823 | Test e:  67.59 
| Epoch   17 | Train e:  74.43, T l:  0.2154 | Val e:  71.92 , Val l: 0.3126 | Test e:  69.50 
| Epoch   18 | Train e:  73.77, T l:  0.2138 | Val e:  71.49 , Val l: 0.3484 | Test e:  69.52 
| Epoch   19 | Train e:  76.14, T l:  0.2126 | Val e:  71.99 , Val l: 0.3025 | Test e:  67.79 
| Epoch   20 | Train e:  76.51, T l:  0.2118 | Val e:  71.62 , Val l: 0.2927 | Test e:  68.72 
| Epoch   21 | Train e:  76.29, T l:  0.2073 | Val e:  73.04 , Val l: 0.2859 | Test e:  68.90 
| Epoch   22 | Train e:  75.29, T l:  0.2081 | Val e:  70.50 , Val l: 0.2763 | Test e:  68.81 
| Epoch   23 | Train e:  77.03, T l:  0.2066 | Val e:  74.04 , Val l: 0.2758 | Test e:  71.27 
| Epoch   24 | Train e:  78.84, T l:  0.2041 | Val e:  75.09 , Val l: 0.2647 | Test e:  71.54 
| Epoch   25 | Train e:  79.10, T l:  0.2032 | Val e:  74.42 , Val l: 0.3242 | Test e:  70.75 
| Epoch   26 | Train e:  79.07, T l:  0.2010 | Val e:  75.35 , Val l: 0.2687 | Test e:  71.62 
| Epoch   27 | Train e:  79.57, T l:  0.2000 | Val e:  74.44 , Val l: 0.2888 | Test e:  70.56 
| Epoch   28 | Train e:  79.35, T l:  0.2006 | Val e:  76.10 , Val l: 0.2650 | Test e:  72.42 
| Epoch   29 | Train e:  80.27, T l:  0.2017 | Val e:  75.90 , Val l: 0.2601 | Test e:  72.11 
| Epoch   30 | Train e:  79.86, T l:  0.2009 | Val e:  74.97 , Val l: 0.2706 | Test e:  71.77 
| Epoch   31 | Train e:  80.23, T l:  0.1992 | Val e:  74.95 , Val l: 0.2643 | Test e:  73.48 
| Epoch   32 | Train e:  80.21, T l:  0.1990 | Val e:  75.83 , Val l: 0.2590 | Test e:  73.50 
| Epoch   33 | Train e:  81.35, T l:  0.1971 | Val e:  76.19 , Val l: 0.2664 | Test e:  73.10 
| Epoch   34 | Train e:  80.75, T l:  0.1966 | Val e:  76.91 , Val l: 0.2606 | Test e:  72.34 
| Epoch   35 | Train e:  80.79, T l:  0.1942 | Val e:  76.12 , Val l: 0.2669 | Test e:  72.46 
| Epoch   36 | Train e:  81.52, T l:  0.1941 | Val e:  76.67 , Val l: 0.2604 | Test e:  73.75 
| Epoch   37 | Train e:  80.25, T l:  0.2008 | Val e:  75.24 , Val l: 0.2670 | Test e:  73.43 
| Epoch   38 | Train e:  80.65, T l:  0.1978 | Val e:  75.09 , Val l: 0.2620 | Test e:  72.03 
| Epoch   39 | Train e:  81.78, T l:  0.1932 | Val e:  77.09 , Val l: 0.2566 | Test e:  74.50 
| Epoch   40 | Train e:  81.98, T l:  0.1927 | Val e:  76.59 , Val l: 0.2561 | Test e:  74.28 
| Epoch   41 | Train e:  82.10, T l:  0.1942 | Val e:  76.72 , Val l: 0.2572 | Test e:  72.57 
| Epoch   42 | Train e:  82.16, T l:  0.1922 | Val e:  76.66 , Val l: 0.2612 | Test e:  72.75 
| Epoch   43 | Train e:  82.97, T l:  0.1918 | Val e:  76.92 , Val l: 0.2654 | Test e:  73.58 
| Epoch   44 | Train e:  82.46, T l:  0.1910 | Val e:  75.85 , Val l: 0.2622 | Test e:  73.40 
| Epoch   45 | Train e:  83.30, T l:  0.1887 | Val e:  77.06 , Val l: 0.2612 | Test e:  74.18 
| Epoch   46 | Train e:  81.97, T l:  0.1958 | Val e:  77.09 , Val l: 0.2581 | Test e:  74.16 
| Epoch   47 | Train e:  82.59, T l:  0.1898 | Val e:  76.70 , Val l: 0.2588 | Test e:  73.76 
| Epoch   48 | Train e:  82.92, T l:  0.1922 | Val e:  77.16 , Val l: 0.2561 | Test e:  73.90 
| Epoch   49 | Train e:  82.65, T l:  0.1895 | Val e:  76.86 , Val l: 0.2606 | Test e:  74.13 
| Epoch   50 | Train e:  83.11, T l:  0.1876 | Val e:  76.43 , Val l: 0.2686 | Test e:  73.42 
| Epoch   51 | Train e:  83.34, T l:  0.1881 | Val e:  76.27 , Val l: 0.2598 | Test e:  73.89 
| Epoch   52 | Train e:  83.17, T l:  0.1902 | Val e:  76.26 , Val l: 0.2748 | Test e:  72.91 
| Epoch   53 | Train e:  83.54, T l:  0.1879 | Val e:  77.55 , Val l: 0.2543 | Test e:  74.30 
| Epoch   54 | Train e:  83.37, T l:  0.1881 | Val e:  76.40 , Val l: 0.2650 | Test e:  74.90 
| Epoch   55 | Train e:  83.17, T l:  0.1869 | Val e:  76.23 , Val l: 0.2635 | Test e:  73.20 
| Epoch   56 | Train e:  83.54, T l:  0.1845 | Val e:  76.76 , Val l: 0.2612 | Test e:  72.51 
| Epoch   57 | Train e:  83.36, T l:  0.1880 | Val e:  77.12 , Val l: 0.2596 | Test e:  74.25 
| Epoch   58 | Train e:  83.82, T l:  0.1851 | Val e:  77.33 , Val l: 0.2558 | Test e:  73.93 
| Epoch   59 | Train e:  83.93, T l:  0.1862 | Val e:  77.18 , Val l: 0.2547 | Test e:  75.10 
| Epoch   60 | Train e:  83.62, T l:  0.1844 | Val e:  77.51 , Val l: 0.2576 | Test e:  73.82 
| Epoch   61 | Train e:  84.30, T l:  0.1858 | Val e:  77.71 , Val l: 0.2557 | Test e:  75.65 
| Epoch   62 | Train e:  84.06, T l:  0.1837 | Val e:  76.89 , Val l: 0.2568 | Test e:  75.25 
| Epoch   63 | Train e:  84.20, T l:  0.1825 | Val e:  77.35 , Val l: 0.2592 | Test e:  74.12 
| Epoch   64 | Train e:  83.79, T l:  0.1839 | Val e:  77.20 , Val l: 0.2579 | Test e:  73.15 
| Epoch   65 | Train e:  84.19, T l:  0.1827 | Val e:  77.18 , Val l: 0.2564 | Test e:  75.36 
| Epoch   66 | Train e:  83.55, T l:  0.1826 | Val e:  77.83 , Val l: 0.2566 | Test e:  73.80 
| Epoch   67 | Train e:  84.56, T l:  0.1821 | Val e:  77.71 , Val l: 0.2553 | Test e:  75.19 
| Epoch   68 | Train e:  84.73, T l:  0.1820 | Val e:  77.62 , Val l: 0.2532 | Test e:  74.99 
| Epoch   69 | Train e:  84.64, T l:  0.1812 | Val e:  77.49 , Val l: 0.2701 | Test e:  74.28 
| Epoch   70 | Train e:  84.57, T l:  0.1813 | Val e:  77.45 , Val l: 0.2611 | Test e:  75.47 
| Epoch   71 | Train e:  84.80, T l:  0.1807 | Val e:  77.13 , Val l: 0.2602 | Test e:  74.73 
| Epoch   72 | Train e:  85.27, T l:  0.1812 | Val e:  77.95 , Val l: 0.2547 | Test e:  75.15 
| Epoch   73 | Train e:  84.89, T l:  0.1819 | Val e:  77.88 , Val l: 0.2568 | Test e:  75.10 
| Epoch   74 | Train e:  84.20, T l:  0.1789 | Val e:  76.31 , Val l: 0.2827 | Test e:  73.50 
| Epoch   75 | Train e:  84.67, T l:  0.1836 | Val e:  76.85 , Val l: 0.2625 | Test e:  74.28 
| Epoch   76 | Train e:  85.32, T l:  0.1800 | Val e:  78.42 , Val l: 0.2552 | Test e:  76.05 
| Epoch   77 | Train e:  85.49, T l:  0.1796 | Val e:  77.88 , Val l: 0.2555 | Test e:  75.78 
| Epoch   78 | Train e:  85.39, T l:  0.1783 | Val e:  79.04 , Val l: 0.2558 | Test e:  75.88 
| Epoch   79 | Train e:  85.50, T l:  0.1784 | Val e:  78.33 , Val l: 0.2557 | Test e:  75.48 
| Epoch   80 | Train e:  85.97, T l:  0.1790 | Val e:  77.84 , Val l: 0.2596 | Test e:  76.80 
| Epoch   81 | Train e:  86.09, T l:  0.1776 | Val e:  78.66 , Val l: 0.2495 | Test e:  76.50 
| Epoch   82 | Train e:  86.08, T l:  0.1769 | Val e:  78.28 , Val l: 0.2515 | Test e:  76.39 
| Epoch   83 | Train e:  85.95, T l:  0.1758 | Val e:  78.80 , Val l: 0.2503 | Test e:  76.58 
| Epoch   84 | Train e:  85.64, T l:  0.1772 | Val e:  78.88 , Val l: 0.2475 | Test e:  76.07 
| Epoch   85 | Train e:  86.63, T l:  0.1764 | Val e:  79.05 , Val l: 0.2504 | Test e:  77.37 
| Epoch   86 | Train e:  85.70, T l:  0.1759 | Val e:  77.76 , Val l: 0.2554 | Test e:  75.57 
| Epoch   87 | Train e:  86.32, T l:  0.1769 | Val e:  79.33 , Val l: 0.2531 | Test e:  76.77 
| Epoch   88 | Train e:  85.45, T l:  0.1771 | Val e:  78.61 , Val l: 0.2530 | Test e:  75.88 
| Epoch   89 | Train e:  86.47, T l:  0.1736 | Val e:  78.81 , Val l: 0.2501 | Test e:  76.10 
| Epoch   90 | Train e:  86.68, T l:  0.1749 | Val e:  79.06 , Val l: 0.2532 | Test e:  75.94 
| Epoch   91 | Train e:  86.33, T l:  0.1763 | Val e:  78.65 , Val l: 0.2515 | Test e:  76.28 
| Epoch   92 | Train e:  86.29, T l:  0.1731 | Val e:  79.28 , Val l: 0.2495 | Test e:  76.47 
| Epoch   93 | Train e:  86.78, T l:  0.1729 | Val e:  79.25 , Val l: 0.2499 | Test e:  76.74 
| Epoch   94 | Train e:  86.38, T l:  0.1741 | Val e:  79.92 , Val l: 0.2462 | Test e:  76.80 
| Epoch   95 | Train e:  86.66, T l:  0.1728 | Val e:  79.85 , Val l: 0.2507 | Test e:  76.91 
| Epoch   96 | Train e:  86.00, T l:  0.1738 | Val e:  78.73 , Val l: 0.2493 | Test e:  76.26 
| Epoch   97 | Train e:  86.36, T l:  0.1729 | Val e:  79.80 , Val l: 0.2498 | Test e:  75.87 
| Epoch   98 | Train e:  86.49, T l:  0.1721 | Val e:  78.60 , Val l: 0.2502 | Test e:  76.60 
| Epoch   99 | Train e:  87.32, T l:  0.1724 | Val e:  78.90 , Val l: 0.2536 | Test e:  75.85 
| Epoch  100 | Train e:  87.19, T l:  0.1705 | Val e:  79.78 , Val l: 0.2457 | Test e:  76.42 
| Epoch  101 | Train e:  87.15, T l:  0.1717 | Val e:  79.89 , Val l: 0.2454 | Test e:  77.38 
| Epoch  102 | Train e:  86.92, T l:  0.1687 | Val e:  79.66 , Val l: 0.2503 | Test e:  76.73 
| Epoch  103 | Train e:  87.28, T l:  0.1703 | Val e:  79.89 , Val l: 0.2570 | Test e:  76.12 
| Epoch  104 | Train e:  87.25, T l:  0.1695 | Val e:  79.94 , Val l: 0.2486 | Test e:  76.28 
| Epoch  105 | Train e:  87.57, T l:  0.1683 | Val e:  80.14 , Val l: 0.2463 | Test e:  76.68 
| Epoch  106 | Train e:  87.03, T l:  0.1669 | Val e:  80.47 , Val l: 0.2534 | Test e:  76.73 
| Epoch  107 | Train e:  87.38, T l:  0.1670 | Val e:  79.89 , Val l: 0.2541 | Test e:  76.71 
| Epoch  108 | Train e:  87.63, T l:  0.1672 | Val e:  78.80 , Val l: 0.2573 | Test e:  76.31 
| Epoch  109 | Train e:  87.70, T l:  0.1673 | Val e:  79.86 , Val l: 0.2468 | Test e:  76.39 
| Epoch  110 | Train e:  87.71, T l:  0.1670 | Val e:  79.53 , Val l: 0.2511 | Test e:  76.80 
| Epoch  111 | Train e:  87.55, T l:  0.1676 | Val e:  79.02 , Val l: 0.2594 | Test e:  76.49 
| Epoch  112 | Train e:  87.22, T l:  0.1677 | Val e:  79.84 , Val l: 0.2519 | Test e:  75.67 
| Epoch  113 | Train e:  87.79, T l:  0.1664 | Val e:  80.08 , Val l: 0.2474 | Test e:  76.61 
| Epoch  114 | Train e:  87.10, T l:  0.1675 | Val e:  77.86 , Val l: 0.2627 | Test e:  74.65 
| Epoch  115 | Train e:  87.77, T l:  0.1659 | Val e:  79.53 , Val l: 0.2547 | Test e:  76.01 
| Epoch  116 | Train e:  87.65, T l:  0.1669 | Val e:  79.80 , Val l: 0.2469 | Test e:  76.39 
| Epoch  117 | Train e:  87.90, T l:  0.1655 | Val e:  80.21 , Val l: 0.2455 | Test e:  76.40 
| Epoch  118 | Train e:  87.74, T l:  0.1658 | Val e:  79.70 , Val l: 0.2548 | Test e:  76.42 
| Epoch  119 | Train e:  88.06, T l:  0.1644 | Val e:  79.86 , Val l: 0.2482 | Test e:  77.08 
| Epoch  120 | Train e:  87.93, T l:  0.1627 | Val e:  79.90 , Val l: 0.2552 | Test e:  76.64 
| Epoch  121 | Train e:  87.95, T l:  0.1633 | Val e:  79.45 , Val l: 0.2481 | Test e:  76.44 
| Epoch  122 | Train e:  88.21, T l:  0.1628 | Val e:  79.57 , Val l: 0.2523 | Test e:  76.50 
| Epoch  123 | Train e:  88.23, T l:  0.1628 | Val e:  79.55 , Val l: 0.2527 | Test e:  77.08 
| Epoch  124 | Train e:  87.96, T l:  0.1618 | Val e:  79.59 , Val l: 0.2535 | Test e:  76.24 
| Epoch  125 | Train e:  87.95, T l:  0.1617 | Val e:  79.45 , Val l: 0.2511 | Test e:  77.27 
| Epoch  126 | Train e:  88.25, T l:  0.1626 | Val e:  79.21 , Val l: 0.2554 | Test e:  76.56 
| Epoch  127 | Train e:  87.82, T l:  0.1616 | Val e:  79.78 , Val l: 0.2512 | Test e:  76.47 
| Epoch  128 | Train e:  88.10, T l:  0.1626 | Val e:  79.78 , Val l: 0.2538 | Test e:  76.56 
| Epoch  129 | Train e:  87.87, T l:  0.1620 | Val e:  78.87 , Val l: 0.2578 | Test e:  75.39 
| Epoch  130 | Train e:  88.36, T l:  0.1625 | Val e:  80.39 , Val l: 0.2537 | Test e:  77.10 
| Epoch  131 | Train e:  88.40, T l:  0.1607 | Val e:  79.31 , Val l: 0.2540 | Test e:  76.11 
| Epoch  132 | Train e:  88.57, T l:  0.1600 | Val e:  80.08 , Val l: 0.2530 | Test e:  76.22 
| Epoch  133 | Train e:  88.54, T l:  0.1603 | Val e:  80.18 , Val l: 0.2491 | Test e:  75.93 
| Epoch  134 | Train e:  88.39, T l:  0.1599 | Val e:  78.30 , Val l: 0.2689 | Test e:  75.89 
| Epoch  135 | Train e:  88.58, T l:  0.1602 | Val e:  79.96 , Val l: 0.2502 | Test e:  75.93 
| Epoch  136 | Train e:  88.46, T l:  0.1597 | Val e:  78.78 , Val l: 0.2539 | Test e:  76.11 
| Epoch  137 | Train e:  88.36, T l:  0.1611 | Val e:  79.32 , Val l: 0.2586 | Test e:  75.60 
| Epoch  138 | Train e:  88.35, T l:  0.1613 | Val e:  79.19 , Val l: 0.2726 | Test e:  75.66 
| Epoch  139 | Train e:  88.12, T l:  0.1593 | Val e:  79.57 , Val l: 0.2536 | Test e:  75.69 
| Epoch  140 | Train e:  88.59, T l:  0.1589 | Val e:  79.86 , Val l: 0.2563 | Test e:  75.79 
| Epoch  141 | Train e:  88.48, T l:  0.1591 | Val e:  80.51 , Val l: 0.2496 | Test e:  76.72 
| Epoch  142 | Train e:  88.69, T l:  0.1591 | Val e:  79.73 , Val l: 0.2594 | Test e:  76.51 
| Epoch  143 | Train e:  88.34, T l:  0.1602 | Val e:  79.52 , Val l: 0.2530 | Test e:  75.75 
| Epoch  144 | Train e:  88.77, T l:  0.1582 | Val e:  79.56 , Val l: 0.2562 | Test e:  76.58 
| Epoch  145 | Train e:  88.53, T l:  0.1569 | Val e:  79.55 , Val l: 0.2577 | Test e:  75.79 
| Epoch  146 | Train e:  88.49, T l:  0.1572 | Val e:  79.07 , Val l: 0.2514 | Test e:  75.75 
| Epoch  147 | Train e:  88.50, T l:  0.1580 | Val e:  80.12 , Val l: 0.2542 | Test e:  76.60 
| Epoch  148 | Train e:  88.94, T l:  0.1572 | Val e:  78.91 , Val l: 0.2574 | Test e:  76.66 
| Epoch  149 | Train e:  89.03, T l:  0.1565 | Val e:  79.35 , Val l: 0.2552 | Test e:  76.35 
| Epoch  150 | Train e:  88.61, T l:  0.1565 | Val e:  78.92 , Val l: 0.2610 | Test e:  76.12 
| Epoch  151 | Train e:  88.96, T l:  0.1575 | Val e:  79.61 , Val l: 0.2565 | Test e:  76.60 
| Epoch  152 | Train e:  88.93, T l:  0.1564 | Val e:  78.70 , Val l: 0.2591 | Test e:  75.70 
| Epoch  153 | Train e:  88.95, T l:  0.1562 | Val e:  79.39 , Val l: 0.2564 | Test e:  76.74 
| Epoch  154 | Train e:  88.99, T l:  0.1557 | Val e:  79.70 , Val l: 0.2533 | Test e:  76.18 
| Epoch  155 | Train e:  88.97, T l:  0.1548 | Val e:  79.20 , Val l: 0.2594 | Test e:  76.44 
| Epoch  156 | Train e:  88.87, T l:  0.1557 | Val e:  78.67 , Val l: 0.2634 | Test e:  75.66 
| Epoch  157 | Train e:  88.97, T l:  0.1546 | Val e:  78.68 , Val l: 0.2583 | Test e:  76.41 
| Epoch  158 | Train e:  88.88, T l:  0.1553 | Val e:  79.01 , Val l: 0.2614 | Test e:  76.20 
| Epoch  159 | Train e:  88.87, T l:  0.1563 | Val e:  78.73 , Val l: 0.2598 | Test e:  76.53 
| Epoch  160 | Train e:  88.85, T l:  0.1560 | Val e:  78.63 , Val l: 0.2647 | Test e:  75.93 
| Epoch  161 | Train e:  89.07, T l:  0.1547 | Val e:  78.69 , Val l: 0.2602 | Test e:  76.28 
| Epoch  162 | Train e:  88.85, T l:  0.1540 | Val e:  78.86 , Val l: 0.2621 | Test e:  76.27 
| Epoch  163 | Train e:  88.87, T l:  0.1544 | Val e:  78.08 , Val l: 0.2611 | Test e:  76.21 
| Epoch  164 | Train e:  89.10, T l:  0.1539 | Val e:  79.25 , Val l: 0.2587 | Test e:  76.58 
| Epoch  165 | Train e:  88.83, T l:  0.1536 | Val e:  78.40 , Val l: 0.2636 | Test e:  76.50 
| Epoch  166 | Train e:  89.09, T l:  0.1539 | Val e:  78.39 , Val l: 0.2624 | Test e:  76.49 
| Epoch  167 | Train e:  88.82, T l:  0.1540 | Val e:  78.03 , Val l: 0.2741 | Test e:  75.26 
| Epoch  168 | Train e:  89.04, T l:  0.1540 | Val e:  78.69 , Val l: 0.2601 | Test e:  76.65 
| Epoch  169 | Train e:  89.23, T l:  0.1535 | Val e:  78.23 , Val l: 0.2609 | Test e:  76.38 
| Epoch  170 | Train e:  89.23, T l:  0.1541 | Val e:  78.50 , Val l: 0.2622 | Test e:  76.24 
| Epoch  171 | Train e:  89.21, T l:  0.1526 | Val e:  78.81 , Val l: 0.2612 | Test e:  76.62 
| Epoch  172 | Train e:  89.20, T l:  0.1535 | Val e:  78.57 , Val l: 0.2595 | Test e:  76.40 
| Epoch  173 | Train e:  89.08, T l:  0.1522 | Val e:  78.42 , Val l: 0.2634 | Test e:  75.79 
| Epoch  174 | Train e:  89.29, T l:  0.1518 | Val e:  79.09 , Val l: 0.2594 | Test e:  76.36 
| Epoch  175 | Train e:  89.29, T l:  0.1525 | Val e:  78.56 , Val l: 0.2640 | Test e:  75.94 
| Epoch  176 | Train e:  89.08, T l:  0.1519 | Val e:  78.07 , Val l: 0.2611 | Test e:  75.88 
| Epoch  177 | Train e:  89.31, T l:  0.1515 | Val e:  78.63 , Val l: 0.2601 | Test e:  76.27 
| Epoch  178 | Train e:  89.40, T l:  0.1516 | Val e:  79.07 , Val l: 0.2589 | Test e:  76.43 
| Epoch  179 | Train e:  89.30, T l:  0.1521 | Val e:  78.33 , Val l: 0.2622 | Test e:  76.28 
| Epoch  180 | Train e:  89.43, T l:  0.1516 | Val e:  78.37 , Val l: 0.2631 | Test e:  76.36 
| Epoch  181 | Train e:  89.55, T l:  0.1514 | Val e:  78.39 , Val l: 0.2620 | Test e:  76.32 
| Epoch  182 | Train e:  89.56, T l:  0.1514 | Val e:  78.51 , Val l: 0.2631 | Test e:  76.85 
| Epoch  183 | Train e:  89.44, T l:  0.1521 | Val e:  77.98 , Val l: 0.2638 | Test e:  76.56 
| Epoch  184 | Train e:  89.56, T l:  0.1517 | Val e:  78.53 , Val l: 0.2611 | Test e:  76.76 
| Epoch  185 | Train e:  89.35, T l:  0.1511 | Val e:  77.89 , Val l: 0.2685 | Test e:  76.19 
| Epoch  186 | Train e:  89.32, T l:  0.1508 | Val e:  77.96 , Val l: 0.2642 | Test e:  76.20 
| Epoch  187 | Train e:  89.37, T l:  0.1515 | Val e:  78.09 , Val l: 0.2644 | Test e:  76.19 
| Epoch  188 | Train e:  89.35, T l:  0.1510 | Val e:  77.81 , Val l: 0.2646 | Test e:  76.09 
| Epoch  189 | Train e:  89.44, T l:  0.1501 | Val e:  77.59 , Val l: 0.2682 | Test e:  76.16 
| Epoch  190 | Train e:  89.52, T l:  0.1498 | Val e:  78.06 , Val l: 0.2654 | Test e:  76.38 
| Epoch  191 | Train e:  89.50, T l:  0.1505 | Val e:  77.84 , Val l: 0.2673 | Test e:  76.31 
| Epoch  192 | Train e:  89.50, T l:  0.1507 | Val e:  78.05 , Val l: 0.2648 | Test e:  76.28 
| Epoch  193 | Train e:  89.46, T l:  0.1508 | Val e:  77.98 , Val l: 0.2646 | Test e:  76.25 
| Epoch  194 | Train e:  89.54, T l:  0.1502 | Val e:  78.05 , Val l: 0.2649 | Test e:  76.37 
| Epoch  195 | Train e:  89.49, T l:  0.1501 | Val e:  77.99 , Val l: 0.2647 | Test e:  76.24 
| Epoch  196 | Train e:  89.51, T l:  0.1503 | Val e:  77.93 , Val l: 0.2649 | Test e:  76.33 
| Epoch  197 | Train e:  89.48, T l:  0.1494 | Val e:  77.96 , Val l: 0.2646 | Test e:  76.36 
| Epoch  198 | Train e:  89.50, T l:  0.1492 | Val e:  77.94 , Val l: 0.2650 | Test e:  76.40 
| Epoch  199 | Train e:  89.51, T l:  0.1502 | Val e:  78.02 , Val l: 0.2642 | Test e:  76.44 
