

===============================================
2022-12-24 16:50:03

main_parallel.py --readout mean --gconv-dim 256 --tlayer-dim 256 --num-heads 8 --no-clustering --masked-attention --batch-size 32 --epochs 200 --warmup 20 --gconv-dropout 0.5 --tlayer-dropout 0.5 --seeds 314159 --device 1

None

dataset: ogbg-moltox21
use_val_loss: False
epochs: 200
scheduler: linear
warmup: 20
patience: 25
batch_size: 32
lr: 0.0001
weight_decay: 0.0001
clustering: False
masked_attention: True
gconv_dim: 256
tlayer_dim: 256
gconv_dropout: 0.5
tlayer_dropout: 0.5
num_layers: 4
num_heads: 8
skip_connection: none
readout: mean
seeds: 314159
save_state: False



| Epoch    0 | Train e:  49.24, T l:  0.5279 | Val e:  51.54 , Val l: 0.3151 | Test e:  51.35 
| Epoch    1 | Train e:  55.57, T l:  0.2773 | Val e:  57.10 , Val l: 0.3179 | Test e:  57.23 
| Epoch    2 | Train e:  58.04, T l:  0.2432 | Val e:  58.66 , Val l: 0.3207 | Test e:  59.19 
| Epoch    3 | Train e:  63.17, T l:  0.2366 | Val e:  62.77 , Val l: 0.3070 | Test e:  63.49 
| Epoch    4 | Train e:  67.68, T l:  0.2316 | Val e:  65.36 , Val l: 0.2982 | Test e:  65.81 
| Epoch    5 | Train e:  70.07, T l:  0.2266 | Val e:  67.72 , Val l: 0.3010 | Test e:  67.06 
| Epoch    6 | Train e:  71.83, T l:  0.2213 | Val e:  69.05 , Val l: 0.2946 | Test e:  69.22 
| Epoch    7 | Train e:  73.16, T l:  0.2160 | Val e:  70.55 , Val l: 0.2861 | Test e:  69.51 
| Epoch    8 | Train e:  73.86, T l:  0.2137 | Val e:  70.62 , Val l: 0.3133 | Test e:  68.97 
| Epoch    9 | Train e:  75.23, T l:  0.2110 | Val e:  71.62 , Val l: 0.2915 | Test e:  69.64 
| Epoch   10 | Train e:  77.31, T l:  0.2085 | Val e:  72.30 , Val l: 0.2974 | Test e:  70.56 
| Epoch   11 | Train e:  78.02, T l:  0.2048 | Val e:  74.07 , Val l: 0.3201 | Test e:  71.37 
| Epoch   12 | Train e:  80.44, T l:  0.2017 | Val e:  75.62 , Val l: 0.2808 | Test e:  72.76 
| Epoch   13 | Train e:  81.48, T l:  0.2001 | Val e:  76.06 , Val l: 0.2858 | Test e:  73.17 
| Epoch   14 | Train e:  82.53, T l:  0.1981 | Val e:  76.46 , Val l: 0.2817 | Test e:  74.04 
| Epoch   15 | Train e:  82.78, T l:  0.1928 | Val e:  76.47 , Val l: 0.2909 | Test e:  74.02 
| Epoch   16 | Train e:  83.12, T l:  0.1913 | Val e:  76.72 , Val l: 0.3337 | Test e:  74.98 
| Epoch   17 | Train e:  83.87, T l:  0.1888 | Val e:  76.63 , Val l: 0.3469 | Test e:  73.95 
| Epoch   18 | Train e:  84.71, T l:  0.1878 | Val e:  77.82 , Val l: 0.2701 | Test e:  75.13 
| Epoch   19 | Train e:  84.34, T l:  0.1850 | Val e:  77.69 , Val l: 0.2996 | Test e:  74.35 
| Epoch   20 | Train e:  85.77, T l:  0.1823 | Val e:  78.59 , Val l: 0.2719 | Test e:  75.10 
| Epoch   21 | Train e:  86.04, T l:  0.1798 | Val e:  77.85 , Val l: 0.2783 | Test e:  73.94 
| Epoch   22 | Train e:  86.19, T l:  0.1785 | Val e:  77.89 , Val l: 0.3347 | Test e:  73.65 
| Epoch   23 | Train e:  86.70, T l:  0.1767 | Val e:  78.35 , Val l: 0.2859 | Test e:  73.85 
| Epoch   24 | Train e:  87.07, T l:  0.1729 | Val e:  79.17 , Val l: 0.2820 | Test e:  74.38 
| Epoch   25 | Train e:  87.52, T l:  0.1714 | Val e:  78.42 , Val l: 0.2911 | Test e:  73.96 
| Epoch   26 | Train e:  87.63, T l:  0.1701 | Val e:  79.31 , Val l: 0.2645 | Test e:  74.95 
| Epoch   27 | Train e:  88.09, T l:  0.1708 | Val e:  79.34 , Val l: 0.2741 | Test e:  75.07 
| Epoch   28 | Train e:  87.70, T l:  0.1673 | Val e:  78.63 , Val l: 0.3161 | Test e:  73.21 
| Epoch   29 | Train e:  88.82, T l:  0.1662 | Val e:  80.21 , Val l: 0.2757 | Test e:  74.40 
| Epoch   30 | Train e:  89.03, T l:  0.1652 | Val e:  80.65 , Val l: 0.2668 | Test e:  75.31 
| Epoch   31 | Train e:  89.11, T l:  0.1653 | Val e:  80.18 , Val l: 0.2839 | Test e:  74.51 
| Epoch   32 | Train e:  89.35, T l:  0.1630 | Val e:  80.31 , Val l: 0.2732 | Test e:  74.77 
| Epoch   33 | Train e:  88.95, T l:  0.1602 | Val e:  79.56 , Val l: 0.2945 | Test e:  74.62 
| Epoch   34 | Train e:  89.61, T l:  0.1611 | Val e:  80.28 , Val l: 0.2750 | Test e:  75.33 
| Epoch   35 | Train e:  89.95, T l:  0.1593 | Val e:  80.13 , Val l: 0.2815 | Test e:  75.00 
| Epoch   36 | Train e:  89.66, T l:  0.1556 | Val e:  79.68 , Val l: 0.2931 | Test e:  74.36 
| Epoch   37 | Train e:  90.02, T l:  0.1561 | Val e:  80.23 , Val l: 0.3013 | Test e:  74.60 
| Epoch   38 | Train e:  90.41, T l:  0.1551 | Val e:  80.17 , Val l: 0.2883 | Test e:  74.70 
| Epoch   39 | Train e:  89.82, T l:  0.1539 | Val e:  79.83 , Val l: 0.2967 | Test e:  74.54 
| Epoch   40 | Train e:  90.50, T l:  0.1538 | Val e:  80.28 , Val l: 0.2603 | Test e:  74.59 
| Epoch   41 | Train e:  90.62, T l:  0.1527 | Val e:  79.70 , Val l: 0.3274 | Test e:  74.85 
| Epoch   42 | Train e:  90.86, T l:  0.1517 | Val e:  80.38 , Val l: 0.2722 | Test e:  74.79 
| Epoch   43 | Train e:  90.17, T l:  0.1496 | Val e:  78.73 , Val l: 0.3307 | Test e:  73.43 
| Epoch   44 | Train e:  90.93, T l:  0.1494 | Val e:  79.15 , Val l: 0.3262 | Test e:  73.99 
| Epoch   45 | Train e:  91.10, T l:  0.1488 | Val e:  80.15 , Val l: 0.2790 | Test e:  75.25 
| Epoch   46 | Train e:  91.34, T l:  0.1470 | Val e:  79.74 , Val l: 0.2981 | Test e:  74.49 
| Epoch   47 | Train e:  90.85, T l:  0.1481 | Val e:  78.93 , Val l: 0.3692 | Test e:  73.76 
| Epoch   48 | Train e:  91.71, T l:  0.1449 | Val e:  80.20 , Val l: 0.2841 | Test e:  74.57 
| Epoch   49 | Train e:  91.73, T l:  0.1456 | Val e:  79.70 , Val l: 0.2942 | Test e:  74.18 
| Epoch   50 | Train e:  91.84, T l:  0.1445 | Val e:  79.93 , Val l: 0.2743 | Test e:  74.70 
| Epoch   51 | Train e:  91.86, T l:  0.1443 | Val e:  79.80 , Val l: 0.2769 | Test e:  74.94 
| Epoch   52 | Train e:  92.19, T l:  0.1437 | Val e:  80.83 , Val l: 0.2779 | Test e:  74.67 
| Epoch   53 | Train e:  91.93, T l:  0.1412 | Val e:  79.49 , Val l: 0.3088 | Test e:  74.41 
| Epoch   54 | Train e:  92.47, T l:  0.1401 | Val e:  80.30 , Val l: 0.2949 | Test e:  74.62 
| Epoch   55 | Train e:  92.46, T l:  0.1427 | Val e:  80.16 , Val l: 0.3155 | Test e:  74.18 
| Epoch   56 | Train e:  91.93, T l:  0.1392 | Val e:  79.33 , Val l: 0.3389 | Test e:  74.59 
| Epoch   57 | Train e:  92.75, T l:  0.1385 | Val e:  80.35 , Val l: 0.2932 | Test e:  74.40 
| Epoch   58 | Train e:  92.81, T l:  0.1367 | Val e:  80.14 , Val l: 0.3190 | Test e:  74.14 
| Epoch   59 | Train e:  92.65, T l:  0.1377 | Val e:  79.54 , Val l: 0.3057 | Test e:  74.07 
| Epoch   60 | Train e:  93.02, T l:  0.1372 | Val e:  80.38 , Val l: 0.2961 | Test e:  74.44 
| Epoch   61 | Train e:  92.99, T l:  0.1348 | Val e:  80.29 , Val l: 0.2972 | Test e:  74.26 
| Epoch   62 | Train e:  93.21, T l:  0.1354 | Val e:  80.11 , Val l: 0.2821 | Test e:  74.43 
| Epoch   63 | Train e:  93.24, T l:  0.1344 | Val e:  79.94 , Val l: 0.3305 | Test e:  74.83 
| Epoch   64 | Train e:  93.39, T l:  0.1332 | Val e:  79.87 , Val l: 0.2925 | Test e:  73.54 
| Epoch   65 | Train e:  93.29, T l:  0.1317 | Val e:  80.02 , Val l: 0.3308 | Test e:  73.90 
| Epoch   66 | Train e:  93.60, T l:  0.1315 | Val e:  80.35 , Val l: 0.3081 | Test e:  74.65 
| Epoch   67 | Train e:  92.94, T l:  0.1309 | Val e:  79.07 , Val l: 0.3324 | Test e:  73.69 
| Epoch   68 | Train e:  93.78, T l:  0.1293 | Val e:  79.86 , Val l: 0.3085 | Test e:  74.47 
| Epoch   69 | Train e:  93.88, T l:  0.1305 | Val e:  80.43 , Val l: 0.3172 | Test e:  74.30 
| Epoch   70 | Train e:  94.02, T l:  0.1282 | Val e:  80.26 , Val l: 0.3051 | Test e:  74.58 
| Epoch   71 | Train e:  93.77, T l:  0.1279 | Val e:  79.37 , Val l: 0.3626 | Test e:  73.99 
| Epoch   72 | Train e:  94.12, T l:  0.1273 | Val e:  80.11 , Val l: 0.3002 | Test e:  74.56 
| Epoch   73 | Train e:  94.34, T l:  0.1266 | Val e:  79.29 , Val l: 0.3297 | Test e:  74.84 
| Epoch   74 | Train e:  94.38, T l:  0.1253 | Val e:  79.39 , Val l: 0.3381 | Test e:  74.01 
| Epoch   75 | Train e:  94.27, T l:  0.1254 | Val e:  79.55 , Val l: 0.3486 | Test e:  74.49 
| Epoch   76 | Train e:  94.69, T l:  0.1249 | Val e:  79.61 , Val l: 0.3038 | Test e:  73.96 
| Epoch   77 | Train e:  94.56, T l:  0.1234 | Val e:  79.68 , Val l: 0.3473 | Test e:  74.60 
| Epoch   78 | Train e:  94.58, T l:  0.1243 | Val e:  79.81 , Val l: 0.3494 | Test e:  74.46 
| Epoch   79 | Train e:  95.00, T l:  0.1233 | Val e:  79.82 , Val l: 0.3269 | Test e:  74.37 
| Epoch   80 | Train e:  94.87, T l:  0.1222 | Val e:  79.52 , Val l: 0.3205 | Test e:  74.42 
| Epoch   81 | Train e:  94.76, T l:  0.1183 | Val e:  78.93 , Val l: 0.4207 | Test e:  74.45 
| Epoch   82 | Train e:  94.96, T l:  0.1201 | Val e:  79.70 , Val l: 0.3443 | Test e:  74.42 
| Epoch   83 | Train e:  95.25, T l:  0.1189 | Val e:  80.25 , Val l: 0.3370 | Test e:  74.45 
| Epoch   84 | Train e:  95.17, T l:  0.1183 | Val e:  78.92 , Val l: 0.3626 | Test e:  74.35 
| Epoch   85 | Train e:  95.03, T l:  0.1179 | Val e:  79.54 , Val l: 0.3409 | Test e:  74.19 
| Epoch   86 | Train e:  95.16, T l:  0.1207 | Val e:  79.54 , Val l: 0.3791 | Test e:  74.36 
| Epoch   87 | Train e:  95.63, T l:  0.1173 | Val e:  79.06 , Val l: 0.3305 | Test e:  74.20 
| Epoch   88 | Train e:  95.58, T l:  0.1171 | Val e:  78.96 , Val l: 0.3439 | Test e:  74.47 
| Epoch   89 | Train e:  95.42, T l:  0.1147 | Val e:  79.15 , Val l: 0.3650 | Test e:  74.75 
| Epoch   90 | Train e:  95.38, T l:  0.1138 | Val e:  78.78 , Val l: 0.3912 | Test e:  74.90 
| Epoch   91 | Train e:  95.42, T l:  0.1146 | Val e:  78.41 , Val l: 0.4069 | Test e:  73.90 
| Epoch   92 | Train e:  95.72, T l:  0.1133 | Val e:  78.69 , Val l: 0.3432 | Test e:  73.61 
| Epoch   93 | Train e:  95.64, T l:  0.1134 | Val e:  79.02 , Val l: 0.3734 | Test e:  74.04 
| Epoch   94 | Train e:  95.83, T l:  0.1131 | Val e:  78.73 , Val l: 0.3501 | Test e:  73.79 
| Epoch   95 | Train e:  96.02, T l:  0.1110 | Val e:  79.64 , Val l: 0.3702 | Test e:  74.15 
| Epoch   96 | Train e:  96.19, T l:  0.1105 | Val e:  78.79 , Val l: 0.3452 | Test e:  74.51 
| Epoch   97 | Train e:  96.26, T l:  0.1098 | Val e:  79.37 , Val l: 0.3582 | Test e:  74.94 
| Epoch   98 | Train e:  96.09, T l:  0.1092 | Val e:  79.45 , Val l: 0.3961 | Test e:  74.29 
| Epoch   99 | Train e:  96.11, T l:  0.1089 | Val e:  77.95 , Val l: 0.3610 | Test e:  75.13 
| Epoch  100 | Train e:  96.06, T l:  0.1085 | Val e:  78.08 , Val l: 0.4291 | Test e:  74.55 
| Epoch  101 | Train e:  96.43, T l:  0.1077 | Val e:  78.44 , Val l: 0.3543 | Test e:  74.07 
| Epoch  102 | Train e:  96.34, T l:  0.1066 | Val e:  78.61 , Val l: 0.4078 | Test e:  74.17 
| Epoch  103 | Train e:  96.65, T l:  0.1060 | Val e:  78.53 , Val l: 0.3502 | Test e:  74.01 
| Epoch  104 | Train e:  96.51, T l:  0.1052 | Val e:  78.33 , Val l: 0.4034 | Test e:  73.86 
| Epoch  105 | Train e:  96.47, T l:  0.1042 | Val e:  77.97 , Val l: 0.4303 | Test e:  74.20 
| Epoch  106 | Train e:  96.64, T l:  0.1049 | Val e:  78.00 , Val l: 0.4015 | Test e:  73.90 
| Epoch  107 | Train e:  96.80, T l:  0.1045 | Val e:  78.97 , Val l: 0.3627 | Test e:  74.56 
| Epoch  108 | Train e:  96.76, T l:  0.1036 | Val e:  78.21 , Val l: 0.3842 | Test e:  74.43 
| Epoch  109 | Train e:  96.91, T l:  0.1037 | Val e:  78.36 , Val l: 0.3574 | Test e:  74.45 
| Epoch  110 | Train e:  96.77, T l:  0.1020 | Val e:  78.34 , Val l: 0.4105 | Test e:  74.06 
| Epoch  111 | Train e:  96.82, T l:  0.1007 | Val e:  78.15 , Val l: 0.3945 | Test e:  74.19 
| Epoch  112 | Train e:  96.88, T l:  0.1000 | Val e:  77.71 , Val l: 0.3833 | Test e:  74.61 
| Epoch  113 | Train e:  97.06, T l:  0.1002 | Val e:  78.28 , Val l: 0.3910 | Test e:  74.98 
| Epoch  114 | Train e:  97.07, T l:  0.0987 | Val e:  77.72 , Val l: 0.3946 | Test e:  74.10 
| Epoch  115 | Train e:  97.21, T l:  0.0978 | Val e:  78.51 , Val l: 0.3937 | Test e:  74.01 
| Epoch  116 | Train e:  97.13, T l:  0.0984 | Val e:  77.87 , Val l: 0.4075 | Test e:  74.84 
| Epoch  117 | Train e:  97.23, T l:  0.0970 | Val e:  78.15 , Val l: 0.3941 | Test e:  74.43 
| Epoch  118 | Train e:  97.42, T l:  0.0972 | Val e:  78.33 , Val l: 0.3865 | Test e:  74.47 
| Epoch  119 | Train e:  97.09, T l:  0.0962 | Val e:  78.03 , Val l: 0.4280 | Test e:  74.26 
| Epoch  120 | Train e:  97.31, T l:  0.0963 | Val e:  78.07 , Val l: 0.4021 | Test e:  74.60 
| Epoch  121 | Train e:  97.21, T l:  0.0964 | Val e:  78.05 , Val l: 0.4289 | Test e:  74.31 
| Epoch  122 | Train e:  97.48, T l:  0.0939 | Val e:  78.58 , Val l: 0.4239 | Test e:  74.52 
| Epoch  123 | Train e:  97.46, T l:  0.0931 | Val e:  77.63 , Val l: 0.4340 | Test e:  74.58 
| Epoch  124 | Train e:  97.53, T l:  0.0924 | Val e:  78.31 , Val l: 0.4096 | Test e:  74.56 
| Epoch  125 | Train e:  97.45, T l:  0.0919 | Val e:  77.96 , Val l: 0.4542 | Test e:  73.45 
| Epoch  126 | Train e:  97.58, T l:  0.0915 | Val e:  77.87 , Val l: 0.4196 | Test e:  74.50 
| Epoch  127 | Train e:  97.66, T l:  0.0920 | Val e:  77.68 , Val l: 0.4248 | Test e:  74.05 
| Epoch  128 | Train e:  97.45, T l:  0.0919 | Val e:  77.87 , Val l: 0.4233 | Test e:  73.91 
| Epoch  129 | Train e:  97.61, T l:  0.0896 | Val e:  77.89 , Val l: 0.4289 | Test e:  74.12 
| Epoch  130 | Train e:  97.64, T l:  0.0908 | Val e:  77.67 , Val l: 0.4368 | Test e:  73.99 
| Epoch  131 | Train e:  97.82, T l:  0.0899 | Val e:  78.11 , Val l: 0.4160 | Test e:  74.53 
| Epoch  132 | Train e:  97.71, T l:  0.0899 | Val e:  77.78 , Val l: 0.4517 | Test e:  74.20 
| Epoch  133 | Train e:  97.80, T l:  0.0888 | Val e:  78.03 , Val l: 0.4212 | Test e:  74.80 
| Epoch  134 | Train e:  97.85, T l:  0.0883 | Val e:  77.73 , Val l: 0.4337 | Test e:  74.06 
| Epoch  135 | Train e:  97.85, T l:  0.0879 | Val e:  77.39 , Val l: 0.4679 | Test e:  73.69 
| Epoch  136 | Train e:  97.96, T l:  0.0878 | Val e:  78.12 , Val l: 0.4289 | Test e:  73.89 
| Epoch  137 | Train e:  98.00, T l:  0.0870 | Val e:  77.98 , Val l: 0.4366 | Test e:  74.38 
| Epoch  138 | Train e:  97.97, T l:  0.0865 | Val e:  77.90 , Val l: 0.4407 | Test e:  74.44 
| Epoch  139 | Train e:  97.88, T l:  0.0866 | Val e:  77.73 , Val l: 0.4561 | Test e:  74.04 
| Epoch  140 | Train e:  97.96, T l:  0.0853 | Val e:  77.42 , Val l: 0.4187 | Test e:  74.26 
| Epoch  141 | Train e:  98.07, T l:  0.0852 | Val e:  77.83 , Val l: 0.4440 | Test e:  74.21 
| Epoch  142 | Train e:  98.05, T l:  0.0860 | Val e:  77.58 , Val l: 0.4501 | Test e:  73.73 
| Epoch  143 | Train e:  98.09, T l:  0.0850 | Val e:  77.61 , Val l: 0.4438 | Test e:  74.15 
| Epoch  144 | Train e:  98.11, T l:  0.0846 | Val e:  77.61 , Val l: 0.4536 | Test e:  73.80 
| Epoch  145 | Train e:  98.00, T l:  0.0836 | Val e:  77.93 , Val l: 0.4503 | Test e:  74.06 
| Epoch  146 | Train e:  98.25, T l:  0.0833 | Val e:  77.15 , Val l: 0.4211 | Test e:  73.56 
| Epoch  147 | Train e:  98.19, T l:  0.0814 | Val e:  77.68 , Val l: 0.4682 | Test e:  74.23 
| Epoch  148 | Train e:  98.20, T l:  0.0819 | Val e:  77.24 , Val l: 0.4325 | Test e:  74.44 
| Epoch  149 | Train e:  98.24, T l:  0.0801 | Val e:  77.55 , Val l: 0.4503 | Test e:  73.76 
| Epoch  150 | Train e:  98.28, T l:  0.0802 | Val e:  77.55 , Val l: 0.4583 | Test e:  73.91 
| Epoch  151 | Train e:  98.27, T l:  0.0812 | Val e:  77.75 , Val l: 0.4584 | Test e:  74.10 
| Epoch  152 | Train e:  98.25, T l:  0.0817 | Val e:  77.48 , Val l: 0.4561 | Test e:  74.08 
| Epoch  153 | Train e:  98.29, T l:  0.0807 | Val e:  77.75 , Val l: 0.4637 | Test e:  73.94 
| Epoch  154 | Train e:  98.28, T l:  0.0799 | Val e:  77.27 , Val l: 0.4427 | Test e:  74.14 
| Epoch  155 | Train e:  98.33, T l:  0.0798 | Val e:  77.40 , Val l: 0.4585 | Test e:  74.18 
| Epoch  156 | Train e:  98.37, T l:  0.0797 | Val e:  77.21 , Val l: 0.4508 | Test e:  73.80 
| Epoch  157 | Train e:  98.37, T l:  0.0791 | Val e:  77.50 , Val l: 0.4654 | Test e:  73.85 
| Epoch  158 | Train e:  98.42, T l:  0.0784 | Val e:  77.27 , Val l: 0.4545 | Test e:  74.15 
| Epoch  159 | Train e:  98.32, T l:  0.0770 | Val e:  77.21 , Val l: 0.5060 | Test e:  73.99 
| Epoch  160 | Train e:  98.53, T l:  0.0778 | Val e:  77.29 , Val l: 0.4512 | Test e:  73.70 
| Epoch  161 | Train e:  98.52, T l:  0.0773 | Val e:  77.55 , Val l: 0.4549 | Test e:  74.20 
| Epoch  162 | Train e:  98.52, T l:  0.0766 | Val e:  77.42 , Val l: 0.4545 | Test e:  73.51 
| Epoch  163 | Train e:  98.54, T l:  0.0762 | Val e:  77.01 , Val l: 0.4866 | Test e:  73.27 
| Epoch  164 | Train e:  98.55, T l:  0.0776 | Val e:  77.23 , Val l: 0.4454 | Test e:  73.67 
| Epoch  165 | Train e:  98.63, T l:  0.0742 | Val e:  77.22 , Val l: 0.4533 | Test e:  74.01 
| Epoch  166 | Train e:  98.51, T l:  0.0755 | Val e:  76.95 , Val l: 0.4800 | Test e:  73.91 
| Epoch  167 | Train e:  98.59, T l:  0.0751 | Val e:  77.11 , Val l: 0.4774 | Test e:  73.84 
| Epoch  168 | Train e:  98.55, T l:  0.0759 | Val e:  77.24 , Val l: 0.4654 | Test e:  73.82 
| Epoch  169 | Train e:  98.57, T l:  0.0751 | Val e:  77.18 , Val l: 0.4885 | Test e:  74.01 
| Epoch  170 | Train e:  98.59, T l:  0.0739 | Val e:  77.28 , Val l: 0.4743 | Test e:  74.07 
| Epoch  171 | Train e:  98.65, T l:  0.0736 | Val e:  77.16 , Val l: 0.4806 | Test e:  74.00 
| Epoch  172 | Train e:  98.63, T l:  0.0734 | Val e:  77.41 , Val l: 0.4865 | Test e:  73.98 
| Epoch  173 | Train e:  98.70, T l:  0.0731 | Val e:  77.53 , Val l: 0.4693 | Test e:  74.05 
| Epoch  174 | Train e:  98.62, T l:  0.0740 | Val e:  77.22 , Val l: 0.4861 | Test e:  73.97 
| Epoch  175 | Train e:  98.71, T l:  0.0728 | Val e:  77.15 , Val l: 0.4675 | Test e:  73.88 
| Epoch  176 | Train e:  98.66, T l:  0.0718 | Val e:  77.09 , Val l: 0.4812 | Test e:  73.68 
| Epoch  177 | Train e:  98.62, T l:  0.0716 | Val e:  77.17 , Val l: 0.4877 | Test e:  73.87 
| Epoch  178 | Train e:  98.72, T l:  0.0707 | Val e:  77.09 , Val l: 0.4712 | Test e:  73.97 
| Epoch  179 | Train e:  98.77, T l:  0.0717 | Val e:  77.13 , Val l: 0.4710 | Test e:  73.80 
| Epoch  180 | Train e:  98.71, T l:  0.0703 | Val e:  77.10 , Val l: 0.4845 | Test e:  73.95 
| Epoch  181 | Train e:  98.73, T l:  0.0703 | Val e:  77.18 , Val l: 0.4811 | Test e:  73.71 
| Epoch  182 | Train e:  98.78, T l:  0.0711 | Val e:  77.11 , Val l: 0.4765 | Test e:  73.71 
| Epoch  183 | Train e:  98.74, T l:  0.0695 | Val e:  77.28 , Val l: 0.4843 | Test e:  73.66 
| Epoch  184 | Train e:  98.78, T l:  0.0700 | Val e:  77.34 , Val l: 0.4798 | Test e:  73.75 
| Epoch  185 | Train e:  98.76, T l:  0.0706 | Val e:  77.20 , Val l: 0.4859 | Test e:  73.75 
| Epoch  186 | Train e:  98.78, T l:  0.0706 | Val e:  77.11 , Val l: 0.4782 | Test e:  73.71 
| Epoch  187 | Train e:  98.76, T l:  0.0708 | Val e:  77.05 , Val l: 0.4859 | Test e:  73.77 
| Epoch  188 | Train e:  98.74, T l:  0.0699 | Val e:  77.09 , Val l: 0.4899 | Test e:  73.72 
| Epoch  189 | Train e:  98.77, T l:  0.0687 | Val e:  77.14 , Val l: 0.4867 | Test e:  73.81 
| Epoch  190 | Train e:  98.80, T l:  0.0680 | Val e:  77.15 , Val l: 0.4778 | Test e:  73.76 
| Epoch  191 | Train e:  98.77, T l:  0.0698 | Val e:  77.04 , Val l: 0.4931 | Test e:  73.84 
| Epoch  192 | Train e:  98.74, T l:  0.0682 | Val e:  77.01 , Val l: 0.4969 | Test e:  73.75 
| Epoch  193 | Train e:  98.81, T l:  0.0686 | Val e:  77.18 , Val l: 0.4875 | Test e:  73.76 
| Epoch  194 | Train e:  98.80, T l:  0.0687 | Val e:  77.09 , Val l: 0.4841 | Test e:  73.76 
| Epoch  195 | Train e:  98.78, T l:  0.0687 | Val e:  77.13 , Val l: 0.4912 | Test e:  73.77 
| Epoch  196 | Train e:  98.81, T l:  0.0674 | Val e:  77.12 , Val l: 0.4843 | Test e:  73.74 
| Epoch  197 | Train e:  98.82, T l:  0.0678 | Val e:  77.10 , Val l: 0.4841 | Test e:  73.74 
| Epoch  198 | Train e:  98.81, T l:  0.0686 | Val e:  77.06 , Val l: 0.4870 | Test e:  73.76 
| Epoch  199 | Train e:  98.81, T l:  0.0669 | Val e:  77.06 , Val l: 0.4858 | Test e:  73.76 
