

===============================================
2022-08-23 01:08:22

main.py --readout cls --gconv-dim 256 --tlayer-dim 256 --num-heads 8 --no-clustering --masked-attention --batch-size 32 --epochs 200 --warmup 20 --gconv-dropout 0.5 --tlayer-dropout 0.5 --seeds 23333 --device 1

None

dataset: ogbg-moltox21
use_val_loss: False
epochs: 200
scheduler: linear
warmup: 20
patience: 25
batch_size: 32
lr: 0.0001
weight_decay: 0.0001
clustering: False
masked_attention: True
gconv_dim: 256
tlayer_dim: 256
gconv_dropout: 0.5
tlayer_dropout: 0.5
num_layers: 4
num_heads: 8
skip_connection: none
readout: cls
seeds: 23333
save_state: False



| Epoch    0 | Train e:  44.00, T l:  0.6068 | Val e:  53.02 , Val l: 0.3909 | Test e:  49.91 
| Epoch    1 | Train e:  49.79, T l:  0.3388 | Val e:  56.65 , Val l: 0.3080 | Test e:  54.33 
| Epoch    2 | Train e:  55.07, T l:  0.2699 | Val e:  59.70 , Val l: 0.3100 | Test e:  57.41 
| Epoch    3 | Train e:  56.36, T l:  0.2530 | Val e:  60.25 , Val l: 0.3131 | Test e:  57.79 
| Epoch    4 | Train e:  56.00, T l:  0.2470 | Val e:  58.35 , Val l: 0.3141 | Test e:  57.67 
| Epoch    5 | Train e:  60.53, T l:  0.2433 | Val e:  62.99 , Val l: 0.3043 | Test e:  63.83 
| Epoch    6 | Train e:  64.78, T l:  0.2368 | Val e:  63.70 , Val l: 0.2988 | Test e:  64.57 
| Epoch    7 | Train e:  66.18, T l:  0.2355 | Val e:  63.17 , Val l: 0.2996 | Test e:  65.20 
| Epoch    8 | Train e:  67.55, T l:  0.2333 | Val e:  63.70 , Val l: 0.3013 | Test e:  65.33 
| Epoch    9 | Train e:  70.68, T l:  0.2290 | Val e:  67.20 , Val l: 0.2949 | Test e:  66.25 
| Epoch   10 | Train e:  73.38, T l:  0.2210 | Val e:  72.46 , Val l: 0.2800 | Test e:  69.50 
| Epoch   11 | Train e:  73.97, T l:  0.2141 | Val e:  72.13 , Val l: 0.2804 | Test e:  70.13 
| Epoch   12 | Train e:  75.17, T l:  0.2108 | Val e:  73.56 , Val l: 0.2735 | Test e:  70.82 
| Epoch   13 | Train e:  76.04, T l:  0.2081 | Val e:  73.70 , Val l: 0.2902 | Test e:  70.44 
| Epoch   14 | Train e:  77.60, T l:  0.2064 | Val e:  74.84 , Val l: 0.2894 | Test e:  71.56 
| Epoch   15 | Train e:  76.89, T l:  0.2038 | Val e:  74.54 , Val l: 0.2759 | Test e:  71.36 
| Epoch   16 | Train e:  78.59, T l:  0.2016 | Val e:  75.69 , Val l: 0.2855 | Test e:  72.17 
| Epoch   17 | Train e:  79.20, T l:  0.2008 | Val e:  76.49 , Val l: 0.2816 | Test e:  73.28 
| Epoch   18 | Train e:  80.06, T l:  0.2000 | Val e:  76.43 , Val l: 0.2940 | Test e:  73.48 
| Epoch   19 | Train e:  81.13, T l:  0.1982 | Val e:  77.95 , Val l: 0.2572 | Test e:  74.17 
| Epoch   20 | Train e:  80.69, T l:  0.1996 | Val e:  76.33 , Val l: 0.2820 | Test e:  73.51 
| Epoch   21 | Train e:  81.29, T l:  0.1945 | Val e:  77.50 , Val l: 0.2753 | Test e:  73.92 
| Epoch   22 | Train e:  82.46, T l:  0.1939 | Val e:  78.45 , Val l: 0.2563 | Test e:  74.28 
| Epoch   23 | Train e:  82.79, T l:  0.1923 | Val e:  78.86 , Val l: 0.2534 | Test e:  74.91 
| Epoch   24 | Train e:  83.60, T l:  0.1879 | Val e:  79.11 , Val l: 0.2609 | Test e:  74.58 
| Epoch   25 | Train e:  83.72, T l:  0.1893 | Val e:  78.30 , Val l: 0.2487 | Test e:  74.92 
| Epoch   26 | Train e:  83.95, T l:  0.1861 | Val e:  79.22 , Val l: 0.2479 | Test e:  74.52 
| Epoch   27 | Train e:  84.73, T l:  0.1864 | Val e:  78.40 , Val l: 0.2745 | Test e:  74.76 
| Epoch   28 | Train e:  85.07, T l:  0.1833 | Val e:  79.49 , Val l: 0.2511 | Test e:  74.46 
| Epoch   29 | Train e:  85.82, T l:  0.1819 | Val e:  79.86 , Val l: 0.2559 | Test e:  75.18 
| Epoch   30 | Train e:  86.37, T l:  0.1815 | Val e:  80.19 , Val l: 0.2554 | Test e:  75.55 
| Epoch   31 | Train e:  85.89, T l:  0.1804 | Val e:  79.46 , Val l: 0.2829 | Test e:  74.98 
| Epoch   32 | Train e:  86.97, T l:  0.1789 | Val e:  80.16 , Val l: 0.2496 | Test e:  74.97 
| Epoch   33 | Train e:  87.25, T l:  0.1765 | Val e:  80.67 , Val l: 0.2434 | Test e:  75.83 
| Epoch   34 | Train e:  86.98, T l:  0.1755 | Val e:  80.37 , Val l: 0.2621 | Test e:  75.29 
| Epoch   35 | Train e:  87.48, T l:  0.1742 | Val e:  80.43 , Val l: 0.2584 | Test e:  75.80 
| Epoch   36 | Train e:  87.55, T l:  0.1745 | Val e:  80.32 , Val l: 0.2532 | Test e:  76.11 
| Epoch   37 | Train e:  87.41, T l:  0.1721 | Val e:  80.27 , Val l: 0.2588 | Test e:  75.99 
| Epoch   38 | Train e:  87.64, T l:  0.1727 | Val e:  80.04 , Val l: 0.2576 | Test e:  76.48 
| Epoch   39 | Train e:  87.77, T l:  0.1715 | Val e:  80.67 , Val l: 0.2464 | Test e:  76.39 
| Epoch   40 | Train e:  88.04, T l:  0.1710 | Val e:  80.49 , Val l: 0.2586 | Test e:  75.80 
| Epoch   41 | Train e:  88.28, T l:  0.1684 | Val e:  80.34 , Val l: 0.2645 | Test e:  76.36 
| Epoch   42 | Train e:  88.42, T l:  0.1673 | Val e:  81.21 , Val l: 0.2547 | Test e:  76.55 
| Epoch   43 | Train e:  88.32, T l:  0.1673 | Val e:  80.61 , Val l: 0.2595 | Test e:  76.29 
| Epoch   44 | Train e:  88.46, T l:  0.1663 | Val e:  80.31 , Val l: 0.2505 | Test e:  76.68 
| Epoch   45 | Train e:  88.37, T l:  0.1656 | Val e:  80.87 , Val l: 0.2735 | Test e:  77.09 
| Epoch   46 | Train e:  88.68, T l:  0.1656 | Val e:  79.87 , Val l: 0.2549 | Test e:  76.46 
| Epoch   47 | Train e:  88.83, T l:  0.1641 | Val e:  80.01 , Val l: 0.2556 | Test e:  76.56 
| Epoch   48 | Train e:  88.69, T l:  0.1642 | Val e:  80.03 , Val l: 0.2541 | Test e:  76.58 
| Epoch   49 | Train e:  89.06, T l:  0.1633 | Val e:  80.75 , Val l: 0.2541 | Test e:  76.94 
| Epoch   50 | Train e:  89.04, T l:  0.1632 | Val e:  80.42 , Val l: 0.2483 | Test e:  76.91 
| Epoch   51 | Train e:  89.20, T l:  0.1633 | Val e:  80.71 , Val l: 0.2535 | Test e:  76.23 
| Epoch   52 | Train e:  89.30, T l:  0.1621 | Val e:  80.45 , Val l: 0.2534 | Test e:  76.08 
| Epoch   53 | Train e:  89.34, T l:  0.1619 | Val e:  80.27 , Val l: 0.2557 | Test e:  76.22 
| Epoch   54 | Train e:  89.53, T l:  0.1614 | Val e:  80.32 , Val l: 0.2507 | Test e:  77.34 
| Epoch   55 | Train e:  89.36, T l:  0.1611 | Val e:  80.26 , Val l: 0.2544 | Test e:  76.65 
| Epoch   56 | Train e:  89.53, T l:  0.1579 | Val e:  80.32 , Val l: 0.2651 | Test e:  76.59 
| Epoch   57 | Train e:  89.61, T l:  0.1597 | Val e:  80.23 , Val l: 0.2527 | Test e:  77.08 
| Epoch   58 | Train e:  89.79, T l:  0.1587 | Val e:  80.25 , Val l: 0.2499 | Test e:  77.05 
| Epoch   59 | Train e:  89.83, T l:  0.1583 | Val e:  80.54 , Val l: 0.2529 | Test e:  76.87 
| Epoch   60 | Train e:  89.87, T l:  0.1593 | Val e:  80.05 , Val l: 0.2564 | Test e:  76.60 
| Epoch   61 | Train e:  90.00, T l:  0.1558 | Val e:  80.49 , Val l: 0.2507 | Test e:  76.94 
| Epoch   62 | Train e:  89.95, T l:  0.1575 | Val e:  80.78 , Val l: 0.2526 | Test e:  76.88 
| Epoch   63 | Train e:  90.11, T l:  0.1545 | Val e:  80.40 , Val l: 0.2473 | Test e:  77.19 
| Epoch   64 | Train e:  90.16, T l:  0.1537 | Val e:  80.81 , Val l: 0.2452 | Test e:  77.34 
| Epoch   65 | Train e:  90.16, T l:  0.1550 | Val e:  81.10 , Val l: 0.2548 | Test e:  77.34 
| Epoch   66 | Train e:  90.21, T l:  0.1534 | Val e:  80.36 , Val l: 0.2447 | Test e:  76.72 
| Epoch   67 | Train e:  90.38, T l:  0.1541 | Val e:  80.86 , Val l: 0.2560 | Test e:  77.16 
| Epoch   68 | Train e:  90.47, T l:  0.1540 | Val e:  80.80 , Val l: 0.2481 | Test e:  77.71 
| Epoch   69 | Train e:  90.51, T l:  0.1541 | Val e:  80.76 , Val l: 0.2584 | Test e:  77.52 
| Epoch   70 | Train e:  90.55, T l:  0.1528 | Val e:  80.85 , Val l: 0.2471 | Test e:  77.34 
| Epoch   71 | Train e:  90.61, T l:  0.1529 | Val e:  80.44 , Val l: 0.2512 | Test e:  77.24 
| Epoch   72 | Train e:  90.70, T l:  0.1515 | Val e:  80.66 , Val l: 0.2477 | Test e:  77.53 
| Epoch   73 | Train e:  90.51, T l:  0.1494 | Val e:  80.61 , Val l: 0.2633 | Test e:  76.53 
| Epoch   74 | Train e:  90.84, T l:  0.1491 | Val e:  81.22 , Val l: 0.2513 | Test e:  77.88 
| Epoch   75 | Train e:  90.79, T l:  0.1504 | Val e:  80.95 , Val l: 0.2545 | Test e:  77.52 
| Epoch   76 | Train e:  90.91, T l:  0.1495 | Val e:  80.74 , Val l: 0.2566 | Test e:  77.57 
| Epoch   77 | Train e:  91.11, T l:  0.1487 | Val e:  81.01 , Val l: 0.2480 | Test e:  77.71 
| Epoch   78 | Train e:  91.07, T l:  0.1493 | Val e:  81.41 , Val l: 0.2515 | Test e:  77.81 
| Epoch   79 | Train e:  91.09, T l:  0.1495 | Val e:  81.29 , Val l: 0.2503 | Test e:  78.10 
| Epoch   80 | Train e:  91.16, T l:  0.1480 | Val e:  80.83 , Val l: 0.2492 | Test e:  77.37 
| Epoch   81 | Train e:  91.14, T l:  0.1484 | Val e:  80.99 , Val l: 0.2535 | Test e:  77.64 
| Epoch   82 | Train e:  91.27, T l:  0.1465 | Val e:  80.67 , Val l: 0.2551 | Test e:  77.15 
| Epoch   83 | Train e:  91.35, T l:  0.1471 | Val e:  81.08 , Val l: 0.2513 | Test e:  77.19 
| Epoch   84 | Train e:  91.38, T l:  0.1462 | Val e:  80.54 , Val l: 0.2519 | Test e:  77.80 
| Epoch   85 | Train e:  91.34, T l:  0.1453 | Val e:  81.21 , Val l: 0.2578 | Test e:  77.50 
| Epoch   86 | Train e:  91.33, T l:  0.1461 | Val e:  81.08 , Val l: 0.2575 | Test e:  77.63 
| Epoch   87 | Train e:  91.51, T l:  0.1454 | Val e:  80.75 , Val l: 0.2528 | Test e:  77.26 
| Epoch   88 | Train e:  91.39, T l:  0.1452 | Val e:  80.71 , Val l: 0.2575 | Test e:  76.84 
| Epoch   89 | Train e:  91.56, T l:  0.1445 | Val e:  81.18 , Val l: 0.2485 | Test e:  77.62 
| Epoch   90 | Train e:  91.37, T l:  0.1435 | Val e:  80.76 , Val l: 0.2580 | Test e:  77.77 
| Epoch   91 | Train e:  91.54, T l:  0.1438 | Val e:  80.60 , Val l: 0.2506 | Test e:  77.80 
| Epoch   92 | Train e:  91.73, T l:  0.1442 | Val e:  81.28 , Val l: 0.2469 | Test e:  78.25 
| Epoch   93 | Train e:  91.79, T l:  0.1429 | Val e:  81.09 , Val l: 0.2547 | Test e:  77.25 
| Epoch   94 | Train e:  91.82, T l:  0.1440 | Val e:  81.18 , Val l: 0.2544 | Test e:  77.95 
| Epoch   95 | Train e:  91.82, T l:  0.1424 | Val e:  80.98 , Val l: 0.2547 | Test e:  77.74 
| Epoch   96 | Train e:  91.81, T l:  0.1437 | Val e:  81.53 , Val l: 0.2519 | Test e:  77.47 
| Epoch   97 | Train e:  91.83, T l:  0.1426 | Val e:  81.16 , Val l: 0.2505 | Test e:  77.03 
| Epoch   98 | Train e:  91.85, T l:  0.1419 | Val e:  81.41 , Val l: 0.2517 | Test e:  77.66 
| Epoch   99 | Train e:  92.08, T l:  0.1411 | Val e:  80.72 , Val l: 0.2510 | Test e:  77.62 
| Epoch  100 | Train e:  92.12, T l:  0.1424 | Val e:  81.20 , Val l: 0.2540 | Test e:  78.24 
| Epoch  101 | Train e:  92.28, T l:  0.1413 | Val e:  81.15 , Val l: 0.2511 | Test e:  78.26 
| Epoch  102 | Train e:  92.12, T l:  0.1396 | Val e:  81.02 , Val l: 0.2535 | Test e:  77.60 
| Epoch  103 | Train e:  92.15, T l:  0.1399 | Val e:  80.90 , Val l: 0.2490 | Test e:  77.78 
| Epoch  104 | Train e:  92.21, T l:  0.1410 | Val e:  81.12 , Val l: 0.2447 | Test e:  78.11 
| Epoch  105 | Train e:  92.16, T l:  0.1400 | Val e:  81.35 , Val l: 0.2562 | Test e:  77.49 
| Epoch  106 | Train e:  92.33, T l:  0.1408 | Val e:  81.05 , Val l: 0.2518 | Test e:  77.65 
| Epoch  107 | Train e:  92.35, T l:  0.1390 | Val e:  81.14 , Val l: 0.2611 | Test e:  78.05 
| Epoch  108 | Train e:  92.53, T l:  0.1396 | Val e:  81.25 , Val l: 0.2536 | Test e:  78.02 
| Epoch  109 | Train e:  92.55, T l:  0.1375 | Val e:  81.61 , Val l: 0.2565 | Test e:  78.61 
| Epoch  110 | Train e:  92.36, T l:  0.1390 | Val e:  81.69 , Val l: 0.2614 | Test e:  78.18 
| Epoch  111 | Train e:  92.58, T l:  0.1376 | Val e:  81.80 , Val l: 0.2571 | Test e:  78.57 
| Epoch  112 | Train e:  92.49, T l:  0.1374 | Val e:  81.08 , Val l: 0.2615 | Test e:  78.10 
| Epoch  113 | Train e:  92.52, T l:  0.1384 | Val e:  80.79 , Val l: 0.2566 | Test e:  77.36 
| Epoch  114 | Train e:  92.67, T l:  0.1371 | Val e:  81.04 , Val l: 0.2567 | Test e:  77.70 
| Epoch  115 | Train e:  92.48, T l:  0.1359 | Val e:  80.76 , Val l: 0.2817 | Test e:  77.27 
| Epoch  116 | Train e:  92.62, T l:  0.1377 | Val e:  80.94 , Val l: 0.2559 | Test e:  78.39 
| Epoch  117 | Train e:  92.81, T l:  0.1356 | Val e:  80.83 , Val l: 0.2603 | Test e:  77.98 
| Epoch  118 | Train e:  92.79, T l:  0.1363 | Val e:  81.01 , Val l: 0.2503 | Test e:  78.11 
| Epoch  119 | Train e:  92.90, T l:  0.1353 | Val e:  80.73 , Val l: 0.2623 | Test e:  78.30 
| Epoch  120 | Train e:  92.88, T l:  0.1354 | Val e:  81.15 , Val l: 0.2598 | Test e:  77.68 
| Epoch  121 | Train e:  92.94, T l:  0.1343 | Val e:  81.35 , Val l: 0.2549 | Test e:  77.51 
| Epoch  122 | Train e:  92.95, T l:  0.1339 | Val e:  80.71 , Val l: 0.2630 | Test e:  77.47 
| Epoch  123 | Train e:  93.13, T l:  0.1328 | Val e:  80.69 , Val l: 0.2577 | Test e:  77.82 
| Epoch  124 | Train e:  93.02, T l:  0.1348 | Val e:  80.87 , Val l: 0.2565 | Test e:  77.97 
| Epoch  125 | Train e:  93.07, T l:  0.1334 | Val e:  81.22 , Val l: 0.2499 | Test e:  77.71 
| Epoch  126 | Train e:  93.10, T l:  0.1335 | Val e:  81.38 , Val l: 0.2533 | Test e:  78.24 
| Epoch  127 | Train e:  93.26, T l:  0.1330 | Val e:  81.20 , Val l: 0.2617 | Test e:  78.27 
| Epoch  128 | Train e:  93.27, T l:  0.1321 | Val e:  81.05 , Val l: 0.2627 | Test e:  78.22 
| Epoch  129 | Train e:  93.26, T l:  0.1334 | Val e:  81.03 , Val l: 0.2595 | Test e:  77.99 
| Epoch  130 | Train e:  93.26, T l:  0.1319 | Val e:  81.09 , Val l: 0.2702 | Test e:  77.88 
| Epoch  131 | Train e:  93.35, T l:  0.1317 | Val e:  80.85 , Val l: 0.2639 | Test e:  77.75 
| Epoch  132 | Train e:  93.26, T l:  0.1307 | Val e:  80.60 , Val l: 0.2695 | Test e:  77.07 
| Epoch  133 | Train e:  93.49, T l:  0.1308 | Val e:  80.81 , Val l: 0.2630 | Test e:  77.64 
| Epoch  134 | Train e:  93.40, T l:  0.1305 | Val e:  80.92 , Val l: 0.2652 | Test e:  77.54 
| Epoch  135 | Train e:  93.44, T l:  0.1311 | Val e:  80.58 , Val l: 0.2658 | Test e:  77.71 
| Epoch  136 | Train e:  93.37, T l:  0.1303 | Val e:  80.86 , Val l: 0.2715 | Test e:  77.68 
| Epoch  137 | Train e:  93.49, T l:  0.1294 | Val e:  80.45 , Val l: 0.2760 | Test e:  77.60 
| Epoch  138 | Train e:  93.57, T l:  0.1297 | Val e:  80.86 , Val l: 0.2618 | Test e:  77.80 
| Epoch  139 | Train e:  93.46, T l:  0.1313 | Val e:  80.59 , Val l: 0.2631 | Test e:  77.64 
| Epoch  140 | Train e:  93.60, T l:  0.1285 | Val e:  81.25 , Val l: 0.2669 | Test e:  77.86 
| Epoch  141 | Train e:  93.59, T l:  0.1284 | Val e:  80.24 , Val l: 0.2650 | Test e:  78.25 
| Epoch  142 | Train e:  93.67, T l:  0.1290 | Val e:  80.52 , Val l: 0.2698 | Test e:  78.30 
| Epoch  143 | Train e:  93.66, T l:  0.1272 | Val e:  80.53 , Val l: 0.2686 | Test e:  77.91 
| Epoch  144 | Train e:  93.75, T l:  0.1291 | Val e:  80.42 , Val l: 0.2671 | Test e:  77.50 
| Epoch  145 | Train e:  93.81, T l:  0.1275 | Val e:  80.85 , Val l: 0.2667 | Test e:  78.30 
| Epoch  146 | Train e:  93.80, T l:  0.1268 | Val e:  80.68 , Val l: 0.2665 | Test e:  78.00 
| Epoch  147 | Train e:  93.88, T l:  0.1275 | Val e:  80.84 , Val l: 0.2647 | Test e:  77.61 
| Epoch  148 | Train e:  93.83, T l:  0.1280 | Val e:  80.44 , Val l: 0.2649 | Test e:  77.48 
| Epoch  149 | Train e:  93.88, T l:  0.1261 | Val e:  80.47 , Val l: 0.2775 | Test e:  77.65 
| Epoch  150 | Train e:  93.98, T l:  0.1269 | Val e:  80.47 , Val l: 0.2762 | Test e:  77.95 
| Epoch  151 | Train e:  93.87, T l:  0.1269 | Val e:  79.95 , Val l: 0.2755 | Test e:  77.13 
| Epoch  152 | Train e:  93.96, T l:  0.1255 | Val e:  80.58 , Val l: 0.2717 | Test e:  77.88 
| Epoch  153 | Train e:  94.09, T l:  0.1264 | Val e:  81.00 , Val l: 0.2637 | Test e:  78.19 
| Epoch  154 | Train e:  94.03, T l:  0.1253 | Val e:  80.62 , Val l: 0.2730 | Test e:  77.59 
| Epoch  155 | Train e:  93.90, T l:  0.1253 | Val e:  80.25 , Val l: 0.2676 | Test e:  76.94 
| Epoch  156 | Train e:  94.12, T l:  0.1261 | Val e:  80.82 , Val l: 0.2703 | Test e:  77.85 
| Epoch  157 | Train e:  94.04, T l:  0.1255 | Val e:  80.23 , Val l: 0.2843 | Test e:  77.64 
| Epoch  158 | Train e:  94.16, T l:  0.1245 | Val e:  80.49 , Val l: 0.2737 | Test e:  77.67 
| Epoch  159 | Train e:  94.16, T l:  0.1241 | Val e:  80.66 , Val l: 0.2696 | Test e:  77.53 
| Epoch  160 | Train e:  94.20, T l:  0.1239 | Val e:  80.45 , Val l: 0.2737 | Test e:  77.60 
| Epoch  161 | Train e:  94.24, T l:  0.1233 | Val e:  80.52 , Val l: 0.2719 | Test e:  77.60 
| Epoch  162 | Train e:  94.18, T l:  0.1231 | Val e:  80.76 , Val l: 0.2784 | Test e:  77.44 
| Epoch  163 | Train e:  94.27, T l:  0.1245 | Val e:  80.73 , Val l: 0.2698 | Test e:  77.61 
| Epoch  164 | Train e:  94.31, T l:  0.1234 | Val e:  80.48 , Val l: 0.2825 | Test e:  77.75 
| Epoch  165 | Train e:  94.31, T l:  0.1231 | Val e:  80.41 , Val l: 0.2750 | Test e:  77.53 
| Epoch  166 | Train e:  94.31, T l:  0.1238 | Val e:  80.29 , Val l: 0.2768 | Test e:  77.89 
| Epoch  167 | Train e:  94.26, T l:  0.1217 | Val e:  80.54 , Val l: 0.2776 | Test e:  77.99 
| Epoch  168 | Train e:  94.45, T l:  0.1233 | Val e:  80.70 , Val l: 0.2698 | Test e:  78.06 
| Epoch  169 | Train e:  94.33, T l:  0.1227 | Val e:  80.46 , Val l: 0.2758 | Test e:  77.80 
| Epoch  170 | Train e:  94.40, T l:  0.1224 | Val e:  80.30 , Val l: 0.2733 | Test e:  77.85 
| Epoch  171 | Train e:  94.42, T l:  0.1220 | Val e:  80.71 , Val l: 0.2695 | Test e:  77.56 
| Epoch  172 | Train e:  94.41, T l:  0.1214 | Val e:  80.67 , Val l: 0.2717 | Test e:  77.60 
| Epoch  173 | Train e:  94.49, T l:  0.1218 | Val e:  80.85 , Val l: 0.2780 | Test e:  78.03 
| Epoch  174 | Train e:  94.48, T l:  0.1220 | Val e:  80.61 , Val l: 0.2748 | Test e:  77.83 
| Epoch  175 | Train e:  94.51, T l:  0.1218 | Val e:  80.52 , Val l: 0.2764 | Test e:  77.71 
| Epoch  176 | Train e:  94.50, T l:  0.1205 | Val e:  80.32 , Val l: 0.2788 | Test e:  77.93 
| Epoch  177 | Train e:  94.53, T l:  0.1209 | Val e:  80.47 , Val l: 0.2784 | Test e:  78.06 
| Epoch  178 | Train e:  94.60, T l:  0.1211 | Val e:  80.44 , Val l: 0.2785 | Test e:  77.95 
| Epoch  179 | Train e:  94.57, T l:  0.1195 | Val e:  80.35 , Val l: 0.2766 | Test e:  78.04 
| Epoch  180 | Train e:  94.63, T l:  0.1202 | Val e:  80.59 , Val l: 0.2798 | Test e:  77.92 
| Epoch  181 | Train e:  94.59, T l:  0.1200 | Val e:  80.39 , Val l: 0.2832 | Test e:  77.77 
| Epoch  182 | Train e:  94.66, T l:  0.1211 | Val e:  80.41 , Val l: 0.2759 | Test e:  77.93 
| Epoch  183 | Train e:  94.66, T l:  0.1199 | Val e:  80.49 , Val l: 0.2796 | Test e:  77.73 
| Epoch  184 | Train e:  94.66, T l:  0.1205 | Val e:  80.68 , Val l: 0.2765 | Test e:  77.83 
| Epoch  185 | Train e:  94.65, T l:  0.1196 | Val e:  80.73 , Val l: 0.2820 | Test e:  77.79 
| Epoch  186 | Train e:  94.65, T l:  0.1198 | Val e:  80.36 , Val l: 0.2784 | Test e:  77.88 
| Epoch  187 | Train e:  94.64, T l:  0.1191 | Val e:  80.47 , Val l: 0.2824 | Test e:  77.82 
| Epoch  188 | Train e:  94.64, T l:  0.1188 | Val e:  80.49 , Val l: 0.2843 | Test e:  77.64 
| Epoch  189 | Train e:  94.71, T l:  0.1190 | Val e:  80.50 , Val l: 0.2815 | Test e:  77.86 
| Epoch  190 | Train e:  94.71, T l:  0.1191 | Val e:  80.63 , Val l: 0.2840 | Test e:  77.91 
| Epoch  191 | Train e:  94.71, T l:  0.1190 | Val e:  80.54 , Val l: 0.2806 | Test e:  77.93 
| Epoch  192 | Train e:  94.76, T l:  0.1180 | Val e:  80.64 , Val l: 0.2754 | Test e:  77.99 
| Epoch  193 | Train e:  94.76, T l:  0.1178 | Val e:  80.57 , Val l: 0.2788 | Test e:  78.05 
| Epoch  194 | Train e:  94.72, T l:  0.1186 | Val e:  80.51 , Val l: 0.2835 | Test e:  77.90 
| Epoch  195 | Train e:  94.73, T l:  0.1175 | Val e:  80.52 , Val l: 0.2840 | Test e:  77.85 
| Epoch  196 | Train e:  94.76, T l:  0.1192 | Val e:  80.53 , Val l: 0.2825 | Test e:  77.88 
| Epoch  197 | Train e:  94.76, T l:  0.1190 | Val e:  80.55 , Val l: 0.2830 | Test e:  77.82 
| Epoch  198 | Train e:  94.77, T l:  0.1180 | Val e:  80.59 , Val l: 0.2820 | Test e:  77.88 
| Epoch  199 | Train e:  94.77, T l:  0.1189 | Val e:  80.59 , Val l: 0.2820 | Test e:  77.88 
