

===============================================
2022-12-19 07:58:40

main_g.py --readout mean --gconv-dim 256 --tlayer-dim 256 --num-heads 8 --no-clustering --masked-attention --batch-size 32 --epochs 200 --warmup 20 --gconv-dropout 0.5 --tlayer-dropout 0.5 --seeds 2020 --device 1

None

dataset: ogbg-moltox21
use_val_loss: False
epochs: 200
scheduler: linear
warmup: 20
patience: 25
batch_size: 32
lr: 0.0001
weight_decay: 0.0001
clustering: False
masked_attention: True
gconv_dim: 256
tlayer_dim: 256
gconv_dropout: 0.5
tlayer_dropout: 0.5
num_layers: 4
num_heads: 8
skip_connection: none
readout: mean
seeds: 2020
save_state: False



| Epoch    0 | Train e:  46.25, T l:  0.6342 | Val e:  47.10 , Val l: 0.4578 | Test e:  45.13 
| Epoch    1 | Train e:  51.26, T l:  0.3930 | Val e:  51.81 , Val l: 0.3356 | Test e:  53.16 
| Epoch    2 | Train e:  52.15, T l:  0.2923 | Val e:  54.19 , Val l: 0.3100 | Test e:  52.78 
| Epoch    3 | Train e:  56.10, T l:  0.2616 | Val e:  58.91 , Val l: 0.3034 | Test e:  55.34 
| Epoch    4 | Train e:  58.43, T l:  0.2502 | Val e:  59.75 , Val l: 0.3028 | Test e:  59.52 
| Epoch    5 | Train e:  58.31, T l:  0.2455 | Val e:  59.12 , Val l: 0.3045 | Test e:  58.89 
| Epoch    6 | Train e:  61.01, T l:  0.2439 | Val e:  60.06 , Val l: 0.3048 | Test e:  60.61 
| Epoch    7 | Train e:  59.57, T l:  0.2430 | Val e:  60.21 , Val l: 0.3049 | Test e:  61.29 
| Epoch    8 | Train e:  62.71, T l:  0.2387 | Val e:  61.39 , Val l: 0.2919 | Test e:  63.81 
| Epoch    9 | Train e:  62.90, T l:  0.2345 | Val e:  62.53 , Val l: 0.2894 | Test e:  64.09 
| Epoch   10 | Train e:  65.53, T l:  0.2318 | Val e:  63.96 , Val l: 0.2912 | Test e:  63.82 
| Epoch   11 | Train e:  64.42, T l:  0.2310 | Val e:  62.89 , Val l: 0.2898 | Test e:  64.47 
| Epoch   12 | Train e:  65.67, T l:  0.2295 | Val e:  64.26 , Val l: 0.2974 | Test e:  62.53 
| Epoch   13 | Train e:  66.44, T l:  0.2266 | Val e:  66.19 , Val l: 0.2879 | Test e:  63.89 
| Epoch   14 | Train e:  69.81, T l:  0.2254 | Val e:  68.52 , Val l: 0.2820 | Test e:  64.84 
| Epoch   15 | Train e:  72.26, T l:  0.2222 | Val e:  70.97 , Val l: 0.2808 | Test e:  65.43 
| Epoch   16 | Train e:  73.24, T l:  0.2186 | Val e:  71.93 , Val l: 0.2775 | Test e:  66.83 
| Epoch   17 | Train e:  73.23, T l:  0.2147 | Val e:  72.50 , Val l: 0.2721 | Test e:  67.68 
| Epoch   18 | Train e:  73.47, T l:  0.2112 | Val e:  73.07 , Val l: 0.2665 | Test e:  68.22 
| Epoch   19 | Train e:  74.24, T l:  0.2109 | Val e:  73.41 , Val l: 0.2706 | Test e:  68.67 
| Epoch   20 | Train e:  74.93, T l:  0.2092 | Val e:  73.96 , Val l: 0.2651 | Test e:  68.43 
| Epoch   21 | Train e:  75.09, T l:  0.2086 | Val e:  73.97 , Val l: 0.2666 | Test e:  68.90 
| Epoch   22 | Train e:  75.90, T l:  0.2056 | Val e:  74.26 , Val l: 0.2637 | Test e:  68.68 
| Epoch   23 | Train e:  76.48, T l:  0.2055 | Val e:  75.02 , Val l: 0.2654 | Test e:  69.89 
| Epoch   24 | Train e:  76.36, T l:  0.2042 | Val e:  74.91 , Val l: 0.2623 | Test e:  70.18 
| Epoch   25 | Train e:  75.42, T l:  0.2037 | Val e:  74.97 , Val l: 0.2772 | Test e:  68.92 
| Epoch   26 | Train e:  76.70, T l:  0.2028 | Val e:  74.07 , Val l: 0.2673 | Test e:  69.43 
| Epoch   27 | Train e:  77.34, T l:  0.2025 | Val e:  75.39 , Val l: 0.2606 | Test e:  69.77 
| Epoch   28 | Train e:  75.89, T l:  0.2021 | Val e:  74.91 , Val l: 0.2711 | Test e:  69.19 
| Epoch   29 | Train e:  77.87, T l:  0.2033 | Val e:  76.37 , Val l: 0.2615 | Test e:  70.66 
| Epoch   30 | Train e:  77.52, T l:  0.2001 | Val e:  75.21 , Val l: 0.2614 | Test e:  70.01 
| Epoch   31 | Train e:  77.98, T l:  0.1995 | Val e:  74.17 , Val l: 0.2676 | Test e:  70.10 
| Epoch   32 | Train e:  78.91, T l:  0.1998 | Val e:  75.62 , Val l: 0.2610 | Test e:  70.47 
| Epoch   33 | Train e:  79.11, T l:  0.1994 | Val e:  74.35 , Val l: 0.2756 | Test e:  69.39 
| Epoch   34 | Train e:  79.52, T l:  0.2001 | Val e:  75.35 , Val l: 0.2710 | Test e:  69.82 
| Epoch   35 | Train e:  79.65, T l:  0.1976 | Val e:  75.11 , Val l: 0.2666 | Test e:  71.00 
| Epoch   36 | Train e:  78.27, T l:  0.1990 | Val e:  75.41 , Val l: 0.2644 | Test e:  70.68 
| Epoch   37 | Train e:  79.73, T l:  0.1963 | Val e:  74.56 , Val l: 0.2669 | Test e:  70.23 
| Epoch   38 | Train e:  79.73, T l:  0.1964 | Val e:  74.04 , Val l: 0.2661 | Test e:  70.31 
| Epoch   39 | Train e:  79.08, T l:  0.1964 | Val e:  73.88 , Val l: 0.2797 | Test e:  70.47 
| Epoch   40 | Train e:  80.44, T l:  0.1971 | Val e:  75.80 , Val l: 0.2752 | Test e:  70.87 
| Epoch   41 | Train e:  81.15, T l:  0.1944 | Val e:  75.59 , Val l: 0.2604 | Test e:  71.15 
| Epoch   42 | Train e:  81.59, T l:  0.1937 | Val e:  75.36 , Val l: 0.2631 | Test e:  70.82 
| Epoch   43 | Train e:  81.31, T l:  0.1960 | Val e:  75.56 , Val l: 0.2643 | Test e:  72.02 
| Epoch   44 | Train e:  81.37, T l:  0.1928 | Val e:  75.79 , Val l: 0.2726 | Test e:  70.45 
| Epoch   45 | Train e:  81.61, T l:  0.1941 | Val e:  76.08 , Val l: 0.2606 | Test e:  69.73 
| Epoch   46 | Train e:  82.16, T l:  0.1919 | Val e:  75.59 , Val l: 0.2646 | Test e:  70.53 
| Epoch   47 | Train e:  81.93, T l:  0.1921 | Val e:  75.53 , Val l: 0.2697 | Test e:  70.75 
| Epoch   48 | Train e:  81.61, T l:  0.1894 | Val e:  76.09 , Val l: 0.2640 | Test e:  70.44 
| Epoch   49 | Train e:  83.02, T l:  0.1889 | Val e:  75.49 , Val l: 0.2626 | Test e:  70.69 
| Epoch   50 | Train e:  82.56, T l:  0.1894 | Val e:  75.74 , Val l: 0.2746 | Test e:  71.60 
| Epoch   51 | Train e:  83.17, T l:  0.1890 | Val e:  75.09 , Val l: 0.2643 | Test e:  72.16 
| Epoch   52 | Train e:  83.12, T l:  0.1870 | Val e:  75.77 , Val l: 0.2588 | Test e:  71.63 
| Epoch   53 | Train e:  82.85, T l:  0.1875 | Val e:  75.58 , Val l: 0.2657 | Test e:  71.51 
| Epoch   54 | Train e:  83.50, T l:  0.1862 | Val e:  75.50 , Val l: 0.2647 | Test e:  71.76 
| Epoch   55 | Train e:  82.90, T l:  0.1888 | Val e:  75.70 , Val l: 0.2627 | Test e:  71.92 
| Epoch   56 | Train e:  83.09, T l:  0.1862 | Val e:  76.05 , Val l: 0.2626 | Test e:  71.94 
| Epoch   57 | Train e:  83.03, T l:  0.1848 | Val e:  74.90 , Val l: 0.2660 | Test e:  71.49 
| Epoch   58 | Train e:  83.77, T l:  0.1863 | Val e:  75.91 , Val l: 0.2648 | Test e:  71.49 
| Epoch   59 | Train e:  84.19, T l:  0.1847 | Val e:  75.68 , Val l: 0.2635 | Test e:  71.54 
| Epoch   60 | Train e:  83.99, T l:  0.1833 | Val e:  76.03 , Val l: 0.2691 | Test e:  72.53 
| Epoch   61 | Train e:  84.37, T l:  0.1845 | Val e:  75.90 , Val l: 0.2605 | Test e:  72.25 
| Epoch   62 | Train e:  84.42, T l:  0.1816 | Val e:  76.12 , Val l: 0.2652 | Test e:  72.04 
| Epoch   63 | Train e:  84.65, T l:  0.1824 | Val e:  75.45 , Val l: 0.2619 | Test e:  72.44 
| Epoch   64 | Train e:  84.72, T l:  0.1827 | Val e:  75.95 , Val l: 0.2627 | Test e:  72.17 
| Epoch   65 | Train e:  84.90, T l:  0.1811 | Val e:  76.02 , Val l: 0.2695 | Test e:  72.88 
| Epoch   66 | Train e:  84.92, T l:  0.1805 | Val e:  76.50 , Val l: 0.2613 | Test e:  72.59 
| Epoch   67 | Train e:  84.43, T l:  0.1801 | Val e:  74.91 , Val l: 0.2678 | Test e:  72.63 
| Epoch   68 | Train e:  85.05, T l:  0.1797 | Val e:  76.14 , Val l: 0.2626 | Test e:  72.74 
| Epoch   69 | Train e:  84.42, T l:  0.1801 | Val e:  76.06 , Val l: 0.2633 | Test e:  73.08 
| Epoch   70 | Train e:  85.03, T l:  0.1786 | Val e:  75.90 , Val l: 0.2588 | Test e:  72.96 
| Epoch   71 | Train e:  85.00, T l:  0.1782 | Val e:  76.30 , Val l: 0.2729 | Test e:  73.05 
| Epoch   72 | Train e:  85.55, T l:  0.1789 | Val e:  75.21 , Val l: 0.2625 | Test e:  72.85 
| Epoch   73 | Train e:  85.21, T l:  0.1794 | Val e:  76.03 , Val l: 0.2608 | Test e:  72.86 
| Epoch   74 | Train e:  85.58, T l:  0.1766 | Val e:  75.93 , Val l: 0.2630 | Test e:  72.67 
| Epoch   75 | Train e:  85.65, T l:  0.1745 | Val e:  75.80 , Val l: 0.2669 | Test e:  73.37 
| Epoch   76 | Train e:  85.47, T l:  0.1752 | Val e:  76.16 , Val l: 0.2658 | Test e:  73.27 
| Epoch   77 | Train e:  85.32, T l:  0.1749 | Val e:  76.07 , Val l: 0.2631 | Test e:  72.78 
| Epoch   78 | Train e:  85.98, T l:  0.1752 | Val e:  75.45 , Val l: 0.2633 | Test e:  73.55 
| Epoch   79 | Train e:  85.63, T l:  0.1752 | Val e:  75.93 , Val l: 0.2616 | Test e:  73.34 
| Epoch   80 | Train e:  85.84, T l:  0.1750 | Val e:  76.27 , Val l: 0.2608 | Test e:  73.26 
| Epoch   81 | Train e:  85.97, T l:  0.1737 | Val e:  76.15 , Val l: 0.2590 | Test e:  73.00 
| Epoch   82 | Train e:  86.42, T l:  0.1738 | Val e:  76.17 , Val l: 0.2619 | Test e:  73.10 
| Epoch   83 | Train e:  86.11, T l:  0.1727 | Val e:  76.21 , Val l: 0.2637 | Test e:  72.70 
| Epoch   84 | Train e:  86.47, T l:  0.1720 | Val e:  76.00 , Val l: 0.2638 | Test e:  73.50 
| Epoch   85 | Train e:  86.34, T l:  0.1716 | Val e:  76.30 , Val l: 0.2650 | Test e:  73.43 
| Epoch   86 | Train e:  86.33, T l:  0.1720 | Val e:  76.40 , Val l: 0.2606 | Test e:  73.87 
| Epoch   87 | Train e:  86.44, T l:  0.1719 | Val e:  76.71 , Val l: 0.2633 | Test e:  73.88 
| Epoch   88 | Train e:  86.27, T l:  0.1722 | Val e:  76.53 , Val l: 0.2663 | Test e:  73.34 
| Epoch   89 | Train e:  86.33, T l:  0.1713 | Val e:  75.96 , Val l: 0.2682 | Test e:  73.86 
| Epoch   90 | Train e:  86.66, T l:  0.1702 | Val e:  76.58 , Val l: 0.2656 | Test e:  74.25 
| Epoch   91 | Train e:  86.84, T l:  0.1699 | Val e:  76.18 , Val l: 0.2621 | Test e:  73.88 
| Epoch   92 | Train e:  86.60, T l:  0.1692 | Val e:  76.64 , Val l: 0.2639 | Test e:  73.16 
| Epoch   93 | Train e:  86.71, T l:  0.1700 | Val e:  76.32 , Val l: 0.2606 | Test e:  74.28 
| Epoch   94 | Train e:  86.86, T l:  0.1693 | Val e:  76.51 , Val l: 0.2636 | Test e:  73.90 
| Epoch   95 | Train e:  86.84, T l:  0.1683 | Val e:  75.73 , Val l: 0.2671 | Test e:  73.82 
| Epoch   96 | Train e:  86.70, T l:  0.1687 | Val e:  75.69 , Val l: 0.2624 | Test e:  74.32 
| Epoch   97 | Train e:  87.01, T l:  0.1683 | Val e:  75.45 , Val l: 0.2673 | Test e:  73.71 
| Epoch   98 | Train e:  87.02, T l:  0.1683 | Val e:  76.50 , Val l: 0.2657 | Test e:  73.97 
| Epoch   99 | Train e:  86.88, T l:  0.1685 | Val e:  75.90 , Val l: 0.2609 | Test e:  73.80 
| Epoch  100 | Train e:  87.12, T l:  0.1689 | Val e:  76.26 , Val l: 0.2594 | Test e:  73.91 
| Epoch  101 | Train e:  87.11, T l:  0.1677 | Val e:  76.23 , Val l: 0.2661 | Test e:  74.06 
| Epoch  102 | Train e:  86.99, T l:  0.1658 | Val e:  75.47 , Val l: 0.2646 | Test e:  74.29 
| Epoch  103 | Train e:  87.31, T l:  0.1663 | Val e:  76.19 , Val l: 0.2675 | Test e:  74.31 
| Epoch  104 | Train e:  87.09, T l:  0.1676 | Val e:  76.51 , Val l: 0.2619 | Test e:  74.18 
| Epoch  105 | Train e:  87.16, T l:  0.1677 | Val e:  76.55 , Val l: 0.2652 | Test e:  74.10 
| Epoch  106 | Train e:  87.11, T l:  0.1660 | Val e:  76.07 , Val l: 0.2642 | Test e:  73.91 
| Epoch  107 | Train e:  87.47, T l:  0.1662 | Val e:  75.94 , Val l: 0.2610 | Test e:  74.42 
| Epoch  108 | Train e:  87.16, T l:  0.1642 | Val e:  76.41 , Val l: 0.2665 | Test e:  74.38 
| Epoch  109 | Train e:  87.22, T l:  0.1665 | Val e:  75.80 , Val l: 0.2636 | Test e:  74.46 
| Epoch  110 | Train e:  87.55, T l:  0.1644 | Val e:  75.69 , Val l: 0.2658 | Test e:  74.13 
| Epoch  111 | Train e:  87.54, T l:  0.1645 | Val e:  76.08 , Val l: 0.2628 | Test e:  74.47 
| Epoch  112 | Train e:  86.92, T l:  0.1651 | Val e:  75.84 , Val l: 0.2637 | Test e:  74.31 
| Epoch  113 | Train e:  87.64, T l:  0.1655 | Val e:  76.48 , Val l: 0.2582 | Test e:  75.18 
| Epoch  114 | Train e:  87.34, T l:  0.1650 | Val e:  75.79 , Val l: 0.2680 | Test e:  74.08 
| Epoch  115 | Train e:  87.79, T l:  0.1639 | Val e:  75.99 , Val l: 0.2651 | Test e:  74.89 
| Epoch  116 | Train e:  87.69, T l:  0.1634 | Val e:  76.11 , Val l: 0.2647 | Test e:  74.40 
| Epoch  117 | Train e:  87.84, T l:  0.1633 | Val e:  75.59 , Val l: 0.2659 | Test e:  74.33 
| Epoch  118 | Train e:  87.60, T l:  0.1629 | Val e:  75.73 , Val l: 0.2635 | Test e:  74.01 
| Epoch  119 | Train e:  87.50, T l:  0.1652 | Val e:  75.98 , Val l: 0.2679 | Test e:  74.41 
| Epoch  120 | Train e:  87.91, T l:  0.1625 | Val e:  76.11 , Val l: 0.2650 | Test e:  74.68 
| Epoch  121 | Train e:  87.87, T l:  0.1624 | Val e:  76.02 , Val l: 0.2664 | Test e:  73.90 
| Epoch  122 | Train e:  87.65, T l:  0.1636 | Val e:  75.53 , Val l: 0.2713 | Test e:  74.91 
| Epoch  123 | Train e:  87.86, T l:  0.1613 | Val e:  76.14 , Val l: 0.2657 | Test e:  74.61 
| Epoch  124 | Train e:  87.67, T l:  0.1609 | Val e:  76.31 , Val l: 0.2643 | Test e:  74.01 
| Epoch  125 | Train e:  87.89, T l:  0.1611 | Val e:  76.00 , Val l: 0.2693 | Test e:  73.01 
| Epoch  126 | Train e:  88.17, T l:  0.1609 | Val e:  76.11 , Val l: 0.2646 | Test e:  74.94 
| Epoch  127 | Train e:  88.16, T l:  0.1608 | Val e:  76.15 , Val l: 0.2641 | Test e:  74.34 
| Epoch  128 | Train e:  88.04, T l:  0.1604 | Val e:  75.76 , Val l: 0.2662 | Test e:  73.99 
| Epoch  129 | Train e:  88.16, T l:  0.1607 | Val e:  76.06 , Val l: 0.2655 | Test e:  74.70 
| Epoch  130 | Train e:  88.19, T l:  0.1601 | Val e:  76.42 , Val l: 0.2662 | Test e:  74.35 
| Epoch  131 | Train e:  88.25, T l:  0.1601 | Val e:  76.06 , Val l: 0.2646 | Test e:  73.92 
| Epoch  132 | Train e:  88.09, T l:  0.1609 | Val e:  75.89 , Val l: 0.2648 | Test e:  74.66 
| Epoch  133 | Train e:  88.42, T l:  0.1591 | Val e:  76.07 , Val l: 0.2635 | Test e:  74.76 
| Epoch  134 | Train e:  88.35, T l:  0.1597 | Val e:  75.72 , Val l: 0.2680 | Test e:  74.29 
| Epoch  135 | Train e:  88.24, T l:  0.1588 | Val e:  75.82 , Val l: 0.2654 | Test e:  74.85 
| Epoch  136 | Train e:  88.38, T l:  0.1597 | Val e:  75.46 , Val l: 0.2663 | Test e:  74.67 
| Epoch  137 | Train e:  88.39, T l:  0.1585 | Val e:  75.85 , Val l: 0.2683 | Test e:  75.09 
| Epoch  138 | Train e:  88.41, T l:  0.1585 | Val e:  75.59 , Val l: 0.2684 | Test e:  75.17 
| Epoch  139 | Train e:  88.51, T l:  0.1586 | Val e:  75.64 , Val l: 0.2679 | Test e:  75.05 
| Epoch  140 | Train e:  88.45, T l:  0.1581 | Val e:  75.48 , Val l: 0.2694 | Test e:  74.34 
| Epoch  141 | Train e:  88.57, T l:  0.1584 | Val e:  75.86 , Val l: 0.2657 | Test e:  74.76 
| Epoch  142 | Train e:  88.61, T l:  0.1569 | Val e:  75.86 , Val l: 0.2671 | Test e:  74.23 
| Epoch  143 | Train e:  88.77, T l:  0.1570 | Val e:  75.91 , Val l: 0.2667 | Test e:  74.63 
| Epoch  144 | Train e:  88.67, T l:  0.1586 | Val e:  75.95 , Val l: 0.2654 | Test e:  74.32 
| Epoch  145 | Train e:  88.67, T l:  0.1564 | Val e:  75.46 , Val l: 0.2698 | Test e:  74.90 
| Epoch  146 | Train e:  88.75, T l:  0.1572 | Val e:  75.94 , Val l: 0.2687 | Test e:  74.90 
| Epoch  147 | Train e:  88.88, T l:  0.1575 | Val e:  76.05 , Val l: 0.2665 | Test e:  75.24 
| Epoch  148 | Train e:  88.77, T l:  0.1564 | Val e:  76.12 , Val l: 0.2691 | Test e:  74.87 
| Epoch  149 | Train e:  88.82, T l:  0.1570 | Val e:  76.06 , Val l: 0.2624 | Test e:  75.06 
| Epoch  150 | Train e:  88.87, T l:  0.1563 | Val e:  76.38 , Val l: 0.2670 | Test e:  74.74 
| Epoch  151 | Train e:  88.88, T l:  0.1558 | Val e:  76.09 , Val l: 0.2693 | Test e:  74.74 
| Epoch  152 | Train e:  88.97, T l:  0.1551 | Val e:  76.39 , Val l: 0.2643 | Test e:  75.29 
| Epoch  153 | Train e:  89.02, T l:  0.1556 | Val e:  76.11 , Val l: 0.2659 | Test e:  74.92 
| Epoch  154 | Train e:  89.07, T l:  0.1559 | Val e:  76.10 , Val l: 0.2657 | Test e:  75.10 
| Epoch  155 | Train e:  89.08, T l:  0.1549 | Val e:  75.94 , Val l: 0.2663 | Test e:  75.31 
| Epoch  156 | Train e:  88.94, T l:  0.1552 | Val e:  75.74 , Val l: 0.2681 | Test e:  74.97 
| Epoch  157 | Train e:  89.03, T l:  0.1561 | Val e:  76.34 , Val l: 0.2643 | Test e:  75.08 
| Epoch  158 | Train e:  89.14, T l:  0.1544 | Val e:  75.91 , Val l: 0.2657 | Test e:  75.45 
| Epoch  159 | Train e:  88.96, T l:  0.1549 | Val e:  76.46 , Val l: 0.2673 | Test e:  74.93 
| Epoch  160 | Train e:  89.06, T l:  0.1547 | Val e:  76.13 , Val l: 0.2671 | Test e:  75.20 
| Epoch  161 | Train e:  89.14, T l:  0.1541 | Val e:  75.92 , Val l: 0.2677 | Test e:  75.16 
| Epoch  162 | Train e:  89.08, T l:  0.1553 | Val e:  76.20 , Val l: 0.2677 | Test e:  74.71 
| Epoch  163 | Train e:  89.14, T l:  0.1540 | Val e:  75.84 , Val l: 0.2678 | Test e:  74.96 
| Epoch  164 | Train e:  89.26, T l:  0.1535 | Val e:  76.13 , Val l: 0.2681 | Test e:  74.53 
| Epoch  165 | Train e:  89.22, T l:  0.1536 | Val e:  76.01 , Val l: 0.2673 | Test e:  75.08 
| Epoch  166 | Train e:  89.24, T l:  0.1529 | Val e:  75.69 , Val l: 0.2691 | Test e:  75.19 
| Epoch  167 | Train e:  89.30, T l:  0.1533 | Val e:  75.85 , Val l: 0.2663 | Test e:  75.47 
| Epoch  168 | Train e:  89.37, T l:  0.1525 | Val e:  76.08 , Val l: 0.2682 | Test e:  75.02 
| Epoch  169 | Train e:  89.30, T l:  0.1538 | Val e:  76.04 , Val l: 0.2662 | Test e:  75.15 
| Epoch  170 | Train e:  89.47, T l:  0.1534 | Val e:  75.60 , Val l: 0.2681 | Test e:  75.06 
| Epoch  171 | Train e:  89.34, T l:  0.1526 | Val e:  76.10 , Val l: 0.2669 | Test e:  75.58 
| Epoch  172 | Train e:  89.44, T l:  0.1525 | Val e:  76.00 , Val l: 0.2679 | Test e:  75.43 
| Epoch  173 | Train e:  89.42, T l:  0.1531 | Val e:  75.84 , Val l: 0.2676 | Test e:  75.11 
| Epoch  174 | Train e:  89.42, T l:  0.1510 | Val e:  75.83 , Val l: 0.2672 | Test e:  75.30 
| Epoch  175 | Train e:  89.42, T l:  0.1520 | Val e:  75.85 , Val l: 0.2697 | Test e:  75.21 
| Epoch  176 | Train e:  89.55, T l:  0.1519 | Val e:  76.10 , Val l: 0.2661 | Test e:  75.27 
| Epoch  177 | Train e:  89.59, T l:  0.1518 | Val e:  75.91 , Val l: 0.2672 | Test e:  75.17 
| Epoch  178 | Train e:  89.53, T l:  0.1516 | Val e:  75.98 , Val l: 0.2690 | Test e:  75.19 
| Epoch  179 | Train e:  89.52, T l:  0.1516 | Val e:  75.67 , Val l: 0.2676 | Test e:  75.34 
| Epoch  180 | Train e:  89.55, T l:  0.1513 | Val e:  75.77 , Val l: 0.2673 | Test e:  75.38 
| Epoch  181 | Train e:  89.54, T l:  0.1510 | Val e:  75.86 , Val l: 0.2684 | Test e:  75.19 
| Epoch  182 | Train e:  89.56, T l:  0.1507 | Val e:  75.94 , Val l: 0.2679 | Test e:  75.05 
| Epoch  183 | Train e:  89.61, T l:  0.1513 | Val e:  75.77 , Val l: 0.2673 | Test e:  74.97 
| Epoch  184 | Train e:  89.63, T l:  0.1515 | Val e:  76.04 , Val l: 0.2672 | Test e:  75.34 
| Epoch  185 | Train e:  89.68, T l:  0.1511 | Val e:  75.63 , Val l: 0.2679 | Test e:  75.14 
| Epoch  186 | Train e:  89.62, T l:  0.1508 | Val e:  75.68 , Val l: 0.2686 | Test e:  75.12 
| Epoch  187 | Train e:  89.68, T l:  0.1503 | Val e:  75.98 , Val l: 0.2668 | Test e:  75.18 
| Epoch  188 | Train e:  89.68, T l:  0.1510 | Val e:  75.71 , Val l: 0.2676 | Test e:  75.26 
| Epoch  189 | Train e:  89.70, T l:  0.1502 | Val e:  75.76 , Val l: 0.2678 | Test e:  75.22 
| Epoch  190 | Train e:  89.68, T l:  0.1506 | Val e:  75.64 , Val l: 0.2683 | Test e:  75.17 
| Epoch  191 | Train e:  89.68, T l:  0.1503 | Val e:  75.67 , Val l: 0.2679 | Test e:  75.28 
| Epoch  192 | Train e:  89.70, T l:  0.1497 | Val e:  75.87 , Val l: 0.2680 | Test e:  75.18 
| Epoch  193 | Train e:  89.69, T l:  0.1499 | Val e:  75.78 , Val l: 0.2684 | Test e:  75.11 
| Epoch  194 | Train e:  89.70, T l:  0.1493 | Val e:  75.87 , Val l: 0.2677 | Test e:  75.21 
| Epoch  195 | Train e:  89.70, T l:  0.1495 | Val e:  75.79 , Val l: 0.2679 | Test e:  75.29 
| Epoch  196 | Train e:  89.73, T l:  0.1491 | Val e:  75.78 , Val l: 0.2679 | Test e:  75.25 
| Epoch  197 | Train e:  89.74, T l:  0.1495 | Val e:  75.86 , Val l: 0.2675 | Test e:  75.26 
| Epoch  198 | Train e:  89.73, T l:  0.1494 | Val e:  75.73 , Val l: 0.2679 | Test e:  75.21 
| Epoch  199 | Train e:  89.74, T l:  0.1494 | Val e:  75.76 , Val l: 0.2677 | Test e:  75.21 
