

===============================================
2022-12-19 05:50:50

main_gnnt.py --readout cls --gconv-dim 256 --tlayer-dim 256 --num-heads 8 --no-clustering --masked-attention --batch-size 32 --epochs 200 --warmup 20 --gconv-dropout 0.5 --tlayer-dropout 0.5 --seeds 42 --device 0

None

dataset: ogbg-moltox21
use_val_loss: False
epochs: 200
scheduler: linear
warmup: 20
patience: 25
batch_size: 32
lr: 0.0001
weight_decay: 0.0001
clustering: False
masked_attention: True
gconv_dim: 256
tlayer_dim: 256
gconv_dropout: 0.5
tlayer_dropout: 0.5
num_layers: 4
num_heads: 8
skip_connection: none
readout: cls
seeds: 42
save_state: False



| Epoch    0 | Train e:  47.82, T l:  0.5888 | Val e:  48.14 , Val l: 0.3595 | Test e:  48.20 
| Epoch    1 | Train e:  48.95, T l:  0.3326 | Val e:  50.95 , Val l: 0.3081 | Test e:  50.14 
| Epoch    2 | Train e:  52.81, T l:  0.2666 | Val e:  52.11 , Val l: 0.3124 | Test e:  53.55 
| Epoch    3 | Train e:  55.01, T l:  0.2526 | Val e:  55.17 , Val l: 0.3170 | Test e:  56.37 
| Epoch    4 | Train e:  56.13, T l:  0.2478 | Val e:  56.39 , Val l: 0.3228 | Test e:  57.62 
| Epoch    5 | Train e:  57.60, T l:  0.2458 | Val e:  56.81 , Val l: 0.3230 | Test e:  58.30 
| Epoch    6 | Train e:  59.87, T l:  0.2455 | Val e:  58.33 , Val l: 0.3224 | Test e:  58.84 
| Epoch    7 | Train e:  61.46, T l:  0.2427 | Val e:  62.48 , Val l: 0.3030 | Test e:  64.31 
| Epoch    8 | Train e:  63.78, T l:  0.2361 | Val e:  62.54 , Val l: 0.3011 | Test e:  64.17 
| Epoch    9 | Train e:  64.96, T l:  0.2325 | Val e:  61.54 , Val l: 0.2981 | Test e:  63.42 
| Epoch   10 | Train e:  67.43, T l:  0.2307 | Val e:  63.59 , Val l: 0.3126 | Test e:  65.52 
| Epoch   11 | Train e:  71.76, T l:  0.2278 | Val e:  65.16 , Val l: 0.3248 | Test e:  67.12 
| Epoch   12 | Train e:  72.54, T l:  0.2247 | Val e:  67.64 , Val l: 0.3008 | Test e:  66.93 
| Epoch   13 | Train e:  71.96, T l:  0.2236 | Val e:  67.04 , Val l: 0.2988 | Test e:  66.46 
| Epoch   14 | Train e:  73.47, T l:  0.2213 | Val e:  68.90 , Val l: 0.2916 | Test e:  67.60 
| Epoch   15 | Train e:  73.97, T l:  0.2198 | Val e:  70.48 , Val l: 0.2877 | Test e:  67.56 
| Epoch   16 | Train e:  75.76, T l:  0.2164 | Val e:  72.38 , Val l: 0.2876 | Test e:  68.70 
| Epoch   17 | Train e:  75.72, T l:  0.2158 | Val e:  72.47 , Val l: 0.2814 | Test e:  69.13 
| Epoch   18 | Train e:  75.62, T l:  0.2118 | Val e:  71.68 , Val l: 0.2831 | Test e:  69.96 
| Epoch   19 | Train e:  76.41, T l:  0.2091 | Val e:  73.56 , Val l: 0.2677 | Test e:  71.04 
| Epoch   20 | Train e:  76.93, T l:  0.2093 | Val e:  73.86 , Val l: 0.2839 | Test e:  70.18 
| Epoch   21 | Train e:  77.69, T l:  0.2065 | Val e:  73.60 , Val l: 0.2669 | Test e:  70.58 
| Epoch   22 | Train e:  77.21, T l:  0.2042 | Val e:  73.53 , Val l: 0.2748 | Test e:  70.77 
| Epoch   23 | Train e:  78.29, T l:  0.2025 | Val e:  74.37 , Val l: 0.2841 | Test e:  69.87 
| Epoch   24 | Train e:  77.96, T l:  0.2010 | Val e:  73.29 , Val l: 0.2851 | Test e:  70.58 
| Epoch   25 | Train e:  79.06, T l:  0.2028 | Val e:  74.89 , Val l: 0.2653 | Test e:  72.17 
| Epoch   26 | Train e:  78.52, T l:  0.2034 | Val e:  74.57 , Val l: 0.2759 | Test e:  71.22 
| Epoch   27 | Train e:  79.34, T l:  0.1981 | Val e:  75.52 , Val l: 0.2697 | Test e:  73.25 
| Epoch   28 | Train e:  79.53, T l:  0.1995 | Val e:  76.09 , Val l: 0.2584 | Test e:  73.75 
| Epoch   29 | Train e:  79.46, T l:  0.1977 | Val e:  75.56 , Val l: 0.2626 | Test e:  73.20 
| Epoch   30 | Train e:  79.78, T l:  0.1976 | Val e:  76.77 , Val l: 0.2554 | Test e:  73.86 
| Epoch   31 | Train e:  80.25, T l:  0.1973 | Val e:  75.34 , Val l: 0.2673 | Test e:  73.06 
| Epoch   32 | Train e:  80.22, T l:  0.1947 | Val e:  76.57 , Val l: 0.2591 | Test e:  74.42 
| Epoch   33 | Train e:  80.58, T l:  0.1962 | Val e:  76.00 , Val l: 0.2598 | Test e:  73.40 
| Epoch   34 | Train e:  80.54, T l:  0.1954 | Val e:  76.75 , Val l: 0.2588 | Test e:  73.91 
| Epoch   35 | Train e:  80.48, T l:  0.1945 | Val e:  76.62 , Val l: 0.2665 | Test e:  73.25 
| Epoch   36 | Train e:  80.88, T l:  0.1952 | Val e:  75.53 , Val l: 0.2639 | Test e:  73.63 
| Epoch   37 | Train e:  81.12, T l:  0.1941 | Val e:  76.82 , Val l: 0.2605 | Test e:  74.05 
| Epoch   38 | Train e:  81.64, T l:  0.1940 | Val e:  77.22 , Val l: 0.2555 | Test e:  74.68 
| Epoch   39 | Train e:  81.52, T l:  0.1928 | Val e:  76.55 , Val l: 0.2588 | Test e:  74.04 
| Epoch   40 | Train e:  81.88, T l:  0.1905 | Val e:  76.99 , Val l: 0.2590 | Test e:  74.39 
| Epoch   41 | Train e:  81.89, T l:  0.1908 | Val e:  76.59 , Val l: 0.2669 | Test e:  74.05 
| Epoch   42 | Train e:  81.20, T l:  0.1943 | Val e:  76.43 , Val l: 0.2584 | Test e:  72.94 
| Epoch   43 | Train e:  81.63, T l:  0.1910 | Val e:  76.05 , Val l: 0.2608 | Test e:  73.49 
| Epoch   44 | Train e:  82.10, T l:  0.1901 | Val e:  76.37 , Val l: 0.2647 | Test e:  74.10 
| Epoch   45 | Train e:  82.04, T l:  0.1901 | Val e:  76.06 , Val l: 0.2679 | Test e:  74.42 
| Epoch   46 | Train e:  82.28, T l:  0.1889 | Val e:  76.77 , Val l: 0.2560 | Test e:  74.06 
| Epoch   47 | Train e:  82.29, T l:  0.1895 | Val e:  76.52 , Val l: 0.2576 | Test e:  75.05 
| Epoch   48 | Train e:  82.44, T l:  0.1885 | Val e:  76.23 , Val l: 0.2627 | Test e:  74.40 
| Epoch   49 | Train e:  82.66, T l:  0.1882 | Val e:  76.87 , Val l: 0.2635 | Test e:  74.69 
| Epoch   50 | Train e:  80.55, T l:  0.1870 | Val e:  74.05 , Val l: 0.2699 | Test e:  72.99 
| Epoch   51 | Train e:  82.25, T l:  0.1878 | Val e:  76.51 , Val l: 0.2835 | Test e:  72.94 
| Epoch   52 | Train e:  82.94, T l:  0.1871 | Val e:  77.02 , Val l: 0.2641 | Test e:  74.25 
| Epoch   53 | Train e:  82.78, T l:  0.1860 | Val e:  77.20 , Val l: 0.2623 | Test e:  74.82 
| Epoch   54 | Train e:  83.11, T l:  0.1888 | Val e:  77.09 , Val l: 0.2587 | Test e:  74.91 
| Epoch   55 | Train e:  83.26, T l:  0.1864 | Val e:  76.51 , Val l: 0.2591 | Test e:  73.95 
| Epoch   56 | Train e:  83.55, T l:  0.1852 | Val e:  77.26 , Val l: 0.2657 | Test e:  74.98 
| Epoch   57 | Train e:  83.50, T l:  0.1843 | Val e:  77.03 , Val l: 0.2604 | Test e:  74.51 
| Epoch   58 | Train e:  83.14, T l:  0.1849 | Val e:  76.88 , Val l: 0.2589 | Test e:  74.29 
| Epoch   59 | Train e:  83.86, T l:  0.1838 | Val e:  77.17 , Val l: 0.2614 | Test e:  74.49 
| Epoch   60 | Train e:  83.41, T l:  0.1832 | Val e:  77.25 , Val l: 0.2596 | Test e:  74.39 
| Epoch   61 | Train e:  84.24, T l:  0.1832 | Val e:  77.82 , Val l: 0.2541 | Test e:  75.26 
| Epoch   62 | Train e:  84.09, T l:  0.1831 | Val e:  77.37 , Val l: 0.2593 | Test e:  74.67 
| Epoch   63 | Train e:  83.50, T l:  0.1834 | Val e:  77.06 , Val l: 0.2612 | Test e:  74.73 
| Epoch   64 | Train e:  84.16, T l:  0.1837 | Val e:  77.88 , Val l: 0.2553 | Test e:  75.36 
| Epoch   65 | Train e:  84.51, T l:  0.1831 | Val e:  77.85 , Val l: 0.2573 | Test e:  74.98 
| Epoch   66 | Train e:  84.32, T l:  0.1814 | Val e:  77.70 , Val l: 0.2557 | Test e:  74.92 
| Epoch   67 | Train e:  84.45, T l:  0.1827 | Val e:  77.43 , Val l: 0.2586 | Test e:  75.24 
| Epoch   68 | Train e:  84.61, T l:  0.1809 | Val e:  78.06 , Val l: 0.2553 | Test e:  75.54 
| Epoch   69 | Train e:  84.54, T l:  0.1799 | Val e:  77.68 , Val l: 0.2613 | Test e:  75.27 
| Epoch   70 | Train e:  84.99, T l:  0.1802 | Val e:  78.17 , Val l: 0.2623 | Test e:  76.26 
| Epoch   71 | Train e:  85.16, T l:  0.1789 | Val e:  77.78 , Val l: 0.2573 | Test e:  75.29 
| Epoch   72 | Train e:  84.99, T l:  0.1800 | Val e:  78.42 , Val l: 0.2585 | Test e:  74.96 
| Epoch   73 | Train e:  85.44, T l:  0.1786 | Val e:  78.87 , Val l: 0.2556 | Test e:  75.81 
| Epoch   74 | Train e:  85.06, T l:  0.1808 | Val e:  78.48 , Val l: 0.2623 | Test e:  75.58 
| Epoch   75 | Train e:  85.54, T l:  0.1800 | Val e:  78.71 , Val l: 0.2548 | Test e:  75.95 
| Epoch   76 | Train e:  85.50, T l:  0.1773 | Val e:  79.25 , Val l: 0.2588 | Test e:  75.83 
| Epoch   77 | Train e:  85.10, T l:  0.1787 | Val e:  78.42 , Val l: 0.2567 | Test e:  76.08 
| Epoch   78 | Train e:  85.69, T l:  0.1778 | Val e:  78.25 , Val l: 0.2570 | Test e:  76.20 
| Epoch   79 | Train e:  85.54, T l:  0.1772 | Val e:  78.20 , Val l: 0.2579 | Test e:  75.39 
| Epoch   80 | Train e:  85.74, T l:  0.1772 | Val e:  78.97 , Val l: 0.2507 | Test e:  75.84 
| Epoch   81 | Train e:  85.60, T l:  0.1766 | Val e:  78.82 , Val l: 0.2579 | Test e:  75.57 
| Epoch   82 | Train e:  85.50, T l:  0.1771 | Val e:  78.89 , Val l: 0.2571 | Test e:  75.80 
| Epoch   83 | Train e:  85.72, T l:  0.1764 | Val e:  78.05 , Val l: 0.2562 | Test e:  75.43 
| Epoch   84 | Train e:  85.97, T l:  0.1753 | Val e:  79.13 , Val l: 0.2466 | Test e:  76.56 
| Epoch   85 | Train e:  85.89, T l:  0.1754 | Val e:  78.81 , Val l: 0.2495 | Test e:  75.35 
| Epoch   86 | Train e:  86.21, T l:  0.1745 | Val e:  79.36 , Val l: 0.2541 | Test e:  75.71 
| Epoch   87 | Train e:  86.21, T l:  0.1735 | Val e:  78.91 , Val l: 0.2559 | Test e:  75.51 
| Epoch   88 | Train e:  86.01, T l:  0.1747 | Val e:  78.55 , Val l: 0.2586 | Test e:  75.60 
| Epoch   89 | Train e:  86.31, T l:  0.1742 | Val e:  78.25 , Val l: 0.2528 | Test e:  76.48 
| Epoch   90 | Train e:  86.44, T l:  0.1723 | Val e:  78.45 , Val l: 0.2528 | Test e:  75.73 
| Epoch   91 | Train e:  86.66, T l:  0.1734 | Val e:  79.63 , Val l: 0.2462 | Test e:  76.72 
| Epoch   92 | Train e:  86.54, T l:  0.1733 | Val e:  78.13 , Val l: 0.2587 | Test e:  75.63 
| Epoch   93 | Train e:  86.18, T l:  0.1728 | Val e:  78.44 , Val l: 0.2642 | Test e:  74.82 
| Epoch   94 | Train e:  86.80, T l:  0.1733 | Val e:  79.24 , Val l: 0.2543 | Test e:  76.44 
| Epoch   95 | Train e:  86.27, T l:  0.1718 | Val e:  78.94 , Val l: 0.2571 | Test e:  75.80 
| Epoch   96 | Train e:  86.42, T l:  0.1723 | Val e:  79.46 , Val l: 0.2590 | Test e:  75.26 
| Epoch   97 | Train e:  87.02, T l:  0.1700 | Val e:  79.31 , Val l: 0.2490 | Test e:  76.69 
| Epoch   98 | Train e:  86.70, T l:  0.1711 | Val e:  79.70 , Val l: 0.2545 | Test e:  76.33 
| Epoch   99 | Train e:  86.59, T l:  0.1697 | Val e:  79.00 , Val l: 0.2541 | Test e:  75.91 
| Epoch  100 | Train e:  86.67, T l:  0.1728 | Val e:  79.14 , Val l: 0.2652 | Test e:  75.48 
| Epoch  101 | Train e:  86.74, T l:  0.1715 | Val e:  77.94 , Val l: 0.2578 | Test e:  74.82 
| Epoch  102 | Train e:  87.05, T l:  0.1699 | Val e:  78.87 , Val l: 0.2544 | Test e:  75.87 
| Epoch  103 | Train e:  86.25, T l:  0.1706 | Val e:  78.49 , Val l: 0.2614 | Test e:  76.65 
| Epoch  104 | Train e:  86.57, T l:  0.1703 | Val e:  79.46 , Val l: 0.2626 | Test e:  76.52 
| Epoch  105 | Train e:  86.99, T l:  0.1687 | Val e:  79.81 , Val l: 0.2487 | Test e:  76.33 
| Epoch  106 | Train e:  87.15, T l:  0.1691 | Val e:  79.38 , Val l: 0.2500 | Test e:  76.56 
| Epoch  107 | Train e:  87.29, T l:  0.1683 | Val e:  79.47 , Val l: 0.2539 | Test e:  76.19 
| Epoch  108 | Train e:  87.30, T l:  0.1674 | Val e:  79.72 , Val l: 0.2553 | Test e:  77.03 
| Epoch  109 | Train e:  87.51, T l:  0.1690 | Val e:  79.60 , Val l: 0.2561 | Test e:  77.34 
| Epoch  110 | Train e:  87.26, T l:  0.1681 | Val e:  79.56 , Val l: 0.2493 | Test e:  76.81 
| Epoch  111 | Train e:  87.20, T l:  0.1657 | Val e:  78.56 , Val l: 0.2627 | Test e:  75.32 
| Epoch  112 | Train e:  87.21, T l:  0.1680 | Val e:  79.11 , Val l: 0.2598 | Test e:  76.08 
| Epoch  113 | Train e:  87.51, T l:  0.1667 | Val e:  78.45 , Val l: 0.2584 | Test e:  76.63 
| Epoch  114 | Train e:  87.66, T l:  0.1655 | Val e:  79.34 , Val l: 0.2610 | Test e:  76.13 
| Epoch  115 | Train e:  87.67, T l:  0.1673 | Val e:  77.90 , Val l: 0.2606 | Test e:  75.52 
| Epoch  116 | Train e:  87.66, T l:  0.1656 | Val e:  78.80 , Val l: 0.2584 | Test e:  75.92 
| Epoch  117 | Train e:  87.69, T l:  0.1649 | Val e:  79.37 , Val l: 0.2542 | Test e:  76.68 
| Epoch  118 | Train e:  87.78, T l:  0.1646 | Val e:  79.49 , Val l: 0.2528 | Test e:  76.69 
| Epoch  119 | Train e:  87.48, T l:  0.1643 | Val e:  78.96 , Val l: 0.2546 | Test e:  75.36 
| Epoch  120 | Train e:  87.64, T l:  0.1653 | Val e:  78.84 , Val l: 0.2564 | Test e:  76.26 
| Epoch  121 | Train e:  87.68, T l:  0.1612 | Val e:  78.82 , Val l: 0.2611 | Test e:  74.96 
| Epoch  122 | Train e:  87.42, T l:  0.1628 | Val e:  78.63 , Val l: 0.2586 | Test e:  74.35 
| Epoch  123 | Train e:  87.81, T l:  0.1638 | Val e:  79.83 , Val l: 0.2491 | Test e:  75.83 
| Epoch  124 | Train e:  88.06, T l:  0.1623 | Val e:  79.05 , Val l: 0.2525 | Test e:  76.44 
| Epoch  125 | Train e:  87.90, T l:  0.1621 | Val e:  79.34 , Val l: 0.2510 | Test e:  76.59 
| Epoch  126 | Train e:  87.78, T l:  0.1628 | Val e:  79.19 , Val l: 0.2565 | Test e:  75.77 
| Epoch  127 | Train e:  87.23, T l:  0.1638 | Val e:  79.12 , Val l: 0.2630 | Test e:  76.02 
| Epoch  128 | Train e:  88.14, T l:  0.1627 | Val e:  79.38 , Val l: 0.2509 | Test e:  76.34 
| Epoch  129 | Train e:  88.16, T l:  0.1611 | Val e:  79.27 , Val l: 0.2581 | Test e:  76.21 
| Epoch  130 | Train e:  88.08, T l:  0.1610 | Val e:  79.24 , Val l: 0.2530 | Test e:  76.23 
| Epoch  131 | Train e:  88.20, T l:  0.1606 | Val e:  78.64 , Val l: 0.2678 | Test e:  76.07 
| Epoch  132 | Train e:  88.41, T l:  0.1623 | Val e:  79.62 , Val l: 0.2483 | Test e:  76.25 
| Epoch  133 | Train e:  88.33, T l:  0.1611 | Val e:  79.41 , Val l: 0.2506 | Test e:  75.97 
| Epoch  134 | Train e:  88.02, T l:  0.1609 | Val e:  79.81 , Val l: 0.2628 | Test e:  76.86 
| Epoch  135 | Train e:  88.17, T l:  0.1604 | Val e:  78.91 , Val l: 0.2532 | Test e:  75.73 
| Epoch  136 | Train e:  87.75, T l:  0.1618 | Val e:  78.68 , Val l: 0.2591 | Test e:  74.32 
| Epoch  137 | Train e:  88.55, T l:  0.1623 | Val e:  79.33 , Val l: 0.2524 | Test e:  76.27 
| Epoch  138 | Train e:  88.54, T l:  0.1591 | Val e:  79.12 , Val l: 0.2563 | Test e:  75.88 
| Epoch  139 | Train e:  88.52, T l:  0.1592 | Val e:  79.40 , Val l: 0.2531 | Test e:  76.52 
| Epoch  140 | Train e:  88.68, T l:  0.1599 | Val e:  78.85 , Val l: 0.2549 | Test e:  76.33 
| Epoch  141 | Train e:  88.64, T l:  0.1580 | Val e:  78.97 , Val l: 0.2582 | Test e:  75.91 
| Epoch  142 | Train e:  88.61, T l:  0.1581 | Val e:  79.14 , Val l: 0.2612 | Test e:  76.32 
| Epoch  143 | Train e:  88.69, T l:  0.1575 | Val e:  79.53 , Val l: 0.2534 | Test e:  76.79 
| Epoch  144 | Train e:  88.67, T l:  0.1588 | Val e:  79.25 , Val l: 0.2646 | Test e:  77.16 
| Epoch  145 | Train e:  88.76, T l:  0.1570 | Val e:  79.53 , Val l: 0.2554 | Test e:  76.26 
| Epoch  146 | Train e:  88.75, T l:  0.1576 | Val e:  79.45 , Val l: 0.2555 | Test e:  76.58 
| Epoch  147 | Train e:  88.86, T l:  0.1580 | Val e:  79.15 , Val l: 0.2537 | Test e:  76.31 
| Epoch  148 | Train e:  88.88, T l:  0.1575 | Val e:  78.73 , Val l: 0.2588 | Test e:  76.15 
| Epoch  149 | Train e:  88.96, T l:  0.1571 | Val e:  78.92 , Val l: 0.2561 | Test e:  75.50 
| Epoch  150 | Train e:  88.80, T l:  0.1561 | Val e:  78.35 , Val l: 0.2599 | Test e:  76.65 
| Epoch  151 | Train e:  88.88, T l:  0.1570 | Val e:  79.37 , Val l: 0.2591 | Test e:  76.17 
| Epoch  152 | Train e:  88.98, T l:  0.1560 | Val e:  78.97 , Val l: 0.2584 | Test e:  75.73 
| Epoch  153 | Train e:  88.96, T l:  0.1564 | Val e:  78.32 , Val l: 0.2599 | Test e:  76.00 
| Epoch  154 | Train e:  89.11, T l:  0.1547 | Val e:  79.29 , Val l: 0.2592 | Test e:  76.55 
| Epoch  155 | Train e:  89.05, T l:  0.1553 | Val e:  78.54 , Val l: 0.2579 | Test e:  75.99 
| Epoch  156 | Train e:  88.93, T l:  0.1555 | Val e:  78.86 , Val l: 0.2605 | Test e:  75.92 
| Epoch  157 | Train e:  89.16, T l:  0.1551 | Val e:  79.41 , Val l: 0.2596 | Test e:  76.66 
| Epoch  158 | Train e:  89.19, T l:  0.1542 | Val e:  79.46 , Val l: 0.2566 | Test e:  76.38 
| Epoch  159 | Train e:  89.07, T l:  0.1546 | Val e:  79.17 , Val l: 0.2553 | Test e:  76.51 
| Epoch  160 | Train e:  89.31, T l:  0.1540 | Val e:  79.15 , Val l: 0.2591 | Test e:  76.25 
| Epoch  161 | Train e:  89.27, T l:  0.1545 | Val e:  79.28 , Val l: 0.2575 | Test e:  76.06 
| Epoch  162 | Train e:  89.03, T l:  0.1547 | Val e:  79.14 , Val l: 0.2627 | Test e:  76.60 
| Epoch  163 | Train e:  89.14, T l:  0.1552 | Val e:  78.56 , Val l: 0.2605 | Test e:  75.36 
| Epoch  164 | Train e:  89.36, T l:  0.1549 | Val e:  79.39 , Val l: 0.2583 | Test e:  76.47 
| Epoch  165 | Train e:  89.27, T l:  0.1522 | Val e:  78.61 , Val l: 0.2651 | Test e:  75.62 
| Epoch  166 | Train e:  89.29, T l:  0.1528 | Val e:  79.03 , Val l: 0.2624 | Test e:  76.28 
| Epoch  167 | Train e:  89.35, T l:  0.1540 | Val e:  78.75 , Val l: 0.2586 | Test e:  76.59 
| Epoch  168 | Train e:  89.44, T l:  0.1536 | Val e:  79.32 , Val l: 0.2593 | Test e:  76.74 
| Epoch  169 | Train e:  89.36, T l:  0.1521 | Val e:  79.55 , Val l: 0.2613 | Test e:  76.18 
| Epoch  170 | Train e:  89.53, T l:  0.1526 | Val e:  79.42 , Val l: 0.2578 | Test e:  76.49 
| Epoch  171 | Train e:  89.55, T l:  0.1525 | Val e:  79.06 , Val l: 0.2601 | Test e:  76.04 
| Epoch  172 | Train e:  89.53, T l:  0.1522 | Val e:  79.46 , Val l: 0.2598 | Test e:  76.19 
| Epoch  173 | Train e:  89.51, T l:  0.1524 | Val e:  79.37 , Val l: 0.2574 | Test e:  76.17 
| Epoch  174 | Train e:  89.49, T l:  0.1515 | Val e:  78.43 , Val l: 0.2623 | Test e:  75.85 
| Epoch  175 | Train e:  89.42, T l:  0.1512 | Val e:  78.51 , Val l: 0.2604 | Test e:  75.93 
| Epoch  176 | Train e:  89.67, T l:  0.1506 | Val e:  79.07 , Val l: 0.2612 | Test e:  76.24 
| Epoch  177 | Train e:  89.53, T l:  0.1509 | Val e:  78.86 , Val l: 0.2611 | Test e:  76.46 
| Epoch  178 | Train e:  89.52, T l:  0.1521 | Val e:  78.17 , Val l: 0.2636 | Test e:  75.80 
| Epoch  179 | Train e:  89.57, T l:  0.1507 | Val e:  78.81 , Val l: 0.2619 | Test e:  76.01 
| Epoch  180 | Train e:  89.57, T l:  0.1500 | Val e:  79.30 , Val l: 0.2585 | Test e:  76.08 
| Epoch  181 | Train e:  89.58, T l:  0.1511 | Val e:  78.46 , Val l: 0.2615 | Test e:  75.97 
| Epoch  182 | Train e:  89.67, T l:  0.1514 | Val e:  78.80 , Val l: 0.2592 | Test e:  76.27 
| Epoch  183 | Train e:  89.67, T l:  0.1499 | Val e:  79.30 , Val l: 0.2575 | Test e:  76.24 
| Epoch  184 | Train e:  89.70, T l:  0.1503 | Val e:  79.09 , Val l: 0.2597 | Test e:  76.24 
| Epoch  185 | Train e:  89.59, T l:  0.1506 | Val e:  79.15 , Val l: 0.2616 | Test e:  76.40 
| Epoch  186 | Train e:  89.72, T l:  0.1502 | Val e:  79.03 , Val l: 0.2603 | Test e:  76.09 
| Epoch  187 | Train e:  89.70, T l:  0.1496 | Val e:  78.55 , Val l: 0.2613 | Test e:  75.85 
| Epoch  188 | Train e:  89.74, T l:  0.1502 | Val e:  78.72 , Val l: 0.2610 | Test e:  76.01 
| Epoch  189 | Train e:  89.63, T l:  0.1491 | Val e:  78.13 , Val l: 0.2630 | Test e:  75.92 
| Epoch  190 | Train e:  89.70, T l:  0.1488 | Val e:  78.70 , Val l: 0.2640 | Test e:  76.42 
| Epoch  191 | Train e:  89.79, T l:  0.1492 | Val e:  78.66 , Val l: 0.2626 | Test e:  76.23 
| Epoch  192 | Train e:  89.80, T l:  0.1490 | Val e:  78.75 , Val l: 0.2633 | Test e:  76.23 
| Epoch  193 | Train e:  89.76, T l:  0.1480 | Val e:  78.83 , Val l: 0.2626 | Test e:  76.06 
| Epoch  194 | Train e:  89.79, T l:  0.1480 | Val e:  78.73 , Val l: 0.2626 | Test e:  76.13 
| Epoch  195 | Train e:  89.78, T l:  0.1487 | Val e:  78.70 , Val l: 0.2630 | Test e:  76.09 
| Epoch  196 | Train e:  89.81, T l:  0.1483 | Val e:  78.96 , Val l: 0.2619 | Test e:  76.24 
| Epoch  197 | Train e:  89.80, T l:  0.1483 | Val e:  78.88 , Val l: 0.2621 | Test e:  76.23 
| Epoch  198 | Train e:  89.79, T l:  0.1487 | Val e:  78.91 , Val l: 0.2622 | Test e:  76.27 
| Epoch  199 | Train e:  89.80, T l:  0.1478 | Val e:  78.93 , Val l: 0.2621 | Test e:  76.30 
