

===============================================
2022-12-19 10:07:24

main_t.py --readout mean --gconv-dim 256 --tlayer-dim 256 --num-heads 8 --no-clustering --masked-attention --batch-size 32 --epochs 200 --warmup 20 --gconv-dropout 0.5 --tlayer-dropout 0.5 --seeds 2020 --device 1

None

dataset: ogbg-moltox21
use_val_loss: False
epochs: 200
scheduler: linear
warmup: 20
patience: 25
batch_size: 32
lr: 0.0001
weight_decay: 0.0001
clustering: False
masked_attention: True
gconv_dim: 256
tlayer_dim: 256
gconv_dropout: 0.5
tlayer_dropout: 0.5
num_layers: 4
num_heads: 8
skip_connection: none
readout: mean
seeds: 2020
save_state: False



| Epoch    0 | Train e:  54.40, T l:  0.5324 | Val e:  54.35 , Val l: 0.3459 | Test e:  52.87 
| Epoch    1 | Train e:  57.41, T l:  0.3029 | Val e:  59.56 , Val l: 0.3020 | Test e:  58.51 
| Epoch    2 | Train e:  58.01, T l:  0.2521 | Val e:  59.37 , Val l: 0.3062 | Test e:  58.89 
| Epoch    3 | Train e:  59.46, T l:  0.2413 | Val e:  61.07 , Val l: 0.3065 | Test e:  60.95 
| Epoch    4 | Train e:  60.51, T l:  0.2365 | Val e:  61.62 , Val l: 0.3018 | Test e:  60.97 
| Epoch    5 | Train e:  63.95, T l:  0.2335 | Val e:  62.97 , Val l: 0.2990 | Test e:  63.62 
| Epoch    6 | Train e:  67.07, T l:  0.2304 | Val e:  65.10 , Val l: 0.2948 | Test e:  65.72 
| Epoch    7 | Train e:  69.60, T l:  0.2267 | Val e:  67.23 , Val l: 0.2892 | Test e:  67.75 
| Epoch    8 | Train e:  71.06, T l:  0.2212 | Val e:  69.31 , Val l: 0.2871 | Test e:  68.14 
| Epoch    9 | Train e:  72.10, T l:  0.2165 | Val e:  70.79 , Val l: 0.2890 | Test e:  68.73 
| Epoch   10 | Train e:  72.53, T l:  0.2138 | Val e:  70.85 , Val l: 0.2977 | Test e:  68.67 
| Epoch   11 | Train e:  73.78, T l:  0.2131 | Val e:  71.78 , Val l: 0.2801 | Test e:  70.11 
| Epoch   12 | Train e:  74.43, T l:  0.2119 | Val e:  71.96 , Val l: 0.2844 | Test e:  70.45 
| Epoch   13 | Train e:  75.99, T l:  0.2095 | Val e:  73.27 , Val l: 0.2695 | Test e:  71.07 
| Epoch   14 | Train e:  76.87, T l:  0.2081 | Val e:  74.22 , Val l: 0.2734 | Test e:  71.20 
| Epoch   15 | Train e:  78.13, T l:  0.2066 | Val e:  75.39 , Val l: 0.2706 | Test e:  71.32 
| Epoch   16 | Train e:  79.26, T l:  0.2030 | Val e:  76.10 , Val l: 0.2732 | Test e:  71.84 
| Epoch   17 | Train e:  80.08, T l:  0.2006 | Val e:  76.17 , Val l: 0.2698 | Test e:  71.39 
| Epoch   18 | Train e:  81.50, T l:  0.1968 | Val e:  76.67 , Val l: 0.2926 | Test e:  72.36 
| Epoch   19 | Train e:  82.63, T l:  0.1933 | Val e:  77.35 , Val l: 0.2794 | Test e:  72.40 
| Epoch   20 | Train e:  83.41, T l:  0.1929 | Val e:  77.92 , Val l: 0.2696 | Test e:  73.07 
| Epoch   21 | Train e:  83.42, T l:  0.1879 | Val e:  77.57 , Val l: 0.2964 | Test e:  72.56 
| Epoch   22 | Train e:  84.21, T l:  0.1863 | Val e:  78.25 , Val l: 0.2735 | Test e:  72.86 
| Epoch   23 | Train e:  84.20, T l:  0.1841 | Val e:  77.06 , Val l: 0.2682 | Test e:  72.34 
| Epoch   24 | Train e:  84.75, T l:  0.1817 | Val e:  78.54 , Val l: 0.2992 | Test e:  73.57 
| Epoch   25 | Train e:  85.41, T l:  0.1804 | Val e:  77.66 , Val l: 0.2875 | Test e:  72.66 
| Epoch   26 | Train e:  86.11, T l:  0.1778 | Val e:  78.54 , Val l: 0.2742 | Test e:  73.88 
| Epoch   27 | Train e:  86.09, T l:  0.1771 | Val e:  78.52 , Val l: 0.3045 | Test e:  73.16 
| Epoch   28 | Train e:  86.48, T l:  0.1748 | Val e:  77.99 , Val l: 0.2803 | Test e:  73.17 
| Epoch   29 | Train e:  86.55, T l:  0.1746 | Val e:  78.12 , Val l: 0.2829 | Test e:  73.65 
| Epoch   30 | Train e:  86.60, T l:  0.1727 | Val e:  78.62 , Val l: 0.2865 | Test e:  74.11 
| Epoch   31 | Train e:  86.99, T l:  0.1712 | Val e:  78.67 , Val l: 0.3123 | Test e:  73.87 
| Epoch   32 | Train e:  87.15, T l:  0.1706 | Val e:  78.77 , Val l: 0.2836 | Test e:  73.28 
| Epoch   33 | Train e:  87.40, T l:  0.1683 | Val e:  78.64 , Val l: 0.3085 | Test e:  73.37 
| Epoch   34 | Train e:  87.41, T l:  0.1703 | Val e:  78.35 , Val l: 0.2687 | Test e:  73.61 
| Epoch   35 | Train e:  87.64, T l:  0.1660 | Val e:  78.67 , Val l: 0.2984 | Test e:  73.43 
| Epoch   36 | Train e:  87.69, T l:  0.1675 | Val e:  78.95 , Val l: 0.3026 | Test e:  73.87 
| Epoch   37 | Train e:  88.30, T l:  0.1651 | Val e:  78.61 , Val l: 0.2994 | Test e:  73.45 
| Epoch   38 | Train e:  87.95, T l:  0.1633 | Val e:  78.39 , Val l: 0.3271 | Test e:  73.05 
| Epoch   39 | Train e:  87.79, T l:  0.1629 | Val e:  77.79 , Val l: 0.3271 | Test e:  72.51 
| Epoch   40 | Train e:  88.65, T l:  0.1634 | Val e:  78.33 , Val l: 0.2844 | Test e:  73.21 
| Epoch   41 | Train e:  88.78, T l:  0.1627 | Val e:  78.92 , Val l: 0.2835 | Test e:  73.52 
| Epoch   42 | Train e:  88.60, T l:  0.1615 | Val e:  78.11 , Val l: 0.3037 | Test e:  72.95 
| Epoch   43 | Train e:  88.99, T l:  0.1606 | Val e:  78.12 , Val l: 0.3080 | Test e:  72.50 
| Epoch   44 | Train e:  89.26, T l:  0.1599 | Val e:  78.51 , Val l: 0.2850 | Test e:  73.21 
| Epoch   45 | Train e:  89.32, T l:  0.1585 | Val e:  77.48 , Val l: 0.2888 | Test e:  71.99 
| Epoch   46 | Train e:  89.37, T l:  0.1572 | Val e:  77.96 , Val l: 0.2773 | Test e:  72.71 
| Epoch   47 | Train e:  90.12, T l:  0.1586 | Val e:  78.56 , Val l: 0.3024 | Test e:  72.74 
| Epoch   48 | Train e:  89.86, T l:  0.1558 | Val e:  77.93 , Val l: 0.2967 | Test e:  73.28 
| Epoch   49 | Train e:  90.48, T l:  0.1553 | Val e:  77.95 , Val l: 0.3222 | Test e:  72.85 
| Epoch   50 | Train e:  90.15, T l:  0.1547 | Val e:  78.03 , Val l: 0.3710 | Test e:  73.02 
| Epoch   51 | Train e:  90.43, T l:  0.1542 | Val e:  77.95 , Val l: 0.2881 | Test e:  73.49 
| Epoch   52 | Train e:  90.55, T l:  0.1541 | Val e:  77.71 , Val l: 0.3031 | Test e:  73.63 
| Epoch   53 | Train e:  90.30, T l:  0.1531 | Val e:  77.32 , Val l: 0.3102 | Test e:  72.26 
| Epoch   54 | Train e:  90.65, T l:  0.1522 | Val e:  78.01 , Val l: 0.3281 | Test e:  72.19 
| Epoch   55 | Train e:  90.28, T l:  0.1526 | Val e:  77.03 , Val l: 0.3090 | Test e:  71.82 
| Epoch   56 | Train e:  90.62, T l:  0.1515 | Val e:  77.30 , Val l: 0.3109 | Test e:  72.02 
| Epoch   57 | Train e:  91.00, T l:  0.1485 | Val e:  77.46 , Val l: 0.3097 | Test e:  72.82 
| Epoch   58 | Train e:  91.39, T l:  0.1487 | Val e:  78.29 , Val l: 0.3138 | Test e:  73.61 
| Epoch   59 | Train e:  91.12, T l:  0.1478 | Val e:  76.55 , Val l: 0.3448 | Test e:  72.03 
| Epoch   60 | Train e:  91.52, T l:  0.1475 | Val e:  77.33 , Val l: 0.3492 | Test e:  72.79 
| Epoch   61 | Train e:  91.15, T l:  0.1468 | Val e:  77.64 , Val l: 0.3123 | Test e:  71.96 
| Epoch   62 | Train e:  91.47, T l:  0.1467 | Val e:  77.64 , Val l: 0.3337 | Test e:  72.96 
| Epoch   63 | Train e:  91.43, T l:  0.1461 | Val e:  77.66 , Val l: 0.3247 | Test e:  72.93 
| Epoch   64 | Train e:  91.38, T l:  0.1454 | Val e:  78.26 , Val l: 0.3386 | Test e:  72.05 
| Epoch   65 | Train e:  91.55, T l:  0.1451 | Val e:  77.22 , Val l: 0.3348 | Test e:  71.87 
| Epoch   66 | Train e:  91.95, T l:  0.1453 | Val e:  77.55 , Val l: 0.3293 | Test e:  72.60 
| Epoch   67 | Train e:  91.84, T l:  0.1439 | Val e:  77.92 , Val l: 0.3301 | Test e:  72.61 
| Epoch   68 | Train e:  90.94, T l:  0.1427 | Val e:  78.15 , Val l: 0.3272 | Test e:  71.99 
| Epoch   69 | Train e:  91.45, T l:  0.1431 | Val e:  77.32 , Val l: 0.3169 | Test e:  71.37 
| Epoch   70 | Train e:  92.24, T l:  0.1426 | Val e:  77.42 , Val l: 0.3306 | Test e:  72.74 
| Epoch   71 | Train e:  92.22, T l:  0.1417 | Val e:  77.95 , Val l: 0.3146 | Test e:  72.36 
| Epoch   72 | Train e:  92.15, T l:  0.1411 | Val e:  77.79 , Val l: 0.3348 | Test e:  72.41 
| Epoch   73 | Train e:  92.06, T l:  0.1402 | Val e:  77.83 , Val l: 0.3694 | Test e:  71.80 
| Epoch   74 | Train e:  92.61, T l:  0.1395 | Val e:  77.82 , Val l: 0.3742 | Test e:  71.90 
| Epoch   75 | Train e:  92.06, T l:  0.1386 | Val e:  77.72 , Val l: 0.3305 | Test e:  71.62 
| Epoch   76 | Train e:  92.36, T l:  0.1391 | Val e:  77.21 , Val l: 0.3913 | Test e:  72.35 
| Epoch   77 | Train e:  92.38, T l:  0.1392 | Val e:  78.22 , Val l: 0.3260 | Test e:  72.23 
| Epoch   78 | Train e:  92.84, T l:  0.1372 | Val e:  77.88 , Val l: 0.3481 | Test e:  72.45 
| Epoch   79 | Train e:  92.69, T l:  0.1361 | Val e:  77.05 , Val l: 0.3853 | Test e:  71.34 
| Epoch   80 | Train e:  92.80, T l:  0.1372 | Val e:  77.25 , Val l: 0.3624 | Test e:  72.14 
| Epoch   81 | Train e:  93.37, T l:  0.1354 | Val e:  76.79 , Val l: 0.3767 | Test e:  72.15 
| Epoch   82 | Train e:  93.14, T l:  0.1351 | Val e:  77.54 , Val l: 0.3787 | Test e:  72.32 
| Epoch   83 | Train e:  92.99, T l:  0.1357 | Val e:  77.28 , Val l: 0.3708 | Test e:  71.89 
| Epoch   84 | Train e:  93.02, T l:  0.1338 | Val e:  77.94 , Val l: 0.3381 | Test e:  72.39 
| Epoch   85 | Train e:  93.44, T l:  0.1334 | Val e:  78.36 , Val l: 0.3513 | Test e:  72.46 
| Epoch   86 | Train e:  93.07, T l:  0.1343 | Val e:  77.44 , Val l: 0.3451 | Test e:  71.17 
| Epoch   87 | Train e:  93.68, T l:  0.1330 | Val e:  77.96 , Val l: 0.3484 | Test e:  72.40 
| Epoch   88 | Train e:  93.65, T l:  0.1333 | Val e:  77.54 , Val l: 0.3361 | Test e:  72.38 
| Epoch   89 | Train e:  93.43, T l:  0.1310 | Val e:  76.93 , Val l: 0.3789 | Test e:  72.17 
| Epoch   90 | Train e:  93.11, T l:  0.1314 | Val e:  77.50 , Val l: 0.3463 | Test e:  72.06 
| Epoch   91 | Train e:  93.79, T l:  0.1313 | Val e:  77.21 , Val l: 0.3851 | Test e:  72.06 
| Epoch   92 | Train e:  93.98, T l:  0.1300 | Val e:  77.66 , Val l: 0.3735 | Test e:  72.18 
| Epoch   93 | Train e:  93.75, T l:  0.1306 | Val e:  77.06 , Val l: 0.3767 | Test e:  71.66 
| Epoch   94 | Train e:  93.38, T l:  0.1282 | Val e:  77.21 , Val l: 0.3504 | Test e:  71.81 
| Epoch   95 | Train e:  93.56, T l:  0.1284 | Val e:  77.66 , Val l: 0.3475 | Test e:  72.57 
| Epoch   96 | Train e:  94.15, T l:  0.1293 | Val e:  77.00 , Val l: 0.3498 | Test e:  71.50 
| Epoch   97 | Train e:  94.08, T l:  0.1279 | Val e:  77.64 , Val l: 0.3741 | Test e:  72.17 
| Epoch   98 | Train e:  93.62, T l:  0.1284 | Val e:  76.90 , Val l: 0.3733 | Test e:  71.59 
| Epoch   99 | Train e:  94.20, T l:  0.1263 | Val e:  76.92 , Val l: 0.3791 | Test e:  72.02 
| Epoch  100 | Train e:  93.77, T l:  0.1273 | Val e:  76.85 , Val l: 0.3914 | Test e:  71.55 
| Epoch  101 | Train e:  94.24, T l:  0.1259 | Val e:  77.01 , Val l: 0.3547 | Test e:  71.98 
| Epoch  102 | Train e:  93.87, T l:  0.1250 | Val e:  77.42 , Val l: 0.3732 | Test e:  71.88 
| Epoch  103 | Train e:  94.28, T l:  0.1256 | Val e:  76.81 , Val l: 0.3748 | Test e:  71.57 
| Epoch  104 | Train e:  94.52, T l:  0.1245 | Val e:  77.29 , Val l: 0.4037 | Test e:  71.43 
| Epoch  105 | Train e:  94.32, T l:  0.1247 | Val e:  77.13 , Val l: 0.4115 | Test e:  71.72 
| Epoch  106 | Train e:  94.56, T l:  0.1234 | Val e:  77.50 , Val l: 0.3978 | Test e:  72.12 
| Epoch  107 | Train e:  94.22, T l:  0.1233 | Val e:  77.13 , Val l: 0.3837 | Test e:  72.00 
| Epoch  108 | Train e:  94.48, T l:  0.1221 | Val e:  77.50 , Val l: 0.3831 | Test e:  72.10 
| Epoch  109 | Train e:  93.71, T l:  0.1228 | Val e:  76.35 , Val l: 0.4126 | Test e:  71.33 
| Epoch  110 | Train e:  94.48, T l:  0.1225 | Val e:  77.29 , Val l: 0.4068 | Test e:  71.57 
| Epoch  111 | Train e:  94.69, T l:  0.1212 | Val e:  77.12 , Val l: 0.4000 | Test e:  72.19 
| Epoch  112 | Train e:  94.01, T l:  0.1220 | Val e:  76.44 , Val l: 0.4112 | Test e:  71.33 
| Epoch  113 | Train e:  94.88, T l:  0.1211 | Val e:  76.42 , Val l: 0.3654 | Test e:  71.70 
| Epoch  114 | Train e:  94.59, T l:  0.1208 | Val e:  76.48 , Val l: 0.4394 | Test e:  71.75 
| Epoch  115 | Train e:  94.89, T l:  0.1204 | Val e:  77.58 , Val l: 0.3686 | Test e:  72.42 
| Epoch  116 | Train e:  94.79, T l:  0.1198 | Val e:  76.53 , Val l: 0.4252 | Test e:  71.45 
| Epoch  117 | Train e:  94.87, T l:  0.1202 | Val e:  77.49 , Val l: 0.4040 | Test e:  72.03 
| Epoch  118 | Train e:  94.66, T l:  0.1181 | Val e:  77.09 , Val l: 0.3730 | Test e:  72.18 
| Epoch  119 | Train e:  94.91, T l:  0.1198 | Val e:  76.89 , Val l: 0.3826 | Test e:  72.19 
| Epoch  120 | Train e:  94.84, T l:  0.1189 | Val e:  77.00 , Val l: 0.3949 | Test e:  72.04 
| Epoch  121 | Train e:  95.08, T l:  0.1169 | Val e:  76.71 , Val l: 0.3995 | Test e:  71.60 
| Epoch  122 | Train e:  94.77, T l:  0.1176 | Val e:  76.36 , Val l: 0.3978 | Test e:  71.90 
| Epoch  123 | Train e:  94.88, T l:  0.1176 | Val e:  76.34 , Val l: 0.3964 | Test e:  71.83 
| Epoch  124 | Train e:  95.44, T l:  0.1167 | Val e:  77.08 , Val l: 0.3960 | Test e:  72.24 
| Epoch  125 | Train e:  95.22, T l:  0.1164 | Val e:  76.97 , Val l: 0.3921 | Test e:  71.80 
| Epoch  126 | Train e:  95.29, T l:  0.1162 | Val e:  76.13 , Val l: 0.4307 | Test e:  71.38 
| Epoch  127 | Train e:  95.51, T l:  0.1156 | Val e:  76.88 , Val l: 0.4139 | Test e:  72.18 
| Epoch  128 | Train e:  95.09, T l:  0.1153 | Val e:  76.51 , Val l: 0.4121 | Test e:  71.92 
| Epoch  129 | Train e:  95.39, T l:  0.1146 | Val e:  76.62 , Val l: 0.4202 | Test e:  72.03 
| Epoch  130 | Train e:  95.18, T l:  0.1149 | Val e:  76.91 , Val l: 0.4227 | Test e:  71.73 
| Epoch  131 | Train e:  95.24, T l:  0.1141 | Val e:  76.78 , Val l: 0.4682 | Test e:  71.43 
| Epoch  132 | Train e:  95.11, T l:  0.1126 | Val e:  76.44 , Val l: 0.4241 | Test e:  71.69 
| Epoch  133 | Train e:  95.60, T l:  0.1140 | Val e:  76.13 , Val l: 0.4219 | Test e:  72.10 
| Epoch  134 | Train e:  95.67, T l:  0.1136 | Val e:  76.75 , Val l: 0.4012 | Test e:  72.45 
| Epoch  135 | Train e:  95.60, T l:  0.1133 | Val e:  76.65 , Val l: 0.3981 | Test e:  72.17 
| Epoch  136 | Train e:  95.30, T l:  0.1126 | Val e:  76.76 , Val l: 0.4321 | Test e:  71.56 
| Epoch  137 | Train e:  95.75, T l:  0.1122 | Val e:  76.16 , Val l: 0.4388 | Test e:  72.11 
| Epoch  138 | Train e:  94.91, T l:  0.1110 | Val e:  76.33 , Val l: 0.4588 | Test e:  71.31 
| Epoch  139 | Train e:  95.56, T l:  0.1106 | Val e:  76.66 , Val l: 0.4319 | Test e:  72.20 
| Epoch  140 | Train e:  95.25, T l:  0.1117 | Val e:  75.54 , Val l: 0.4656 | Test e:  71.73 
| Epoch  141 | Train e:  95.73, T l:  0.1115 | Val e:  76.30 , Val l: 0.4429 | Test e:  72.38 
| Epoch  142 | Train e:  95.96, T l:  0.1109 | Val e:  76.54 , Val l: 0.4098 | Test e:  72.20 
| Epoch  143 | Train e:  95.62, T l:  0.1102 | Val e:  76.23 , Val l: 0.4374 | Test e:  72.07 
| Epoch  144 | Train e:  95.54, T l:  0.1105 | Val e:  76.71 , Val l: 0.4377 | Test e:  71.83 
| Epoch  145 | Train e:  95.76, T l:  0.1096 | Val e:  76.07 , Val l: 0.4495 | Test e:  71.70 
| Epoch  146 | Train e:  95.72, T l:  0.1083 | Val e:  76.32 , Val l: 0.4315 | Test e:  71.94 
| Epoch  147 | Train e:  95.77, T l:  0.1079 | Val e:  75.90 , Val l: 0.4866 | Test e:  71.87 
| Epoch  148 | Train e:  95.84, T l:  0.1080 | Val e:  76.06 , Val l: 0.4426 | Test e:  71.87 
| Epoch  149 | Train e:  95.89, T l:  0.1103 | Val e:  76.43 , Val l: 0.4229 | Test e:  71.81 
| Epoch  150 | Train e:  96.20, T l:  0.1092 | Val e:  76.62 , Val l: 0.4103 | Test e:  72.31 
| Epoch  151 | Train e:  96.17, T l:  0.1069 | Val e:  76.38 , Val l: 0.4311 | Test e:  72.10 
| Epoch  152 | Train e:  95.89, T l:  0.1080 | Val e:  76.24 , Val l: 0.4222 | Test e:  72.15 
| Epoch  153 | Train e:  96.07, T l:  0.1066 | Val e:  75.90 , Val l: 0.4454 | Test e:  71.97 
| Epoch  154 | Train e:  96.11, T l:  0.1071 | Val e:  76.44 , Val l: 0.4375 | Test e:  71.83 
| Epoch  155 | Train e:  96.19, T l:  0.1074 | Val e:  76.27 , Val l: 0.4273 | Test e:  72.15 
| Epoch  156 | Train e:  95.80, T l:  0.1072 | Val e:  75.99 , Val l: 0.4462 | Test e:  71.71 
| Epoch  157 | Train e:  96.10, T l:  0.1058 | Val e:  75.74 , Val l: 0.4795 | Test e:  71.82 
| Epoch  158 | Train e:  96.14, T l:  0.1061 | Val e:  76.04 , Val l: 0.4426 | Test e:  71.82 
| Epoch  159 | Train e:  95.91, T l:  0.1055 | Val e:  75.98 , Val l: 0.4684 | Test e:  71.63 
| Epoch  160 | Train e:  96.01, T l:  0.1076 | Val e:  75.97 , Val l: 0.4803 | Test e:  71.48 
| Epoch  161 | Train e:  95.93, T l:  0.1048 | Val e:  75.80 , Val l: 0.4705 | Test e:  71.53 
| Epoch  162 | Train e:  96.40, T l:  0.1062 | Val e:  75.94 , Val l: 0.4563 | Test e:  71.94 
| Epoch  163 | Train e:  96.25, T l:  0.1052 | Val e:  75.80 , Val l: 0.4605 | Test e:  71.48 
| Epoch  164 | Train e:  96.24, T l:  0.1039 | Val e:  76.20 , Val l: 0.4511 | Test e:  71.86 
| Epoch  165 | Train e:  96.23, T l:  0.1036 | Val e:  76.03 , Val l: 0.4510 | Test e:  71.67 
| Epoch  166 | Train e:  96.33, T l:  0.1035 | Val e:  75.84 , Val l: 0.4459 | Test e:  72.17 
| Epoch  167 | Train e:  96.23, T l:  0.1025 | Val e:  75.69 , Val l: 0.4661 | Test e:  71.77 
| Epoch  168 | Train e:  96.34, T l:  0.1044 | Val e:  75.37 , Val l: 0.4556 | Test e:  71.43 
| Epoch  169 | Train e:  96.35, T l:  0.1035 | Val e:  75.67 , Val l: 0.4493 | Test e:  71.69 
| Epoch  170 | Train e:  96.47, T l:  0.1036 | Val e:  75.73 , Val l: 0.4520 | Test e:  71.84 
| Epoch  171 | Train e:  96.39, T l:  0.1038 | Val e:  75.72 , Val l: 0.4564 | Test e:  71.55 
| Epoch  172 | Train e:  96.39, T l:  0.1030 | Val e:  75.54 , Val l: 0.4450 | Test e:  71.54 
| Epoch  173 | Train e:  96.45, T l:  0.1019 | Val e:  75.59 , Val l: 0.4664 | Test e:  71.76 
| Epoch  174 | Train e:  96.46, T l:  0.1029 | Val e:  75.79 , Val l: 0.4707 | Test e:  71.66 
| Epoch  175 | Train e:  96.20, T l:  0.1018 | Val e:  75.60 , Val l: 0.4572 | Test e:  71.57 
| Epoch  176 | Train e:  96.62, T l:  0.1021 | Val e:  75.66 , Val l: 0.4477 | Test e:  71.91 
| Epoch  177 | Train e:  96.52, T l:  0.1020 | Val e:  75.44 , Val l: 0.4641 | Test e:  71.68 
| Epoch  178 | Train e:  96.62, T l:  0.1012 | Val e:  75.73 , Val l: 0.4405 | Test e:  71.84 
| Epoch  179 | Train e:  96.63, T l:  0.1015 | Val e:  75.89 , Val l: 0.4449 | Test e:  71.83 
| Epoch  180 | Train e:  96.41, T l:  0.1029 | Val e:  75.60 , Val l: 0.4711 | Test e:  71.72 
| Epoch  181 | Train e:  96.38, T l:  0.1011 | Val e:  75.53 , Val l: 0.4782 | Test e:  71.79 
| Epoch  182 | Train e:  96.33, T l:  0.1005 | Val e:  75.68 , Val l: 0.4776 | Test e:  71.85 
| Epoch  183 | Train e:  96.13, T l:  0.1007 | Val e:  75.62 , Val l: 0.4697 | Test e:  71.70 
| Epoch  184 | Train e:  96.49, T l:  0.1006 | Val e:  75.71 , Val l: 0.4715 | Test e:  71.79 
| Epoch  185 | Train e:  96.40, T l:  0.1008 | Val e:  75.46 , Val l: 0.4704 | Test e:  71.61 
| Epoch  186 | Train e:  96.42, T l:  0.0998 | Val e:  75.56 , Val l: 0.4734 | Test e:  71.55 
| Epoch  187 | Train e:  96.47, T l:  0.1007 | Val e:  75.51 , Val l: 0.4661 | Test e:  71.66 
| Epoch  188 | Train e:  96.49, T l:  0.0998 | Val e:  75.49 , Val l: 0.4722 | Test e:  71.74 
| Epoch  189 | Train e:  96.47, T l:  0.0984 | Val e:  75.50 , Val l: 0.4688 | Test e:  71.73 
| Epoch  190 | Train e:  96.32, T l:  0.1014 | Val e:  75.51 , Val l: 0.4767 | Test e:  71.61 
| Epoch  191 | Train e:  96.35, T l:  0.0988 | Val e:  75.42 , Val l: 0.4813 | Test e:  71.58 
| Epoch  192 | Train e:  96.49, T l:  0.0997 | Val e:  75.56 , Val l: 0.4682 | Test e:  71.76 
| Epoch  193 | Train e:  96.50, T l:  0.0993 | Val e:  75.54 , Val l: 0.4692 | Test e:  71.77 
| Epoch  194 | Train e:  96.57, T l:  0.1007 | Val e:  75.52 , Val l: 0.4714 | Test e:  71.71 
| Epoch  195 | Train e:  96.51, T l:  0.0990 | Val e:  75.52 , Val l: 0.4711 | Test e:  71.73 
| Epoch  196 | Train e:  96.48, T l:  0.1006 | Val e:  75.47 , Val l: 0.4724 | Test e:  71.65 
| Epoch  197 | Train e:  96.53, T l:  0.0983 | Val e:  75.50 , Val l: 0.4695 | Test e:  71.67 
| Epoch  198 | Train e:  96.51, T l:  0.0990 | Val e:  75.56 , Val l: 0.4706 | Test e:  71.69 
| Epoch  199 | Train e:  96.50, T l:  0.0984 | Val e:  75.53 , Val l: 0.4706 | Test e:  71.68 
