

===============================================
2022-08-23 04:19:06

main.py --readout cls --gconv-dim 256 --tlayer-dim 256 --num-heads 8 --no-clustering --masked-attention --batch-size 32 --epochs 200 --warmup 20 --gconv-dropout 0.5 --tlayer-dropout 0.5 --seeds 271828 --device 1

None

dataset: ogbg-moltox21
use_val_loss: False
epochs: 200
scheduler: linear
warmup: 20
patience: 25
batch_size: 32
lr: 0.0001
weight_decay: 0.0001
clustering: False
masked_attention: True
gconv_dim: 256
tlayer_dim: 256
gconv_dropout: 0.5
tlayer_dropout: 0.5
num_layers: 4
num_heads: 8
skip_connection: none
readout: cls
seeds: 271828
save_state: False



| Epoch    0 | Train e:  44.98, T l:  0.6387 | Val e:  49.67 , Val l: 0.3852 | Test e:  50.69 
| Epoch    1 | Train e:  46.91, T l:  0.3404 | Val e:  51.29 , Val l: 0.3067 | Test e:  53.14 
| Epoch    2 | Train e:  51.85, T l:  0.2669 | Val e:  56.78 , Val l: 0.3116 | Test e:  58.24 
| Epoch    3 | Train e:  55.87, T l:  0.2524 | Val e:  58.08 , Val l: 0.3165 | Test e:  59.41 
| Epoch    4 | Train e:  58.84, T l:  0.2485 | Val e:  59.86 , Val l: 0.3173 | Test e:  60.63 
| Epoch    5 | Train e:  61.82, T l:  0.2445 | Val e:  61.89 , Val l: 0.3133 | Test e:  62.63 
| Epoch    6 | Train e:  63.14, T l:  0.2382 | Val e:  62.46 , Val l: 0.3042 | Test e:  62.86 
| Epoch    7 | Train e:  65.90, T l:  0.2352 | Val e:  62.73 , Val l: 0.3004 | Test e:  63.61 
| Epoch    8 | Train e:  68.41, T l:  0.2314 | Val e:  64.91 , Val l: 0.2968 | Test e:  65.23 
| Epoch    9 | Train e:  71.21, T l:  0.2259 | Val e:  68.99 , Val l: 0.2854 | Test e:  68.17 
| Epoch   10 | Train e:  72.07, T l:  0.2176 | Val e:  70.28 , Val l: 0.2852 | Test e:  68.59 
| Epoch   11 | Train e:  73.68, T l:  0.2133 | Val e:  72.21 , Val l: 0.2963 | Test e:  69.61 
| Epoch   12 | Train e:  75.16, T l:  0.2112 | Val e:  73.38 , Val l: 0.2801 | Test e:  70.17 
| Epoch   13 | Train e:  75.77, T l:  0.2069 | Val e:  74.15 , Val l: 0.2757 | Test e:  70.41 
| Epoch   14 | Train e:  76.09, T l:  0.2067 | Val e:  74.11 , Val l: 0.2873 | Test e:  70.89 
| Epoch   15 | Train e:  77.23, T l:  0.2044 | Val e:  75.05 , Val l: 0.2774 | Test e:  71.42 
| Epoch   16 | Train e:  78.59, T l:  0.2034 | Val e:  77.09 , Val l: 0.2556 | Test e:  72.78 
| Epoch   17 | Train e:  78.79, T l:  0.2010 | Val e:  75.96 , Val l: 0.2735 | Test e:  73.00 
| Epoch   18 | Train e:  80.03, T l:  0.2000 | Val e:  78.21 , Val l: 0.2556 | Test e:  73.60 
| Epoch   19 | Train e:  80.28, T l:  0.1983 | Val e:  77.23 , Val l: 0.2591 | Test e:  73.76 
| Epoch   20 | Train e:  81.04, T l:  0.1950 | Val e:  78.40 , Val l: 0.2574 | Test e:  73.57 
| Epoch   21 | Train e:  81.25, T l:  0.1938 | Val e:  77.50 , Val l: 0.2584 | Test e:  74.79 
| Epoch   22 | Train e:  81.87, T l:  0.1947 | Val e:  78.52 , Val l: 0.2557 | Test e:  75.27 
| Epoch   23 | Train e:  82.12, T l:  0.1906 | Val e:  78.60 , Val l: 0.2513 | Test e:  74.61 
| Epoch   24 | Train e:  83.08, T l:  0.1892 | Val e:  79.00 , Val l: 0.2608 | Test e:  75.42 
| Epoch   25 | Train e:  84.01, T l:  0.1877 | Val e:  79.39 , Val l: 0.2535 | Test e:  75.58 
| Epoch   26 | Train e:  84.25, T l:  0.1866 | Val e:  79.12 , Val l: 0.2522 | Test e:  75.36 
| Epoch   27 | Train e:  85.03, T l:  0.1851 | Val e:  79.65 , Val l: 0.2528 | Test e:  75.44 
| Epoch   28 | Train e:  85.66, T l:  0.1830 | Val e:  79.23 , Val l: 0.2548 | Test e:  75.58 
| Epoch   29 | Train e:  85.59, T l:  0.1826 | Val e:  79.92 , Val l: 0.2778 | Test e:  75.17 
| Epoch   30 | Train e:  85.92, T l:  0.1804 | Val e:  80.11 , Val l: 0.2668 | Test e:  75.34 
| Epoch   31 | Train e:  86.61, T l:  0.1778 | Val e:  79.96 , Val l: 0.2554 | Test e:  75.56 
| Epoch   32 | Train e:  86.66, T l:  0.1778 | Val e:  80.52 , Val l: 0.2489 | Test e:  76.01 
| Epoch   33 | Train e:  87.04, T l:  0.1760 | Val e:  80.42 , Val l: 0.2461 | Test e:  76.99 
| Epoch   34 | Train e:  87.17, T l:  0.1747 | Val e:  80.65 , Val l: 0.2589 | Test e:  75.55 
| Epoch   35 | Train e:  87.00, T l:  0.1735 | Val e:  80.29 , Val l: 0.2758 | Test e:  75.62 
| Epoch   36 | Train e:  87.38, T l:  0.1724 | Val e:  80.45 , Val l: 0.2484 | Test e:  76.69 
| Epoch   37 | Train e:  87.64, T l:  0.1731 | Val e:  80.19 , Val l: 0.2492 | Test e:  76.98 
| Epoch   38 | Train e:  87.51, T l:  0.1708 | Val e:  80.07 , Val l: 0.2541 | Test e:  76.45 
| Epoch   39 | Train e:  87.57, T l:  0.1704 | Val e:  80.23 , Val l: 0.2497 | Test e:  75.90 
| Epoch   40 | Train e:  87.65, T l:  0.1710 | Val e:  80.66 , Val l: 0.2578 | Test e:  77.40 
| Epoch   41 | Train e:  87.52, T l:  0.1680 | Val e:  80.34 , Val l: 0.2516 | Test e:  75.85 
| Epoch   42 | Train e:  88.11, T l:  0.1690 | Val e:  80.10 , Val l: 0.2582 | Test e:  75.79 
| Epoch   43 | Train e:  88.46, T l:  0.1669 | Val e:  80.93 , Val l: 0.2447 | Test e:  76.65 
| Epoch   44 | Train e:  88.40, T l:  0.1677 | Val e:  80.72 , Val l: 0.2450 | Test e:  76.60 
| Epoch   45 | Train e:  88.39, T l:  0.1668 | Val e:  80.59 , Val l: 0.2522 | Test e:  76.89 
| Epoch   46 | Train e:  88.44, T l:  0.1662 | Val e:  80.84 , Val l: 0.2416 | Test e:  77.23 
| Epoch   47 | Train e:  88.54, T l:  0.1646 | Val e:  80.23 , Val l: 0.2599 | Test e:  76.73 
| Epoch   48 | Train e:  88.68, T l:  0.1640 | Val e:  80.32 , Val l: 0.2565 | Test e:  76.59 
| Epoch   49 | Train e:  88.59, T l:  0.1627 | Val e:  80.98 , Val l: 0.2432 | Test e:  76.54 
| Epoch   50 | Train e:  88.78, T l:  0.1626 | Val e:  81.16 , Val l: 0.2483 | Test e:  76.80 
| Epoch   51 | Train e:  88.85, T l:  0.1627 | Val e:  80.30 , Val l: 0.2508 | Test e:  76.32 
| Epoch   52 | Train e:  88.90, T l:  0.1622 | Val e:  80.00 , Val l: 0.2578 | Test e:  76.49 
| Epoch   53 | Train e:  89.20, T l:  0.1614 | Val e:  80.63 , Val l: 0.2563 | Test e:  77.10 
| Epoch   54 | Train e:  88.97, T l:  0.1598 | Val e:  80.70 , Val l: 0.2543 | Test e:  77.21 
| Epoch   55 | Train e:  89.20, T l:  0.1589 | Val e:  80.35 , Val l: 0.2626 | Test e:  75.73 
| Epoch   56 | Train e:  88.91, T l:  0.1600 | Val e:  80.29 , Val l: 0.2492 | Test e:  76.52 
| Epoch   57 | Train e:  89.29, T l:  0.1590 | Val e:  80.91 , Val l: 0.2446 | Test e:  77.41 
| Epoch   58 | Train e:  89.15, T l:  0.1581 | Val e:  80.64 , Val l: 0.2440 | Test e:  76.59 
| Epoch   59 | Train e:  89.60, T l:  0.1587 | Val e:  80.70 , Val l: 0.2503 | Test e:  77.98 
| Epoch   60 | Train e:  89.51, T l:  0.1584 | Val e:  80.11 , Val l: 0.2541 | Test e:  77.22 
| Epoch   61 | Train e:  89.65, T l:  0.1558 | Val e:  80.53 , Val l: 0.2539 | Test e:  77.09 
| Epoch   62 | Train e:  89.94, T l:  0.1568 | Val e:  81.17 , Val l: 0.2423 | Test e:  77.66 
| Epoch   63 | Train e:  89.90, T l:  0.1545 | Val e:  80.30 , Val l: 0.2475 | Test e:  76.94 
| Epoch   64 | Train e:  89.62, T l:  0.1555 | Val e:  80.86 , Val l: 0.2616 | Test e:  77.18 
| Epoch   65 | Train e:  90.01, T l:  0.1548 | Val e:  80.58 , Val l: 0.2486 | Test e:  77.85 
| Epoch   66 | Train e:  90.08, T l:  0.1557 | Val e:  80.79 , Val l: 0.2511 | Test e:  77.46 
| Epoch   67 | Train e:  90.22, T l:  0.1548 | Val e:  80.29 , Val l: 0.2505 | Test e:  77.24 
| Epoch   68 | Train e:  90.04, T l:  0.1535 | Val e:  80.48 , Val l: 0.2536 | Test e:  77.13 
| Epoch   69 | Train e:  90.37, T l:  0.1531 | Val e:  80.74 , Val l: 0.2637 | Test e:  78.05 
| Epoch   70 | Train e:  90.22, T l:  0.1529 | Val e:  80.54 , Val l: 0.2588 | Test e:  77.61 
| Epoch   71 | Train e:  90.52, T l:  0.1514 | Val e:  80.92 , Val l: 0.2519 | Test e:  78.24 
| Epoch   72 | Train e:  90.53, T l:  0.1519 | Val e:  80.25 , Val l: 0.2481 | Test e:  77.77 
| Epoch   73 | Train e:  90.59, T l:  0.1516 | Val e:  80.43 , Val l: 0.2494 | Test e:  79.21 
| Epoch   74 | Train e:  90.83, T l:  0.1502 | Val e:  80.37 , Val l: 0.2518 | Test e:  79.07 
| Epoch   75 | Train e:  90.74, T l:  0.1498 | Val e:  80.04 , Val l: 0.2486 | Test e:  77.90 
| Epoch   76 | Train e:  90.88, T l:  0.1477 | Val e:  80.17 , Val l: 0.2560 | Test e:  78.43 
| Epoch   77 | Train e:  90.78, T l:  0.1500 | Val e:  80.44 , Val l: 0.2657 | Test e:  78.57 
| Epoch   78 | Train e:  90.70, T l:  0.1490 | Val e:  80.81 , Val l: 0.2550 | Test e:  78.56 
| Epoch   79 | Train e:  90.59, T l:  0.1497 | Val e:  79.68 , Val l: 0.2601 | Test e:  77.43 
| Epoch   80 | Train e:  90.91, T l:  0.1496 | Val e:  80.99 , Val l: 0.2459 | Test e:  78.60 
| Epoch   81 | Train e:  91.11, T l:  0.1474 | Val e:  80.99 , Val l: 0.2517 | Test e:  78.60 
| Epoch   82 | Train e:  90.97, T l:  0.1457 | Val e:  80.42 , Val l: 0.2514 | Test e:  78.10 
| Epoch   83 | Train e:  91.10, T l:  0.1488 | Val e:  80.97 , Val l: 0.2603 | Test e:  78.18 
| Epoch   84 | Train e:  91.37, T l:  0.1467 | Val e:  80.96 , Val l: 0.2544 | Test e:  78.91 
| Epoch   85 | Train e:  91.28, T l:  0.1461 | Val e:  80.57 , Val l: 0.2601 | Test e:  78.71 
| Epoch   86 | Train e:  91.16, T l:  0.1464 | Val e:  80.76 , Val l: 0.2568 | Test e:  78.54 
| Epoch   87 | Train e:  91.11, T l:  0.1464 | Val e:  79.92 , Val l: 0.2588 | Test e:  77.23 
| Epoch   88 | Train e:  91.21, T l:  0.1449 | Val e:  80.82 , Val l: 0.2541 | Test e:  78.53 
| Epoch   89 | Train e:  91.45, T l:  0.1442 | Val e:  80.52 , Val l: 0.2566 | Test e:  78.88 
| Epoch   90 | Train e:  91.68, T l:  0.1435 | Val e:  80.77 , Val l: 0.2540 | Test e:  79.03 
| Epoch   91 | Train e:  91.38, T l:  0.1438 | Val e:  80.40 , Val l: 0.2713 | Test e:  77.89 
| Epoch   92 | Train e:  91.56, T l:  0.1441 | Val e:  80.32 , Val l: 0.2566 | Test e:  77.96 
| Epoch   93 | Train e:  91.66, T l:  0.1434 | Val e:  80.78 , Val l: 0.2498 | Test e:  78.79 
| Epoch   94 | Train e:  91.82, T l:  0.1429 | Val e:  80.40 , Val l: 0.2538 | Test e:  78.41 
| Epoch   95 | Train e:  91.72, T l:  0.1415 | Val e:  80.92 , Val l: 0.2512 | Test e:  78.27 
| Epoch   96 | Train e:  91.81, T l:  0.1420 | Val e:  81.00 , Val l: 0.2626 | Test e:  78.57 
| Epoch   97 | Train e:  91.61, T l:  0.1412 | Val e:  80.72 , Val l: 0.2576 | Test e:  78.22 
| Epoch   98 | Train e:  91.79, T l:  0.1414 | Val e:  80.72 , Val l: 0.2450 | Test e:  79.05 
| Epoch   99 | Train e:  91.88, T l:  0.1420 | Val e:  80.77 , Val l: 0.2705 | Test e:  78.46 
| Epoch  100 | Train e:  91.80, T l:  0.1417 | Val e:  80.81 , Val l: 0.2546 | Test e:  78.79 
| Epoch  101 | Train e:  92.05, T l:  0.1401 | Val e:  80.82 , Val l: 0.2511 | Test e:  79.26 
| Epoch  102 | Train e:  92.14, T l:  0.1394 | Val e:  80.58 , Val l: 0.2553 | Test e:  78.46 
| Epoch  103 | Train e:  91.97, T l:  0.1395 | Val e:  80.73 , Val l: 0.2603 | Test e:  78.20 
| Epoch  104 | Train e:  92.07, T l:  0.1386 | Val e:  80.69 , Val l: 0.2574 | Test e:  78.40 
| Epoch  105 | Train e:  92.23, T l:  0.1385 | Val e:  80.90 , Val l: 0.2537 | Test e:  79.02 
| Epoch  106 | Train e:  92.33, T l:  0.1378 | Val e:  81.08 , Val l: 0.2512 | Test e:  78.69 
| Epoch  107 | Train e:  92.45, T l:  0.1382 | Val e:  80.62 , Val l: 0.2573 | Test e:  78.92 
| Epoch  108 | Train e:  92.34, T l:  0.1379 | Val e:  80.59 , Val l: 0.2518 | Test e:  79.08 
| Epoch  109 | Train e:  92.26, T l:  0.1367 | Val e:  80.73 , Val l: 0.2587 | Test e:  78.62 
| Epoch  110 | Train e:  92.49, T l:  0.1389 | Val e:  80.59 , Val l: 0.2545 | Test e:  79.22 
| Epoch  111 | Train e:  92.22, T l:  0.1359 | Val e:  80.26 , Val l: 0.2692 | Test e:  77.63 
| Epoch  112 | Train e:  92.58, T l:  0.1366 | Val e:  81.04 , Val l: 0.2488 | Test e:  78.85 
| Epoch  113 | Train e:  92.53, T l:  0.1362 | Val e:  80.61 , Val l: 0.2604 | Test e:  78.76 
| Epoch  114 | Train e:  92.48, T l:  0.1365 | Val e:  80.73 , Val l: 0.2666 | Test e:  78.33 
| Epoch  115 | Train e:  92.63, T l:  0.1352 | Val e:  80.42 , Val l: 0.2641 | Test e:  78.57 
| Epoch  116 | Train e:  92.69, T l:  0.1355 | Val e:  80.40 , Val l: 0.2519 | Test e:  78.62 
| Epoch  117 | Train e:  92.72, T l:  0.1347 | Val e:  80.95 , Val l: 0.2604 | Test e:  79.02 
| Epoch  118 | Train e:  92.80, T l:  0.1346 | Val e:  80.09 , Val l: 0.2597 | Test e:  78.50 
| Epoch  119 | Train e:  92.56, T l:  0.1359 | Val e:  80.44 , Val l: 0.2637 | Test e:  78.26 
| Epoch  120 | Train e:  92.83, T l:  0.1347 | Val e:  81.11 , Val l: 0.2555 | Test e:  78.83 
| Epoch  121 | Train e:  92.66, T l:  0.1337 | Val e:  80.73 , Val l: 0.2643 | Test e:  78.05 
| Epoch  122 | Train e:  92.73, T l:  0.1340 | Val e:  80.83 , Val l: 0.2599 | Test e:  78.59 
| Epoch  123 | Train e:  92.93, T l:  0.1343 | Val e:  80.75 , Val l: 0.2700 | Test e:  78.40 
| Epoch  124 | Train e:  92.72, T l:  0.1320 | Val e:  80.51 , Val l: 0.2564 | Test e:  78.13 
| Epoch  125 | Train e:  93.01, T l:  0.1342 | Val e:  80.90 , Val l: 0.2652 | Test e:  78.35 
| Epoch  126 | Train e:  93.13, T l:  0.1330 | Val e:  80.51 , Val l: 0.2513 | Test e:  78.66 
| Epoch  127 | Train e:  93.02, T l:  0.1332 | Val e:  80.77 , Val l: 0.2694 | Test e:  78.37 
| Epoch  128 | Train e:  93.04, T l:  0.1325 | Val e:  80.75 , Val l: 0.2678 | Test e:  78.37 
| Epoch  129 | Train e:  93.11, T l:  0.1329 | Val e:  80.35 , Val l: 0.2670 | Test e:  78.52 
| Epoch  130 | Train e:  93.02, T l:  0.1310 | Val e:  80.64 , Val l: 0.2627 | Test e:  79.07 
| Epoch  131 | Train e:  93.16, T l:  0.1315 | Val e:  80.22 , Val l: 0.2642 | Test e:  78.56 
| Epoch  132 | Train e:  93.14, T l:  0.1305 | Val e:  80.32 , Val l: 0.2779 | Test e:  78.85 
| Epoch  133 | Train e:  93.19, T l:  0.1311 | Val e:  80.11 , Val l: 0.2626 | Test e:  78.09 
| Epoch  134 | Train e:  93.20, T l:  0.1314 | Val e:  80.86 , Val l: 0.2627 | Test e:  78.35 
| Epoch  135 | Train e:  93.42, T l:  0.1305 | Val e:  80.72 , Val l: 0.2608 | Test e:  78.82 
| Epoch  136 | Train e:  93.46, T l:  0.1291 | Val e:  80.13 , Val l: 0.2601 | Test e:  78.69 
| Epoch  137 | Train e:  93.24, T l:  0.1296 | Val e:  80.23 , Val l: 0.2758 | Test e:  78.68 
| Epoch  138 | Train e:  93.52, T l:  0.1287 | Val e:  80.42 , Val l: 0.2621 | Test e:  79.00 
| Epoch  139 | Train e:  93.57, T l:  0.1294 | Val e:  80.30 , Val l: 0.2672 | Test e:  78.94 
| Epoch  140 | Train e:  93.41, T l:  0.1293 | Val e:  80.55 , Val l: 0.2750 | Test e:  78.30 
| Epoch  141 | Train e:  93.63, T l:  0.1300 | Val e:  80.50 , Val l: 0.2616 | Test e:  78.84 
| Epoch  142 | Train e:  93.53, T l:  0.1281 | Val e:  80.51 , Val l: 0.2641 | Test e:  78.06 
| Epoch  143 | Train e:  93.54, T l:  0.1295 | Val e:  80.52 , Val l: 0.2710 | Test e:  78.70 
| Epoch  144 | Train e:  93.66, T l:  0.1289 | Val e:  80.58 , Val l: 0.2667 | Test e:  78.63 
| Epoch  145 | Train e:  93.63, T l:  0.1283 | Val e:  79.97 , Val l: 0.2708 | Test e:  78.66 
| Epoch  146 | Train e:  93.68, T l:  0.1271 | Val e:  80.06 , Val l: 0.2646 | Test e:  78.45 
| Epoch  147 | Train e:  93.81, T l:  0.1271 | Val e:  80.40 , Val l: 0.2665 | Test e:  78.35 
| Epoch  148 | Train e:  93.78, T l:  0.1267 | Val e:  80.11 , Val l: 0.2750 | Test e:  78.51 
| Epoch  149 | Train e:  93.86, T l:  0.1275 | Val e:  80.54 , Val l: 0.2679 | Test e:  78.43 
| Epoch  150 | Train e:  93.86, T l:  0.1270 | Val e:  80.49 , Val l: 0.2647 | Test e:  78.70 
| Epoch  151 | Train e:  93.86, T l:  0.1260 | Val e:  80.38 , Val l: 0.2747 | Test e:  78.45 
| Epoch  152 | Train e:  93.97, T l:  0.1263 | Val e:  79.81 , Val l: 0.2650 | Test e:  78.38 
| Epoch  153 | Train e:  94.02, T l:  0.1248 | Val e:  79.99 , Val l: 0.2702 | Test e:  78.58 
| Epoch  154 | Train e:  93.93, T l:  0.1263 | Val e:  80.27 , Val l: 0.2765 | Test e:  78.57 
| Epoch  155 | Train e:  94.06, T l:  0.1249 | Val e:  80.29 , Val l: 0.2695 | Test e:  78.92 
| Epoch  156 | Train e:  93.99, T l:  0.1263 | Val e:  80.35 , Val l: 0.2684 | Test e:  78.50 
| Epoch  157 | Train e:  93.95, T l:  0.1249 | Val e:  80.26 , Val l: 0.2790 | Test e:  78.17 
| Epoch  158 | Train e:  93.96, T l:  0.1247 | Val e:  80.39 , Val l: 0.2717 | Test e:  77.91 
| Epoch  159 | Train e:  94.05, T l:  0.1249 | Val e:  80.34 , Val l: 0.2773 | Test e:  78.45 
| Epoch  160 | Train e:  94.08, T l:  0.1242 | Val e:  80.31 , Val l: 0.2801 | Test e:  77.95 
| Epoch  161 | Train e:  94.10, T l:  0.1246 | Val e:  80.05 , Val l: 0.2724 | Test e:  77.99 
| Epoch  162 | Train e:  94.07, T l:  0.1242 | Val e:  80.48 , Val l: 0.2733 | Test e:  77.95 
| Epoch  163 | Train e:  94.20, T l:  0.1238 | Val e:  80.25 , Val l: 0.2746 | Test e:  78.03 
| Epoch  164 | Train e:  94.05, T l:  0.1229 | Val e:  80.45 , Val l: 0.2831 | Test e:  77.91 
| Epoch  165 | Train e:  94.11, T l:  0.1222 | Val e:  80.40 , Val l: 0.2760 | Test e:  78.18 
| Epoch  166 | Train e:  94.08, T l:  0.1237 | Val e:  80.25 , Val l: 0.2695 | Test e:  78.14 
| Epoch  167 | Train e:  94.16, T l:  0.1232 | Val e:  80.04 , Val l: 0.2756 | Test e:  78.34 
| Epoch  168 | Train e:  94.20, T l:  0.1224 | Val e:  80.35 , Val l: 0.2749 | Test e:  78.04 
| Epoch  169 | Train e:  94.27, T l:  0.1222 | Val e:  80.36 , Val l: 0.2755 | Test e:  78.03 
| Epoch  170 | Train e:  94.19, T l:  0.1225 | Val e:  80.38 , Val l: 0.2772 | Test e:  78.00 
| Epoch  171 | Train e:  94.25, T l:  0.1223 | Val e:  80.42 , Val l: 0.2835 | Test e:  78.03 
| Epoch  172 | Train e:  94.29, T l:  0.1224 | Val e:  80.29 , Val l: 0.2740 | Test e:  78.24 
| Epoch  173 | Train e:  94.28, T l:  0.1219 | Val e:  80.08 , Val l: 0.2778 | Test e:  78.04 
| Epoch  174 | Train e:  94.21, T l:  0.1218 | Val e:  80.04 , Val l: 0.2876 | Test e:  77.97 
| Epoch  175 | Train e:  94.32, T l:  0.1211 | Val e:  80.18 , Val l: 0.2817 | Test e:  78.24 
| Epoch  176 | Train e:  94.41, T l:  0.1201 | Val e:  80.18 , Val l: 0.2731 | Test e:  78.04 
| Epoch  177 | Train e:  94.45, T l:  0.1205 | Val e:  80.06 , Val l: 0.2797 | Test e:  78.19 
| Epoch  178 | Train e:  94.46, T l:  0.1202 | Val e:  80.47 , Val l: 0.2744 | Test e:  78.25 
| Epoch  179 | Train e:  94.51, T l:  0.1210 | Val e:  80.36 , Val l: 0.2765 | Test e:  78.11 
| Epoch  180 | Train e:  94.41, T l:  0.1196 | Val e:  80.15 , Val l: 0.2811 | Test e:  77.85 
| Epoch  181 | Train e:  94.48, T l:  0.1204 | Val e:  80.20 , Val l: 0.2800 | Test e:  78.19 
| Epoch  182 | Train e:  94.43, T l:  0.1201 | Val e:  80.07 , Val l: 0.2856 | Test e:  78.00 
| Epoch  183 | Train e:  94.45, T l:  0.1202 | Val e:  80.18 , Val l: 0.2864 | Test e:  78.15 
| Epoch  184 | Train e:  94.54, T l:  0.1198 | Val e:  80.12 , Val l: 0.2787 | Test e:  78.31 
| Epoch  185 | Train e:  94.54, T l:  0.1207 | Val e:  80.13 , Val l: 0.2751 | Test e:  78.35 
| Epoch  186 | Train e:  94.54, T l:  0.1190 | Val e:  80.27 , Val l: 0.2823 | Test e:  78.24 
| Epoch  187 | Train e:  94.51, T l:  0.1199 | Val e:  80.31 , Val l: 0.2859 | Test e:  78.19 
| Epoch  188 | Train e:  94.55, T l:  0.1180 | Val e:  80.17 , Val l: 0.2841 | Test e:  78.19 
| Epoch  189 | Train e:  94.55, T l:  0.1199 | Val e:  80.06 , Val l: 0.2827 | Test e:  78.20 
| Epoch  190 | Train e:  94.50, T l:  0.1196 | Val e:  80.01 , Val l: 0.2821 | Test e:  78.03 
| Epoch  191 | Train e:  94.60, T l:  0.1193 | Val e:  80.23 , Val l: 0.2811 | Test e:  78.31 
| Epoch  192 | Train e:  94.56, T l:  0.1190 | Val e:  80.10 , Val l: 0.2850 | Test e:  78.10 
| Epoch  193 | Train e:  94.58, T l:  0.1186 | Val e:  80.07 , Val l: 0.2822 | Test e:  78.18 
| Epoch  194 | Train e:  94.56, T l:  0.1193 | Val e:  80.08 , Val l: 0.2833 | Test e:  78.12 
| Epoch  195 | Train e:  94.61, T l:  0.1184 | Val e:  80.06 , Val l: 0.2812 | Test e:  78.22 
| Epoch  196 | Train e:  94.58, T l:  0.1178 | Val e:  80.10 , Val l: 0.2847 | Test e:  78.19 
| Epoch  197 | Train e:  94.61, T l:  0.1191 | Val e:  80.08 , Val l: 0.2828 | Test e:  78.15 
| Epoch  198 | Train e:  94.62, T l:  0.1191 | Val e:  80.05 , Val l: 0.2828 | Test e:  78.18 
| Epoch  199 | Train e:  94.61, T l:  0.1180 | Val e:  80.07 , Val l: 0.2832 | Test e:  78.18 
