

===============================================
2022-08-23 01:03:38

main.py --readout cls --gconv-dim 256 --tlayer-dim 256 --num-heads 8 --no-clustering --masked-attention --batch-size 32 --epochs 200 --warmup 20 --gconv-dropout 0.5 --tlayer-dropout 0.5 --seeds 886 --device 0

None

dataset: ogbg-moltox21
use_val_loss: False
epochs: 200
scheduler: linear
warmup: 20
patience: 25
batch_size: 32
lr: 0.0001
weight_decay: 0.0001
clustering: False
masked_attention: True
gconv_dim: 256
tlayer_dim: 256
gconv_dropout: 0.5
tlayer_dropout: 0.5
num_layers: 4
num_heads: 8
skip_connection: none
readout: cls
seeds: 886
save_state: False



| Epoch    0 | Train e:  43.25, T l:  0.5803 | Val e:  47.02 , Val l: 0.3637 | Test e:  46.09 
| Epoch    1 | Train e:  50.75, T l:  0.3280 | Val e:  54.76 , Val l: 0.3017 | Test e:  55.71 
| Epoch    2 | Train e:  53.69, T l:  0.2644 | Val e:  56.63 , Val l: 0.3086 | Test e:  58.65 
| Epoch    3 | Train e:  54.95, T l:  0.2511 | Val e:  56.13 , Val l: 0.3157 | Test e:  58.59 
| Epoch    4 | Train e:  55.01, T l:  0.2467 | Val e:  55.59 , Val l: 0.3175 | Test e:  56.35 
| Epoch    5 | Train e:  55.52, T l:  0.2445 | Val e:  56.86 , Val l: 0.3142 | Test e:  56.59 
| Epoch    6 | Train e:  60.89, T l:  0.2400 | Val e:  60.77 , Val l: 0.3023 | Test e:  60.98 
| Epoch    7 | Train e:  64.48, T l:  0.2356 | Val e:  62.22 , Val l: 0.3031 | Test e:  63.06 
| Epoch    8 | Train e:  67.16, T l:  0.2326 | Val e:  64.16 , Val l: 0.2959 | Test e:  65.21 
| Epoch    9 | Train e:  71.35, T l:  0.2269 | Val e:  69.07 , Val l: 0.2838 | Test e:  68.06 
| Epoch   10 | Train e:  73.44, T l:  0.2180 | Val e:  71.28 , Val l: 0.2831 | Test e:  69.08 
| Epoch   11 | Train e:  72.38, T l:  0.2143 | Val e:  69.98 , Val l: 0.3068 | Test e:  68.04 
| Epoch   12 | Train e:  75.33, T l:  0.2117 | Val e:  73.80 , Val l: 0.2682 | Test e:  70.65 
| Epoch   13 | Train e:  74.54, T l:  0.2081 | Val e:  72.65 , Val l: 0.2895 | Test e:  70.66 
| Epoch   14 | Train e:  75.97, T l:  0.2091 | Val e:  73.65 , Val l: 0.2866 | Test e:  70.56 
| Epoch   15 | Train e:  77.88, T l:  0.2046 | Val e:  75.55 , Val l: 0.2659 | Test e:  72.50 
| Epoch   16 | Train e:  77.96, T l:  0.2019 | Val e:  76.18 , Val l: 0.2732 | Test e:  73.58 
| Epoch   17 | Train e:  78.05, T l:  0.1998 | Val e:  76.21 , Val l: 0.2712 | Test e:  73.03 
| Epoch   18 | Train e:  79.67, T l:  0.2007 | Val e:  77.34 , Val l: 0.2673 | Test e:  73.99 
| Epoch   19 | Train e:  80.79, T l:  0.1970 | Val e:  78.01 , Val l: 0.2545 | Test e:  74.16 
| Epoch   20 | Train e:  81.64, T l:  0.1952 | Val e:  78.42 , Val l: 0.2515 | Test e:  74.58 
| Epoch   21 | Train e:  82.66, T l:  0.1935 | Val e:  78.68 , Val l: 0.2662 | Test e:  75.09 
| Epoch   22 | Train e:  82.88, T l:  0.1928 | Val e:  78.27 , Val l: 0.2844 | Test e:  74.67 
| Epoch   23 | Train e:  83.74, T l:  0.1912 | Val e:  78.90 , Val l: 0.2589 | Test e:  75.17 
| Epoch   24 | Train e:  84.31, T l:  0.1881 | Val e:  79.10 , Val l: 0.2532 | Test e:  75.77 
| Epoch   25 | Train e:  84.63, T l:  0.1883 | Val e:  78.71 , Val l: 0.2726 | Test e:  75.00 
| Epoch   26 | Train e:  84.63, T l:  0.1841 | Val e:  79.26 , Val l: 0.2507 | Test e:  74.88 
| Epoch   27 | Train e:  85.42, T l:  0.1836 | Val e:  79.86 , Val l: 0.2471 | Test e:  75.91 
| Epoch   28 | Train e:  85.00, T l:  0.1811 | Val e:  79.79 , Val l: 0.2590 | Test e:  76.23 
| Epoch   29 | Train e:  85.87, T l:  0.1826 | Val e:  79.86 , Val l: 0.2542 | Test e:  75.93 
| Epoch   30 | Train e:  86.20, T l:  0.1793 | Val e:  80.16 , Val l: 0.2416 | Test e:  75.81 
| Epoch   31 | Train e:  86.88, T l:  0.1777 | Val e:  79.68 , Val l: 0.2519 | Test e:  77.01 
| Epoch   32 | Train e:  86.79, T l:  0.1778 | Val e:  80.79 , Val l: 0.2426 | Test e:  76.37 
| Epoch   33 | Train e:  87.08, T l:  0.1762 | Val e:  80.77 , Val l: 0.2420 | Test e:  77.26 
| Epoch   34 | Train e:  87.41, T l:  0.1760 | Val e:  80.86 , Val l: 0.2462 | Test e:  76.60 
| Epoch   35 | Train e:  86.92, T l:  0.1746 | Val e:  80.00 , Val l: 0.2590 | Test e:  76.52 
| Epoch   36 | Train e:  87.45, T l:  0.1737 | Val e:  80.66 , Val l: 0.2463 | Test e:  76.55 
| Epoch   37 | Train e:  87.42, T l:  0.1718 | Val e:  80.01 , Val l: 0.2412 | Test e:  77.08 
| Epoch   38 | Train e:  87.81, T l:  0.1713 | Val e:  80.26 , Val l: 0.2475 | Test e:  77.51 
| Epoch   39 | Train e:  87.44, T l:  0.1714 | Val e:  79.85 , Val l: 0.2582 | Test e:  76.84 
| Epoch   40 | Train e:  87.97, T l:  0.1708 | Val e:  80.27 , Val l: 0.2495 | Test e:  77.03 
| Epoch   41 | Train e:  88.12, T l:  0.1693 | Val e:  80.45 , Val l: 0.2467 | Test e:  76.60 
| Epoch   42 | Train e:  88.24, T l:  0.1664 | Val e:  80.02 , Val l: 0.2528 | Test e:  75.44 
| Epoch   43 | Train e:  88.26, T l:  0.1679 | Val e:  80.42 , Val l: 0.2475 | Test e:  75.56 
| Epoch   44 | Train e:  88.67, T l:  0.1661 | Val e:  80.76 , Val l: 0.2495 | Test e:  76.32 
| Epoch   45 | Train e:  88.80, T l:  0.1648 | Val e:  80.17 , Val l: 0.2430 | Test e:  76.56 
| Epoch   46 | Train e:  88.85, T l:  0.1652 | Val e:  80.42 , Val l: 0.2465 | Test e:  77.00 
| Epoch   47 | Train e:  88.75, T l:  0.1623 | Val e:  80.53 , Val l: 0.2403 | Test e:  76.55 
| Epoch   48 | Train e:  88.92, T l:  0.1632 | Val e:  80.77 , Val l: 0.2494 | Test e:  75.97 
| Epoch   49 | Train e:  89.07, T l:  0.1628 | Val e:  80.31 , Val l: 0.2584 | Test e:  75.97 
| Epoch   50 | Train e:  88.94, T l:  0.1626 | Val e:  80.61 , Val l: 0.2489 | Test e:  76.30 
| Epoch   51 | Train e:  89.21, T l:  0.1628 | Val e:  79.64 , Val l: 0.2509 | Test e:  77.03 
| Epoch   52 | Train e:  88.85, T l:  0.1616 | Val e:  79.79 , Val l: 0.2560 | Test e:  76.71 
| Epoch   53 | Train e:  89.26, T l:  0.1607 | Val e:  79.70 , Val l: 0.2512 | Test e:  76.93 
| Epoch   54 | Train e:  89.63, T l:  0.1595 | Val e:  80.63 , Val l: 0.2452 | Test e:  76.84 
| Epoch   55 | Train e:  89.35, T l:  0.1586 | Val e:  80.85 , Val l: 0.2481 | Test e:  76.64 
| Epoch   56 | Train e:  89.22, T l:  0.1582 | Val e:  80.37 , Val l: 0.2632 | Test e:  75.20 
| Epoch   57 | Train e:  89.51, T l:  0.1588 | Val e:  80.41 , Val l: 0.2519 | Test e:  76.59 
| Epoch   58 | Train e:  89.66, T l:  0.1571 | Val e:  79.88 , Val l: 0.2484 | Test e:  76.63 
| Epoch   59 | Train e:  89.92, T l:  0.1566 | Val e:  80.79 , Val l: 0.2472 | Test e:  76.80 
| Epoch   60 | Train e:  89.83, T l:  0.1564 | Val e:  80.19 , Val l: 0.2490 | Test e:  76.92 
| Epoch   61 | Train e:  89.93, T l:  0.1562 | Val e:  80.54 , Val l: 0.2549 | Test e:  76.54 
| Epoch   62 | Train e:  89.54, T l:  0.1559 | Val e:  80.28 , Val l: 0.2606 | Test e:  76.24 
| Epoch   63 | Train e:  89.99, T l:  0.1546 | Val e:  81.14 , Val l: 0.2462 | Test e:  77.48 
| Epoch   64 | Train e:  90.12, T l:  0.1549 | Val e:  80.63 , Val l: 0.2603 | Test e:  77.15 
| Epoch   65 | Train e:  90.17, T l:  0.1537 | Val e:  81.00 , Val l: 0.2443 | Test e:  76.93 
| Epoch   66 | Train e:  90.08, T l:  0.1532 | Val e:  80.61 , Val l: 0.2500 | Test e:  77.33 
| Epoch   67 | Train e:  90.41, T l:  0.1530 | Val e:  80.60 , Val l: 0.2545 | Test e:  77.36 
| Epoch   68 | Train e:  90.24, T l:  0.1525 | Val e:  81.08 , Val l: 0.2438 | Test e:  77.32 
| Epoch   69 | Train e:  90.40, T l:  0.1535 | Val e:  80.63 , Val l: 0.2440 | Test e:  77.36 
| Epoch   70 | Train e:  90.54, T l:  0.1519 | Val e:  80.93 , Val l: 0.2480 | Test e:  77.90 
| Epoch   71 | Train e:  90.51, T l:  0.1524 | Val e:  80.62 , Val l: 0.2477 | Test e:  77.32 
| Epoch   72 | Train e:  90.46, T l:  0.1510 | Val e:  80.58 , Val l: 0.2489 | Test e:  76.83 
| Epoch   73 | Train e:  89.86, T l:  0.1513 | Val e:  80.12 , Val l: 0.2521 | Test e:  76.19 
| Epoch   74 | Train e:  90.70, T l:  0.1509 | Val e:  80.73 , Val l: 0.2596 | Test e:  77.27 
| Epoch   75 | Train e:  90.73, T l:  0.1505 | Val e:  80.62 , Val l: 0.2540 | Test e:  76.65 
| Epoch   76 | Train e:  90.88, T l:  0.1493 | Val e:  80.62 , Val l: 0.2461 | Test e:  77.23 
| Epoch   77 | Train e:  90.70, T l:  0.1494 | Val e:  80.27 , Val l: 0.2618 | Test e:  76.55 
| Epoch   78 | Train e:  91.01, T l:  0.1481 | Val e:  80.99 , Val l: 0.2524 | Test e:  77.66 
| Epoch   79 | Train e:  91.04, T l:  0.1496 | Val e:  80.72 , Val l: 0.2446 | Test e:  77.26 
| Epoch   80 | Train e:  91.17, T l:  0.1460 | Val e:  80.51 , Val l: 0.2453 | Test e:  77.03 
| Epoch   81 | Train e:  90.94, T l:  0.1475 | Val e:  80.22 , Val l: 0.2472 | Test e:  76.79 
| Epoch   82 | Train e:  91.27, T l:  0.1465 | Val e:  80.86 , Val l: 0.2504 | Test e:  77.45 
| Epoch   83 | Train e:  91.02, T l:  0.1470 | Val e:  80.59 , Val l: 0.2527 | Test e:  76.27 
| Epoch   84 | Train e:  91.23, T l:  0.1473 | Val e:  80.91 , Val l: 0.2510 | Test e:  77.73 
| Epoch   85 | Train e:  91.19, T l:  0.1470 | Val e:  80.78 , Val l: 0.2509 | Test e:  76.70 
| Epoch   86 | Train e:  90.97, T l:  0.1448 | Val e:  79.90 , Val l: 0.2871 | Test e:  75.49 
| Epoch   87 | Train e:  91.43, T l:  0.1459 | Val e:  80.93 , Val l: 0.2473 | Test e:  77.76 
| Epoch   88 | Train e:  91.52, T l:  0.1450 | Val e:  80.60 , Val l: 0.2510 | Test e:  77.30 
| Epoch   89 | Train e:  91.48, T l:  0.1444 | Val e:  80.57 , Val l: 0.2550 | Test e:  77.20 
| Epoch   90 | Train e:  91.44, T l:  0.1432 | Val e:  80.73 , Val l: 0.2551 | Test e:  76.86 
| Epoch   91 | Train e:  91.66, T l:  0.1439 | Val e:  80.93 , Val l: 0.2533 | Test e:  77.01 
| Epoch   92 | Train e:  91.75, T l:  0.1429 | Val e:  80.41 , Val l: 0.2550 | Test e:  78.12 
| Epoch   93 | Train e:  91.82, T l:  0.1437 | Val e:  81.04 , Val l: 0.2427 | Test e:  77.83 
| Epoch   94 | Train e:  91.88, T l:  0.1429 | Val e:  81.18 , Val l: 0.2487 | Test e:  77.67 
| Epoch   95 | Train e:  91.95, T l:  0.1418 | Val e:  80.54 , Val l: 0.2543 | Test e:  77.95 
| Epoch   96 | Train e:  91.73, T l:  0.1418 | Val e:  80.47 , Val l: 0.2511 | Test e:  77.63 
| Epoch   97 | Train e:  92.07, T l:  0.1439 | Val e:  80.26 , Val l: 0.2568 | Test e:  77.18 
| Epoch   98 | Train e:  92.01, T l:  0.1431 | Val e:  80.78 , Val l: 0.2520 | Test e:  77.28 
| Epoch   99 | Train e:  91.63, T l:  0.1402 | Val e:  80.43 , Val l: 0.2668 | Test e:  76.09 
| Epoch  100 | Train e:  92.25, T l:  0.1404 | Val e:  80.97 , Val l: 0.2536 | Test e:  78.31 
| Epoch  101 | Train e:  91.73, T l:  0.1409 | Val e:  80.68 , Val l: 0.2670 | Test e:  77.58 
| Epoch  102 | Train e:  92.16, T l:  0.1387 | Val e:  80.54 , Val l: 0.2541 | Test e:  77.61 
| Epoch  103 | Train e:  92.11, T l:  0.1401 | Val e:  80.63 , Val l: 0.2634 | Test e:  77.81 
| Epoch  104 | Train e:  92.24, T l:  0.1409 | Val e:  81.02 , Val l: 0.2565 | Test e:  77.95 
| Epoch  105 | Train e:  92.20, T l:  0.1402 | Val e:  80.78 , Val l: 0.2682 | Test e:  77.19 
| Epoch  106 | Train e:  92.04, T l:  0.1386 | Val e:  80.36 , Val l: 0.2788 | Test e:  76.73 
| Epoch  107 | Train e:  92.55, T l:  0.1372 | Val e:  80.48 , Val l: 0.2613 | Test e:  78.16 
| Epoch  108 | Train e:  92.50, T l:  0.1387 | Val e:  80.86 , Val l: 0.2548 | Test e:  77.57 
| Epoch  109 | Train e:  92.58, T l:  0.1378 | Val e:  80.86 , Val l: 0.2602 | Test e:  77.86 
| Epoch  110 | Train e:  92.59, T l:  0.1393 | Val e:  81.08 , Val l: 0.2594 | Test e:  77.66 
| Epoch  111 | Train e:  92.54, T l:  0.1374 | Val e:  80.99 , Val l: 0.2568 | Test e:  77.86 
| Epoch  112 | Train e:  92.62, T l:  0.1368 | Val e:  80.94 , Val l: 0.2491 | Test e:  77.12 
| Epoch  113 | Train e:  92.60, T l:  0.1363 | Val e:  80.70 , Val l: 0.2654 | Test e:  77.45 
| Epoch  114 | Train e:  92.45, T l:  0.1365 | Val e:  80.55 , Val l: 0.2650 | Test e:  77.05 
| Epoch  115 | Train e:  92.79, T l:  0.1378 | Val e:  80.80 , Val l: 0.2530 | Test e:  77.71 
| Epoch  116 | Train e:  92.84, T l:  0.1350 | Val e:  80.84 , Val l: 0.2568 | Test e:  77.91 
| Epoch  117 | Train e:  92.68, T l:  0.1364 | Val e:  80.08 , Val l: 0.2669 | Test e:  77.77 
| Epoch  118 | Train e:  92.90, T l:  0.1356 | Val e:  80.63 , Val l: 0.2597 | Test e:  77.91 
| Epoch  119 | Train e:  93.18, T l:  0.1347 | Val e:  81.13 , Val l: 0.2558 | Test e:  78.08 
| Epoch  120 | Train e:  92.78, T l:  0.1342 | Val e:  81.00 , Val l: 0.2587 | Test e:  77.65 
| Epoch  121 | Train e:  92.94, T l:  0.1340 | Val e:  80.63 , Val l: 0.2591 | Test e:  77.98 
| Epoch  122 | Train e:  93.12, T l:  0.1339 | Val e:  80.75 , Val l: 0.2537 | Test e:  77.80 
| Epoch  123 | Train e:  92.98, T l:  0.1321 | Val e:  80.87 , Val l: 0.2657 | Test e:  77.64 
| Epoch  124 | Train e:  93.14, T l:  0.1327 | Val e:  80.86 , Val l: 0.2696 | Test e:  77.84 
| Epoch  125 | Train e:  93.15, T l:  0.1337 | Val e:  81.72 , Val l: 0.2530 | Test e:  77.80 
| Epoch  126 | Train e:  93.23, T l:  0.1328 | Val e:  80.70 , Val l: 0.2791 | Test e:  77.25 
| Epoch  127 | Train e:  93.28, T l:  0.1318 | Val e:  80.84 , Val l: 0.2593 | Test e:  77.98 
| Epoch  128 | Train e:  93.03, T l:  0.1317 | Val e:  80.37 , Val l: 0.2822 | Test e:  76.49 
| Epoch  129 | Train e:  93.28, T l:  0.1313 | Val e:  80.91 , Val l: 0.2681 | Test e:  77.69 
| Epoch  130 | Train e:  93.52, T l:  0.1313 | Val e:  80.82 , Val l: 0.2675 | Test e:  77.84 
| Epoch  131 | Train e:  93.43, T l:  0.1306 | Val e:  80.96 , Val l: 0.2695 | Test e:  78.19 
| Epoch  132 | Train e:  93.50, T l:  0.1311 | Val e:  80.88 , Val l: 0.2700 | Test e:  78.04 
| Epoch  133 | Train e:  93.51, T l:  0.1296 | Val e:  81.18 , Val l: 0.2684 | Test e:  77.95 
| Epoch  134 | Train e:  93.56, T l:  0.1297 | Val e:  80.90 , Val l: 0.2719 | Test e:  77.94 
| Epoch  135 | Train e:  93.58, T l:  0.1302 | Val e:  81.09 , Val l: 0.2576 | Test e:  78.06 
| Epoch  136 | Train e:  93.51, T l:  0.1304 | Val e:  80.96 , Val l: 0.2747 | Test e:  78.30 
| Epoch  137 | Train e:  93.64, T l:  0.1294 | Val e:  80.92 , Val l: 0.2677 | Test e:  78.16 
| Epoch  138 | Train e:  93.73, T l:  0.1279 | Val e:  81.04 , Val l: 0.2685 | Test e:  77.85 
| Epoch  139 | Train e:  93.72, T l:  0.1292 | Val e:  81.40 , Val l: 0.2726 | Test e:  78.14 
| Epoch  140 | Train e:  93.74, T l:  0.1281 | Val e:  81.07 , Val l: 0.2683 | Test e:  78.35 
| Epoch  141 | Train e:  93.81, T l:  0.1281 | Val e:  81.21 , Val l: 0.2650 | Test e:  78.48 
| Epoch  142 | Train e:  93.87, T l:  0.1286 | Val e:  81.17 , Val l: 0.2675 | Test e:  77.94 
| Epoch  143 | Train e:  93.79, T l:  0.1270 | Val e:  80.89 , Val l: 0.2659 | Test e:  77.90 
| Epoch  144 | Train e:  93.88, T l:  0.1270 | Val e:  80.95 , Val l: 0.2752 | Test e:  78.30 
| Epoch  145 | Train e:  93.78, T l:  0.1283 | Val e:  80.77 , Val l: 0.2700 | Test e:  77.72 
| Epoch  146 | Train e:  94.07, T l:  0.1256 | Val e:  81.38 , Val l: 0.2698 | Test e:  78.66 
| Epoch  147 | Train e:  94.00, T l:  0.1263 | Val e:  81.26 , Val l: 0.2641 | Test e:  78.00 
| Epoch  148 | Train e:  93.90, T l:  0.1271 | Val e:  80.89 , Val l: 0.2733 | Test e:  77.85 
| Epoch  149 | Train e:  94.02, T l:  0.1269 | Val e:  81.16 , Val l: 0.2672 | Test e:  77.76 
| Epoch  150 | Train e:  94.18, T l:  0.1236 | Val e:  80.86 , Val l: 0.2706 | Test e:  78.38 
| Epoch  151 | Train e:  93.94, T l:  0.1250 | Val e:  80.90 , Val l: 0.2726 | Test e:  78.47 
| Epoch  152 | Train e:  94.18, T l:  0.1255 | Val e:  80.87 , Val l: 0.2671 | Test e:  78.02 
| Epoch  153 | Train e:  94.23, T l:  0.1251 | Val e:  81.31 , Val l: 0.2728 | Test e:  78.25 
| Epoch  154 | Train e:  94.18, T l:  0.1254 | Val e:  81.08 , Val l: 0.2768 | Test e:  78.22 
| Epoch  155 | Train e:  94.23, T l:  0.1262 | Val e:  81.12 , Val l: 0.2713 | Test e:  78.12 
| Epoch  156 | Train e:  94.23, T l:  0.1241 | Val e:  80.96 , Val l: 0.2728 | Test e:  78.33 
| Epoch  157 | Train e:  94.28, T l:  0.1250 | Val e:  80.90 , Val l: 0.2676 | Test e:  78.23 
| Epoch  158 | Train e:  94.27, T l:  0.1238 | Val e:  81.10 , Val l: 0.2717 | Test e:  78.20 
| Epoch  159 | Train e:  94.30, T l:  0.1238 | Val e:  81.04 , Val l: 0.2785 | Test e:  77.80 
| Epoch  160 | Train e:  94.32, T l:  0.1239 | Val e:  81.14 , Val l: 0.2751 | Test e:  77.93 
| Epoch  161 | Train e:  94.29, T l:  0.1239 | Val e:  81.12 , Val l: 0.2763 | Test e:  77.97 
| Epoch  162 | Train e:  94.31, T l:  0.1248 | Val e:  81.33 , Val l: 0.2791 | Test e:  77.99 
| Epoch  163 | Train e:  94.37, T l:  0.1231 | Val e:  81.05 , Val l: 0.2725 | Test e:  78.00 
| Epoch  164 | Train e:  94.51, T l:  0.1225 | Val e:  81.54 , Val l: 0.2725 | Test e:  78.10 
| Epoch  165 | Train e:  94.53, T l:  0.1219 | Val e:  81.40 , Val l: 0.2711 | Test e:  78.19 
| Epoch  166 | Train e:  94.57, T l:  0.1215 | Val e:  81.38 , Val l: 0.2735 | Test e:  78.35 
| Epoch  167 | Train e:  94.52, T l:  0.1211 | Val e:  81.30 , Val l: 0.2755 | Test e:  78.45 
| Epoch  168 | Train e:  94.59, T l:  0.1217 | Val e:  81.30 , Val l: 0.2775 | Test e:  78.29 
| Epoch  169 | Train e:  94.35, T l:  0.1217 | Val e:  80.94 , Val l: 0.2849 | Test e:  77.74 
| Epoch  170 | Train e:  94.58, T l:  0.1207 | Val e:  81.45 , Val l: 0.2770 | Test e:  78.01 
| Epoch  171 | Train e:  94.54, T l:  0.1223 | Val e:  81.57 , Val l: 0.2753 | Test e:  78.08 
| Epoch  172 | Train e:  94.45, T l:  0.1206 | Val e:  80.71 , Val l: 0.2800 | Test e:  77.66 
| Epoch  173 | Train e:  94.56, T l:  0.1203 | Val e:  81.17 , Val l: 0.2828 | Test e:  77.80 
| Epoch  174 | Train e:  94.67, T l:  0.1204 | Val e:  80.97 , Val l: 0.2780 | Test e:  77.76 
| Epoch  175 | Train e:  94.69, T l:  0.1207 | Val e:  81.33 , Val l: 0.2828 | Test e:  78.11 
| Epoch  176 | Train e:  94.62, T l:  0.1204 | Val e:  81.26 , Val l: 0.2814 | Test e:  77.93 
| Epoch  177 | Train e:  94.66, T l:  0.1199 | Val e:  81.33 , Val l: 0.2792 | Test e:  77.89 
| Epoch  178 | Train e:  94.64, T l:  0.1189 | Val e:  81.37 , Val l: 0.2825 | Test e:  78.14 
| Epoch  179 | Train e:  94.72, T l:  0.1201 | Val e:  81.23 , Val l: 0.2801 | Test e:  78.29 
| Epoch  180 | Train e:  94.70, T l:  0.1202 | Val e:  81.01 , Val l: 0.2795 | Test e:  78.16 
| Epoch  181 | Train e:  94.70, T l:  0.1188 | Val e:  81.17 , Val l: 0.2843 | Test e:  77.91 
| Epoch  182 | Train e:  94.81, T l:  0.1193 | Val e:  81.30 , Val l: 0.2781 | Test e:  78.19 
| Epoch  183 | Train e:  94.76, T l:  0.1187 | Val e:  81.17 , Val l: 0.2795 | Test e:  78.22 
| Epoch  184 | Train e:  94.70, T l:  0.1174 | Val e:  80.98 , Val l: 0.2868 | Test e:  77.94 
| Epoch  185 | Train e:  94.81, T l:  0.1170 | Val e:  81.36 , Val l: 0.2816 | Test e:  78.24 
| Epoch  186 | Train e:  94.86, T l:  0.1190 | Val e:  81.34 , Val l: 0.2797 | Test e:  78.20 
| Epoch  187 | Train e:  94.84, T l:  0.1186 | Val e:  81.18 , Val l: 0.2814 | Test e:  78.14 
| Epoch  188 | Train e:  94.85, T l:  0.1186 | Val e:  81.32 , Val l: 0.2834 | Test e:  78.12 
| Epoch  189 | Train e:  94.87, T l:  0.1184 | Val e:  81.15 , Val l: 0.2794 | Test e:  78.10 
| Epoch  190 | Train e:  94.84, T l:  0.1182 | Val e:  81.36 , Val l: 0.2838 | Test e:  78.16 
| Epoch  191 | Train e:  94.90, T l:  0.1191 | Val e:  81.44 , Val l: 0.2773 | Test e:  78.24 
| Epoch  192 | Train e:  94.89, T l:  0.1178 | Val e:  81.37 , Val l: 0.2794 | Test e:  78.34 
| Epoch  193 | Train e:  94.87, T l:  0.1174 | Val e:  81.28 , Val l: 0.2827 | Test e:  78.18 
| Epoch  194 | Train e:  94.88, T l:  0.1178 | Val e:  81.27 , Val l: 0.2807 | Test e:  78.13 
| Epoch  195 | Train e:  94.87, T l:  0.1177 | Val e:  81.23 , Val l: 0.2812 | Test e:  78.08 
| Epoch  196 | Train e:  94.90, T l:  0.1165 | Val e:  81.23 , Val l: 0.2802 | Test e:  78.12 
| Epoch  197 | Train e:  94.88, T l:  0.1164 | Val e:  81.24 , Val l: 0.2839 | Test e:  78.06 
| Epoch  198 | Train e:  94.89, T l:  0.1178 | Val e:  81.27 , Val l: 0.2820 | Test e:  78.06 
| Epoch  199 | Train e:  94.89, T l:  0.1162 | Val e:  81.28 , Val l: 0.2822 | Test e:  78.07 
