

===============================================
2022-12-19 07:58:35

main_g.py --readout mean --gconv-dim 256 --tlayer-dim 256 --num-heads 8 --no-clustering --masked-attention --batch-size 32 --epochs 200 --warmup 20 --gconv-dropout 0.5 --tlayer-dropout 0.5 --seeds 271828 --device 1

None

dataset: ogbg-moltox21
use_val_loss: False
epochs: 200
scheduler: linear
warmup: 20
patience: 25
batch_size: 32
lr: 0.0001
weight_decay: 0.0001
clustering: False
masked_attention: True
gconv_dim: 256
tlayer_dim: 256
gconv_dropout: 0.5
tlayer_dropout: 0.5
num_layers: 4
num_heads: 8
skip_connection: none
readout: mean
seeds: 271828
save_state: False



| Epoch    0 | Train e:  57.88, T l:  0.6557 | Val e:  56.01 , Val l: 0.4898 | Test e:  57.63 
| Epoch    1 | Train e:  53.86, T l:  0.4113 | Val e:  52.68 , Val l: 0.3472 | Test e:  54.06 
| Epoch    2 | Train e:  52.74, T l:  0.3049 | Val e:  51.62 , Val l: 0.3157 | Test e:  52.39 
| Epoch    3 | Train e:  55.12, T l:  0.2707 | Val e:  54.83 , Val l: 0.3051 | Test e:  56.21 
| Epoch    4 | Train e:  57.49, T l:  0.2551 | Val e:  57.12 , Val l: 0.3029 | Test e:  57.58 
| Epoch    5 | Train e:  59.09, T l:  0.2477 | Val e:  58.54 , Val l: 0.3034 | Test e:  59.23 
| Epoch    6 | Train e:  59.09, T l:  0.2444 | Val e:  59.17 , Val l: 0.3040 | Test e:  59.21 
| Epoch    7 | Train e:  59.05, T l:  0.2445 | Val e:  59.50 , Val l: 0.3038 | Test e:  60.62 
| Epoch    8 | Train e:  62.97, T l:  0.2397 | Val e:  62.08 , Val l: 0.2920 | Test e:  64.25 
| Epoch    9 | Train e:  63.70, T l:  0.2347 | Val e:  61.86 , Val l: 0.2909 | Test e:  64.21 
| Epoch   10 | Train e:  63.19, T l:  0.2326 | Val e:  61.86 , Val l: 0.2905 | Test e:  64.16 
| Epoch   11 | Train e:  63.42, T l:  0.2318 | Val e:  60.99 , Val l: 0.2930 | Test e:  64.10 
| Epoch   12 | Train e:  65.87, T l:  0.2303 | Val e:  63.00 , Val l: 0.2901 | Test e:  63.69 
| Epoch   13 | Train e:  66.25, T l:  0.2300 | Val e:  62.94 , Val l: 0.2939 | Test e:  64.23 
| Epoch   14 | Train e:  69.09, T l:  0.2285 | Val e:  67.52 , Val l: 0.2922 | Test e:  64.66 
| Epoch   15 | Train e:  67.21, T l:  0.2279 | Val e:  65.83 , Val l: 0.2889 | Test e:  64.44 
| Epoch   16 | Train e:  69.04, T l:  0.2244 | Val e:  65.37 , Val l: 0.2941 | Test e:  65.15 
| Epoch   17 | Train e:  66.71, T l:  0.2266 | Val e:  63.12 , Val l: 0.2964 | Test e:  65.33 
| Epoch   18 | Train e:  73.04, T l:  0.2198 | Val e:  72.38 , Val l: 0.2713 | Test e:  68.80 
| Epoch   19 | Train e:  72.98, T l:  0.2139 | Val e:  72.26 , Val l: 0.2713 | Test e:  68.57 
| Epoch   20 | Train e:  73.41, T l:  0.2121 | Val e:  72.45 , Val l: 0.2778 | Test e:  68.45 
| Epoch   21 | Train e:  74.22, T l:  0.2120 | Val e:  72.57 , Val l: 0.2734 | Test e:  67.56 
| Epoch   22 | Train e:  74.79, T l:  0.2101 | Val e:  73.10 , Val l: 0.2805 | Test e:  68.51 
| Epoch   23 | Train e:  75.16, T l:  0.2093 | Val e:  73.54 , Val l: 0.2659 | Test e:  68.83 
| Epoch   24 | Train e:  75.20, T l:  0.2067 | Val e:  72.39 , Val l: 0.2746 | Test e:  67.94 
| Epoch   25 | Train e:  75.59, T l:  0.2051 | Val e:  72.65 , Val l: 0.2741 | Test e:  68.27 
| Epoch   26 | Train e:  76.01, T l:  0.2045 | Val e:  74.51 , Val l: 0.2678 | Test e:  69.71 
| Epoch   27 | Train e:  75.86, T l:  0.2032 | Val e:  74.29 , Val l: 0.2653 | Test e:  69.46 
| Epoch   28 | Train e:  77.14, T l:  0.2032 | Val e:  74.08 , Val l: 0.2681 | Test e:  69.04 
| Epoch   29 | Train e:  77.23, T l:  0.2028 | Val e:  75.20 , Val l: 0.2650 | Test e:  70.11 
| Epoch   30 | Train e:  77.59, T l:  0.2021 | Val e:  74.63 , Val l: 0.2747 | Test e:  69.60 
| Epoch   31 | Train e:  77.55, T l:  0.2016 | Val e:  74.93 , Val l: 0.2607 | Test e:  69.74 
| Epoch   32 | Train e:  78.69, T l:  0.2021 | Val e:  75.59 , Val l: 0.2672 | Test e:  71.36 
| Epoch   33 | Train e:  78.83, T l:  0.1993 | Val e:  75.20 , Val l: 0.2659 | Test e:  70.26 
| Epoch   34 | Train e:  78.72, T l:  0.1990 | Val e:  74.95 , Val l: 0.2674 | Test e:  71.47 
| Epoch   35 | Train e:  79.28, T l:  0.1978 | Val e:  74.70 , Val l: 0.2790 | Test e:  69.80 
| Epoch   36 | Train e:  79.12, T l:  0.1972 | Val e:  74.95 , Val l: 0.2640 | Test e:  70.97 
| Epoch   37 | Train e:  79.51, T l:  0.1975 | Val e:  74.83 , Val l: 0.2631 | Test e:  71.85 
| Epoch   38 | Train e:  79.64, T l:  0.1974 | Val e:  74.96 , Val l: 0.2696 | Test e:  71.51 
| Epoch   39 | Train e:  79.34, T l:  0.2053 | Val e:  74.95 , Val l: 0.2698 | Test e:  68.74 
| Epoch   40 | Train e:  79.89, T l:  0.1974 | Val e:  75.06 , Val l: 0.2702 | Test e:  71.47 
| Epoch   41 | Train e:  80.27, T l:  0.1970 | Val e:  75.55 , Val l: 0.2667 | Test e:  71.39 
| Epoch   42 | Train e:  80.57, T l:  0.1965 | Val e:  76.05 , Val l: 0.2638 | Test e:  71.46 
| Epoch   43 | Train e:  80.79, T l:  0.1961 | Val e:  75.74 , Val l: 0.2649 | Test e:  71.94 
| Epoch   44 | Train e:  81.04, T l:  0.1926 | Val e:  75.75 , Val l: 0.2653 | Test e:  71.97 
| Epoch   45 | Train e:  81.20, T l:  0.1937 | Val e:  75.46 , Val l: 0.2616 | Test e:  71.71 
| Epoch   46 | Train e:  81.68, T l:  0.1906 | Val e:  75.61 , Val l: 0.2682 | Test e:  71.64 
| Epoch   47 | Train e:  81.56, T l:  0.1924 | Val e:  75.72 , Val l: 0.2654 | Test e:  71.82 
| Epoch   48 | Train e:  81.53, T l:  0.1912 | Val e:  75.41 , Val l: 0.2691 | Test e:  72.25 
| Epoch   49 | Train e:  82.02, T l:  0.1900 | Val e:  75.43 , Val l: 0.2693 | Test e:  72.02 
| Epoch   50 | Train e:  81.85, T l:  0.1895 | Val e:  74.96 , Val l: 0.2652 | Test e:  71.54 
| Epoch   51 | Train e:  82.59, T l:  0.1888 | Val e:  76.36 , Val l: 0.2613 | Test e:  72.94 
| Epoch   52 | Train e:  81.89, T l:  0.1892 | Val e:  75.52 , Val l: 0.2608 | Test e:  72.19 
| Epoch   53 | Train e:  81.94, T l:  0.1882 | Val e:  75.24 , Val l: 0.2687 | Test e:  71.51 
| Epoch   54 | Train e:  82.32, T l:  0.1889 | Val e:  75.70 , Val l: 0.2619 | Test e:  71.91 
| Epoch   55 | Train e:  82.99, T l:  0.1869 | Val e:  76.09 , Val l: 0.2607 | Test e:  72.20 
| Epoch   56 | Train e:  82.94, T l:  0.1871 | Val e:  76.03 , Val l: 0.2596 | Test e:  72.82 
| Epoch   57 | Train e:  83.17, T l:  0.1868 | Val e:  75.98 , Val l: 0.2586 | Test e:  72.09 
| Epoch   58 | Train e:  83.26, T l:  0.1855 | Val e:  75.32 , Val l: 0.2636 | Test e:  72.62 
| Epoch   59 | Train e:  83.05, T l:  0.1856 | Val e:  76.72 , Val l: 0.2586 | Test e:  71.87 
| Epoch   60 | Train e:  83.59, T l:  0.1830 | Val e:  76.40 , Val l: 0.2588 | Test e:  72.06 
| Epoch   61 | Train e:  83.51, T l:  0.1836 | Val e:  75.98 , Val l: 0.2588 | Test e:  72.78 
| Epoch   62 | Train e:  83.45, T l:  0.1824 | Val e:  75.76 , Val l: 0.2623 | Test e:  72.68 
| Epoch   63 | Train e:  83.43, T l:  0.1829 | Val e:  75.29 , Val l: 0.2675 | Test e:  72.38 
| Epoch   64 | Train e:  83.96, T l:  0.1841 | Val e:  76.40 , Val l: 0.2604 | Test e:  73.02 
| Epoch   65 | Train e:  84.00, T l:  0.1814 | Val e:  75.99 , Val l: 0.2682 | Test e:  72.81 
| Epoch   66 | Train e:  83.89, T l:  0.1829 | Val e:  75.80 , Val l: 0.2632 | Test e:  72.50 
| Epoch   67 | Train e:  84.30, T l:  0.1807 | Val e:  75.93 , Val l: 0.2632 | Test e:  72.24 
| Epoch   68 | Train e:  84.69, T l:  0.1789 | Val e:  75.59 , Val l: 0.2618 | Test e:  72.07 
| Epoch   69 | Train e:  84.76, T l:  0.1814 | Val e:  75.89 , Val l: 0.2628 | Test e:  72.00 
| Epoch   70 | Train e:  85.10, T l:  0.1794 | Val e:  76.04 , Val l: 0.2640 | Test e:  72.59 
| Epoch   71 | Train e:  85.29, T l:  0.1779 | Val e:  75.66 , Val l: 0.2658 | Test e:  72.16 
| Epoch   72 | Train e:  85.22, T l:  0.1783 | Val e:  75.64 , Val l: 0.2611 | Test e:  71.18 
| Epoch   73 | Train e:  85.36, T l:  0.1778 | Val e:  76.11 , Val l: 0.2654 | Test e:  72.76 
| Epoch   74 | Train e:  85.28, T l:  0.1790 | Val e:  76.03 , Val l: 0.2646 | Test e:  71.78 
| Epoch   75 | Train e:  85.26, T l:  0.1756 | Val e:  75.39 , Val l: 0.2691 | Test e:  72.25 
| Epoch   76 | Train e:  85.62, T l:  0.1760 | Val e:  76.05 , Val l: 0.2675 | Test e:  72.43 
| Epoch   77 | Train e:  85.37, T l:  0.1775 | Val e:  76.14 , Val l: 0.2626 | Test e:  72.24 
| Epoch   78 | Train e:  85.39, T l:  0.1776 | Val e:  75.71 , Val l: 0.2695 | Test e:  72.52 
| Epoch   79 | Train e:  85.82, T l:  0.1743 | Val e:  76.34 , Val l: 0.2617 | Test e:  72.80 
| Epoch   80 | Train e:  85.74, T l:  0.1758 | Val e:  75.58 , Val l: 0.2678 | Test e:  72.74 
| Epoch   81 | Train e:  85.42, T l:  0.1748 | Val e:  76.26 , Val l: 0.2716 | Test e:  73.46 
| Epoch   82 | Train e:  85.53, T l:  0.1742 | Val e:  76.38 , Val l: 0.2641 | Test e:  73.49 
| Epoch   83 | Train e:  85.71, T l:  0.1742 | Val e:  75.86 , Val l: 0.2621 | Test e:  73.09 
| Epoch   84 | Train e:  86.13, T l:  0.1750 | Val e:  76.33 , Val l: 0.2626 | Test e:  73.08 
| Epoch   85 | Train e:  86.24, T l:  0.1736 | Val e:  76.29 , Val l: 0.2674 | Test e:  73.28 
| Epoch   86 | Train e:  85.89, T l:  0.1723 | Val e:  75.28 , Val l: 0.2707 | Test e:  72.55 
| Epoch   87 | Train e:  86.18, T l:  0.1712 | Val e:  75.79 , Val l: 0.2635 | Test e:  73.39 
| Epoch   88 | Train e:  86.25, T l:  0.1714 | Val e:  76.12 , Val l: 0.2682 | Test e:  72.53 
| Epoch   89 | Train e:  86.23, T l:  0.1714 | Val e:  75.21 , Val l: 0.2668 | Test e:  72.51 
| Epoch   90 | Train e:  86.56, T l:  0.1714 | Val e:  76.01 , Val l: 0.2640 | Test e:  73.21 
| Epoch   91 | Train e:  86.07, T l:  0.1713 | Val e:  75.21 , Val l: 0.2693 | Test e:  73.56 
| Epoch   92 | Train e:  86.41, T l:  0.1692 | Val e:  76.22 , Val l: 0.2706 | Test e:  73.02 
| Epoch   93 | Train e:  86.25, T l:  0.1705 | Val e:  75.03 , Val l: 0.2732 | Test e:  72.86 
| Epoch   94 | Train e:  86.65, T l:  0.1696 | Val e:  75.59 , Val l: 0.2690 | Test e:  73.59 
| Epoch   95 | Train e:  86.17, T l:  0.1696 | Val e:  75.96 , Val l: 0.2703 | Test e:  72.84 
| Epoch   96 | Train e:  86.68, T l:  0.1703 | Val e:  75.71 , Val l: 0.2709 | Test e:  73.22 
| Epoch   97 | Train e:  86.81, T l:  0.1678 | Val e:  76.33 , Val l: 0.2634 | Test e:  72.95 
| Epoch   98 | Train e:  86.71, T l:  0.1695 | Val e:  76.05 , Val l: 0.2659 | Test e:  73.61 
| Epoch   99 | Train e:  86.28, T l:  0.1689 | Val e:  74.84 , Val l: 0.2752 | Test e:  71.74 
| Epoch  100 | Train e:  86.20, T l:  0.1681 | Val e:  75.50 , Val l: 0.2734 | Test e:  73.24 
| Epoch  101 | Train e:  86.94, T l:  0.1702 | Val e:  75.86 , Val l: 0.2670 | Test e:  73.15 
| Epoch  102 | Train e:  86.88, T l:  0.1682 | Val e:  76.06 , Val l: 0.2647 | Test e:  73.74 
| Epoch  103 | Train e:  86.94, T l:  0.1670 | Val e:  75.89 , Val l: 0.2651 | Test e:  73.92 
| Epoch  104 | Train e:  86.85, T l:  0.1671 | Val e:  75.85 , Val l: 0.2622 | Test e:  73.47 
| Epoch  105 | Train e:  87.05, T l:  0.1666 | Val e:  76.29 , Val l: 0.2661 | Test e:  73.41 
| Epoch  106 | Train e:  87.07, T l:  0.1660 | Val e:  76.55 , Val l: 0.2673 | Test e:  74.43 
| Epoch  107 | Train e:  87.21, T l:  0.1669 | Val e:  76.01 , Val l: 0.2642 | Test e:  74.20 
| Epoch  108 | Train e:  87.13, T l:  0.1664 | Val e:  76.34 , Val l: 0.2618 | Test e:  73.85 
| Epoch  109 | Train e:  87.28, T l:  0.1668 | Val e:  75.93 , Val l: 0.2657 | Test e:  73.85 
| Epoch  110 | Train e:  87.35, T l:  0.1662 | Val e:  75.77 , Val l: 0.2648 | Test e:  73.43 
| Epoch  111 | Train e:  87.25, T l:  0.1654 | Val e:  75.55 , Val l: 0.2713 | Test e:  73.37 
| Epoch  112 | Train e:  87.42, T l:  0.1651 | Val e:  75.91 , Val l: 0.2652 | Test e:  73.80 
| Epoch  113 | Train e:  87.40, T l:  0.1654 | Val e:  75.54 , Val l: 0.2655 | Test e:  74.21 
| Epoch  114 | Train e:  87.54, T l:  0.1627 | Val e:  76.17 , Val l: 0.2624 | Test e:  73.76 
| Epoch  115 | Train e:  87.35, T l:  0.1641 | Val e:  75.84 , Val l: 0.2670 | Test e:  73.23 
| Epoch  116 | Train e:  87.56, T l:  0.1629 | Val e:  75.52 , Val l: 0.2674 | Test e:  73.78 
| Epoch  117 | Train e:  87.46, T l:  0.1630 | Val e:  76.03 , Val l: 0.2653 | Test e:  74.05 
| Epoch  118 | Train e:  87.62, T l:  0.1648 | Val e:  75.64 , Val l: 0.2699 | Test e:  74.12 
| Epoch  119 | Train e:  87.81, T l:  0.1636 | Val e:  75.76 , Val l: 0.2647 | Test e:  74.00 
| Epoch  120 | Train e:  87.59, T l:  0.1635 | Val e:  75.77 , Val l: 0.2650 | Test e:  73.37 
| Epoch  121 | Train e:  87.78, T l:  0.1628 | Val e:  75.61 , Val l: 0.2669 | Test e:  74.29 
| Epoch  122 | Train e:  87.57, T l:  0.1626 | Val e:  75.13 , Val l: 0.2674 | Test e:  73.95 
| Epoch  123 | Train e:  87.87, T l:  0.1615 | Val e:  75.43 , Val l: 0.2647 | Test e:  74.15 
| Epoch  124 | Train e:  87.94, T l:  0.1630 | Val e:  76.04 , Val l: 0.2668 | Test e:  74.28 
| Epoch  125 | Train e:  88.02, T l:  0.1618 | Val e:  76.12 , Val l: 0.2662 | Test e:  74.87 
| Epoch  126 | Train e:  87.74, T l:  0.1625 | Val e:  75.33 , Val l: 0.2653 | Test e:  74.79 
| Epoch  127 | Train e:  88.01, T l:  0.1610 | Val e:  76.00 , Val l: 0.2635 | Test e:  74.73 
| Epoch  128 | Train e:  88.04, T l:  0.1621 | Val e:  75.97 , Val l: 0.2680 | Test e:  74.71 
| Epoch  129 | Train e:  88.03, T l:  0.1607 | Val e:  75.55 , Val l: 0.2675 | Test e:  74.72 
| Epoch  130 | Train e:  88.12, T l:  0.1606 | Val e:  75.39 , Val l: 0.2681 | Test e:  74.47 
| Epoch  131 | Train e:  88.14, T l:  0.1614 | Val e:  75.87 , Val l: 0.2666 | Test e:  74.65 
| Epoch  132 | Train e:  88.23, T l:  0.1600 | Val e:  75.68 , Val l: 0.2673 | Test e:  74.52 
| Epoch  133 | Train e:  88.08, T l:  0.1609 | Val e:  75.88 , Val l: 0.2675 | Test e:  75.04 
| Epoch  134 | Train e:  88.22, T l:  0.1603 | Val e:  75.88 , Val l: 0.2673 | Test e:  74.56 
| Epoch  135 | Train e:  88.24, T l:  0.1600 | Val e:  75.59 , Val l: 0.2666 | Test e:  74.67 
| Epoch  136 | Train e:  88.29, T l:  0.1604 | Val e:  76.41 , Val l: 0.2634 | Test e:  74.60 
| Epoch  137 | Train e:  88.33, T l:  0.1599 | Val e:  75.64 , Val l: 0.2665 | Test e:  74.67 
| Epoch  138 | Train e:  88.22, T l:  0.1589 | Val e:  75.43 , Val l: 0.2670 | Test e:  74.88 
| Epoch  139 | Train e:  88.38, T l:  0.1601 | Val e:  75.83 , Val l: 0.2681 | Test e:  75.20 
| Epoch  140 | Train e:  88.30, T l:  0.1600 | Val e:  75.82 , Val l: 0.2673 | Test e:  75.27 
| Epoch  141 | Train e:  88.34, T l:  0.1581 | Val e:  75.97 , Val l: 0.2651 | Test e:  74.79 
| Epoch  142 | Train e:  88.41, T l:  0.1587 | Val e:  75.69 , Val l: 0.2664 | Test e:  74.92 
| Epoch  143 | Train e:  88.47, T l:  0.1580 | Val e:  76.43 , Val l: 0.2672 | Test e:  75.25 
| Epoch  144 | Train e:  88.57, T l:  0.1573 | Val e:  75.23 , Val l: 0.2691 | Test e:  74.92 
| Epoch  145 | Train e:  88.57, T l:  0.1582 | Val e:  75.83 , Val l: 0.2629 | Test e:  74.90 
| Epoch  146 | Train e:  88.56, T l:  0.1583 | Val e:  75.69 , Val l: 0.2673 | Test e:  75.19 
| Epoch  147 | Train e:  88.62, T l:  0.1582 | Val e:  76.18 , Val l: 0.2686 | Test e:  75.30 
| Epoch  148 | Train e:  88.56, T l:  0.1576 | Val e:  75.57 , Val l: 0.2689 | Test e:  74.55 
| Epoch  149 | Train e:  88.57, T l:  0.1569 | Val e:  76.10 , Val l: 0.2640 | Test e:  75.24 
| Epoch  150 | Train e:  88.38, T l:  0.1573 | Val e:  74.78 , Val l: 0.2692 | Test e:  74.32 
| Epoch  151 | Train e:  88.61, T l:  0.1573 | Val e:  76.37 , Val l: 0.2652 | Test e:  74.72 
| Epoch  152 | Train e:  88.73, T l:  0.1558 | Val e:  75.84 , Val l: 0.2659 | Test e:  74.80 
| Epoch  153 | Train e:  88.80, T l:  0.1552 | Val e:  75.36 , Val l: 0.2657 | Test e:  74.71 
| Epoch  154 | Train e:  88.85, T l:  0.1557 | Val e:  75.89 , Val l: 0.2663 | Test e:  74.95 
| Epoch  155 | Train e:  88.81, T l:  0.1553 | Val e:  75.39 , Val l: 0.2688 | Test e:  75.01 
| Epoch  156 | Train e:  88.70, T l:  0.1561 | Val e:  75.59 , Val l: 0.2644 | Test e:  74.84 
| Epoch  157 | Train e:  88.93, T l:  0.1561 | Val e:  75.70 , Val l: 0.2685 | Test e:  75.10 
| Epoch  158 | Train e:  88.91, T l:  0.1551 | Val e:  76.00 , Val l: 0.2680 | Test e:  75.06 
| Epoch  159 | Train e:  88.88, T l:  0.1551 | Val e:  75.43 , Val l: 0.2694 | Test e:  75.28 
| Epoch  160 | Train e:  88.95, T l:  0.1553 | Val e:  75.85 , Val l: 0.2679 | Test e:  75.32 
| Epoch  161 | Train e:  88.92, T l:  0.1560 | Val e:  76.00 , Val l: 0.2693 | Test e:  75.27 
| Epoch  162 | Train e:  88.88, T l:  0.1551 | Val e:  75.12 , Val l: 0.2697 | Test e:  75.25 
| Epoch  163 | Train e:  88.98, T l:  0.1553 | Val e:  76.28 , Val l: 0.2630 | Test e:  74.92 
| Epoch  164 | Train e:  89.02, T l:  0.1542 | Val e:  76.17 , Val l: 0.2660 | Test e:  75.04 
| Epoch  165 | Train e:  89.04, T l:  0.1541 | Val e:  75.98 , Val l: 0.2667 | Test e:  75.25 
| Epoch  166 | Train e:  89.00, T l:  0.1537 | Val e:  76.17 , Val l: 0.2653 | Test e:  74.97 
| Epoch  167 | Train e:  89.03, T l:  0.1543 | Val e:  75.72 , Val l: 0.2684 | Test e:  75.08 
| Epoch  168 | Train e:  89.01, T l:  0.1542 | Val e:  75.56 , Val l: 0.2702 | Test e:  74.83 
| Epoch  169 | Train e:  89.00, T l:  0.1539 | Val e:  75.58 , Val l: 0.2704 | Test e:  75.24 
| Epoch  170 | Train e:  89.13, T l:  0.1544 | Val e:  76.02 , Val l: 0.2676 | Test e:  75.33 
| Epoch  171 | Train e:  89.14, T l:  0.1538 | Val e:  75.76 , Val l: 0.2693 | Test e:  75.12 
| Epoch  172 | Train e:  89.03, T l:  0.1544 | Val e:  75.76 , Val l: 0.2688 | Test e:  74.75 
| Epoch  173 | Train e:  89.14, T l:  0.1534 | Val e:  75.61 , Val l: 0.2687 | Test e:  74.90 
| Epoch  174 | Train e:  89.12, T l:  0.1530 | Val e:  75.65 , Val l: 0.2687 | Test e:  75.28 
| Epoch  175 | Train e:  89.23, T l:  0.1541 | Val e:  75.57 , Val l: 0.2699 | Test e:  75.20 
| Epoch  176 | Train e:  89.19, T l:  0.1522 | Val e:  75.59 , Val l: 0.2685 | Test e:  75.02 
| Epoch  177 | Train e:  89.19, T l:  0.1532 | Val e:  75.74 , Val l: 0.2680 | Test e:  74.85 
| Epoch  178 | Train e:  89.24, T l:  0.1519 | Val e:  75.55 , Val l: 0.2692 | Test e:  75.14 
| Epoch  179 | Train e:  89.18, T l:  0.1526 | Val e:  75.52 , Val l: 0.2684 | Test e:  74.84 
| Epoch  180 | Train e:  89.26, T l:  0.1520 | Val e:  75.50 , Val l: 0.2682 | Test e:  75.03 
| Epoch  181 | Train e:  89.30, T l:  0.1521 | Val e:  75.75 , Val l: 0.2662 | Test e:  75.07 
| Epoch  182 | Train e:  89.32, T l:  0.1521 | Val e:  75.59 , Val l: 0.2671 | Test e:  75.05 
| Epoch  183 | Train e:  89.34, T l:  0.1518 | Val e:  75.90 , Val l: 0.2665 | Test e:  75.42 
| Epoch  184 | Train e:  89.31, T l:  0.1521 | Val e:  75.41 , Val l: 0.2670 | Test e:  74.97 
| Epoch  185 | Train e:  89.21, T l:  0.1514 | Val e:  75.41 , Val l: 0.2694 | Test e:  75.04 
| Epoch  186 | Train e:  89.29, T l:  0.1515 | Val e:  75.63 , Val l: 0.2674 | Test e:  74.96 
| Epoch  187 | Train e:  89.31, T l:  0.1511 | Val e:  75.54 , Val l: 0.2676 | Test e:  75.18 
| Epoch  188 | Train e:  89.37, T l:  0.1506 | Val e:  75.79 , Val l: 0.2676 | Test e:  75.30 
| Epoch  189 | Train e:  89.33, T l:  0.1513 | Val e:  75.81 , Val l: 0.2666 | Test e:  75.09 
| Epoch  190 | Train e:  89.38, T l:  0.1504 | Val e:  75.91 , Val l: 0.2663 | Test e:  75.23 
| Epoch  191 | Train e:  89.37, T l:  0.1504 | Val e:  75.61 , Val l: 0.2674 | Test e:  75.16 
| Epoch  192 | Train e:  89.40, T l:  0.1513 | Val e:  75.82 , Val l: 0.2661 | Test e:  75.11 
| Epoch  193 | Train e:  89.42, T l:  0.1510 | Val e:  75.81 , Val l: 0.2661 | Test e:  75.17 
| Epoch  194 | Train e:  89.39, T l:  0.1508 | Val e:  75.57 , Val l: 0.2673 | Test e:  75.06 
| Epoch  195 | Train e:  89.41, T l:  0.1503 | Val e:  75.76 , Val l: 0.2668 | Test e:  75.15 
| Epoch  196 | Train e:  89.40, T l:  0.1504 | Val e:  75.72 , Val l: 0.2665 | Test e:  75.18 
| Epoch  197 | Train e:  89.40, T l:  0.1507 | Val e:  75.75 , Val l: 0.2665 | Test e:  75.10 
| Epoch  198 | Train e:  89.42, T l:  0.1505 | Val e:  75.79 , Val l: 0.2665 | Test e:  75.15 
| Epoch  199 | Train e:  89.42, T l:  0.1500 | Val e:  75.80 , Val l: 0.2663 | Test e:  75.16 
