

===============================================
2022-12-24 16:50:08

main_parallel.py --readout mean --gconv-dim 256 --tlayer-dim 256 --num-heads 8 --no-clustering --masked-attention --batch-size 32 --epochs 200 --warmup 20 --gconv-dropout 0.5 --tlayer-dropout 0.5 --seeds 271828 --device 1

None

dataset: ogbg-moltox21
use_val_loss: False
epochs: 200
scheduler: linear
warmup: 20
patience: 25
batch_size: 32
lr: 0.0001
weight_decay: 0.0001
clustering: False
masked_attention: True
gconv_dim: 256
tlayer_dim: 256
gconv_dropout: 0.5
tlayer_dropout: 0.5
num_layers: 4
num_heads: 8
skip_connection: none
readout: mean
seeds: 271828
save_state: False



| Epoch    0 | Train e:  53.56, T l:  0.5957 | Val e:  53.97 , Val l: 0.3202 | Test e:  52.64 
| Epoch    1 | Train e:  55.98, T l:  0.2806 | Val e:  58.12 , Val l: 0.3264 | Test e:  56.11 
| Epoch    2 | Train e:  62.26, T l:  0.2444 | Val e:  62.68 , Val l: 0.3252 | Test e:  62.13 
| Epoch    3 | Train e:  66.18, T l:  0.2378 | Val e:  63.49 , Val l: 0.3141 | Test e:  63.41 
| Epoch    4 | Train e:  68.10, T l:  0.2320 | Val e:  64.85 , Val l: 0.3099 | Test e:  65.01 
| Epoch    5 | Train e:  69.95, T l:  0.2261 | Val e:  67.14 , Val l: 0.3072 | Test e:  66.55 
| Epoch    6 | Train e:  71.43, T l:  0.2192 | Val e:  68.38 , Val l: 0.3498 | Test e:  66.20 
| Epoch    7 | Train e:  73.24, T l:  0.2182 | Val e:  68.85 , Val l: 0.3020 | Test e:  68.05 
| Epoch    8 | Train e:  73.49, T l:  0.2134 | Val e:  70.46 , Val l: 0.2949 | Test e:  69.76 
| Epoch    9 | Train e:  75.63, T l:  0.2115 | Val e:  71.40 , Val l: 0.2978 | Test e:  68.69 
| Epoch   10 | Train e:  76.31, T l:  0.2076 | Val e:  73.72 , Val l: 0.3143 | Test e:  71.65 
| Epoch   11 | Train e:  78.13, T l:  0.2057 | Val e:  74.53 , Val l: 0.2927 | Test e:  71.40 
| Epoch   12 | Train e:  79.73, T l:  0.2035 | Val e:  75.44 , Val l: 0.2853 | Test e:  71.84 
| Epoch   13 | Train e:  81.08, T l:  0.2004 | Val e:  76.26 , Val l: 0.2867 | Test e:  72.95 
| Epoch   14 | Train e:  81.85, T l:  0.1980 | Val e:  76.82 , Val l: 0.2741 | Test e:  73.18 
| Epoch   15 | Train e:  82.88, T l:  0.1947 | Val e:  77.25 , Val l: 0.3015 | Test e:  73.70 
| Epoch   16 | Train e:  83.26, T l:  0.1915 | Val e:  77.00 , Val l: 0.3581 | Test e:  73.55 
| Epoch   17 | Train e:  83.94, T l:  0.1926 | Val e:  77.05 , Val l: 0.2865 | Test e:  74.08 
| Epoch   18 | Train e:  84.90, T l:  0.1870 | Val e:  77.68 , Val l: 0.2806 | Test e:  74.11 
| Epoch   19 | Train e:  85.03, T l:  0.1867 | Val e:  77.95 , Val l: 0.2860 | Test e:  74.19 
| Epoch   20 | Train e:  85.96, T l:  0.1813 | Val e:  78.29 , Val l: 0.3205 | Test e:  74.32 
| Epoch   21 | Train e:  86.19, T l:  0.1819 | Val e:  78.41 , Val l: 0.2810 | Test e:  74.16 
| Epoch   22 | Train e:  86.52, T l:  0.1772 | Val e:  78.87 , Val l: 0.3155 | Test e:  74.13 
| Epoch   23 | Train e:  86.92, T l:  0.1751 | Val e:  78.89 , Val l: 0.2728 | Test e:  74.08 
| Epoch   24 | Train e:  87.04, T l:  0.1741 | Val e:  78.60 , Val l: 0.2974 | Test e:  74.14 
| Epoch   25 | Train e:  87.16, T l:  0.1711 | Val e:  78.24 , Val l: 0.3540 | Test e:  73.30 
| Epoch   26 | Train e:  87.86, T l:  0.1728 | Val e:  79.24 , Val l: 0.2867 | Test e:  73.89 
| Epoch   27 | Train e:  88.05, T l:  0.1678 | Val e:  78.50 , Val l: 0.2950 | Test e:  74.14 
| Epoch   28 | Train e:  88.51, T l:  0.1682 | Val e:  79.30 , Val l: 0.2732 | Test e:  74.59 
| Epoch   29 | Train e:  88.92, T l:  0.1661 | Val e:  79.19 , Val l: 0.2742 | Test e:  74.24 
| Epoch   30 | Train e:  88.78, T l:  0.1650 | Val e:  79.33 , Val l: 0.2763 | Test e:  73.95 
| Epoch   31 | Train e:  89.18, T l:  0.1634 | Val e:  79.47 , Val l: 0.2703 | Test e:  75.13 
| Epoch   32 | Train e:  89.14, T l:  0.1635 | Val e:  78.87 , Val l: 0.2731 | Test e:  74.65 
| Epoch   33 | Train e:  89.18, T l:  0.1593 | Val e:  79.15 , Val l: 0.2792 | Test e:  73.45 
| Epoch   34 | Train e:  89.76, T l:  0.1598 | Val e:  79.07 , Val l: 0.2722 | Test e:  75.40 
| Epoch   35 | Train e:  89.72, T l:  0.1592 | Val e:  78.98 , Val l: 0.3168 | Test e:  74.10 
| Epoch   36 | Train e:  89.58, T l:  0.1577 | Val e:  78.97 , Val l: 0.3084 | Test e:  74.18 
| Epoch   37 | Train e:  89.75, T l:  0.1568 | Val e:  79.44 , Val l: 0.2757 | Test e:  74.96 
| Epoch   38 | Train e:  90.39, T l:  0.1544 | Val e:  79.40 , Val l: 0.2930 | Test e:  74.68 
| Epoch   39 | Train e:  90.45, T l:  0.1535 | Val e:  78.74 , Val l: 0.2890 | Test e:  74.85 
| Epoch   40 | Train e:  90.53, T l:  0.1535 | Val e:  78.82 , Val l: 0.2966 | Test e:  74.81 
| Epoch   41 | Train e:  90.40, T l:  0.1538 | Val e:  79.22 , Val l: 0.2730 | Test e:  74.78 
| Epoch   42 | Train e:  90.97, T l:  0.1509 | Val e:  79.34 , Val l: 0.2765 | Test e:  74.33 
| Epoch   43 | Train e:  90.76, T l:  0.1506 | Val e:  79.23 , Val l: 0.2981 | Test e:  74.45 
| Epoch   44 | Train e:  91.02, T l:  0.1501 | Val e:  79.96 , Val l: 0.2766 | Test e:  74.18 
| Epoch   45 | Train e:  91.22, T l:  0.1479 | Val e:  79.36 , Val l: 0.2929 | Test e:  74.71 
| Epoch   46 | Train e:  90.92, T l:  0.1466 | Val e:  78.78 , Val l: 0.3045 | Test e:  74.75 
| Epoch   47 | Train e:  91.60, T l:  0.1459 | Val e:  79.09 , Val l: 0.2901 | Test e:  74.29 
| Epoch   48 | Train e:  91.48, T l:  0.1464 | Val e:  79.44 , Val l: 0.3220 | Test e:  74.52 
| Epoch   49 | Train e:  91.68, T l:  0.1461 | Val e:  78.73 , Val l: 0.3070 | Test e:  73.96 
| Epoch   50 | Train e:  91.84, T l:  0.1434 | Val e:  79.67 , Val l: 0.2843 | Test e:  75.06 
| Epoch   51 | Train e:  91.72, T l:  0.1427 | Val e:  79.38 , Val l: 0.3074 | Test e:  74.05 
| Epoch   52 | Train e:  92.11, T l:  0.1419 | Val e:  79.18 , Val l: 0.2815 | Test e:  74.60 
| Epoch   53 | Train e:  92.06, T l:  0.1416 | Val e:  78.59 , Val l: 0.3061 | Test e:  73.56 
| Epoch   54 | Train e:  92.25, T l:  0.1429 | Val e:  77.99 , Val l: 0.3138 | Test e:  74.10 
| Epoch   55 | Train e:  92.32, T l:  0.1401 | Val e:  79.21 , Val l: 0.2999 | Test e:  74.58 
| Epoch   56 | Train e:  92.45, T l:  0.1401 | Val e:  78.72 , Val l: 0.3128 | Test e:  74.13 
| Epoch   57 | Train e:  92.40, T l:  0.1394 | Val e:  78.81 , Val l: 0.3394 | Test e:  74.22 
| Epoch   58 | Train e:  92.54, T l:  0.1383 | Val e:  79.28 , Val l: 0.2992 | Test e:  74.60 
| Epoch   59 | Train e:  92.85, T l:  0.1385 | Val e:  78.70 , Val l: 0.3000 | Test e:  74.57 
| Epoch   60 | Train e:  92.69, T l:  0.1358 | Val e:  79.25 , Val l: 0.3181 | Test e:  75.09 
| Epoch   61 | Train e:  92.92, T l:  0.1361 | Val e:  79.20 , Val l: 0.3160 | Test e:  74.70 
| Epoch   62 | Train e:  92.85, T l:  0.1350 | Val e:  78.12 , Val l: 0.3303 | Test e:  74.66 
| Epoch   63 | Train e:  92.76, T l:  0.1339 | Val e:  78.33 , Val l: 0.3960 | Test e:  74.38 
| Epoch   64 | Train e:  93.26, T l:  0.1353 | Val e:  78.93 , Val l: 0.2948 | Test e:  74.28 
| Epoch   65 | Train e:  93.51, T l:  0.1332 | Val e:  79.26 , Val l: 0.3186 | Test e:  74.75 
| Epoch   66 | Train e:  93.59, T l:  0.1322 | Val e:  79.07 , Val l: 0.3233 | Test e:  74.39 
| Epoch   67 | Train e:  93.57, T l:  0.1329 | Val e:  79.33 , Val l: 0.3285 | Test e:  74.50 
| Epoch   68 | Train e:  93.51, T l:  0.1308 | Val e:  77.45 , Val l: 0.3137 | Test e:  73.51 
| Epoch   69 | Train e:  93.71, T l:  0.1305 | Val e:  78.97 , Val l: 0.3403 | Test e:  74.38 
| Epoch   70 | Train e:  93.83, T l:  0.1297 | Val e:  78.31 , Val l: 0.3177 | Test e:  74.16 
| Epoch   71 | Train e:  93.81, T l:  0.1281 | Val e:  78.59 , Val l: 0.3369 | Test e:  74.26 
| Epoch   72 | Train e:  94.11, T l:  0.1268 | Val e:  78.90 , Val l: 0.3458 | Test e:  74.21 
| Epoch   73 | Train e:  94.07, T l:  0.1287 | Val e:  78.30 , Val l: 0.3388 | Test e:  73.93 
| Epoch   74 | Train e:  94.25, T l:  0.1258 | Val e:  78.09 , Val l: 0.3649 | Test e:  73.80 
| Epoch   75 | Train e:  94.40, T l:  0.1254 | Val e:  79.04 , Val l: 0.3359 | Test e:  74.41 
| Epoch   76 | Train e:  94.41, T l:  0.1248 | Val e:  78.53 , Val l: 0.3332 | Test e:  74.48 
| Epoch   77 | Train e:  94.44, T l:  0.1244 | Val e:  78.41 , Val l: 0.3709 | Test e:  74.78 
| Epoch   78 | Train e:  94.67, T l:  0.1242 | Val e:  78.67 , Val l: 0.3315 | Test e:  74.64 
| Epoch   79 | Train e:  94.61, T l:  0.1217 | Val e:  78.49 , Val l: 0.3548 | Test e:  74.40 
| Epoch   80 | Train e:  94.54, T l:  0.1230 | Val e:  78.43 , Val l: 0.3395 | Test e:  74.60 
| Epoch   81 | Train e:  94.95, T l:  0.1214 | Val e:  78.46 , Val l: 0.3418 | Test e:  74.20 
| Epoch   82 | Train e:  94.81, T l:  0.1209 | Val e:  77.62 , Val l: 0.3200 | Test e:  73.81 
| Epoch   83 | Train e:  95.03, T l:  0.1215 | Val e:  78.12 , Val l: 0.3276 | Test e:  73.68 
| Epoch   84 | Train e:  95.25, T l:  0.1191 | Val e:  78.46 , Val l: 0.3342 | Test e:  74.11 
| Epoch   85 | Train e:  95.35, T l:  0.1175 | Val e:  78.42 , Val l: 0.3383 | Test e:  74.48 
| Epoch   86 | Train e:  95.25, T l:  0.1174 | Val e:  78.35 , Val l: 0.3539 | Test e:  74.53 
| Epoch   87 | Train e:  95.15, T l:  0.1184 | Val e:  78.21 , Val l: 0.3488 | Test e:  74.23 
| Epoch   88 | Train e:  95.53, T l:  0.1166 | Val e:  78.56 , Val l: 0.3380 | Test e:  73.81 
| Epoch   89 | Train e:  95.33, T l:  0.1156 | Val e:  78.68 , Val l: 0.4064 | Test e:  74.19 
| Epoch   90 | Train e:  95.41, T l:  0.1166 | Val e:  77.91 , Val l: 0.3877 | Test e:  74.07 
| Epoch   91 | Train e:  95.62, T l:  0.1157 | Val e:  76.95 , Val l: 0.3622 | Test e:  73.51 
| Epoch   92 | Train e:  95.63, T l:  0.1141 | Val e:  78.40 , Val l: 0.3834 | Test e:  74.77 
| Epoch   93 | Train e:  95.63, T l:  0.1140 | Val e:  77.77 , Val l: 0.3865 | Test e:  74.26 
| Epoch   94 | Train e:  95.94, T l:  0.1134 | Val e:  78.29 , Val l: 0.3435 | Test e:  74.19 
| Epoch   95 | Train e:  95.62, T l:  0.1118 | Val e:  77.23 , Val l: 0.4503 | Test e:  73.85 
| Epoch   96 | Train e:  95.64, T l:  0.1145 | Val e:  77.67 , Val l: 0.4293 | Test e:  74.52 
| Epoch   97 | Train e:  96.02, T l:  0.1096 | Val e:  78.25 , Val l: 0.3675 | Test e:  74.08 
| Epoch   98 | Train e:  96.13, T l:  0.1111 | Val e:  78.23 , Val l: 0.3850 | Test e:  74.41 
| Epoch   99 | Train e:  96.06, T l:  0.1084 | Val e:  78.15 , Val l: 0.3796 | Test e:  74.24 
| Epoch  100 | Train e:  96.27, T l:  0.1071 | Val e:  78.36 , Val l: 0.3880 | Test e:  74.17 
| Epoch  101 | Train e:  96.18, T l:  0.1085 | Val e:  78.39 , Val l: 0.4149 | Test e:  74.47 
| Epoch  102 | Train e:  96.31, T l:  0.1077 | Val e:  78.84 , Val l: 0.3781 | Test e:  74.39 
| Epoch  103 | Train e:  96.34, T l:  0.1059 | Val e:  77.73 , Val l: 0.4154 | Test e:  74.07 
| Epoch  104 | Train e:  96.24, T l:  0.1053 | Val e:  77.99 , Val l: 0.3964 | Test e:  74.40 
| Epoch  105 | Train e:  96.42, T l:  0.1059 | Val e:  77.89 , Val l: 0.4053 | Test e:  74.66 
| Epoch  106 | Train e:  96.58, T l:  0.1050 | Val e:  77.28 , Val l: 0.3754 | Test e:  73.47 
| Epoch  107 | Train e:  96.50, T l:  0.1039 | Val e:  77.77 , Val l: 0.3970 | Test e:  74.35 
| Epoch  108 | Train e:  96.66, T l:  0.1033 | Val e:  77.76 , Val l: 0.3988 | Test e:  74.37 
| Epoch  109 | Train e:  96.59, T l:  0.1043 | Val e:  78.24 , Val l: 0.3988 | Test e:  74.49 
| Epoch  110 | Train e:  96.71, T l:  0.1021 | Val e:  78.22 , Val l: 0.4205 | Test e:  74.87 
| Epoch  111 | Train e:  96.93, T l:  0.1021 | Val e:  78.00 , Val l: 0.3986 | Test e:  74.39 
| Epoch  112 | Train e:  96.81, T l:  0.1006 | Val e:  77.80 , Val l: 0.4308 | Test e:  74.22 
| Epoch  113 | Train e:  96.86, T l:  0.1004 | Val e:  77.50 , Val l: 0.4355 | Test e:  74.10 
| Epoch  114 | Train e:  96.95, T l:  0.0992 | Val e:  77.42 , Val l: 0.3946 | Test e:  74.43 
| Epoch  115 | Train e:  96.91, T l:  0.0994 | Val e:  78.33 , Val l: 0.4459 | Test e:  73.90 
| Epoch  116 | Train e:  96.99, T l:  0.0990 | Val e:  77.23 , Val l: 0.3997 | Test e:  73.74 
| Epoch  117 | Train e:  97.32, T l:  0.1007 | Val e:  77.91 , Val l: 0.3780 | Test e:  74.06 
| Epoch  118 | Train e:  97.02, T l:  0.0979 | Val e:  77.76 , Val l: 0.4379 | Test e:  73.60 
| Epoch  119 | Train e:  97.29, T l:  0.0972 | Val e:  77.98 , Val l: 0.4175 | Test e:  73.72 
| Epoch  120 | Train e:  97.14, T l:  0.0971 | Val e:  77.74 , Val l: 0.4277 | Test e:  74.08 
| Epoch  121 | Train e:  97.36, T l:  0.0948 | Val e:  77.59 , Val l: 0.4001 | Test e:  74.10 
| Epoch  122 | Train e:  97.40, T l:  0.0948 | Val e:  77.70 , Val l: 0.4104 | Test e:  74.33 
| Epoch  123 | Train e:  97.40, T l:  0.0934 | Val e:  77.40 , Val l: 0.4148 | Test e:  73.79 
| Epoch  124 | Train e:  97.28, T l:  0.0950 | Val e:  77.76 , Val l: 0.4277 | Test e:  74.25 
| Epoch  125 | Train e:  97.56, T l:  0.0934 | Val e:  77.73 , Val l: 0.4210 | Test e:  74.04 
| Epoch  126 | Train e:  97.54, T l:  0.0925 | Val e:  77.44 , Val l: 0.4198 | Test e:  73.87 
| Epoch  127 | Train e:  97.62, T l:  0.0939 | Val e:  77.80 , Val l: 0.4178 | Test e:  74.48 
| Epoch  128 | Train e:  97.68, T l:  0.0917 | Val e:  78.02 , Val l: 0.4065 | Test e:  73.97 
| Epoch  129 | Train e:  97.64, T l:  0.0913 | Val e:  77.74 , Val l: 0.4446 | Test e:  74.16 
| Epoch  130 | Train e:  97.80, T l:  0.0909 | Val e:  77.45 , Val l: 0.4008 | Test e:  74.14 
| Epoch  131 | Train e:  97.78, T l:  0.0904 | Val e:  77.12 , Val l: 0.4255 | Test e:  74.12 
| Epoch  132 | Train e:  97.75, T l:  0.0896 | Val e:  77.39 , Val l: 0.4532 | Test e:  74.31 
| Epoch  133 | Train e:  97.73, T l:  0.0888 | Val e:  77.44 , Val l: 0.4797 | Test e:  74.21 
| Epoch  134 | Train e:  97.92, T l:  0.0893 | Val e:  77.36 , Val l: 0.4329 | Test e:  74.32 
| Epoch  135 | Train e:  97.81, T l:  0.0889 | Val e:  77.43 , Val l: 0.4485 | Test e:  73.91 
| Epoch  136 | Train e:  97.93, T l:  0.0879 | Val e:  77.78 , Val l: 0.4464 | Test e:  74.24 
| Epoch  137 | Train e:  97.97, T l:  0.0878 | Val e:  77.83 , Val l: 0.4498 | Test e:  74.13 
| Epoch  138 | Train e:  97.88, T l:  0.0884 | Val e:  77.82 , Val l: 0.4435 | Test e:  74.33 
| Epoch  139 | Train e:  98.01, T l:  0.0865 | Val e:  77.24 , Val l: 0.4534 | Test e:  73.64 
| Epoch  140 | Train e:  98.07, T l:  0.0858 | Val e:  77.36 , Val l: 0.4416 | Test e:  74.07 
| Epoch  141 | Train e:  97.84, T l:  0.0856 | Val e:  77.13 , Val l: 0.4782 | Test e:  73.91 
| Epoch  142 | Train e:  98.07, T l:  0.0845 | Val e:  77.35 , Val l: 0.4674 | Test e:  73.94 
| Epoch  143 | Train e:  98.19, T l:  0.0841 | Val e:  77.14 , Val l: 0.4385 | Test e:  74.21 
| Epoch  144 | Train e:  98.12, T l:  0.0842 | Val e:  77.28 , Val l: 0.4451 | Test e:  74.34 
| Epoch  145 | Train e:  98.16, T l:  0.0832 | Val e:  77.33 , Val l: 0.4477 | Test e:  74.08 
| Epoch  146 | Train e:  98.23, T l:  0.0818 | Val e:  77.12 , Val l: 0.4768 | Test e:  74.11 
| Epoch  147 | Train e:  98.15, T l:  0.0833 | Val e:  77.41 , Val l: 0.4456 | Test e:  74.42 
| Epoch  148 | Train e:  98.19, T l:  0.0826 | Val e:  77.48 , Val l: 0.4920 | Test e:  73.76 
| Epoch  149 | Train e:  98.28, T l:  0.0818 | Val e:  77.44 , Val l: 0.4633 | Test e:  74.11 
| Epoch  150 | Train e:  98.23, T l:  0.0830 | Val e:  77.06 , Val l: 0.4628 | Test e:  73.79 
| Epoch  151 | Train e:  98.31, T l:  0.0813 | Val e:  77.61 , Val l: 0.4471 | Test e:  74.25 
| Epoch  152 | Train e:  98.26, T l:  0.0807 | Val e:  77.18 , Val l: 0.4807 | Test e:  74.03 
| Epoch  153 | Train e:  98.36, T l:  0.0807 | Val e:  77.37 , Val l: 0.4658 | Test e:  74.10 
| Epoch  154 | Train e:  98.35, T l:  0.0785 | Val e:  77.22 , Val l: 0.4773 | Test e:  74.14 
| Epoch  155 | Train e:  98.37, T l:  0.0798 | Val e:  77.14 , Val l: 0.4893 | Test e:  73.90 
| Epoch  156 | Train e:  98.38, T l:  0.0788 | Val e:  77.29 , Val l: 0.4925 | Test e:  73.90 
| Epoch  157 | Train e:  98.41, T l:  0.0778 | Val e:  77.24 , Val l: 0.4802 | Test e:  73.74 
| Epoch  158 | Train e:  98.49, T l:  0.0780 | Val e:  77.39 , Val l: 0.4617 | Test e:  73.96 
| Epoch  159 | Train e:  98.42, T l:  0.0775 | Val e:  77.53 , Val l: 0.5319 | Test e:  74.15 
| Epoch  160 | Train e:  98.51, T l:  0.0780 | Val e:  77.24 , Val l: 0.4739 | Test e:  74.45 
| Epoch  161 | Train e:  98.47, T l:  0.0778 | Val e:  77.26 , Val l: 0.5074 | Test e:  73.71 
| Epoch  162 | Train e:  98.56, T l:  0.0768 | Val e:  77.39 , Val l: 0.4694 | Test e:  74.07 
| Epoch  163 | Train e:  98.60, T l:  0.0760 | Val e:  77.17 , Val l: 0.4753 | Test e:  74.11 
| Epoch  164 | Train e:  98.60, T l:  0.0756 | Val e:  76.93 , Val l: 0.4767 | Test e:  74.05 
| Epoch  165 | Train e:  98.65, T l:  0.0764 | Val e:  77.31 , Val l: 0.4717 | Test e:  74.28 
| Epoch  166 | Train e:  98.61, T l:  0.0752 | Val e:  76.95 , Val l: 0.4821 | Test e:  73.93 
| Epoch  167 | Train e:  98.62, T l:  0.0751 | Val e:  77.46 , Val l: 0.4774 | Test e:  74.34 
| Epoch  168 | Train e:  98.65, T l:  0.0735 | Val e:  77.33 , Val l: 0.4919 | Test e:  74.01 
| Epoch  169 | Train e:  98.67, T l:  0.0750 | Val e:  77.33 , Val l: 0.4788 | Test e:  74.29 
| Epoch  170 | Train e:  98.67, T l:  0.0740 | Val e:  77.06 , Val l: 0.4713 | Test e:  74.27 
| Epoch  171 | Train e:  98.62, T l:  0.0728 | Val e:  77.10 , Val l: 0.4906 | Test e:  74.16 
| Epoch  172 | Train e:  98.66, T l:  0.0724 | Val e:  77.08 , Val l: 0.4939 | Test e:  74.09 
| Epoch  173 | Train e:  98.69, T l:  0.0736 | Val e:  77.12 , Val l: 0.4919 | Test e:  73.85 
| Epoch  174 | Train e:  98.66, T l:  0.0721 | Val e:  77.63 , Val l: 0.5039 | Test e:  74.28 
| Epoch  175 | Train e:  98.62, T l:  0.0734 | Val e:  77.14 , Val l: 0.5006 | Test e:  74.02 
| Epoch  176 | Train e:  98.77, T l:  0.0729 | Val e:  77.17 , Val l: 0.4782 | Test e:  74.31 
| Epoch  177 | Train e:  98.71, T l:  0.0711 | Val e:  77.33 , Val l: 0.5147 | Test e:  74.11 
| Epoch  178 | Train e:  98.69, T l:  0.0712 | Val e:  77.19 , Val l: 0.5154 | Test e:  74.10 
| Epoch  179 | Train e:  98.74, T l:  0.0699 | Val e:  77.07 , Val l: 0.4976 | Test e:  74.13 
| Epoch  180 | Train e:  98.75, T l:  0.0718 | Val e:  77.09 , Val l: 0.4926 | Test e:  74.10 
| Epoch  181 | Train e:  98.78, T l:  0.0715 | Val e:  77.06 , Val l: 0.5009 | Test e:  74.17 
| Epoch  182 | Train e:  98.80, T l:  0.0708 | Val e:  77.09 , Val l: 0.4978 | Test e:  74.24 
| Epoch  183 | Train e:  98.77, T l:  0.0701 | Val e:  77.02 , Val l: 0.5103 | Test e:  74.19 
| Epoch  184 | Train e:  98.83, T l:  0.0706 | Val e:  76.96 , Val l: 0.4976 | Test e:  74.25 
| Epoch  185 | Train e:  98.81, T l:  0.0700 | Val e:  77.13 , Val l: 0.4997 | Test e:  74.27 
| Epoch  186 | Train e:  98.80, T l:  0.0692 | Val e:  77.17 , Val l: 0.5154 | Test e:  74.29 
| Epoch  187 | Train e:  98.84, T l:  0.0693 | Val e:  77.05 , Val l: 0.5119 | Test e:  74.04 
| Epoch  188 | Train e:  98.85, T l:  0.0694 | Val e:  76.89 , Val l: 0.5091 | Test e:  73.92 
| Epoch  189 | Train e:  98.82, T l:  0.0690 | Val e:  77.05 , Val l: 0.5138 | Test e:  74.13 
| Epoch  190 | Train e:  98.87, T l:  0.0687 | Val e:  77.06 , Val l: 0.5094 | Test e:  74.01 
| Epoch  191 | Train e:  98.88, T l:  0.0680 | Val e:  77.02 , Val l: 0.5009 | Test e:  74.12 
| Epoch  192 | Train e:  98.86, T l:  0.0679 | Val e:  77.12 , Val l: 0.5090 | Test e:  74.02 
| Epoch  193 | Train e:  98.85, T l:  0.0683 | Val e:  77.13 , Val l: 0.5054 | Test e:  74.02 
| Epoch  194 | Train e:  98.86, T l:  0.0682 | Val e:  77.06 , Val l: 0.5074 | Test e:  74.04 
| Epoch  195 | Train e:  98.88, T l:  0.0678 | Val e:  77.00 , Val l: 0.5054 | Test e:  73.99 
| Epoch  196 | Train e:  98.89, T l:  0.0676 | Val e:  77.03 , Val l: 0.5018 | Test e:  74.09 
| Epoch  197 | Train e:  98.88, T l:  0.0690 | Val e:  77.08 , Val l: 0.5062 | Test e:  74.04 
| Epoch  198 | Train e:  98.88, T l:  0.0671 | Val e:  77.09 , Val l: 0.5087 | Test e:  74.06 
| Epoch  199 | Train e:  98.88, T l:  0.0675 | Val e:  77.08 , Val l: 0.5086 | Test e:  74.07 
