

===============================================
2022-12-19 05:51:20

main_gnnt.py --readout cls --gconv-dim 256 --tlayer-dim 256 --num-heads 8 --no-clustering --masked-attention --batch-size 32 --epochs 200 --warmup 20 --gconv-dropout 0.5 --tlayer-dropout 0.5 --seeds 271828 --device 1

None

dataset: ogbg-moltox21
use_val_loss: False
epochs: 200
scheduler: linear
warmup: 20
patience: 25
batch_size: 32
lr: 0.0001
weight_decay: 0.0001
clustering: False
masked_attention: True
gconv_dim: 256
tlayer_dim: 256
gconv_dropout: 0.5
tlayer_dropout: 0.5
num_layers: 4
num_heads: 8
skip_connection: none
readout: cls
seeds: 271828
save_state: False



| Epoch    0 | Train e:  49.07, T l:  0.6717 | Val e:  49.64 , Val l: 0.3774 | Test e:  50.50 
| Epoch    1 | Train e:  49.33, T l:  0.3525 | Val e:  48.20 , Val l: 0.3068 | Test e:  47.05 
| Epoch    2 | Train e:  51.47, T l:  0.2700 | Val e:  49.52 , Val l: 0.3123 | Test e:  48.56 
| Epoch    3 | Train e:  56.09, T l:  0.2540 | Val e:  55.71 , Val l: 0.3181 | Test e:  54.71 
| Epoch    4 | Train e:  59.20, T l:  0.2490 | Val e:  57.85 , Val l: 0.3204 | Test e:  56.41 
| Epoch    5 | Train e:  60.10, T l:  0.2464 | Val e:  57.62 , Val l: 0.3246 | Test e:  57.56 
| Epoch    6 | Train e:  61.15, T l:  0.2455 | Val e:  57.90 , Val l: 0.3259 | Test e:  57.24 
| Epoch    7 | Train e:  57.60, T l:  0.2447 | Val e:  60.49 , Val l: 0.3186 | Test e:  58.35 
| Epoch    8 | Train e:  63.26, T l:  0.2391 | Val e:  63.77 , Val l: 0.3040 | Test e:  63.47 
| Epoch    9 | Train e:  64.16, T l:  0.2345 | Val e:  62.06 , Val l: 0.3023 | Test e:  63.62 
| Epoch   10 | Train e:  66.06, T l:  0.2328 | Val e:  63.12 , Val l: 0.2950 | Test e:  65.07 
| Epoch   11 | Train e:  69.25, T l:  0.2291 | Val e:  63.95 , Val l: 0.3005 | Test e:  65.58 
| Epoch   12 | Train e:  73.08, T l:  0.2253 | Val e:  67.55 , Val l: 0.3027 | Test e:  66.43 
| Epoch   13 | Train e:  73.70, T l:  0.2220 | Val e:  70.62 , Val l: 0.3281 | Test e:  68.25 
| Epoch   14 | Train e:  73.01, T l:  0.2196 | Val e:  68.83 , Val l: 0.3097 | Test e:  66.21 
| Epoch   15 | Train e:  74.49, T l:  0.2164 | Val e:  71.48 , Val l: 0.3140 | Test e:  66.59 
| Epoch   16 | Train e:  74.70, T l:  0.2115 | Val e:  74.27 , Val l: 0.3168 | Test e:  69.74 
| Epoch   17 | Train e:  75.83, T l:  0.2113 | Val e:  73.59 , Val l: 0.2822 | Test e:  70.11 
| Epoch   18 | Train e:  76.53, T l:  0.2073 | Val e:  73.56 , Val l: 0.2968 | Test e:  70.04 
| Epoch   19 | Train e:  75.64, T l:  0.2081 | Val e:  72.56 , Val l: 0.3455 | Test e:  67.93 
| Epoch   20 | Train e:  77.44, T l:  0.2064 | Val e:  74.86 , Val l: 0.2664 | Test e:  71.35 
| Epoch   21 | Train e:  77.96, T l:  0.2042 | Val e:  74.06 , Val l: 0.2721 | Test e:  70.58 
| Epoch   22 | Train e:  77.91, T l:  0.2012 | Val e:  74.41 , Val l: 0.2645 | Test e:  71.52 
| Epoch   23 | Train e:  78.87, T l:  0.2017 | Val e:  75.77 , Val l: 0.2640 | Test e:  71.72 
| Epoch   24 | Train e:  78.94, T l:  0.2027 | Val e:  74.71 , Val l: 0.3009 | Test e:  70.08 
| Epoch   25 | Train e:  79.26, T l:  0.2002 | Val e:  75.84 , Val l: 0.2598 | Test e:  71.79 
| Epoch   26 | Train e:  78.74, T l:  0.2033 | Val e:  76.23 , Val l: 0.2605 | Test e:  72.20 
| Epoch   27 | Train e:  78.64, T l:  0.1989 | Val e:  75.44 , Val l: 0.2697 | Test e:  70.98 
| Epoch   28 | Train e:  79.66, T l:  0.1988 | Val e:  76.96 , Val l: 0.2588 | Test e:  73.89 
| Epoch   29 | Train e:  78.76, T l:  0.2003 | Val e:  73.98 , Val l: 0.2754 | Test e:  69.48 
| Epoch   30 | Train e:  78.53, T l:  0.1962 | Val e:  76.57 , Val l: 0.2736 | Test e:  71.38 
| Epoch   31 | Train e:  80.11, T l:  0.1969 | Val e:  76.52 , Val l: 0.2643 | Test e:  73.25 
| Epoch   32 | Train e:  79.18, T l:  0.1984 | Val e:  74.41 , Val l: 0.2679 | Test e:  70.42 
| Epoch   33 | Train e:  79.56, T l:  0.2040 | Val e:  75.23 , Val l: 0.2685 | Test e:  71.41 
| Epoch   34 | Train e:  79.79, T l:  0.2015 | Val e:  76.60 , Val l: 0.2589 | Test e:  72.55 
| Epoch   35 | Train e:  80.14, T l:  0.1996 | Val e:  75.98 , Val l: 0.2599 | Test e:  72.82 
| Epoch   36 | Train e:  80.35, T l:  0.1936 | Val e:  76.64 , Val l: 0.2573 | Test e:  73.60 
| Epoch   37 | Train e:  80.75, T l:  0.1941 | Val e:  76.43 , Val l: 0.2607 | Test e:  72.41 
| Epoch   38 | Train e:  80.59, T l:  0.1926 | Val e:  76.88 , Val l: 0.2545 | Test e:  74.03 
| Epoch   39 | Train e:  81.35, T l:  0.1918 | Val e:  76.49 , Val l: 0.2594 | Test e:  74.69 
| Epoch   40 | Train e:  81.28, T l:  0.1919 | Val e:  76.63 , Val l: 0.2743 | Test e:  73.83 
| Epoch   41 | Train e:  78.44, T l:  0.1971 | Val e:  73.25 , Val l: 0.2768 | Test e:  70.76 
| Epoch   42 | Train e:  81.12, T l:  0.1947 | Val e:  76.75 , Val l: 0.2648 | Test e:  73.04 
| Epoch   43 | Train e:  80.00, T l:  0.1918 | Val e:  72.37 , Val l: 0.2714 | Test e:  71.67 
| Epoch   44 | Train e:  82.33, T l:  0.1915 | Val e:  76.44 , Val l: 0.2591 | Test e:  74.48 
| Epoch   45 | Train e:  82.30, T l:  0.1887 | Val e:  77.54 , Val l: 0.2528 | Test e:  74.53 
| Epoch   46 | Train e:  81.57, T l:  0.1900 | Val e:  76.12 , Val l: 0.2589 | Test e:  73.85 
| Epoch   47 | Train e:  82.47, T l:  0.1881 | Val e:  77.23 , Val l: 0.2650 | Test e:  74.12 
| Epoch   48 | Train e:  82.96, T l:  0.1884 | Val e:  77.45 , Val l: 0.2588 | Test e:  75.05 
| Epoch   49 | Train e:  82.90, T l:  0.1872 | Val e:  76.80 , Val l: 0.2625 | Test e:  73.82 
| Epoch   50 | Train e:  83.06, T l:  0.1860 | Val e:  76.55 , Val l: 0.2579 | Test e:  73.14 
| Epoch   51 | Train e:  83.05, T l:  0.1874 | Val e:  77.23 , Val l: 0.2580 | Test e:  74.11 
| Epoch   52 | Train e:  83.48, T l:  0.1865 | Val e:  77.02 , Val l: 0.2601 | Test e:  75.13 
| Epoch   53 | Train e:  83.42, T l:  0.1855 | Val e:  77.17 , Val l: 0.2576 | Test e:  74.67 
| Epoch   54 | Train e:  83.49, T l:  0.1840 | Val e:  76.65 , Val l: 0.2620 | Test e:  74.90 
| Epoch   55 | Train e:  83.64, T l:  0.1842 | Val e:  76.62 , Val l: 0.2633 | Test e:  74.27 
| Epoch   56 | Train e:  82.98, T l:  0.1853 | Val e:  76.08 , Val l: 0.2764 | Test e:  74.09 
| Epoch   57 | Train e:  82.77, T l:  0.1856 | Val e:  76.91 , Val l: 0.2551 | Test e:  74.84 
| Epoch   58 | Train e:  84.15, T l:  0.1828 | Val e:  77.40 , Val l: 0.2595 | Test e:  75.23 
| Epoch   59 | Train e:  83.94, T l:  0.1830 | Val e:  77.16 , Val l: 0.2583 | Test e:  75.39 
| Epoch   60 | Train e:  82.53, T l:  0.1856 | Val e:  76.25 , Val l: 0.2739 | Test e:  73.86 
| Epoch   61 | Train e:  83.68, T l:  0.1847 | Val e:  76.05 , Val l: 0.2610 | Test e:  73.86 
| Epoch   62 | Train e:  83.23, T l:  0.1829 | Val e:  77.24 , Val l: 0.2571 | Test e:  74.70 
| Epoch   63 | Train e:  84.32, T l:  0.1836 | Val e:  77.82 , Val l: 0.2538 | Test e:  74.97 
| Epoch   64 | Train e:  84.25, T l:  0.1824 | Val e:  77.69 , Val l: 0.2569 | Test e:  75.53 
| Epoch   65 | Train e:  84.46, T l:  0.1802 | Val e:  77.58 , Val l: 0.2532 | Test e:  76.17 
| Epoch   66 | Train e:  84.19, T l:  0.1799 | Val e:  76.96 , Val l: 0.2603 | Test e:  74.12 
| Epoch   67 | Train e:  84.79, T l:  0.1809 | Val e:  77.44 , Val l: 0.2582 | Test e:  76.26 
| Epoch   68 | Train e:  84.84, T l:  0.1804 | Val e:  78.56 , Val l: 0.2496 | Test e:  75.75 
| Epoch   69 | Train e:  84.91, T l:  0.1791 | Val e:  77.12 , Val l: 0.2633 | Test e:  75.58 
| Epoch   70 | Train e:  83.39, T l:  0.1837 | Val e:  73.20 , Val l: 0.2665 | Test e:  72.92 
| Epoch   71 | Train e:  84.65, T l:  0.1857 | Val e:  77.39 , Val l: 0.2516 | Test e:  76.38 
| Epoch   72 | Train e:  84.84, T l:  0.1796 | Val e:  76.93 , Val l: 0.2526 | Test e:  74.93 
| Epoch   73 | Train e:  85.38, T l:  0.1774 | Val e:  78.31 , Val l: 0.2561 | Test e:  75.79 
| Epoch   74 | Train e:  85.48, T l:  0.1778 | Val e:  78.68 , Val l: 0.2596 | Test e:  76.19 
| Epoch   75 | Train e:  84.99, T l:  0.1781 | Val e:  77.18 , Val l: 0.2547 | Test e:  74.46 
| Epoch   76 | Train e:  85.54, T l:  0.1777 | Val e:  78.39 , Val l: 0.2513 | Test e:  75.49 
| Epoch   77 | Train e:  85.17, T l:  0.1775 | Val e:  77.20 , Val l: 0.2711 | Test e:  74.62 
| Epoch   78 | Train e:  85.62, T l:  0.1772 | Val e:  78.90 , Val l: 0.2521 | Test e:  76.48 
| Epoch   79 | Train e:  84.94, T l:  0.1768 | Val e:  76.65 , Val l: 0.2598 | Test e:  74.84 
| Epoch   80 | Train e:  85.32, T l:  0.1785 | Val e:  78.26 , Val l: 0.2540 | Test e:  75.74 
| Epoch   81 | Train e:  85.76, T l:  0.1743 | Val e:  77.54 , Val l: 0.2569 | Test e:  75.50 
| Epoch   82 | Train e:  84.77, T l:  0.1758 | Val e:  76.71 , Val l: 0.2624 | Test e:  73.89 
| Epoch   83 | Train e:  85.77, T l:  0.1768 | Val e:  78.04 , Val l: 0.2537 | Test e:  75.03 
| Epoch   84 | Train e:  85.56, T l:  0.1757 | Val e:  78.32 , Val l: 0.2533 | Test e:  75.27 
| Epoch   85 | Train e:  85.83, T l:  0.1761 | Val e:  78.68 , Val l: 0.2515 | Test e:  76.04 
| Epoch   86 | Train e:  85.17, T l:  0.1745 | Val e:  77.64 , Val l: 0.2580 | Test e:  74.81 
| Epoch   87 | Train e:  86.12, T l:  0.1762 | Val e:  77.96 , Val l: 0.2524 | Test e:  75.62 
| Epoch   88 | Train e:  86.17, T l:  0.1738 | Val e:  77.25 , Val l: 0.2592 | Test e:  74.62 
| Epoch   89 | Train e:  86.52, T l:  0.1723 | Val e:  78.64 , Val l: 0.2525 | Test e:  76.49 
| Epoch   90 | Train e:  86.14, T l:  0.1727 | Val e:  78.14 , Val l: 0.2622 | Test e:  74.92 
| Epoch   91 | Train e:  86.34, T l:  0.1718 | Val e:  78.21 , Val l: 0.2542 | Test e:  75.37 
| Epoch   92 | Train e:  86.31, T l:  0.1725 | Val e:  78.19 , Val l: 0.2610 | Test e:  75.35 
| Epoch   93 | Train e:  86.20, T l:  0.1743 | Val e:  78.33 , Val l: 0.2519 | Test e:  76.28 
| Epoch   94 | Train e:  86.54, T l:  0.1711 | Val e:  78.82 , Val l: 0.2520 | Test e:  76.01 
| Epoch   95 | Train e:  86.25, T l:  0.1714 | Val e:  77.32 , Val l: 0.2616 | Test e:  75.30 
| Epoch   96 | Train e:  87.06, T l:  0.1713 | Val e:  78.68 , Val l: 0.2517 | Test e:  76.46 
| Epoch   97 | Train e:  86.86, T l:  0.1717 | Val e:  79.75 , Val l: 0.2458 | Test e:  76.10 
| Epoch   98 | Train e:  86.76, T l:  0.1709 | Val e:  78.76 , Val l: 0.2500 | Test e:  75.92 
| Epoch   99 | Train e:  87.11, T l:  0.1700 | Val e:  78.78 , Val l: 0.2536 | Test e:  75.86 
| Epoch  100 | Train e:  86.96, T l:  0.1692 | Val e:  78.71 , Val l: 0.2495 | Test e:  76.12 
| Epoch  101 | Train e:  87.05, T l:  0.1719 | Val e:  78.86 , Val l: 0.2493 | Test e:  76.58 
| Epoch  102 | Train e:  87.09, T l:  0.1696 | Val e:  79.34 , Val l: 0.2546 | Test e:  75.87 
| Epoch  103 | Train e:  86.71, T l:  0.1686 | Val e:  77.87 , Val l: 0.2613 | Test e:  75.09 
| Epoch  104 | Train e:  86.81, T l:  0.1674 | Val e:  77.54 , Val l: 0.2594 | Test e:  75.60 
| Epoch  105 | Train e:  87.38, T l:  0.1682 | Val e:  79.13 , Val l: 0.2525 | Test e:  76.84 
| Epoch  106 | Train e:  87.34, T l:  0.1683 | Val e:  77.98 , Val l: 0.2551 | Test e:  75.81 
| Epoch  107 | Train e:  87.34, T l:  0.1671 | Val e:  78.83 , Val l: 0.2500 | Test e:  76.13 
| Epoch  108 | Train e:  87.41, T l:  0.1676 | Val e:  79.43 , Val l: 0.2526 | Test e:  76.37 
| Epoch  109 | Train e:  87.64, T l:  0.1662 | Val e:  79.18 , Val l: 0.2524 | Test e:  76.41 
| Epoch  110 | Train e:  87.45, T l:  0.1667 | Val e:  79.26 , Val l: 0.2624 | Test e:  76.09 
| Epoch  111 | Train e:  87.65, T l:  0.1648 | Val e:  78.75 , Val l: 0.2520 | Test e:  75.77 
| Epoch  112 | Train e:  87.69, T l:  0.1652 | Val e:  79.61 , Val l: 0.2490 | Test e:  76.48 
| Epoch  113 | Train e:  87.80, T l:  0.1645 | Val e:  79.10 , Val l: 0.2481 | Test e:  76.77 
| Epoch  114 | Train e:  87.91, T l:  0.1657 | Val e:  78.74 , Val l: 0.2559 | Test e:  76.60 
| Epoch  115 | Train e:  87.86, T l:  0.1628 | Val e:  78.97 , Val l: 0.2505 | Test e:  75.97 
| Epoch  116 | Train e:  87.85, T l:  0.1644 | Val e:  78.15 , Val l: 0.2600 | Test e:  75.07 
| Epoch  117 | Train e:  88.00, T l:  0.1636 | Val e:  78.25 , Val l: 0.2544 | Test e:  76.68 
| Epoch  118 | Train e:  87.82, T l:  0.1650 | Val e:  78.61 , Val l: 0.2561 | Test e:  76.91 
| Epoch  119 | Train e:  87.81, T l:  0.1671 | Val e:  78.54 , Val l: 0.2530 | Test e:  76.05 
| Epoch  120 | Train e:  88.04, T l:  0.1644 | Val e:  79.35 , Val l: 0.2574 | Test e:  77.18 
| Epoch  121 | Train e:  88.14, T l:  0.1607 | Val e:  78.89 , Val l: 0.2535 | Test e:  76.67 
| Epoch  122 | Train e:  87.97, T l:  0.1616 | Val e:  78.64 , Val l: 0.2526 | Test e:  76.53 
| Epoch  123 | Train e:  88.19, T l:  0.1618 | Val e:  79.02 , Val l: 0.2564 | Test e:  76.69 
| Epoch  124 | Train e:  88.35, T l:  0.1609 | Val e:  78.55 , Val l: 0.2557 | Test e:  76.45 
| Epoch  125 | Train e:  88.23, T l:  0.1603 | Val e:  78.63 , Val l: 0.2591 | Test e:  77.19 
| Epoch  126 | Train e:  88.36, T l:  0.1617 | Val e:  78.30 , Val l: 0.2529 | Test e:  76.73 
| Epoch  127 | Train e:  88.51, T l:  0.1594 | Val e:  78.89 , Val l: 0.2583 | Test e:  76.41 
| Epoch  128 | Train e:  88.52, T l:  0.1615 | Val e:  79.47 , Val l: 0.2590 | Test e:  77.01 
| Epoch  129 | Train e:  88.56, T l:  0.1596 | Val e:  78.68 , Val l: 0.2547 | Test e:  77.15 
| Epoch  130 | Train e:  88.46, T l:  0.1591 | Val e:  79.02 , Val l: 0.2542 | Test e:  76.98 
| Epoch  131 | Train e:  88.78, T l:  0.1588 | Val e:  78.58 , Val l: 0.2590 | Test e:  77.28 
| Epoch  132 | Train e:  88.58, T l:  0.1589 | Val e:  78.66 , Val l: 0.2595 | Test e:  76.78 
| Epoch  133 | Train e:  88.43, T l:  0.1587 | Val e:  77.42 , Val l: 0.2594 | Test e:  76.08 
| Epoch  134 | Train e:  88.63, T l:  0.1579 | Val e:  78.48 , Val l: 0.2564 | Test e:  77.09 
| Epoch  135 | Train e:  88.93, T l:  0.1565 | Val e:  78.72 , Val l: 0.2570 | Test e:  77.55 
| Epoch  136 | Train e:  88.63, T l:  0.1583 | Val e:  78.87 , Val l: 0.2573 | Test e:  77.41 
| Epoch  137 | Train e:  88.45, T l:  0.1574 | Val e:  79.09 , Val l: 0.2534 | Test e:  78.21 
| Epoch  138 | Train e:  88.75, T l:  0.1571 | Val e:  78.25 , Val l: 0.2585 | Test e:  76.70 
| Epoch  139 | Train e:  88.73, T l:  0.1566 | Val e:  78.80 , Val l: 0.2618 | Test e:  76.33 
| Epoch  140 | Train e:  88.87, T l:  0.1577 | Val e:  79.12 , Val l: 0.2551 | Test e:  77.44 
| Epoch  141 | Train e:  88.59, T l:  0.1582 | Val e:  77.32 , Val l: 0.2655 | Test e:  75.58 
| Epoch  142 | Train e:  88.74, T l:  0.1564 | Val e:  78.10 , Val l: 0.2585 | Test e:  75.46 
| Epoch  143 | Train e:  88.87, T l:  0.1558 | Val e:  78.27 , Val l: 0.2558 | Test e:  76.69 
| Epoch  144 | Train e:  89.06, T l:  0.1559 | Val e:  78.37 , Val l: 0.2608 | Test e:  77.22 
| Epoch  145 | Train e:  89.01, T l:  0.1557 | Val e:  78.67 , Val l: 0.2596 | Test e:  77.44 
| Epoch  146 | Train e:  88.85, T l:  0.1557 | Val e:  78.59 , Val l: 0.2638 | Test e:  76.71 
| Epoch  147 | Train e:  89.11, T l:  0.1556 | Val e:  78.65 , Val l: 0.2581 | Test e:  77.25 
| Epoch  148 | Train e:  89.25, T l:  0.1558 | Val e:  78.84 , Val l: 0.2586 | Test e:  77.07 
| Epoch  149 | Train e:  89.10, T l:  0.1558 | Val e:  78.68 , Val l: 0.2574 | Test e:  76.75 
| Epoch  150 | Train e:  88.97, T l:  0.1544 | Val e:  78.64 , Val l: 0.2559 | Test e:  76.49 
| Epoch  151 | Train e:  89.32, T l:  0.1537 | Val e:  78.89 , Val l: 0.2620 | Test e:  76.56 
| Epoch  152 | Train e:  89.38, T l:  0.1529 | Val e:  78.69 , Val l: 0.2561 | Test e:  77.57 
| Epoch  153 | Train e:  89.34, T l:  0.1531 | Val e:  78.06 , Val l: 0.2618 | Test e:  76.83 
| Epoch  154 | Train e:  89.41, T l:  0.1523 | Val e:  79.04 , Val l: 0.2547 | Test e:  77.09 
| Epoch  155 | Train e:  89.49, T l:  0.1521 | Val e:  78.84 , Val l: 0.2633 | Test e:  77.25 
| Epoch  156 | Train e:  89.44, T l:  0.1530 | Val e:  78.78 , Val l: 0.2550 | Test e:  77.11 
| Epoch  157 | Train e:  89.33, T l:  0.1528 | Val e:  79.09 , Val l: 0.2592 | Test e:  76.82 
| Epoch  158 | Train e:  89.54, T l:  0.1522 | Val e:  78.62 , Val l: 0.2589 | Test e:  77.29 
| Epoch  159 | Train e:  89.32, T l:  0.1541 | Val e:  78.44 , Val l: 0.2567 | Test e:  76.89 
| Epoch  160 | Train e:  89.58, T l:  0.1531 | Val e:  78.48 , Val l: 0.2627 | Test e:  77.30 
| Epoch  161 | Train e:  89.49, T l:  0.1515 | Val e:  78.10 , Val l: 0.2641 | Test e:  77.13 
| Epoch  162 | Train e:  89.51, T l:  0.1526 | Val e:  78.32 , Val l: 0.2580 | Test e:  76.81 
| Epoch  163 | Train e:  89.63, T l:  0.1528 | Val e:  78.88 , Val l: 0.2603 | Test e:  76.43 
| Epoch  164 | Train e:  89.61, T l:  0.1530 | Val e:  79.01 , Val l: 0.2576 | Test e:  76.85 
| Epoch  165 | Train e:  89.72, T l:  0.1503 | Val e:  78.62 , Val l: 0.2631 | Test e:  77.29 
| Epoch  166 | Train e:  89.72, T l:  0.1529 | Val e:  78.63 , Val l: 0.2584 | Test e:  77.38 
| Epoch  167 | Train e:  89.66, T l:  0.1519 | Val e:  78.83 , Val l: 0.2618 | Test e:  76.93 
| Epoch  168 | Train e:  89.72, T l:  0.1517 | Val e:  78.55 , Val l: 0.2614 | Test e:  76.81 
| Epoch  169 | Train e:  89.71, T l:  0.1502 | Val e:  78.44 , Val l: 0.2631 | Test e:  77.26 
| Epoch  170 | Train e:  89.75, T l:  0.1505 | Val e:  78.25 , Val l: 0.2610 | Test e:  76.63 
| Epoch  171 | Train e:  89.77, T l:  0.1506 | Val e:  78.56 , Val l: 0.2608 | Test e:  76.99 
| Epoch  172 | Train e:  89.75, T l:  0.1508 | Val e:  78.35 , Val l: 0.2629 | Test e:  76.32 
| Epoch  173 | Train e:  89.75, T l:  0.1511 | Val e:  78.47 , Val l: 0.2595 | Test e:  75.99 
| Epoch  174 | Train e:  89.76, T l:  0.1502 | Val e:  78.24 , Val l: 0.2634 | Test e:  76.50 
| Epoch  175 | Train e:  89.88, T l:  0.1500 | Val e:  78.61 , Val l: 0.2618 | Test e:  76.74 
| Epoch  176 | Train e:  89.93, T l:  0.1504 | Val e:  78.57 , Val l: 0.2624 | Test e:  76.41 
| Epoch  177 | Train e:  89.97, T l:  0.1488 | Val e:  78.73 , Val l: 0.2613 | Test e:  76.64 
| Epoch  178 | Train e:  89.89, T l:  0.1494 | Val e:  78.19 , Val l: 0.2660 | Test e:  76.32 
| Epoch  179 | Train e:  89.94, T l:  0.1496 | Val e:  78.35 , Val l: 0.2625 | Test e:  76.82 
| Epoch  180 | Train e:  89.89, T l:  0.1503 | Val e:  78.58 , Val l: 0.2625 | Test e:  76.80 
| Epoch  181 | Train e:  89.96, T l:  0.1496 | Val e:  78.65 , Val l: 0.2616 | Test e:  76.60 
| Epoch  182 | Train e:  89.87, T l:  0.1490 | Val e:  78.46 , Val l: 0.2614 | Test e:  76.56 
| Epoch  183 | Train e:  89.92, T l:  0.1481 | Val e:  78.49 , Val l: 0.2623 | Test e:  76.31 
| Epoch  184 | Train e:  89.98, T l:  0.1490 | Val e:  78.75 , Val l: 0.2608 | Test e:  76.34 
| Epoch  185 | Train e:  89.99, T l:  0.1476 | Val e:  78.41 , Val l: 0.2632 | Test e:  76.38 
| Epoch  186 | Train e:  90.01, T l:  0.1490 | Val e:  78.81 , Val l: 0.2618 | Test e:  76.69 
| Epoch  187 | Train e:  89.94, T l:  0.1484 | Val e:  78.44 , Val l: 0.2633 | Test e:  76.53 
| Epoch  188 | Train e:  90.03, T l:  0.1489 | Val e:  78.60 , Val l: 0.2632 | Test e:  76.68 
| Epoch  189 | Train e:  90.00, T l:  0.1481 | Val e:  78.27 , Val l: 0.2648 | Test e:  76.57 
| Epoch  190 | Train e:  90.03, T l:  0.1483 | Val e:  78.11 , Val l: 0.2658 | Test e:  76.35 
| Epoch  191 | Train e:  90.02, T l:  0.1473 | Val e:  78.04 , Val l: 0.2661 | Test e:  76.53 
| Epoch  192 | Train e:  89.99, T l:  0.1482 | Val e:  78.18 , Val l: 0.2647 | Test e:  76.50 
| Epoch  193 | Train e:  90.04, T l:  0.1475 | Val e:  78.25 , Val l: 0.2652 | Test e:  76.59 
| Epoch  194 | Train e:  90.07, T l:  0.1474 | Val e:  78.21 , Val l: 0.2649 | Test e:  76.60 
| Epoch  195 | Train e:  90.08, T l:  0.1479 | Val e:  78.00 , Val l: 0.2654 | Test e:  76.50 
| Epoch  196 | Train e:  90.06, T l:  0.1469 | Val e:  78.21 , Val l: 0.2648 | Test e:  76.52 
| Epoch  197 | Train e:  90.06, T l:  0.1478 | Val e:  78.20 , Val l: 0.2650 | Test e:  76.51 
| Epoch  198 | Train e:  90.07, T l:  0.1475 | Val e:  78.22 , Val l: 0.2650 | Test e:  76.60 
| Epoch  199 | Train e:  90.07, T l:  0.1470 | Val e:  78.24 , Val l: 0.2649 | Test e:  76.63 
