

===============================================
2022-12-19 05:51:22

main_gnnt.py --readout cls --gconv-dim 256 --tlayer-dim 256 --num-heads 8 --no-clustering --masked-attention --batch-size 32 --epochs 200 --warmup 20 --gconv-dropout 0.5 --tlayer-dropout 0.5 --seeds 2020 --device 1

None

dataset: ogbg-moltox21
use_val_loss: False
epochs: 200
scheduler: linear
warmup: 20
patience: 25
batch_size: 32
lr: 0.0001
weight_decay: 0.0001
clustering: False
masked_attention: True
gconv_dim: 256
tlayer_dim: 256
gconv_dropout: 0.5
tlayer_dropout: 0.5
num_layers: 4
num_heads: 8
skip_connection: none
readout: cls
seeds: 2020
save_state: False



| Epoch    0 | Train e:  48.12, T l:  0.5587 | Val e:  52.63 , Val l: 0.3353 | Test e:  50.29 
| Epoch    1 | Train e:  45.88, T l:  0.3263 | Val e:  52.20 , Val l: 0.3063 | Test e:  48.43 
| Epoch    2 | Train e:  51.10, T l:  0.2665 | Val e:  54.95 , Val l: 0.3114 | Test e:  51.75 
| Epoch    3 | Train e:  52.74, T l:  0.2522 | Val e:  55.54 , Val l: 0.3169 | Test e:  53.05 
| Epoch    4 | Train e:  56.19, T l:  0.2478 | Val e:  58.16 , Val l: 0.3202 | Test e:  56.76 
| Epoch    5 | Train e:  57.64, T l:  0.2461 | Val e:  59.28 , Val l: 0.3230 | Test e:  58.58 
| Epoch    6 | Train e:  58.64, T l:  0.2460 | Val e:  59.18 , Val l: 0.3204 | Test e:  59.89 
| Epoch    7 | Train e:  58.94, T l:  0.2447 | Val e:  58.90 , Val l: 0.3206 | Test e:  60.21 
| Epoch    8 | Train e:  60.05, T l:  0.2405 | Val e:  60.89 , Val l: 0.3028 | Test e:  61.84 
| Epoch    9 | Train e:  63.26, T l:  0.2351 | Val e:  60.65 , Val l: 0.3044 | Test e:  62.10 
| Epoch   10 | Train e:  63.92, T l:  0.2334 | Val e:  63.24 , Val l: 0.2958 | Test e:  64.13 
| Epoch   11 | Train e:  66.14, T l:  0.2311 | Val e:  62.17 , Val l: 0.3033 | Test e:  64.09 
| Epoch   12 | Train e:  69.61, T l:  0.2297 | Val e:  63.49 , Val l: 0.2992 | Test e:  65.90 
| Epoch   13 | Train e:  71.29, T l:  0.2259 | Val e:  64.80 , Val l: 0.3032 | Test e:  66.33 
| Epoch   14 | Train e:  72.19, T l:  0.2243 | Val e:  65.18 , Val l: 0.2935 | Test e:  66.48 
| Epoch   15 | Train e:  73.36, T l:  0.2231 | Val e:  65.95 , Val l: 0.2967 | Test e:  66.55 
| Epoch   16 | Train e:  73.48, T l:  0.2231 | Val e:  67.35 , Val l: 0.2895 | Test e:  67.32 
| Epoch   17 | Train e:  74.36, T l:  0.2208 | Val e:  69.17 , Val l: 0.2837 | Test e:  67.84 
| Epoch   18 | Train e:  74.15, T l:  0.2192 | Val e:  68.42 , Val l: 0.2837 | Test e:  68.38 
| Epoch   19 | Train e:  74.48, T l:  0.2188 | Val e:  69.62 , Val l: 0.2850 | Test e:  67.54 
| Epoch   20 | Train e:  74.93, T l:  0.2174 | Val e:  69.21 , Val l: 0.2827 | Test e:  68.76 
| Epoch   21 | Train e:  75.17, T l:  0.2177 | Val e:  69.60 , Val l: 0.2794 | Test e:  68.88 
| Epoch   22 | Train e:  74.34, T l:  0.2163 | Val e:  69.61 , Val l: 0.2868 | Test e:  68.80 
| Epoch   23 | Train e:  74.78, T l:  0.2167 | Val e:  69.25 , Val l: 0.2814 | Test e:  67.99 
| Epoch   24 | Train e:  76.36, T l:  0.2143 | Val e:  70.72 , Val l: 0.2782 | Test e:  69.99 
| Epoch   25 | Train e:  76.66, T l:  0.2128 | Val e:  72.22 , Val l: 0.2774 | Test e:  70.26 
| Epoch   26 | Train e:  77.01, T l:  0.2114 | Val e:  72.94 , Val l: 0.2771 | Test e:  70.84 
| Epoch   27 | Train e:  76.63, T l:  0.2087 | Val e:  72.14 , Val l: 0.2935 | Test e:  70.85 
| Epoch   28 | Train e:  76.84, T l:  0.2071 | Val e:  72.93 , Val l: 0.2899 | Test e:  70.41 
| Epoch   29 | Train e:  78.19, T l:  0.2076 | Val e:  73.98 , Val l: 0.2819 | Test e:  72.28 
| Epoch   30 | Train e:  78.69, T l:  0.2035 | Val e:  74.63 , Val l: 0.2870 | Test e:  72.05 
| Epoch   31 | Train e:  77.88, T l:  0.2037 | Val e:  73.84 , Val l: 0.2753 | Test e:  71.47 
| Epoch   32 | Train e:  78.11, T l:  0.2056 | Val e:  73.95 , Val l: 0.2702 | Test e:  72.06 
| Epoch   33 | Train e:  78.55, T l:  0.2044 | Val e:  74.54 , Val l: 0.2726 | Test e:  71.90 
| Epoch   34 | Train e:  78.37, T l:  0.2014 | Val e:  72.29 , Val l: 0.3034 | Test e:  70.00 
| Epoch   35 | Train e:  77.39, T l:  0.2024 | Val e:  69.93 , Val l: 0.2835 | Test e:  70.58 
| Epoch   36 | Train e:  79.21, T l:  0.1995 | Val e:  75.45 , Val l: 0.2655 | Test e:  71.20 
| Epoch   37 | Train e:  79.48, T l:  0.1986 | Val e:  75.05 , Val l: 0.2755 | Test e:  71.60 
| Epoch   38 | Train e:  79.97, T l:  0.1977 | Val e:  75.89 , Val l: 0.2657 | Test e:  72.93 
| Epoch   39 | Train e:  79.39, T l:  0.1982 | Val e:  75.29 , Val l: 0.2625 | Test e:  72.23 
| Epoch   40 | Train e:  79.95, T l:  0.1988 | Val e:  75.91 , Val l: 0.2608 | Test e:  71.76 
| Epoch   41 | Train e:  80.08, T l:  0.1959 | Val e:  75.67 , Val l: 0.2729 | Test e:  71.22 
| Epoch   42 | Train e:  80.57, T l:  0.1969 | Val e:  74.82 , Val l: 0.2749 | Test e:  70.12 
| Epoch   43 | Train e:  80.51, T l:  0.1948 | Val e:  74.51 , Val l: 0.2679 | Test e:  70.15 
| Epoch   44 | Train e:  81.84, T l:  0.1936 | Val e:  76.27 , Val l: 0.2597 | Test e:  73.71 
| Epoch   45 | Train e:  81.23, T l:  0.1941 | Val e:  75.59 , Val l: 0.2604 | Test e:  72.77 
| Epoch   46 | Train e:  81.02, T l:  0.1940 | Val e:  75.55 , Val l: 0.2779 | Test e:  70.59 
| Epoch   47 | Train e:  80.95, T l:  0.1923 | Val e:  76.47 , Val l: 0.2727 | Test e:  71.33 
| Epoch   48 | Train e:  81.46, T l:  0.1947 | Val e:  75.70 , Val l: 0.2604 | Test e:  72.23 
| Epoch   49 | Train e:  80.92, T l:  0.1922 | Val e:  76.82 , Val l: 0.2651 | Test e:  70.85 
| Epoch   50 | Train e:  82.12, T l:  0.1925 | Val e:  75.98 , Val l: 0.2770 | Test e:  71.18 
| Epoch   51 | Train e:  82.41, T l:  0.1914 | Val e:  76.75 , Val l: 0.2591 | Test e:  72.27 
| Epoch   52 | Train e:  82.32, T l:  0.1910 | Val e:  76.16 , Val l: 0.2618 | Test e:  71.88 
| Epoch   53 | Train e:  82.17, T l:  0.1888 | Val e:  76.04 , Val l: 0.2668 | Test e:  72.90 
| Epoch   54 | Train e:  83.12, T l:  0.1896 | Val e:  76.42 , Val l: 0.2641 | Test e:  71.25 
| Epoch   55 | Train e:  82.85, T l:  0.1882 | Val e:  76.37 , Val l: 0.2579 | Test e:  71.48 
| Epoch   56 | Train e:  83.00, T l:  0.1893 | Val e:  76.45 , Val l: 0.2590 | Test e:  71.48 
| Epoch   57 | Train e:  83.52, T l:  0.1883 | Val e:  76.23 , Val l: 0.2559 | Test e:  73.47 
| Epoch   58 | Train e:  82.75, T l:  0.1895 | Val e:  76.66 , Val l: 0.2825 | Test e:  72.02 
| Epoch   59 | Train e:  83.17, T l:  0.1875 | Val e:  76.33 , Val l: 0.2706 | Test e:  72.50 
| Epoch   60 | Train e:  83.57, T l:  0.1878 | Val e:  76.76 , Val l: 0.2578 | Test e:  72.75 
| Epoch   61 | Train e:  83.29, T l:  0.1865 | Val e:  76.42 , Val l: 0.2563 | Test e:  72.05 
| Epoch   62 | Train e:  83.39, T l:  0.1876 | Val e:  75.90 , Val l: 0.2726 | Test e:  71.44 
| Epoch   63 | Train e:  83.89, T l:  0.1857 | Val e:  76.24 , Val l: 0.2661 | Test e:  72.29 
| Epoch   64 | Train e:  84.11, T l:  0.1864 | Val e:  76.85 , Val l: 0.2697 | Test e:  73.68 
| Epoch   65 | Train e:  83.82, T l:  0.1844 | Val e:  75.87 , Val l: 0.2662 | Test e:  72.87 
| Epoch   66 | Train e:  84.20, T l:  0.1837 | Val e:  77.22 , Val l: 0.2757 | Test e:  72.70 
| Epoch   67 | Train e:  83.01, T l:  0.1827 | Val e:  76.01 , Val l: 0.2628 | Test e:  72.95 
| Epoch   68 | Train e:  84.32, T l:  0.1845 | Val e:  76.87 , Val l: 0.2613 | Test e:  72.80 
| Epoch   69 | Train e:  84.11, T l:  0.1840 | Val e:  75.91 , Val l: 0.2606 | Test e:  73.23 
| Epoch   70 | Train e:  84.36, T l:  0.1820 | Val e:  76.32 , Val l: 0.2591 | Test e:  73.00 
| Epoch   71 | Train e:  84.34, T l:  0.1826 | Val e:  76.48 , Val l: 0.2591 | Test e:  72.26 
| Epoch   72 | Train e:  84.46, T l:  0.1823 | Val e:  77.23 , Val l: 0.2576 | Test e:  72.93 
| Epoch   73 | Train e:  84.40, T l:  0.1815 | Val e:  76.18 , Val l: 0.2640 | Test e:  73.74 
| Epoch   74 | Train e:  84.49, T l:  0.1812 | Val e:  76.84 , Val l: 0.2571 | Test e:  73.32 
| Epoch   75 | Train e:  84.82, T l:  0.1813 | Val e:  78.18 , Val l: 0.2601 | Test e:  72.34 
| Epoch   76 | Train e:  84.63, T l:  0.1798 | Val e:  77.47 , Val l: 0.2587 | Test e:  72.55 
| Epoch   77 | Train e:  85.06, T l:  0.1807 | Val e:  77.00 , Val l: 0.2608 | Test e:  73.84 
| Epoch   78 | Train e:  84.83, T l:  0.1807 | Val e:  77.36 , Val l: 0.2659 | Test e:  72.09 
| Epoch   79 | Train e:  84.25, T l:  0.1795 | Val e:  76.42 , Val l: 0.2703 | Test e:  72.53 
| Epoch   80 | Train e:  84.75, T l:  0.1801 | Val e:  76.37 , Val l: 0.2663 | Test e:  71.34 
| Epoch   81 | Train e:  85.42, T l:  0.1802 | Val e:  77.03 , Val l: 0.2557 | Test e:  74.50 
| Epoch   82 | Train e:  85.46, T l:  0.1793 | Val e:  77.00 , Val l: 0.2576 | Test e:  72.67 
| Epoch   83 | Train e:  84.70, T l:  0.1787 | Val e:  76.87 , Val l: 0.2708 | Test e:  71.78 
| Epoch   84 | Train e:  85.29, T l:  0.1781 | Val e:  75.85 , Val l: 0.2616 | Test e:  72.68 
| Epoch   85 | Train e:  85.55, T l:  0.1769 | Val e:  76.79 , Val l: 0.2584 | Test e:  72.58 
| Epoch   86 | Train e:  85.66, T l:  0.1773 | Val e:  76.72 , Val l: 0.2615 | Test e:  71.70 
| Epoch   87 | Train e:  85.52, T l:  0.1772 | Val e:  76.35 , Val l: 0.2606 | Test e:  72.82 
| Epoch   88 | Train e:  86.14, T l:  0.1767 | Val e:  77.72 , Val l: 0.2553 | Test e:  74.10 
| Epoch   89 | Train e:  85.96, T l:  0.1775 | Val e:  77.33 , Val l: 0.2562 | Test e:  72.82 
| Epoch   90 | Train e:  86.00, T l:  0.1755 | Val e:  76.65 , Val l: 0.2648 | Test e:  73.86 
| Epoch   91 | Train e:  85.19, T l:  0.1771 | Val e:  77.65 , Val l: 0.2548 | Test e:  73.21 
| Epoch   92 | Train e:  85.58, T l:  0.1763 | Val e:  76.73 , Val l: 0.2594 | Test e:  72.96 
| Epoch   93 | Train e:  86.52, T l:  0.1742 | Val e:  78.07 , Val l: 0.2531 | Test e:  74.55 
| Epoch   94 | Train e:  86.06, T l:  0.1740 | Val e:  76.11 , Val l: 0.2590 | Test e:  71.59 
| Epoch   95 | Train e:  86.30, T l:  0.1751 | Val e:  77.12 , Val l: 0.2575 | Test e:  73.58 
| Epoch   96 | Train e:  86.52, T l:  0.1727 | Val e:  77.55 , Val l: 0.2625 | Test e:  72.91 
| Epoch   97 | Train e:  85.00, T l:  0.1779 | Val e:  76.12 , Val l: 0.2624 | Test e:  72.50 
| Epoch   98 | Train e:  86.11, T l:  0.1750 | Val e:  76.83 , Val l: 0.2570 | Test e:  72.26 
| Epoch   99 | Train e:  86.42, T l:  0.1738 | Val e:  77.35 , Val l: 0.2604 | Test e:  73.14 
| Epoch  100 | Train e:  86.67, T l:  0.1727 | Val e:  77.68 , Val l: 0.2570 | Test e:  73.14 
| Epoch  101 | Train e:  86.54, T l:  0.1739 | Val e:  77.08 , Val l: 0.2603 | Test e:  72.39 
| Epoch  102 | Train e:  86.34, T l:  0.1737 | Val e:  77.05 , Val l: 0.2682 | Test e:  72.03 
| Epoch  103 | Train e:  85.87, T l:  0.1710 | Val e:  76.86 , Val l: 0.2574 | Test e:  71.59 
| Epoch  104 | Train e:  86.67, T l:  0.1703 | Val e:  76.98 , Val l: 0.2612 | Test e:  73.21 
| Epoch  105 | Train e:  86.63, T l:  0.1716 | Val e:  77.39 , Val l: 0.2599 | Test e:  73.00 
| Epoch  106 | Train e:  86.61, T l:  0.1706 | Val e:  78.43 , Val l: 0.2569 | Test e:  73.14 
| Epoch  107 | Train e:  86.39, T l:  0.1707 | Val e:  77.75 , Val l: 0.2600 | Test e:  72.84 
| Epoch  108 | Train e:  86.64, T l:  0.1710 | Val e:  77.58 , Val l: 0.2565 | Test e:  72.11 
| Epoch  109 | Train e:  86.95, T l:  0.1693 | Val e:  77.44 , Val l: 0.2586 | Test e:  72.91 
| Epoch  110 | Train e:  87.12, T l:  0.1684 | Val e:  77.59 , Val l: 0.2534 | Test e:  73.38 
| Epoch  111 | Train e:  87.08, T l:  0.1672 | Val e:  77.70 , Val l: 0.2541 | Test e:  72.83 
| Epoch  112 | Train e:  87.09, T l:  0.1672 | Val e:  77.52 , Val l: 0.2572 | Test e:  72.53 
| Epoch  113 | Train e:  86.71, T l:  0.1686 | Val e:  77.68 , Val l: 0.2598 | Test e:  72.86 
| Epoch  114 | Train e:  86.77, T l:  0.1685 | Val e:  77.93 , Val l: 0.2554 | Test e:  72.54 
| Epoch  115 | Train e:  87.24, T l:  0.1678 | Val e:  78.44 , Val l: 0.2562 | Test e:  72.43 
| Epoch  116 | Train e:  87.42, T l:  0.1660 | Val e:  77.87 , Val l: 0.2595 | Test e:  73.41 
| Epoch  117 | Train e:  87.68, T l:  0.1675 | Val e:  78.05 , Val l: 0.2552 | Test e:  74.13 
| Epoch  118 | Train e:  87.31, T l:  0.1667 | Val e:  77.44 , Val l: 0.2607 | Test e:  73.62 
| Epoch  119 | Train e:  87.27, T l:  0.1671 | Val e:  77.39 , Val l: 0.2615 | Test e:  72.93 
| Epoch  120 | Train e:  87.30, T l:  0.1655 | Val e:  77.48 , Val l: 0.2711 | Test e:  73.56 
| Epoch  121 | Train e:  87.54, T l:  0.1661 | Val e:  78.15 , Val l: 0.2582 | Test e:  73.47 
| Epoch  122 | Train e:  87.48, T l:  0.1649 | Val e:  77.84 , Val l: 0.2578 | Test e:  73.78 
| Epoch  123 | Train e:  87.54, T l:  0.1658 | Val e:  77.96 , Val l: 0.2572 | Test e:  73.88 
| Epoch  124 | Train e:  87.55, T l:  0.1654 | Val e:  78.18 , Val l: 0.2586 | Test e:  72.83 
| Epoch  125 | Train e:  87.57, T l:  0.1646 | Val e:  77.25 , Val l: 0.2694 | Test e:  73.94 
| Epoch  126 | Train e:  87.94, T l:  0.1652 | Val e:  78.40 , Val l: 0.2540 | Test e:  73.98 
| Epoch  127 | Train e:  87.71, T l:  0.1635 | Val e:  77.17 , Val l: 0.2612 | Test e:  74.17 
| Epoch  128 | Train e:  87.87, T l:  0.1634 | Val e:  78.29 , Val l: 0.2589 | Test e:  73.53 
| Epoch  129 | Train e:  87.91, T l:  0.1636 | Val e:  77.80 , Val l: 0.2552 | Test e:  74.14 
| Epoch  130 | Train e:  87.65, T l:  0.1646 | Val e:  78.25 , Val l: 0.2554 | Test e:  73.21 
| Epoch  131 | Train e:  87.85, T l:  0.1635 | Val e:  77.87 , Val l: 0.2571 | Test e:  74.15 
| Epoch  132 | Train e:  88.19, T l:  0.1635 | Val e:  78.33 , Val l: 0.2562 | Test e:  74.62 
| Epoch  133 | Train e:  87.66, T l:  0.1630 | Val e:  77.26 , Val l: 0.2710 | Test e:  72.98 
| Epoch  134 | Train e:  87.44, T l:  0.1621 | Val e:  78.42 , Val l: 0.2555 | Test e:  73.46 
| Epoch  135 | Train e:  88.16, T l:  0.1620 | Val e:  79.31 , Val l: 0.2589 | Test e:  74.46 
| Epoch  136 | Train e:  88.30, T l:  0.1616 | Val e:  78.01 , Val l: 0.2590 | Test e:  74.21 
| Epoch  137 | Train e:  88.36, T l:  0.1618 | Val e:  77.69 , Val l: 0.2633 | Test e:  74.86 
| Epoch  138 | Train e:  88.10, T l:  0.1613 | Val e:  77.44 , Val l: 0.2667 | Test e:  74.07 
| Epoch  139 | Train e:  87.99, T l:  0.1619 | Val e:  77.77 , Val l: 0.2604 | Test e:  73.97 
| Epoch  140 | Train e:  88.08, T l:  0.1609 | Val e:  77.38 , Val l: 0.2725 | Test e:  74.34 
| Epoch  141 | Train e:  88.32, T l:  0.1610 | Val e:  77.64 , Val l: 0.2620 | Test e:  75.31 
| Epoch  142 | Train e:  87.91, T l:  0.1608 | Val e:  76.96 , Val l: 0.2698 | Test e:  74.76 
| Epoch  143 | Train e:  88.36, T l:  0.1613 | Val e:  78.29 , Val l: 0.2596 | Test e:  74.49 
| Epoch  144 | Train e:  88.23, T l:  0.1622 | Val e:  78.25 , Val l: 0.2558 | Test e:  74.43 
| Epoch  145 | Train e:  88.46, T l:  0.1595 | Val e:  77.89 , Val l: 0.2610 | Test e:  74.69 
| Epoch  146 | Train e:  88.45, T l:  0.1609 | Val e:  77.96 , Val l: 0.2629 | Test e:  74.59 
| Epoch  147 | Train e:  88.34, T l:  0.1588 | Val e:  78.27 , Val l: 0.2589 | Test e:  73.91 
| Epoch  148 | Train e:  88.23, T l:  0.1592 | Val e:  77.34 , Val l: 0.2715 | Test e:  74.48 
| Epoch  149 | Train e:  88.33, T l:  0.1603 | Val e:  78.15 , Val l: 0.2607 | Test e:  74.76 
| Epoch  150 | Train e:  88.67, T l:  0.1595 | Val e:  78.61 , Val l: 0.2615 | Test e:  74.87 
| Epoch  151 | Train e:  88.51, T l:  0.1595 | Val e:  78.12 , Val l: 0.2612 | Test e:  74.34 
| Epoch  152 | Train e:  88.42, T l:  0.1572 | Val e:  77.92 , Val l: 0.2649 | Test e:  73.78 
| Epoch  153 | Train e:  88.51, T l:  0.1583 | Val e:  77.72 , Val l: 0.2683 | Test e:  74.11 
| Epoch  154 | Train e:  88.70, T l:  0.1581 | Val e:  78.12 , Val l: 0.2567 | Test e:  74.17 
| Epoch  155 | Train e:  88.59, T l:  0.1588 | Val e:  77.77 , Val l: 0.2592 | Test e:  73.95 
| Epoch  156 | Train e:  88.72, T l:  0.1580 | Val e:  77.81 , Val l: 0.2627 | Test e:  74.18 
| Epoch  157 | Train e:  88.68, T l:  0.1577 | Val e:  78.32 , Val l: 0.2631 | Test e:  74.95 
| Epoch  158 | Train e:  88.81, T l:  0.1578 | Val e:  78.21 , Val l: 0.2685 | Test e:  75.05 
| Epoch  159 | Train e:  88.96, T l:  0.1566 | Val e:  78.74 , Val l: 0.2600 | Test e:  74.93 
| Epoch  160 | Train e:  88.58, T l:  0.1564 | Val e:  78.13 , Val l: 0.2664 | Test e:  74.11 
| Epoch  161 | Train e:  88.84, T l:  0.1561 | Val e:  78.36 , Val l: 0.2668 | Test e:  75.08 
| Epoch  162 | Train e:  88.56, T l:  0.1572 | Val e:  77.85 , Val l: 0.2614 | Test e:  74.06 
| Epoch  163 | Train e:  88.77, T l:  0.1575 | Val e:  77.68 , Val l: 0.2599 | Test e:  74.21 
| Epoch  164 | Train e:  88.66, T l:  0.1566 | Val e:  77.48 , Val l: 0.2600 | Test e:  73.89 
| Epoch  165 | Train e:  88.97, T l:  0.1566 | Val e:  78.07 , Val l: 0.2615 | Test e:  74.97 
| Epoch  166 | Train e:  88.92, T l:  0.1561 | Val e:  77.87 , Val l: 0.2607 | Test e:  74.80 
| Epoch  167 | Train e:  88.97, T l:  0.1567 | Val e:  77.95 , Val l: 0.2646 | Test e:  74.89 
| Epoch  168 | Train e:  89.06, T l:  0.1564 | Val e:  78.37 , Val l: 0.2612 | Test e:  74.88 
| Epoch  169 | Train e:  89.00, T l:  0.1556 | Val e:  77.82 , Val l: 0.2602 | Test e:  74.13 
| Epoch  170 | Train e:  89.06, T l:  0.1548 | Val e:  78.20 , Val l: 0.2616 | Test e:  75.00 
| Epoch  171 | Train e:  89.13, T l:  0.1558 | Val e:  78.14 , Val l: 0.2624 | Test e:  74.87 
| Epoch  172 | Train e:  89.12, T l:  0.1548 | Val e:  78.44 , Val l: 0.2615 | Test e:  74.72 
| Epoch  173 | Train e:  88.95, T l:  0.1547 | Val e:  77.65 , Val l: 0.2655 | Test e:  74.08 
| Epoch  174 | Train e:  89.07, T l:  0.1541 | Val e:  77.95 , Val l: 0.2683 | Test e:  74.48 
| Epoch  175 | Train e:  89.01, T l:  0.1534 | Val e:  78.23 , Val l: 0.2671 | Test e:  74.47 
| Epoch  176 | Train e:  88.99, T l:  0.1542 | Val e:  77.53 , Val l: 0.2669 | Test e:  74.40 
| Epoch  177 | Train e:  89.17, T l:  0.1538 | Val e:  77.89 , Val l: 0.2639 | Test e:  74.83 
| Epoch  178 | Train e:  89.16, T l:  0.1542 | Val e:  78.00 , Val l: 0.2645 | Test e:  74.79 
| Epoch  179 | Train e:  89.13, T l:  0.1556 | Val e:  78.29 , Val l: 0.2607 | Test e:  74.62 
| Epoch  180 | Train e:  89.12, T l:  0.1538 | Val e:  77.91 , Val l: 0.2634 | Test e:  74.38 
| Epoch  181 | Train e:  89.26, T l:  0.1528 | Val e:  78.39 , Val l: 0.2669 | Test e:  74.96 
| Epoch  182 | Train e:  89.15, T l:  0.1537 | Val e:  78.37 , Val l: 0.2655 | Test e:  74.48 
| Epoch  183 | Train e:  89.21, T l:  0.1535 | Val e:  78.75 , Val l: 0.2625 | Test e:  74.85 
| Epoch  184 | Train e:  89.08, T l:  0.1532 | Val e:  78.37 , Val l: 0.2653 | Test e:  74.61 
| Epoch  185 | Train e:  89.25, T l:  0.1526 | Val e:  78.57 , Val l: 0.2653 | Test e:  74.86 
| Epoch  186 | Train e:  89.08, T l:  0.1533 | Val e:  78.36 , Val l: 0.2653 | Test e:  74.19 
| Epoch  187 | Train e:  89.29, T l:  0.1530 | Val e:  78.51 , Val l: 0.2635 | Test e:  74.81 
| Epoch  188 | Train e:  89.06, T l:  0.1530 | Val e:  78.20 , Val l: 0.2639 | Test e:  74.57 
| Epoch  189 | Train e:  89.18, T l:  0.1529 | Val e:  78.39 , Val l: 0.2665 | Test e:  74.60 
| Epoch  190 | Train e:  89.17, T l:  0.1527 | Val e:  78.16 , Val l: 0.2648 | Test e:  74.53 
| Epoch  191 | Train e:  89.25, T l:  0.1524 | Val e:  78.07 , Val l: 0.2659 | Test e:  74.77 
| Epoch  192 | Train e:  89.22, T l:  0.1526 | Val e:  78.15 , Val l: 0.2646 | Test e:  74.49 
| Epoch  193 | Train e:  89.24, T l:  0.1519 | Val e:  78.20 , Val l: 0.2642 | Test e:  74.55 
| Epoch  194 | Train e:  89.20, T l:  0.1528 | Val e:  78.10 , Val l: 0.2647 | Test e:  74.43 
| Epoch  195 | Train e:  89.19, T l:  0.1514 | Val e:  78.09 , Val l: 0.2644 | Test e:  74.51 
| Epoch  196 | Train e:  89.25, T l:  0.1517 | Val e:  78.21 , Val l: 0.2629 | Test e:  74.70 
| Epoch  197 | Train e:  89.23, T l:  0.1520 | Val e:  78.09 , Val l: 0.2644 | Test e:  74.53 
| Epoch  198 | Train e:  89.25, T l:  0.1523 | Val e:  78.12 , Val l: 0.2648 | Test e:  74.53 
| Epoch  199 | Train e:  89.24, T l:  0.1527 | Val e:  78.10 , Val l: 0.2652 | Test e:  74.48 
