

===============================================
2022-12-19 07:58:30

main_g.py --readout mean --gconv-dim 256 --tlayer-dim 256 --num-heads 8 --no-clustering --masked-attention --batch-size 32 --epochs 200 --warmup 20 --gconv-dropout 0.5 --tlayer-dropout 0.5 --seeds 314159 --device 1

None

dataset: ogbg-moltox21
use_val_loss: False
epochs: 200
scheduler: linear
warmup: 20
patience: 25
batch_size: 32
lr: 0.0001
weight_decay: 0.0001
clustering: False
masked_attention: True
gconv_dim: 256
tlayer_dim: 256
gconv_dropout: 0.5
tlayer_dropout: 0.5
num_layers: 4
num_heads: 8
skip_connection: none
readout: mean
seeds: 314159
save_state: False



| Epoch    0 | Train e:  51.51, T l:  0.6129 | Val e:  52.48 , Val l: 0.4781 | Test e:  50.84 
| Epoch    1 | Train e:  57.81, T l:  0.4065 | Val e:  55.55 , Val l: 0.3524 | Test e:  56.78 
| Epoch    2 | Train e:  58.95, T l:  0.3066 | Val e:  56.49 , Val l: 0.3153 | Test e:  58.52 
| Epoch    3 | Train e:  57.94, T l:  0.2689 | Val e:  55.08 , Val l: 0.3041 | Test e:  58.23 
| Epoch    4 | Train e:  58.74, T l:  0.2533 | Val e:  56.51 , Val l: 0.3020 | Test e:  59.55 
| Epoch    5 | Train e:  58.76, T l:  0.2468 | Val e:  57.21 , Val l: 0.3023 | Test e:  59.59 
| Epoch    6 | Train e:  59.24, T l:  0.2442 | Val e:  59.94 , Val l: 0.3032 | Test e:  61.79 
| Epoch    7 | Train e:  62.71, T l:  0.2420 | Val e:  62.47 , Val l: 0.2942 | Test e:  63.82 
| Epoch    8 | Train e:  63.19, T l:  0.2357 | Val e:  61.52 , Val l: 0.2908 | Test e:  64.15 
| Epoch    9 | Train e:  64.10, T l:  0.2333 | Val e:  61.80 , Val l: 0.2919 | Test e:  63.88 
| Epoch   10 | Train e:  63.24, T l:  0.2330 | Val e:  60.82 , Val l: 0.2938 | Test e:  63.66 
| Epoch   11 | Train e:  63.36, T l:  0.2302 | Val e:  60.86 , Val l: 0.2920 | Test e:  64.13 
| Epoch   12 | Train e:  66.06, T l:  0.2300 | Val e:  63.88 , Val l: 0.2883 | Test e:  64.08 
| Epoch   13 | Train e:  65.07, T l:  0.2295 | Val e:  63.08 , Val l: 0.2875 | Test e:  64.55 
| Epoch   14 | Train e:  67.72, T l:  0.2274 | Val e:  62.68 , Val l: 0.3003 | Test e:  63.59 
| Epoch   15 | Train e:  70.13, T l:  0.2262 | Val e:  67.40 , Val l: 0.2927 | Test e:  64.27 
| Epoch   16 | Train e:  72.46, T l:  0.2212 | Val e:  71.23 , Val l: 0.2805 | Test e:  66.97 
| Epoch   17 | Train e:  71.37, T l:  0.2152 | Val e:  70.46 , Val l: 0.2834 | Test e:  67.22 
| Epoch   18 | Train e:  73.43, T l:  0.2122 | Val e:  72.25 , Val l: 0.2806 | Test e:  67.21 
| Epoch   19 | Train e:  74.65, T l:  0.2088 | Val e:  72.33 , Val l: 0.2777 | Test e:  66.54 
| Epoch   20 | Train e:  74.76, T l:  0.2090 | Val e:  73.71 , Val l: 0.2635 | Test e:  69.34 
| Epoch   21 | Train e:  75.30, T l:  0.2071 | Val e:  73.64 , Val l: 0.2652 | Test e:  68.99 
| Epoch   22 | Train e:  75.43, T l:  0.2079 | Val e:  73.84 , Val l: 0.2664 | Test e:  69.57 
| Epoch   23 | Train e:  75.47, T l:  0.2083 | Val e:  73.69 , Val l: 0.2719 | Test e:  68.77 
| Epoch   24 | Train e:  75.90, T l:  0.2039 | Val e:  74.36 , Val l: 0.2709 | Test e:  69.23 
| Epoch   25 | Train e:  76.39, T l:  0.2041 | Val e:  72.98 , Val l: 0.2733 | Test e:  69.78 
| Epoch   26 | Train e:  77.00, T l:  0.2030 | Val e:  73.35 , Val l: 0.2721 | Test e:  69.02 
| Epoch   27 | Train e:  76.63, T l:  0.2037 | Val e:  72.87 , Val l: 0.2673 | Test e:  68.97 
| Epoch   28 | Train e:  76.85, T l:  0.2022 | Val e:  73.61 , Val l: 0.2728 | Test e:  70.15 
| Epoch   29 | Train e:  77.86, T l:  0.2017 | Val e:  74.11 , Val l: 0.2664 | Test e:  70.14 
| Epoch   30 | Train e:  77.91, T l:  0.2002 | Val e:  74.47 , Val l: 0.2619 | Test e:  71.41 
| Epoch   31 | Train e:  78.91, T l:  0.2006 | Val e:  75.28 , Val l: 0.2729 | Test e:  70.71 
| Epoch   32 | Train e:  78.30, T l:  0.2011 | Val e:  75.00 , Val l: 0.2683 | Test e:  70.68 
| Epoch   33 | Train e:  78.54, T l:  0.2028 | Val e:  74.36 , Val l: 0.2676 | Test e:  71.30 
| Epoch   34 | Train e:  79.23, T l:  0.2002 | Val e:  74.35 , Val l: 0.2749 | Test e:  70.54 
| Epoch   35 | Train e:  78.94, T l:  0.1997 | Val e:  74.45 , Val l: 0.2663 | Test e:  70.96 
| Epoch   36 | Train e:  79.59, T l:  0.1977 | Val e:  75.12 , Val l: 0.2633 | Test e:  71.24 
| Epoch   37 | Train e:  79.73, T l:  0.1960 | Val e:  75.47 , Val l: 0.2587 | Test e:  71.97 
| Epoch   38 | Train e:  80.19, T l:  0.1973 | Val e:  74.78 , Val l: 0.2644 | Test e:  70.85 
| Epoch   39 | Train e:  80.05, T l:  0.1970 | Val e:  74.60 , Val l: 0.2665 | Test e:  71.40 
| Epoch   40 | Train e:  80.68, T l:  0.1967 | Val e:  75.28 , Val l: 0.2649 | Test e:  71.26 
| Epoch   41 | Train e:  80.21, T l:  0.1958 | Val e:  74.47 , Val l: 0.2640 | Test e:  71.62 
| Epoch   42 | Train e:  80.53, T l:  0.1961 | Val e:  73.91 , Val l: 0.2699 | Test e:  70.95 
| Epoch   43 | Train e:  80.16, T l:  0.1941 | Val e:  74.17 , Val l: 0.2672 | Test e:  70.52 
| Epoch   44 | Train e:  80.93, T l:  0.1942 | Val e:  74.69 , Val l: 0.2635 | Test e:  71.35 
| Epoch   45 | Train e:  80.90, T l:  0.1930 | Val e:  74.65 , Val l: 0.2625 | Test e:  72.02 
| Epoch   46 | Train e:  81.58, T l:  0.1939 | Val e:  74.21 , Val l: 0.2691 | Test e:  71.70 
| Epoch   47 | Train e:  81.43, T l:  0.1912 | Val e:  74.23 , Val l: 0.2680 | Test e:  71.37 
| Epoch   48 | Train e:  81.50, T l:  0.1900 | Val e:  74.96 , Val l: 0.2675 | Test e:  71.55 
| Epoch   49 | Train e:  82.04, T l:  0.1908 | Val e:  73.79 , Val l: 0.2669 | Test e:  71.64 
| Epoch   50 | Train e:  81.07, T l:  0.1912 | Val e:  73.94 , Val l: 0.2648 | Test e:  70.69 
| Epoch   51 | Train e:  82.07, T l:  0.1903 | Val e:  73.66 , Val l: 0.2725 | Test e:  71.38 
| Epoch   52 | Train e:  82.47, T l:  0.1906 | Val e:  74.73 , Val l: 0.2679 | Test e:  72.06 
| Epoch   53 | Train e:  82.60, T l:  0.1887 | Val e:  75.24 , Val l: 0.2644 | Test e:  72.84 
| Epoch   54 | Train e:  82.51, T l:  0.1881 | Val e:  75.23 , Val l: 0.2687 | Test e:  72.11 
| Epoch   55 | Train e:  82.58, T l:  0.1879 | Val e:  75.10 , Val l: 0.2666 | Test e:  72.43 
| Epoch   56 | Train e:  81.98, T l:  0.1873 | Val e:  74.12 , Val l: 0.2695 | Test e:  71.10 
| Epoch   57 | Train e:  83.19, T l:  0.1863 | Val e:  75.54 , Val l: 0.2714 | Test e:  72.26 
| Epoch   58 | Train e:  83.21, T l:  0.1862 | Val e:  75.64 , Val l: 0.2584 | Test e:  72.52 
| Epoch   59 | Train e:  82.88, T l:  0.1864 | Val e:  75.26 , Val l: 0.2676 | Test e:  72.43 
| Epoch   60 | Train e:  83.70, T l:  0.1844 | Val e:  75.84 , Val l: 0.2651 | Test e:  73.31 
| Epoch   61 | Train e:  82.58, T l:  0.1856 | Val e:  75.25 , Val l: 0.2679 | Test e:  71.92 
| Epoch   62 | Train e:  84.07, T l:  0.1842 | Val e:  76.23 , Val l: 0.2650 | Test e:  72.65 
| Epoch   63 | Train e:  83.70, T l:  0.1824 | Val e:  75.82 , Val l: 0.2625 | Test e:  72.40 
| Epoch   64 | Train e:  84.22, T l:  0.1835 | Val e:  76.43 , Val l: 0.2558 | Test e:  72.65 
| Epoch   65 | Train e:  84.59, T l:  0.1823 | Val e:  76.00 , Val l: 0.2586 | Test e:  73.00 
| Epoch   66 | Train e:  84.12, T l:  0.1821 | Val e:  75.89 , Val l: 0.2613 | Test e:  72.56 
| Epoch   67 | Train e:  84.51, T l:  0.1802 | Val e:  75.68 , Val l: 0.2601 | Test e:  72.42 
| Epoch   68 | Train e:  84.54, T l:  0.1796 | Val e:  75.92 , Val l: 0.2657 | Test e:  72.97 
| Epoch   69 | Train e:  84.67, T l:  0.1812 | Val e:  76.13 , Val l: 0.2662 | Test e:  72.51 
| Epoch   70 | Train e:  84.68, T l:  0.1808 | Val e:  75.71 , Val l: 0.2610 | Test e:  72.55 
| Epoch   71 | Train e:  84.70, T l:  0.1794 | Val e:  75.58 , Val l: 0.2655 | Test e:  73.12 
| Epoch   72 | Train e:  84.51, T l:  0.1782 | Val e:  75.24 , Val l: 0.2783 | Test e:  72.24 
| Epoch   73 | Train e:  85.10, T l:  0.1781 | Val e:  75.66 , Val l: 0.2673 | Test e:  72.26 
| Epoch   74 | Train e:  85.11, T l:  0.1793 | Val e:  76.50 , Val l: 0.2619 | Test e:  72.96 
| Epoch   75 | Train e:  85.44, T l:  0.1766 | Val e:  76.55 , Val l: 0.2622 | Test e:  73.44 
| Epoch   76 | Train e:  85.16, T l:  0.1774 | Val e:  76.30 , Val l: 0.2681 | Test e:  72.79 
| Epoch   77 | Train e:  85.58, T l:  0.1752 | Val e:  76.79 , Val l: 0.2583 | Test e:  73.01 
| Epoch   78 | Train e:  85.50, T l:  0.1765 | Val e:  76.90 , Val l: 0.2619 | Test e:  73.12 
| Epoch   79 | Train e:  85.30, T l:  0.1762 | Val e:  75.70 , Val l: 0.2721 | Test e:  73.32 
| Epoch   80 | Train e:  85.86, T l:  0.1747 | Val e:  76.61 , Val l: 0.2654 | Test e:  72.87 
| Epoch   81 | Train e:  85.86, T l:  0.1743 | Val e:  76.05 , Val l: 0.2623 | Test e:  73.06 
| Epoch   82 | Train e:  85.73, T l:  0.1747 | Val e:  76.17 , Val l: 0.2578 | Test e:  73.88 
| Epoch   83 | Train e:  86.11, T l:  0.1734 | Val e:  77.01 , Val l: 0.2596 | Test e:  73.46 
| Epoch   84 | Train e:  86.06, T l:  0.1725 | Val e:  76.01 , Val l: 0.2616 | Test e:  73.90 
| Epoch   85 | Train e:  85.87, T l:  0.1725 | Val e:  75.67 , Val l: 0.2707 | Test e:  72.76 
| Epoch   86 | Train e:  85.93, T l:  0.1739 | Val e:  76.77 , Val l: 0.2642 | Test e:  73.65 
| Epoch   87 | Train e:  86.32, T l:  0.1727 | Val e:  75.94 , Val l: 0.2638 | Test e:  73.02 
| Epoch   88 | Train e:  86.28, T l:  0.1728 | Val e:  76.64 , Val l: 0.2596 | Test e:  73.27 
| Epoch   89 | Train e:  86.05, T l:  0.1719 | Val e:  76.53 , Val l: 0.2650 | Test e:  74.12 
| Epoch   90 | Train e:  86.36, T l:  0.1725 | Val e:  76.57 , Val l: 0.2666 | Test e:  74.02 
| Epoch   91 | Train e:  86.49, T l:  0.1701 | Val e:  76.10 , Val l: 0.2666 | Test e:  73.52 
| Epoch   92 | Train e:  86.27, T l:  0.1713 | Val e:  76.16 , Val l: 0.2616 | Test e:  74.05 
| Epoch   93 | Train e:  86.16, T l:  0.1704 | Val e:  77.13 , Val l: 0.2605 | Test e:  73.45 
| Epoch   94 | Train e:  86.00, T l:  0.1711 | Val e:  76.53 , Val l: 0.2699 | Test e:  73.37 
| Epoch   95 | Train e:  86.77, T l:  0.1700 | Val e:  76.60 , Val l: 0.2598 | Test e:  74.13 
| Epoch   96 | Train e:  86.83, T l:  0.1700 | Val e:  77.04 , Val l: 0.2622 | Test e:  73.93 
| Epoch   97 | Train e:  86.60, T l:  0.1690 | Val e:  76.59 , Val l: 0.2615 | Test e:  74.20 
| Epoch   98 | Train e:  86.82, T l:  0.1696 | Val e:  76.27 , Val l: 0.2668 | Test e:  73.52 
| Epoch   99 | Train e:  86.74, T l:  0.1681 | Val e:  75.95 , Val l: 0.2668 | Test e:  74.42 
| Epoch  100 | Train e:  86.96, T l:  0.1697 | Val e:  76.52 , Val l: 0.2628 | Test e:  73.83 
| Epoch  101 | Train e:  86.75, T l:  0.1670 | Val e:  75.98 , Val l: 0.2668 | Test e:  74.25 
| Epoch  102 | Train e:  86.92, T l:  0.1682 | Val e:  76.79 , Val l: 0.2602 | Test e:  73.51 
| Epoch  103 | Train e:  87.02, T l:  0.1679 | Val e:  76.64 , Val l: 0.2670 | Test e:  73.97 
| Epoch  104 | Train e:  87.07, T l:  0.1672 | Val e:  76.43 , Val l: 0.2617 | Test e:  73.45 
| Epoch  105 | Train e:  87.24, T l:  0.1676 | Val e:  76.88 , Val l: 0.2634 | Test e:  73.81 
| Epoch  106 | Train e:  87.26, T l:  0.1664 | Val e:  76.19 , Val l: 0.2681 | Test e:  74.30 
| Epoch  107 | Train e:  87.29, T l:  0.1680 | Val e:  76.23 , Val l: 0.2689 | Test e:  74.49 
| Epoch  108 | Train e:  87.18, T l:  0.1670 | Val e:  76.07 , Val l: 0.2653 | Test e:  74.03 
| Epoch  109 | Train e:  87.29, T l:  0.1667 | Val e:  75.94 , Val l: 0.2633 | Test e:  74.05 
| Epoch  110 | Train e:  87.51, T l:  0.1658 | Val e:  76.05 , Val l: 0.2618 | Test e:  74.05 
| Epoch  111 | Train e:  87.53, T l:  0.1647 | Val e:  76.71 , Val l: 0.2625 | Test e:  73.99 
| Epoch  112 | Train e:  87.03, T l:  0.1676 | Val e:  76.44 , Val l: 0.2634 | Test e:  74.49 
| Epoch  113 | Train e:  87.02, T l:  0.1655 | Val e:  76.36 , Val l: 0.2633 | Test e:  74.57 
| Epoch  114 | Train e:  87.62, T l:  0.1637 | Val e:  76.41 , Val l: 0.2601 | Test e:  74.14 
| Epoch  115 | Train e:  87.69, T l:  0.1634 | Val e:  76.63 , Val l: 0.2613 | Test e:  74.18 
| Epoch  116 | Train e:  87.62, T l:  0.1640 | Val e:  76.82 , Val l: 0.2640 | Test e:  73.83 
| Epoch  117 | Train e:  87.55, T l:  0.1649 | Val e:  75.86 , Val l: 0.2692 | Test e:  74.12 
| Epoch  118 | Train e:  87.60, T l:  0.1636 | Val e:  76.11 , Val l: 0.2651 | Test e:  74.39 
| Epoch  119 | Train e:  87.69, T l:  0.1637 | Val e:  76.26 , Val l: 0.2635 | Test e:  73.91 
| Epoch  120 | Train e:  87.75, T l:  0.1636 | Val e:  76.51 , Val l: 0.2620 | Test e:  74.68 
| Epoch  121 | Train e:  87.86, T l:  0.1635 | Val e:  76.51 , Val l: 0.2633 | Test e:  74.36 
| Epoch  122 | Train e:  87.61, T l:  0.1624 | Val e:  76.45 , Val l: 0.2643 | Test e:  75.11 
| Epoch  123 | Train e:  87.96, T l:  0.1626 | Val e:  76.35 , Val l: 0.2648 | Test e:  74.31 
| Epoch  124 | Train e:  87.86, T l:  0.1638 | Val e:  76.58 , Val l: 0.2637 | Test e:  74.11 
| Epoch  125 | Train e:  87.83, T l:  0.1614 | Val e:  76.26 , Val l: 0.2636 | Test e:  74.00 
| Epoch  126 | Train e:  87.98, T l:  0.1635 | Val e:  75.69 , Val l: 0.2642 | Test e:  73.94 
| Epoch  127 | Train e:  88.04, T l:  0.1616 | Val e:  76.41 , Val l: 0.2699 | Test e:  74.29 
| Epoch  128 | Train e:  88.02, T l:  0.1622 | Val e:  76.55 , Val l: 0.2602 | Test e:  74.30 
| Epoch  129 | Train e:  88.05, T l:  0.1613 | Val e:  76.64 , Val l: 0.2615 | Test e:  74.50 
| Epoch  130 | Train e:  87.94, T l:  0.1620 | Val e:  76.46 , Val l: 0.2651 | Test e:  74.36 
| Epoch  131 | Train e:  88.13, T l:  0.1612 | Val e:  76.36 , Val l: 0.2641 | Test e:  74.03 
| Epoch  132 | Train e:  88.29, T l:  0.1609 | Val e:  75.90 , Val l: 0.2648 | Test e:  73.93 
| Epoch  133 | Train e:  88.17, T l:  0.1605 | Val e:  75.85 , Val l: 0.2661 | Test e:  74.40 
| Epoch  134 | Train e:  88.26, T l:  0.1610 | Val e:  76.54 , Val l: 0.2634 | Test e:  74.71 
| Epoch  135 | Train e:  88.01, T l:  0.1606 | Val e:  76.11 , Val l: 0.2644 | Test e:  74.57 
| Epoch  136 | Train e:  87.90, T l:  0.1607 | Val e:  76.34 , Val l: 0.2626 | Test e:  74.18 
| Epoch  137 | Train e:  88.30, T l:  0.1594 | Val e:  76.33 , Val l: 0.2652 | Test e:  75.02 
| Epoch  138 | Train e:  88.30, T l:  0.1591 | Val e:  75.95 , Val l: 0.2652 | Test e:  73.88 
| Epoch  139 | Train e:  88.32, T l:  0.1590 | Val e:  76.53 , Val l: 0.2641 | Test e:  74.38 
| Epoch  140 | Train e:  88.39, T l:  0.1586 | Val e:  76.23 , Val l: 0.2647 | Test e:  74.90 
| Epoch  141 | Train e:  88.49, T l:  0.1587 | Val e:  76.52 , Val l: 0.2636 | Test e:  74.37 
| Epoch  142 | Train e:  88.51, T l:  0.1581 | Val e:  75.99 , Val l: 0.2636 | Test e:  74.14 
| Epoch  143 | Train e:  88.31, T l:  0.1592 | Val e:  75.88 , Val l: 0.2634 | Test e:  74.73 
| Epoch  144 | Train e:  88.58, T l:  0.1582 | Val e:  76.07 , Val l: 0.2643 | Test e:  74.36 
| Epoch  145 | Train e:  88.55, T l:  0.1570 | Val e:  76.07 , Val l: 0.2636 | Test e:  74.93 
| Epoch  146 | Train e:  88.65, T l:  0.1584 | Val e:  76.14 , Val l: 0.2632 | Test e:  74.72 
| Epoch  147 | Train e:  88.54, T l:  0.1573 | Val e:  76.05 , Val l: 0.2707 | Test e:  74.11 
| Epoch  148 | Train e:  88.59, T l:  0.1578 | Val e:  76.22 , Val l: 0.2655 | Test e:  74.42 
| Epoch  149 | Train e:  88.69, T l:  0.1574 | Val e:  76.15 , Val l: 0.2651 | Test e:  74.52 
| Epoch  150 | Train e:  88.69, T l:  0.1571 | Val e:  76.26 , Val l: 0.2677 | Test e:  74.59 
| Epoch  151 | Train e:  88.65, T l:  0.1562 | Val e:  75.91 , Val l: 0.2637 | Test e:  74.86 
| Epoch  152 | Train e:  88.81, T l:  0.1565 | Val e:  76.09 , Val l: 0.2659 | Test e:  74.62 
| Epoch  153 | Train e:  88.88, T l:  0.1565 | Val e:  76.20 , Val l: 0.2669 | Test e:  75.02 
| Epoch  154 | Train e:  88.88, T l:  0.1557 | Val e:  76.23 , Val l: 0.2633 | Test e:  74.56 
| Epoch  155 | Train e:  88.91, T l:  0.1571 | Val e:  76.47 , Val l: 0.2624 | Test e:  74.94 
| Epoch  156 | Train e:  88.62, T l:  0.1548 | Val e:  75.69 , Val l: 0.2737 | Test e:  74.46 
| Epoch  157 | Train e:  88.74, T l:  0.1573 | Val e:  76.50 , Val l: 0.2639 | Test e:  74.74 
| Epoch  158 | Train e:  89.03, T l:  0.1559 | Val e:  76.24 , Val l: 0.2621 | Test e:  74.61 
| Epoch  159 | Train e:  88.81, T l:  0.1559 | Val e:  75.67 , Val l: 0.2677 | Test e:  74.42 
| Epoch  160 | Train e:  89.09, T l:  0.1548 | Val e:  76.24 , Val l: 0.2638 | Test e:  74.45 
| Epoch  161 | Train e:  88.94, T l:  0.1561 | Val e:  76.40 , Val l: 0.2661 | Test e:  74.52 
| Epoch  162 | Train e:  88.84, T l:  0.1557 | Val e:  76.66 , Val l: 0.2634 | Test e:  74.41 
| Epoch  163 | Train e:  88.96, T l:  0.1565 | Val e:  75.98 , Val l: 0.2665 | Test e:  74.27 
| Epoch  164 | Train e:  89.04, T l:  0.1559 | Val e:  76.04 , Val l: 0.2667 | Test e:  74.45 
| Epoch  165 | Train e:  89.05, T l:  0.1541 | Val e:  75.87 , Val l: 0.2642 | Test e:  74.71 
| Epoch  166 | Train e:  89.02, T l:  0.1540 | Val e:  75.97 , Val l: 0.2648 | Test e:  74.48 
| Epoch  167 | Train e:  89.13, T l:  0.1547 | Val e:  76.11 , Val l: 0.2665 | Test e:  74.48 
| Epoch  168 | Train e:  89.07, T l:  0.1541 | Val e:  75.37 , Val l: 0.2687 | Test e:  74.36 
| Epoch  169 | Train e:  89.18, T l:  0.1545 | Val e:  75.53 , Val l: 0.2661 | Test e:  74.43 
| Epoch  170 | Train e:  89.19, T l:  0.1542 | Val e:  75.80 , Val l: 0.2655 | Test e:  74.80 
| Epoch  171 | Train e:  89.24, T l:  0.1532 | Val e:  75.97 , Val l: 0.2662 | Test e:  74.66 
| Epoch  172 | Train e:  89.22, T l:  0.1533 | Val e:  76.15 , Val l: 0.2656 | Test e:  74.55 
| Epoch  173 | Train e:  89.23, T l:  0.1534 | Val e:  75.63 , Val l: 0.2696 | Test e:  74.76 
| Epoch  174 | Train e:  89.21, T l:  0.1533 | Val e:  75.87 , Val l: 0.2668 | Test e:  74.48 
| Epoch  175 | Train e:  89.23, T l:  0.1533 | Val e:  75.82 , Val l: 0.2670 | Test e:  74.85 
| Epoch  176 | Train e:  89.32, T l:  0.1532 | Val e:  76.06 , Val l: 0.2652 | Test e:  74.70 
| Epoch  177 | Train e:  89.29, T l:  0.1538 | Val e:  76.04 , Val l: 0.2664 | Test e:  74.77 
| Epoch  178 | Train e:  89.28, T l:  0.1526 | Val e:  76.13 , Val l: 0.2642 | Test e:  74.64 
| Epoch  179 | Train e:  89.37, T l:  0.1526 | Val e:  75.71 , Val l: 0.2661 | Test e:  74.87 
| Epoch  180 | Train e:  89.38, T l:  0.1534 | Val e:  75.75 , Val l: 0.2652 | Test e:  74.66 
| Epoch  181 | Train e:  89.34, T l:  0.1529 | Val e:  75.88 , Val l: 0.2654 | Test e:  74.61 
| Epoch  182 | Train e:  89.39, T l:  0.1517 | Val e:  76.10 , Val l: 0.2662 | Test e:  74.81 
| Epoch  183 | Train e:  89.36, T l:  0.1531 | Val e:  75.68 , Val l: 0.2661 | Test e:  74.52 
| Epoch  184 | Train e:  89.37, T l:  0.1511 | Val e:  75.84 , Val l: 0.2652 | Test e:  74.68 
| Epoch  185 | Train e:  89.38, T l:  0.1521 | Val e:  75.63 , Val l: 0.2659 | Test e:  74.81 
| Epoch  186 | Train e:  89.46, T l:  0.1526 | Val e:  75.92 , Val l: 0.2666 | Test e:  74.82 
| Epoch  187 | Train e:  89.46, T l:  0.1520 | Val e:  75.69 , Val l: 0.2659 | Test e:  74.87 
| Epoch  188 | Train e:  89.46, T l:  0.1509 | Val e:  75.89 , Val l: 0.2655 | Test e:  74.86 
| Epoch  189 | Train e:  89.50, T l:  0.1518 | Val e:  75.81 , Val l: 0.2652 | Test e:  74.91 
| Epoch  190 | Train e:  89.50, T l:  0.1518 | Val e:  75.90 , Val l: 0.2638 | Test e:  74.88 
| Epoch  191 | Train e:  89.49, T l:  0.1510 | Val e:  75.95 , Val l: 0.2649 | Test e:  74.92 
| Epoch  192 | Train e:  89.44, T l:  0.1495 | Val e:  76.00 , Val l: 0.2653 | Test e:  74.71 
| Epoch  193 | Train e:  89.50, T l:  0.1512 | Val e:  75.88 , Val l: 0.2646 | Test e:  74.80 
| Epoch  194 | Train e:  89.51, T l:  0.1512 | Val e:  75.84 , Val l: 0.2650 | Test e:  74.93 
| Epoch  195 | Train e:  89.50, T l:  0.1517 | Val e:  76.03 , Val l: 0.2644 | Test e:  74.88 
| Epoch  196 | Train e:  89.52, T l:  0.1508 | Val e:  76.01 , Val l: 0.2643 | Test e:  74.89 
| Epoch  197 | Train e:  89.51, T l:  0.1509 | Val e:  75.89 , Val l: 0.2645 | Test e:  74.91 
| Epoch  198 | Train e:  89.52, T l:  0.1507 | Val e:  75.92 , Val l: 0.2646 | Test e:  74.94 
| Epoch  199 | Train e:  89.51, T l:  0.1505 | Val e:  75.94 , Val l: 0.2645 | Test e:  74.93 
