

===============================================
2022-12-19 07:56:44

main_g.py --readout mean --gconv-dim 256 --tlayer-dim 256 --num-heads 8 --no-clustering --masked-attention --batch-size 32 --epochs 200 --warmup 20 --gconv-dropout 0.5 --tlayer-dropout 0.5 --seeds 271828 --device 0

None

dataset: ogbg-moltox21
use_val_loss: False
epochs: 200
scheduler: linear
warmup: 20
patience: 25
batch_size: 32
lr: 0.0001
weight_decay: 0.0001
clustering: False
masked_attention: True
gconv_dim: 256
tlayer_dim: 256
gconv_dropout: 0.5
tlayer_dropout: 0.5
num_layers: 4
num_heads: 8
skip_connection: none
readout: mean
seeds: 271828
save_state: False



| Epoch    0 | Train e:  57.87, T l:  0.6557 | Val e:  55.99 , Val l: 0.4898 | Test e:  57.61 
| Epoch    1 | Train e:  53.89, T l:  0.4113 | Val e:  52.69 , Val l: 0.3472 | Test e:  54.05 
| Epoch    2 | Train e:  52.62, T l:  0.3049 | Val e:  51.51 , Val l: 0.3157 | Test e:  52.25 
| Epoch    3 | Train e:  55.04, T l:  0.2707 | Val e:  54.77 , Val l: 0.3051 | Test e:  56.08 
| Epoch    4 | Train e:  57.52, T l:  0.2551 | Val e:  57.15 , Val l: 0.3029 | Test e:  57.67 
| Epoch    5 | Train e:  59.21, T l:  0.2477 | Val e:  58.70 , Val l: 0.3034 | Test e:  59.32 
| Epoch    6 | Train e:  59.05, T l:  0.2444 | Val e:  59.20 , Val l: 0.3040 | Test e:  59.16 
| Epoch    7 | Train e:  59.12, T l:  0.2445 | Val e:  59.59 , Val l: 0.3038 | Test e:  60.76 
| Epoch    8 | Train e:  63.35, T l:  0.2397 | Val e:  62.02 , Val l: 0.2920 | Test e:  64.12 
| Epoch    9 | Train e:  64.39, T l:  0.2347 | Val e:  62.92 , Val l: 0.2900 | Test e:  63.94 
| Epoch   10 | Train e:  63.92, T l:  0.2327 | Val e:  60.81 , Val l: 0.2933 | Test e:  63.70 
| Epoch   11 | Train e:  63.92, T l:  0.2316 | Val e:  61.04 , Val l: 0.2926 | Test e:  63.84 
| Epoch   12 | Train e:  66.16, T l:  0.2299 | Val e:  62.99 , Val l: 0.2895 | Test e:  63.74 
| Epoch   13 | Train e:  67.39, T l:  0.2289 | Val e:  65.70 , Val l: 0.2843 | Test e:  64.88 
| Epoch   14 | Train e:  68.47, T l:  0.2278 | Val e:  66.19 , Val l: 0.2905 | Test e:  62.65 
| Epoch   15 | Train e:  67.67, T l:  0.2266 | Val e:  67.78 , Val l: 0.2831 | Test e:  64.12 
| Epoch   16 | Train e:  67.93, T l:  0.2251 | Val e:  66.03 , Val l: 0.2922 | Test e:  63.39 
| Epoch   17 | Train e:  69.42, T l:  0.2245 | Val e:  68.18 , Val l: 0.2832 | Test e:  65.26 
| Epoch   18 | Train e:  71.88, T l:  0.2231 | Val e:  70.13 , Val l: 0.2793 | Test e:  65.08 
| Epoch   19 | Train e:  72.22, T l:  0.2185 | Val e:  70.93 , Val l: 0.2870 | Test e:  65.52 
| Epoch   20 | Train e:  67.06, T l:  0.2145 | Val e:  65.12 , Val l: 0.2849 | Test e:  61.47 
| Epoch   21 | Train e:  73.67, T l:  0.2176 | Val e:  72.15 , Val l: 0.2769 | Test e:  66.71 
| Epoch   22 | Train e:  74.85, T l:  0.2117 | Val e:  73.03 , Val l: 0.2759 | Test e:  67.04 
| Epoch   23 | Train e:  75.08, T l:  0.2081 | Val e:  73.50 , Val l: 0.2664 | Test e:  67.70 
| Epoch   24 | Train e:  74.95, T l:  0.2070 | Val e:  72.99 , Val l: 0.2756 | Test e:  68.34 
| Epoch   25 | Train e:  75.75, T l:  0.2060 | Val e:  73.26 , Val l: 0.2748 | Test e:  68.05 
| Epoch   26 | Train e:  75.70, T l:  0.2047 | Val e:  74.08 , Val l: 0.2671 | Test e:  68.74 
| Epoch   27 | Train e:  75.15, T l:  0.2035 | Val e:  72.85 , Val l: 0.2668 | Test e:  69.11 
| Epoch   28 | Train e:  76.35, T l:  0.2032 | Val e:  73.99 , Val l: 0.2699 | Test e:  68.80 
| Epoch   29 | Train e:  76.34, T l:  0.2029 | Val e:  74.09 , Val l: 0.2666 | Test e:  69.44 
| Epoch   30 | Train e:  76.38, T l:  0.2022 | Val e:  73.90 , Val l: 0.2674 | Test e:  69.25 
| Epoch   31 | Train e:  77.03, T l:  0.2028 | Val e:  74.17 , Val l: 0.2691 | Test e:  69.82 
| Epoch   32 | Train e:  77.44, T l:  0.2019 | Val e:  74.27 , Val l: 0.2758 | Test e:  70.02 
| Epoch   33 | Train e:  78.42, T l:  0.2008 | Val e:  73.85 , Val l: 0.2702 | Test e:  69.74 
| Epoch   34 | Train e:  77.81, T l:  0.2016 | Val e:  75.22 , Val l: 0.2665 | Test e:  70.63 
| Epoch   35 | Train e:  78.45, T l:  0.1990 | Val e:  74.14 , Val l: 0.2725 | Test e:  69.81 
| Epoch   36 | Train e:  78.83, T l:  0.1988 | Val e:  74.86 , Val l: 0.2656 | Test e:  70.69 
| Epoch   37 | Train e:  79.79, T l:  0.1988 | Val e:  75.12 , Val l: 0.2685 | Test e:  70.88 
| Epoch   38 | Train e:  79.30, T l:  0.1976 | Val e:  75.75 , Val l: 0.2607 | Test e:  70.98 
| Epoch   39 | Train e:  78.66, T l:  0.1972 | Val e:  75.06 , Val l: 0.2637 | Test e:  70.77 
| Epoch   40 | Train e:  79.52, T l:  0.1976 | Val e:  74.73 , Val l: 0.2741 | Test e:  70.83 
| Epoch   41 | Train e:  79.96, T l:  0.1974 | Val e:  75.22 , Val l: 0.2673 | Test e:  71.06 
| Epoch   42 | Train e:  80.73, T l:  0.1952 | Val e:  74.48 , Val l: 0.2694 | Test e:  70.43 
| Epoch   43 | Train e:  79.72, T l:  0.1960 | Val e:  74.39 , Val l: 0.2749 | Test e:  70.68 
| Epoch   44 | Train e:  80.89, T l:  0.1959 | Val e:  75.47 , Val l: 0.2653 | Test e:  71.44 
| Epoch   45 | Train e:  80.77, T l:  0.1950 | Val e:  74.29 , Val l: 0.2668 | Test e:  71.37 
| Epoch   46 | Train e:  80.98, T l:  0.1948 | Val e:  74.36 , Val l: 0.2687 | Test e:  70.44 
| Epoch   47 | Train e:  81.17, T l:  0.1939 | Val e:  75.46 , Val l: 0.2679 | Test e:  71.21 
| Epoch   48 | Train e:  80.17, T l:  0.1929 | Val e:  74.30 , Val l: 0.2817 | Test e:  70.90 
| Epoch   49 | Train e:  81.47, T l:  0.1923 | Val e:  74.94 , Val l: 0.2696 | Test e:  71.11 
| Epoch   50 | Train e:  81.51, T l:  0.1913 | Val e:  74.69 , Val l: 0.2650 | Test e:  70.98 
| Epoch   51 | Train e:  80.33, T l:  0.1933 | Val e:  75.26 , Val l: 0.2627 | Test e:  71.15 
| Epoch   52 | Train e:  80.71, T l:  0.1913 | Val e:  74.48 , Val l: 0.2663 | Test e:  71.30 
| Epoch   53 | Train e:  82.08, T l:  0.1904 | Val e:  74.81 , Val l: 0.2737 | Test e:  71.43 
| Epoch   54 | Train e:  82.13, T l:  0.1901 | Val e:  76.07 , Val l: 0.2613 | Test e:  71.76 
| Epoch   55 | Train e:  82.35, T l:  0.1893 | Val e:  74.88 , Val l: 0.2679 | Test e:  71.70 
| Epoch   56 | Train e:  82.31, T l:  0.1906 | Val e:  75.54 , Val l: 0.2609 | Test e:  72.03 
| Epoch   57 | Train e:  82.90, T l:  0.1884 | Val e:  75.56 , Val l: 0.2599 | Test e:  71.95 
| Epoch   58 | Train e:  82.94, T l:  0.1881 | Val e:  75.12 , Val l: 0.2676 | Test e:  72.16 
| Epoch   59 | Train e:  83.07, T l:  0.1862 | Val e:  75.54 , Val l: 0.2663 | Test e:  71.94 
| Epoch   60 | Train e:  83.11, T l:  0.1836 | Val e:  74.57 , Val l: 0.2688 | Test e:  71.49 
| Epoch   61 | Train e:  82.92, T l:  0.1866 | Val e:  76.02 , Val l: 0.2603 | Test e:  72.23 
| Epoch   62 | Train e:  82.73, T l:  0.1853 | Val e:  75.53 , Val l: 0.2643 | Test e:  72.04 
| Epoch   63 | Train e:  83.13, T l:  0.1847 | Val e:  75.46 , Val l: 0.2652 | Test e:  71.92 
| Epoch   64 | Train e:  83.87, T l:  0.1839 | Val e:  76.30 , Val l: 0.2677 | Test e:  71.62 
| Epoch   65 | Train e:  83.94, T l:  0.1814 | Val e:  75.45 , Val l: 0.2690 | Test e:  72.33 
| Epoch   66 | Train e:  83.59, T l:  0.1838 | Val e:  75.26 , Val l: 0.2651 | Test e:  72.01 
| Epoch   67 | Train e:  84.00, T l:  0.1816 | Val e:  75.27 , Val l: 0.2661 | Test e:  72.20 
| Epoch   68 | Train e:  84.21, T l:  0.1805 | Val e:  74.51 , Val l: 0.2697 | Test e:  72.08 
| Epoch   69 | Train e:  84.41, T l:  0.1811 | Val e:  75.50 , Val l: 0.2648 | Test e:  71.63 
| Epoch   70 | Train e:  84.54, T l:  0.1807 | Val e:  75.55 , Val l: 0.2670 | Test e:  72.01 
| Epoch   71 | Train e:  84.55, T l:  0.1805 | Val e:  75.21 , Val l: 0.2730 | Test e:  72.25 
| Epoch   72 | Train e:  84.82, T l:  0.1802 | Val e:  75.47 , Val l: 0.2667 | Test e:  71.81 
| Epoch   73 | Train e:  84.92, T l:  0.1796 | Val e:  75.61 , Val l: 0.2665 | Test e:  71.93 
| Epoch   74 | Train e:  84.93, T l:  0.1800 | Val e:  75.29 , Val l: 0.2626 | Test e:  72.32 
| Epoch   75 | Train e:  85.26, T l:  0.1767 | Val e:  75.19 , Val l: 0.2672 | Test e:  72.52 
| Epoch   76 | Train e:  84.91, T l:  0.1789 | Val e:  75.16 , Val l: 0.2680 | Test e:  71.57 
| Epoch   77 | Train e:  85.01, T l:  0.1801 | Val e:  75.61 , Val l: 0.2681 | Test e:  72.03 
| Epoch   78 | Train e:  85.38, T l:  0.1795 | Val e:  75.57 , Val l: 0.2663 | Test e:  71.19 
| Epoch   79 | Train e:  85.40, T l:  0.1767 | Val e:  75.50 , Val l: 0.2635 | Test e:  71.89 
| Epoch   80 | Train e:  85.32, T l:  0.1775 | Val e:  75.41 , Val l: 0.2630 | Test e:  72.33 
| Epoch   81 | Train e:  85.73, T l:  0.1758 | Val e:  75.89 , Val l: 0.2662 | Test e:  72.25 
| Epoch   82 | Train e:  86.02, T l:  0.1744 | Val e:  75.99 , Val l: 0.2648 | Test e:  72.48 
| Epoch   83 | Train e:  85.73, T l:  0.1755 | Val e:  75.80 , Val l: 0.2602 | Test e:  73.32 
| Epoch   84 | Train e:  85.71, T l:  0.1760 | Val e:  75.95 , Val l: 0.2614 | Test e:  72.29 
| Epoch   85 | Train e:  85.78, T l:  0.1737 | Val e:  75.99 , Val l: 0.2750 | Test e:  72.22 
| Epoch   86 | Train e:  85.57, T l:  0.1737 | Val e:  74.74 , Val l: 0.2702 | Test e:  71.68 
| Epoch   87 | Train e:  85.65, T l:  0.1739 | Val e:  74.95 , Val l: 0.2658 | Test e:  72.97 
| Epoch   88 | Train e:  86.21, T l:  0.1736 | Val e:  75.73 , Val l: 0.2667 | Test e:  71.98 
| Epoch   89 | Train e:  86.19, T l:  0.1726 | Val e:  75.60 , Val l: 0.2620 | Test e:  72.30 
| Epoch   90 | Train e:  86.17, T l:  0.1726 | Val e:  76.09 , Val l: 0.2604 | Test e:  72.85 
| Epoch   91 | Train e:  86.29, T l:  0.1729 | Val e:  75.41 , Val l: 0.2691 | Test e:  71.97 
| Epoch   92 | Train e:  86.31, T l:  0.1722 | Val e:  76.24 , Val l: 0.2643 | Test e:  72.44 
| Epoch   93 | Train e:  86.26, T l:  0.1727 | Val e:  75.24 , Val l: 0.2663 | Test e:  72.25 
| Epoch   94 | Train e:  86.41, T l:  0.1698 | Val e:  75.52 , Val l: 0.2659 | Test e:  72.74 
| Epoch   95 | Train e:  86.21, T l:  0.1728 | Val e:  76.08 , Val l: 0.2607 | Test e:  72.51 
| Epoch   96 | Train e:  86.44, T l:  0.1706 | Val e:  75.17 , Val l: 0.2696 | Test e:  72.34 
| Epoch   97 | Train e:  86.79, T l:  0.1697 | Val e:  75.73 , Val l: 0.2658 | Test e:  72.43 
| Epoch   98 | Train e:  86.82, T l:  0.1700 | Val e:  75.83 , Val l: 0.2640 | Test e:  73.10 
| Epoch   99 | Train e:  86.33, T l:  0.1697 | Val e:  75.28 , Val l: 0.2656 | Test e:  72.70 
| Epoch  100 | Train e:  86.50, T l:  0.1702 | Val e:  75.74 , Val l: 0.2649 | Test e:  73.04 
| Epoch  101 | Train e:  86.91, T l:  0.1699 | Val e:  75.52 , Val l: 0.2641 | Test e:  72.90 
| Epoch  102 | Train e:  86.76, T l:  0.1700 | Val e:  76.06 , Val l: 0.2620 | Test e:  73.40 
| Epoch  103 | Train e:  86.93, T l:  0.1680 | Val e:  75.48 , Val l: 0.2644 | Test e:  73.15 
| Epoch  104 | Train e:  86.81, T l:  0.1682 | Val e:  74.91 , Val l: 0.2717 | Test e:  72.58 
| Epoch  105 | Train e:  86.89, T l:  0.1676 | Val e:  75.83 , Val l: 0.2651 | Test e:  73.13 
| Epoch  106 | Train e:  87.05, T l:  0.1678 | Val e:  75.91 , Val l: 0.2686 | Test e:  73.98 
| Epoch  107 | Train e:  86.89, T l:  0.1679 | Val e:  75.67 , Val l: 0.2667 | Test e:  73.25 
| Epoch  108 | Train e:  86.96, T l:  0.1684 | Val e:  75.98 , Val l: 0.2623 | Test e:  73.38 
| Epoch  109 | Train e:  86.90, T l:  0.1681 | Val e:  75.32 , Val l: 0.2654 | Test e:  73.41 
| Epoch  110 | Train e:  87.12, T l:  0.1668 | Val e:  75.42 , Val l: 0.2653 | Test e:  73.34 
| Epoch  111 | Train e:  87.11, T l:  0.1658 | Val e:  75.42 , Val l: 0.2687 | Test e:  72.44 
| Epoch  112 | Train e:  87.22, T l:  0.1670 | Val e:  75.76 , Val l: 0.2639 | Test e:  73.62 
| Epoch  113 | Train e:  87.06, T l:  0.1659 | Val e:  74.52 , Val l: 0.2697 | Test e:  73.61 
| Epoch  114 | Train e:  87.28, T l:  0.1657 | Val e:  76.43 , Val l: 0.2614 | Test e:  73.47 
| Epoch  115 | Train e:  87.15, T l:  0.1656 | Val e:  75.16 , Val l: 0.2681 | Test e:  73.25 
| Epoch  116 | Train e:  87.56, T l:  0.1647 | Val e:  75.57 , Val l: 0.2640 | Test e:  73.77 
| Epoch  117 | Train e:  87.08, T l:  0.1650 | Val e:  76.15 , Val l: 0.2649 | Test e:  73.53 
| Epoch  118 | Train e:  87.46, T l:  0.1654 | Val e:  74.95 , Val l: 0.2674 | Test e:  73.61 
| Epoch  119 | Train e:  87.41, T l:  0.1653 | Val e:  75.91 , Val l: 0.2628 | Test e:  73.08 
| Epoch  120 | Train e:  87.64, T l:  0.1635 | Val e:  75.76 , Val l: 0.2647 | Test e:  73.51 
| Epoch  121 | Train e:  87.57, T l:  0.1635 | Val e:  75.78 , Val l: 0.2678 | Test e:  73.20 
| Epoch  122 | Train e:  87.53, T l:  0.1636 | Val e:  76.01 , Val l: 0.2639 | Test e:  73.43 
| Epoch  123 | Train e:  87.52, T l:  0.1633 | Val e:  75.05 , Val l: 0.2688 | Test e:  73.10 
| Epoch  124 | Train e:  87.58, T l:  0.1632 | Val e:  75.59 , Val l: 0.2686 | Test e:  73.50 
| Epoch  125 | Train e:  87.43, T l:  0.1634 | Val e:  76.10 , Val l: 0.2635 | Test e:  73.79 
| Epoch  126 | Train e:  87.60, T l:  0.1627 | Val e:  75.31 , Val l: 0.2664 | Test e:  73.02 
| Epoch  127 | Train e:  87.75, T l:  0.1615 | Val e:  76.58 , Val l: 0.2607 | Test e:  74.05 
| Epoch  128 | Train e:  87.72, T l:  0.1628 | Val e:  75.85 , Val l: 0.2646 | Test e:  73.19 
| Epoch  129 | Train e:  87.73, T l:  0.1621 | Val e:  75.31 , Val l: 0.2677 | Test e:  73.77 
| Epoch  130 | Train e:  87.82, T l:  0.1616 | Val e:  75.65 , Val l: 0.2639 | Test e:  74.07 
| Epoch  131 | Train e:  87.89, T l:  0.1620 | Val e:  75.75 , Val l: 0.2647 | Test e:  74.40 
| Epoch  132 | Train e:  87.92, T l:  0.1617 | Val e:  75.00 , Val l: 0.2676 | Test e:  73.33 
| Epoch  133 | Train e:  87.70, T l:  0.1613 | Val e:  75.80 , Val l: 0.2671 | Test e:  73.60 
| Epoch  134 | Train e:  87.98, T l:  0.1626 | Val e:  75.68 , Val l: 0.2659 | Test e:  73.29 
| Epoch  135 | Train e:  87.99, T l:  0.1608 | Val e:  75.90 , Val l: 0.2623 | Test e:  73.82 
| Epoch  136 | Train e:  88.01, T l:  0.1607 | Val e:  76.61 , Val l: 0.2617 | Test e:  74.04 
| Epoch  137 | Train e:  88.14, T l:  0.1606 | Val e:  75.53 , Val l: 0.2646 | Test e:  73.68 
| Epoch  138 | Train e:  87.97, T l:  0.1605 | Val e:  75.88 , Val l: 0.2654 | Test e:  73.91 
| Epoch  139 | Train e:  88.03, T l:  0.1610 | Val e:  75.98 , Val l: 0.2659 | Test e:  73.82 
| Epoch  140 | Train e:  87.95, T l:  0.1604 | Val e:  75.05 , Val l: 0.2687 | Test e:  74.07 
| Epoch  141 | Train e:  88.20, T l:  0.1601 | Val e:  75.91 , Val l: 0.2634 | Test e:  73.52 
| Epoch  142 | Train e:  88.23, T l:  0.1597 | Val e:  74.93 , Val l: 0.2691 | Test e:  73.93 
| Epoch  143 | Train e:  88.21, T l:  0.1590 | Val e:  75.22 , Val l: 0.2687 | Test e:  73.66 
| Epoch  144 | Train e:  88.17, T l:  0.1587 | Val e:  74.89 , Val l: 0.2692 | Test e:  74.02 
| Epoch  145 | Train e:  88.34, T l:  0.1590 | Val e:  75.89 , Val l: 0.2628 | Test e:  73.89 
| Epoch  146 | Train e:  88.28, T l:  0.1589 | Val e:  75.19 , Val l: 0.2670 | Test e:  74.02 
| Epoch  147 | Train e:  88.40, T l:  0.1577 | Val e:  75.67 , Val l: 0.2695 | Test e:  73.82 
| Epoch  148 | Train e:  88.28, T l:  0.1588 | Val e:  74.88 , Val l: 0.2674 | Test e:  73.85 
| Epoch  149 | Train e:  88.48, T l:  0.1588 | Val e:  75.39 , Val l: 0.2686 | Test e:  73.67 
| Epoch  150 | Train e:  88.44, T l:  0.1581 | Val e:  74.97 , Val l: 0.2678 | Test e:  73.39 
| Epoch  151 | Train e:  88.52, T l:  0.1576 | Val e:  75.67 , Val l: 0.2668 | Test e:  74.18 
| Epoch  152 | Train e:  88.42, T l:  0.1574 | Val e:  75.43 , Val l: 0.2684 | Test e:  74.14 
| Epoch  153 | Train e:  88.60, T l:  0.1577 | Val e:  75.31 , Val l: 0.2678 | Test e:  73.51 
| Epoch  154 | Train e:  88.48, T l:  0.1569 | Val e:  75.34 , Val l: 0.2668 | Test e:  73.57 
| Epoch  155 | Train e:  88.50, T l:  0.1569 | Val e:  75.34 , Val l: 0.2696 | Test e:  73.99 
| Epoch  156 | Train e:  88.64, T l:  0.1567 | Val e:  75.15 , Val l: 0.2688 | Test e:  74.05 
| Epoch  157 | Train e:  88.70, T l:  0.1576 | Val e:  75.72 , Val l: 0.2673 | Test e:  73.84 
| Epoch  158 | Train e:  88.66, T l:  0.1565 | Val e:  75.79 , Val l: 0.2677 | Test e:  73.65 
| Epoch  159 | Train e:  88.68, T l:  0.1577 | Val e:  74.86 , Val l: 0.2707 | Test e:  73.89 
| Epoch  160 | Train e:  88.82, T l:  0.1561 | Val e:  75.04 , Val l: 0.2694 | Test e:  73.79 
| Epoch  161 | Train e:  88.68, T l:  0.1563 | Val e:  75.18 , Val l: 0.2702 | Test e:  74.12 
| Epoch  162 | Train e:  88.79, T l:  0.1565 | Val e:  74.99 , Val l: 0.2701 | Test e:  74.11 
| Epoch  163 | Train e:  88.81, T l:  0.1564 | Val e:  75.45 , Val l: 0.2683 | Test e:  73.84 
| Epoch  164 | Train e:  88.79, T l:  0.1550 | Val e:  75.49 , Val l: 0.2684 | Test e:  73.90 
| Epoch  165 | Train e:  88.89, T l:  0.1561 | Val e:  75.41 , Val l: 0.2675 | Test e:  74.11 
| Epoch  166 | Train e:  88.68, T l:  0.1553 | Val e:  75.48 , Val l: 0.2682 | Test e:  73.97 
| Epoch  167 | Train e:  88.98, T l:  0.1560 | Val e:  75.23 , Val l: 0.2684 | Test e:  74.07 
| Epoch  168 | Train e:  88.94, T l:  0.1556 | Val e:  75.78 , Val l: 0.2650 | Test e:  74.22 
| Epoch  169 | Train e:  88.85, T l:  0.1552 | Val e:  75.57 , Val l: 0.2690 | Test e:  74.09 
| Epoch  170 | Train e:  88.94, T l:  0.1552 | Val e:  75.97 , Val l: 0.2686 | Test e:  74.39 
| Epoch  171 | Train e:  88.94, T l:  0.1563 | Val e:  74.96 , Val l: 0.2705 | Test e:  73.93 
| Epoch  172 | Train e:  88.88, T l:  0.1539 | Val e:  75.17 , Val l: 0.2696 | Test e:  74.09 
| Epoch  173 | Train e:  88.92, T l:  0.1549 | Val e:  75.13 , Val l: 0.2693 | Test e:  74.18 
| Epoch  174 | Train e:  88.91, T l:  0.1547 | Val e:  75.24 , Val l: 0.2702 | Test e:  74.29 
| Epoch  175 | Train e:  88.98, T l:  0.1546 | Val e:  75.09 , Val l: 0.2716 | Test e:  74.19 
| Epoch  176 | Train e:  89.04, T l:  0.1531 | Val e:  75.43 , Val l: 0.2686 | Test e:  74.16 
| Epoch  177 | Train e:  89.08, T l:  0.1545 | Val e:  75.72 , Val l: 0.2675 | Test e:  74.07 
| Epoch  178 | Train e:  88.90, T l:  0.1539 | Val e:  75.07 , Val l: 0.2707 | Test e:  74.14 
| Epoch  179 | Train e:  89.01, T l:  0.1546 | Val e:  75.41 , Val l: 0.2694 | Test e:  74.06 
| Epoch  180 | Train e:  89.10, T l:  0.1529 | Val e:  75.83 , Val l: 0.2684 | Test e:  74.06 
| Epoch  181 | Train e:  89.14, T l:  0.1525 | Val e:  75.58 , Val l: 0.2687 | Test e:  74.28 
| Epoch  182 | Train e:  89.10, T l:  0.1535 | Val e:  75.22 , Val l: 0.2706 | Test e:  74.17 
| Epoch  183 | Train e:  89.11, T l:  0.1533 | Val e:  75.29 , Val l: 0.2699 | Test e:  74.24 
| Epoch  184 | Train e:  89.11, T l:  0.1536 | Val e:  75.22 , Val l: 0.2705 | Test e:  74.01 
| Epoch  185 | Train e:  89.16, T l:  0.1532 | Val e:  75.30 , Val l: 0.2700 | Test e:  74.14 
| Epoch  186 | Train e:  89.13, T l:  0.1529 | Val e:  75.02 , Val l: 0.2710 | Test e:  74.06 
| Epoch  187 | Train e:  89.10, T l:  0.1529 | Val e:  74.85 , Val l: 0.2720 | Test e:  74.11 
| Epoch  188 | Train e:  89.20, T l:  0.1526 | Val e:  75.46 , Val l: 0.2690 | Test e:  74.28 
| Epoch  189 | Train e:  89.19, T l:  0.1527 | Val e:  75.51 , Val l: 0.2689 | Test e:  74.07 
| Epoch  190 | Train e:  89.20, T l:  0.1524 | Val e:  75.53 , Val l: 0.2700 | Test e:  73.99 
| Epoch  191 | Train e:  89.19, T l:  0.1521 | Val e:  75.35 , Val l: 0.2706 | Test e:  74.04 
| Epoch  192 | Train e:  89.21, T l:  0.1527 | Val e:  75.41 , Val l: 0.2694 | Test e:  74.02 
| Epoch  193 | Train e:  89.20, T l:  0.1526 | Val e:  75.64 , Val l: 0.2686 | Test e:  74.07 
| Epoch  194 | Train e:  89.19, T l:  0.1519 | Val e:  75.47 , Val l: 0.2697 | Test e:  74.10 
| Epoch  195 | Train e:  89.19, T l:  0.1516 | Val e:  75.58 , Val l: 0.2699 | Test e:  73.95 
| Epoch  196 | Train e:  89.20, T l:  0.1513 | Val e:  75.52 , Val l: 0.2702 | Test e:  73.98 
| Epoch  197 | Train e:  89.21, T l:  0.1516 | Val e:  75.49 , Val l: 0.2698 | Test e:  73.99 
| Epoch  198 | Train e:  89.21, T l:  0.1510 | Val e:  75.45 , Val l: 0.2701 | Test e:  74.03 
| Epoch  199 | Train e:  89.22, T l:  0.1511 | Val e:  75.48 , Val l: 0.2700 | Test e:  74.03 
