

===============================================
2022-12-19 10:07:19

main_t.py --readout mean --gconv-dim 256 --tlayer-dim 256 --num-heads 8 --no-clustering --masked-attention --batch-size 32 --epochs 200 --warmup 20 --gconv-dropout 0.5 --tlayer-dropout 0.5 --seeds 271828 --device 1

None

dataset: ogbg-moltox21
use_val_loss: False
epochs: 200
scheduler: linear
warmup: 20
patience: 25
batch_size: 32
lr: 0.0001
weight_decay: 0.0001
clustering: False
masked_attention: True
gconv_dim: 256
tlayer_dim: 256
gconv_dropout: 0.5
tlayer_dropout: 0.5
num_layers: 4
num_heads: 8
skip_connection: none
readout: mean
seeds: 271828
save_state: False



| Epoch    0 | Train e:  55.13, T l:  0.6172 | Val e:  55.32 , Val l: 0.3838 | Test e:  53.24 
| Epoch    1 | Train e:  57.12, T l:  0.3251 | Val e:  58.05 , Val l: 0.3011 | Test e:  55.76 
| Epoch    2 | Train e:  58.90, T l:  0.2579 | Val e:  60.41 , Val l: 0.3039 | Test e:  58.48 
| Epoch    3 | Train e:  60.69, T l:  0.2441 | Val e:  62.23 , Val l: 0.3058 | Test e:  61.10 
| Epoch    4 | Train e:  62.21, T l:  0.2381 | Val e:  62.45 , Val l: 0.3049 | Test e:  62.54 
| Epoch    5 | Train e:  65.00, T l:  0.2335 | Val e:  64.33 , Val l: 0.2992 | Test e:  64.00 
| Epoch    6 | Train e:  65.91, T l:  0.2294 | Val e:  64.56 , Val l: 0.3041 | Test e:  64.50 
| Epoch    7 | Train e:  68.86, T l:  0.2258 | Val e:  66.11 , Val l: 0.2974 | Test e:  66.13 
| Epoch    8 | Train e:  70.66, T l:  0.2215 | Val e:  68.07 , Val l: 0.2865 | Test e:  68.53 
| Epoch    9 | Train e:  71.62, T l:  0.2182 | Val e:  69.53 , Val l: 0.2855 | Test e:  68.78 
| Epoch   10 | Train e:  72.10, T l:  0.2164 | Val e:  69.70 , Val l: 0.2995 | Test e:  69.63 
| Epoch   11 | Train e:  72.96, T l:  0.2142 | Val e:  70.70 , Val l: 0.2869 | Test e:  69.46 
| Epoch   12 | Train e:  74.01, T l:  0.2122 | Val e:  71.28 , Val l: 0.2920 | Test e:  69.70 
| Epoch   13 | Train e:  75.19, T l:  0.2103 | Val e:  72.49 , Val l: 0.2834 | Test e:  70.33 
| Epoch   14 | Train e:  76.35, T l:  0.2091 | Val e:  73.65 , Val l: 0.2731 | Test e:  71.44 
| Epoch   15 | Train e:  78.70, T l:  0.2053 | Val e:  74.18 , Val l: 0.2754 | Test e:  70.52 
| Epoch   16 | Train e:  80.02, T l:  0.2021 | Val e:  75.88 , Val l: 0.2880 | Test e:  70.93 
| Epoch   17 | Train e:  80.71, T l:  0.1987 | Val e:  75.33 , Val l: 0.2828 | Test e:  70.74 
| Epoch   18 | Train e:  81.87, T l:  0.1953 | Val e:  76.52 , Val l: 0.2822 | Test e:  71.64 
| Epoch   19 | Train e:  82.14, T l:  0.1926 | Val e:  76.54 , Val l: 0.3059 | Test e:  71.67 
| Epoch   20 | Train e:  83.76, T l:  0.1895 | Val e:  77.39 , Val l: 0.2706 | Test e:  72.65 
| Epoch   21 | Train e:  83.63, T l:  0.1894 | Val e:  77.12 , Val l: 0.2772 | Test e:  72.03 
| Epoch   22 | Train e:  84.64, T l:  0.1849 | Val e:  77.99 , Val l: 0.2790 | Test e:  72.62 
| Epoch   23 | Train e:  84.68, T l:  0.1829 | Val e:  77.64 , Val l: 0.2756 | Test e:  72.93 
| Epoch   24 | Train e:  85.09, T l:  0.1803 | Val e:  77.13 , Val l: 0.2976 | Test e:  72.46 
| Epoch   25 | Train e:  85.40, T l:  0.1792 | Val e:  77.10 , Val l: 0.3249 | Test e:  71.90 
| Epoch   26 | Train e:  86.01, T l:  0.1784 | Val e:  78.23 , Val l: 0.2771 | Test e:  72.95 
| Epoch   27 | Train e:  85.76, T l:  0.1758 | Val e:  77.10 , Val l: 0.3194 | Test e:  73.11 
| Epoch   28 | Train e:  86.54, T l:  0.1765 | Val e:  77.39 , Val l: 0.2980 | Test e:  73.26 
| Epoch   29 | Train e:  86.82, T l:  0.1733 | Val e:  77.48 , Val l: 0.2991 | Test e:  73.11 
| Epoch   30 | Train e:  86.52, T l:  0.1724 | Val e:  77.35 , Val l: 0.3163 | Test e:  72.60 
| Epoch   31 | Train e:  86.92, T l:  0.1730 | Val e:  77.17 , Val l: 0.3035 | Test e:  73.43 
| Epoch   32 | Train e:  87.63, T l:  0.1712 | Val e:  76.84 , Val l: 0.2717 | Test e:  72.83 
| Epoch   33 | Train e:  87.21, T l:  0.1686 | Val e:  77.44 , Val l: 0.2822 | Test e:  72.27 
| Epoch   34 | Train e:  87.94, T l:  0.1676 | Val e:  77.72 , Val l: 0.2899 | Test e:  73.84 
| Epoch   35 | Train e:  87.49, T l:  0.1667 | Val e:  77.34 , Val l: 0.3225 | Test e:  73.17 
| Epoch   36 | Train e:  87.92, T l:  0.1653 | Val e:  77.52 , Val l: 0.3112 | Test e:  73.54 
| Epoch   37 | Train e:  87.80, T l:  0.1649 | Val e:  76.90 , Val l: 0.2804 | Test e:  73.49 
| Epoch   38 | Train e:  88.49, T l:  0.1648 | Val e:  77.33 , Val l: 0.3014 | Test e:  73.18 
| Epoch   39 | Train e:  88.27, T l:  0.1630 | Val e:  77.28 , Val l: 0.2915 | Test e:  72.67 
| Epoch   40 | Train e:  88.22, T l:  0.1638 | Val e:  76.98 , Val l: 0.3087 | Test e:  71.54 
| Epoch   41 | Train e:  88.40, T l:  0.1620 | Val e:  77.10 , Val l: 0.2866 | Test e:  73.06 
| Epoch   42 | Train e:  89.04, T l:  0.1606 | Val e:  77.05 , Val l: 0.2853 | Test e:  72.01 
| Epoch   43 | Train e:  88.54, T l:  0.1610 | Val e:  78.13 , Val l: 0.3145 | Test e:  72.19 
| Epoch   44 | Train e:  89.41, T l:  0.1600 | Val e:  78.10 , Val l: 0.2812 | Test e:  72.86 
| Epoch   45 | Train e:  89.25, T l:  0.1593 | Val e:  77.93 , Val l: 0.2975 | Test e:  73.12 
| Epoch   46 | Train e:  88.98, T l:  0.1590 | Val e:  77.11 , Val l: 0.3237 | Test e:  72.20 
| Epoch   47 | Train e:  89.95, T l:  0.1570 | Val e:  77.65 , Val l: 0.2978 | Test e:  72.84 
| Epoch   48 | Train e:  89.42, T l:  0.1571 | Val e:  76.89 , Val l: 0.3242 | Test e:  71.90 
| Epoch   49 | Train e:  89.65, T l:  0.1562 | Val e:  77.51 , Val l: 0.3183 | Test e:  72.66 
| Epoch   50 | Train e:  89.97, T l:  0.1547 | Val e:  78.08 , Val l: 0.3017 | Test e:  73.20 
| Epoch   51 | Train e:  89.84, T l:  0.1540 | Val e:  77.02 , Val l: 0.3016 | Test e:  71.95 
| Epoch   52 | Train e:  89.55, T l:  0.1543 | Val e:  76.06 , Val l: 0.3041 | Test e:  71.90 
| Epoch   53 | Train e:  90.20, T l:  0.1527 | Val e:  77.02 , Val l: 0.3445 | Test e:  71.23 
| Epoch   54 | Train e:  90.45, T l:  0.1540 | Val e:  76.22 , Val l: 0.3367 | Test e:  71.01 
| Epoch   55 | Train e:  90.06, T l:  0.1515 | Val e:  77.25 , Val l: 0.3344 | Test e:  72.31 
| Epoch   56 | Train e:  90.51, T l:  0.1518 | Val e:  77.52 , Val l: 0.3551 | Test e:  72.28 
| Epoch   57 | Train e:  91.19, T l:  0.1513 | Val e:  76.92 , Val l: 0.3078 | Test e:  72.05 
| Epoch   58 | Train e:  90.94, T l:  0.1511 | Val e:  77.02 , Val l: 0.3156 | Test e:  72.75 
| Epoch   59 | Train e:  91.00, T l:  0.1490 | Val e:  76.44 , Val l: 0.3176 | Test e:  72.59 
| Epoch   60 | Train e:  90.82, T l:  0.1490 | Val e:  77.84 , Val l: 0.3276 | Test e:  72.45 
| Epoch   61 | Train e:  91.23, T l:  0.1481 | Val e:  77.42 , Val l: 0.3350 | Test e:  72.20 
| Epoch   62 | Train e:  91.12, T l:  0.1470 | Val e:  76.79 , Val l: 0.3062 | Test e:  72.74 
| Epoch   63 | Train e:  91.26, T l:  0.1463 | Val e:  76.81 , Val l: 0.3394 | Test e:  71.81 
| Epoch   64 | Train e:  91.93, T l:  0.1464 | Val e:  77.38 , Val l: 0.3156 | Test e:  73.00 
| Epoch   65 | Train e:  91.34, T l:  0.1455 | Val e:  77.14 , Val l: 0.3498 | Test e:  72.90 
| Epoch   66 | Train e:  91.86, T l:  0.1436 | Val e:  77.38 , Val l: 0.3378 | Test e:  73.14 
| Epoch   67 | Train e:  91.37, T l:  0.1448 | Val e:  76.77 , Val l: 0.3699 | Test e:  72.05 
| Epoch   68 | Train e:  91.73, T l:  0.1439 | Val e:  77.12 , Val l: 0.3163 | Test e:  71.82 
| Epoch   69 | Train e:  92.15, T l:  0.1431 | Val e:  77.40 , Val l: 0.3221 | Test e:  72.27 
| Epoch   70 | Train e:  91.74, T l:  0.1429 | Val e:  76.09 , Val l: 0.3267 | Test e:  72.09 
| Epoch   71 | Train e:  91.23, T l:  0.1414 | Val e:  76.81 , Val l: 0.3594 | Test e:  72.89 
| Epoch   72 | Train e:  91.97, T l:  0.1413 | Val e:  77.11 , Val l: 0.3614 | Test e:  72.42 
| Epoch   73 | Train e:  92.29, T l:  0.1410 | Val e:  76.30 , Val l: 0.3266 | Test e:  72.04 
| Epoch   74 | Train e:  92.20, T l:  0.1419 | Val e:  76.11 , Val l: 0.3654 | Test e:  72.64 
| Epoch   75 | Train e:  91.98, T l:  0.1386 | Val e:  76.73 , Val l: 0.3460 | Test e:  73.04 
| Epoch   76 | Train e:  92.54, T l:  0.1387 | Val e:  77.09 , Val l: 0.3458 | Test e:  72.88 
| Epoch   77 | Train e:  92.36, T l:  0.1392 | Val e:  76.93 , Val l: 0.3580 | Test e:  72.90 
| Epoch   78 | Train e:  92.83, T l:  0.1374 | Val e:  76.92 , Val l: 0.3296 | Test e:  73.07 
| Epoch   79 | Train e:  92.72, T l:  0.1363 | Val e:  75.95 , Val l: 0.3603 | Test e:  72.33 
| Epoch   80 | Train e:  92.47, T l:  0.1376 | Val e:  76.63 , Val l: 0.3576 | Test e:  73.22 
| Epoch   81 | Train e:  93.03, T l:  0.1364 | Val e:  76.49 , Val l: 0.3440 | Test e:  73.34 
| Epoch   82 | Train e:  93.31, T l:  0.1351 | Val e:  76.34 , Val l: 0.3446 | Test e:  71.99 
| Epoch   83 | Train e:  92.43, T l:  0.1354 | Val e:  76.02 , Val l: 0.3423 | Test e:  72.43 
| Epoch   84 | Train e:  92.84, T l:  0.1351 | Val e:  75.98 , Val l: 0.3996 | Test e:  71.98 
| Epoch   85 | Train e:  93.17, T l:  0.1342 | Val e:  76.21 , Val l: 0.3880 | Test e:  72.64 
| Epoch   86 | Train e:  92.81, T l:  0.1325 | Val e:  75.66 , Val l: 0.3819 | Test e:  71.89 
| Epoch   87 | Train e:  93.16, T l:  0.1330 | Val e:  75.79 , Val l: 0.3603 | Test e:  72.41 
| Epoch   88 | Train e:  93.52, T l:  0.1325 | Val e:  76.62 , Val l: 0.3664 | Test e:  72.70 
| Epoch   89 | Train e:  92.99, T l:  0.1320 | Val e:  76.41 , Val l: 0.4203 | Test e:  72.38 
| Epoch   90 | Train e:  93.36, T l:  0.1332 | Val e:  75.86 , Val l: 0.3897 | Test e:  71.79 
| Epoch   91 | Train e:  93.29, T l:  0.1303 | Val e:  75.99 , Val l: 0.3717 | Test e:  72.53 
| Epoch   92 | Train e:  93.69, T l:  0.1296 | Val e:  76.84 , Val l: 0.3695 | Test e:  72.84 
| Epoch   93 | Train e:  92.43, T l:  0.1311 | Val e:  75.43 , Val l: 0.4049 | Test e:  71.97 
| Epoch   94 | Train e:  93.56, T l:  0.1302 | Val e:  75.63 , Val l: 0.3678 | Test e:  72.01 
| Epoch   95 | Train e:  92.47, T l:  0.1278 | Val e:  75.73 , Val l: 0.4364 | Test e:  72.30 
| Epoch   96 | Train e:  93.24, T l:  0.1274 | Val e:  75.50 , Val l: 0.4153 | Test e:  72.38 
| Epoch   97 | Train e:  94.05, T l:  0.1279 | Val e:  76.22 , Val l: 0.3965 | Test e:  72.28 
| Epoch   98 | Train e:  94.16, T l:  0.1274 | Val e:  75.55 , Val l: 0.3798 | Test e:  71.79 
| Epoch   99 | Train e:  93.84, T l:  0.1264 | Val e:  75.74 , Val l: 0.3869 | Test e:  72.13 
| Epoch  100 | Train e:  94.11, T l:  0.1256 | Val e:  75.31 , Val l: 0.4559 | Test e:  71.44 
| Epoch  101 | Train e:  93.48, T l:  0.1262 | Val e:  74.54 , Val l: 0.4331 | Test e:  71.40 
| Epoch  102 | Train e:  93.85, T l:  0.1267 | Val e:  76.55 , Val l: 0.4312 | Test e:  73.22 
| Epoch  103 | Train e:  94.15, T l:  0.1244 | Val e:  76.29 , Val l: 0.4135 | Test e:  72.87 
| Epoch  104 | Train e:  94.08, T l:  0.1237 | Val e:  76.20 , Val l: 0.4030 | Test e:  72.43 
| Epoch  105 | Train e:  94.13, T l:  0.1242 | Val e:  75.91 , Val l: 0.4398 | Test e:  72.83 
| Epoch  106 | Train e:  94.38, T l:  0.1243 | Val e:  75.55 , Val l: 0.3872 | Test e:  71.96 
| Epoch  107 | Train e:  94.06, T l:  0.1235 | Val e:  75.51 , Val l: 0.4461 | Test e:  72.24 
| Epoch  108 | Train e:  94.72, T l:  0.1215 | Val e:  75.55 , Val l: 0.3986 | Test e:  72.61 
| Epoch  109 | Train e:  94.10, T l:  0.1239 | Val e:  75.45 , Val l: 0.4192 | Test e:  71.75 
| Epoch  110 | Train e:  94.52, T l:  0.1207 | Val e:  75.30 , Val l: 0.4116 | Test e:  72.16 
| Epoch  111 | Train e:  94.46, T l:  0.1206 | Val e:  75.13 , Val l: 0.4178 | Test e:  71.55 
| Epoch  112 | Train e:  94.52, T l:  0.1216 | Val e:  74.75 , Val l: 0.4266 | Test e:  72.48 
| Epoch  113 | Train e:  94.16, T l:  0.1202 | Val e:  74.88 , Val l: 0.4362 | Test e:  72.19 
| Epoch  114 | Train e:  94.70, T l:  0.1189 | Val e:  75.25 , Val l: 0.3966 | Test e:  72.07 
| Epoch  115 | Train e:  94.52, T l:  0.1189 | Val e:  75.40 , Val l: 0.4444 | Test e:  71.98 
| Epoch  116 | Train e:  94.63, T l:  0.1185 | Val e:  75.02 , Val l: 0.4246 | Test e:  72.03 
| Epoch  117 | Train e:  94.85, T l:  0.1181 | Val e:  76.08 , Val l: 0.4081 | Test e:  72.95 
| Epoch  118 | Train e:  94.83, T l:  0.1181 | Val e:  75.36 , Val l: 0.4621 | Test e:  72.06 
| Epoch  119 | Train e:  94.95, T l:  0.1181 | Val e:  75.46 , Val l: 0.4313 | Test e:  72.18 
| Epoch  120 | Train e:  94.61, T l:  0.1177 | Val e:  74.87 , Val l: 0.4490 | Test e:  71.50 
| Epoch  121 | Train e:  95.29, T l:  0.1174 | Val e:  75.13 , Val l: 0.4343 | Test e:  71.86 
| Epoch  122 | Train e:  94.82, T l:  0.1167 | Val e:  75.32 , Val l: 0.4341 | Test e:  72.46 
| Epoch  123 | Train e:  95.16, T l:  0.1150 | Val e:  75.06 , Val l: 0.4315 | Test e:  72.70 
| Epoch  124 | Train e:  94.96, T l:  0.1149 | Val e:  75.46 , Val l: 0.4367 | Test e:  71.90 
| Epoch  125 | Train e:  95.35, T l:  0.1161 | Val e:  75.18 , Val l: 0.4504 | Test e:  72.36 
| Epoch  126 | Train e:  95.10, T l:  0.1146 | Val e:  75.39 , Val l: 0.4320 | Test e:  72.48 
| Epoch  127 | Train e:  95.18, T l:  0.1148 | Val e:  75.26 , Val l: 0.4314 | Test e:  72.40 
| Epoch  128 | Train e:  95.10, T l:  0.1151 | Val e:  75.14 , Val l: 0.4349 | Test e:  72.00 
| Epoch  129 | Train e:  95.16, T l:  0.1139 | Val e:  75.70 , Val l: 0.4271 | Test e:  72.21 
| Epoch  130 | Train e:  95.37, T l:  0.1133 | Val e:  75.69 , Val l: 0.4328 | Test e:  72.40 
| Epoch  131 | Train e:  95.23, T l:  0.1134 | Val e:  75.22 , Val l: 0.4462 | Test e:  72.18 
| Epoch  132 | Train e:  95.11, T l:  0.1126 | Val e:  75.39 , Val l: 0.4582 | Test e:  71.86 
| Epoch  133 | Train e:  95.42, T l:  0.1129 | Val e:  74.79 , Val l: 0.4834 | Test e:  71.43 
| Epoch  134 | Train e:  95.58, T l:  0.1120 | Val e:  75.06 , Val l: 0.4504 | Test e:  71.98 
| Epoch  135 | Train e:  95.57, T l:  0.1119 | Val e:  74.78 , Val l: 0.4406 | Test e:  71.62 
| Epoch  136 | Train e:  95.38, T l:  0.1114 | Val e:  75.34 , Val l: 0.4501 | Test e:  72.12 
| Epoch  137 | Train e:  95.69, T l:  0.1102 | Val e:  75.00 , Val l: 0.5104 | Test e:  71.95 
| Epoch  138 | Train e:  95.59, T l:  0.1117 | Val e:  75.35 , Val l: 0.4263 | Test e:  72.10 
| Epoch  139 | Train e:  95.98, T l:  0.1106 | Val e:  74.60 , Val l: 0.4606 | Test e:  72.12 
| Epoch  140 | Train e:  95.34, T l:  0.1101 | Val e:  74.83 , Val l: 0.4789 | Test e:  72.00 
| Epoch  141 | Train e:  95.37, T l:  0.1090 | Val e:  74.40 , Val l: 0.4737 | Test e:  71.62 
| Epoch  142 | Train e:  95.49, T l:  0.1093 | Val e:  74.71 , Val l: 0.4547 | Test e:  71.74 
| Epoch  143 | Train e:  95.72, T l:  0.1095 | Val e:  74.91 , Val l: 0.4786 | Test e:  71.79 
| Epoch  144 | Train e:  95.74, T l:  0.1093 | Val e:  75.17 , Val l: 0.4699 | Test e:  72.11 
| Epoch  145 | Train e:  95.85, T l:  0.1077 | Val e:  74.96 , Val l: 0.4756 | Test e:  71.87 
| Epoch  146 | Train e:  95.58, T l:  0.1084 | Val e:  74.81 , Val l: 0.4840 | Test e:  71.92 
| Epoch  147 | Train e:  95.86, T l:  0.1075 | Val e:  74.98 , Val l: 0.4725 | Test e:  72.24 
| Epoch  148 | Train e:  95.83, T l:  0.1080 | Val e:  74.58 , Val l: 0.4924 | Test e:  71.86 
| Epoch  149 | Train e:  95.40, T l:  0.1075 | Val e:  74.63 , Val l: 0.5023 | Test e:  71.75 
| Epoch  150 | Train e:  95.92, T l:  0.1085 | Val e:  74.77 , Val l: 0.4755 | Test e:  71.88 
| Epoch  151 | Train e:  95.69, T l:  0.1054 | Val e:  74.73 , Val l: 0.5140 | Test e:  71.63 
| Epoch  152 | Train e:  95.79, T l:  0.1067 | Val e:  73.93 , Val l: 0.5449 | Test e:  71.14 
| Epoch  153 | Train e:  96.11, T l:  0.1057 | Val e:  74.89 , Val l: 0.4837 | Test e:  71.89 
| Epoch  154 | Train e:  95.82, T l:  0.1057 | Val e:  74.56 , Val l: 0.4697 | Test e:  71.34 
| Epoch  155 | Train e:  95.89, T l:  0.1062 | Val e:  74.68 , Val l: 0.4887 | Test e:  71.73 
| Epoch  156 | Train e:  96.03, T l:  0.1052 | Val e:  74.14 , Val l: 0.5047 | Test e:  71.29 
| Epoch  157 | Train e:  96.05, T l:  0.1049 | Val e:  74.18 , Val l: 0.4950 | Test e:  71.50 
| Epoch  158 | Train e:  96.07, T l:  0.1046 | Val e:  74.43 , Val l: 0.4909 | Test e:  71.65 
| Epoch  159 | Train e:  95.94, T l:  0.1041 | Val e:  74.08 , Val l: 0.4912 | Test e:  71.57 
| Epoch  160 | Train e:  95.95, T l:  0.1044 | Val e:  74.67 , Val l: 0.4955 | Test e:  71.86 
| Epoch  161 | Train e:  96.25, T l:  0.1046 | Val e:  74.37 , Val l: 0.5139 | Test e:  71.69 
| Epoch  162 | Train e:  95.93, T l:  0.1036 | Val e:  74.13 , Val l: 0.4929 | Test e:  71.56 
| Epoch  163 | Train e:  96.03, T l:  0.1033 | Val e:  74.03 , Val l: 0.4936 | Test e:  71.83 
| Epoch  164 | Train e:  96.08, T l:  0.1030 | Val e:  74.19 , Val l: 0.4745 | Test e:  71.44 
| Epoch  165 | Train e:  96.17, T l:  0.1026 | Val e:  73.93 , Val l: 0.4888 | Test e:  71.45 
| Epoch  166 | Train e:  96.11, T l:  0.1023 | Val e:  74.14 , Val l: 0.5198 | Test e:  71.57 
| Epoch  167 | Train e:  96.31, T l:  0.1038 | Val e:  74.50 , Val l: 0.5189 | Test e:  71.95 
| Epoch  168 | Train e:  96.22, T l:  0.1019 | Val e:  74.32 , Val l: 0.5119 | Test e:  71.91 
| Epoch  169 | Train e:  96.19, T l:  0.1011 | Val e:  74.08 , Val l: 0.5009 | Test e:  71.54 
| Epoch  170 | Train e:  96.30, T l:  0.1014 | Val e:  74.16 , Val l: 0.5080 | Test e:  71.47 
| Epoch  171 | Train e:  96.35, T l:  0.1019 | Val e:  74.42 , Val l: 0.5001 | Test e:  71.92 
| Epoch  172 | Train e:  96.31, T l:  0.1021 | Val e:  74.38 , Val l: 0.5021 | Test e:  71.67 
| Epoch  173 | Train e:  96.23, T l:  0.1015 | Val e:  74.18 , Val l: 0.5353 | Test e:  71.51 
| Epoch  174 | Train e:  96.34, T l:  0.1007 | Val e:  74.18 , Val l: 0.5178 | Test e:  71.89 
| Epoch  175 | Train e:  95.98, T l:  0.0997 | Val e:  74.17 , Val l: 0.4970 | Test e:  71.56 
| Epoch  176 | Train e:  96.40, T l:  0.1007 | Val e:  74.57 , Val l: 0.4925 | Test e:  71.85 
| Epoch  177 | Train e:  96.43, T l:  0.1002 | Val e:  74.45 , Val l: 0.5084 | Test e:  71.79 
| Epoch  178 | Train e:  96.51, T l:  0.1005 | Val e:  74.25 , Val l: 0.5174 | Test e:  71.65 
| Epoch  179 | Train e:  96.35, T l:  0.1008 | Val e:  74.36 , Val l: 0.5193 | Test e:  71.65 
| Epoch  180 | Train e:  96.43, T l:  0.0995 | Val e:  74.13 , Val l: 0.5118 | Test e:  71.51 
| Epoch  181 | Train e:  96.50, T l:  0.1000 | Val e:  74.57 , Val l: 0.5151 | Test e:  71.83 
| Epoch  182 | Train e:  96.49, T l:  0.1004 | Val e:  74.54 , Val l: 0.5151 | Test e:  71.76 
| Epoch  183 | Train e:  96.31, T l:  0.0993 | Val e:  74.27 , Val l: 0.5205 | Test e:  71.85 
| Epoch  184 | Train e:  96.42, T l:  0.0996 | Val e:  74.43 , Val l: 0.5055 | Test e:  71.78 
| Epoch  185 | Train e:  96.47, T l:  0.0997 | Val e:  74.32 , Val l: 0.5112 | Test e:  71.68 
| Epoch  186 | Train e:  96.39, T l:  0.0982 | Val e:  74.40 , Val l: 0.5160 | Test e:  71.52 
| Epoch  187 | Train e:  96.51, T l:  0.0993 | Val e:  74.33 , Val l: 0.5057 | Test e:  71.64 
| Epoch  188 | Train e:  96.45, T l:  0.0986 | Val e:  74.34 , Val l: 0.5228 | Test e:  71.60 
| Epoch  189 | Train e:  96.26, T l:  0.0990 | Val e:  74.15 , Val l: 0.5178 | Test e:  71.47 
| Epoch  190 | Train e:  96.53, T l:  0.0983 | Val e:  74.39 , Val l: 0.5135 | Test e:  71.65 
| Epoch  191 | Train e:  96.52, T l:  0.0991 | Val e:  74.32 , Val l: 0.5126 | Test e:  71.56 
| Epoch  192 | Train e:  96.45, T l:  0.0994 | Val e:  74.25 , Val l: 0.5139 | Test e:  71.60 
| Epoch  193 | Train e:  96.48, T l:  0.0984 | Val e:  74.31 , Val l: 0.5113 | Test e:  71.69 
| Epoch  194 | Train e:  96.50, T l:  0.0964 | Val e:  74.27 , Val l: 0.5130 | Test e:  71.67 
| Epoch  195 | Train e:  96.48, T l:  0.0965 | Val e:  74.24 , Val l: 0.5163 | Test e:  71.66 
| Epoch  196 | Train e:  96.48, T l:  0.0966 | Val e:  74.22 , Val l: 0.5190 | Test e:  71.67 
| Epoch  197 | Train e:  96.46, T l:  0.0974 | Val e:  74.18 , Val l: 0.5204 | Test e:  71.65 
| Epoch  198 | Train e:  96.51, T l:  0.0968 | Val e:  74.22 , Val l: 0.5194 | Test e:  71.65 
| Epoch  199 | Train e:  96.49, T l:  0.0973 | Val e:  74.21 , Val l: 0.5195 | Test e:  71.63 
