

===============================================
2022-08-23 04:19:04

main.py --readout cls --gconv-dim 256 --tlayer-dim 256 --num-heads 8 --no-clustering --masked-attention --batch-size 32 --epochs 200 --warmup 20 --gconv-dropout 0.5 --tlayer-dropout 0.5 --seeds 314159 --device 1

None

dataset: ogbg-moltox21
use_val_loss: False
epochs: 200
scheduler: linear
warmup: 20
patience: 25
batch_size: 32
lr: 0.0001
weight_decay: 0.0001
clustering: False
masked_attention: True
gconv_dim: 256
tlayer_dim: 256
gconv_dropout: 0.5
tlayer_dropout: 0.5
num_layers: 4
num_heads: 8
skip_connection: none
readout: cls
seeds: 314159
save_state: False



| Epoch    0 | Train e:  46.79, T l:  0.5693 | Val e:  50.29 , Val l: 0.3595 | Test e:  51.16 
| Epoch    1 | Train e:  50.94, T l:  0.3293 | Val e:  50.73 , Val l: 0.3025 | Test e:  52.58 
| Epoch    2 | Train e:  56.39, T l:  0.2672 | Val e:  55.40 , Val l: 0.3072 | Test e:  55.75 
| Epoch    3 | Train e:  60.11, T l:  0.2525 | Val e:  58.38 , Val l: 0.3123 | Test e:  58.64 
| Epoch    4 | Train e:  60.08, T l:  0.2468 | Val e:  59.77 , Val l: 0.3170 | Test e:  59.77 
| Epoch    5 | Train e:  59.00, T l:  0.2447 | Val e:  59.70 , Val l: 0.3131 | Test e:  60.15 
| Epoch    6 | Train e:  61.68, T l:  0.2388 | Val e:  61.39 , Val l: 0.3063 | Test e:  61.17 
| Epoch    7 | Train e:  66.18, T l:  0.2344 | Val e:  63.93 , Val l: 0.2989 | Test e:  64.15 
| Epoch    8 | Train e:  68.76, T l:  0.2310 | Val e:  66.51 , Val l: 0.2929 | Test e:  65.76 
| Epoch    9 | Train e:  72.78, T l:  0.2228 | Val e:  71.12 , Val l: 0.2856 | Test e:  67.32 
| Epoch   10 | Train e:  73.90, T l:  0.2159 | Val e:  72.98 , Val l: 0.2860 | Test e:  68.66 
| Epoch   11 | Train e:  74.53, T l:  0.2125 | Val e:  72.68 , Val l: 0.2766 | Test e:  69.12 
| Epoch   12 | Train e:  75.62, T l:  0.2094 | Val e:  74.34 , Val l: 0.2763 | Test e:  70.76 
| Epoch   13 | Train e:  76.61, T l:  0.2092 | Val e:  74.72 , Val l: 0.2765 | Test e:  70.32 
| Epoch   14 | Train e:  77.34, T l:  0.2037 | Val e:  75.75 , Val l: 0.2628 | Test e:  71.92 
| Epoch   15 | Train e:  76.36, T l:  0.2038 | Val e:  75.33 , Val l: 0.2854 | Test e:  71.59 
| Epoch   16 | Train e:  78.38, T l:  0.2019 | Val e:  76.35 , Val l: 0.2758 | Test e:  72.62 
| Epoch   17 | Train e:  79.32, T l:  0.2007 | Val e:  77.31 , Val l: 0.2957 | Test e:  72.69 
| Epoch   18 | Train e:  79.67, T l:  0.1996 | Val e:  77.84 , Val l: 0.2679 | Test e:  73.81 
| Epoch   19 | Train e:  80.69, T l:  0.1960 | Val e:  77.77 , Val l: 0.2820 | Test e:  73.61 
| Epoch   20 | Train e:  81.59, T l:  0.1961 | Val e:  78.30 , Val l: 0.2607 | Test e:  74.51 
| Epoch   21 | Train e:  81.60, T l:  0.1929 | Val e:  78.30 , Val l: 0.2693 | Test e:  73.60 
| Epoch   22 | Train e:  82.05, T l:  0.1920 | Val e:  77.90 , Val l: 0.2767 | Test e:  73.72 
| Epoch   23 | Train e:  82.98, T l:  0.1904 | Val e:  79.51 , Val l: 0.2452 | Test e:  75.08 
| Epoch   24 | Train e:  82.62, T l:  0.1887 | Val e:  78.75 , Val l: 0.2574 | Test e:  75.02 
| Epoch   25 | Train e:  83.91, T l:  0.1891 | Val e:  79.04 , Val l: 0.2477 | Test e:  74.97 
| Epoch   26 | Train e:  84.41, T l:  0.1858 | Val e:  79.52 , Val l: 0.2461 | Test e:  75.47 
| Epoch   27 | Train e:  84.97, T l:  0.1838 | Val e:  79.25 , Val l: 0.2539 | Test e:  75.83 
| Epoch   28 | Train e:  85.50, T l:  0.1835 | Val e:  79.37 , Val l: 0.2525 | Test e:  75.53 
| Epoch   29 | Train e:  85.70, T l:  0.1815 | Val e:  79.75 , Val l: 0.2452 | Test e:  75.05 
| Epoch   30 | Train e:  85.24, T l:  0.1821 | Val e:  79.18 , Val l: 0.2599 | Test e:  75.47 
| Epoch   31 | Train e:  86.33, T l:  0.1801 | Val e:  80.34 , Val l: 0.2424 | Test e:  76.20 
| Epoch   32 | Train e:  86.67, T l:  0.1796 | Val e:  79.21 , Val l: 0.2561 | Test e:  74.95 
| Epoch   33 | Train e:  86.36, T l:  0.1779 | Val e:  79.86 , Val l: 0.2595 | Test e:  75.30 
| Epoch   34 | Train e:  86.77, T l:  0.1757 | Val e:  79.40 , Val l: 0.2670 | Test e:  75.25 
| Epoch   35 | Train e:  86.11, T l:  0.1770 | Val e:  80.43 , Val l: 0.2469 | Test e:  75.37 
| Epoch   36 | Train e:  87.24, T l:  0.1758 | Val e:  79.93 , Val l: 0.2543 | Test e:  75.76 
| Epoch   37 | Train e:  87.34, T l:  0.1721 | Val e:  80.33 , Val l: 0.2467 | Test e:  76.34 
| Epoch   38 | Train e:  87.85, T l:  0.1721 | Val e:  80.09 , Val l: 0.2508 | Test e:  76.67 
| Epoch   39 | Train e:  87.93, T l:  0.1735 | Val e:  80.47 , Val l: 0.2433 | Test e:  76.63 
| Epoch   40 | Train e:  88.17, T l:  0.1704 | Val e:  80.33 , Val l: 0.2449 | Test e:  77.35 
| Epoch   41 | Train e:  88.01, T l:  0.1697 | Val e:  79.83 , Val l: 0.2494 | Test e:  76.68 
| Epoch   42 | Train e:  87.79, T l:  0.1696 | Val e:  80.11 , Val l: 0.2552 | Test e:  77.06 
| Epoch   43 | Train e:  88.36, T l:  0.1670 | Val e:  79.81 , Val l: 0.2555 | Test e:  76.59 
| Epoch   44 | Train e:  88.49, T l:  0.1675 | Val e:  79.63 , Val l: 0.2604 | Test e:  75.99 
| Epoch   45 | Train e:  88.62, T l:  0.1678 | Val e:  79.78 , Val l: 0.2473 | Test e:  76.83 
| Epoch   46 | Train e:  88.69, T l:  0.1663 | Val e:  80.47 , Val l: 0.2453 | Test e:  76.70 
| Epoch   47 | Train e:  88.61, T l:  0.1649 | Val e:  79.99 , Val l: 0.2516 | Test e:  77.26 
| Epoch   48 | Train e:  88.41, T l:  0.1648 | Val e:  79.86 , Val l: 0.2613 | Test e:  75.81 
| Epoch   49 | Train e:  88.84, T l:  0.1645 | Val e:  79.99 , Val l: 0.2506 | Test e:  76.70 
| Epoch   50 | Train e:  89.08, T l:  0.1639 | Val e:  79.94 , Val l: 0.2490 | Test e:  76.87 
| Epoch   51 | Train e:  89.26, T l:  0.1627 | Val e:  80.57 , Val l: 0.2534 | Test e:  76.76 
| Epoch   52 | Train e:  89.12, T l:  0.1615 | Val e:  80.00 , Val l: 0.2480 | Test e:  77.65 
| Epoch   53 | Train e:  89.54, T l:  0.1607 | Val e:  79.51 , Val l: 0.2551 | Test e:  76.97 
| Epoch   54 | Train e:  89.30, T l:  0.1622 | Val e:  79.70 , Val l: 0.2485 | Test e:  77.56 
| Epoch   55 | Train e:  89.61, T l:  0.1600 | Val e:  79.72 , Val l: 0.2474 | Test e:  77.12 
| Epoch   56 | Train e:  89.52, T l:  0.1613 | Val e:  80.42 , Val l: 0.2517 | Test e:  76.72 
| Epoch   57 | Train e:  89.64, T l:  0.1579 | Val e:  80.51 , Val l: 0.2454 | Test e:  77.35 
| Epoch   58 | Train e:  89.52, T l:  0.1594 | Val e:  80.65 , Val l: 0.2467 | Test e:  76.77 
| Epoch   59 | Train e:  89.73, T l:  0.1591 | Val e:  80.14 , Val l: 0.2509 | Test e:  77.09 
| Epoch   60 | Train e:  89.89, T l:  0.1574 | Val e:  80.50 , Val l: 0.2476 | Test e:  76.67 
| Epoch   61 | Train e:  89.65, T l:  0.1572 | Val e:  79.57 , Val l: 0.2578 | Test e:  76.29 
| Epoch   62 | Train e:  89.75, T l:  0.1571 | Val e:  80.08 , Val l: 0.2491 | Test e:  77.48 
| Epoch   63 | Train e:  90.03, T l:  0.1557 | Val e:  79.80 , Val l: 0.2497 | Test e:  77.77 
| Epoch   64 | Train e:  90.09, T l:  0.1554 | Val e:  80.03 , Val l: 0.2513 | Test e:  76.78 
| Epoch   65 | Train e:  90.07, T l:  0.1549 | Val e:  79.84 , Val l: 0.2524 | Test e:  76.35 
| Epoch   66 | Train e:  89.97, T l:  0.1547 | Val e:  79.06 , Val l: 0.2614 | Test e:  76.99 
| Epoch   67 | Train e:  90.31, T l:  0.1547 | Val e:  80.29 , Val l: 0.2451 | Test e:  77.49 
| Epoch   68 | Train e:  89.94, T l:  0.1552 | Val e:  79.38 , Val l: 0.2510 | Test e:  75.97 
| Epoch   69 | Train e:  90.36, T l:  0.1541 | Val e:  79.90 , Val l: 0.2498 | Test e:  77.53 
| Epoch   70 | Train e:  90.27, T l:  0.1540 | Val e:  79.63 , Val l: 0.2473 | Test e:  77.38 
| Epoch   71 | Train e:  90.33, T l:  0.1525 | Val e:  80.39 , Val l: 0.2516 | Test e:  76.23 
| Epoch   72 | Train e:  90.67, T l:  0.1513 | Val e:  80.94 , Val l: 0.2470 | Test e:  78.13 
| Epoch   73 | Train e:  90.69, T l:  0.1502 | Val e:  80.44 , Val l: 0.2618 | Test e:  78.43 
| Epoch   74 | Train e:  90.66, T l:  0.1506 | Val e:  80.48 , Val l: 0.2483 | Test e:  78.57 
| Epoch   75 | Train e:  90.74, T l:  0.1509 | Val e:  80.39 , Val l: 0.2450 | Test e:  77.27 
| Epoch   76 | Train e:  90.82, T l:  0.1506 | Val e:  79.98 , Val l: 0.2609 | Test e:  76.93 
| Epoch   77 | Train e:  90.97, T l:  0.1491 | Val e:  79.73 , Val l: 0.2511 | Test e:  77.54 
| Epoch   78 | Train e:  91.10, T l:  0.1469 | Val e:  80.64 , Val l: 0.2513 | Test e:  78.22 
| Epoch   79 | Train e:  91.00, T l:  0.1489 | Val e:  80.45 , Val l: 0.2566 | Test e:  78.33 
| Epoch   80 | Train e:  91.05, T l:  0.1493 | Val e:  80.86 , Val l: 0.2459 | Test e:  78.11 
| Epoch   81 | Train e:  91.06, T l:  0.1475 | Val e:  80.75 , Val l: 0.2515 | Test e:  77.93 
| Epoch   82 | Train e:  91.33, T l:  0.1488 | Val e:  80.86 , Val l: 0.2516 | Test e:  77.97 
| Epoch   83 | Train e:  90.93, T l:  0.1460 | Val e:  80.66 , Val l: 0.2640 | Test e:  77.70 
| Epoch   84 | Train e:  91.41, T l:  0.1472 | Val e:  81.09 , Val l: 0.2496 | Test e:  77.60 
| Epoch   85 | Train e:  91.23, T l:  0.1461 | Val e:  80.27 , Val l: 0.2631 | Test e:  77.74 
| Epoch   86 | Train e:  91.51, T l:  0.1454 | Val e:  80.81 , Val l: 0.2658 | Test e:  78.07 
| Epoch   87 | Train e:  91.15, T l:  0.1450 | Val e:  79.85 , Val l: 0.2725 | Test e:  76.99 
| Epoch   88 | Train e:  91.39, T l:  0.1461 | Val e:  80.49 , Val l: 0.2587 | Test e:  77.13 
| Epoch   89 | Train e:  91.63, T l:  0.1460 | Val e:  80.30 , Val l: 0.2506 | Test e:  77.10 
| Epoch   90 | Train e:  91.61, T l:  0.1449 | Val e:  80.82 , Val l: 0.2503 | Test e:  78.26 
| Epoch   91 | Train e:  91.72, T l:  0.1439 | Val e:  81.22 , Val l: 0.2586 | Test e:  77.17 
| Epoch   92 | Train e:  91.69, T l:  0.1433 | Val e:  80.42 , Val l: 0.2600 | Test e:  77.10 
| Epoch   93 | Train e:  91.77, T l:  0.1429 | Val e:  80.08 , Val l: 0.2546 | Test e:  77.73 
| Epoch   94 | Train e:  91.90, T l:  0.1425 | Val e:  80.32 , Val l: 0.2545 | Test e:  77.62 
| Epoch   95 | Train e:  91.80, T l:  0.1432 | Val e:  80.53 , Val l: 0.2562 | Test e:  77.58 
| Epoch   96 | Train e:  91.91, T l:  0.1421 | Val e:  80.04 , Val l: 0.2665 | Test e:  78.25 
| Epoch   97 | Train e:  92.07, T l:  0.1409 | Val e:  80.64 , Val l: 0.2506 | Test e:  77.30 
| Epoch   98 | Train e:  92.15, T l:  0.1406 | Val e:  80.92 , Val l: 0.2540 | Test e:  77.96 
| Epoch   99 | Train e:  92.11, T l:  0.1395 | Val e:  80.44 , Val l: 0.2554 | Test e:  77.65 
| Epoch  100 | Train e:  91.92, T l:  0.1406 | Val e:  80.45 , Val l: 0.2624 | Test e:  77.65 
| Epoch  101 | Train e:  92.30, T l:  0.1419 | Val e:  80.59 , Val l: 0.2435 | Test e:  77.85 
| Epoch  102 | Train e:  92.23, T l:  0.1397 | Val e:  80.83 , Val l: 0.2521 | Test e:  77.89 
| Epoch  103 | Train e:  92.43, T l:  0.1389 | Val e:  81.08 , Val l: 0.2578 | Test e:  77.57 
| Epoch  104 | Train e:  92.29, T l:  0.1393 | Val e:  80.73 , Val l: 0.2540 | Test e:  77.34 
| Epoch  105 | Train e:  92.49, T l:  0.1390 | Val e:  80.72 , Val l: 0.2585 | Test e:  76.77 
| Epoch  106 | Train e:  92.55, T l:  0.1389 | Val e:  80.40 , Val l: 0.2485 | Test e:  77.67 
| Epoch  107 | Train e:  92.32, T l:  0.1380 | Val e:  80.25 , Val l: 0.2653 | Test e:  76.85 
| Epoch  108 | Train e:  92.43, T l:  0.1377 | Val e:  80.49 , Val l: 0.2567 | Test e:  77.70 
| Epoch  109 | Train e:  92.59, T l:  0.1375 | Val e:  80.48 , Val l: 0.2596 | Test e:  77.68 
| Epoch  110 | Train e:  92.30, T l:  0.1378 | Val e:  80.20 , Val l: 0.2750 | Test e:  76.39 
| Epoch  111 | Train e:  92.74, T l:  0.1382 | Val e:  80.48 , Val l: 0.2612 | Test e:  78.06 
| Epoch  112 | Train e:  92.56, T l:  0.1382 | Val e:  80.61 , Val l: 0.2578 | Test e:  77.48 
| Epoch  113 | Train e:  92.50, T l:  0.1363 | Val e:  80.23 , Val l: 0.2791 | Test e:  77.44 
| Epoch  114 | Train e:  92.63, T l:  0.1372 | Val e:  81.02 , Val l: 0.2583 | Test e:  77.44 
| Epoch  115 | Train e:  92.79, T l:  0.1352 | Val e:  80.50 , Val l: 0.2555 | Test e:  77.75 
| Epoch  116 | Train e:  92.88, T l:  0.1365 | Val e:  80.32 , Val l: 0.2515 | Test e:  78.02 
| Epoch  117 | Train e:  92.98, T l:  0.1357 | Val e:  80.63 , Val l: 0.2575 | Test e:  77.69 
| Epoch  118 | Train e:  92.92, T l:  0.1355 | Val e:  80.34 , Val l: 0.2537 | Test e:  78.05 
| Epoch  119 | Train e:  93.04, T l:  0.1351 | Val e:  80.41 , Val l: 0.2672 | Test e:  78.54 
| Epoch  120 | Train e:  93.01, T l:  0.1347 | Val e:  80.13 , Val l: 0.2602 | Test e:  77.66 
| Epoch  121 | Train e:  92.95, T l:  0.1341 | Val e:  80.03 , Val l: 0.2542 | Test e:  77.63 
| Epoch  122 | Train e:  93.12, T l:  0.1329 | Val e:  80.09 , Val l: 0.2658 | Test e:  77.74 
| Epoch  123 | Train e:  93.18, T l:  0.1320 | Val e:  80.32 , Val l: 0.2593 | Test e:  77.85 
| Epoch  124 | Train e:  93.11, T l:  0.1343 | Val e:  80.64 , Val l: 0.2677 | Test e:  77.95 
| Epoch  125 | Train e:  93.31, T l:  0.1328 | Val e:  80.23 , Val l: 0.2633 | Test e:  77.99 
| Epoch  126 | Train e:  93.18, T l:  0.1333 | Val e:  80.54 , Val l: 0.2638 | Test e:  77.79 
| Epoch  127 | Train e:  93.07, T l:  0.1331 | Val e:  80.36 , Val l: 0.2714 | Test e:  76.56 
| Epoch  128 | Train e:  93.35, T l:  0.1298 | Val e:  80.44 , Val l: 0.2630 | Test e:  77.12 
| Epoch  129 | Train e:  93.23, T l:  0.1319 | Val e:  80.76 , Val l: 0.2691 | Test e:  78.14 
| Epoch  130 | Train e:  93.39, T l:  0.1321 | Val e:  80.56 , Val l: 0.2611 | Test e:  77.57 
| Epoch  131 | Train e:  93.44, T l:  0.1323 | Val e:  80.66 , Val l: 0.2644 | Test e:  77.82 
| Epoch  132 | Train e:  93.39, T l:  0.1313 | Val e:  80.83 , Val l: 0.2641 | Test e:  77.60 
| Epoch  133 | Train e:  93.31, T l:  0.1312 | Val e:  80.63 , Val l: 0.2624 | Test e:  77.26 
| Epoch  134 | Train e:  93.60, T l:  0.1296 | Val e:  80.60 , Val l: 0.2645 | Test e:  78.05 
| Epoch  135 | Train e:  93.25, T l:  0.1301 | Val e:  80.25 , Val l: 0.2793 | Test e:  77.21 
| Epoch  136 | Train e:  93.47, T l:  0.1298 | Val e:  80.85 , Val l: 0.2611 | Test e:  77.40 
| Epoch  137 | Train e:  93.56, T l:  0.1293 | Val e:  80.59 , Val l: 0.2688 | Test e:  78.28 
| Epoch  138 | Train e:  93.37, T l:  0.1295 | Val e:  79.93 , Val l: 0.2833 | Test e:  77.48 
| Epoch  139 | Train e:  93.25, T l:  0.1286 | Val e:  80.36 , Val l: 0.2751 | Test e:  76.67 
| Epoch  140 | Train e:  93.55, T l:  0.1283 | Val e:  80.71 , Val l: 0.2708 | Test e:  77.70 
| Epoch  141 | Train e:  93.36, T l:  0.1277 | Val e:  80.26 , Val l: 0.2825 | Test e:  76.53 
| Epoch  142 | Train e:  93.78, T l:  0.1266 | Val e:  80.49 , Val l: 0.2633 | Test e:  77.30 
| Epoch  143 | Train e:  93.82, T l:  0.1294 | Val e:  80.61 , Val l: 0.2609 | Test e:  77.57 
| Epoch  144 | Train e:  93.72, T l:  0.1286 | Val e:  80.51 , Val l: 0.2663 | Test e:  77.74 
| Epoch  145 | Train e:  93.75, T l:  0.1266 | Val e:  80.99 , Val l: 0.2770 | Test e:  77.61 
| Epoch  146 | Train e:  93.74, T l:  0.1277 | Val e:  80.67 , Val l: 0.2698 | Test e:  76.91 
| Epoch  147 | Train e:  93.84, T l:  0.1266 | Val e:  80.24 , Val l: 0.2733 | Test e:  77.76 
| Epoch  148 | Train e:  93.78, T l:  0.1270 | Val e:  80.41 , Val l: 0.2667 | Test e:  77.10 
| Epoch  149 | Train e:  93.67, T l:  0.1259 | Val e:  80.28 , Val l: 0.2749 | Test e:  77.35 
| Epoch  150 | Train e:  93.92, T l:  0.1264 | Val e:  80.50 , Val l: 0.2679 | Test e:  77.29 
| Epoch  151 | Train e:  93.95, T l:  0.1263 | Val e:  80.92 , Val l: 0.2716 | Test e:  77.71 
| Epoch  152 | Train e:  94.04, T l:  0.1264 | Val e:  80.58 , Val l: 0.2629 | Test e:  77.71 
| Epoch  153 | Train e:  94.00, T l:  0.1258 | Val e:  80.64 , Val l: 0.2642 | Test e:  77.60 
| Epoch  154 | Train e:  93.98, T l:  0.1242 | Val e:  80.78 , Val l: 0.2736 | Test e:  77.53 
| Epoch  155 | Train e:  93.99, T l:  0.1240 | Val e:  80.81 , Val l: 0.2790 | Test e:  77.18 
| Epoch  156 | Train e:  94.06, T l:  0.1252 | Val e:  80.65 , Val l: 0.2664 | Test e:  77.28 
| Epoch  157 | Train e:  94.16, T l:  0.1251 | Val e:  80.63 , Val l: 0.2611 | Test e:  77.21 
| Epoch  158 | Train e:  94.11, T l:  0.1250 | Val e:  80.71 , Val l: 0.2648 | Test e:  77.38 
| Epoch  159 | Train e:  94.10, T l:  0.1244 | Val e:  80.79 , Val l: 0.2703 | Test e:  77.56 
| Epoch  160 | Train e:  94.17, T l:  0.1235 | Val e:  80.66 , Val l: 0.2717 | Test e:  77.50 
| Epoch  161 | Train e:  94.07, T l:  0.1234 | Val e:  80.46 , Val l: 0.2814 | Test e:  77.04 
| Epoch  162 | Train e:  94.18, T l:  0.1239 | Val e:  80.40 , Val l: 0.2739 | Test e:  77.25 
| Epoch  163 | Train e:  94.25, T l:  0.1232 | Val e:  80.97 , Val l: 0.2707 | Test e:  77.37 
| Epoch  164 | Train e:  94.25, T l:  0.1222 | Val e:  80.62 , Val l: 0.2681 | Test e:  77.22 
| Epoch  165 | Train e:  94.37, T l:  0.1229 | Val e:  80.60 , Val l: 0.2652 | Test e:  77.18 
| Epoch  166 | Train e:  94.36, T l:  0.1221 | Val e:  80.74 , Val l: 0.2745 | Test e:  77.42 
| Epoch  167 | Train e:  94.21, T l:  0.1225 | Val e:  80.62 , Val l: 0.2822 | Test e:  77.07 
| Epoch  168 | Train e:  94.31, T l:  0.1227 | Val e:  80.66 , Val l: 0.2708 | Test e:  77.17 
| Epoch  169 | Train e:  94.21, T l:  0.1220 | Val e:  80.46 , Val l: 0.2728 | Test e:  77.12 
| Epoch  170 | Train e:  94.36, T l:  0.1213 | Val e:  80.79 , Val l: 0.2750 | Test e:  77.13 
| Epoch  171 | Train e:  94.41, T l:  0.1215 | Val e:  80.67 , Val l: 0.2672 | Test e:  77.32 
| Epoch  172 | Train e:  94.33, T l:  0.1212 | Val e:  80.66 , Val l: 0.2820 | Test e:  77.05 
| Epoch  173 | Train e:  94.39, T l:  0.1204 | Val e:  80.50 , Val l: 0.2723 | Test e:  77.02 
| Epoch  174 | Train e:  94.39, T l:  0.1214 | Val e:  80.59 , Val l: 0.2773 | Test e:  77.06 
| Epoch  175 | Train e:  94.50, T l:  0.1203 | Val e:  80.74 , Val l: 0.2723 | Test e:  77.48 
| Epoch  176 | Train e:  94.41, T l:  0.1193 | Val e:  80.32 , Val l: 0.2764 | Test e:  77.08 
| Epoch  177 | Train e:  94.49, T l:  0.1203 | Val e:  80.66 , Val l: 0.2701 | Test e:  77.40 
| Epoch  178 | Train e:  94.50, T l:  0.1199 | Val e:  80.45 , Val l: 0.2742 | Test e:  77.33 
| Epoch  179 | Train e:  94.48, T l:  0.1195 | Val e:  80.39 , Val l: 0.2818 | Test e:  77.15 
| Epoch  180 | Train e:  94.51, T l:  0.1203 | Val e:  80.32 , Val l: 0.2688 | Test e:  77.28 
| Epoch  181 | Train e:  94.58, T l:  0.1197 | Val e:  80.64 , Val l: 0.2730 | Test e:  77.06 
| Epoch  182 | Train e:  94.51, T l:  0.1188 | Val e:  80.47 , Val l: 0.2784 | Test e:  77.11 
| Epoch  183 | Train e:  94.51, T l:  0.1196 | Val e:  80.41 , Val l: 0.2758 | Test e:  77.03 
| Epoch  184 | Train e:  94.55, T l:  0.1186 | Val e:  80.49 , Val l: 0.2779 | Test e:  77.00 
| Epoch  185 | Train e:  94.58, T l:  0.1188 | Val e:  80.45 , Val l: 0.2748 | Test e:  77.23 
| Epoch  186 | Train e:  94.59, T l:  0.1186 | Val e:  80.48 , Val l: 0.2763 | Test e:  77.24 
| Epoch  187 | Train e:  94.58, T l:  0.1194 | Val e:  80.50 , Val l: 0.2757 | Test e:  77.41 
| Epoch  188 | Train e:  94.65, T l:  0.1185 | Val e:  80.62 , Val l: 0.2766 | Test e:  77.45 
| Epoch  189 | Train e:  94.63, T l:  0.1194 | Val e:  80.44 , Val l: 0.2764 | Test e:  77.26 
| Epoch  190 | Train e:  94.58, T l:  0.1186 | Val e:  80.54 , Val l: 0.2810 | Test e:  77.28 
| Epoch  191 | Train e:  94.59, T l:  0.1183 | Val e:  80.58 , Val l: 0.2789 | Test e:  77.25 
| Epoch  192 | Train e:  94.66, T l:  0.1184 | Val e:  80.50 , Val l: 0.2766 | Test e:  77.26 
| Epoch  193 | Train e:  94.62, T l:  0.1189 | Val e:  80.53 , Val l: 0.2792 | Test e:  77.39 
| Epoch  194 | Train e:  94.60, T l:  0.1167 | Val e:  80.52 , Val l: 0.2804 | Test e:  77.37 
| Epoch  195 | Train e:  94.65, T l:  0.1181 | Val e:  80.60 , Val l: 0.2770 | Test e:  77.35 
| Epoch  196 | Train e:  94.65, T l:  0.1176 | Val e:  80.58 , Val l: 0.2766 | Test e:  77.31 
| Epoch  197 | Train e:  94.62, T l:  0.1172 | Val e:  80.56 , Val l: 0.2784 | Test e:  77.23 
| Epoch  198 | Train e:  94.65, T l:  0.1169 | Val e:  80.59 , Val l: 0.2771 | Test e:  77.30 
| Epoch  199 | Train e:  94.66, T l:  0.1171 | Val e:  80.56 , Val l: 0.2764 | Test e:  77.32 
