

===============================================
2022-12-24 17:42:28

main_parallel.py --readout mean --gconv-dim 256 --tlayer-dim 256 --num-heads 8 --no-clustering --masked-attention --batch-size 32 --epochs 200 --warmup 20 --gconv-dropout 0.5 --tlayer-dropout 0.5 --seeds 666 --device 5

None

dataset: ogbg-moltox21
use_val_loss: False
epochs: 200
scheduler: linear
warmup: 20
patience: 25
batch_size: 32
lr: 0.0001
weight_decay: 0.0001
clustering: False
masked_attention: True
gconv_dim: 256
tlayer_dim: 256
gconv_dropout: 0.5
tlayer_dropout: 0.5
num_layers: 4
num_heads: 8
skip_connection: none
readout: mean
seeds: 666
save_state: False



| Epoch    0 | Train e:  51.36, T l:  0.4659 | Val e:  49.44 , Val l: 0.3128 | Test e:  50.04 
| Epoch    1 | Train e:  58.74, T l:  0.2713 | Val e:  55.86 , Val l: 0.3141 | Test e:  59.31 
| Epoch    2 | Train e:  60.37, T l:  0.2434 | Val e:  57.58 , Val l: 0.3204 | Test e:  59.99 
| Epoch    3 | Train e:  62.42, T l:  0.2366 | Val e:  61.15 , Val l: 0.3101 | Test e:  61.97 
| Epoch    4 | Train e:  67.14, T l:  0.2322 | Val e:  65.08 , Val l: 0.3098 | Test e:  65.86 
| Epoch    5 | Train e:  70.96, T l:  0.2262 | Val e:  67.89 , Val l: 0.2991 | Test e:  68.31 
| Epoch    6 | Train e:  72.56, T l:  0.2188 | Val e:  68.93 , Val l: 0.3118 | Test e:  67.36 
| Epoch    7 | Train e:  73.00, T l:  0.2146 | Val e:  70.31 , Val l: 0.2904 | Test e:  69.28 
| Epoch    8 | Train e:  74.31, T l:  0.2119 | Val e:  69.93 , Val l: 0.2994 | Test e:  68.90 
| Epoch    9 | Train e:  74.14, T l:  0.2112 | Val e:  71.08 , Val l: 0.2840 | Test e:  69.90 
| Epoch   10 | Train e:  75.50, T l:  0.2096 | Val e:  70.64 , Val l: 0.3037 | Test e:  70.02 
| Epoch   11 | Train e:  77.87, T l:  0.2055 | Val e:  72.74 , Val l: 0.3012 | Test e:  70.36 
| Epoch   12 | Train e:  78.05, T l:  0.2041 | Val e:  74.51 , Val l: 0.3070 | Test e:  71.84 
| Epoch   13 | Train e:  80.52, T l:  0.2004 | Val e:  75.40 , Val l: 0.2851 | Test e:  72.55 
| Epoch   14 | Train e:  80.88, T l:  0.1981 | Val e:  75.77 , Val l: 0.2972 | Test e:  73.35 
| Epoch   15 | Train e:  81.91, T l:  0.1965 | Val e:  76.67 , Val l: 0.2967 | Test e:  74.03 
| Epoch   16 | Train e:  83.26, T l:  0.1939 | Val e:  77.35 , Val l: 0.3169 | Test e:  73.22 
| Epoch   17 | Train e:  84.07, T l:  0.1906 | Val e:  77.93 , Val l: 0.2790 | Test e:  73.69 
| Epoch   18 | Train e:  84.94, T l:  0.1873 | Val e:  78.69 , Val l: 0.2714 | Test e:  74.67 
| Epoch   19 | Train e:  84.88, T l:  0.1846 | Val e:  78.08 , Val l: 0.2851 | Test e:  74.30 
| Epoch   20 | Train e:  84.70, T l:  0.1833 | Val e:  77.83 , Val l: 0.3458 | Test e:  73.88 
| Epoch   21 | Train e:  85.49, T l:  0.1821 | Val e:  78.30 , Val l: 0.2919 | Test e:  74.48 
| Epoch   22 | Train e:  86.57, T l:  0.1805 | Val e:  79.20 , Val l: 0.2680 | Test e:  74.91 
| Epoch   23 | Train e:  86.64, T l:  0.1760 | Val e:  78.78 , Val l: 0.2757 | Test e:  74.99 
| Epoch   24 | Train e:  87.06, T l:  0.1746 | Val e:  79.29 , Val l: 0.2805 | Test e:  74.23 
| Epoch   25 | Train e:  87.74, T l:  0.1722 | Val e:  79.47 , Val l: 0.2733 | Test e:  75.09 
| Epoch   26 | Train e:  87.81, T l:  0.1718 | Val e:  78.54 , Val l: 0.2841 | Test e:  74.77 
| Epoch   27 | Train e:  88.15, T l:  0.1691 | Val e:  79.10 , Val l: 0.2963 | Test e:  74.38 
| Epoch   28 | Train e:  88.17, T l:  0.1684 | Val e:  79.73 , Val l: 0.2679 | Test e:  74.78 
| Epoch   29 | Train e:  88.53, T l:  0.1660 | Val e:  79.58 , Val l: 0.3052 | Test e:  74.64 
| Epoch   30 | Train e:  88.54, T l:  0.1643 | Val e:  79.65 , Val l: 0.2721 | Test e:  74.61 
| Epoch   31 | Train e:  88.77, T l:  0.1633 | Val e:  79.69 , Val l: 0.2723 | Test e:  75.01 
| Epoch   32 | Train e:  88.96, T l:  0.1630 | Val e:  79.48 , Val l: 0.2789 | Test e:  75.75 
| Epoch   33 | Train e:  88.65, T l:  0.1620 | Val e:  79.03 , Val l: 0.2795 | Test e:  75.14 
| Epoch   34 | Train e:  89.52, T l:  0.1594 | Val e:  79.77 , Val l: 0.2730 | Test e:  75.20 
| Epoch   35 | Train e:  89.57, T l:  0.1594 | Val e:  79.39 , Val l: 0.2880 | Test e:  74.20 
| Epoch   36 | Train e:  89.79, T l:  0.1586 | Val e:  79.98 , Val l: 0.2560 | Test e:  75.20 
| Epoch   37 | Train e:  90.11, T l:  0.1567 | Val e:  79.54 , Val l: 0.2767 | Test e:  75.00 
| Epoch   38 | Train e:  90.02, T l:  0.1547 | Val e:  80.25 , Val l: 0.2664 | Test e:  75.09 
| Epoch   39 | Train e:  90.41, T l:  0.1553 | Val e:  79.71 , Val l: 0.2851 | Test e:  75.72 
| Epoch   40 | Train e:  90.51, T l:  0.1535 | Val e:  79.94 , Val l: 0.2917 | Test e:  75.34 
| Epoch   41 | Train e:  90.64, T l:  0.1543 | Val e:  80.51 , Val l: 0.2624 | Test e:  75.62 
| Epoch   42 | Train e:  90.81, T l:  0.1507 | Val e:  80.36 , Val l: 0.2627 | Test e:  75.60 
| Epoch   43 | Train e:  90.94, T l:  0.1504 | Val e:  79.65 , Val l: 0.2827 | Test e:  75.03 
| Epoch   44 | Train e:  91.16, T l:  0.1501 | Val e:  80.46 , Val l: 0.2711 | Test e:  75.19 
| Epoch   45 | Train e:  91.05, T l:  0.1490 | Val e:  80.32 , Val l: 0.2590 | Test e:  75.39 
| Epoch   46 | Train e:  90.86, T l:  0.1489 | Val e:  79.91 , Val l: 0.3094 | Test e:  75.23 
| Epoch   47 | Train e:  91.53, T l:  0.1477 | Val e:  79.95 , Val l: 0.2785 | Test e:  74.92 
| Epoch   48 | Train e:  91.44, T l:  0.1474 | Val e:  79.90 , Val l: 0.2936 | Test e:  75.55 
| Epoch   49 | Train e:  91.83, T l:  0.1445 | Val e:  80.26 , Val l: 0.2831 | Test e:  74.95 
| Epoch   50 | Train e:  91.94, T l:  0.1446 | Val e:  80.07 , Val l: 0.2790 | Test e:  75.23 
| Epoch   51 | Train e:  91.78, T l:  0.1426 | Val e:  79.72 , Val l: 0.3130 | Test e:  74.40 
| Epoch   52 | Train e:  92.04, T l:  0.1427 | Val e:  80.06 , Val l: 0.2793 | Test e:  74.92 
| Epoch   53 | Train e:  92.12, T l:  0.1419 | Val e:  80.01 , Val l: 0.2791 | Test e:  75.02 
| Epoch   54 | Train e:  92.42, T l:  0.1410 | Val e:  79.98 , Val l: 0.2829 | Test e:  75.72 
| Epoch   55 | Train e:  92.51, T l:  0.1400 | Val e:  79.62 , Val l: 0.2768 | Test e:  75.12 
| Epoch   56 | Train e:  92.63, T l:  0.1400 | Val e:  79.95 , Val l: 0.2996 | Test e:  74.64 
| Epoch   57 | Train e:  92.34, T l:  0.1379 | Val e:  79.35 , Val l: 0.3136 | Test e:  74.80 
| Epoch   58 | Train e:  92.76, T l:  0.1384 | Val e:  80.03 , Val l: 0.2750 | Test e:  74.69 
| Epoch   59 | Train e:  92.80, T l:  0.1359 | Val e:  79.95 , Val l: 0.2839 | Test e:  75.01 
| Epoch   60 | Train e:  92.26, T l:  0.1364 | Val e:  78.22 , Val l: 0.3309 | Test e:  73.88 
| Epoch   61 | Train e:  92.84, T l:  0.1347 | Val e:  78.30 , Val l: 0.3068 | Test e:  74.39 
| Epoch   62 | Train e:  93.28, T l:  0.1359 | Val e:  79.57 , Val l: 0.3071 | Test e:  74.76 
| Epoch   63 | Train e:  93.17, T l:  0.1337 | Val e:  78.85 , Val l: 0.3013 | Test e:  73.88 
| Epoch   64 | Train e:  93.35, T l:  0.1344 | Val e:  78.96 , Val l: 0.3015 | Test e:  73.66 
| Epoch   65 | Train e:  93.26, T l:  0.1304 | Val e:  78.93 , Val l: 0.3004 | Test e:  74.19 
| Epoch   66 | Train e:  93.33, T l:  0.1316 | Val e:  79.15 , Val l: 0.3022 | Test e:  74.56 
| Epoch   67 | Train e:  93.35, T l:  0.1314 | Val e:  79.79 , Val l: 0.2871 | Test e:  74.74 
| Epoch   68 | Train e:  93.65, T l:  0.1296 | Val e:  79.29 , Val l: 0.3297 | Test e:  74.76 
| Epoch   69 | Train e:  93.93, T l:  0.1274 | Val e:  79.05 , Val l: 0.3160 | Test e:  74.58 
| Epoch   70 | Train e:  93.77, T l:  0.1288 | Val e:  79.44 , Val l: 0.3032 | Test e:  74.46 
| Epoch   71 | Train e:  93.91, T l:  0.1267 | Val e:  78.76 , Val l: 0.3266 | Test e:  74.06 
| Epoch   72 | Train e:  93.73, T l:  0.1265 | Val e:  78.82 , Val l: 0.3477 | Test e:  74.19 
| Epoch   73 | Train e:  94.12, T l:  0.1260 | Val e:  78.75 , Val l: 0.3261 | Test e:  74.72 
| Epoch   74 | Train e:  93.97, T l:  0.1250 | Val e:  77.77 , Val l: 0.3327 | Test e:  73.49 
| Epoch   75 | Train e:  94.42, T l:  0.1235 | Val e:  78.63 , Val l: 0.3369 | Test e:  74.27 
| Epoch   76 | Train e:  94.25, T l:  0.1241 | Val e:  78.90 , Val l: 0.3084 | Test e:  73.89 
| Epoch   77 | Train e:  94.55, T l:  0.1243 | Val e:  78.57 , Val l: 0.3179 | Test e:  73.67 
| Epoch   78 | Train e:  94.52, T l:  0.1222 | Val e:  78.75 , Val l: 0.2903 | Test e:  74.04 
| Epoch   79 | Train e:  94.70, T l:  0.1215 | Val e:  78.85 , Val l: 0.3342 | Test e:  74.75 
| Epoch   80 | Train e:  94.72, T l:  0.1209 | Val e:  78.68 , Val l: 0.3335 | Test e:  74.29 
| Epoch   81 | Train e:  94.90, T l:  0.1194 | Val e:  79.13 , Val l: 0.3199 | Test e:  73.86 
| Epoch   82 | Train e:  94.73, T l:  0.1193 | Val e:  78.43 , Val l: 0.3556 | Test e:  74.04 
| Epoch   83 | Train e:  95.24, T l:  0.1178 | Val e:  79.23 , Val l: 0.3169 | Test e:  74.06 
| Epoch   84 | Train e:  95.27, T l:  0.1183 | Val e:  79.35 , Val l: 0.3092 | Test e:  74.10 
| Epoch   85 | Train e:  95.35, T l:  0.1174 | Val e:  78.74 , Val l: 0.3150 | Test e:  74.03 
| Epoch   86 | Train e:  95.32, T l:  0.1167 | Val e:  78.70 , Val l: 0.3201 | Test e:  74.04 
| Epoch   87 | Train e:  95.12, T l:  0.1155 | Val e:  78.13 , Val l: 0.3456 | Test e:  73.63 
| Epoch   88 | Train e:  95.37, T l:  0.1148 | Val e:  77.81 , Val l: 0.3433 | Test e:  73.36 
| Epoch   89 | Train e:  95.47, T l:  0.1164 | Val e:  79.04 , Val l: 0.3459 | Test e:  74.12 
| Epoch   90 | Train e:  95.62, T l:  0.1130 | Val e:  78.51 , Val l: 0.3503 | Test e:  74.47 
| Epoch   91 | Train e:  95.89, T l:  0.1144 | Val e:  78.78 , Val l: 0.3339 | Test e:  74.29 
| Epoch   92 | Train e:  95.72, T l:  0.1111 | Val e:  78.46 , Val l: 0.3353 | Test e:  74.26 
| Epoch   93 | Train e:  95.76, T l:  0.1131 | Val e:  78.83 , Val l: 0.3619 | Test e:  74.25 
| Epoch   94 | Train e:  95.72, T l:  0.1112 | Val e:  78.28 , Val l: 0.3469 | Test e:  74.09 
| Epoch   95 | Train e:  95.80, T l:  0.1094 | Val e:  77.47 , Val l: 0.3804 | Test e:  73.61 
| Epoch   96 | Train e:  96.12, T l:  0.1106 | Val e:  77.60 , Val l: 0.3408 | Test e:  73.40 
| Epoch   97 | Train e:  96.22, T l:  0.1085 | Val e:  77.85 , Val l: 0.3587 | Test e:  73.82 
| Epoch   98 | Train e:  96.18, T l:  0.1085 | Val e:  78.34 , Val l: 0.3504 | Test e:  74.18 
| Epoch   99 | Train e:  96.17, T l:  0.1083 | Val e:  77.38 , Val l: 0.3452 | Test e:  73.04 
| Epoch  100 | Train e:  96.18, T l:  0.1079 | Val e:  78.56 , Val l: 0.3660 | Test e:  73.96 
| Epoch  101 | Train e:  96.36, T l:  0.1049 | Val e:  77.76 , Val l: 0.3633 | Test e:  73.46 
| Epoch  102 | Train e:  96.46, T l:  0.1060 | Val e:  77.73 , Val l: 0.3588 | Test e:  74.16 
| Epoch  103 | Train e:  96.53, T l:  0.1060 | Val e:  77.51 , Val l: 0.3630 | Test e:  74.06 
| Epoch  104 | Train e:  96.54, T l:  0.1050 | Val e:  77.55 , Val l: 0.3717 | Test e:  74.13 
| Epoch  105 | Train e:  96.72, T l:  0.1042 | Val e:  78.05 , Val l: 0.3757 | Test e:  74.43 
| Epoch  106 | Train e:  96.57, T l:  0.1025 | Val e:  78.08 , Val l: 0.3713 | Test e:  73.55 
| Epoch  107 | Train e:  96.57, T l:  0.1021 | Val e:  77.58 , Val l: 0.4008 | Test e:  73.99 
| Epoch  108 | Train e:  96.75, T l:  0.1019 | Val e:  77.22 , Val l: 0.3541 | Test e:  73.58 
| Epoch  109 | Train e:  96.65, T l:  0.1025 | Val e:  77.47 , Val l: 0.3963 | Test e:  73.27 
| Epoch  110 | Train e:  96.74, T l:  0.1015 | Val e:  77.64 , Val l: 0.4033 | Test e:  73.85 
| Epoch  111 | Train e:  96.83, T l:  0.0996 | Val e:  78.03 , Val l: 0.3765 | Test e:  74.33 
| Epoch  112 | Train e:  96.74, T l:  0.0998 | Val e:  77.40 , Val l: 0.4317 | Test e:  73.56 
| Epoch  113 | Train e:  96.84, T l:  0.0987 | Val e:  77.37 , Val l: 0.4421 | Test e:  74.23 
| Epoch  114 | Train e:  96.87, T l:  0.0984 | Val e:  77.37 , Val l: 0.3899 | Test e:  74.40 
| Epoch  115 | Train e:  97.32, T l:  0.0972 | Val e:  77.58 , Val l: 0.3689 | Test e:  74.03 
| Epoch  116 | Train e:  97.26, T l:  0.0973 | Val e:  78.13 , Val l: 0.3713 | Test e:  74.23 
| Epoch  117 | Train e:  96.83, T l:  0.0971 | Val e:  77.21 , Val l: 0.4238 | Test e:  73.48 
| Epoch  118 | Train e:  97.02, T l:  0.0980 | Val e:  77.76 , Val l: 0.4083 | Test e:  74.21 
| Epoch  119 | Train e:  97.30, T l:  0.0957 | Val e:  78.24 , Val l: 0.3972 | Test e:  74.77 
| Epoch  120 | Train e:  97.43, T l:  0.0966 | Val e:  78.24 , Val l: 0.3896 | Test e:  74.76 
| Epoch  121 | Train e:  97.27, T l:  0.0940 | Val e:  76.57 , Val l: 0.4100 | Test e:  74.18 
| Epoch  122 | Train e:  97.55, T l:  0.0949 | Val e:  78.02 , Val l: 0.4001 | Test e:  74.68 
| Epoch  123 | Train e:  97.66, T l:  0.0938 | Val e:  77.49 , Val l: 0.3739 | Test e:  74.29 
| Epoch  124 | Train e:  97.37, T l:  0.0937 | Val e:  77.24 , Val l: 0.4211 | Test e:  73.78 
| Epoch  125 | Train e:  97.53, T l:  0.0912 | Val e:  77.29 , Val l: 0.4125 | Test e:  74.11 
| Epoch  126 | Train e:  97.54, T l:  0.0902 | Val e:  77.25 , Val l: 0.4173 | Test e:  74.48 
| Epoch  127 | Train e:  97.52, T l:  0.0916 | Val e:  76.90 , Val l: 0.4449 | Test e:  74.32 
| Epoch  128 | Train e:  97.69, T l:  0.0908 | Val e:  77.40 , Val l: 0.4077 | Test e:  74.02 
| Epoch  129 | Train e:  97.46, T l:  0.0911 | Val e:  77.68 , Val l: 0.4100 | Test e:  74.26 
| Epoch  130 | Train e:  97.68, T l:  0.0897 | Val e:  76.92 , Val l: 0.4158 | Test e:  74.13 
| Epoch  131 | Train e:  97.70, T l:  0.0885 | Val e:  77.17 , Val l: 0.4179 | Test e:  74.50 
| Epoch  132 | Train e:  97.92, T l:  0.0888 | Val e:  77.50 , Val l: 0.4027 | Test e:  74.52 
| Epoch  133 | Train e:  97.89, T l:  0.0874 | Val e:  77.09 , Val l: 0.4131 | Test e:  74.57 
| Epoch  134 | Train e:  97.84, T l:  0.0879 | Val e:  76.87 , Val l: 0.4365 | Test e:  74.00 
| Epoch  135 | Train e:  97.76, T l:  0.0868 | Val e:  76.75 , Val l: 0.4404 | Test e:  74.09 
| Epoch  136 | Train e:  97.86, T l:  0.0861 | Val e:  76.91 , Val l: 0.4321 | Test e:  74.32 
| Epoch  137 | Train e:  97.99, T l:  0.0853 | Val e:  76.81 , Val l: 0.4097 | Test e:  74.15 
| Epoch  138 | Train e:  97.96, T l:  0.0853 | Val e:  77.03 , Val l: 0.4095 | Test e:  74.37 
| Epoch  139 | Train e:  98.05, T l:  0.0842 | Val e:  76.89 , Val l: 0.4144 | Test e:  74.53 
| Epoch  140 | Train e:  98.01, T l:  0.0857 | Val e:  76.77 , Val l: 0.4546 | Test e:  74.66 
| Epoch  141 | Train e:  98.00, T l:  0.0843 | Val e:  77.36 , Val l: 0.4309 | Test e:  74.62 
| Epoch  142 | Train e:  98.07, T l:  0.0833 | Val e:  76.46 , Val l: 0.4435 | Test e:  74.39 
| Epoch  143 | Train e:  98.12, T l:  0.0824 | Val e:  76.79 , Val l: 0.4303 | Test e:  74.40 
| Epoch  144 | Train e:  98.18, T l:  0.0811 | Val e:  76.54 , Val l: 0.4338 | Test e:  74.18 
| Epoch  145 | Train e:  98.24, T l:  0.0822 | Val e:  76.85 , Val l: 0.4213 | Test e:  74.24 
| Epoch  146 | Train e:  98.26, T l:  0.0822 | Val e:  76.94 , Val l: 0.4373 | Test e:  74.57 
| Epoch  147 | Train e:  98.23, T l:  0.0821 | Val e:  76.84 , Val l: 0.4342 | Test e:  74.73 
| Epoch  148 | Train e:  98.28, T l:  0.0805 | Val e:  77.43 , Val l: 0.4242 | Test e:  74.72 
| Epoch  149 | Train e:  98.26, T l:  0.0802 | Val e:  76.98 , Val l: 0.4342 | Test e:  74.72 
| Epoch  150 | Train e:  98.17, T l:  0.0799 | Val e:  76.19 , Val l: 0.4626 | Test e:  74.08 
| Epoch  151 | Train e:  98.32, T l:  0.0800 | Val e:  76.85 , Val l: 0.4471 | Test e:  74.53 
| Epoch  152 | Train e:  98.28, T l:  0.0786 | Val e:  76.46 , Val l: 0.4543 | Test e:  74.23 
| Epoch  153 | Train e:  98.47, T l:  0.0791 | Val e:  76.74 , Val l: 0.4265 | Test e:  74.45 
| Epoch  154 | Train e:  98.26, T l:  0.0794 | Val e:  76.43 , Val l: 0.4717 | Test e:  74.39 
| Epoch  155 | Train e:  98.35, T l:  0.0775 | Val e:  76.39 , Val l: 0.4626 | Test e:  74.46 
| Epoch  156 | Train e:  98.45, T l:  0.0777 | Val e:  76.86 , Val l: 0.4320 | Test e:  74.67 
| Epoch  157 | Train e:  98.44, T l:  0.0772 | Val e:  76.66 , Val l: 0.4494 | Test e:  74.45 
| Epoch  158 | Train e:  98.50, T l:  0.0774 | Val e:  76.64 , Val l: 0.4418 | Test e:  74.45 
| Epoch  159 | Train e:  98.51, T l:  0.0763 | Val e:  76.37 , Val l: 0.4463 | Test e:  74.21 
| Epoch  160 | Train e:  98.48, T l:  0.0771 | Val e:  76.47 , Val l: 0.4590 | Test e:  74.41 
| Epoch  161 | Train e:  98.55, T l:  0.0748 | Val e:  76.65 , Val l: 0.4506 | Test e:  74.43 
| Epoch  162 | Train e:  98.48, T l:  0.0745 | Val e:  76.24 , Val l: 0.4654 | Test e:  74.03 
| Epoch  163 | Train e:  98.54, T l:  0.0752 | Val e:  76.78 , Val l: 0.4638 | Test e:  74.64 
| Epoch  164 | Train e:  98.57, T l:  0.0750 | Val e:  76.51 , Val l: 0.4503 | Test e:  74.55 
| Epoch  165 | Train e:  98.65, T l:  0.0746 | Val e:  76.66 , Val l: 0.4674 | Test e:  74.35 
| Epoch  166 | Train e:  98.62, T l:  0.0742 | Val e:  76.76 , Val l: 0.4659 | Test e:  74.59 
| Epoch  167 | Train e:  98.69, T l:  0.0729 | Val e:  76.55 , Val l: 0.4487 | Test e:  74.22 
| Epoch  168 | Train e:  98.57, T l:  0.0740 | Val e:  76.79 , Val l: 0.4754 | Test e:  74.42 
| Epoch  169 | Train e:  98.56, T l:  0.0729 | Val e:  76.25 , Val l: 0.4697 | Test e:  73.99 
| Epoch  170 | Train e:  98.66, T l:  0.0725 | Val e:  76.34 , Val l: 0.4647 | Test e:  74.35 
| Epoch  171 | Train e:  98.74, T l:  0.0719 | Val e:  76.48 , Val l: 0.4481 | Test e:  74.11 
| Epoch  172 | Train e:  98.69, T l:  0.0716 | Val e:  76.74 , Val l: 0.4701 | Test e:  74.10 
| Epoch  173 | Train e:  98.71, T l:  0.0721 | Val e:  76.54 , Val l: 0.4630 | Test e:  74.21 
| Epoch  174 | Train e:  98.68, T l:  0.0718 | Val e:  76.36 , Val l: 0.4719 | Test e:  74.21 
| Epoch  175 | Train e:  98.67, T l:  0.0708 | Val e:  76.12 , Val l: 0.4802 | Test e:  74.16 
| Epoch  176 | Train e:  98.73, T l:  0.0722 | Val e:  76.28 , Val l: 0.4652 | Test e:  74.19 
| Epoch  177 | Train e:  98.71, T l:  0.0696 | Val e:  76.01 , Val l: 0.4712 | Test e:  74.14 
| Epoch  178 | Train e:  98.70, T l:  0.0704 | Val e:  75.90 , Val l: 0.4660 | Test e:  74.15 
| Epoch  179 | Train e:  98.73, T l:  0.0697 | Val e:  76.25 , Val l: 0.4712 | Test e:  74.17 
| Epoch  180 | Train e:  98.72, T l:  0.0693 | Val e:  76.16 , Val l: 0.4771 | Test e:  74.19 
| Epoch  181 | Train e:  98.69, T l:  0.0697 | Val e:  76.07 , Val l: 0.4884 | Test e:  74.08 
| Epoch  182 | Train e:  98.74, T l:  0.0685 | Val e:  76.40 , Val l: 0.4898 | Test e:  74.20 
| Epoch  183 | Train e:  98.73, T l:  0.0705 | Val e:  76.28 , Val l: 0.4826 | Test e:  74.20 
| Epoch  184 | Train e:  98.78, T l:  0.0704 | Val e:  76.26 , Val l: 0.4741 | Test e:  73.92 
| Epoch  185 | Train e:  98.77, T l:  0.0690 | Val e:  76.34 , Val l: 0.4824 | Test e:  74.12 
| Epoch  186 | Train e:  98.76, T l:  0.0688 | Val e:  75.86 , Val l: 0.4911 | Test e:  74.05 
| Epoch  187 | Train e:  98.79, T l:  0.0683 | Val e:  76.20 , Val l: 0.4826 | Test e:  74.13 
| Epoch  188 | Train e:  98.80, T l:  0.0677 | Val e:  76.13 , Val l: 0.4787 | Test e:  74.10 
| Epoch  189 | Train e:  98.82, T l:  0.0666 | Val e:  76.25 , Val l: 0.4775 | Test e:  74.17 
| Epoch  190 | Train e:  98.78, T l:  0.0674 | Val e:  76.13 , Val l: 0.4837 | Test e:  74.21 
| Epoch  191 | Train e:  98.84, T l:  0.0671 | Val e:  76.20 , Val l: 0.4746 | Test e:  74.21 
| Epoch  192 | Train e:  98.83, T l:  0.0671 | Val e:  76.22 , Val l: 0.4783 | Test e:  74.15 
| Epoch  193 | Train e:  98.82, T l:  0.0679 | Val e:  76.14 , Val l: 0.4838 | Test e:  74.26 
| Epoch  194 | Train e:  98.85, T l:  0.0668 | Val e:  76.16 , Val l: 0.4774 | Test e:  74.28 
| Epoch  195 | Train e:  98.82, T l:  0.0662 | Val e:  76.16 , Val l: 0.4847 | Test e:  74.23 
| Epoch  196 | Train e:  98.84, T l:  0.0667 | Val e:  76.26 , Val l: 0.4797 | Test e:  74.27 
| Epoch  197 | Train e:  98.85, T l:  0.0664 | Val e:  76.24 , Val l: 0.4796 | Test e:  74.30 
| Epoch  198 | Train e:  98.84, T l:  0.0656 | Val e:  76.16 , Val l: 0.4835 | Test e:  74.27 
| Epoch  199 | Train e:  98.84, T l:  0.0656 | Val e:  76.14 , Val l: 0.4837 | Test e:  74.26 
