

===============================================
2022-08-23 04:19:11

main.py --readout cls --gconv-dim 256 --tlayer-dim 256 --num-heads 8 --no-clustering --masked-attention --batch-size 32 --epochs 200 --warmup 20 --gconv-dropout 0.5 --tlayer-dropout 0.5 --seeds 2022 --device 1

None

dataset: ogbg-moltox21
use_val_loss: False
epochs: 200
scheduler: linear
warmup: 20
patience: 25
batch_size: 32
lr: 0.0001
weight_decay: 0.0001
clustering: False
masked_attention: True
gconv_dim: 256
tlayer_dim: 256
gconv_dropout: 0.5
tlayer_dropout: 0.5
num_layers: 4
num_heads: 8
skip_connection: none
readout: cls
seeds: 2022
save_state: False



| Epoch    0 | Train e:  47.92, T l:  0.5289 | Val e:  49.02 , Val l: 0.3386 | Test e:  51.65 
| Epoch    1 | Train e:  52.62, T l:  0.3171 | Val e:  53.66 , Val l: 0.3041 | Test e:  55.95 
| Epoch    2 | Train e:  57.39, T l:  0.2636 | Val e:  56.19 , Val l: 0.3086 | Test e:  59.10 
| Epoch    3 | Train e:  58.31, T l:  0.2508 | Val e:  58.38 , Val l: 0.3136 | Test e:  60.52 
| Epoch    4 | Train e:  56.17, T l:  0.2461 | Val e:  59.45 , Val l: 0.3131 | Test e:  59.12 
| Epoch    5 | Train e:  59.60, T l:  0.2407 | Val e:  60.52 , Val l: 0.3083 | Test e:  60.91 
| Epoch    6 | Train e:  64.52, T l:  0.2356 | Val e:  62.43 , Val l: 0.3046 | Test e:  63.49 
| Epoch    7 | Train e:  66.64, T l:  0.2333 | Val e:  62.49 , Val l: 0.3006 | Test e:  64.94 
| Epoch    8 | Train e:  69.25, T l:  0.2312 | Val e:  65.79 , Val l: 0.2958 | Test e:  66.29 
| Epoch    9 | Train e:  72.41, T l:  0.2237 | Val e:  69.64 , Val l: 0.2884 | Test e:  68.77 
| Epoch   10 | Train e:  73.50, T l:  0.2166 | Val e:  70.85 , Val l: 0.2910 | Test e:  68.72 
| Epoch   11 | Train e:  74.47, T l:  0.2125 | Val e:  72.07 , Val l: 0.2812 | Test e:  69.65 
| Epoch   12 | Train e:  75.54, T l:  0.2096 | Val e:  73.41 , Val l: 0.2790 | Test e:  70.20 
| Epoch   13 | Train e:  75.44, T l:  0.2085 | Val e:  73.26 , Val l: 0.2714 | Test e:  70.75 
| Epoch   14 | Train e:  77.58, T l:  0.2058 | Val e:  74.86 , Val l: 0.2610 | Test e:  71.65 
| Epoch   15 | Train e:  77.28, T l:  0.2034 | Val e:  75.16 , Val l: 0.2649 | Test e:  71.92 
| Epoch   16 | Train e:  78.98, T l:  0.2012 | Val e:  75.83 , Val l: 0.2764 | Test e:  72.97 
| Epoch   17 | Train e:  80.02, T l:  0.1996 | Val e:  76.78 , Val l: 0.2595 | Test e:  72.81 
| Epoch   18 | Train e:  79.66, T l:  0.1979 | Val e:  75.64 , Val l: 0.2878 | Test e:  72.55 
| Epoch   19 | Train e:  80.64, T l:  0.1966 | Val e:  77.27 , Val l: 0.2729 | Test e:  73.68 
| Epoch   20 | Train e:  82.05, T l:  0.1942 | Val e:  78.32 , Val l: 0.2538 | Test e:  74.12 
| Epoch   21 | Train e:  82.22, T l:  0.1937 | Val e:  77.95 , Val l: 0.2600 | Test e:  74.18 
| Epoch   22 | Train e:  82.48, T l:  0.1916 | Val e:  77.32 , Val l: 0.2585 | Test e:  74.48 
| Epoch   23 | Train e:  83.96, T l:  0.1896 | Val e:  78.19 , Val l: 0.2620 | Test e:  74.88 
| Epoch   24 | Train e:  84.32, T l:  0.1888 | Val e:  78.08 , Val l: 0.2596 | Test e:  74.64 
| Epoch   25 | Train e:  84.28, T l:  0.1871 | Val e:  78.46 , Val l: 0.2673 | Test e:  76.10 
| Epoch   26 | Train e:  85.14, T l:  0.1847 | Val e:  79.26 , Val l: 0.2490 | Test e:  75.18 
| Epoch   27 | Train e:  85.80, T l:  0.1834 | Val e:  79.20 , Val l: 0.2568 | Test e:  76.04 
| Epoch   28 | Train e:  86.01, T l:  0.1831 | Val e:  79.81 , Val l: 0.2476 | Test e:  76.05 
| Epoch   29 | Train e:  85.67, T l:  0.1828 | Val e:  79.47 , Val l: 0.2543 | Test e:  75.07 
| Epoch   30 | Train e:  86.54, T l:  0.1785 | Val e:  79.47 , Val l: 0.2539 | Test e:  75.74 
| Epoch   31 | Train e:  86.76, T l:  0.1802 | Val e:  79.81 , Val l: 0.2551 | Test e:  76.27 
| Epoch   32 | Train e:  86.97, T l:  0.1770 | Val e:  79.85 , Val l: 0.2474 | Test e:  76.52 
| Epoch   33 | Train e:  86.78, T l:  0.1753 | Val e:  79.05 , Val l: 0.2597 | Test e:  77.17 
| Epoch   34 | Train e:  87.03, T l:  0.1750 | Val e:  79.39 , Val l: 0.2521 | Test e:  76.24 
| Epoch   35 | Train e:  86.86, T l:  0.1742 | Val e:  80.37 , Val l: 0.2449 | Test e:  76.66 
| Epoch   36 | Train e:  87.50, T l:  0.1728 | Val e:  79.45 , Val l: 0.2551 | Test e:  75.64 
| Epoch   37 | Train e:  87.57, T l:  0.1712 | Val e:  79.59 , Val l: 0.2490 | Test e:  76.94 
| Epoch   38 | Train e:  87.55, T l:  0.1710 | Val e:  80.29 , Val l: 0.2423 | Test e:  76.74 
| Epoch   39 | Train e:  87.54, T l:  0.1711 | Val e:  79.60 , Val l: 0.2636 | Test e:  76.45 
| Epoch   40 | Train e:  88.06, T l:  0.1709 | Val e:  79.88 , Val l: 0.2546 | Test e:  76.89 
| Epoch   41 | Train e:  88.03, T l:  0.1688 | Val e:  79.59 , Val l: 0.2549 | Test e:  76.32 
| Epoch   42 | Train e:  88.38, T l:  0.1681 | Val e:  80.27 , Val l: 0.2509 | Test e:  76.52 
| Epoch   43 | Train e:  88.64, T l:  0.1670 | Val e:  80.43 , Val l: 0.2479 | Test e:  76.76 
| Epoch   44 | Train e:  87.73, T l:  0.1674 | Val e:  80.15 , Val l: 0.2455 | Test e:  76.56 
| Epoch   45 | Train e:  88.49, T l:  0.1672 | Val e:  80.18 , Val l: 0.2530 | Test e:  77.00 
| Epoch   46 | Train e:  88.64, T l:  0.1659 | Val e:  80.34 , Val l: 0.2566 | Test e:  76.19 
| Epoch   47 | Train e:  88.72, T l:  0.1636 | Val e:  79.92 , Val l: 0.2537 | Test e:  77.29 
| Epoch   48 | Train e:  89.00, T l:  0.1648 | Val e:  80.05 , Val l: 0.2534 | Test e:  76.91 
| Epoch   49 | Train e:  88.62, T l:  0.1644 | Val e:  79.81 , Val l: 0.2694 | Test e:  77.63 
| Epoch   50 | Train e:  88.88, T l:  0.1613 | Val e:  79.68 , Val l: 0.2660 | Test e:  76.84 
| Epoch   51 | Train e:  88.85, T l:  0.1633 | Val e:  80.62 , Val l: 0.2489 | Test e:  76.37 
| Epoch   52 | Train e:  88.96, T l:  0.1608 | Val e:  79.76 , Val l: 0.2586 | Test e:  76.58 
| Epoch   53 | Train e:  89.31, T l:  0.1596 | Val e:  80.48 , Val l: 0.2599 | Test e:  76.83 
| Epoch   54 | Train e:  89.25, T l:  0.1616 | Val e:  80.24 , Val l: 0.2510 | Test e:  77.25 
| Epoch   55 | Train e:  89.63, T l:  0.1601 | Val e:  80.33 , Val l: 0.2506 | Test e:  77.49 
| Epoch   56 | Train e:  89.62, T l:  0.1579 | Val e:  80.61 , Val l: 0.2502 | Test e:  77.33 
| Epoch   57 | Train e:  89.27, T l:  0.1595 | Val e:  80.14 , Val l: 0.2554 | Test e:  77.06 
| Epoch   58 | Train e:  89.43, T l:  0.1585 | Val e:  79.64 , Val l: 0.2582 | Test e:  76.44 
| Epoch   59 | Train e:  89.69, T l:  0.1570 | Val e:  80.08 , Val l: 0.2493 | Test e:  77.50 
| Epoch   60 | Train e:  89.99, T l:  0.1566 | Val e:  80.43 , Val l: 0.2475 | Test e:  77.89 
| Epoch   61 | Train e:  89.75, T l:  0.1567 | Val e:  80.06 , Val l: 0.2484 | Test e:  76.66 
| Epoch   62 | Train e:  89.88, T l:  0.1555 | Val e:  80.22 , Val l: 0.2501 | Test e:  77.91 
| Epoch   63 | Train e:  90.04, T l:  0.1556 | Val e:  80.09 , Val l: 0.2553 | Test e:  76.45 
| Epoch   64 | Train e:  90.20, T l:  0.1554 | Val e:  80.44 , Val l: 0.2464 | Test e:  78.04 
| Epoch   65 | Train e:  90.10, T l:  0.1548 | Val e:  79.73 , Val l: 0.2580 | Test e:  76.58 
| Epoch   66 | Train e:  89.98, T l:  0.1537 | Val e:  79.67 , Val l: 0.2574 | Test e:  77.24 
| Epoch   67 | Train e:  90.27, T l:  0.1545 | Val e:  80.26 , Val l: 0.2410 | Test e:  77.52 
| Epoch   68 | Train e:  90.24, T l:  0.1528 | Val e:  80.62 , Val l: 0.2489 | Test e:  77.38 
| Epoch   69 | Train e:  89.84, T l:  0.1526 | Val e:  79.76 , Val l: 0.2652 | Test e:  77.43 
| Epoch   70 | Train e:  90.49, T l:  0.1515 | Val e:  80.34 , Val l: 0.2483 | Test e:  78.01 
| Epoch   71 | Train e:  90.20, T l:  0.1515 | Val e:  80.15 , Val l: 0.2535 | Test e:  77.14 
| Epoch   72 | Train e:  90.37, T l:  0.1515 | Val e:  80.62 , Val l: 0.2470 | Test e:  76.79 
| Epoch   73 | Train e:  90.67, T l:  0.1505 | Val e:  80.61 , Val l: 0.2467 | Test e:  77.18 
| Epoch   74 | Train e:  90.72, T l:  0.1518 | Val e:  80.83 , Val l: 0.2528 | Test e:  77.21 
| Epoch   75 | Train e:  90.81, T l:  0.1488 | Val e:  80.10 , Val l: 0.2542 | Test e:  77.96 
| Epoch   76 | Train e:  90.82, T l:  0.1498 | Val e:  80.35 , Val l: 0.2579 | Test e:  77.35 
| Epoch   77 | Train e:  90.81, T l:  0.1485 | Val e:  80.00 , Val l: 0.2528 | Test e:  77.95 
| Epoch   78 | Train e:  91.02, T l:  0.1480 | Val e:  80.59 , Val l: 0.2458 | Test e:  77.76 
| Epoch   79 | Train e:  90.84, T l:  0.1478 | Val e:  79.16 , Val l: 0.2690 | Test e:  76.78 
| Epoch   80 | Train e:  91.14, T l:  0.1476 | Val e:  80.22 , Val l: 0.2525 | Test e:  77.63 
| Epoch   81 | Train e:  90.70, T l:  0.1471 | Val e:  79.66 , Val l: 0.2613 | Test e:  76.82 
| Epoch   82 | Train e:  90.89, T l:  0.1467 | Val e:  79.43 , Val l: 0.2551 | Test e:  77.44 
| Epoch   83 | Train e:  91.22, T l:  0.1478 | Val e:  80.60 , Val l: 0.2502 | Test e:  77.44 
| Epoch   84 | Train e:  91.28, T l:  0.1469 | Val e:  80.54 , Val l: 0.2546 | Test e:  77.48 
| Epoch   85 | Train e:  91.33, T l:  0.1448 | Val e:  80.59 , Val l: 0.2503 | Test e:  77.55 
| Epoch   86 | Train e:  91.16, T l:  0.1461 | Val e:  80.18 , Val l: 0.2547 | Test e:  77.81 
| Epoch   87 | Train e:  91.45, T l:  0.1449 | Val e:  80.52 , Val l: 0.2554 | Test e:  77.38 
| Epoch   88 | Train e:  91.43, T l:  0.1445 | Val e:  80.23 , Val l: 0.2517 | Test e:  78.37 
| Epoch   89 | Train e:  91.37, T l:  0.1437 | Val e:  79.90 , Val l: 0.2637 | Test e:  77.85 
| Epoch   90 | Train e:  91.31, T l:  0.1440 | Val e:  79.81 , Val l: 0.2598 | Test e:  77.67 
| Epoch   91 | Train e:  91.54, T l:  0.1434 | Val e:  79.53 , Val l: 0.2537 | Test e:  78.23 
| Epoch   92 | Train e:  91.65, T l:  0.1432 | Val e:  80.21 , Val l: 0.2578 | Test e:  77.92 
| Epoch   93 | Train e:  91.62, T l:  0.1422 | Val e:  80.12 , Val l: 0.2556 | Test e:  78.36 
| Epoch   94 | Train e:  91.91, T l:  0.1416 | Val e:  80.50 , Val l: 0.2543 | Test e:  78.19 
| Epoch   95 | Train e:  91.75, T l:  0.1414 | Val e:  80.37 , Val l: 0.2539 | Test e:  77.83 
| Epoch   96 | Train e:  91.83, T l:  0.1412 | Val e:  80.33 , Val l: 0.2577 | Test e:  78.77 
| Epoch   97 | Train e:  91.94, T l:  0.1415 | Val e:  80.50 , Val l: 0.2537 | Test e:  78.20 
| Epoch   98 | Train e:  91.85, T l:  0.1418 | Val e:  80.26 , Val l: 0.2499 | Test e:  77.56 
| Epoch   99 | Train e:  91.74, T l:  0.1404 | Val e:  79.90 , Val l: 0.2577 | Test e:  77.72 
| Epoch  100 | Train e:  92.21, T l:  0.1397 | Val e:  80.89 , Val l: 0.2580 | Test e:  77.87 
| Epoch  101 | Train e:  92.13, T l:  0.1403 | Val e:  80.35 , Val l: 0.2614 | Test e:  78.29 
| Epoch  102 | Train e:  92.27, T l:  0.1394 | Val e:  80.43 , Val l: 0.2497 | Test e:  78.90 
| Epoch  103 | Train e:  92.11, T l:  0.1391 | Val e:  80.09 , Val l: 0.2638 | Test e:  77.31 
| Epoch  104 | Train e:  92.12, T l:  0.1386 | Val e:  80.39 , Val l: 0.2541 | Test e:  78.97 
| Epoch  105 | Train e:  92.31, T l:  0.1389 | Val e:  80.21 , Val l: 0.2605 | Test e:  78.04 
| Epoch  106 | Train e:  92.41, T l:  0.1386 | Val e:  80.23 , Val l: 0.2596 | Test e:  78.07 
| Epoch  107 | Train e:  92.10, T l:  0.1379 | Val e:  79.86 , Val l: 0.2684 | Test e:  77.96 
| Epoch  108 | Train e:  92.34, T l:  0.1371 | Val e:  79.69 , Val l: 0.2594 | Test e:  77.71 
| Epoch  109 | Train e:  92.53, T l:  0.1374 | Val e:  80.02 , Val l: 0.2559 | Test e:  78.36 
| Epoch  110 | Train e:  92.54, T l:  0.1369 | Val e:  80.22 , Val l: 0.2549 | Test e:  78.18 
| Epoch  111 | Train e:  92.58, T l:  0.1357 | Val e:  79.48 , Val l: 0.2704 | Test e:  78.35 
| Epoch  112 | Train e:  92.44, T l:  0.1357 | Val e:  79.57 , Val l: 0.2766 | Test e:  78.36 
| Epoch  113 | Train e:  92.58, T l:  0.1361 | Val e:  80.09 , Val l: 0.2589 | Test e:  78.04 
| Epoch  114 | Train e:  92.48, T l:  0.1338 | Val e:  79.79 , Val l: 0.2655 | Test e:  78.28 
| Epoch  115 | Train e:  92.71, T l:  0.1344 | Val e:  79.83 , Val l: 0.2649 | Test e:  78.17 
| Epoch  116 | Train e:  92.71, T l:  0.1350 | Val e:  79.76 , Val l: 0.2635 | Test e:  78.74 
| Epoch  117 | Train e:  92.70, T l:  0.1355 | Val e:  79.86 , Val l: 0.2660 | Test e:  78.19 
| Epoch  118 | Train e:  92.84, T l:  0.1353 | Val e:  79.46 , Val l: 0.2668 | Test e:  78.16 
| Epoch  119 | Train e:  92.62, T l:  0.1333 | Val e:  79.60 , Val l: 0.2666 | Test e:  77.87 
| Epoch  120 | Train e:  92.68, T l:  0.1337 | Val e:  78.94 , Val l: 0.2889 | Test e:  77.93 
| Epoch  121 | Train e:  92.88, T l:  0.1338 | Val e:  79.95 , Val l: 0.2590 | Test e:  77.96 
| Epoch  122 | Train e:  92.97, T l:  0.1326 | Val e:  79.93 , Val l: 0.2619 | Test e:  78.44 
| Epoch  123 | Train e:  92.85, T l:  0.1325 | Val e:  79.16 , Val l: 0.2723 | Test e:  78.08 
| Epoch  124 | Train e:  93.01, T l:  0.1338 | Val e:  79.48 , Val l: 0.2695 | Test e:  78.11 
| Epoch  125 | Train e:  92.88, T l:  0.1332 | Val e:  79.94 , Val l: 0.2686 | Test e:  78.12 
| Epoch  126 | Train e:  93.03, T l:  0.1325 | Val e:  80.18 , Val l: 0.2593 | Test e:  78.42 
| Epoch  127 | Train e:  93.08, T l:  0.1316 | Val e:  79.99 , Val l: 0.2638 | Test e:  78.71 
| Epoch  128 | Train e:  93.11, T l:  0.1328 | Val e:  80.09 , Val l: 0.2607 | Test e:  78.13 
| Epoch  129 | Train e:  92.95, T l:  0.1312 | Val e:  79.85 , Val l: 0.2672 | Test e:  78.13 
| Epoch  130 | Train e:  93.11, T l:  0.1306 | Val e:  79.42 , Val l: 0.2677 | Test e:  78.86 
| Epoch  131 | Train e:  93.22, T l:  0.1312 | Val e:  79.51 , Val l: 0.2699 | Test e:  78.30 
| Epoch  132 | Train e:  93.15, T l:  0.1306 | Val e:  79.97 , Val l: 0.2709 | Test e:  78.11 
| Epoch  133 | Train e:  93.32, T l:  0.1299 | Val e:  79.72 , Val l: 0.2678 | Test e:  78.51 
| Epoch  134 | Train e:  93.29, T l:  0.1298 | Val e:  79.86 , Val l: 0.2800 | Test e:  78.24 
| Epoch  135 | Train e:  93.39, T l:  0.1295 | Val e:  79.91 , Val l: 0.2663 | Test e:  78.80 
| Epoch  136 | Train e:  93.39, T l:  0.1293 | Val e:  79.70 , Val l: 0.2734 | Test e:  78.55 
| Epoch  137 | Train e:  93.40, T l:  0.1307 | Val e:  79.72 , Val l: 0.2747 | Test e:  78.30 
| Epoch  138 | Train e:  93.51, T l:  0.1283 | Val e:  80.04 , Val l: 0.2694 | Test e:  78.73 
| Epoch  139 | Train e:  93.40, T l:  0.1282 | Val e:  79.72 , Val l: 0.2711 | Test e:  78.22 
| Epoch  140 | Train e:  93.50, T l:  0.1283 | Val e:  79.75 , Val l: 0.2755 | Test e:  77.96 
| Epoch  141 | Train e:  93.59, T l:  0.1272 | Val e:  79.62 , Val l: 0.2667 | Test e:  78.73 
| Epoch  142 | Train e:  93.47, T l:  0.1278 | Val e:  79.82 , Val l: 0.2721 | Test e:  78.72 
| Epoch  143 | Train e:  93.54, T l:  0.1276 | Val e:  79.88 , Val l: 0.2771 | Test e:  78.63 
| Epoch  144 | Train e:  93.66, T l:  0.1273 | Val e:  80.01 , Val l: 0.2765 | Test e:  78.62 
| Epoch  145 | Train e:  93.59, T l:  0.1268 | Val e:  79.75 , Val l: 0.2776 | Test e:  78.70 
| Epoch  146 | Train e:  93.66, T l:  0.1276 | Val e:  79.91 , Val l: 0.2679 | Test e:  78.24 
| Epoch  147 | Train e:  93.73, T l:  0.1267 | Val e:  79.71 , Val l: 0.2710 | Test e:  78.69 
| Epoch  148 | Train e:  93.85, T l:  0.1252 | Val e:  79.91 , Val l: 0.2695 | Test e:  78.69 
| Epoch  149 | Train e:  93.84, T l:  0.1246 | Val e:  79.84 , Val l: 0.2667 | Test e:  78.96 
| Epoch  150 | Train e:  93.73, T l:  0.1268 | Val e:  79.46 , Val l: 0.2725 | Test e:  77.91 
| Epoch  151 | Train e:  93.75, T l:  0.1244 | Val e:  79.62 , Val l: 0.2801 | Test e:  78.47 
| Epoch  152 | Train e:  93.87, T l:  0.1257 | Val e:  79.85 , Val l: 0.2761 | Test e:  78.52 
| Epoch  153 | Train e:  93.79, T l:  0.1253 | Val e:  79.63 , Val l: 0.2743 | Test e:  78.22 
| Epoch  154 | Train e:  93.91, T l:  0.1248 | Val e:  79.54 , Val l: 0.2717 | Test e:  77.66 
| Epoch  155 | Train e:  93.90, T l:  0.1239 | Val e:  79.85 , Val l: 0.2776 | Test e:  78.46 
| Epoch  156 | Train e:  93.96, T l:  0.1234 | Val e:  79.62 , Val l: 0.2771 | Test e:  78.39 
| Epoch  157 | Train e:  93.86, T l:  0.1245 | Val e:  79.30 , Val l: 0.2861 | Test e:  77.99 
| Epoch  158 | Train e:  93.96, T l:  0.1247 | Val e:  80.11 , Val l: 0.2734 | Test e:  78.32 
| Epoch  159 | Train e:  93.93, T l:  0.1236 | Val e:  79.67 , Val l: 0.2818 | Test e:  78.29 
| Epoch  160 | Train e:  93.90, T l:  0.1240 | Val e:  79.63 , Val l: 0.2790 | Test e:  78.30 
| Epoch  161 | Train e:  93.91, T l:  0.1226 | Val e:  79.56 , Val l: 0.2903 | Test e:  78.53 
| Epoch  162 | Train e:  93.99, T l:  0.1228 | Val e:  79.52 , Val l: 0.2788 | Test e:  78.56 
| Epoch  163 | Train e:  94.07, T l:  0.1216 | Val e:  79.62 , Val l: 0.2793 | Test e:  78.49 
| Epoch  164 | Train e:  94.04, T l:  0.1228 | Val e:  79.86 , Val l: 0.2880 | Test e:  78.77 
| Epoch  165 | Train e:  94.07, T l:  0.1220 | Val e:  79.56 , Val l: 0.2828 | Test e:  78.12 
| Epoch  166 | Train e:  94.11, T l:  0.1208 | Val e:  79.42 , Val l: 0.2822 | Test e:  78.37 
| Epoch  167 | Train e:  94.18, T l:  0.1204 | Val e:  79.50 , Val l: 0.2885 | Test e:  78.39 
| Epoch  168 | Train e:  94.16, T l:  0.1218 | Val e:  79.21 , Val l: 0.2812 | Test e:  78.38 
| Epoch  169 | Train e:  94.24, T l:  0.1222 | Val e:  79.14 , Val l: 0.2848 | Test e:  78.39 
| Epoch  170 | Train e:  94.20, T l:  0.1228 | Val e:  79.45 , Val l: 0.2774 | Test e:  78.07 
| Epoch  171 | Train e:  94.20, T l:  0.1210 | Val e:  79.48 , Val l: 0.2837 | Test e:  78.33 
| Epoch  172 | Train e:  94.12, T l:  0.1205 | Val e:  79.06 , Val l: 0.2822 | Test e:  77.99 
| Epoch  173 | Train e:  94.23, T l:  0.1216 | Val e:  79.57 , Val l: 0.2771 | Test e:  78.37 
| Epoch  174 | Train e:  94.24, T l:  0.1209 | Val e:  79.47 , Val l: 0.2816 | Test e:  78.05 
| Epoch  175 | Train e:  94.27, T l:  0.1197 | Val e:  79.55 , Val l: 0.2803 | Test e:  78.10 
| Epoch  176 | Train e:  94.32, T l:  0.1201 | Val e:  79.55 , Val l: 0.2787 | Test e:  78.31 
| Epoch  177 | Train e:  94.30, T l:  0.1202 | Val e:  79.26 , Val l: 0.2796 | Test e:  78.04 
| Epoch  178 | Train e:  94.33, T l:  0.1192 | Val e:  79.23 , Val l: 0.2858 | Test e:  78.17 
| Epoch  179 | Train e:  94.37, T l:  0.1198 | Val e:  79.32 , Val l: 0.2842 | Test e:  78.05 
| Epoch  180 | Train e:  94.33, T l:  0.1193 | Val e:  79.40 , Val l: 0.2914 | Test e:  78.15 
| Epoch  181 | Train e:  94.34, T l:  0.1197 | Val e:  79.21 , Val l: 0.2888 | Test e:  78.17 
| Epoch  182 | Train e:  94.43, T l:  0.1186 | Val e:  79.58 , Val l: 0.2846 | Test e:  78.46 
| Epoch  183 | Train e:  94.37, T l:  0.1182 | Val e:  79.21 , Val l: 0.2897 | Test e:  78.12 
| Epoch  184 | Train e:  94.38, T l:  0.1184 | Val e:  79.27 , Val l: 0.2870 | Test e:  77.87 
| Epoch  185 | Train e:  94.41, T l:  0.1190 | Val e:  79.47 , Val l: 0.2847 | Test e:  78.06 
| Epoch  186 | Train e:  94.47, T l:  0.1191 | Val e:  79.43 , Val l: 0.2835 | Test e:  78.17 
| Epoch  187 | Train e:  94.45, T l:  0.1178 | Val e:  79.52 , Val l: 0.2859 | Test e:  78.46 
| Epoch  188 | Train e:  94.41, T l:  0.1188 | Val e:  79.34 , Val l: 0.2880 | Test e:  78.15 
| Epoch  189 | Train e:  94.45, T l:  0.1185 | Val e:  79.38 , Val l: 0.2822 | Test e:  78.18 
| Epoch  190 | Train e:  94.47, T l:  0.1177 | Val e:  79.27 , Val l: 0.2882 | Test e:  78.30 
| Epoch  191 | Train e:  94.46, T l:  0.1177 | Val e:  79.30 , Val l: 0.2842 | Test e:  78.09 
| Epoch  192 | Train e:  94.51, T l:  0.1168 | Val e:  79.49 , Val l: 0.2851 | Test e:  78.45 
| Epoch  193 | Train e:  94.47, T l:  0.1163 | Val e:  79.33 , Val l: 0.2875 | Test e:  78.12 
| Epoch  194 | Train e:  94.48, T l:  0.1166 | Val e:  79.39 , Val l: 0.2871 | Test e:  78.27 
| Epoch  195 | Train e:  94.48, T l:  0.1174 | Val e:  79.38 , Val l: 0.2891 | Test e:  78.23 
| Epoch  196 | Train e:  94.47, T l:  0.1170 | Val e:  79.33 , Val l: 0.2883 | Test e:  78.16 
| Epoch  197 | Train e:  94.50, T l:  0.1174 | Val e:  79.36 , Val l: 0.2867 | Test e:  78.15 
| Epoch  198 | Train e:  94.50, T l:  0.1173 | Val e:  79.33 , Val l: 0.2871 | Test e:  78.15 
| Epoch  199 | Train e:  94.50, T l:  0.1174 | Val e:  79.34 , Val l: 0.2871 | Test e:  78.15 
