

===============================================
2022-08-23 01:03:36

main.py --readout cls --gconv-dim 256 --tlayer-dim 256 --num-heads 8 --no-clustering --masked-attention --batch-size 32 --epochs 200 --warmup 20 --gconv-dropout 0.5 --tlayer-dropout 0.5 --seeds 666 --device 0

None

dataset: ogbg-moltox21
use_val_loss: False
epochs: 200
scheduler: linear
warmup: 20
patience: 25
batch_size: 32
lr: 0.0001
weight_decay: 0.0001
clustering: False
masked_attention: True
gconv_dim: 256
tlayer_dim: 256
gconv_dropout: 0.5
tlayer_dropout: 0.5
num_layers: 4
num_heads: 8
skip_connection: none
readout: cls
seeds: 666
save_state: False



| Epoch    0 | Train e:  48.27, T l:  0.6868 | Val e:  48.34 , Val l: 0.4002 | Test e:  50.00 
| Epoch    1 | Train e:  49.10, T l:  0.3455 | Val e:  53.25 , Val l: 0.3012 | Test e:  54.64 
| Epoch    2 | Train e:  53.66, T l:  0.2671 | Val e:  54.93 , Val l: 0.3080 | Test e:  56.71 
| Epoch    3 | Train e:  54.12, T l:  0.2515 | Val e:  55.13 , Val l: 0.3135 | Test e:  57.47 
| Epoch    4 | Train e:  56.93, T l:  0.2473 | Val e:  56.01 , Val l: 0.3167 | Test e:  60.68 
| Epoch    5 | Train e:  58.41, T l:  0.2448 | Val e:  57.09 , Val l: 0.3147 | Test e:  59.82 
| Epoch    6 | Train e:  61.15, T l:  0.2404 | Val e:  60.77 , Val l: 0.3040 | Test e:  62.28 
| Epoch    7 | Train e:  65.53, T l:  0.2357 | Val e:  62.68 , Val l: 0.3006 | Test e:  63.79 
| Epoch    8 | Train e:  67.51, T l:  0.2321 | Val e:  64.47 , Val l: 0.2959 | Test e:  64.70 
| Epoch    9 | Train e:  69.19, T l:  0.2298 | Val e:  66.86 , Val l: 0.2973 | Test e:  65.56 
| Epoch   10 | Train e:  71.19, T l:  0.2264 | Val e:  69.47 , Val l: 0.2854 | Test e:  67.58 
| Epoch   11 | Train e:  73.17, T l:  0.2181 | Val e:  70.84 , Val l: 0.3014 | Test e:  67.56 
| Epoch   12 | Train e:  75.19, T l:  0.2132 | Val e:  74.28 , Val l: 0.2849 | Test e:  69.69 
| Epoch   13 | Train e:  75.99, T l:  0.2097 | Val e:  74.38 , Val l: 0.2839 | Test e:  70.68 
| Epoch   14 | Train e:  76.89, T l:  0.2077 | Val e:  74.52 , Val l: 0.2689 | Test e:  71.09 
| Epoch   15 | Train e:  77.85, T l:  0.2038 | Val e:  75.84 , Val l: 0.2704 | Test e:  71.13 
| Epoch   16 | Train e:  78.29, T l:  0.2038 | Val e:  75.38 , Val l: 0.2695 | Test e:  72.20 
| Epoch   17 | Train e:  79.78, T l:  0.2007 | Val e:  77.15 , Val l: 0.2675 | Test e:  73.24 
| Epoch   18 | Train e:  79.62, T l:  0.2007 | Val e:  76.07 , Val l: 0.3371 | Test e:  71.32 
| Epoch   19 | Train e:  79.99, T l:  0.1980 | Val e:  76.64 , Val l: 0.2617 | Test e:  73.28 
| Epoch   20 | Train e:  81.28, T l:  0.1953 | Val e:  77.65 , Val l: 0.2728 | Test e:  73.60 
| Epoch   21 | Train e:  82.14, T l:  0.1944 | Val e:  78.33 , Val l: 0.2584 | Test e:  73.99 
| Epoch   22 | Train e:  82.43, T l:  0.1934 | Val e:  78.63 , Val l: 0.2535 | Test e:  74.78 
| Epoch   23 | Train e:  82.62, T l:  0.1916 | Val e:  78.75 , Val l: 0.2664 | Test e:  74.52 
| Epoch   24 | Train e:  83.43, T l:  0.1915 | Val e:  78.90 , Val l: 0.2555 | Test e:  74.40 
| Epoch   25 | Train e:  83.84, T l:  0.1879 | Val e:  79.30 , Val l: 0.2550 | Test e:  75.08 
| Epoch   26 | Train e:  84.97, T l:  0.1856 | Val e:  79.57 , Val l: 0.2531 | Test e:  75.16 
| Epoch   27 | Train e:  85.23, T l:  0.1842 | Val e:  79.37 , Val l: 0.2644 | Test e:  75.17 
| Epoch   28 | Train e:  85.82, T l:  0.1856 | Val e:  79.06 , Val l: 0.2492 | Test e:  75.12 
| Epoch   29 | Train e:  86.00, T l:  0.1851 | Val e:  79.72 , Val l: 0.2447 | Test e:  76.09 
| Epoch   30 | Train e:  86.35, T l:  0.1813 | Val e:  79.51 , Val l: 0.2502 | Test e:  75.40 
| Epoch   31 | Train e:  86.53, T l:  0.1778 | Val e:  79.67 , Val l: 0.2492 | Test e:  75.76 
| Epoch   32 | Train e:  86.89, T l:  0.1776 | Val e:  80.00 , Val l: 0.2587 | Test e:  76.13 
| Epoch   33 | Train e:  86.58, T l:  0.1774 | Val e:  79.89 , Val l: 0.2493 | Test e:  75.92 
| Epoch   34 | Train e:  86.74, T l:  0.1776 | Val e:  79.66 , Val l: 0.2538 | Test e:  77.01 
| Epoch   35 | Train e:  87.10, T l:  0.1746 | Val e:  80.09 , Val l: 0.2565 | Test e:  75.78 
| Epoch   36 | Train e:  87.17, T l:  0.1744 | Val e:  80.10 , Val l: 0.2564 | Test e:  75.63 
| Epoch   37 | Train e:  87.45, T l:  0.1744 | Val e:  80.18 , Val l: 0.2571 | Test e:  75.97 
| Epoch   38 | Train e:  87.90, T l:  0.1722 | Val e:  80.52 , Val l: 0.2438 | Test e:  77.08 
| Epoch   39 | Train e:  87.45, T l:  0.1712 | Val e:  79.83 , Val l: 0.2574 | Test e:  76.30 
| Epoch   40 | Train e:  87.73, T l:  0.1729 | Val e:  80.41 , Val l: 0.2478 | Test e:  76.73 
| Epoch   41 | Train e:  88.21, T l:  0.1687 | Val e:  80.45 , Val l: 0.2601 | Test e:  76.09 
| Epoch   42 | Train e:  88.35, T l:  0.1698 | Val e:  80.17 , Val l: 0.2481 | Test e:  76.92 
| Epoch   43 | Train e:  87.92, T l:  0.1689 | Val e:  79.88 , Val l: 0.2686 | Test e:  76.28 
| Epoch   44 | Train e:  88.31, T l:  0.1678 | Val e:  80.89 , Val l: 0.2518 | Test e:  77.81 
| Epoch   45 | Train e:  88.55, T l:  0.1655 | Val e:  80.76 , Val l: 0.2460 | Test e:  76.80 
| Epoch   46 | Train e:  88.61, T l:  0.1667 | Val e:  80.59 , Val l: 0.2422 | Test e:  77.40 
| Epoch   47 | Train e:  88.81, T l:  0.1651 | Val e:  80.79 , Val l: 0.2463 | Test e:  76.32 
| Epoch   48 | Train e:  89.07, T l:  0.1657 | Val e:  80.87 , Val l: 0.2490 | Test e:  77.11 
| Epoch   49 | Train e:  87.97, T l:  0.1640 | Val e:  80.28 , Val l: 0.2506 | Test e:  76.93 
| Epoch   50 | Train e:  88.65, T l:  0.1630 | Val e:  80.51 , Val l: 0.2673 | Test e:  76.62 
| Epoch   51 | Train e:  88.98, T l:  0.1642 | Val e:  80.63 , Val l: 0.2596 | Test e:  77.17 
| Epoch   52 | Train e:  88.97, T l:  0.1610 | Val e:  81.22 , Val l: 0.2475 | Test e:  77.23 
| Epoch   53 | Train e:  89.00, T l:  0.1632 | Val e:  81.55 , Val l: 0.2466 | Test e:  77.81 
| Epoch   54 | Train e:  89.34, T l:  0.1601 | Val e:  81.01 , Val l: 0.2567 | Test e:  77.80 
| Epoch   55 | Train e:  89.22, T l:  0.1617 | Val e:  80.74 , Val l: 0.2553 | Test e:  76.17 
| Epoch   56 | Train e:  89.11, T l:  0.1594 | Val e:  80.86 , Val l: 0.2475 | Test e:  77.62 
| Epoch   57 | Train e:  89.41, T l:  0.1596 | Val e:  81.12 , Val l: 0.2572 | Test e:  77.96 
| Epoch   58 | Train e:  89.53, T l:  0.1590 | Val e:  81.22 , Val l: 0.2444 | Test e:  77.67 
| Epoch   59 | Train e:  89.30, T l:  0.1564 | Val e:  80.25 , Val l: 0.2748 | Test e:  76.06 
| Epoch   60 | Train e:  89.11, T l:  0.1575 | Val e:  79.94 , Val l: 0.2718 | Test e:  76.59 
| Epoch   61 | Train e:  89.86, T l:  0.1570 | Val e:  81.28 , Val l: 0.2467 | Test e:  78.18 
| Epoch   62 | Train e:  89.53, T l:  0.1561 | Val e:  80.61 , Val l: 0.2582 | Test e:  77.91 
| Epoch   63 | Train e:  89.85, T l:  0.1566 | Val e:  80.54 , Val l: 0.2556 | Test e:  77.45 
| Epoch   64 | Train e:  89.76, T l:  0.1571 | Val e:  80.70 , Val l: 0.2567 | Test e:  77.51 
| Epoch   65 | Train e:  89.86, T l:  0.1570 | Val e:  80.18 , Val l: 0.2543 | Test e:  76.65 
| Epoch   66 | Train e:  89.98, T l:  0.1545 | Val e:  81.09 , Val l: 0.2461 | Test e:  78.06 
| Epoch   67 | Train e:  90.06, T l:  0.1552 | Val e:  81.07 , Val l: 0.2435 | Test e:  78.34 
| Epoch   68 | Train e:  90.20, T l:  0.1534 | Val e:  80.72 , Val l: 0.2423 | Test e:  77.93 
| Epoch   69 | Train e:  90.11, T l:  0.1543 | Val e:  80.99 , Val l: 0.2438 | Test e:  78.34 
| Epoch   70 | Train e:  90.08, T l:  0.1524 | Val e:  81.25 , Val l: 0.2506 | Test e:  78.19 
| Epoch   71 | Train e:  90.23, T l:  0.1526 | Val e:  80.92 , Val l: 0.2523 | Test e:  78.30 
| Epoch   72 | Train e:  90.62, T l:  0.1518 | Val e:  81.22 , Val l: 0.2454 | Test e:  78.48 
| Epoch   73 | Train e:  90.45, T l:  0.1518 | Val e:  80.99 , Val l: 0.2543 | Test e:  78.10 
| Epoch   74 | Train e:  90.61, T l:  0.1522 | Val e:  80.68 , Val l: 0.2451 | Test e:  77.85 
| Epoch   75 | Train e:  89.93, T l:  0.1501 | Val e:  80.85 , Val l: 0.2574 | Test e:  77.07 
| Epoch   76 | Train e:  90.74, T l:  0.1511 | Val e:  80.84 , Val l: 0.2472 | Test e:  78.93 
| Epoch   77 | Train e:  90.65, T l:  0.1494 | Val e:  81.13 , Val l: 0.2495 | Test e:  78.45 
| Epoch   78 | Train e:  90.71, T l:  0.1493 | Val e:  80.63 , Val l: 0.2497 | Test e:  78.19 
| Epoch   79 | Train e:  90.78, T l:  0.1499 | Val e:  80.58 , Val l: 0.2532 | Test e:  78.14 
| Epoch   80 | Train e:  90.53, T l:  0.1482 | Val e:  80.07 , Val l: 0.2550 | Test e:  77.86 
| Epoch   81 | Train e:  90.98, T l:  0.1486 | Val e:  80.74 , Val l: 0.2506 | Test e:  78.94 
| Epoch   82 | Train e:  90.92, T l:  0.1486 | Val e:  80.70 , Val l: 0.2532 | Test e:  77.63 
| Epoch   83 | Train e:  90.89, T l:  0.1478 | Val e:  80.37 , Val l: 0.2590 | Test e:  78.56 
| Epoch   84 | Train e:  91.01, T l:  0.1475 | Val e:  80.97 , Val l: 0.2493 | Test e:  78.88 
| Epoch   85 | Train e:  90.86, T l:  0.1473 | Val e:  81.27 , Val l: 0.2509 | Test e:  78.06 
| Epoch   86 | Train e:  90.76, T l:  0.1473 | Val e:  80.79 , Val l: 0.2592 | Test e:  77.31 
| Epoch   87 | Train e:  91.23, T l:  0.1459 | Val e:  80.51 , Val l: 0.2512 | Test e:  78.04 
| Epoch   88 | Train e:  91.20, T l:  0.1452 | Val e:  81.24 , Val l: 0.2430 | Test e:  78.93 
| Epoch   89 | Train e:  91.40, T l:  0.1455 | Val e:  81.13 , Val l: 0.2538 | Test e:  78.57 
| Epoch   90 | Train e:  91.39, T l:  0.1452 | Val e:  81.14 , Val l: 0.2537 | Test e:  79.23 
| Epoch   91 | Train e:  91.50, T l:  0.1449 | Val e:  80.83 , Val l: 0.2504 | Test e:  78.79 
| Epoch   92 | Train e:  91.59, T l:  0.1425 | Val e:  80.42 , Val l: 0.2564 | Test e:  78.51 
| Epoch   93 | Train e:  91.18, T l:  0.1439 | Val e:  80.39 , Val l: 0.2633 | Test e:  77.41 
| Epoch   94 | Train e:  91.69, T l:  0.1434 | Val e:  80.90 , Val l: 0.2518 | Test e:  79.13 
| Epoch   95 | Train e:  91.60, T l:  0.1442 | Val e:  80.70 , Val l: 0.2491 | Test e:  79.21 
| Epoch   96 | Train e:  91.42, T l:  0.1440 | Val e:  80.30 , Val l: 0.2578 | Test e:  78.97 
| Epoch   97 | Train e:  91.88, T l:  0.1428 | Val e:  81.09 , Val l: 0.2495 | Test e:  79.74 
| Epoch   98 | Train e:  91.74, T l:  0.1422 | Val e:  81.51 , Val l: 0.2432 | Test e:  78.72 
| Epoch   99 | Train e:  91.92, T l:  0.1426 | Val e:  80.81 , Val l: 0.2476 | Test e:  79.36 
| Epoch  100 | Train e:  91.53, T l:  0.1415 | Val e:  80.56 , Val l: 0.2660 | Test e:  77.88 
| Epoch  101 | Train e:  91.88, T l:  0.1411 | Val e:  81.44 , Val l: 0.2495 | Test e:  78.83 
| Epoch  102 | Train e:  91.99, T l:  0.1411 | Val e:  81.01 , Val l: 0.2404 | Test e:  78.92 
| Epoch  103 | Train e:  91.78, T l:  0.1418 | Val e:  81.38 , Val l: 0.2553 | Test e:  78.18 
| Epoch  104 | Train e:  92.07, T l:  0.1413 | Val e:  81.48 , Val l: 0.2427 | Test e:  78.88 
| Epoch  105 | Train e:  92.17, T l:  0.1401 | Val e:  81.66 , Val l: 0.2549 | Test e:  78.94 
| Epoch  106 | Train e:  92.20, T l:  0.1386 | Val e:  81.29 , Val l: 0.2501 | Test e:  79.30 
| Epoch  107 | Train e:  92.39, T l:  0.1394 | Val e:  81.15 , Val l: 0.2452 | Test e:  79.21 
| Epoch  108 | Train e:  92.26, T l:  0.1410 | Val e:  81.12 , Val l: 0.2575 | Test e:  78.15 
| Epoch  109 | Train e:  92.03, T l:  0.1388 | Val e:  80.97 , Val l: 0.2540 | Test e:  77.66 
| Epoch  110 | Train e:  92.31, T l:  0.1380 | Val e:  80.95 , Val l: 0.2542 | Test e:  79.35 
| Epoch  111 | Train e:  92.42, T l:  0.1379 | Val e:  81.30 , Val l: 0.2587 | Test e:  79.01 
| Epoch  112 | Train e:  92.34, T l:  0.1380 | Val e:  80.99 , Val l: 0.2525 | Test e:  78.35 
| Epoch  113 | Train e:  92.57, T l:  0.1377 | Val e:  81.64 , Val l: 0.2441 | Test e:  79.46 
| Epoch  114 | Train e:  92.54, T l:  0.1371 | Val e:  81.06 , Val l: 0.2549 | Test e:  78.88 
| Epoch  115 | Train e:  92.40, T l:  0.1375 | Val e:  80.96 , Val l: 0.2545 | Test e:  78.03 
| Epoch  116 | Train e:  92.61, T l:  0.1375 | Val e:  81.20 , Val l: 0.2481 | Test e:  78.96 
| Epoch  117 | Train e:  92.64, T l:  0.1365 | Val e:  80.94 , Val l: 0.2561 | Test e:  78.71 
| Epoch  118 | Train e:  92.71, T l:  0.1363 | Val e:  80.76 , Val l: 0.2492 | Test e:  79.01 
| Epoch  119 | Train e:  92.68, T l:  0.1359 | Val e:  80.75 , Val l: 0.2493 | Test e:  79.25 
| Epoch  120 | Train e:  92.79, T l:  0.1356 | Val e:  80.69 , Val l: 0.2604 | Test e:  79.44 
| Epoch  121 | Train e:  92.81, T l:  0.1358 | Val e:  81.04 , Val l: 0.2581 | Test e:  79.20 
| Epoch  122 | Train e:  92.86, T l:  0.1344 | Val e:  80.58 , Val l: 0.2531 | Test e:  79.14 
| Epoch  123 | Train e:  92.72, T l:  0.1356 | Val e:  80.69 , Val l: 0.2548 | Test e:  79.65 
| Epoch  124 | Train e:  92.83, T l:  0.1341 | Val e:  81.17 , Val l: 0.2698 | Test e:  79.03 
| Epoch  125 | Train e:  92.87, T l:  0.1330 | Val e:  81.21 , Val l: 0.2584 | Test e:  78.72 
| Epoch  126 | Train e:  92.89, T l:  0.1338 | Val e:  81.45 , Val l: 0.2634 | Test e:  78.38 
| Epoch  127 | Train e:  92.93, T l:  0.1328 | Val e:  81.08 , Val l: 0.2598 | Test e:  79.48 
| Epoch  128 | Train e:  93.07, T l:  0.1342 | Val e:  80.29 , Val l: 0.2513 | Test e:  79.43 
| Epoch  129 | Train e:  92.94, T l:  0.1326 | Val e:  80.61 , Val l: 0.2610 | Test e:  79.20 
| Epoch  130 | Train e:  92.97, T l:  0.1325 | Val e:  80.78 , Val l: 0.2596 | Test e:  78.68 
| Epoch  131 | Train e:  93.08, T l:  0.1323 | Val e:  80.51 , Val l: 0.2626 | Test e:  78.16 
| Epoch  132 | Train e:  93.14, T l:  0.1326 | Val e:  80.99 , Val l: 0.2565 | Test e:  79.20 
| Epoch  133 | Train e:  93.33, T l:  0.1320 | Val e:  80.45 , Val l: 0.2556 | Test e:  79.44 
| Epoch  134 | Train e:  93.10, T l:  0.1308 | Val e:  80.47 , Val l: 0.2610 | Test e:  78.31 
| Epoch  135 | Train e:  93.07, T l:  0.1313 | Val e:  80.56 , Val l: 0.2605 | Test e:  78.77 
| Epoch  136 | Train e:  93.30, T l:  0.1316 | Val e:  80.75 , Val l: 0.2564 | Test e:  79.16 
| Epoch  137 | Train e:  93.41, T l:  0.1307 | Val e:  80.70 , Val l: 0.2570 | Test e:  79.76 
| Epoch  138 | Train e:  93.34, T l:  0.1297 | Val e:  80.35 , Val l: 0.2602 | Test e:  78.38 
| Epoch  139 | Train e:  93.37, T l:  0.1302 | Val e:  80.79 , Val l: 0.2567 | Test e:  78.87 
| Epoch  140 | Train e:  93.35, T l:  0.1305 | Val e:  80.63 , Val l: 0.2639 | Test e:  78.10 
| Epoch  141 | Train e:  93.45, T l:  0.1293 | Val e:  81.08 , Val l: 0.2565 | Test e:  79.26 
| Epoch  142 | Train e:  93.51, T l:  0.1289 | Val e:  80.62 , Val l: 0.2636 | Test e:  78.48 
| Epoch  143 | Train e:  93.48, T l:  0.1285 | Val e:  80.32 , Val l: 0.2606 | Test e:  79.12 
| Epoch  144 | Train e:  93.59, T l:  0.1285 | Val e:  80.54 , Val l: 0.2594 | Test e:  78.70 
| Epoch  145 | Train e:  93.42, T l:  0.1282 | Val e:  80.66 , Val l: 0.2653 | Test e:  78.88 
| Epoch  146 | Train e:  93.44, T l:  0.1285 | Val e:  80.54 , Val l: 0.2615 | Test e:  79.12 
| Epoch  147 | Train e:  93.64, T l:  0.1285 | Val e:  80.21 , Val l: 0.2683 | Test e:  79.32 
| Epoch  148 | Train e:  93.54, T l:  0.1268 | Val e:  80.44 , Val l: 0.2651 | Test e:  78.45 
| Epoch  149 | Train e:  93.65, T l:  0.1274 | Val e:  80.40 , Val l: 0.2708 | Test e:  78.54 
| Epoch  150 | Train e:  93.68, T l:  0.1267 | Val e:  80.48 , Val l: 0.2586 | Test e:  78.92 
| Epoch  151 | Train e:  93.67, T l:  0.1284 | Val e:  80.42 , Val l: 0.2659 | Test e:  79.02 
| Epoch  152 | Train e:  93.77, T l:  0.1274 | Val e:  81.01 , Val l: 0.2651 | Test e:  79.15 
| Epoch  153 | Train e:  93.76, T l:  0.1266 | Val e:  80.85 , Val l: 0.2607 | Test e:  78.95 
| Epoch  154 | Train e:  93.69, T l:  0.1260 | Val e:  80.59 , Val l: 0.2617 | Test e:  78.63 
| Epoch  155 | Train e:  93.82, T l:  0.1261 | Val e:  80.96 , Val l: 0.2665 | Test e:  79.07 
| Epoch  156 | Train e:  93.84, T l:  0.1262 | Val e:  80.67 , Val l: 0.2599 | Test e:  78.78 
| Epoch  157 | Train e:  93.89, T l:  0.1264 | Val e:  80.84 , Val l: 0.2624 | Test e:  79.22 
| Epoch  158 | Train e:  93.85, T l:  0.1267 | Val e:  80.60 , Val l: 0.2648 | Test e:  79.10 
| Epoch  159 | Train e:  93.91, T l:  0.1263 | Val e:  80.69 , Val l: 0.2646 | Test e:  79.24 
| Epoch  160 | Train e:  93.95, T l:  0.1250 | Val e:  80.86 , Val l: 0.2636 | Test e:  78.96 
| Epoch  161 | Train e:  93.81, T l:  0.1251 | Val e:  80.98 , Val l: 0.2757 | Test e:  78.83 
| Epoch  162 | Train e:  93.96, T l:  0.1243 | Val e:  80.69 , Val l: 0.2681 | Test e:  79.04 
| Epoch  163 | Train e:  94.02, T l:  0.1234 | Val e:  80.76 , Val l: 0.2696 | Test e:  79.04 
| Epoch  164 | Train e:  93.98, T l:  0.1243 | Val e:  80.27 , Val l: 0.2660 | Test e:  78.75 
| Epoch  165 | Train e:  93.93, T l:  0.1237 | Val e:  80.45 , Val l: 0.2697 | Test e:  78.44 
| Epoch  166 | Train e:  94.02, T l:  0.1243 | Val e:  80.40 , Val l: 0.2633 | Test e:  78.75 
| Epoch  167 | Train e:  93.86, T l:  0.1234 | Val e:  80.44 , Val l: 0.2800 | Test e:  78.23 
| Epoch  168 | Train e:  93.99, T l:  0.1224 | Val e:  80.74 , Val l: 0.2777 | Test e:  78.63 
| Epoch  169 | Train e:  94.21, T l:  0.1239 | Val e:  80.46 , Val l: 0.2613 | Test e:  79.15 
| Epoch  170 | Train e:  94.08, T l:  0.1229 | Val e:  80.37 , Val l: 0.2694 | Test e:  78.80 
| Epoch  171 | Train e:  94.25, T l:  0.1213 | Val e:  80.31 , Val l: 0.2695 | Test e:  79.59 
| Epoch  172 | Train e:  94.08, T l:  0.1224 | Val e:  80.30 , Val l: 0.2732 | Test e:  78.69 
| Epoch  173 | Train e:  94.19, T l:  0.1222 | Val e:  80.33 , Val l: 0.2679 | Test e:  79.17 
| Epoch  174 | Train e:  94.21, T l:  0.1230 | Val e:  80.38 , Val l: 0.2682 | Test e:  79.12 
| Epoch  175 | Train e:  94.20, T l:  0.1212 | Val e:  80.37 , Val l: 0.2759 | Test e:  78.87 
| Epoch  176 | Train e:  94.21, T l:  0.1209 | Val e:  80.15 , Val l: 0.2722 | Test e:  79.05 
| Epoch  177 | Train e:  94.30, T l:  0.1221 | Val e:  80.24 , Val l: 0.2705 | Test e:  79.14 
| Epoch  178 | Train e:  94.23, T l:  0.1206 | Val e:  80.25 , Val l: 0.2786 | Test e:  78.51 
| Epoch  179 | Train e:  94.32, T l:  0.1217 | Val e:  80.09 , Val l: 0.2721 | Test e:  78.87 
| Epoch  180 | Train e:  94.33, T l:  0.1219 | Val e:  80.42 , Val l: 0.2713 | Test e:  79.15 
| Epoch  181 | Train e:  94.42, T l:  0.1214 | Val e:  80.47 , Val l: 0.2667 | Test e:  79.25 
| Epoch  182 | Train e:  94.33, T l:  0.1206 | Val e:  80.47 , Val l: 0.2769 | Test e:  78.96 
| Epoch  183 | Train e:  94.34, T l:  0.1202 | Val e:  80.34 , Val l: 0.2730 | Test e:  78.86 
| Epoch  184 | Train e:  94.33, T l:  0.1210 | Val e:  80.44 , Val l: 0.2763 | Test e:  78.92 
| Epoch  185 | Train e:  94.45, T l:  0.1198 | Val e:  80.21 , Val l: 0.2708 | Test e:  78.98 
| Epoch  186 | Train e:  94.39, T l:  0.1218 | Val e:  80.04 , Val l: 0.2733 | Test e:  79.01 
| Epoch  187 | Train e:  94.39, T l:  0.1197 | Val e:  80.01 , Val l: 0.2705 | Test e:  78.54 
| Epoch  188 | Train e:  94.35, T l:  0.1200 | Val e:  80.14 , Val l: 0.2749 | Test e:  78.83 
| Epoch  189 | Train e:  94.39, T l:  0.1204 | Val e:  80.17 , Val l: 0.2703 | Test e:  78.86 
| Epoch  190 | Train e:  94.35, T l:  0.1202 | Val e:  80.09 , Val l: 0.2742 | Test e:  78.72 
| Epoch  191 | Train e:  94.39, T l:  0.1187 | Val e:  80.30 , Val l: 0.2750 | Test e:  78.89 
| Epoch  192 | Train e:  94.41, T l:  0.1196 | Val e:  80.27 , Val l: 0.2743 | Test e:  78.80 
| Epoch  193 | Train e:  94.46, T l:  0.1193 | Val e:  80.23 , Val l: 0.2724 | Test e:  78.86 
| Epoch  194 | Train e:  94.41, T l:  0.1194 | Val e:  80.22 , Val l: 0.2751 | Test e:  78.76 
| Epoch  195 | Train e:  94.46, T l:  0.1187 | Val e:  80.24 , Val l: 0.2739 | Test e:  78.76 
| Epoch  196 | Train e:  94.44, T l:  0.1186 | Val e:  80.27 , Val l: 0.2743 | Test e:  78.71 
| Epoch  197 | Train e:  94.40, T l:  0.1182 | Val e:  80.21 , Val l: 0.2765 | Test e:  78.62 
| Epoch  198 | Train e:  94.44, T l:  0.1187 | Val e:  80.23 , Val l: 0.2736 | Test e:  78.76 
| Epoch  199 | Train e:  94.44, T l:  0.1171 | Val e:  80.25 , Val l: 0.2747 | Test e:  78.75 
