

===============================================
2022-12-19 10:06:42

main_t.py --readout mean --gconv-dim 256 --tlayer-dim 256 --num-heads 8 --no-clustering --masked-attention --batch-size 32 --epochs 200 --warmup 20 --gconv-dropout 0.5 --tlayer-dropout 0.5 --seeds 2022 --device 0

None

dataset: ogbg-moltox21
use_val_loss: False
epochs: 200
scheduler: linear
warmup: 20
patience: 25
batch_size: 32
lr: 0.0001
weight_decay: 0.0001
clustering: False
masked_attention: True
gconv_dim: 256
tlayer_dim: 256
gconv_dropout: 0.5
tlayer_dropout: 0.5
num_layers: 4
num_heads: 8
skip_connection: none
readout: mean
seeds: 2022
save_state: False



| Epoch    0 | Train e:  56.10, T l:  0.5878 | Val e:  57.50 , Val l: 0.3772 | Test e:  58.88 
| Epoch    1 | Train e:  57.54, T l:  0.3178 | Val e:  59.55 , Val l: 0.3001 | Test e:  60.99 
| Epoch    2 | Train e:  58.77, T l:  0.2546 | Val e:  59.75 , Val l: 0.3028 | Test e:  62.23 
| Epoch    3 | Train e:  60.26, T l:  0.2424 | Val e:  59.86 , Val l: 0.3051 | Test e:  63.04 
| Epoch    4 | Train e:  62.23, T l:  0.2375 | Val e:  62.19 , Val l: 0.3027 | Test e:  63.14 
| Epoch    5 | Train e:  65.01, T l:  0.2331 | Val e:  63.36 , Val l: 0.2986 | Test e:  64.18 
| Epoch    6 | Train e:  67.65, T l:  0.2307 | Val e:  65.24 , Val l: 0.2935 | Test e:  66.59 
| Epoch    7 | Train e:  69.54, T l:  0.2256 | Val e:  66.94 , Val l: 0.2919 | Test e:  67.65 
| Epoch    8 | Train e:  70.44, T l:  0.2204 | Val e:  68.45 , Val l: 0.2960 | Test e:  68.21 
| Epoch    9 | Train e:  71.67, T l:  0.2172 | Val e:  70.25 , Val l: 0.2859 | Test e:  68.54 
| Epoch   10 | Train e:  72.45, T l:  0.2162 | Val e:  70.45 , Val l: 0.2858 | Test e:  69.26 
| Epoch   11 | Train e:  73.47, T l:  0.2128 | Val e:  71.08 , Val l: 0.2819 | Test e:  69.54 
| Epoch   12 | Train e:  74.85, T l:  0.2110 | Val e:  71.42 , Val l: 0.2836 | Test e:  70.23 
| Epoch   13 | Train e:  75.68, T l:  0.2102 | Val e:  73.02 , Val l: 0.2711 | Test e:  70.76 
| Epoch   14 | Train e:  76.86, T l:  0.2086 | Val e:  73.51 , Val l: 0.2792 | Test e:  71.10 
| Epoch   15 | Train e:  78.15, T l:  0.2058 | Val e:  74.94 , Val l: 0.2753 | Test e:  71.09 
| Epoch   16 | Train e:  79.84, T l:  0.2013 | Val e:  76.08 , Val l: 0.2819 | Test e:  71.39 
| Epoch   17 | Train e:  80.60, T l:  0.2003 | Val e:  76.17 , Val l: 0.2672 | Test e:  71.67 
| Epoch   18 | Train e:  81.07, T l:  0.1964 | Val e:  75.86 , Val l: 0.2972 | Test e:  71.39 
| Epoch   19 | Train e:  81.97, T l:  0.1959 | Val e:  76.79 , Val l: 0.2712 | Test e:  72.20 
| Epoch   20 | Train e:  82.86, T l:  0.1916 | Val e:  77.20 , Val l: 0.2669 | Test e:  72.62 
| Epoch   21 | Train e:  83.43, T l:  0.1892 | Val e:  76.76 , Val l: 0.2725 | Test e:  72.24 
| Epoch   22 | Train e:  84.11, T l:  0.1867 | Val e:  77.23 , Val l: 0.2710 | Test e:  72.80 
| Epoch   23 | Train e:  83.86, T l:  0.1863 | Val e:  77.26 , Val l: 0.2684 | Test e:  73.04 
| Epoch   24 | Train e:  84.90, T l:  0.1809 | Val e:  78.19 , Val l: 0.2731 | Test e:  73.72 
| Epoch   25 | Train e:  85.21, T l:  0.1811 | Val e:  78.05 , Val l: 0.2706 | Test e:  74.13 
| Epoch   26 | Train e:  85.55, T l:  0.1796 | Val e:  78.10 , Val l: 0.2658 | Test e:  73.34 
| Epoch   27 | Train e:  85.89, T l:  0.1776 | Val e:  78.53 , Val l: 0.2628 | Test e:  73.76 
| Epoch   28 | Train e:  86.35, T l:  0.1768 | Val e:  78.15 , Val l: 0.2645 | Test e:  73.90 
| Epoch   29 | Train e:  85.87, T l:  0.1747 | Val e:  77.65 , Val l: 0.2845 | Test e:  72.62 
| Epoch   30 | Train e:  86.29, T l:  0.1750 | Val e:  78.05 , Val l: 0.3018 | Test e:  72.85 
| Epoch   31 | Train e:  86.23, T l:  0.1729 | Val e:  77.89 , Val l: 0.2989 | Test e:  73.24 
| Epoch   32 | Train e:  87.03, T l:  0.1725 | Val e:  78.38 , Val l: 0.2810 | Test e:  73.53 
| Epoch   33 | Train e:  87.70, T l:  0.1698 | Val e:  77.83 , Val l: 0.2700 | Test e:  72.98 
| Epoch   34 | Train e:  87.58, T l:  0.1706 | Val e:  78.47 , Val l: 0.2640 | Test e:  73.10 
| Epoch   35 | Train e:  87.34, T l:  0.1696 | Val e:  77.77 , Val l: 0.2662 | Test e:  73.09 
| Epoch   36 | Train e:  88.10, T l:  0.1668 | Val e:  78.04 , Val l: 0.2768 | Test e:  73.10 
| Epoch   37 | Train e:  87.84, T l:  0.1687 | Val e:  77.00 , Val l: 0.2808 | Test e:  71.33 
| Epoch   38 | Train e:  88.45, T l:  0.1643 | Val e:  77.98 , Val l: 0.2727 | Test e:  73.26 
| Epoch   39 | Train e:  88.23, T l:  0.1653 | Val e:  77.99 , Val l: 0.2619 | Test e:  72.60 
| Epoch   40 | Train e:  88.86, T l:  0.1636 | Val e:  77.95 , Val l: 0.2781 | Test e:  72.05 
| Epoch   41 | Train e:  88.54, T l:  0.1629 | Val e:  78.34 , Val l: 0.2844 | Test e:  72.68 
| Epoch   42 | Train e:  88.82, T l:  0.1619 | Val e:  78.17 , Val l: 0.2806 | Test e:  72.73 
| Epoch   43 | Train e:  89.13, T l:  0.1619 | Val e:  77.70 , Val l: 0.2772 | Test e:  73.09 
| Epoch   44 | Train e:  88.58, T l:  0.1604 | Val e:  77.38 , Val l: 0.2825 | Test e:  71.69 
| Epoch   45 | Train e:  89.06, T l:  0.1605 | Val e:  77.89 , Val l: 0.2833 | Test e:  71.62 
| Epoch   46 | Train e:  88.58, T l:  0.1579 | Val e:  77.80 , Val l: 0.3315 | Test e:  71.42 
| Epoch   47 | Train e:  89.29, T l:  0.1585 | Val e:  77.01 , Val l: 0.2771 | Test e:  70.69 
| Epoch   48 | Train e:  89.32, T l:  0.1562 | Val e:  78.42 , Val l: 0.2890 | Test e:  72.79 
| Epoch   49 | Train e:  89.86, T l:  0.1568 | Val e:  77.87 , Val l: 0.2855 | Test e:  71.82 
| Epoch   50 | Train e:  90.27, T l:  0.1558 | Val e:  78.61 , Val l: 0.3133 | Test e:  72.22 
| Epoch   51 | Train e:  89.96, T l:  0.1552 | Val e:  78.00 , Val l: 0.3091 | Test e:  71.41 
| Epoch   52 | Train e:  89.93, T l:  0.1548 | Val e:  78.44 , Val l: 0.2991 | Test e:  71.76 
| Epoch   53 | Train e:  90.09, T l:  0.1531 | Val e:  78.74 , Val l: 0.2746 | Test e:  72.32 
| Epoch   54 | Train e:  90.33, T l:  0.1529 | Val e:  77.69 , Val l: 0.2809 | Test e:  72.00 
| Epoch   55 | Train e:  89.63, T l:  0.1524 | Val e:  77.93 , Val l: 0.2985 | Test e:  72.29 
| Epoch   56 | Train e:  90.46, T l:  0.1522 | Val e:  77.17 , Val l: 0.2876 | Test e:  70.94 
| Epoch   57 | Train e:  90.88, T l:  0.1508 | Val e:  77.93 , Val l: 0.2905 | Test e:  72.53 
| Epoch   58 | Train e:  90.40, T l:  0.1510 | Val e:  77.65 , Val l: 0.3240 | Test e:  71.65 
| Epoch   59 | Train e:  90.63, T l:  0.1505 | Val e:  77.52 , Val l: 0.2895 | Test e:  71.39 
| Epoch   60 | Train e:  90.45, T l:  0.1494 | Val e:  78.60 , Val l: 0.2923 | Test e:  72.26 
| Epoch   61 | Train e:  90.59, T l:  0.1502 | Val e:  78.43 , Val l: 0.2894 | Test e:  72.07 
| Epoch   62 | Train e:  90.98, T l:  0.1473 | Val e:  77.81 , Val l: 0.3023 | Test e:  72.08 
| Epoch   63 | Train e:  90.98, T l:  0.1470 | Val e:  76.98 , Val l: 0.3118 | Test e:  72.07 
| Epoch   64 | Train e:  91.20, T l:  0.1450 | Val e:  77.74 , Val l: 0.3004 | Test e:  72.73 
| Epoch   65 | Train e:  91.57, T l:  0.1456 | Val e:  77.60 , Val l: 0.2984 | Test e:  70.88 
| Epoch   66 | Train e:  90.73, T l:  0.1463 | Val e:  77.44 , Val l: 0.3074 | Test e:  71.06 
| Epoch   67 | Train e:  91.63, T l:  0.1442 | Val e:  78.21 , Val l: 0.3114 | Test e:  72.03 
| Epoch   68 | Train e:  91.32, T l:  0.1443 | Val e:  77.31 , Val l: 0.3086 | Test e:  71.25 
| Epoch   69 | Train e:  91.84, T l:  0.1430 | Val e:  77.19 , Val l: 0.3059 | Test e:  71.28 
| Epoch   70 | Train e:  91.93, T l:  0.1448 | Val e:  77.24 , Val l: 0.3423 | Test e:  71.41 
| Epoch   71 | Train e:  91.59, T l:  0.1431 | Val e:  77.49 , Val l: 0.3166 | Test e:  72.18 
| Epoch   72 | Train e:  91.51, T l:  0.1417 | Val e:  76.49 , Val l: 0.3954 | Test e:  71.36 
| Epoch   73 | Train e:  91.70, T l:  0.1422 | Val e:  76.29 , Val l: 0.3382 | Test e:  70.76 
| Epoch   74 | Train e:  92.37, T l:  0.1408 | Val e:  76.69 , Val l: 0.3150 | Test e:  70.88 
| Epoch   75 | Train e:  92.42, T l:  0.1403 | Val e:  77.18 , Val l: 0.3377 | Test e:  71.45 
| Epoch   76 | Train e:  92.36, T l:  0.1405 | Val e:  77.18 , Val l: 0.3636 | Test e:  71.71 
| Epoch   77 | Train e:  92.55, T l:  0.1394 | Val e:  76.69 , Val l: 0.3323 | Test e:  71.02 
| Epoch   78 | Train e:  92.14, T l:  0.1374 | Val e:  76.88 , Val l: 0.3212 | Test e:  71.63 
| Epoch   79 | Train e:  92.27, T l:  0.1387 | Val e:  76.44 , Val l: 0.3143 | Test e:  71.05 
| Epoch   80 | Train e:  92.24, T l:  0.1368 | Val e:  76.39 , Val l: 0.3208 | Test e:  70.95 
| Epoch   81 | Train e:  92.18, T l:  0.1377 | Val e:  75.85 , Val l: 0.3363 | Test e:  70.98 
| Epoch   82 | Train e:  92.57, T l:  0.1357 | Val e:  76.32 , Val l: 0.3703 | Test e:  70.97 
| Epoch   83 | Train e:  91.94, T l:  0.1369 | Val e:  75.28 , Val l: 0.3982 | Test e:  70.43 
| Epoch   84 | Train e:  92.95, T l:  0.1346 | Val e:  76.75 , Val l: 0.3399 | Test e:  71.38 
| Epoch   85 | Train e:  92.54, T l:  0.1336 | Val e:  75.64 , Val l: 0.3401 | Test e:  70.57 
| Epoch   86 | Train e:  92.05, T l:  0.1355 | Val e:  75.92 , Val l: 0.3467 | Test e:  70.97 
| Epoch   87 | Train e:  92.85, T l:  0.1335 | Val e:  76.08 , Val l: 0.3549 | Test e:  70.19 
| Epoch   88 | Train e:  93.18, T l:  0.1321 | Val e:  76.55 , Val l: 0.3405 | Test e:  71.04 
| Epoch   89 | Train e:  92.73, T l:  0.1328 | Val e:  75.95 , Val l: 0.3570 | Test e:  70.60 
| Epoch   90 | Train e:  93.13, T l:  0.1332 | Val e:  76.70 , Val l: 0.3545 | Test e:  71.37 
| Epoch   91 | Train e:  93.61, T l:  0.1320 | Val e:  77.28 , Val l: 0.3303 | Test e:  71.50 
| Epoch   92 | Train e:  93.50, T l:  0.1312 | Val e:  77.46 , Val l: 0.3229 | Test e:  72.20 
| Epoch   93 | Train e:  93.27, T l:  0.1321 | Val e:  75.64 , Val l: 0.3466 | Test e:  70.66 
| Epoch   94 | Train e:  93.29, T l:  0.1312 | Val e:  76.77 , Val l: 0.3395 | Test e:  70.98 
| Epoch   95 | Train e:  92.88, T l:  0.1290 | Val e:  75.51 , Val l: 0.3715 | Test e:  70.08 
| Epoch   96 | Train e:  93.30, T l:  0.1298 | Val e:  75.75 , Val l: 0.3978 | Test e:  70.18 
| Epoch   97 | Train e:  93.98, T l:  0.1287 | Val e:  77.53 , Val l: 0.3386 | Test e:  72.00 
| Epoch   98 | Train e:  93.49, T l:  0.1290 | Val e:  76.21 , Val l: 0.3764 | Test e:  71.24 
| Epoch   99 | Train e:  93.73, T l:  0.1276 | Val e:  76.20 , Val l: 0.3637 | Test e:  71.66 
| Epoch  100 | Train e:  93.85, T l:  0.1290 | Val e:  75.96 , Val l: 0.4327 | Test e:  70.95 
| Epoch  101 | Train e:  93.89, T l:  0.1275 | Val e:  75.87 , Val l: 0.3426 | Test e:  71.28 
| Epoch  102 | Train e:  93.85, T l:  0.1269 | Val e:  76.05 , Val l: 0.3600 | Test e:  70.84 
| Epoch  103 | Train e:  93.79, T l:  0.1268 | Val e:  76.68 , Val l: 0.3611 | Test e:  71.30 
| Epoch  104 | Train e:  93.77, T l:  0.1260 | Val e:  75.60 , Val l: 0.4008 | Test e:  71.34 
| Epoch  105 | Train e:  94.22, T l:  0.1256 | Val e:  75.72 , Val l: 0.3544 | Test e:  70.48 
| Epoch  106 | Train e:  94.23, T l:  0.1248 | Val e:  75.45 , Val l: 0.3958 | Test e:  70.66 
| Epoch  107 | Train e:  94.01, T l:  0.1245 | Val e:  75.36 , Val l: 0.4305 | Test e:  70.44 
| Epoch  108 | Train e:  94.43, T l:  0.1238 | Val e:  76.06 , Val l: 0.3680 | Test e:  71.14 
| Epoch  109 | Train e:  93.71, T l:  0.1234 | Val e:  75.67 , Val l: 0.3906 | Test e:  70.41 
| Epoch  110 | Train e:  94.58, T l:  0.1233 | Val e:  75.70 , Val l: 0.3797 | Test e:  70.91 
| Epoch  111 | Train e:  94.17, T l:  0.1224 | Val e:  75.66 , Val l: 0.3939 | Test e:  70.66 
| Epoch  112 | Train e:  94.61, T l:  0.1228 | Val e:  76.05 , Val l: 0.3736 | Test e:  70.84 
| Epoch  113 | Train e:  94.50, T l:  0.1227 | Val e:  75.99 , Val l: 0.4048 | Test e:  70.50 
| Epoch  114 | Train e:  94.14, T l:  0.1211 | Val e:  75.58 , Val l: 0.3993 | Test e:  70.59 
| Epoch  115 | Train e:  94.18, T l:  0.1212 | Val e:  74.97 , Val l: 0.4050 | Test e:  70.74 
| Epoch  116 | Train e:  94.45, T l:  0.1212 | Val e:  74.98 , Val l: 0.3819 | Test e:  70.81 
| Epoch  117 | Train e:  94.49, T l:  0.1204 | Val e:  75.70 , Val l: 0.3740 | Test e:  70.69 
| Epoch  118 | Train e:  94.84, T l:  0.1211 | Val e:  75.80 , Val l: 0.4133 | Test e:  71.45 
| Epoch  119 | Train e:  95.00, T l:  0.1198 | Val e:  75.57 , Val l: 0.3702 | Test e:  70.72 
| Epoch  120 | Train e:  94.62, T l:  0.1207 | Val e:  75.12 , Val l: 0.4496 | Test e:  70.38 
| Epoch  121 | Train e:  94.35, T l:  0.1200 | Val e:  75.41 , Val l: 0.4213 | Test e:  70.67 
| Epoch  122 | Train e:  94.73, T l:  0.1191 | Val e:  75.15 , Val l: 0.4017 | Test e:  70.21 
| Epoch  123 | Train e:  94.72, T l:  0.1185 | Val e:  74.97 , Val l: 0.4094 | Test e:  70.41 
| Epoch  124 | Train e:  95.01, T l:  0.1183 | Val e:  75.16 , Val l: 0.4032 | Test e:  70.89 
| Epoch  125 | Train e:  95.10, T l:  0.1178 | Val e:  74.98 , Val l: 0.4095 | Test e:  70.55 
| Epoch  126 | Train e:  94.70, T l:  0.1166 | Val e:  74.92 , Val l: 0.4155 | Test e:  70.40 
| Epoch  127 | Train e:  94.67, T l:  0.1161 | Val e:  75.08 , Val l: 0.4197 | Test e:  70.38 
| Epoch  128 | Train e:  95.03, T l:  0.1156 | Val e:  75.12 , Val l: 0.4019 | Test e:  70.54 
| Epoch  129 | Train e:  95.57, T l:  0.1165 | Val e:  75.37 , Val l: 0.3917 | Test e:  70.82 
| Epoch  130 | Train e:  95.04, T l:  0.1164 | Val e:  75.06 , Val l: 0.4374 | Test e:  70.29 
| Epoch  131 | Train e:  94.86, T l:  0.1155 | Val e:  75.19 , Val l: 0.4129 | Test e:  70.49 
| Epoch  132 | Train e:  95.43, T l:  0.1151 | Val e:  75.38 , Val l: 0.3872 | Test e:  71.18 
| Epoch  133 | Train e:  95.49, T l:  0.1141 | Val e:  75.53 , Val l: 0.3997 | Test e:  70.95 
| Epoch  134 | Train e:  95.28, T l:  0.1148 | Val e:  75.33 , Val l: 0.4260 | Test e:  70.61 
| Epoch  135 | Train e:  95.32, T l:  0.1149 | Val e:  74.78 , Val l: 0.4170 | Test e:  70.44 
| Epoch  136 | Train e:  95.58, T l:  0.1137 | Val e:  74.90 , Val l: 0.4132 | Test e:  70.64 
| Epoch  137 | Train e:  95.36, T l:  0.1116 | Val e:  75.07 , Val l: 0.4216 | Test e:  70.87 
| Epoch  138 | Train e:  95.30, T l:  0.1124 | Val e:  75.28 , Val l: 0.4030 | Test e:  71.08 
| Epoch  139 | Train e:  95.21, T l:  0.1119 | Val e:  74.88 , Val l: 0.4442 | Test e:  70.80 
| Epoch  140 | Train e:  95.63, T l:  0.1125 | Val e:  75.07 , Val l: 0.4160 | Test e:  70.43 
| Epoch  141 | Train e:  95.68, T l:  0.1117 | Val e:  74.85 , Val l: 0.4303 | Test e:  70.58 
| Epoch  142 | Train e:  95.25, T l:  0.1109 | Val e:  74.46 , Val l: 0.4484 | Test e:  70.27 
| Epoch  143 | Train e:  95.07, T l:  0.1117 | Val e:  74.75 , Val l: 0.4452 | Test e:  70.62 
| Epoch  144 | Train e:  95.32, T l:  0.1102 | Val e:  74.20 , Val l: 0.4368 | Test e:  70.30 
| Epoch  145 | Train e:  95.45, T l:  0.1106 | Val e:  75.04 , Val l: 0.4517 | Test e:  70.95 
| Epoch  146 | Train e:  95.55, T l:  0.1121 | Val e:  74.73 , Val l: 0.4366 | Test e:  70.63 
| Epoch  147 | Train e:  95.53, T l:  0.1101 | Val e:  74.44 , Val l: 0.4912 | Test e:  70.27 
| Epoch  148 | Train e:  95.91, T l:  0.1090 | Val e:  74.94 , Val l: 0.4297 | Test e:  71.26 
| Epoch  149 | Train e:  95.83, T l:  0.1094 | Val e:  74.47 , Val l: 0.4590 | Test e:  70.26 
| Epoch  150 | Train e:  95.79, T l:  0.1086 | Val e:  74.70 , Val l: 0.4272 | Test e:  70.78 
| Epoch  151 | Train e:  95.48, T l:  0.1089 | Val e:  74.26 , Val l: 0.4766 | Test e:  70.41 
| Epoch  152 | Train e:  95.93, T l:  0.1084 | Val e:  74.79 , Val l: 0.4556 | Test e:  70.87 
| Epoch  153 | Train e:  95.52, T l:  0.1088 | Val e:  74.37 , Val l: 0.4875 | Test e:  70.56 
| Epoch  154 | Train e:  95.98, T l:  0.1088 | Val e:  74.91 , Val l: 0.4342 | Test e:  70.85 
| Epoch  155 | Train e:  96.08, T l:  0.1075 | Val e:  75.07 , Val l: 0.4232 | Test e:  71.09 
| Epoch  156 | Train e:  96.04, T l:  0.1069 | Val e:  74.67 , Val l: 0.4395 | Test e:  70.64 
| Epoch  157 | Train e:  95.90, T l:  0.1067 | Val e:  74.21 , Val l: 0.4767 | Test e:  70.18 
| Epoch  158 | Train e:  95.91, T l:  0.1070 | Val e:  74.52 , Val l: 0.4324 | Test e:  70.31 
| Epoch  159 | Train e:  95.78, T l:  0.1062 | Val e:  74.29 , Val l: 0.4878 | Test e:  70.25 
| Epoch  160 | Train e:  96.08, T l:  0.1065 | Val e:  74.50 , Val l: 0.4348 | Test e:  70.48 
| Epoch  161 | Train e:  95.97, T l:  0.1063 | Val e:  74.51 , Val l: 0.4569 | Test e:  70.50 
| Epoch  162 | Train e:  96.21, T l:  0.1061 | Val e:  74.71 , Val l: 0.4506 | Test e:  70.60 
| Epoch  163 | Train e:  96.21, T l:  0.1055 | Val e:  74.61 , Val l: 0.4475 | Test e:  70.30 
| Epoch  164 | Train e:  96.14, T l:  0.1061 | Val e:  74.63 , Val l: 0.4591 | Test e:  70.37 
| Epoch  165 | Train e:  96.00, T l:  0.1046 | Val e:  75.02 , Val l: 0.4419 | Test e:  70.46 
| Epoch  166 | Train e:  96.10, T l:  0.1044 | Val e:  74.55 , Val l: 0.4517 | Test e:  70.50 
| Epoch  167 | Train e:  95.86, T l:  0.1051 | Val e:  74.11 , Val l: 0.4783 | Test e:  70.12 
| Epoch  168 | Train e:  96.10, T l:  0.1043 | Val e:  74.19 , Val l: 0.4613 | Test e:  70.25 
| Epoch  169 | Train e:  96.30, T l:  0.1042 | Val e:  74.62 , Val l: 0.4470 | Test e:  70.77 
| Epoch  170 | Train e:  96.21, T l:  0.1038 | Val e:  74.25 , Val l: 0.4718 | Test e:  70.37 
| Epoch  171 | Train e:  96.15, T l:  0.1042 | Val e:  74.26 , Val l: 0.4554 | Test e:  70.39 
| Epoch  172 | Train e:  96.11, T l:  0.1039 | Val e:  74.47 , Val l: 0.4529 | Test e:  70.53 
| Epoch  173 | Train e:  96.11, T l:  0.1044 | Val e:  74.50 , Val l: 0.4827 | Test e:  70.50 
| Epoch  174 | Train e:  96.22, T l:  0.1035 | Val e:  74.56 , Val l: 0.4655 | Test e:  70.38 
| Epoch  175 | Train e:  96.32, T l:  0.1030 | Val e:  74.81 , Val l: 0.4721 | Test e:  70.70 
| Epoch  176 | Train e:  96.41, T l:  0.1038 | Val e:  74.72 , Val l: 0.4651 | Test e:  70.75 
| Epoch  177 | Train e:  96.44, T l:  0.1026 | Val e:  74.91 , Val l: 0.4453 | Test e:  70.91 
| Epoch  178 | Train e:  96.42, T l:  0.1032 | Val e:  74.65 , Val l: 0.4554 | Test e:  70.85 
| Epoch  179 | Train e:  96.38, T l:  0.1033 | Val e:  74.51 , Val l: 0.4513 | Test e:  70.52 
| Epoch  180 | Train e:  96.22, T l:  0.1016 | Val e:  74.41 , Val l: 0.4766 | Test e:  70.34 
| Epoch  181 | Train e:  96.31, T l:  0.1027 | Val e:  74.63 , Val l: 0.4633 | Test e:  70.48 
| Epoch  182 | Train e:  96.43, T l:  0.1018 | Val e:  74.41 , Val l: 0.4668 | Test e:  70.50 
| Epoch  183 | Train e:  96.23, T l:  0.1013 | Val e:  74.54 , Val l: 0.4623 | Test e:  70.56 
| Epoch  184 | Train e:  96.15, T l:  0.1021 | Val e:  74.50 , Val l: 0.4735 | Test e:  70.56 
| Epoch  185 | Train e:  96.42, T l:  0.1007 | Val e:  74.63 , Val l: 0.4571 | Test e:  70.69 
| Epoch  186 | Train e:  96.46, T l:  0.1010 | Val e:  74.61 , Val l: 0.4669 | Test e:  70.64 
| Epoch  187 | Train e:  96.43, T l:  0.1014 | Val e:  74.54 , Val l: 0.4628 | Test e:  70.67 
| Epoch  188 | Train e:  96.30, T l:  0.1004 | Val e:  74.41 , Val l: 0.4664 | Test e:  70.52 
| Epoch  189 | Train e:  96.40, T l:  0.1014 | Val e:  74.44 , Val l: 0.4592 | Test e:  70.53 
| Epoch  190 | Train e:  96.38, T l:  0.0998 | Val e:  74.59 , Val l: 0.4622 | Test e:  70.68 
| Epoch  191 | Train e:  96.45, T l:  0.1003 | Val e:  74.55 , Val l: 0.4669 | Test e:  70.60 
| Epoch  192 | Train e:  96.25, T l:  0.1001 | Val e:  74.40 , Val l: 0.4698 | Test e:  70.40 
| Epoch  193 | Train e:  96.37, T l:  0.1001 | Val e:  74.50 , Val l: 0.4617 | Test e:  70.58 
| Epoch  194 | Train e:  96.35, T l:  0.1007 | Val e:  74.48 , Val l: 0.4689 | Test e:  70.50 
| Epoch  195 | Train e:  96.28, T l:  0.1007 | Val e:  74.45 , Val l: 0.4731 | Test e:  70.44 
| Epoch  196 | Train e:  96.39, T l:  0.1003 | Val e:  74.55 , Val l: 0.4738 | Test e:  70.53 
| Epoch  197 | Train e:  96.40, T l:  0.0998 | Val e:  74.56 , Val l: 0.4713 | Test e:  70.54 
| Epoch  198 | Train e:  96.39, T l:  0.1005 | Val e:  74.57 , Val l: 0.4672 | Test e:  70.56 
| Epoch  199 | Train e:  96.39, T l:  0.0995 | Val e:  74.57 , Val l: 0.4672 | Test e:  70.55 
