

===============================================
2022-08-23 01:08:26

main.py --readout cls --gconv-dim 256 --tlayer-dim 256 --num-heads 8 --no-clustering --masked-attention --batch-size 32 --epochs 200 --warmup 20 --gconv-dropout 0.5 --tlayer-dropout 0.5 --seeds 666 --device 1

None

dataset: ogbg-moltox21
use_val_loss: False
epochs: 200
scheduler: linear
warmup: 20
patience: 25
batch_size: 32
lr: 0.0001
weight_decay: 0.0001
clustering: False
masked_attention: True
gconv_dim: 256
tlayer_dim: 256
gconv_dropout: 0.5
tlayer_dropout: 0.5
num_layers: 4
num_heads: 8
skip_connection: none
readout: cls
seeds: 666
save_state: False



| Epoch    0 | Train e:  48.29, T l:  0.6868 | Val e:  48.34 , Val l: 0.4002 | Test e:  50.02 
| Epoch    1 | Train e:  49.11, T l:  0.3455 | Val e:  53.29 , Val l: 0.3012 | Test e:  54.66 
| Epoch    2 | Train e:  53.66, T l:  0.2670 | Val e:  54.95 , Val l: 0.3080 | Test e:  56.71 
| Epoch    3 | Train e:  54.12, T l:  0.2515 | Val e:  55.12 , Val l: 0.3135 | Test e:  57.41 
| Epoch    4 | Train e:  57.06, T l:  0.2473 | Val e:  56.14 , Val l: 0.3167 | Test e:  60.69 
| Epoch    5 | Train e:  58.49, T l:  0.2448 | Val e:  57.19 , Val l: 0.3146 | Test e:  59.91 
| Epoch    6 | Train e:  61.11, T l:  0.2404 | Val e:  60.79 , Val l: 0.3040 | Test e:  62.28 
| Epoch    7 | Train e:  65.48, T l:  0.2357 | Val e:  62.66 , Val l: 0.3006 | Test e:  63.76 
| Epoch    8 | Train e:  67.14, T l:  0.2324 | Val e:  63.88 , Val l: 0.2963 | Test e:  64.52 
| Epoch    9 | Train e:  69.24, T l:  0.2301 | Val e:  66.52 , Val l: 0.2979 | Test e:  65.48 
| Epoch   10 | Train e:  71.36, T l:  0.2262 | Val e:  69.71 , Val l: 0.2854 | Test e:  67.34 
| Epoch   11 | Train e:  72.56, T l:  0.2185 | Val e:  69.56 , Val l: 0.3098 | Test e:  66.96 
| Epoch   12 | Train e:  75.25, T l:  0.2127 | Val e:  74.12 , Val l: 0.2829 | Test e:  69.92 
| Epoch   13 | Train e:  75.90, T l:  0.2096 | Val e:  74.55 , Val l: 0.2821 | Test e:  70.59 
| Epoch   14 | Train e:  76.74, T l:  0.2074 | Val e:  74.51 , Val l: 0.2679 | Test e:  71.06 
| Epoch   15 | Train e:  77.90, T l:  0.2040 | Val e:  75.49 , Val l: 0.2726 | Test e:  71.62 
| Epoch   16 | Train e:  78.33, T l:  0.2042 | Val e:  75.37 , Val l: 0.2669 | Test e:  72.15 
| Epoch   17 | Train e:  79.77, T l:  0.2011 | Val e:  76.92 , Val l: 0.2670 | Test e:  73.39 
| Epoch   18 | Train e:  79.99, T l:  0.2005 | Val e:  76.60 , Val l: 0.2698 | Test e:  72.96 
| Epoch   19 | Train e:  79.82, T l:  0.1977 | Val e:  76.78 , Val l: 0.2583 | Test e:  73.34 
| Epoch   20 | Train e:  81.54, T l:  0.1950 | Val e:  77.83 , Val l: 0.2752 | Test e:  73.63 
| Epoch   21 | Train e:  81.85, T l:  0.1942 | Val e:  78.15 , Val l: 0.2679 | Test e:  73.75 
| Epoch   22 | Train e:  82.46, T l:  0.1939 | Val e:  78.18 , Val l: 0.2544 | Test e:  74.36 
| Epoch   23 | Train e:  82.36, T l:  0.1926 | Val e:  78.46 , Val l: 0.2657 | Test e:  74.45 
| Epoch   24 | Train e:  83.55, T l:  0.1921 | Val e:  78.78 , Val l: 0.2567 | Test e:  74.06 
| Epoch   25 | Train e:  84.14, T l:  0.1875 | Val e:  79.31 , Val l: 0.2583 | Test e:  74.93 
| Epoch   26 | Train e:  84.87, T l:  0.1854 | Val e:  79.32 , Val l: 0.2542 | Test e:  74.83 
| Epoch   27 | Train e:  85.15, T l:  0.1837 | Val e:  79.28 , Val l: 0.2627 | Test e:  74.92 
| Epoch   28 | Train e:  86.00, T l:  0.1849 | Val e:  79.46 , Val l: 0.2557 | Test e:  74.65 
| Epoch   29 | Train e:  86.06, T l:  0.1844 | Val e:  79.90 , Val l: 0.2455 | Test e:  75.81 
| Epoch   30 | Train e:  86.36, T l:  0.1816 | Val e:  79.94 , Val l: 0.2467 | Test e:  75.66 
| Epoch   31 | Train e:  86.58, T l:  0.1783 | Val e:  79.87 , Val l: 0.2504 | Test e:  75.58 
| Epoch   32 | Train e:  86.80, T l:  0.1782 | Val e:  79.87 , Val l: 0.2614 | Test e:  76.20 
| Epoch   33 | Train e:  86.81, T l:  0.1780 | Val e:  79.86 , Val l: 0.2516 | Test e:  75.57 
| Epoch   34 | Train e:  86.73, T l:  0.1776 | Val e:  79.79 , Val l: 0.2549 | Test e:  76.81 
| Epoch   35 | Train e:  87.08, T l:  0.1754 | Val e:  80.40 , Val l: 0.2516 | Test e:  76.33 
| Epoch   36 | Train e:  87.14, T l:  0.1744 | Val e:  80.08 , Val l: 0.2482 | Test e:  76.16 
| Epoch   37 | Train e:  86.90, T l:  0.1747 | Val e:  79.76 , Val l: 0.2595 | Test e:  75.65 
| Epoch   38 | Train e:  87.42, T l:  0.1733 | Val e:  80.57 , Val l: 0.2426 | Test e:  76.70 
| Epoch   39 | Train e:  87.94, T l:  0.1710 | Val e:  79.69 , Val l: 0.2542 | Test e:  76.06 
| Epoch   40 | Train e:  87.89, T l:  0.1715 | Val e:  80.36 , Val l: 0.2494 | Test e:  76.89 
| Epoch   41 | Train e:  88.32, T l:  0.1678 | Val e:  80.67 , Val l: 0.2510 | Test e:  76.47 
| Epoch   42 | Train e:  88.10, T l:  0.1698 | Val e:  80.49 , Val l: 0.2459 | Test e:  76.92 
| Epoch   43 | Train e:  87.97, T l:  0.1687 | Val e:  80.00 , Val l: 0.2588 | Test e:  76.41 
| Epoch   44 | Train e:  88.42, T l:  0.1677 | Val e:  80.56 , Val l: 0.2575 | Test e:  77.21 
| Epoch   45 | Train e:  88.55, T l:  0.1668 | Val e:  80.48 , Val l: 0.2495 | Test e:  76.82 
| Epoch   46 | Train e:  88.45, T l:  0.1678 | Val e:  80.63 , Val l: 0.2437 | Test e:  76.90 
| Epoch   47 | Train e:  88.85, T l:  0.1660 | Val e:  81.15 , Val l: 0.2439 | Test e:  76.88 
| Epoch   48 | Train e:  89.00, T l:  0.1651 | Val e:  80.87 , Val l: 0.2458 | Test e:  76.95 
| Epoch   49 | Train e:  88.69, T l:  0.1634 | Val e:  80.73 , Val l: 0.2421 | Test e:  77.01 
| Epoch   50 | Train e:  88.66, T l:  0.1631 | Val e:  80.66 , Val l: 0.2630 | Test e:  76.45 
| Epoch   51 | Train e:  88.81, T l:  0.1643 | Val e:  80.54 , Val l: 0.2528 | Test e:  76.78 
| Epoch   52 | Train e:  89.04, T l:  0.1613 | Val e:  81.22 , Val l: 0.2505 | Test e:  77.52 
| Epoch   53 | Train e:  89.05, T l:  0.1623 | Val e:  80.85 , Val l: 0.2421 | Test e:  77.35 
| Epoch   54 | Train e:  89.21, T l:  0.1606 | Val e:  80.82 , Val l: 0.2569 | Test e:  77.26 
| Epoch   55 | Train e:  89.08, T l:  0.1611 | Val e:  80.85 , Val l: 0.2540 | Test e:  76.53 
| Epoch   56 | Train e:  89.27, T l:  0.1603 | Val e:  80.86 , Val l: 0.2416 | Test e:  77.60 
| Epoch   57 | Train e:  89.36, T l:  0.1605 | Val e:  81.43 , Val l: 0.2513 | Test e:  78.22 
| Epoch   58 | Train e:  89.38, T l:  0.1596 | Val e:  80.65 , Val l: 0.2452 | Test e:  77.04 
| Epoch   59 | Train e:  89.21, T l:  0.1577 | Val e:  80.00 , Val l: 0.2731 | Test e:  76.34 
| Epoch   60 | Train e:  89.10, T l:  0.1576 | Val e:  80.08 , Val l: 0.2617 | Test e:  77.06 
| Epoch   61 | Train e:  89.82, T l:  0.1575 | Val e:  80.79 , Val l: 0.2486 | Test e:  78.43 
| Epoch   62 | Train e:  89.52, T l:  0.1572 | Val e:  80.76 , Val l: 0.2580 | Test e:  77.98 
| Epoch   63 | Train e:  89.98, T l:  0.1564 | Val e:  81.46 , Val l: 0.2430 | Test e:  78.36 
| Epoch   64 | Train e:  89.43, T l:  0.1576 | Val e:  80.60 , Val l: 0.2599 | Test e:  77.09 
| Epoch   65 | Train e:  89.89, T l:  0.1573 | Val e:  80.91 , Val l: 0.2432 | Test e:  77.40 
| Epoch   66 | Train e:  89.92, T l:  0.1558 | Val e:  81.24 , Val l: 0.2428 | Test e:  78.26 
| Epoch   67 | Train e:  89.93, T l:  0.1560 | Val e:  80.90 , Val l: 0.2442 | Test e:  77.88 
| Epoch   68 | Train e:  90.17, T l:  0.1540 | Val e:  80.44 , Val l: 0.2456 | Test e:  78.36 
| Epoch   69 | Train e:  89.98, T l:  0.1539 | Val e:  81.09 , Val l: 0.2440 | Test e:  78.33 
| Epoch   70 | Train e:  90.18, T l:  0.1538 | Val e:  81.11 , Val l: 0.2492 | Test e:  78.09 
| Epoch   71 | Train e:  90.22, T l:  0.1523 | Val e:  80.47 , Val l: 0.2492 | Test e:  77.95 
| Epoch   72 | Train e:  90.42, T l:  0.1527 | Val e:  81.16 , Val l: 0.2454 | Test e:  78.10 
| Epoch   73 | Train e:  90.47, T l:  0.1522 | Val e:  81.09 , Val l: 0.2491 | Test e:  78.49 
| Epoch   74 | Train e:  90.60, T l:  0.1523 | Val e:  80.94 , Val l: 0.2434 | Test e:  78.64 
| Epoch   75 | Train e:  90.09, T l:  0.1505 | Val e:  81.18 , Val l: 0.2539 | Test e:  77.25 
| Epoch   76 | Train e:  90.72, T l:  0.1512 | Val e:  80.82 , Val l: 0.2567 | Test e:  78.22 
| Epoch   77 | Train e:  90.44, T l:  0.1497 | Val e:  81.18 , Val l: 0.2511 | Test e:  79.27 
| Epoch   78 | Train e:  90.66, T l:  0.1494 | Val e:  80.70 , Val l: 0.2477 | Test e:  78.16 
| Epoch   79 | Train e:  90.71, T l:  0.1510 | Val e:  80.77 , Val l: 0.2487 | Test e:  78.49 
| Epoch   80 | Train e:  90.74, T l:  0.1489 | Val e:  80.55 , Val l: 0.2465 | Test e:  78.63 
| Epoch   81 | Train e:  90.97, T l:  0.1489 | Val e:  81.02 , Val l: 0.2561 | Test e:  78.99 
| Epoch   82 | Train e:  90.82, T l:  0.1501 | Val e:  80.81 , Val l: 0.2579 | Test e:  77.74 
| Epoch   83 | Train e:  90.81, T l:  0.1498 | Val e:  80.44 , Val l: 0.2519 | Test e:  78.52 
| Epoch   84 | Train e:  91.09, T l:  0.1483 | Val e:  81.14 , Val l: 0.2435 | Test e:  78.87 
| Epoch   85 | Train e:  90.80, T l:  0.1473 | Val e:  81.18 , Val l: 0.2465 | Test e:  78.08 
| Epoch   86 | Train e:  91.00, T l:  0.1476 | Val e:  80.81 , Val l: 0.2516 | Test e:  77.92 
| Epoch   87 | Train e:  91.20, T l:  0.1460 | Val e:  80.62 , Val l: 0.2489 | Test e:  78.34 
| Epoch   88 | Train e:  91.11, T l:  0.1457 | Val e:  80.53 , Val l: 0.2515 | Test e:  77.83 
| Epoch   89 | Train e:  91.31, T l:  0.1468 | Val e:  80.85 , Val l: 0.2566 | Test e:  78.90 
| Epoch   90 | Train e:  91.30, T l:  0.1462 | Val e:  80.76 , Val l: 0.2548 | Test e:  78.25 
| Epoch   91 | Train e:  91.56, T l:  0.1445 | Val e:  80.28 , Val l: 0.2501 | Test e:  78.51 
| Epoch   92 | Train e:  91.28, T l:  0.1444 | Val e:  80.50 , Val l: 0.2544 | Test e:  78.22 
| Epoch   93 | Train e:  91.16, T l:  0.1454 | Val e:  80.35 , Val l: 0.2614 | Test e:  77.89 
| Epoch   94 | Train e:  91.56, T l:  0.1433 | Val e:  80.75 , Val l: 0.2483 | Test e:  78.68 
| Epoch   95 | Train e:  91.59, T l:  0.1435 | Val e:  80.79 , Val l: 0.2471 | Test e:  78.77 
| Epoch   96 | Train e:  91.49, T l:  0.1436 | Val e:  80.71 , Val l: 0.2499 | Test e:  78.94 
| Epoch   97 | Train e:  91.81, T l:  0.1436 | Val e:  80.97 , Val l: 0.2459 | Test e:  78.96 
| Epoch   98 | Train e:  91.74, T l:  0.1441 | Val e:  81.26 , Val l: 0.2439 | Test e:  78.70 
| Epoch   99 | Train e:  91.86, T l:  0.1415 | Val e:  80.85 , Val l: 0.2481 | Test e:  78.90 
| Epoch  100 | Train e:  91.39, T l:  0.1417 | Val e:  80.78 , Val l: 0.2687 | Test e:  77.43 
| Epoch  101 | Train e:  91.92, T l:  0.1425 | Val e:  81.03 , Val l: 0.2498 | Test e:  78.40 
| Epoch  102 | Train e:  91.93, T l:  0.1424 | Val e:  80.91 , Val l: 0.2439 | Test e:  78.53 
| Epoch  103 | Train e:  91.94, T l:  0.1410 | Val e:  80.81 , Val l: 0.2530 | Test e:  78.64 
| Epoch  104 | Train e:  92.16, T l:  0.1421 | Val e:  80.57 , Val l: 0.2481 | Test e:  78.70 
| Epoch  105 | Train e:  92.10, T l:  0.1412 | Val e:  81.12 , Val l: 0.2561 | Test e:  78.46 
| Epoch  106 | Train e:  92.12, T l:  0.1389 | Val e:  80.76 , Val l: 0.2560 | Test e:  78.24 
| Epoch  107 | Train e:  92.35, T l:  0.1400 | Val e:  80.82 , Val l: 0.2448 | Test e:  78.71 
| Epoch  108 | Train e:  92.38, T l:  0.1403 | Val e:  80.76 , Val l: 0.2481 | Test e:  78.75 
| Epoch  109 | Train e:  92.21, T l:  0.1389 | Val e:  80.83 , Val l: 0.2499 | Test e:  77.78 
| Epoch  110 | Train e:  92.34, T l:  0.1391 | Val e:  81.51 , Val l: 0.2520 | Test e:  78.74 
| Epoch  111 | Train e:  92.36, T l:  0.1375 | Val e:  81.01 , Val l: 0.2563 | Test e:  77.68 
| Epoch  112 | Train e:  92.35, T l:  0.1380 | Val e:  80.60 , Val l: 0.2471 | Test e:  78.12 
| Epoch  113 | Train e:  92.49, T l:  0.1388 | Val e:  80.85 , Val l: 0.2501 | Test e:  78.63 
| Epoch  114 | Train e:  92.43, T l:  0.1367 | Val e:  80.90 , Val l: 0.2609 | Test e:  78.43 
| Epoch  115 | Train e:  92.48, T l:  0.1372 | Val e:  81.08 , Val l: 0.2490 | Test e:  78.46 
| Epoch  116 | Train e:  92.58, T l:  0.1374 | Val e:  81.01 , Val l: 0.2525 | Test e:  78.36 
| Epoch  117 | Train e:  92.65, T l:  0.1367 | Val e:  80.44 , Val l: 0.2589 | Test e:  78.24 
| Epoch  118 | Train e:  92.69, T l:  0.1370 | Val e:  80.78 , Val l: 0.2497 | Test e:  78.84 
| Epoch  119 | Train e:  92.60, T l:  0.1374 | Val e:  80.67 , Val l: 0.2537 | Test e:  78.69 
| Epoch  120 | Train e:  92.83, T l:  0.1369 | Val e:  81.13 , Val l: 0.2526 | Test e:  79.08 
| Epoch  121 | Train e:  92.83, T l:  0.1353 | Val e:  81.13 , Val l: 0.2687 | Test e:  78.46 
| Epoch  122 | Train e:  92.85, T l:  0.1343 | Val e:  80.08 , Val l: 0.2553 | Test e:  78.29 
| Epoch  123 | Train e:  92.86, T l:  0.1358 | Val e:  80.69 , Val l: 0.2542 | Test e:  79.10 
| Epoch  124 | Train e:  92.84, T l:  0.1345 | Val e:  80.86 , Val l: 0.2654 | Test e:  78.71 
| Epoch  125 | Train e:  92.88, T l:  0.1331 | Val e:  81.00 , Val l: 0.2537 | Test e:  78.76 
| Epoch  126 | Train e:  92.96, T l:  0.1346 | Val e:  81.21 , Val l: 0.2634 | Test e:  78.53 
| Epoch  127 | Train e:  93.00, T l:  0.1327 | Val e:  80.97 , Val l: 0.2519 | Test e:  78.83 
| Epoch  128 | Train e:  92.95, T l:  0.1349 | Val e:  80.85 , Val l: 0.2541 | Test e:  78.73 
| Epoch  129 | Train e:  93.02, T l:  0.1330 | Val e:  80.80 , Val l: 0.2589 | Test e:  78.81 
| Epoch  130 | Train e:  93.06, T l:  0.1331 | Val e:  80.96 , Val l: 0.2544 | Test e:  78.88 
| Epoch  131 | Train e:  93.20, T l:  0.1332 | Val e:  80.34 , Val l: 0.2605 | Test e:  78.58 
| Epoch  132 | Train e:  93.08, T l:  0.1327 | Val e:  80.87 , Val l: 0.2520 | Test e:  78.56 
| Epoch  133 | Train e:  93.31, T l:  0.1320 | Val e:  81.06 , Val l: 0.2491 | Test e:  78.99 
| Epoch  134 | Train e:  93.16, T l:  0.1318 | Val e:  80.45 , Val l: 0.2563 | Test e:  78.87 
| Epoch  135 | Train e:  93.22, T l:  0.1317 | Val e:  80.77 , Val l: 0.2641 | Test e:  78.60 
| Epoch  136 | Train e:  93.31, T l:  0.1314 | Val e:  80.98 , Val l: 0.2578 | Test e:  78.89 
| Epoch  137 | Train e:  93.37, T l:  0.1317 | Val e:  80.85 , Val l: 0.2623 | Test e:  79.33 
| Epoch  138 | Train e:  93.32, T l:  0.1306 | Val e:  80.53 , Val l: 0.2606 | Test e:  78.63 
| Epoch  139 | Train e:  93.38, T l:  0.1291 | Val e:  81.02 , Val l: 0.2604 | Test e:  78.72 
| Epoch  140 | Train e:  93.43, T l:  0.1316 | Val e:  80.61 , Val l: 0.2610 | Test e:  78.27 
| Epoch  141 | Train e:  93.41, T l:  0.1296 | Val e:  80.95 , Val l: 0.2600 | Test e:  78.83 
| Epoch  142 | Train e:  93.54, T l:  0.1297 | Val e:  80.80 , Val l: 0.2638 | Test e:  78.45 
| Epoch  143 | Train e:  93.52, T l:  0.1289 | Val e:  80.91 , Val l: 0.2591 | Test e:  78.67 
| Epoch  144 | Train e:  93.60, T l:  0.1288 | Val e:  81.05 , Val l: 0.2643 | Test e:  79.03 
| Epoch  145 | Train e:  93.62, T l:  0.1277 | Val e:  80.91 , Val l: 0.2681 | Test e:  79.13 
| Epoch  146 | Train e:  93.43, T l:  0.1293 | Val e:  80.89 , Val l: 0.2617 | Test e:  78.68 
| Epoch  147 | Train e:  93.66, T l:  0.1280 | Val e:  80.43 , Val l: 0.2642 | Test e:  79.12 
| Epoch  148 | Train e:  93.56, T l:  0.1272 | Val e:  80.53 , Val l: 0.2665 | Test e:  78.64 
| Epoch  149 | Train e:  93.69, T l:  0.1276 | Val e:  80.86 , Val l: 0.2635 | Test e:  79.16 
| Epoch  150 | Train e:  93.74, T l:  0.1271 | Val e:  80.49 , Val l: 0.2602 | Test e:  79.06 
| Epoch  151 | Train e:  93.75, T l:  0.1282 | Val e:  80.43 , Val l: 0.2650 | Test e:  78.84 
| Epoch  152 | Train e:  93.80, T l:  0.1274 | Val e:  80.59 , Val l: 0.2634 | Test e:  78.73 
| Epoch  153 | Train e:  93.76, T l:  0.1273 | Val e:  80.74 , Val l: 0.2614 | Test e:  79.00 
| Epoch  154 | Train e:  93.75, T l:  0.1258 | Val e:  80.57 , Val l: 0.2639 | Test e:  78.51 
| Epoch  155 | Train e:  93.88, T l:  0.1266 | Val e:  80.81 , Val l: 0.2645 | Test e:  78.65 
| Epoch  156 | Train e:  93.84, T l:  0.1259 | Val e:  80.66 , Val l: 0.2597 | Test e:  78.30 
| Epoch  157 | Train e:  93.92, T l:  0.1263 | Val e:  80.48 , Val l: 0.2657 | Test e:  78.56 
| Epoch  158 | Train e:  93.83, T l:  0.1274 | Val e:  80.73 , Val l: 0.2667 | Test e:  78.57 
| Epoch  159 | Train e:  93.91, T l:  0.1259 | Val e:  80.40 , Val l: 0.2657 | Test e:  78.51 
| Epoch  160 | Train e:  93.94, T l:  0.1250 | Val e:  80.39 , Val l: 0.2691 | Test e:  78.41 
| Epoch  161 | Train e:  93.91, T l:  0.1243 | Val e:  80.34 , Val l: 0.2725 | Test e:  78.40 
| Epoch  162 | Train e:  93.98, T l:  0.1246 | Val e:  80.61 , Val l: 0.2717 | Test e:  78.61 
| Epoch  163 | Train e:  94.04, T l:  0.1240 | Val e:  80.67 , Val l: 0.2708 | Test e:  78.50 
| Epoch  164 | Train e:  94.04, T l:  0.1235 | Val e:  80.36 , Val l: 0.2643 | Test e:  78.72 
| Epoch  165 | Train e:  94.05, T l:  0.1245 | Val e:  80.53 , Val l: 0.2695 | Test e:  78.49 
| Epoch  166 | Train e:  94.06, T l:  0.1242 | Val e:  80.41 , Val l: 0.2683 | Test e:  78.52 
| Epoch  167 | Train e:  93.99, T l:  0.1229 | Val e:  80.63 , Val l: 0.2764 | Test e:  78.48 
| Epoch  168 | Train e:  94.06, T l:  0.1228 | Val e:  81.00 , Val l: 0.2737 | Test e:  78.82 
| Epoch  169 | Train e:  94.17, T l:  0.1237 | Val e:  80.56 , Val l: 0.2636 | Test e:  78.85 
| Epoch  170 | Train e:  94.14, T l:  0.1239 | Val e:  80.80 , Val l: 0.2725 | Test e:  78.20 
| Epoch  171 | Train e:  94.25, T l:  0.1229 | Val e:  80.72 , Val l: 0.2692 | Test e:  78.85 
| Epoch  172 | Train e:  94.11, T l:  0.1233 | Val e:  80.43 , Val l: 0.2746 | Test e:  78.52 
| Epoch  173 | Train e:  94.14, T l:  0.1226 | Val e:  80.81 , Val l: 0.2751 | Test e:  78.49 
| Epoch  174 | Train e:  94.27, T l:  0.1223 | Val e:  80.71 , Val l: 0.2690 | Test e:  78.91 
| Epoch  175 | Train e:  94.29, T l:  0.1223 | Val e:  80.87 , Val l: 0.2732 | Test e:  78.74 
| Epoch  176 | Train e:  94.26, T l:  0.1213 | Val e:  80.72 , Val l: 0.2764 | Test e:  78.90 
| Epoch  177 | Train e:  94.32, T l:  0.1228 | Val e:  80.79 , Val l: 0.2712 | Test e:  78.63 
| Epoch  178 | Train e:  94.25, T l:  0.1207 | Val e:  80.51 , Val l: 0.2801 | Test e:  78.49 
| Epoch  179 | Train e:  94.35, T l:  0.1219 | Val e:  80.64 , Val l: 0.2730 | Test e:  78.78 
| Epoch  180 | Train e:  94.38, T l:  0.1216 | Val e:  80.60 , Val l: 0.2714 | Test e:  78.83 
| Epoch  181 | Train e:  94.50, T l:  0.1201 | Val e:  80.86 , Val l: 0.2702 | Test e:  78.85 
| Epoch  182 | Train e:  94.39, T l:  0.1200 | Val e:  80.63 , Val l: 0.2737 | Test e:  78.82 
| Epoch  183 | Train e:  94.43, T l:  0.1213 | Val e:  80.60 , Val l: 0.2710 | Test e:  78.65 
| Epoch  184 | Train e:  94.37, T l:  0.1214 | Val e:  80.64 , Val l: 0.2775 | Test e:  78.48 
| Epoch  185 | Train e:  94.49, T l:  0.1196 | Val e:  80.55 , Val l: 0.2669 | Test e:  78.59 
| Epoch  186 | Train e:  94.45, T l:  0.1209 | Val e:  80.57 , Val l: 0.2766 | Test e:  78.68 
| Epoch  187 | Train e:  94.46, T l:  0.1200 | Val e:  80.57 , Val l: 0.2697 | Test e:  78.36 
| Epoch  188 | Train e:  94.41, T l:  0.1198 | Val e:  80.54 , Val l: 0.2752 | Test e:  78.42 
| Epoch  189 | Train e:  94.48, T l:  0.1196 | Val e:  80.60 , Val l: 0.2713 | Test e:  78.56 
| Epoch  190 | Train e:  94.43, T l:  0.1197 | Val e:  80.52 , Val l: 0.2755 | Test e:  78.39 
| Epoch  191 | Train e:  94.44, T l:  0.1192 | Val e:  80.59 , Val l: 0.2729 | Test e:  78.59 
| Epoch  192 | Train e:  94.44, T l:  0.1200 | Val e:  80.54 , Val l: 0.2753 | Test e:  78.55 
| Epoch  193 | Train e:  94.49, T l:  0.1195 | Val e:  80.67 , Val l: 0.2748 | Test e:  78.65 
| Epoch  194 | Train e:  94.49, T l:  0.1189 | Val e:  80.54 , Val l: 0.2746 | Test e:  78.58 
| Epoch  195 | Train e:  94.50, T l:  0.1197 | Val e:  80.58 , Val l: 0.2741 | Test e:  78.56 
| Epoch  196 | Train e:  94.51, T l:  0.1186 | Val e:  80.57 , Val l: 0.2733 | Test e:  78.54 
| Epoch  197 | Train e:  94.48, T l:  0.1189 | Val e:  80.59 , Val l: 0.2763 | Test e:  78.53 
| Epoch  198 | Train e:  94.50, T l:  0.1182 | Val e:  80.57 , Val l: 0.2746 | Test e:  78.59 
| Epoch  199 | Train e:  94.50, T l:  0.1177 | Val e:  80.58 , Val l: 0.2750 | Test e:  78.60 
