

===============================================
2022-12-19 07:56:35

main_g.py --readout mean --gconv-dim 256 --tlayer-dim 256 --num-heads 8 --no-clustering --masked-attention --batch-size 32 --epochs 200 --warmup 20 --gconv-dropout 0.5 --tlayer-dropout 0.5 --seeds 42 --device 0

None

dataset: ogbg-moltox21
use_val_loss: False
epochs: 200
scheduler: linear
warmup: 20
patience: 25
batch_size: 32
lr: 0.0001
weight_decay: 0.0001
clustering: False
masked_attention: True
gconv_dim: 256
tlayer_dim: 256
gconv_dropout: 0.5
tlayer_dropout: 0.5
num_layers: 4
num_heads: 8
skip_connection: none
readout: mean
seeds: 42
save_state: False



| Epoch    0 | Train e:  53.52, T l:  0.6412 | Val e:  51.58 , Val l: 0.4645 | Test e:  52.34 
| Epoch    1 | Train e:  53.94, T l:  0.3990 | Val e:  54.38 , Val l: 0.3474 | Test e:  55.58 
| Epoch    2 | Train e:  51.65, T l:  0.3021 | Val e:  51.44 , Val l: 0.3157 | Test e:  53.36 
| Epoch    3 | Train e:  53.50, T l:  0.2697 | Val e:  55.26 , Val l: 0.3060 | Test e:  54.58 
| Epoch    4 | Train e:  53.53, T l:  0.2549 | Val e:  55.73 , Val l: 0.3031 | Test e:  54.16 
| Epoch    5 | Train e:  58.64, T l:  0.2476 | Val e:  58.64 , Val l: 0.3031 | Test e:  58.81 
| Epoch    6 | Train e:  60.29, T l:  0.2441 | Val e:  60.22 , Val l: 0.3036 | Test e:  61.14 
| Epoch    7 | Train e:  62.56, T l:  0.2421 | Val e:  61.46 , Val l: 0.2947 | Test e:  63.52 
| Epoch    8 | Train e:  64.56, T l:  0.2362 | Val e:  61.07 , Val l: 0.2929 | Test e:  63.58 
| Epoch    9 | Train e:  64.12, T l:  0.2339 | Val e:  61.62 , Val l: 0.2913 | Test e:  64.03 
| Epoch   10 | Train e:  62.37, T l:  0.2319 | Val e:  61.69 , Val l: 0.2904 | Test e:  63.02 
| Epoch   11 | Train e:  65.81, T l:  0.2324 | Val e:  61.53 , Val l: 0.2924 | Test e:  64.10 
| Epoch   12 | Train e:  64.89, T l:  0.2310 | Val e:  61.74 , Val l: 0.2909 | Test e:  64.32 
| Epoch   13 | Train e:  67.56, T l:  0.2289 | Val e:  63.81 , Val l: 0.2888 | Test e:  64.04 
| Epoch   14 | Train e:  69.74, T l:  0.2275 | Val e:  66.49 , Val l: 0.2839 | Test e:  64.41 
| Epoch   15 | Train e:  71.25, T l:  0.2223 | Val e:  70.12 , Val l: 0.2848 | Test e:  67.66 
| Epoch   16 | Train e:  72.42, T l:  0.2187 | Val e:  70.83 , Val l: 0.2827 | Test e:  66.98 
| Epoch   17 | Train e:  72.21, T l:  0.2171 | Val e:  70.24 , Val l: 0.2847 | Test e:  68.25 
| Epoch   18 | Train e:  73.40, T l:  0.2131 | Val e:  71.83 , Val l: 0.2838 | Test e:  66.94 
| Epoch   19 | Train e:  73.67, T l:  0.2120 | Val e:  73.12 , Val l: 0.2679 | Test e:  68.91 
| Epoch   20 | Train e:  74.84, T l:  0.2155 | Val e:  73.46 , Val l: 0.2712 | Test e:  68.28 
| Epoch   21 | Train e:  74.45, T l:  0.2090 | Val e:  73.89 , Val l: 0.2671 | Test e:  68.44 
| Epoch   22 | Train e:  74.81, T l:  0.2069 | Val e:  74.20 , Val l: 0.2681 | Test e:  68.53 
| Epoch   23 | Train e:  75.15, T l:  0.2065 | Val e:  73.42 , Val l: 0.2773 | Test e:  68.53 
| Epoch   24 | Train e:  75.25, T l:  0.2079 | Val e:  74.06 , Val l: 0.2652 | Test e:  69.60 
| Epoch   25 | Train e:  75.64, T l:  0.2062 | Val e:  73.82 , Val l: 0.2658 | Test e:  68.99 
| Epoch   26 | Train e:  75.58, T l:  0.2039 | Val e:  73.69 , Val l: 0.2723 | Test e:  69.55 
| Epoch   27 | Train e:  75.57, T l:  0.2040 | Val e:  73.45 , Val l: 0.2711 | Test e:  68.79 
| Epoch   28 | Train e:  76.12, T l:  0.2051 | Val e:  74.24 , Val l: 0.2662 | Test e:  69.38 
| Epoch   29 | Train e:  76.26, T l:  0.2073 | Val e:  72.89 , Val l: 0.2737 | Test e:  68.93 
| Epoch   30 | Train e:  76.86, T l:  0.2033 | Val e:  73.25 , Val l: 0.2693 | Test e:  68.76 
| Epoch   31 | Train e:  77.28, T l:  0.2010 | Val e:  73.22 , Val l: 0.2709 | Test e:  69.64 
| Epoch   32 | Train e:  77.03, T l:  0.2019 | Val e:  74.82 , Val l: 0.2638 | Test e:  70.37 
| Epoch   33 | Train e:  76.82, T l:  0.2027 | Val e:  73.74 , Val l: 0.2834 | Test e:  69.17 
| Epoch   34 | Train e:  77.64, T l:  0.2011 | Val e:  74.12 , Val l: 0.2679 | Test e:  69.96 
| Epoch   35 | Train e:  78.27, T l:  0.1992 | Val e:  74.73 , Val l: 0.2613 | Test e:  70.51 
| Epoch   36 | Train e:  78.71, T l:  0.1996 | Val e:  73.71 , Val l: 0.2773 | Test e:  70.38 
| Epoch   37 | Train e:  78.48, T l:  0.2018 | Val e:  74.80 , Val l: 0.2615 | Test e:  70.74 
| Epoch   38 | Train e:  78.93, T l:  0.1985 | Val e:  75.02 , Val l: 0.2658 | Test e:  71.27 
| Epoch   39 | Train e:  78.83, T l:  0.1963 | Val e:  74.75 , Val l: 0.2664 | Test e:  70.37 
| Epoch   40 | Train e:  79.71, T l:  0.1955 | Val e:  75.04 , Val l: 0.2654 | Test e:  72.07 
| Epoch   41 | Train e:  79.76, T l:  0.1953 | Val e:  75.10 , Val l: 0.2646 | Test e:  71.42 
| Epoch   42 | Train e:  79.80, T l:  0.1952 | Val e:  74.84 , Val l: 0.2667 | Test e:  71.40 
| Epoch   43 | Train e:  79.39, T l:  0.1955 | Val e:  75.61 , Val l: 0.2599 | Test e:  70.64 
| Epoch   44 | Train e:  80.60, T l:  0.1937 | Val e:  75.83 , Val l: 0.2616 | Test e:  71.38 
| Epoch   45 | Train e:  80.44, T l:  0.1928 | Val e:  75.70 , Val l: 0.2720 | Test e:  72.39 
| Epoch   46 | Train e:  80.89, T l:  0.1920 | Val e:  76.04 , Val l: 0.2688 | Test e:  71.84 
| Epoch   47 | Train e:  80.82, T l:  0.1933 | Val e:  75.91 , Val l: 0.2658 | Test e:  71.69 
| Epoch   48 | Train e:  80.99, T l:  0.1926 | Val e:  76.07 , Val l: 0.2647 | Test e:  72.83 
| Epoch   49 | Train e:  81.91, T l:  0.1905 | Val e:  76.17 , Val l: 0.2583 | Test e:  72.23 
| Epoch   50 | Train e:  81.55, T l:  0.1899 | Val e:  75.83 , Val l: 0.2633 | Test e:  72.52 
| Epoch   51 | Train e:  80.87, T l:  0.1905 | Val e:  76.01 , Val l: 0.2566 | Test e:  71.45 
| Epoch   52 | Train e:  80.63, T l:  0.1895 | Val e:  75.10 , Val l: 0.2646 | Test e:  71.05 
| Epoch   53 | Train e:  82.13, T l:  0.1887 | Val e:  76.10 , Val l: 0.2638 | Test e:  73.43 
| Epoch   54 | Train e:  81.75, T l:  0.1890 | Val e:  75.94 , Val l: 0.2617 | Test e:  72.49 
| Epoch   55 | Train e:  82.54, T l:  0.1875 | Val e:  75.65 , Val l: 0.2643 | Test e:  72.10 
| Epoch   56 | Train e:  82.61, T l:  0.1895 | Val e:  75.96 , Val l: 0.2593 | Test e:  73.15 
| Epoch   57 | Train e:  82.88, T l:  0.1859 | Val e:  76.16 , Val l: 0.2625 | Test e:  72.73 
| Epoch   58 | Train e:  82.93, T l:  0.1857 | Val e:  76.46 , Val l: 0.2592 | Test e:  72.45 
| Epoch   59 | Train e:  81.86, T l:  0.1860 | Val e:  76.26 , Val l: 0.2637 | Test e:  72.10 
| Epoch   60 | Train e:  82.74, T l:  0.1861 | Val e:  76.27 , Val l: 0.2599 | Test e:  72.27 
| Epoch   61 | Train e:  82.98, T l:  0.1850 | Val e:  76.64 , Val l: 0.2612 | Test e:  72.66 
| Epoch   62 | Train e:  82.69, T l:  0.1850 | Val e:  76.88 , Val l: 0.2597 | Test e:  72.84 
| Epoch   63 | Train e:  83.24, T l:  0.1826 | Val e:  76.88 , Val l: 0.2608 | Test e:  72.86 
| Epoch   64 | Train e:  83.94, T l:  0.1817 | Val e:  76.34 , Val l: 0.2624 | Test e:  72.82 
| Epoch   65 | Train e:  82.61, T l:  0.1818 | Val e:  76.05 , Val l: 0.2821 | Test e:  71.74 
| Epoch   66 | Train e:  83.50, T l:  0.1824 | Val e:  76.19 , Val l: 0.2640 | Test e:  73.20 
| Epoch   67 | Train e:  84.09, T l:  0.1809 | Val e:  76.62 , Val l: 0.2639 | Test e:  72.71 
| Epoch   68 | Train e:  83.65, T l:  0.1808 | Val e:  75.85 , Val l: 0.2599 | Test e:  71.90 
| Epoch   69 | Train e:  84.41, T l:  0.1815 | Val e:  76.79 , Val l: 0.2677 | Test e:  72.72 
| Epoch   70 | Train e:  84.39, T l:  0.1800 | Val e:  75.21 , Val l: 0.2625 | Test e:  71.82 
| Epoch   71 | Train e:  84.48, T l:  0.1807 | Val e:  75.93 , Val l: 0.2584 | Test e:  73.27 
| Epoch   72 | Train e:  84.79, T l:  0.1793 | Val e:  76.55 , Val l: 0.2626 | Test e:  73.05 
| Epoch   73 | Train e:  85.13, T l:  0.1788 | Val e:  76.60 , Val l: 0.2634 | Test e:  73.43 
| Epoch   74 | Train e:  85.10, T l:  0.1776 | Val e:  76.17 , Val l: 0.2610 | Test e:  72.43 
| Epoch   75 | Train e:  84.98, T l:  0.1779 | Val e:  76.38 , Val l: 0.2633 | Test e:  72.84 
| Epoch   76 | Train e:  85.27, T l:  0.1777 | Val e:  76.20 , Val l: 0.2606 | Test e:  72.88 
| Epoch   77 | Train e:  85.41, T l:  0.1782 | Val e:  76.91 , Val l: 0.2575 | Test e:  73.09 
| Epoch   78 | Train e:  85.52, T l:  0.1757 | Val e:  76.63 , Val l: 0.2584 | Test e:  72.86 
| Epoch   79 | Train e:  85.33, T l:  0.1760 | Val e:  75.98 , Val l: 0.2695 | Test e:  72.18 
| Epoch   80 | Train e:  85.77, T l:  0.1756 | Val e:  76.34 , Val l: 0.2640 | Test e:  73.26 
| Epoch   81 | Train e:  85.85, T l:  0.1749 | Val e:  76.98 , Val l: 0.2587 | Test e:  72.94 
| Epoch   82 | Train e:  86.10, T l:  0.1742 | Val e:  76.96 , Val l: 0.2661 | Test e:  72.71 
| Epoch   83 | Train e:  86.07, T l:  0.1741 | Val e:  76.73 , Val l: 0.2673 | Test e:  72.82 
| Epoch   84 | Train e:  85.35, T l:  0.1737 | Val e:  77.05 , Val l: 0.2650 | Test e:  72.59 
| Epoch   85 | Train e:  86.04, T l:  0.1731 | Val e:  76.26 , Val l: 0.2659 | Test e:  72.75 
| Epoch   86 | Train e:  85.87, T l:  0.1732 | Val e:  75.36 , Val l: 0.2686 | Test e:  73.02 
| Epoch   87 | Train e:  85.90, T l:  0.1731 | Val e:  76.59 , Val l: 0.2618 | Test e:  72.99 
| Epoch   88 | Train e:  85.70, T l:  0.1716 | Val e:  76.80 , Val l: 0.2669 | Test e:  72.76 
| Epoch   89 | Train e:  86.31, T l:  0.1727 | Val e:  77.21 , Val l: 0.2645 | Test e:  73.37 
| Epoch   90 | Train e:  86.32, T l:  0.1710 | Val e:  76.93 , Val l: 0.2634 | Test e:  72.88 
| Epoch   91 | Train e:  86.43, T l:  0.1716 | Val e:  76.75 , Val l: 0.2627 | Test e:  73.28 
| Epoch   92 | Train e:  86.44, T l:  0.1710 | Val e:  76.81 , Val l: 0.2600 | Test e:  72.70 
| Epoch   93 | Train e:  86.20, T l:  0.1703 | Val e:  77.33 , Val l: 0.2597 | Test e:  73.11 
| Epoch   94 | Train e:  86.47, T l:  0.1708 | Val e:  76.56 , Val l: 0.2677 | Test e:  73.46 
| Epoch   95 | Train e:  85.97, T l:  0.1734 | Val e:  76.58 , Val l: 0.2695 | Test e:  73.51 
| Epoch   96 | Train e:  86.68, T l:  0.1702 | Val e:  76.97 , Val l: 0.2665 | Test e:  73.56 
| Epoch   97 | Train e:  86.48, T l:  0.1693 | Val e:  76.70 , Val l: 0.2666 | Test e:  73.49 
| Epoch   98 | Train e:  86.42, T l:  0.1703 | Val e:  75.94 , Val l: 0.2754 | Test e:  73.46 
| Epoch   99 | Train e:  86.58, T l:  0.1687 | Val e:  75.85 , Val l: 0.2670 | Test e:  73.10 
| Epoch  100 | Train e:  86.81, T l:  0.1688 | Val e:  76.32 , Val l: 0.2691 | Test e:  72.76 
| Epoch  101 | Train e:  86.82, T l:  0.1680 | Val e:  76.37 , Val l: 0.2601 | Test e:  73.48 
| Epoch  102 | Train e:  86.96, T l:  0.1672 | Val e:  75.95 , Val l: 0.2652 | Test e:  73.43 
| Epoch  103 | Train e:  86.91, T l:  0.1671 | Val e:  76.21 , Val l: 0.2644 | Test e:  73.11 
| Epoch  104 | Train e:  87.17, T l:  0.1680 | Val e:  76.86 , Val l: 0.2670 | Test e:  73.46 
| Epoch  105 | Train e:  87.14, T l:  0.1663 | Val e:  76.82 , Val l: 0.2719 | Test e:  73.64 
| Epoch  106 | Train e:  87.21, T l:  0.1664 | Val e:  76.43 , Val l: 0.2709 | Test e:  73.52 
| Epoch  107 | Train e:  87.30, T l:  0.1666 | Val e:  76.14 , Val l: 0.2665 | Test e:  73.81 
| Epoch  108 | Train e:  87.36, T l:  0.1657 | Val e:  76.77 , Val l: 0.2626 | Test e:  73.40 
| Epoch  109 | Train e:  87.35, T l:  0.1660 | Val e:  76.68 , Val l: 0.2605 | Test e:  74.01 
| Epoch  110 | Train e:  87.47, T l:  0.1651 | Val e:  76.15 , Val l: 0.2722 | Test e:  73.17 
| Epoch  111 | Train e:  87.55, T l:  0.1663 | Val e:  76.41 , Val l: 0.2666 | Test e:  73.59 
| Epoch  112 | Train e:  87.15, T l:  0.1650 | Val e:  76.18 , Val l: 0.2691 | Test e:  73.95 
| Epoch  113 | Train e:  87.60, T l:  0.1646 | Val e:  77.24 , Val l: 0.2659 | Test e:  73.89 
| Epoch  114 | Train e:  87.52, T l:  0.1654 | Val e:  76.00 , Val l: 0.2742 | Test e:  73.19 
| Epoch  115 | Train e:  87.71, T l:  0.1640 | Val e:  76.56 , Val l: 0.2687 | Test e:  73.64 
| Epoch  116 | Train e:  87.61, T l:  0.1637 | Val e:  76.50 , Val l: 0.2682 | Test e:  74.03 
| Epoch  117 | Train e:  87.55, T l:  0.1641 | Val e:  76.18 , Val l: 0.2702 | Test e:  73.31 
| Epoch  118 | Train e:  87.84, T l:  0.1632 | Val e:  76.07 , Val l: 0.2672 | Test e:  73.40 
| Epoch  119 | Train e:  87.66, T l:  0.1640 | Val e:  75.88 , Val l: 0.2702 | Test e:  73.20 
| Epoch  120 | Train e:  87.94, T l:  0.1628 | Val e:  76.32 , Val l: 0.2673 | Test e:  73.53 
| Epoch  121 | Train e:  87.94, T l:  0.1624 | Val e:  75.72 , Val l: 0.2716 | Test e:  73.04 
| Epoch  122 | Train e:  87.92, T l:  0.1617 | Val e:  75.82 , Val l: 0.2669 | Test e:  73.69 
| Epoch  123 | Train e:  87.96, T l:  0.1622 | Val e:  76.30 , Val l: 0.2714 | Test e:  73.37 
| Epoch  124 | Train e:  87.93, T l:  0.1634 | Val e:  75.94 , Val l: 0.2700 | Test e:  73.68 
| Epoch  125 | Train e:  87.96, T l:  0.1614 | Val e:  76.55 , Val l: 0.2695 | Test e:  73.91 
| Epoch  126 | Train e:  88.08, T l:  0.1616 | Val e:  76.36 , Val l: 0.2687 | Test e:  74.12 
| Epoch  127 | Train e:  88.04, T l:  0.1612 | Val e:  75.93 , Val l: 0.2654 | Test e:  73.81 
| Epoch  128 | Train e:  88.03, T l:  0.1604 | Val e:  76.38 , Val l: 0.2691 | Test e:  73.47 
| Epoch  129 | Train e:  88.05, T l:  0.1594 | Val e:  75.65 , Val l: 0.2667 | Test e:  73.78 
| Epoch  130 | Train e:  88.15, T l:  0.1612 | Val e:  76.12 , Val l: 0.2670 | Test e:  74.25 
| Epoch  131 | Train e:  88.17, T l:  0.1593 | Val e:  76.48 , Val l: 0.2675 | Test e:  73.92 
| Epoch  132 | Train e:  88.20, T l:  0.1588 | Val e:  75.82 , Val l: 0.2751 | Test e:  73.90 
| Epoch  133 | Train e:  88.32, T l:  0.1599 | Val e:  75.95 , Val l: 0.2711 | Test e:  73.86 
| Epoch  134 | Train e:  88.31, T l:  0.1598 | Val e:  76.65 , Val l: 0.2665 | Test e:  73.68 
| Epoch  135 | Train e:  88.30, T l:  0.1597 | Val e:  76.23 , Val l: 0.2661 | Test e:  74.03 
| Epoch  136 | Train e:  88.41, T l:  0.1580 | Val e:  75.94 , Val l: 0.2695 | Test e:  73.65 
| Epoch  137 | Train e:  88.46, T l:  0.1586 | Val e:  76.25 , Val l: 0.2653 | Test e:  74.48 
| Epoch  138 | Train e:  88.45, T l:  0.1599 | Val e:  75.73 , Val l: 0.2675 | Test e:  74.02 
| Epoch  139 | Train e:  88.42, T l:  0.1582 | Val e:  75.97 , Val l: 0.2664 | Test e:  74.12 
| Epoch  140 | Train e:  88.56, T l:  0.1569 | Val e:  76.30 , Val l: 0.2714 | Test e:  73.86 
| Epoch  141 | Train e:  88.63, T l:  0.1582 | Val e:  76.18 , Val l: 0.2712 | Test e:  73.50 
| Epoch  142 | Train e:  88.54, T l:  0.1578 | Val e:  76.15 , Val l: 0.2668 | Test e:  74.12 
| Epoch  143 | Train e:  88.55, T l:  0.1588 | Val e:  76.57 , Val l: 0.2707 | Test e:  74.19 
| Epoch  144 | Train e:  88.44, T l:  0.1573 | Val e:  75.80 , Val l: 0.2718 | Test e:  74.22 
| Epoch  145 | Train e:  88.71, T l:  0.1584 | Val e:  76.29 , Val l: 0.2695 | Test e:  74.00 
| Epoch  146 | Train e:  88.50, T l:  0.1579 | Val e:  76.84 , Val l: 0.2775 | Test e:  73.80 
| Epoch  147 | Train e:  88.66, T l:  0.1581 | Val e:  76.23 , Val l: 0.2687 | Test e:  74.02 
| Epoch  148 | Train e:  88.59, T l:  0.1563 | Val e:  76.06 , Val l: 0.2723 | Test e:  73.74 
| Epoch  149 | Train e:  88.74, T l:  0.1565 | Val e:  76.12 , Val l: 0.2718 | Test e:  73.57 
| Epoch  150 | Train e:  88.90, T l:  0.1556 | Val e:  75.98 , Val l: 0.2677 | Test e:  73.98 
| Epoch  151 | Train e:  88.78, T l:  0.1558 | Val e:  75.88 , Val l: 0.2685 | Test e:  73.32 
| Epoch  152 | Train e:  88.80, T l:  0.1564 | Val e:  75.90 , Val l: 0.2688 | Test e:  73.75 
| Epoch  153 | Train e:  88.92, T l:  0.1554 | Val e:  76.35 , Val l: 0.2657 | Test e:  74.10 
| Epoch  154 | Train e:  88.90, T l:  0.1559 | Val e:  76.24 , Val l: 0.2695 | Test e:  74.43 
| Epoch  155 | Train e:  88.83, T l:  0.1561 | Val e:  75.66 , Val l: 0.2718 | Test e:  74.30 
| Epoch  156 | Train e:  88.94, T l:  0.1551 | Val e:  75.87 , Val l: 0.2690 | Test e:  74.45 
| Epoch  157 | Train e:  88.90, T l:  0.1551 | Val e:  76.14 , Val l: 0.2691 | Test e:  74.48 
| Epoch  158 | Train e:  89.10, T l:  0.1542 | Val e:  76.32 , Val l: 0.2672 | Test e:  74.46 
| Epoch  159 | Train e:  89.03, T l:  0.1542 | Val e:  76.22 , Val l: 0.2659 | Test e:  74.85 
| Epoch  160 | Train e:  89.11, T l:  0.1552 | Val e:  76.09 , Val l: 0.2692 | Test e:  74.49 
| Epoch  161 | Train e:  88.97, T l:  0.1542 | Val e:  76.39 , Val l: 0.2691 | Test e:  74.36 
| Epoch  162 | Train e:  89.08, T l:  0.1545 | Val e:  76.08 , Val l: 0.2700 | Test e:  74.15 
| Epoch  163 | Train e:  89.08, T l:  0.1539 | Val e:  75.69 , Val l: 0.2673 | Test e:  74.57 
| Epoch  164 | Train e:  89.12, T l:  0.1533 | Val e:  75.96 , Val l: 0.2673 | Test e:  74.66 
| Epoch  165 | Train e:  89.10, T l:  0.1541 | Val e:  76.13 , Val l: 0.2669 | Test e:  74.65 
| Epoch  166 | Train e:  89.20, T l:  0.1531 | Val e:  75.77 , Val l: 0.2693 | Test e:  74.19 
| Epoch  167 | Train e:  89.20, T l:  0.1530 | Val e:  76.25 , Val l: 0.2692 | Test e:  74.32 
| Epoch  168 | Train e:  89.19, T l:  0.1527 | Val e:  76.07 , Val l: 0.2703 | Test e:  74.33 
| Epoch  169 | Train e:  89.08, T l:  0.1536 | Val e:  76.72 , Val l: 0.2682 | Test e:  74.54 
| Epoch  170 | Train e:  89.19, T l:  0.1538 | Val e:  76.08 , Val l: 0.2688 | Test e:  74.92 
| Epoch  171 | Train e:  89.22, T l:  0.1529 | Val e:  76.11 , Val l: 0.2683 | Test e:  74.60 
| Epoch  172 | Train e:  89.28, T l:  0.1526 | Val e:  76.16 , Val l: 0.2678 | Test e:  74.60 
| Epoch  173 | Train e:  89.28, T l:  0.1524 | Val e:  76.10 , Val l: 0.2680 | Test e:  74.89 
| Epoch  174 | Train e:  89.28, T l:  0.1529 | Val e:  76.52 , Val l: 0.2667 | Test e:  74.77 
| Epoch  175 | Train e:  89.36, T l:  0.1539 | Val e:  76.38 , Val l: 0.2686 | Test e:  74.96 
| Epoch  176 | Train e:  89.32, T l:  0.1529 | Val e:  76.02 , Val l: 0.2701 | Test e:  74.43 
| Epoch  177 | Train e:  89.33, T l:  0.1517 | Val e:  76.42 , Val l: 0.2696 | Test e:  74.72 
| Epoch  178 | Train e:  89.35, T l:  0.1515 | Val e:  76.34 , Val l: 0.2675 | Test e:  74.75 
| Epoch  179 | Train e:  89.40, T l:  0.1518 | Val e:  75.99 , Val l: 0.2699 | Test e:  74.70 
| Epoch  180 | Train e:  89.33, T l:  0.1523 | Val e:  76.35 , Val l: 0.2692 | Test e:  74.54 
| Epoch  181 | Train e:  89.38, T l:  0.1514 | Val e:  76.23 , Val l: 0.2689 | Test e:  74.83 
| Epoch  182 | Train e:  89.46, T l:  0.1518 | Val e:  76.08 , Val l: 0.2690 | Test e:  74.68 
| Epoch  183 | Train e:  89.43, T l:  0.1512 | Val e:  75.91 , Val l: 0.2701 | Test e:  74.41 
| Epoch  184 | Train e:  89.41, T l:  0.1509 | Val e:  76.13 , Val l: 0.2694 | Test e:  74.49 
| Epoch  185 | Train e:  89.44, T l:  0.1506 | Val e:  75.88 , Val l: 0.2693 | Test e:  74.55 
| Epoch  186 | Train e:  89.43, T l:  0.1518 | Val e:  75.91 , Val l: 0.2700 | Test e:  74.75 
| Epoch  187 | Train e:  89.46, T l:  0.1510 | Val e:  76.15 , Val l: 0.2678 | Test e:  74.63 
| Epoch  188 | Train e:  89.49, T l:  0.1505 | Val e:  76.17 , Val l: 0.2682 | Test e:  74.70 
| Epoch  189 | Train e:  89.48, T l:  0.1511 | Val e:  76.01 , Val l: 0.2700 | Test e:  74.56 
| Epoch  190 | Train e:  89.51, T l:  0.1506 | Val e:  75.82 , Val l: 0.2700 | Test e:  74.56 
| Epoch  191 | Train e:  89.52, T l:  0.1499 | Val e:  76.08 , Val l: 0.2694 | Test e:  74.56 
| Epoch  192 | Train e:  89.45, T l:  0.1504 | Val e:  76.08 , Val l: 0.2694 | Test e:  74.69 
| Epoch  193 | Train e:  89.50, T l:  0.1506 | Val e:  76.18 , Val l: 0.2686 | Test e:  74.69 
| Epoch  194 | Train e:  89.54, T l:  0.1512 | Val e:  76.22 , Val l: 0.2687 | Test e:  74.64 
| Epoch  195 | Train e:  89.55, T l:  0.1500 | Val e:  76.13 , Val l: 0.2693 | Test e:  74.65 
| Epoch  196 | Train e:  89.55, T l:  0.1493 | Val e:  76.18 , Val l: 0.2691 | Test e:  74.72 
| Epoch  197 | Train e:  89.56, T l:  0.1495 | Val e:  76.13 , Val l: 0.2691 | Test e:  74.71 
| Epoch  198 | Train e:  89.56, T l:  0.1506 | Val e:  76.16 , Val l: 0.2694 | Test e:  74.71 
| Epoch  199 | Train e:  89.56, T l:  0.1507 | Val e:  76.15 , Val l: 0.2693 | Test e:  74.71 
