

===============================================
2022-12-24 17:42:18

main_parallel.py --readout mean --gconv-dim 256 --tlayer-dim 256 --num-heads 8 --no-clustering --masked-attention --batch-size 32 --epochs 200 --warmup 20 --gconv-dropout 0.5 --tlayer-dropout 0.5 --seeds 23333 --device 5

None

dataset: ogbg-moltox21
use_val_loss: False
epochs: 200
scheduler: linear
warmup: 20
patience: 25
batch_size: 32
lr: 0.0001
weight_decay: 0.0001
clustering: False
masked_attention: True
gconv_dim: 256
tlayer_dim: 256
gconv_dropout: 0.5
tlayer_dropout: 0.5
num_layers: 4
num_heads: 8
skip_connection: none
readout: mean
seeds: 23333
save_state: False



| Epoch    0 | Train e:  52.48, T l:  0.5485 | Val e:  50.69 , Val l: 0.3205 | Test e:  53.87 
| Epoch    1 | Train e:  55.83, T l:  0.2812 | Val e:  55.47 , Val l: 0.3122 | Test e:  56.74 
| Epoch    2 | Train e:  60.18, T l:  0.2448 | Val e:  57.88 , Val l: 0.3176 | Test e:  59.24 
| Epoch    3 | Train e:  61.95, T l:  0.2374 | Val e:  60.60 , Val l: 0.3068 | Test e:  61.44 
| Epoch    4 | Train e:  66.12, T l:  0.2326 | Val e:  63.24 , Val l: 0.3027 | Test e:  64.12 
| Epoch    5 | Train e:  69.21, T l:  0.2285 | Val e:  66.67 , Val l: 0.2944 | Test e:  67.03 
| Epoch    6 | Train e:  71.39, T l:  0.2217 | Val e:  68.56 , Val l: 0.2960 | Test e:  67.99 
| Epoch    7 | Train e:  72.35, T l:  0.2178 | Val e:  70.21 , Val l: 0.2933 | Test e:  68.74 
| Epoch    8 | Train e:  72.89, T l:  0.2132 | Val e:  71.00 , Val l: 0.3233 | Test e:  69.15 
| Epoch    9 | Train e:  74.21, T l:  0.2118 | Val e:  70.73 , Val l: 0.3421 | Test e:  69.11 
| Epoch   10 | Train e:  75.42, T l:  0.2089 | Val e:  72.29 , Val l: 0.2822 | Test e:  69.85 
| Epoch   11 | Train e:  76.74, T l:  0.2059 | Val e:  73.60 , Val l: 0.2926 | Test e:  70.35 
| Epoch   12 | Train e:  78.08, T l:  0.2037 | Val e:  73.87 , Val l: 0.2853 | Test e:  72.14 
| Epoch   13 | Train e:  79.02, T l:  0.2004 | Val e:  74.92 , Val l: 0.3057 | Test e:  72.02 
| Epoch   14 | Train e:  80.49, T l:  0.1975 | Val e:  75.11 , Val l: 0.2931 | Test e:  72.67 
| Epoch   15 | Train e:  81.53, T l:  0.1970 | Val e:  76.72 , Val l: 0.2750 | Test e:  73.91 
| Epoch   16 | Train e:  82.44, T l:  0.1928 | Val e:  77.33 , Val l: 0.3215 | Test e:  74.18 
| Epoch   17 | Train e:  82.80, T l:  0.1931 | Val e:  77.70 , Val l: 0.2963 | Test e:  74.50 
| Epoch   18 | Train e:  83.32, T l:  0.1888 | Val e:  77.80 , Val l: 0.2786 | Test e:  74.50 
| Epoch   19 | Train e:  84.15, T l:  0.1871 | Val e:  78.24 , Val l: 0.2866 | Test e:  74.06 
| Epoch   20 | Train e:  85.11, T l:  0.1849 | Val e:  79.17 , Val l: 0.2644 | Test e:  75.29 
| Epoch   21 | Train e:  85.91, T l:  0.1833 | Val e:  79.11 , Val l: 0.2706 | Test e:  75.60 
| Epoch   22 | Train e:  86.29, T l:  0.1808 | Val e:  79.56 , Val l: 0.2647 | Test e:  75.34 
| Epoch   23 | Train e:  86.52, T l:  0.1768 | Val e:  79.88 , Val l: 0.2751 | Test e:  75.42 
| Epoch   24 | Train e:  86.57, T l:  0.1755 | Val e:  79.10 , Val l: 0.3179 | Test e:  74.25 
| Epoch   25 | Train e:  87.38, T l:  0.1745 | Val e:  79.49 , Val l: 0.3111 | Test e:  74.71 
| Epoch   26 | Train e:  87.49, T l:  0.1728 | Val e:  79.66 , Val l: 0.2704 | Test e:  75.06 
| Epoch   27 | Train e:  87.78, T l:  0.1707 | Val e:  79.25 , Val l: 0.2724 | Test e:  75.24 
| Epoch   28 | Train e:  88.01, T l:  0.1685 | Val e:  78.93 , Val l: 0.3029 | Test e:  73.57 
| Epoch   29 | Train e:  88.52, T l:  0.1669 | Val e:  80.39 , Val l: 0.2727 | Test e:  74.87 
| Epoch   30 | Train e:  88.80, T l:  0.1635 | Val e:  80.08 , Val l: 0.2892 | Test e:  74.65 
| Epoch   31 | Train e:  88.64, T l:  0.1641 | Val e:  79.53 , Val l: 0.3000 | Test e:  73.85 
| Epoch   32 | Train e:  88.86, T l:  0.1616 | Val e:  80.10 , Val l: 0.3074 | Test e:  74.18 
| Epoch   33 | Train e:  89.29, T l:  0.1611 | Val e:  80.43 , Val l: 0.3080 | Test e:  74.74 
| Epoch   34 | Train e:  89.50, T l:  0.1604 | Val e:  79.61 , Val l: 0.2846 | Test e:  74.80 
| Epoch   35 | Train e:  89.59, T l:  0.1587 | Val e:  80.07 , Val l: 0.2997 | Test e:  74.71 
| Epoch   36 | Train e:  89.53, T l:  0.1588 | Val e:  79.68 , Val l: 0.2844 | Test e:  74.18 
| Epoch   37 | Train e:  89.85, T l:  0.1566 | Val e:  80.02 , Val l: 0.2958 | Test e:  75.29 
| Epoch   38 | Train e:  90.17, T l:  0.1556 | Val e:  79.65 , Val l: 0.2824 | Test e:  74.34 
| Epoch   39 | Train e:  89.81, T l:  0.1552 | Val e:  78.46 , Val l: 0.3486 | Test e:  72.97 
| Epoch   40 | Train e:  90.39, T l:  0.1536 | Val e:  79.76 , Val l: 0.2921 | Test e:  74.38 
| Epoch   41 | Train e:  90.55, T l:  0.1534 | Val e:  80.16 , Val l: 0.2842 | Test e:  74.38 
| Epoch   42 | Train e:  90.12, T l:  0.1517 | Val e:  78.66 , Val l: 0.3262 | Test e:  73.87 
| Epoch   43 | Train e:  90.47, T l:  0.1501 | Val e:  80.09 , Val l: 0.3085 | Test e:  74.13 
| Epoch   44 | Train e:  90.94, T l:  0.1495 | Val e:  79.87 , Val l: 0.2939 | Test e:  74.02 
| Epoch   45 | Train e:  91.05, T l:  0.1484 | Val e:  79.63 , Val l: 0.3074 | Test e:  74.19 
| Epoch   46 | Train e:  91.21, T l:  0.1486 | Val e:  80.47 , Val l: 0.2745 | Test e:  75.26 
| Epoch   47 | Train e:  91.06, T l:  0.1478 | Val e:  79.48 , Val l: 0.2799 | Test e:  74.51 
| Epoch   48 | Train e:  91.18, T l:  0.1477 | Val e:  79.48 , Val l: 0.3136 | Test e:  74.96 
| Epoch   49 | Train e:  91.53, T l:  0.1466 | Val e:  79.61 , Val l: 0.2962 | Test e:  74.60 
| Epoch   50 | Train e:  91.57, T l:  0.1447 | Val e:  79.56 , Val l: 0.3098 | Test e:  74.13 
| Epoch   51 | Train e:  91.82, T l:  0.1439 | Val e:  79.13 , Val l: 0.2972 | Test e:  73.63 
| Epoch   52 | Train e:  91.67, T l:  0.1430 | Val e:  78.91 , Val l: 0.3173 | Test e:  73.74 
| Epoch   53 | Train e:  91.92, T l:  0.1428 | Val e:  79.44 , Val l: 0.3207 | Test e:  73.78 
| Epoch   54 | Train e:  91.91, T l:  0.1418 | Val e:  78.86 , Val l: 0.3073 | Test e:  75.04 
| Epoch   55 | Train e:  91.88, T l:  0.1409 | Val e:  79.48 , Val l: 0.3565 | Test e:  74.66 
| Epoch   56 | Train e:  92.16, T l:  0.1404 | Val e:  79.15 , Val l: 0.3375 | Test e:  74.50 
| Epoch   57 | Train e:  92.45, T l:  0.1393 | Val e:  79.58 , Val l: 0.3126 | Test e:  74.20 
| Epoch   58 | Train e:  92.46, T l:  0.1368 | Val e:  79.58 , Val l: 0.3080 | Test e:  74.89 
| Epoch   59 | Train e:  92.66, T l:  0.1373 | Val e:  79.82 , Val l: 0.3039 | Test e:  75.53 
| Epoch   60 | Train e:  92.89, T l:  0.1383 | Val e:  79.32 , Val l: 0.3062 | Test e:  74.87 
| Epoch   61 | Train e:  92.95, T l:  0.1351 | Val e:  79.07 , Val l: 0.3278 | Test e:  74.61 
| Epoch   62 | Train e:  93.01, T l:  0.1351 | Val e:  79.34 , Val l: 0.3194 | Test e:  74.54 
| Epoch   63 | Train e:  92.75, T l:  0.1346 | Val e:  79.19 , Val l: 0.3837 | Test e:  74.98 
| Epoch   64 | Train e:  92.63, T l:  0.1349 | Val e:  79.12 , Val l: 0.3313 | Test e:  74.80 
| Epoch   65 | Train e:  92.96, T l:  0.1337 | Val e:  78.15 , Val l: 0.3752 | Test e:  74.43 
| Epoch   66 | Train e:  93.23, T l:  0.1317 | Val e:  79.35 , Val l: 0.3253 | Test e:  74.57 
| Epoch   67 | Train e:  93.71, T l:  0.1318 | Val e:  79.89 , Val l: 0.3078 | Test e:  74.80 
| Epoch   68 | Train e:  92.85, T l:  0.1314 | Val e:  77.56 , Val l: 0.3472 | Test e:  74.21 
| Epoch   69 | Train e:  93.27, T l:  0.1307 | Val e:  78.77 , Val l: 0.3420 | Test e:  75.02 
| Epoch   70 | Train e:  93.77, T l:  0.1300 | Val e:  78.74 , Val l: 0.3426 | Test e:  74.85 
| Epoch   71 | Train e:  93.90, T l:  0.1275 | Val e:  79.24 , Val l: 0.3236 | Test e:  73.70 
| Epoch   72 | Train e:  93.81, T l:  0.1285 | Val e:  78.81 , Val l: 0.3511 | Test e:  74.76 
| Epoch   73 | Train e:  93.96, T l:  0.1277 | Val e:  79.27 , Val l: 0.3442 | Test e:  73.97 
| Epoch   74 | Train e:  93.96, T l:  0.1274 | Val e:  78.43 , Val l: 0.3165 | Test e:  74.22 
| Epoch   75 | Train e:  94.02, T l:  0.1275 | Val e:  79.05 , Val l: 0.3037 | Test e:  74.38 
| Epoch   76 | Train e:  94.11, T l:  0.1269 | Val e:  79.01 , Val l: 0.3685 | Test e:  74.68 
| Epoch   77 | Train e:  94.37, T l:  0.1253 | Val e:  79.48 , Val l: 0.3217 | Test e:  74.84 
| Epoch   78 | Train e:  94.43, T l:  0.1238 | Val e:  78.90 , Val l: 0.3376 | Test e:  74.25 
| Epoch   79 | Train e:  94.36, T l:  0.1232 | Val e:  78.45 , Val l: 0.3260 | Test e:  74.54 
| Epoch   80 | Train e:  94.66, T l:  0.1223 | Val e:  78.20 , Val l: 0.3325 | Test e:  74.46 
| Epoch   81 | Train e:  94.27, T l:  0.1224 | Val e:  77.49 , Val l: 0.3958 | Test e:  73.15 
| Epoch   82 | Train e:  94.85, T l:  0.1210 | Val e:  78.38 , Val l: 0.3410 | Test e:  73.84 
| Epoch   83 | Train e:  94.84, T l:  0.1209 | Val e:  78.16 , Val l: 0.3199 | Test e:  74.38 
| Epoch   84 | Train e:  94.98, T l:  0.1196 | Val e:  78.24 , Val l: 0.3415 | Test e:  74.36 
| Epoch   85 | Train e:  94.93, T l:  0.1185 | Val e:  78.37 , Val l: 0.3593 | Test e:  74.27 
| Epoch   86 | Train e:  95.04, T l:  0.1197 | Val e:  77.93 , Val l: 0.3466 | Test e:  74.33 
| Epoch   87 | Train e:  94.63, T l:  0.1189 | Val e:  77.39 , Val l: 0.3869 | Test e:  73.70 
| Epoch   88 | Train e:  95.04, T l:  0.1187 | Val e:  77.63 , Val l: 0.3662 | Test e:  74.25 
| Epoch   89 | Train e:  95.07, T l:  0.1170 | Val e:  77.90 , Val l: 0.3754 | Test e:  73.96 
| Epoch   90 | Train e:  95.09, T l:  0.1150 | Val e:  78.73 , Val l: 0.3528 | Test e:  74.46 
| Epoch   91 | Train e:  95.07, T l:  0.1159 | Val e:  77.50 , Val l: 0.3736 | Test e:  73.60 
| Epoch   92 | Train e:  95.15, T l:  0.1155 | Val e:  77.76 , Val l: 0.3597 | Test e:  74.29 
| Epoch   93 | Train e:  95.45, T l:  0.1128 | Val e:  77.62 , Val l: 0.3992 | Test e:  73.54 
| Epoch   94 | Train e:  95.30, T l:  0.1143 | Val e:  78.08 , Val l: 0.3614 | Test e:  74.13 
| Epoch   95 | Train e:  95.50, T l:  0.1114 | Val e:  77.66 , Val l: 0.4008 | Test e:  73.65 
| Epoch   96 | Train e:  95.72, T l:  0.1125 | Val e:  78.17 , Val l: 0.3424 | Test e:  74.39 
| Epoch   97 | Train e:  95.74, T l:  0.1121 | Val e:  77.40 , Val l: 0.3714 | Test e:  74.01 
| Epoch   98 | Train e:  95.86, T l:  0.1118 | Val e:  77.30 , Val l: 0.3701 | Test e:  74.56 
| Epoch   99 | Train e:  95.81, T l:  0.1093 | Val e:  77.67 , Val l: 0.3523 | Test e:  74.31 
| Epoch  100 | Train e:  96.06, T l:  0.1094 | Val e:  77.82 , Val l: 0.3658 | Test e:  74.18 
| Epoch  101 | Train e:  95.86, T l:  0.1086 | Val e:  77.24 , Val l: 0.3932 | Test e:  73.70 
| Epoch  102 | Train e:  95.98, T l:  0.1083 | Val e:  78.11 , Val l: 0.3838 | Test e:  74.23 
| Epoch  103 | Train e:  96.03, T l:  0.1083 | Val e:  77.67 , Val l: 0.3768 | Test e:  74.09 
| Epoch  104 | Train e:  96.06, T l:  0.1084 | Val e:  77.38 , Val l: 0.3645 | Test e:  73.77 
| Epoch  105 | Train e:  96.32, T l:  0.1063 | Val e:  77.52 , Val l: 0.3664 | Test e:  74.35 
| Epoch  106 | Train e:  96.00, T l:  0.1070 | Val e:  76.67 , Val l: 0.4516 | Test e:  73.60 
| Epoch  107 | Train e:  96.19, T l:  0.1049 | Val e:  77.21 , Val l: 0.3770 | Test e:  74.11 
| Epoch  108 | Train e:  96.47, T l:  0.1045 | Val e:  77.53 , Val l: 0.3833 | Test e:  74.15 
| Epoch  109 | Train e:  96.32, T l:  0.1040 | Val e:  77.33 , Val l: 0.3955 | Test e:  74.45 
| Epoch  110 | Train e:  96.53, T l:  0.1041 | Val e:  77.45 , Val l: 0.3790 | Test e:  73.98 
| Epoch  111 | Train e:  96.67, T l:  0.1032 | Val e:  77.96 , Val l: 0.3656 | Test e:  74.31 
| Epoch  112 | Train e:  96.63, T l:  0.1028 | Val e:  77.32 , Val l: 0.4268 | Test e:  73.94 
| Epoch  113 | Train e:  96.67, T l:  0.1018 | Val e:  77.47 , Val l: 0.3929 | Test e:  74.55 
| Epoch  114 | Train e:  96.54, T l:  0.1018 | Val e:  77.03 , Val l: 0.4290 | Test e:  73.91 
| Epoch  115 | Train e:  96.77, T l:  0.1002 | Val e:  77.12 , Val l: 0.4093 | Test e:  74.35 
| Epoch  116 | Train e:  96.76, T l:  0.0997 | Val e:  77.14 , Val l: 0.4136 | Test e:  73.22 
| Epoch  117 | Train e:  96.92, T l:  0.0997 | Val e:  77.29 , Val l: 0.3741 | Test e:  74.04 
| Epoch  118 | Train e:  96.93, T l:  0.0979 | Val e:  76.70 , Val l: 0.4033 | Test e:  74.23 
| Epoch  119 | Train e:  96.83, T l:  0.0990 | Val e:  76.27 , Val l: 0.4007 | Test e:  73.94 
| Epoch  120 | Train e:  97.00, T l:  0.0994 | Val e:  77.38 , Val l: 0.3899 | Test e:  74.32 
| Epoch  121 | Train e:  96.98, T l:  0.0976 | Val e:  76.89 , Val l: 0.4065 | Test e:  73.62 
| Epoch  122 | Train e:  97.04, T l:  0.0963 | Val e:  76.55 , Val l: 0.4113 | Test e:  73.75 
| Epoch  123 | Train e:  97.21, T l:  0.0966 | Val e:  76.72 , Val l: 0.4057 | Test e:  74.04 
| Epoch  124 | Train e:  97.07, T l:  0.0951 | Val e:  76.72 , Val l: 0.4300 | Test e:  73.90 
| Epoch  125 | Train e:  96.92, T l:  0.0964 | Val e:  76.90 , Val l: 0.4258 | Test e:  73.84 
| Epoch  126 | Train e:  97.27, T l:  0.0951 | Val e:  76.69 , Val l: 0.4141 | Test e:  74.09 
| Epoch  127 | Train e:  97.20, T l:  0.0933 | Val e:  76.86 , Val l: 0.4123 | Test e:  74.27 
| Epoch  128 | Train e:  97.07, T l:  0.0952 | Val e:  76.44 , Val l: 0.4407 | Test e:  74.21 
| Epoch  129 | Train e:  97.32, T l:  0.0936 | Val e:  76.86 , Val l: 0.4264 | Test e:  73.85 
| Epoch  130 | Train e:  97.37, T l:  0.0914 | Val e:  77.35 , Val l: 0.4234 | Test e:  74.07 
| Epoch  131 | Train e:  97.53, T l:  0.0919 | Val e:  77.41 , Val l: 0.4115 | Test e:  73.88 
| Epoch  132 | Train e:  97.47, T l:  0.0922 | Val e:  76.59 , Val l: 0.4090 | Test e:  73.86 
| Epoch  133 | Train e:  97.52, T l:  0.0914 | Val e:  77.26 , Val l: 0.4360 | Test e:  74.49 
| Epoch  134 | Train e:  97.60, T l:  0.0914 | Val e:  76.95 , Val l: 0.4033 | Test e:  74.35 
| Epoch  135 | Train e:  97.65, T l:  0.0922 | Val e:  76.61 , Val l: 0.4107 | Test e:  74.50 
| Epoch  136 | Train e:  97.71, T l:  0.0884 | Val e:  76.96 , Val l: 0.4125 | Test e:  74.04 
| Epoch  137 | Train e:  97.82, T l:  0.0883 | Val e:  77.15 , Val l: 0.4238 | Test e:  74.34 
| Epoch  138 | Train e:  97.74, T l:  0.0877 | Val e:  76.43 , Val l: 0.4305 | Test e:  74.02 
| Epoch  139 | Train e:  97.81, T l:  0.0886 | Val e:  76.64 , Val l: 0.4254 | Test e:  74.07 
| Epoch  140 | Train e:  97.88, T l:  0.0878 | Val e:  76.72 , Val l: 0.4290 | Test e:  74.54 
| Epoch  141 | Train e:  97.83, T l:  0.0877 | Val e:  76.55 , Val l: 0.4529 | Test e:  74.40 
| Epoch  142 | Train e:  97.76, T l:  0.0885 | Val e:  76.51 , Val l: 0.4494 | Test e:  74.01 
| Epoch  143 | Train e:  97.76, T l:  0.0855 | Val e:  76.28 , Val l: 0.4576 | Test e:  74.04 
| Epoch  144 | Train e:  97.79, T l:  0.0873 | Val e:  76.21 , Val l: 0.4529 | Test e:  74.26 
| Epoch  145 | Train e:  97.92, T l:  0.0852 | Val e:  76.50 , Val l: 0.4227 | Test e:  74.38 
| Epoch  146 | Train e:  97.85, T l:  0.0862 | Val e:  76.75 , Val l: 0.4515 | Test e:  73.68 
| Epoch  147 | Train e:  97.99, T l:  0.0843 | Val e:  76.66 , Val l: 0.4617 | Test e:  74.15 
| Epoch  148 | Train e:  97.98, T l:  0.0846 | Val e:  76.48 , Val l: 0.4610 | Test e:  74.42 
| Epoch  149 | Train e:  97.98, T l:  0.0843 | Val e:  76.14 , Val l: 0.4648 | Test e:  74.26 
| Epoch  150 | Train e:  98.14, T l:  0.0843 | Val e:  76.68 , Val l: 0.4601 | Test e:  74.50 
| Epoch  151 | Train e:  98.10, T l:  0.0840 | Val e:  76.50 , Val l: 0.4633 | Test e:  73.87 
| Epoch  152 | Train e:  98.07, T l:  0.0835 | Val e:  76.22 , Val l: 0.4592 | Test e:  74.07 
| Epoch  153 | Train e:  98.14, T l:  0.0828 | Val e:  76.44 , Val l: 0.4644 | Test e:  74.16 
| Epoch  154 | Train e:  98.10, T l:  0.0819 | Val e:  76.23 , Val l: 0.4733 | Test e:  74.05 
| Epoch  155 | Train e:  98.11, T l:  0.0819 | Val e:  76.31 , Val l: 0.4618 | Test e:  74.04 
| Epoch  156 | Train e:  98.02, T l:  0.0807 | Val e:  76.45 , Val l: 0.4739 | Test e:  73.94 
| Epoch  157 | Train e:  98.17, T l:  0.0811 | Val e:  76.72 , Val l: 0.4589 | Test e:  74.14 
| Epoch  158 | Train e:  98.17, T l:  0.0806 | Val e:  76.23 , Val l: 0.4560 | Test e:  73.79 
| Epoch  159 | Train e:  98.18, T l:  0.0785 | Val e:  76.35 , Val l: 0.4780 | Test e:  73.89 
| Epoch  160 | Train e:  98.22, T l:  0.0799 | Val e:  76.68 , Val l: 0.4651 | Test e:  74.30 
| Epoch  161 | Train e:  98.27, T l:  0.0793 | Val e:  76.58 , Val l: 0.4671 | Test e:  73.95 
| Epoch  162 | Train e:  98.32, T l:  0.0793 | Val e:  76.64 , Val l: 0.4733 | Test e:  74.16 
| Epoch  163 | Train e:  98.18, T l:  0.0780 | Val e:  76.61 , Val l: 0.4798 | Test e:  74.00 
| Epoch  164 | Train e:  98.32, T l:  0.0774 | Val e:  76.61 , Val l: 0.4540 | Test e:  74.21 
| Epoch  165 | Train e:  98.30, T l:  0.0782 | Val e:  76.31 , Val l: 0.4689 | Test e:  73.56 
| Epoch  166 | Train e:  98.33, T l:  0.0786 | Val e:  76.55 , Val l: 0.4910 | Test e:  74.02 
| Epoch  167 | Train e:  98.30, T l:  0.0787 | Val e:  76.42 , Val l: 0.5030 | Test e:  73.90 
| Epoch  168 | Train e:  98.32, T l:  0.0776 | Val e:  76.23 , Val l: 0.4696 | Test e:  73.81 
| Epoch  169 | Train e:  98.31, T l:  0.0761 | Val e:  76.29 , Val l: 0.4712 | Test e:  73.71 
| Epoch  170 | Train e:  98.44, T l:  0.0764 | Val e:  76.79 , Val l: 0.4674 | Test e:  74.01 
| Epoch  171 | Train e:  98.45, T l:  0.0752 | Val e:  76.52 , Val l: 0.4779 | Test e:  74.06 
| Epoch  172 | Train e:  98.41, T l:  0.0759 | Val e:  76.41 , Val l: 0.4795 | Test e:  74.24 
| Epoch  173 | Train e:  98.50, T l:  0.0754 | Val e:  76.56 , Val l: 0.4709 | Test e:  74.47 
| Epoch  174 | Train e:  98.42, T l:  0.0757 | Val e:  76.44 , Val l: 0.4794 | Test e:  74.20 
| Epoch  175 | Train e:  98.47, T l:  0.0740 | Val e:  76.38 , Val l: 0.4808 | Test e:  74.32 
| Epoch  176 | Train e:  98.50, T l:  0.0748 | Val e:  76.37 , Val l: 0.4892 | Test e:  74.08 
| Epoch  177 | Train e:  98.50, T l:  0.0735 | Val e:  76.28 , Val l: 0.4873 | Test e:  74.15 
| Epoch  178 | Train e:  98.44, T l:  0.0733 | Val e:  76.19 , Val l: 0.4896 | Test e:  74.13 
| Epoch  179 | Train e:  98.50, T l:  0.0737 | Val e:  76.44 , Val l: 0.4779 | Test e:  74.32 
| Epoch  180 | Train e:  98.57, T l:  0.0732 | Val e:  76.38 , Val l: 0.4817 | Test e:  74.40 
| Epoch  181 | Train e:  98.58, T l:  0.0733 | Val e:  76.47 , Val l: 0.4874 | Test e:  74.32 
| Epoch  182 | Train e:  98.57, T l:  0.0734 | Val e:  76.23 , Val l: 0.4769 | Test e:  74.23 
| Epoch  183 | Train e:  98.50, T l:  0.0723 | Val e:  76.14 , Val l: 0.5054 | Test e:  74.23 
| Epoch  184 | Train e:  98.60, T l:  0.0729 | Val e:  76.16 , Val l: 0.4815 | Test e:  74.26 
| Epoch  185 | Train e:  98.57, T l:  0.0727 | Val e:  76.17 , Val l: 0.4900 | Test e:  74.21 
| Epoch  186 | Train e:  98.58, T l:  0.0726 | Val e:  76.13 , Val l: 0.4828 | Test e:  74.18 
| Epoch  187 | Train e:  98.60, T l:  0.0719 | Val e:  76.30 , Val l: 0.4992 | Test e:  74.20 
| Epoch  188 | Train e:  98.65, T l:  0.0711 | Val e:  76.37 , Val l: 0.4834 | Test e:  74.47 
| Epoch  189 | Train e:  98.62, T l:  0.0714 | Val e:  76.30 , Val l: 0.4870 | Test e:  74.13 
| Epoch  190 | Train e:  98.63, T l:  0.0717 | Val e:  76.19 , Val l: 0.4858 | Test e:  74.17 
| Epoch  191 | Train e:  98.63, T l:  0.0708 | Val e:  76.19 , Val l: 0.4917 | Test e:  74.19 
| Epoch  192 | Train e:  98.59, T l:  0.0704 | Val e:  76.19 , Val l: 0.4970 | Test e:  74.31 
| Epoch  193 | Train e:  98.60, T l:  0.0713 | Val e:  76.18 , Val l: 0.4979 | Test e:  74.22 
| Epoch  194 | Train e:  98.61, T l:  0.0717 | Val e:  76.20 , Val l: 0.4923 | Test e:  74.25 
| Epoch  195 | Train e:  98.61, T l:  0.0696 | Val e:  76.18 , Val l: 0.4914 | Test e:  74.22 
| Epoch  196 | Train e:  98.63, T l:  0.0702 | Val e:  76.18 , Val l: 0.4901 | Test e:  74.17 
| Epoch  197 | Train e:  98.64, T l:  0.0697 | Val e:  76.18 , Val l: 0.4874 | Test e:  74.19 
| Epoch  198 | Train e:  98.62, T l:  0.0705 | Val e:  76.16 , Val l: 0.4914 | Test e:  74.16 
| Epoch  199 | Train e:  98.63, T l:  0.0709 | Val e:  76.19 , Val l: 0.4893 | Test e:  74.18 
