

===============================================
2022-12-19 07:58:26

main_g.py --readout mean --gconv-dim 256 --tlayer-dim 256 --num-heads 8 --no-clustering --masked-attention --batch-size 32 --epochs 200 --warmup 20 --gconv-dropout 0.5 --tlayer-dropout 0.5 --seeds 42 --device 1

None

dataset: ogbg-moltox21
use_val_loss: False
epochs: 200
scheduler: linear
warmup: 20
patience: 25
batch_size: 32
lr: 0.0001
weight_decay: 0.0001
clustering: False
masked_attention: True
gconv_dim: 256
tlayer_dim: 256
gconv_dropout: 0.5
tlayer_dropout: 0.5
num_layers: 4
num_heads: 8
skip_connection: none
readout: mean
seeds: 42
save_state: False



| Epoch    0 | Train e:  53.50, T l:  0.6412 | Val e:  51.52 , Val l: 0.4646 | Test e:  52.36 
| Epoch    1 | Train e:  53.84, T l:  0.3990 | Val e:  54.37 , Val l: 0.3474 | Test e:  55.51 
| Epoch    2 | Train e:  51.69, T l:  0.3021 | Val e:  51.41 , Val l: 0.3157 | Test e:  53.34 
| Epoch    3 | Train e:  53.50, T l:  0.2697 | Val e:  55.30 , Val l: 0.3060 | Test e:  54.59 
| Epoch    4 | Train e:  53.56, T l:  0.2548 | Val e:  55.73 , Val l: 0.3031 | Test e:  54.14 
| Epoch    5 | Train e:  58.95, T l:  0.2476 | Val e:  58.72 , Val l: 0.3032 | Test e:  59.06 
| Epoch    6 | Train e:  60.29, T l:  0.2441 | Val e:  60.19 , Val l: 0.3037 | Test e:  61.15 
| Epoch    7 | Train e:  62.67, T l:  0.2421 | Val e:  61.23 , Val l: 0.2948 | Test e:  63.62 
| Epoch    8 | Train e:  64.29, T l:  0.2361 | Val e:  60.93 , Val l: 0.2924 | Test e:  63.75 
| Epoch    9 | Train e:  64.09, T l:  0.2339 | Val e:  61.64 , Val l: 0.2914 | Test e:  64.10 
| Epoch   10 | Train e:  63.47, T l:  0.2319 | Val e:  62.04 , Val l: 0.2903 | Test e:  64.10 
| Epoch   11 | Train e:  65.28, T l:  0.2317 | Val e:  61.99 , Val l: 0.2917 | Test e:  64.19 
| Epoch   12 | Train e:  66.01, T l:  0.2305 | Val e:  62.12 , Val l: 0.2897 | Test e:  64.55 
| Epoch   13 | Train e:  67.58, T l:  0.2287 | Val e:  64.09 , Val l: 0.2881 | Test e:  64.34 
| Epoch   14 | Train e:  70.03, T l:  0.2254 | Val e:  65.96 , Val l: 0.2962 | Test e:  62.86 
| Epoch   15 | Train e:  71.00, T l:  0.2192 | Val e:  67.27 , Val l: 0.3027 | Test e:  66.35 
| Epoch   16 | Train e:  72.92, T l:  0.2171 | Val e:  71.78 , Val l: 0.2743 | Test e:  68.41 
| Epoch   17 | Train e:  73.11, T l:  0.2156 | Val e:  71.60 , Val l: 0.2862 | Test e:  68.45 
| Epoch   18 | Train e:  74.17, T l:  0.2117 | Val e:  72.19 , Val l: 0.2786 | Test e:  67.95 
| Epoch   19 | Train e:  74.72, T l:  0.2089 | Val e:  73.18 , Val l: 0.2677 | Test e:  69.44 
| Epoch   20 | Train e:  74.99, T l:  0.2085 | Val e:  73.67 , Val l: 0.2679 | Test e:  69.57 
| Epoch   21 | Train e:  74.43, T l:  0.2066 | Val e:  72.99 , Val l: 0.2665 | Test e:  69.22 
| Epoch   22 | Train e:  75.28, T l:  0.2064 | Val e:  73.68 , Val l: 0.2724 | Test e:  68.36 
| Epoch   23 | Train e:  75.25, T l:  0.2049 | Val e:  73.03 , Val l: 0.2752 | Test e:  69.42 
| Epoch   24 | Train e:  76.21, T l:  0.2045 | Val e:  74.44 , Val l: 0.2652 | Test e:  70.28 
| Epoch   25 | Train e:  76.27, T l:  0.2043 | Val e:  74.92 , Val l: 0.2630 | Test e:  70.29 
| Epoch   26 | Train e:  74.42, T l:  0.2022 | Val e:  72.47 , Val l: 0.2818 | Test e:  67.77 
| Epoch   27 | Train e:  76.90, T l:  0.2093 | Val e:  74.13 , Val l: 0.2697 | Test e:  69.65 
| Epoch   28 | Train e:  77.32, T l:  0.2026 | Val e:  74.70 , Val l: 0.2676 | Test e:  70.48 
| Epoch   29 | Train e:  77.99, T l:  0.2024 | Val e:  75.14 , Val l: 0.2659 | Test e:  70.18 
| Epoch   30 | Train e:  77.97, T l:  0.2004 | Val e:  74.67 , Val l: 0.2637 | Test e:  70.05 
| Epoch   31 | Train e:  78.61, T l:  0.1986 | Val e:  75.37 , Val l: 0.2655 | Test e:  71.42 
| Epoch   32 | Train e:  78.44, T l:  0.1981 | Val e:  75.44 , Val l: 0.2633 | Test e:  71.03 
| Epoch   33 | Train e:  78.88, T l:  0.1979 | Val e:  75.19 , Val l: 0.2614 | Test e:  71.02 
| Epoch   34 | Train e:  79.19, T l:  0.1972 | Val e:  75.41 , Val l: 0.2662 | Test e:  71.84 
| Epoch   35 | Train e:  78.30, T l:  0.1970 | Val e:  75.22 , Val l: 0.2587 | Test e:  71.40 
| Epoch   36 | Train e:  79.55, T l:  0.1966 | Val e:  75.85 , Val l: 0.2615 | Test e:  71.72 
| Epoch   37 | Train e:  78.92, T l:  0.1987 | Val e:  75.36 , Val l: 0.2619 | Test e:  71.73 
| Epoch   38 | Train e:  80.01, T l:  0.1953 | Val e:  75.74 , Val l: 0.2700 | Test e:  72.09 
| Epoch   39 | Train e:  79.53, T l:  0.1951 | Val e:  75.60 , Val l: 0.2640 | Test e:  71.27 
| Epoch   40 | Train e:  80.20, T l:  0.1940 | Val e:  74.87 , Val l: 0.2699 | Test e:  71.43 
| Epoch   41 | Train e:  80.32, T l:  0.1928 | Val e:  75.27 , Val l: 0.2638 | Test e:  71.37 
| Epoch   42 | Train e:  80.90, T l:  0.1920 | Val e:  75.82 , Val l: 0.2592 | Test e:  71.91 
| Epoch   43 | Train e:  80.40, T l:  0.1925 | Val e:  75.90 , Val l: 0.2613 | Test e:  71.36 
| Epoch   44 | Train e:  81.17, T l:  0.1906 | Val e:  76.07 , Val l: 0.2636 | Test e:  72.35 
| Epoch   45 | Train e:  80.56, T l:  0.1926 | Val e:  75.13 , Val l: 0.2690 | Test e:  71.26 
| Epoch   46 | Train e:  81.38, T l:  0.1905 | Val e:  75.98 , Val l: 0.2635 | Test e:  72.44 
| Epoch   47 | Train e:  81.50, T l:  0.1904 | Val e:  76.31 , Val l: 0.2650 | Test e:  73.02 
| Epoch   48 | Train e:  81.53, T l:  0.1906 | Val e:  76.25 , Val l: 0.2675 | Test e:  73.05 
| Epoch   49 | Train e:  82.15, T l:  0.1887 | Val e:  76.25 , Val l: 0.2553 | Test e:  71.79 
| Epoch   50 | Train e:  81.81, T l:  0.1890 | Val e:  75.87 , Val l: 0.2626 | Test e:  72.35 
| Epoch   51 | Train e:  82.21, T l:  0.1877 | Val e:  76.22 , Val l: 0.2668 | Test e:  72.78 
| Epoch   52 | Train e:  81.03, T l:  0.1863 | Val e:  74.80 , Val l: 0.2752 | Test e:  71.64 
| Epoch   53 | Train e:  82.46, T l:  0.1880 | Val e:  77.25 , Val l: 0.2602 | Test e:  73.25 
| Epoch   54 | Train e:  82.51, T l:  0.1878 | Val e:  76.33 , Val l: 0.2607 | Test e:  72.48 
| Epoch   55 | Train e:  82.72, T l:  0.1852 | Val e:  75.77 , Val l: 0.2619 | Test e:  72.12 
| Epoch   56 | Train e:  83.06, T l:  0.1870 | Val e:  76.61 , Val l: 0.2593 | Test e:  72.36 
| Epoch   57 | Train e:  83.25, T l:  0.1836 | Val e:  76.02 , Val l: 0.2634 | Test e:  72.96 
| Epoch   58 | Train e:  83.21, T l:  0.1839 | Val e:  76.68 , Val l: 0.2628 | Test e:  72.86 
| Epoch   59 | Train e:  83.44, T l:  0.1830 | Val e:  76.44 , Val l: 0.2609 | Test e:  72.27 
| Epoch   60 | Train e:  83.00, T l:  0.1838 | Val e:  76.68 , Val l: 0.2614 | Test e:  73.23 
| Epoch   61 | Train e:  83.35, T l:  0.1820 | Val e:  76.84 , Val l: 0.2593 | Test e:  72.89 
| Epoch   62 | Train e:  83.65, T l:  0.1822 | Val e:  76.09 , Val l: 0.2587 | Test e:  72.90 
| Epoch   63 | Train e:  83.69, T l:  0.1804 | Val e:  76.42 , Val l: 0.2633 | Test e:  72.43 
| Epoch   64 | Train e:  84.17, T l:  0.1810 | Val e:  77.15 , Val l: 0.2647 | Test e:  73.06 
| Epoch   65 | Train e:  83.16, T l:  0.1819 | Val e:  76.96 , Val l: 0.2658 | Test e:  72.55 
| Epoch   66 | Train e:  84.31, T l:  0.1804 | Val e:  76.77 , Val l: 0.2620 | Test e:  72.86 
| Epoch   67 | Train e:  84.67, T l:  0.1783 | Val e:  77.08 , Val l: 0.2608 | Test e:  73.31 
| Epoch   68 | Train e:  84.23, T l:  0.1786 | Val e:  76.47 , Val l: 0.2558 | Test e:  72.45 
| Epoch   69 | Train e:  85.07, T l:  0.1793 | Val e:  77.06 , Val l: 0.2680 | Test e:  73.66 
| Epoch   70 | Train e:  84.73, T l:  0.1776 | Val e:  75.22 , Val l: 0.2694 | Test e:  71.52 
| Epoch   71 | Train e:  84.80, T l:  0.1774 | Val e:  76.64 , Val l: 0.2578 | Test e:  73.21 
| Epoch   72 | Train e:  85.26, T l:  0.1778 | Val e:  75.62 , Val l: 0.2666 | Test e:  72.70 
| Epoch   73 | Train e:  85.23, T l:  0.1769 | Val e:  76.30 , Val l: 0.2598 | Test e:  71.85 
| Epoch   74 | Train e:  85.33, T l:  0.1758 | Val e:  76.86 , Val l: 0.2584 | Test e:  73.13 
| Epoch   75 | Train e:  84.96, T l:  0.1767 | Val e:  76.57 , Val l: 0.2633 | Test e:  73.02 
| Epoch   76 | Train e:  85.47, T l:  0.1753 | Val e:  76.79 , Val l: 0.2605 | Test e:  73.26 
| Epoch   77 | Train e:  85.70, T l:  0.1752 | Val e:  77.01 , Val l: 0.2609 | Test e:  72.64 
| Epoch   78 | Train e:  85.79, T l:  0.1757 | Val e:  76.67 , Val l: 0.2604 | Test e:  72.94 
| Epoch   79 | Train e:  85.39, T l:  0.1742 | Val e:  75.68 , Val l: 0.2653 | Test e:  71.40 
| Epoch   80 | Train e:  85.64, T l:  0.1744 | Val e:  77.57 , Val l: 0.2578 | Test e:  73.22 
| Epoch   81 | Train e:  85.90, T l:  0.1738 | Val e:  77.28 , Val l: 0.2641 | Test e:  73.35 
| Epoch   82 | Train e:  86.20, T l:  0.1722 | Val e:  77.09 , Val l: 0.2644 | Test e:  73.00 
| Epoch   83 | Train e:  85.94, T l:  0.1717 | Val e:  77.43 , Val l: 0.2683 | Test e:  72.73 
| Epoch   84 | Train e:  85.54, T l:  0.1717 | Val e:  77.88 , Val l: 0.2590 | Test e:  72.81 
| Epoch   85 | Train e:  86.49, T l:  0.1726 | Val e:  77.46 , Val l: 0.2629 | Test e:  73.21 
| Epoch   86 | Train e:  86.25, T l:  0.1721 | Val e:  76.66 , Val l: 0.2644 | Test e:  73.19 
| Epoch   87 | Train e:  86.41, T l:  0.1704 | Val e:  77.02 , Val l: 0.2619 | Test e:  73.75 
| Epoch   88 | Train e:  86.56, T l:  0.1696 | Val e:  76.95 , Val l: 0.2662 | Test e:  72.86 
| Epoch   89 | Train e:  85.61, T l:  0.1704 | Val e:  76.58 , Val l: 0.2733 | Test e:  73.33 
| Epoch   90 | Train e:  86.27, T l:  0.1713 | Val e:  77.16 , Val l: 0.2622 | Test e:  73.75 
| Epoch   91 | Train e:  86.48, T l:  0.1700 | Val e:  77.52 , Val l: 0.2646 | Test e:  73.30 
| Epoch   92 | Train e:  86.90, T l:  0.1688 | Val e:  77.04 , Val l: 0.2606 | Test e:  73.41 
| Epoch   93 | Train e:  86.64, T l:  0.1685 | Val e:  77.72 , Val l: 0.2575 | Test e:  73.03 
| Epoch   94 | Train e:  86.75, T l:  0.1692 | Val e:  76.26 , Val l: 0.2700 | Test e:  72.90 
| Epoch   95 | Train e:  86.27, T l:  0.1672 | Val e:  76.99 , Val l: 0.2664 | Test e:  73.28 
| Epoch   96 | Train e:  86.90, T l:  0.1686 | Val e:  77.18 , Val l: 0.2631 | Test e:  73.87 
| Epoch   97 | Train e:  86.97, T l:  0.1682 | Val e:  76.12 , Val l: 0.2692 | Test e:  73.43 
| Epoch   98 | Train e:  86.75, T l:  0.1683 | Val e:  76.86 , Val l: 0.2723 | Test e:  73.68 
| Epoch   99 | Train e:  86.92, T l:  0.1676 | Val e:  76.76 , Val l: 0.2663 | Test e:  73.72 
| Epoch  100 | Train e:  87.25, T l:  0.1668 | Val e:  76.65 , Val l: 0.2645 | Test e:  73.10 
| Epoch  101 | Train e:  87.22, T l:  0.1664 | Val e:  77.13 , Val l: 0.2586 | Test e:  74.14 
| Epoch  102 | Train e:  87.24, T l:  0.1657 | Val e:  77.18 , Val l: 0.2611 | Test e:  73.75 
| Epoch  103 | Train e:  87.14, T l:  0.1672 | Val e:  77.27 , Val l: 0.2637 | Test e:  73.95 
| Epoch  104 | Train e:  87.16, T l:  0.1659 | Val e:  76.90 , Val l: 0.2629 | Test e:  73.82 
| Epoch  105 | Train e:  87.44, T l:  0.1653 | Val e:  76.50 , Val l: 0.2669 | Test e:  74.25 
| Epoch  106 | Train e:  87.26, T l:  0.1641 | Val e:  77.28 , Val l: 0.2674 | Test e:  73.74 
| Epoch  107 | Train e:  87.41, T l:  0.1663 | Val e:  76.93 , Val l: 0.2652 | Test e:  73.49 
| Epoch  108 | Train e:  87.61, T l:  0.1647 | Val e:  77.24 , Val l: 0.2615 | Test e:  73.83 
| Epoch  109 | Train e:  87.42, T l:  0.1640 | Val e:  77.77 , Val l: 0.2568 | Test e:  73.83 
| Epoch  110 | Train e:  87.49, T l:  0.1630 | Val e:  77.26 , Val l: 0.2655 | Test e:  73.31 
| Epoch  111 | Train e:  87.63, T l:  0.1653 | Val e:  77.05 , Val l: 0.2637 | Test e:  73.41 
| Epoch  112 | Train e:  87.23, T l:  0.1638 | Val e:  77.02 , Val l: 0.2629 | Test e:  73.95 
| Epoch  113 | Train e:  87.78, T l:  0.1633 | Val e:  77.85 , Val l: 0.2611 | Test e:  74.11 
| Epoch  114 | Train e:  87.48, T l:  0.1642 | Val e:  76.64 , Val l: 0.2747 | Test e:  73.80 
| Epoch  115 | Train e:  87.85, T l:  0.1636 | Val e:  77.43 , Val l: 0.2641 | Test e:  74.34 
| Epoch  116 | Train e:  87.75, T l:  0.1621 | Val e:  76.79 , Val l: 0.2639 | Test e:  73.55 
| Epoch  117 | Train e:  86.86, T l:  0.1675 | Val e:  76.62 , Val l: 0.2664 | Test e:  73.89 
| Epoch  118 | Train e:  87.82, T l:  0.1632 | Val e:  77.21 , Val l: 0.2593 | Test e:  73.85 
| Epoch  119 | Train e:  87.74, T l:  0.1625 | Val e:  76.94 , Val l: 0.2629 | Test e:  74.12 
| Epoch  120 | Train e:  87.99, T l:  0.1615 | Val e:  76.75 , Val l: 0.2660 | Test e:  74.01 
| Epoch  121 | Train e:  88.08, T l:  0.1608 | Val e:  76.86 , Val l: 0.2653 | Test e:  74.08 
| Epoch  122 | Train e:  88.12, T l:  0.1607 | Val e:  77.06 , Val l: 0.2620 | Test e:  74.20 
| Epoch  123 | Train e:  88.13, T l:  0.1608 | Val e:  77.00 , Val l: 0.2655 | Test e:  74.33 
| Epoch  124 | Train e:  88.10, T l:  0.1611 | Val e:  76.75 , Val l: 0.2627 | Test e:  74.59 
| Epoch  125 | Train e:  88.17, T l:  0.1598 | Val e:  76.95 , Val l: 0.2635 | Test e:  74.40 
| Epoch  126 | Train e:  88.13, T l:  0.1598 | Val e:  76.82 , Val l: 0.2657 | Test e:  74.02 
| Epoch  127 | Train e:  88.13, T l:  0.1597 | Val e:  77.36 , Val l: 0.2611 | Test e:  74.20 
| Epoch  128 | Train e:  87.97, T l:  0.1590 | Val e:  77.00 , Val l: 0.2678 | Test e:  74.55 
| Epoch  129 | Train e:  88.36, T l:  0.1595 | Val e:  77.18 , Val l: 0.2616 | Test e:  73.82 
| Epoch  130 | Train e:  88.35, T l:  0.1586 | Val e:  76.81 , Val l: 0.2657 | Test e:  74.57 
| Epoch  131 | Train e:  88.39, T l:  0.1587 | Val e:  76.77 , Val l: 0.2651 | Test e:  75.00 
| Epoch  132 | Train e:  88.25, T l:  0.1581 | Val e:  77.02 , Val l: 0.2674 | Test e:  74.37 
| Epoch  133 | Train e:  88.49, T l:  0.1590 | Val e:  77.16 , Val l: 0.2629 | Test e:  74.70 
| Epoch  134 | Train e:  88.28, T l:  0.1587 | Val e:  77.40 , Val l: 0.2625 | Test e:  74.69 
| Epoch  135 | Train e:  88.49, T l:  0.1581 | Val e:  76.97 , Val l: 0.2631 | Test e:  74.93 
| Epoch  136 | Train e:  88.17, T l:  0.1576 | Val e:  77.27 , Val l: 0.2669 | Test e:  74.62 
| Epoch  137 | Train e:  88.41, T l:  0.1578 | Val e:  77.42 , Val l: 0.2592 | Test e:  74.82 
| Epoch  138 | Train e:  88.40, T l:  0.1589 | Val e:  77.49 , Val l: 0.2621 | Test e:  75.28 
| Epoch  139 | Train e:  88.45, T l:  0.1576 | Val e:  76.78 , Val l: 0.2654 | Test e:  75.15 
| Epoch  140 | Train e:  88.67, T l:  0.1562 | Val e:  76.66 , Val l: 0.2655 | Test e:  75.02 
| Epoch  141 | Train e:  88.64, T l:  0.1574 | Val e:  76.65 , Val l: 0.2680 | Test e:  74.13 
| Epoch  142 | Train e:  88.55, T l:  0.1565 | Val e:  77.14 , Val l: 0.2621 | Test e:  74.53 
| Epoch  143 | Train e:  88.66, T l:  0.1567 | Val e:  77.60 , Val l: 0.2644 | Test e:  74.55 
| Epoch  144 | Train e:  88.59, T l:  0.1572 | Val e:  77.20 , Val l: 0.2676 | Test e:  75.01 
| Epoch  145 | Train e:  88.69, T l:  0.1566 | Val e:  76.97 , Val l: 0.2632 | Test e:  75.07 
| Epoch  146 | Train e:  88.64, T l:  0.1563 | Val e:  77.02 , Val l: 0.2689 | Test e:  75.12 
| Epoch  147 | Train e:  88.73, T l:  0.1556 | Val e:  77.27 , Val l: 0.2596 | Test e:  74.82 
| Epoch  148 | Train e:  88.61, T l:  0.1555 | Val e:  77.15 , Val l: 0.2621 | Test e:  74.18 
| Epoch  149 | Train e:  88.79, T l:  0.1560 | Val e:  76.94 , Val l: 0.2654 | Test e:  74.99 
| Epoch  150 | Train e:  88.85, T l:  0.1551 | Val e:  77.23 , Val l: 0.2629 | Test e:  74.98 
| Epoch  151 | Train e:  88.80, T l:  0.1542 | Val e:  76.76 , Val l: 0.2658 | Test e:  74.85 
| Epoch  152 | Train e:  88.83, T l:  0.1552 | Val e:  76.73 , Val l: 0.2636 | Test e:  74.20 
| Epoch  153 | Train e:  88.99, T l:  0.1534 | Val e:  76.49 , Val l: 0.2626 | Test e:  74.44 
| Epoch  154 | Train e:  88.95, T l:  0.1533 | Val e:  77.13 , Val l: 0.2657 | Test e:  74.66 
| Epoch  155 | Train e:  88.88, T l:  0.1552 | Val e:  76.81 , Val l: 0.2658 | Test e:  74.91 
| Epoch  156 | Train e:  89.00, T l:  0.1543 | Val e:  77.37 , Val l: 0.2615 | Test e:  75.19 
| Epoch  157 | Train e:  88.98, T l:  0.1536 | Val e:  77.09 , Val l: 0.2633 | Test e:  74.89 
| Epoch  158 | Train e:  89.10, T l:  0.1534 | Val e:  77.21 , Val l: 0.2628 | Test e:  74.57 
| Epoch  159 | Train e:  89.12, T l:  0.1536 | Val e:  77.23 , Val l: 0.2623 | Test e:  75.07 
| Epoch  160 | Train e:  89.11, T l:  0.1532 | Val e:  77.12 , Val l: 0.2653 | Test e:  74.31 
| Epoch  161 | Train e:  88.99, T l:  0.1541 | Val e:  76.94 , Val l: 0.2633 | Test e:  74.62 
| Epoch  162 | Train e:  89.12, T l:  0.1529 | Val e:  76.65 , Val l: 0.2665 | Test e:  74.67 
| Epoch  163 | Train e:  89.13, T l:  0.1533 | Val e:  76.79 , Val l: 0.2627 | Test e:  75.22 
| Epoch  164 | Train e:  89.18, T l:  0.1528 | Val e:  76.90 , Val l: 0.2628 | Test e:  74.76 
| Epoch  165 | Train e:  89.20, T l:  0.1524 | Val e:  76.93 , Val l: 0.2642 | Test e:  75.01 
| Epoch  166 | Train e:  89.24, T l:  0.1517 | Val e:  77.02 , Val l: 0.2614 | Test e:  74.97 
| Epoch  167 | Train e:  89.16, T l:  0.1522 | Val e:  76.88 , Val l: 0.2637 | Test e:  74.62 
| Epoch  168 | Train e:  89.25, T l:  0.1520 | Val e:  77.22 , Val l: 0.2629 | Test e:  75.07 
| Epoch  169 | Train e:  89.26, T l:  0.1521 | Val e:  77.29 , Val l: 0.2620 | Test e:  74.63 
| Epoch  170 | Train e:  89.29, T l:  0.1521 | Val e:  77.39 , Val l: 0.2621 | Test e:  75.11 
| Epoch  171 | Train e:  89.31, T l:  0.1518 | Val e:  76.88 , Val l: 0.2633 | Test e:  74.87 
| Epoch  172 | Train e:  89.28, T l:  0.1513 | Val e:  77.06 , Val l: 0.2632 | Test e:  74.23 
| Epoch  173 | Train e:  89.37, T l:  0.1518 | Val e:  77.05 , Val l: 0.2629 | Test e:  74.89 
| Epoch  174 | Train e:  89.32, T l:  0.1513 | Val e:  77.21 , Val l: 0.2605 | Test e:  74.73 
| Epoch  175 | Train e:  89.32, T l:  0.1523 | Val e:  77.16 , Val l: 0.2627 | Test e:  75.15 
| Epoch  176 | Train e:  89.42, T l:  0.1510 | Val e:  76.54 , Val l: 0.2651 | Test e:  74.71 
| Epoch  177 | Train e:  89.39, T l:  0.1510 | Val e:  76.86 , Val l: 0.2666 | Test e:  75.04 
| Epoch  178 | Train e:  89.42, T l:  0.1508 | Val e:  77.13 , Val l: 0.2622 | Test e:  74.94 
| Epoch  179 | Train e:  89.47, T l:  0.1503 | Val e:  76.58 , Val l: 0.2655 | Test e:  74.83 
| Epoch  180 | Train e:  89.44, T l:  0.1517 | Val e:  76.93 , Val l: 0.2637 | Test e:  74.55 
| Epoch  181 | Train e:  89.46, T l:  0.1496 | Val e:  76.95 , Val l: 0.2644 | Test e:  75.07 
| Epoch  182 | Train e:  89.48, T l:  0.1508 | Val e:  76.85 , Val l: 0.2625 | Test e:  75.00 
| Epoch  183 | Train e:  89.54, T l:  0.1498 | Val e:  77.07 , Val l: 0.2617 | Test e:  74.70 
| Epoch  184 | Train e:  89.54, T l:  0.1499 | Val e:  76.92 , Val l: 0.2628 | Test e:  74.83 
| Epoch  185 | Train e:  89.54, T l:  0.1496 | Val e:  76.77 , Val l: 0.2618 | Test e:  74.86 
| Epoch  186 | Train e:  89.53, T l:  0.1489 | Val e:  76.90 , Val l: 0.2636 | Test e:  74.76 
| Epoch  187 | Train e:  89.54, T l:  0.1494 | Val e:  77.04 , Val l: 0.2616 | Test e:  74.64 
| Epoch  188 | Train e:  89.57, T l:  0.1493 | Val e:  77.12 , Val l: 0.2622 | Test e:  75.09 
| Epoch  189 | Train e:  89.54, T l:  0.1498 | Val e:  77.19 , Val l: 0.2628 | Test e:  75.02 
| Epoch  190 | Train e:  89.60, T l:  0.1496 | Val e:  77.26 , Val l: 0.2621 | Test e:  74.74 
| Epoch  191 | Train e:  89.60, T l:  0.1496 | Val e:  77.20 , Val l: 0.2622 | Test e:  74.75 
| Epoch  192 | Train e:  89.57, T l:  0.1485 | Val e:  77.05 , Val l: 0.2629 | Test e:  74.99 
| Epoch  193 | Train e:  89.60, T l:  0.1492 | Val e:  76.92 , Val l: 0.2632 | Test e:  75.08 
| Epoch  194 | Train e:  89.61, T l:  0.1496 | Val e:  77.10 , Val l: 0.2623 | Test e:  74.98 
| Epoch  195 | Train e:  89.61, T l:  0.1494 | Val e:  77.09 , Val l: 0.2625 | Test e:  75.02 
| Epoch  196 | Train e:  89.60, T l:  0.1487 | Val e:  77.11 , Val l: 0.2628 | Test e:  74.95 
| Epoch  197 | Train e:  89.61, T l:  0.1489 | Val e:  77.07 , Val l: 0.2624 | Test e:  74.90 
| Epoch  198 | Train e:  89.60, T l:  0.1487 | Val e:  77.11 , Val l: 0.2630 | Test e:  74.98 
| Epoch  199 | Train e:  89.60, T l:  0.1492 | Val e:  77.11 , Val l: 0.2628 | Test e:  74.99 
