

===============================================
2022-08-23 04:19:09

main.py --readout cls --gconv-dim 256 --tlayer-dim 256 --num-heads 8 --no-clustering --masked-attention --batch-size 32 --epochs 200 --warmup 20 --gconv-dropout 0.5 --tlayer-dropout 0.5 --seeds 2020 --device 1

None

dataset: ogbg-moltox21
use_val_loss: False
epochs: 200
scheduler: linear
warmup: 20
patience: 25
batch_size: 32
lr: 0.0001
weight_decay: 0.0001
clustering: False
masked_attention: True
gconv_dim: 256
tlayer_dim: 256
gconv_dropout: 0.5
tlayer_dropout: 0.5
num_layers: 4
num_heads: 8
skip_connection: none
readout: cls
seeds: 2020
save_state: False



| Epoch    0 | Train e:  42.98, T l:  0.5545 | Val e:  48.34 , Val l: 0.3535 | Test e:  48.95 
| Epoch    1 | Train e:  49.41, T l:  0.3239 | Val e:  53.97 , Val l: 0.3074 | Test e:  54.70 
| Epoch    2 | Train e:  54.40, T l:  0.2654 | Val e:  55.29 , Val l: 0.3115 | Test e:  55.67 
| Epoch    3 | Train e:  56.58, T l:  0.2519 | Val e:  56.20 , Val l: 0.3169 | Test e:  56.07 
| Epoch    4 | Train e:  58.92, T l:  0.2463 | Val e:  57.39 , Val l: 0.3163 | Test e:  58.00 
| Epoch    5 | Train e:  59.17, T l:  0.2418 | Val e:  58.61 , Val l: 0.3083 | Test e:  60.37 
| Epoch    6 | Train e:  62.50, T l:  0.2363 | Val e:  61.48 , Val l: 0.3009 | Test e:  62.37 
| Epoch    7 | Train e:  65.79, T l:  0.2322 | Val e:  63.08 , Val l: 0.2992 | Test e:  62.84 
| Epoch    8 | Train e:  67.77, T l:  0.2305 | Val e:  64.57 , Val l: 0.3015 | Test e:  64.05 
| Epoch    9 | Train e:  70.09, T l:  0.2265 | Val e:  67.50 , Val l: 0.2937 | Test e:  65.52 
| Epoch   10 | Train e:  71.97, T l:  0.2219 | Val e:  70.53 , Val l: 0.2855 | Test e:  69.01 
| Epoch   11 | Train e:  72.93, T l:  0.2151 | Val e:  72.21 , Val l: 0.2793 | Test e:  69.52 
| Epoch   12 | Train e:  74.08, T l:  0.2121 | Val e:  73.17 , Val l: 0.2712 | Test e:  70.50 
| Epoch   13 | Train e:  74.65, T l:  0.2085 | Val e:  73.05 , Val l: 0.2857 | Test e:  70.35 
| Epoch   14 | Train e:  75.73, T l:  0.2068 | Val e:  73.58 , Val l: 0.2758 | Test e:  69.95 
| Epoch   15 | Train e:  76.37, T l:  0.2064 | Val e:  75.07 , Val l: 0.2678 | Test e:  71.53 
| Epoch   16 | Train e:  78.30, T l:  0.2043 | Val e:  76.32 , Val l: 0.2581 | Test e:  72.54 
| Epoch   17 | Train e:  78.20, T l:  0.2011 | Val e:  76.05 , Val l: 0.2709 | Test e:  72.49 
| Epoch   18 | Train e:  79.23, T l:  0.1996 | Val e:  76.36 , Val l: 0.2725 | Test e:  72.87 
| Epoch   19 | Train e:  79.14, T l:  0.1989 | Val e:  76.04 , Val l: 0.2931 | Test e:  71.39 
| Epoch   20 | Train e:  80.50, T l:  0.1983 | Val e:  77.12 , Val l: 0.2748 | Test e:  73.77 
| Epoch   21 | Train e:  80.82, T l:  0.1958 | Val e:  77.43 , Val l: 0.2682 | Test e:  72.62 
| Epoch   22 | Train e:  81.96, T l:  0.1928 | Val e:  77.96 , Val l: 0.2864 | Test e:  73.17 
| Epoch   23 | Train e:  82.54, T l:  0.1922 | Val e:  78.70 , Val l: 0.2608 | Test e:  74.46 
| Epoch   24 | Train e:  83.02, T l:  0.1928 | Val e:  77.21 , Val l: 0.2760 | Test e:  72.95 
| Epoch   25 | Train e:  83.38, T l:  0.1905 | Val e:  78.47 , Val l: 0.2560 | Test e:  74.53 
| Epoch   26 | Train e:  84.34, T l:  0.1874 | Val e:  78.33 , Val l: 0.2607 | Test e:  73.83 
| Epoch   27 | Train e:  84.90, T l:  0.1850 | Val e:  78.87 , Val l: 0.2632 | Test e:  73.71 
| Epoch   28 | Train e:  84.90, T l:  0.1837 | Val e:  78.63 , Val l: 0.2632 | Test e:  74.78 
| Epoch   29 | Train e:  85.46, T l:  0.1827 | Val e:  79.22 , Val l: 0.2578 | Test e:  75.12 
| Epoch   30 | Train e:  85.80, T l:  0.1789 | Val e:  79.27 , Val l: 0.2668 | Test e:  75.26 
| Epoch   31 | Train e:  85.46, T l:  0.1792 | Val e:  79.02 , Val l: 0.2597 | Test e:  74.80 
| Epoch   32 | Train e:  86.11, T l:  0.1790 | Val e:  80.20 , Val l: 0.2692 | Test e:  75.48 
| Epoch   33 | Train e:  86.79, T l:  0.1772 | Val e:  79.71 , Val l: 0.2545 | Test e:  75.87 
| Epoch   34 | Train e:  87.05, T l:  0.1770 | Val e:  79.63 , Val l: 0.2453 | Test e:  76.52 
| Epoch   35 | Train e:  86.76, T l:  0.1772 | Val e:  79.51 , Val l: 0.2575 | Test e:  76.61 
| Epoch   36 | Train e:  87.34, T l:  0.1733 | Val e:  80.35 , Val l: 0.2443 | Test e:  75.57 
| Epoch   37 | Train e:  87.62, T l:  0.1723 | Val e:  80.16 , Val l: 0.2466 | Test e:  75.97 
| Epoch   38 | Train e:  87.69, T l:  0.1718 | Val e:  79.76 , Val l: 0.2516 | Test e:  76.35 
| Epoch   39 | Train e:  87.67, T l:  0.1721 | Val e:  79.70 , Val l: 0.2434 | Test e:  76.05 
| Epoch   40 | Train e:  87.94, T l:  0.1695 | Val e:  80.33 , Val l: 0.2506 | Test e:  76.09 
| Epoch   41 | Train e:  88.21, T l:  0.1685 | Val e:  80.50 , Val l: 0.2486 | Test e:  76.88 
| Epoch   42 | Train e:  87.85, T l:  0.1683 | Val e:  79.77 , Val l: 0.2585 | Test e:  75.90 
| Epoch   43 | Train e:  88.08, T l:  0.1669 | Val e:  80.06 , Val l: 0.2601 | Test e:  77.64 
| Epoch   44 | Train e:  88.30, T l:  0.1652 | Val e:  80.17 , Val l: 0.2593 | Test e:  76.84 
| Epoch   45 | Train e:  88.34, T l:  0.1661 | Val e:  79.45 , Val l: 0.2475 | Test e:  77.05 
| Epoch   46 | Train e:  88.78, T l:  0.1653 | Val e:  80.91 , Val l: 0.2512 | Test e:  77.39 
| Epoch   47 | Train e:  88.71, T l:  0.1647 | Val e:  80.61 , Val l: 0.2494 | Test e:  77.05 
| Epoch   48 | Train e:  88.96, T l:  0.1642 | Val e:  79.64 , Val l: 0.2528 | Test e:  76.79 
| Epoch   49 | Train e:  88.82, T l:  0.1631 | Val e:  80.39 , Val l: 0.2461 | Test e:  77.43 
| Epoch   50 | Train e:  89.22, T l:  0.1633 | Val e:  80.87 , Val l: 0.2469 | Test e:  77.54 
| Epoch   51 | Train e:  88.86, T l:  0.1622 | Val e:  79.89 , Val l: 0.2631 | Test e:  76.56 
| Epoch   52 | Train e:  89.35, T l:  0.1605 | Val e:  80.75 , Val l: 0.2463 | Test e:  76.95 
| Epoch   53 | Train e:  89.07, T l:  0.1601 | Val e:  80.44 , Val l: 0.2519 | Test e:  77.21 
| Epoch   54 | Train e:  89.64, T l:  0.1613 | Val e:  81.04 , Val l: 0.2477 | Test e:  77.85 
| Epoch   55 | Train e:  89.29, T l:  0.1586 | Val e:  80.59 , Val l: 0.2619 | Test e:  77.25 
| Epoch   56 | Train e:  89.55, T l:  0.1591 | Val e:  80.18 , Val l: 0.2451 | Test e:  77.26 
| Epoch   57 | Train e:  89.45, T l:  0.1585 | Val e:  79.81 , Val l: 0.2566 | Test e:  76.37 
| Epoch   58 | Train e:  89.70, T l:  0.1593 | Val e:  80.16 , Val l: 0.2538 | Test e:  77.49 
| Epoch   59 | Train e:  90.01, T l:  0.1569 | Val e:  81.06 , Val l: 0.2418 | Test e:  77.57 
| Epoch   60 | Train e:  89.89, T l:  0.1578 | Val e:  80.47 , Val l: 0.2484 | Test e:  76.52 
| Epoch   61 | Train e:  89.91, T l:  0.1559 | Val e:  80.16 , Val l: 0.2601 | Test e:  77.51 
| Epoch   62 | Train e:  89.94, T l:  0.1573 | Val e:  80.02 , Val l: 0.2562 | Test e:  77.41 
| Epoch   63 | Train e:  89.85, T l:  0.1561 | Val e:  80.43 , Val l: 0.2582 | Test e:  77.40 
| Epoch   64 | Train e:  90.26, T l:  0.1539 | Val e:  80.81 , Val l: 0.2502 | Test e:  77.58 
| Epoch   65 | Train e:  90.01, T l:  0.1548 | Val e:  80.45 , Val l: 0.2670 | Test e:  77.05 
| Epoch   66 | Train e:  90.45, T l:  0.1538 | Val e:  81.07 , Val l: 0.2439 | Test e:  78.01 
| Epoch   67 | Train e:  90.50, T l:  0.1542 | Val e:  80.73 , Val l: 0.2421 | Test e:  77.80 
| Epoch   68 | Train e:  90.46, T l:  0.1531 | Val e:  81.06 , Val l: 0.2445 | Test e:  78.00 
| Epoch   69 | Train e:  90.29, T l:  0.1517 | Val e:  81.01 , Val l: 0.2566 | Test e:  77.90 
| Epoch   70 | Train e:  90.39, T l:  0.1518 | Val e:  80.33 , Val l: 0.2509 | Test e:  77.57 
| Epoch   71 | Train e:  90.24, T l:  0.1531 | Val e:  80.04 , Val l: 0.2697 | Test e:  76.63 
| Epoch   72 | Train e:  90.64, T l:  0.1518 | Val e:  80.38 , Val l: 0.2515 | Test e:  78.23 
| Epoch   73 | Train e:  90.63, T l:  0.1508 | Val e:  80.25 , Val l: 0.2516 | Test e:  77.21 
| Epoch   74 | Train e:  90.83, T l:  0.1503 | Val e:  81.21 , Val l: 0.2419 | Test e:  77.71 
| Epoch   75 | Train e:  90.69, T l:  0.1498 | Val e:  80.42 , Val l: 0.2487 | Test e:  78.46 
| Epoch   76 | Train e:  90.92, T l:  0.1510 | Val e:  81.67 , Val l: 0.2474 | Test e:  78.24 
| Epoch   77 | Train e:  90.90, T l:  0.1490 | Val e:  80.83 , Val l: 0.2516 | Test e:  78.40 
| Epoch   78 | Train e:  91.05, T l:  0.1492 | Val e:  81.11 , Val l: 0.2467 | Test e:  77.81 
| Epoch   79 | Train e:  91.08, T l:  0.1481 | Val e:  81.17 , Val l: 0.2522 | Test e:  77.90 
| Epoch   80 | Train e:  91.02, T l:  0.1467 | Val e:  80.46 , Val l: 0.2540 | Test e:  77.61 
| Epoch   81 | Train e:  91.15, T l:  0.1477 | Val e:  80.75 , Val l: 0.2497 | Test e:  78.11 
| Epoch   82 | Train e:  91.16, T l:  0.1470 | Val e:  81.20 , Val l: 0.2473 | Test e:  77.62 
| Epoch   83 | Train e:  91.28, T l:  0.1471 | Val e:  81.21 , Val l: 0.2483 | Test e:  78.44 
| Epoch   84 | Train e:  91.31, T l:  0.1465 | Val e:  80.56 , Val l: 0.2465 | Test e:  77.39 
| Epoch   85 | Train e:  91.20, T l:  0.1470 | Val e:  81.47 , Val l: 0.2440 | Test e:  77.82 
| Epoch   86 | Train e:  91.39, T l:  0.1455 | Val e:  81.10 , Val l: 0.2453 | Test e:  78.12 
| Epoch   87 | Train e:  91.43, T l:  0.1447 | Val e:  81.29 , Val l: 0.2538 | Test e:  77.66 
| Epoch   88 | Train e:  91.57, T l:  0.1459 | Val e:  80.78 , Val l: 0.2442 | Test e:  78.13 
| Epoch   89 | Train e:  91.64, T l:  0.1439 | Val e:  80.33 , Val l: 0.2441 | Test e:  78.12 
| Epoch   90 | Train e:  91.50, T l:  0.1431 | Val e:  80.66 , Val l: 0.2700 | Test e:  77.46 
| Epoch   91 | Train e:  91.78, T l:  0.1425 | Val e:  81.49 , Val l: 0.2464 | Test e:  78.11 
| Epoch   92 | Train e:  91.78, T l:  0.1448 | Val e:  81.05 , Val l: 0.2436 | Test e:  77.89 
| Epoch   93 | Train e:  91.78, T l:  0.1427 | Val e:  81.36 , Val l: 0.2527 | Test e:  77.52 
| Epoch   94 | Train e:  91.87, T l:  0.1418 | Val e:  81.29 , Val l: 0.2577 | Test e:  78.11 
| Epoch   95 | Train e:  91.98, T l:  0.1417 | Val e:  81.21 , Val l: 0.2517 | Test e:  78.27 
| Epoch   96 | Train e:  91.90, T l:  0.1424 | Val e:  81.43 , Val l: 0.2481 | Test e:  78.06 
| Epoch   97 | Train e:  91.86, T l:  0.1409 | Val e:  80.99 , Val l: 0.2549 | Test e:  78.29 
| Epoch   98 | Train e:  91.93, T l:  0.1424 | Val e:  80.74 , Val l: 0.2622 | Test e:  77.78 
| Epoch   99 | Train e:  92.14, T l:  0.1414 | Val e:  81.23 , Val l: 0.2635 | Test e:  78.71 
| Epoch  100 | Train e:  92.22, T l:  0.1409 | Val e:  80.83 , Val l: 0.2499 | Test e:  78.59 
| Epoch  101 | Train e:  92.15, T l:  0.1405 | Val e:  80.80 , Val l: 0.2537 | Test e:  78.02 
| Epoch  102 | Train e:  92.22, T l:  0.1392 | Val e:  80.98 , Val l: 0.2555 | Test e:  78.76 
| Epoch  103 | Train e:  92.13, T l:  0.1387 | Val e:  81.03 , Val l: 0.2532 | Test e:  78.44 
| Epoch  104 | Train e:  92.16, T l:  0.1396 | Val e:  81.35 , Val l: 0.2511 | Test e:  78.41 
| Epoch  105 | Train e:  92.33, T l:  0.1402 | Val e:  81.35 , Val l: 0.2474 | Test e:  78.53 
| Epoch  106 | Train e:  92.37, T l:  0.1387 | Val e:  80.74 , Val l: 0.2551 | Test e:  77.82 
| Epoch  107 | Train e:  92.45, T l:  0.1381 | Val e:  80.92 , Val l: 0.2511 | Test e:  78.58 
| Epoch  108 | Train e:  92.49, T l:  0.1384 | Val e:  80.88 , Val l: 0.2517 | Test e:  78.17 
| Epoch  109 | Train e:  92.39, T l:  0.1379 | Val e:  80.94 , Val l: 0.2620 | Test e:  78.55 
| Epoch  110 | Train e:  92.45, T l:  0.1372 | Val e:  80.87 , Val l: 0.2542 | Test e:  78.25 
| Epoch  111 | Train e:  92.44, T l:  0.1366 | Val e:  81.16 , Val l: 0.2662 | Test e:  78.43 
| Epoch  112 | Train e:  92.81, T l:  0.1364 | Val e:  81.15 , Val l: 0.2520 | Test e:  79.06 
| Epoch  113 | Train e:  92.62, T l:  0.1360 | Val e:  81.05 , Val l: 0.2555 | Test e:  77.71 
| Epoch  114 | Train e:  92.78, T l:  0.1360 | Val e:  81.65 , Val l: 0.2514 | Test e:  78.36 
| Epoch  115 | Train e:  92.83, T l:  0.1367 | Val e:  81.66 , Val l: 0.2469 | Test e:  78.65 
| Epoch  116 | Train e:  92.91, T l:  0.1357 | Val e:  81.15 , Val l: 0.2460 | Test e:  78.26 
| Epoch  117 | Train e:  92.84, T l:  0.1350 | Val e:  81.64 , Val l: 0.2624 | Test e:  78.74 
| Epoch  118 | Train e:  92.87, T l:  0.1353 | Val e:  81.67 , Val l: 0.2578 | Test e:  78.51 
| Epoch  119 | Train e:  92.97, T l:  0.1348 | Val e:  81.10 , Val l: 0.2609 | Test e:  78.84 
| Epoch  120 | Train e:  93.11, T l:  0.1343 | Val e:  80.87 , Val l: 0.2608 | Test e:  78.75 
| Epoch  121 | Train e:  93.16, T l:  0.1332 | Val e:  81.86 , Val l: 0.2552 | Test e:  79.00 
| Epoch  122 | Train e:  93.17, T l:  0.1344 | Val e:  80.93 , Val l: 0.2581 | Test e:  78.31 
| Epoch  123 | Train e:  93.20, T l:  0.1343 | Val e:  81.56 , Val l: 0.2477 | Test e:  78.98 
| Epoch  124 | Train e:  93.31, T l:  0.1333 | Val e:  81.63 , Val l: 0.2457 | Test e:  79.01 
| Epoch  125 | Train e:  93.29, T l:  0.1336 | Val e:  81.55 , Val l: 0.2547 | Test e:  78.25 
| Epoch  126 | Train e:  93.33, T l:  0.1314 | Val e:  80.86 , Val l: 0.2556 | Test e:  78.33 
| Epoch  127 | Train e:  93.31, T l:  0.1307 | Val e:  81.36 , Val l: 0.2561 | Test e:  78.90 
| Epoch  128 | Train e:  93.47, T l:  0.1319 | Val e:  80.99 , Val l: 0.2578 | Test e:  78.63 
| Epoch  129 | Train e:  93.46, T l:  0.1321 | Val e:  81.05 , Val l: 0.2583 | Test e:  78.79 
| Epoch  130 | Train e:  93.37, T l:  0.1309 | Val e:  80.45 , Val l: 0.2655 | Test e:  78.72 
| Epoch  131 | Train e:  93.45, T l:  0.1305 | Val e:  80.89 , Val l: 0.2577 | Test e:  78.16 
| Epoch  132 | Train e:  93.54, T l:  0.1304 | Val e:  81.33 , Val l: 0.2569 | Test e:  78.66 
| Epoch  133 | Train e:  93.43, T l:  0.1302 | Val e:  81.32 , Val l: 0.2754 | Test e:  78.94 
| Epoch  134 | Train e:  93.55, T l:  0.1290 | Val e:  81.24 , Val l: 0.2669 | Test e:  78.58 
| Epoch  135 | Train e:  93.67, T l:  0.1306 | Val e:  81.39 , Val l: 0.2596 | Test e:  78.84 
| Epoch  136 | Train e:  93.64, T l:  0.1298 | Val e:  81.48 , Val l: 0.2563 | Test e:  78.83 
| Epoch  137 | Train e:  93.55, T l:  0.1293 | Val e:  81.42 , Val l: 0.2774 | Test e:  78.15 
| Epoch  138 | Train e:  93.79, T l:  0.1290 | Val e:  80.90 , Val l: 0.2574 | Test e:  78.62 
| Epoch  139 | Train e:  93.83, T l:  0.1274 | Val e:  81.16 , Val l: 0.2575 | Test e:  78.88 
| Epoch  140 | Train e:  93.84, T l:  0.1278 | Val e:  81.26 , Val l: 0.2600 | Test e:  78.48 
| Epoch  141 | Train e:  93.73, T l:  0.1278 | Val e:  81.19 , Val l: 0.2640 | Test e:  78.78 
| Epoch  142 | Train e:  93.88, T l:  0.1274 | Val e:  81.11 , Val l: 0.2605 | Test e:  78.40 
| Epoch  143 | Train e:  93.77, T l:  0.1280 | Val e:  81.04 , Val l: 0.2650 | Test e:  78.10 
| Epoch  144 | Train e:  93.86, T l:  0.1280 | Val e:  81.15 , Val l: 0.2650 | Test e:  78.18 
| Epoch  145 | Train e:  94.03, T l:  0.1264 | Val e:  80.86 , Val l: 0.2579 | Test e:  78.76 
| Epoch  146 | Train e:  94.01, T l:  0.1264 | Val e:  81.44 , Val l: 0.2582 | Test e:  78.68 
| Epoch  147 | Train e:  93.97, T l:  0.1262 | Val e:  81.26 , Val l: 0.2589 | Test e:  78.21 
| Epoch  148 | Train e:  93.97, T l:  0.1261 | Val e:  81.04 , Val l: 0.2666 | Test e:  78.54 
| Epoch  149 | Train e:  93.90, T l:  0.1261 | Val e:  80.48 , Val l: 0.2765 | Test e:  78.25 
| Epoch  150 | Train e:  93.98, T l:  0.1273 | Val e:  81.29 , Val l: 0.2637 | Test e:  78.43 
| Epoch  151 | Train e:  94.11, T l:  0.1263 | Val e:  80.78 , Val l: 0.2601 | Test e:  78.39 
| Epoch  152 | Train e:  94.14, T l:  0.1251 | Val e:  81.01 , Val l: 0.2682 | Test e:  78.42 
| Epoch  153 | Train e:  94.10, T l:  0.1255 | Val e:  81.20 , Val l: 0.2670 | Test e:  78.42 
| Epoch  154 | Train e:  94.20, T l:  0.1245 | Val e:  80.91 , Val l: 0.2701 | Test e:  78.42 
| Epoch  155 | Train e:  94.14, T l:  0.1257 | Val e:  80.88 , Val l: 0.2669 | Test e:  78.40 
| Epoch  156 | Train e:  94.27, T l:  0.1245 | Val e:  81.16 , Val l: 0.2697 | Test e:  78.32 
| Epoch  157 | Train e:  94.19, T l:  0.1243 | Val e:  80.83 , Val l: 0.2762 | Test e:  78.56 
| Epoch  158 | Train e:  94.32, T l:  0.1233 | Val e:  80.75 , Val l: 0.2663 | Test e:  78.67 
| Epoch  159 | Train e:  94.32, T l:  0.1245 | Val e:  80.90 , Val l: 0.2658 | Test e:  79.01 
| Epoch  160 | Train e:  94.34, T l:  0.1244 | Val e:  80.77 , Val l: 0.2694 | Test e:  78.95 
| Epoch  161 | Train e:  94.34, T l:  0.1224 | Val e:  81.16 , Val l: 0.2681 | Test e:  78.79 
| Epoch  162 | Train e:  94.34, T l:  0.1229 | Val e:  80.61 , Val l: 0.2738 | Test e:  78.35 
| Epoch  163 | Train e:  94.39, T l:  0.1231 | Val e:  81.12 , Val l: 0.2811 | Test e:  78.71 
| Epoch  164 | Train e:  94.37, T l:  0.1226 | Val e:  81.01 , Val l: 0.2712 | Test e:  78.49 
| Epoch  165 | Train e:  94.53, T l:  0.1221 | Val e:  81.02 , Val l: 0.2717 | Test e:  78.94 
| Epoch  166 | Train e:  94.42, T l:  0.1233 | Val e:  80.81 , Val l: 0.2721 | Test e:  78.42 
| Epoch  167 | Train e:  94.52, T l:  0.1226 | Val e:  81.40 , Val l: 0.2725 | Test e:  79.04 
| Epoch  168 | Train e:  94.57, T l:  0.1214 | Val e:  81.02 , Val l: 0.2722 | Test e:  78.82 
| Epoch  169 | Train e:  94.54, T l:  0.1210 | Val e:  80.78 , Val l: 0.2674 | Test e:  78.17 
| Epoch  170 | Train e:  94.60, T l:  0.1214 | Val e:  81.08 , Val l: 0.2701 | Test e:  78.60 
| Epoch  171 | Train e:  94.52, T l:  0.1213 | Val e:  80.94 , Val l: 0.2740 | Test e:  78.23 
| Epoch  172 | Train e:  94.55, T l:  0.1201 | Val e:  80.86 , Val l: 0.2676 | Test e:  78.22 
| Epoch  173 | Train e:  94.62, T l:  0.1217 | Val e:  80.91 , Val l: 0.2733 | Test e:  78.59 
| Epoch  174 | Train e:  94.66, T l:  0.1198 | Val e:  80.81 , Val l: 0.2733 | Test e:  78.46 
| Epoch  175 | Train e:  94.68, T l:  0.1200 | Val e:  80.85 , Val l: 0.2731 | Test e:  78.47 
| Epoch  176 | Train e:  94.63, T l:  0.1203 | Val e:  80.63 , Val l: 0.2773 | Test e:  78.45 
| Epoch  177 | Train e:  94.69, T l:  0.1200 | Val e:  80.84 , Val l: 0.2742 | Test e:  78.66 
| Epoch  178 | Train e:  94.65, T l:  0.1200 | Val e:  81.00 , Val l: 0.2784 | Test e:  78.57 
| Epoch  179 | Train e:  94.71, T l:  0.1205 | Val e:  80.89 , Val l: 0.2706 | Test e:  78.59 
| Epoch  180 | Train e:  94.76, T l:  0.1208 | Val e:  80.89 , Val l: 0.2698 | Test e:  78.37 
| Epoch  181 | Train e:  94.81, T l:  0.1200 | Val e:  81.01 , Val l: 0.2690 | Test e:  78.55 
| Epoch  182 | Train e:  94.75, T l:  0.1181 | Val e:  80.81 , Val l: 0.2794 | Test e:  78.64 
| Epoch  183 | Train e:  94.78, T l:  0.1195 | Val e:  80.88 , Val l: 0.2718 | Test e:  78.66 
| Epoch  184 | Train e:  94.77, T l:  0.1189 | Val e:  80.74 , Val l: 0.2808 | Test e:  78.83 
| Epoch  185 | Train e:  94.78, T l:  0.1188 | Val e:  80.95 , Val l: 0.2745 | Test e:  78.87 
| Epoch  186 | Train e:  94.75, T l:  0.1186 | Val e:  80.72 , Val l: 0.2791 | Test e:  78.63 
| Epoch  187 | Train e:  94.81, T l:  0.1188 | Val e:  80.73 , Val l: 0.2705 | Test e:  78.69 
| Epoch  188 | Train e:  94.80, T l:  0.1193 | Val e:  80.69 , Val l: 0.2741 | Test e:  78.68 
| Epoch  189 | Train e:  94.80, T l:  0.1181 | Val e:  80.71 , Val l: 0.2748 | Test e:  78.50 
| Epoch  190 | Train e:  94.83, T l:  0.1179 | Val e:  80.69 , Val l: 0.2783 | Test e:  78.60 
| Epoch  191 | Train e:  94.84, T l:  0.1167 | Val e:  80.64 , Val l: 0.2787 | Test e:  78.62 
| Epoch  192 | Train e:  94.84, T l:  0.1174 | Val e:  80.53 , Val l: 0.2783 | Test e:  78.45 
| Epoch  193 | Train e:  94.86, T l:  0.1177 | Val e:  80.81 , Val l: 0.2752 | Test e:  78.65 
| Epoch  194 | Train e:  94.86, T l:  0.1167 | Val e:  80.73 , Val l: 0.2764 | Test e:  78.45 
| Epoch  195 | Train e:  94.86, T l:  0.1167 | Val e:  80.73 , Val l: 0.2774 | Test e:  78.55 
| Epoch  196 | Train e:  94.85, T l:  0.1177 | Val e:  80.66 , Val l: 0.2785 | Test e:  78.47 
| Epoch  197 | Train e:  94.88, T l:  0.1170 | Val e:  80.74 , Val l: 0.2765 | Test e:  78.54 
| Epoch  198 | Train e:  94.87, T l:  0.1173 | Val e:  80.71 , Val l: 0.2776 | Test e:  78.50 
| Epoch  199 | Train e:  94.88, T l:  0.1175 | Val e:  80.71 , Val l: 0.2776 | Test e:  78.51 
