

===============================================
2022-12-19 10:06:27

main_t.py --readout mean --gconv-dim 256 --tlayer-dim 256 --num-heads 8 --no-clustering --masked-attention --batch-size 32 --epochs 200 --warmup 20 --gconv-dropout 0.5 --tlayer-dropout 0.5 --seeds 314159 --device 0

None

dataset: ogbg-moltox21
use_val_loss: False
epochs: 200
scheduler: linear
warmup: 20
patience: 25
batch_size: 32
lr: 0.0001
weight_decay: 0.0001
clustering: False
masked_attention: True
gconv_dim: 256
tlayer_dim: 256
gconv_dropout: 0.5
tlayer_dropout: 0.5
num_layers: 4
num_heads: 8
skip_connection: none
readout: mean
seeds: 314159
save_state: False



| Epoch    0 | Train e:  52.77, T l:  0.5973 | Val e:  55.00 , Val l: 0.3746 | Test e:  56.21 
| Epoch    1 | Train e:  57.58, T l:  0.3201 | Val e:  58.54 , Val l: 0.2998 | Test e:  59.00 
| Epoch    2 | Train e:  57.57, T l:  0.2564 | Val e:  58.57 , Val l: 0.3043 | Test e:  59.43 
| Epoch    3 | Train e:  58.59, T l:  0.2430 | Val e:  60.24 , Val l: 0.3053 | Test e:  61.60 
| Epoch    4 | Train e:  62.05, T l:  0.2372 | Val e:  62.73 , Val l: 0.3032 | Test e:  63.88 
| Epoch    5 | Train e:  65.37, T l:  0.2334 | Val e:  64.24 , Val l: 0.2996 | Test e:  65.36 
| Epoch    6 | Train e:  67.95, T l:  0.2302 | Val e:  65.45 , Val l: 0.2935 | Test e:  66.86 
| Epoch    7 | Train e:  69.63, T l:  0.2259 | Val e:  66.89 , Val l: 0.2878 | Test e:  67.58 
| Epoch    8 | Train e:  70.97, T l:  0.2211 | Val e:  68.74 , Val l: 0.2976 | Test e:  67.44 
| Epoch    9 | Train e:  71.94, T l:  0.2176 | Val e:  70.17 , Val l: 0.2856 | Test e:  69.11 
| Epoch   10 | Train e:  72.58, T l:  0.2156 | Val e:  70.36 , Val l: 0.2925 | Test e:  69.27 
| Epoch   11 | Train e:  73.13, T l:  0.2134 | Val e:  71.52 , Val l: 0.2988 | Test e:  69.35 
| Epoch   12 | Train e:  74.78, T l:  0.2113 | Val e:  71.80 , Val l: 0.2823 | Test e:  70.22 
| Epoch   13 | Train e:  75.87, T l:  0.2106 | Val e:  72.71 , Val l: 0.2847 | Test e:  70.22 
| Epoch   14 | Train e:  76.88, T l:  0.2070 | Val e:  74.07 , Val l: 0.2753 | Test e:  70.79 
| Epoch   15 | Train e:  78.35, T l:  0.2051 | Val e:  74.45 , Val l: 0.2788 | Test e:  70.72 
| Epoch   16 | Train e:  79.51, T l:  0.2010 | Val e:  76.08 , Val l: 0.2853 | Test e:  71.50 
| Epoch   17 | Train e:  80.52, T l:  0.1978 | Val e:  75.44 , Val l: 0.2852 | Test e:  70.91 
| Epoch   18 | Train e:  81.57, T l:  0.1964 | Val e:  76.03 , Val l: 0.2729 | Test e:  71.46 
| Epoch   19 | Train e:  82.18, T l:  0.1937 | Val e:  76.35 , Val l: 0.2809 | Test e:  71.97 
| Epoch   20 | Train e:  82.94, T l:  0.1900 | Val e:  76.57 , Val l: 0.2789 | Test e:  72.61 
| Epoch   21 | Train e:  83.14, T l:  0.1897 | Val e:  76.50 , Val l: 0.2834 | Test e:  72.75 
| Epoch   22 | Train e:  84.13, T l:  0.1861 | Val e:  76.71 , Val l: 0.2901 | Test e:  73.01 
| Epoch   23 | Train e:  84.08, T l:  0.1846 | Val e:  76.71 , Val l: 0.2783 | Test e:  72.60 
| Epoch   24 | Train e:  84.83, T l:  0.1832 | Val e:  77.02 , Val l: 0.2894 | Test e:  72.81 
| Epoch   25 | Train e:  85.19, T l:  0.1808 | Val e:  76.77 , Val l: 0.2780 | Test e:  73.07 
| Epoch   26 | Train e:  85.51, T l:  0.1792 | Val e:  77.23 , Val l: 0.2754 | Test e:  73.17 
| Epoch   27 | Train e:  85.90, T l:  0.1785 | Val e:  77.29 , Val l: 0.2705 | Test e:  73.55 
| Epoch   28 | Train e:  86.11, T l:  0.1771 | Val e:  76.64 , Val l: 0.2723 | Test e:  72.25 
| Epoch   29 | Train e:  86.50, T l:  0.1758 | Val e:  77.05 , Val l: 0.2869 | Test e:  72.55 
| Epoch   30 | Train e:  86.64, T l:  0.1747 | Val e:  77.28 , Val l: 0.2720 | Test e:  72.99 
| Epoch   31 | Train e:  86.88, T l:  0.1724 | Val e:  77.47 , Val l: 0.2786 | Test e:  73.11 
| Epoch   32 | Train e:  86.83, T l:  0.1719 | Val e:  77.81 , Val l: 0.2633 | Test e:  72.69 
| Epoch   33 | Train e:  87.29, T l:  0.1717 | Val e:  77.28 , Val l: 0.2778 | Test e:  72.26 
| Epoch   34 | Train e:  87.55, T l:  0.1709 | Val e:  77.72 , Val l: 0.2841 | Test e:  73.26 
| Epoch   35 | Train e:  87.98, T l:  0.1689 | Val e:  77.79 , Val l: 0.2808 | Test e:  72.69 
| Epoch   36 | Train e:  87.96, T l:  0.1672 | Val e:  76.75 , Val l: 0.2893 | Test e:  72.39 
| Epoch   37 | Train e:  87.99, T l:  0.1666 | Val e:  77.18 , Val l: 0.2790 | Test e:  72.95 
| Epoch   38 | Train e:  88.40, T l:  0.1654 | Val e:  77.35 , Val l: 0.2901 | Test e:  72.93 
| Epoch   39 | Train e:  87.95, T l:  0.1642 | Val e:  77.35 , Val l: 0.2750 | Test e:  72.92 
| Epoch   40 | Train e:  88.68, T l:  0.1651 | Val e:  77.55 , Val l: 0.2748 | Test e:  72.67 
| Epoch   41 | Train e:  89.19, T l:  0.1632 | Val e:  77.72 , Val l: 0.2959 | Test e:  72.76 
| Epoch   42 | Train e:  89.10, T l:  0.1614 | Val e:  77.30 , Val l: 0.2769 | Test e:  72.29 
| Epoch   43 | Train e:  88.82, T l:  0.1611 | Val e:  77.68 , Val l: 0.2947 | Test e:  72.90 
| Epoch   44 | Train e:  89.23, T l:  0.1610 | Val e:  78.08 , Val l: 0.2836 | Test e:  73.01 
| Epoch   45 | Train e:  89.01, T l:  0.1613 | Val e:  77.67 , Val l: 0.2871 | Test e:  73.10 
| Epoch   46 | Train e:  89.78, T l:  0.1601 | Val e:  77.81 , Val l: 0.2789 | Test e:  73.58 
| Epoch   47 | Train e:  89.14, T l:  0.1584 | Val e:  76.91 , Val l: 0.3051 | Test e:  71.90 
| Epoch   48 | Train e:  89.66, T l:  0.1569 | Val e:  77.13 , Val l: 0.2874 | Test e:  71.78 
| Epoch   49 | Train e:  90.03, T l:  0.1569 | Val e:  76.88 , Val l: 0.2866 | Test e:  72.21 
| Epoch   50 | Train e:  89.39, T l:  0.1550 | Val e:  77.14 , Val l: 0.2871 | Test e:  72.27 
| Epoch   51 | Train e:  90.22, T l:  0.1556 | Val e:  77.28 , Val l: 0.3022 | Test e:  73.08 
| Epoch   52 | Train e:  90.25, T l:  0.1554 | Val e:  77.72 , Val l: 0.2936 | Test e:  72.90 
| Epoch   53 | Train e:  90.15, T l:  0.1546 | Val e:  77.58 , Val l: 0.3039 | Test e:  72.81 
| Epoch   54 | Train e:  89.94, T l:  0.1520 | Val e:  77.68 , Val l: 0.2884 | Test e:  72.96 
| Epoch   55 | Train e:  90.69, T l:  0.1533 | Val e:  76.95 , Val l: 0.3098 | Test e:  71.98 
| Epoch   56 | Train e:  90.30, T l:  0.1513 | Val e:  77.61 , Val l: 0.2849 | Test e:  73.05 
| Epoch   57 | Train e:  90.77, T l:  0.1522 | Val e:  78.13 , Val l: 0.2834 | Test e:  73.34 
| Epoch   58 | Train e:  90.59, T l:  0.1497 | Val e:  77.34 , Val l: 0.3088 | Test e:  71.92 
| Epoch   59 | Train e:  90.85, T l:  0.1508 | Val e:  77.73 , Val l: 0.2948 | Test e:  72.19 
| Epoch   60 | Train e:  90.28, T l:  0.1487 | Val e:  76.81 , Val l: 0.3191 | Test e:  72.14 
| Epoch   61 | Train e:  91.23, T l:  0.1491 | Val e:  77.54 , Val l: 0.2887 | Test e:  73.77 
| Epoch   62 | Train e:  91.48, T l:  0.1469 | Val e:  77.50 , Val l: 0.3018 | Test e:  73.08 
| Epoch   63 | Train e:  91.33, T l:  0.1482 | Val e:  77.30 , Val l: 0.3033 | Test e:  72.65 
| Epoch   64 | Train e:  91.29, T l:  0.1479 | Val e:  77.31 , Val l: 0.2845 | Test e:  72.58 
| Epoch   65 | Train e:  91.41, T l:  0.1456 | Val e:  76.80 , Val l: 0.3007 | Test e:  72.22 
| Epoch   66 | Train e:  91.62, T l:  0.1454 | Val e:  77.23 , Val l: 0.2988 | Test e:  73.41 
| Epoch   67 | Train e:  90.65, T l:  0.1441 | Val e:  76.35 , Val l: 0.3007 | Test e:  72.13 
| Epoch   68 | Train e:  91.01, T l:  0.1443 | Val e:  77.22 , Val l: 0.3060 | Test e:  72.72 
| Epoch   69 | Train e:  91.99, T l:  0.1445 | Val e:  77.60 , Val l: 0.3178 | Test e:  73.03 
| Epoch   70 | Train e:  92.26, T l:  0.1424 | Val e:  77.43 , Val l: 0.3040 | Test e:  72.67 
| Epoch   71 | Train e:  91.60, T l:  0.1433 | Val e:  77.30 , Val l: 0.2964 | Test e:  72.92 
| Epoch   72 | Train e:  92.59, T l:  0.1413 | Val e:  77.24 , Val l: 0.3013 | Test e:  73.13 
| Epoch   73 | Train e:  92.83, T l:  0.1408 | Val e:  77.04 , Val l: 0.3121 | Test e:  73.06 
| Epoch   74 | Train e:  92.20, T l:  0.1415 | Val e:  76.87 , Val l: 0.3283 | Test e:  72.32 
| Epoch   75 | Train e:  91.81, T l:  0.1396 | Val e:  76.70 , Val l: 0.3450 | Test e:  72.31 
| Epoch   76 | Train e:  92.58, T l:  0.1399 | Val e:  76.84 , Val l: 0.3198 | Test e:  73.05 
| Epoch   77 | Train e:  92.89, T l:  0.1384 | Val e:  77.03 , Val l: 0.3166 | Test e:  73.25 
| Epoch   78 | Train e:  92.33, T l:  0.1391 | Val e:  76.34 , Val l: 0.3312 | Test e:  72.67 
| Epoch   79 | Train e:  92.61, T l:  0.1373 | Val e:  76.93 , Val l: 0.3441 | Test e:  73.11 
| Epoch   80 | Train e:  92.63, T l:  0.1357 | Val e:  76.57 , Val l: 0.3356 | Test e:  72.12 
| Epoch   81 | Train e:  92.36, T l:  0.1372 | Val e:  76.24 , Val l: 0.3728 | Test e:  72.64 
| Epoch   82 | Train e:  92.68, T l:  0.1364 | Val e:  76.67 , Val l: 0.3322 | Test e:  72.71 
| Epoch   83 | Train e:  93.03, T l:  0.1353 | Val e:  76.59 , Val l: 0.3510 | Test e:  73.03 
| Epoch   84 | Train e:  93.01, T l:  0.1352 | Val e:  76.32 , Val l: 0.3384 | Test e:  72.20 
| Epoch   85 | Train e:  92.57, T l:  0.1347 | Val e:  75.96 , Val l: 0.3390 | Test e:  72.02 
| Epoch   86 | Train e:  92.52, T l:  0.1364 | Val e:  75.80 , Val l: 0.3539 | Test e:  71.88 
| Epoch   87 | Train e:  92.77, T l:  0.1343 | Val e:  76.15 , Val l: 0.3288 | Test e:  71.84 
| Epoch   88 | Train e:  93.12, T l:  0.1330 | Val e:  76.16 , Val l: 0.3536 | Test e:  72.57 
| Epoch   89 | Train e:  93.48, T l:  0.1334 | Val e:  76.60 , Val l: 0.3365 | Test e:  72.39 
| Epoch   90 | Train e:  93.28, T l:  0.1307 | Val e:  76.49 , Val l: 0.3461 | Test e:  72.83 
| Epoch   91 | Train e:  93.30, T l:  0.1312 | Val e:  75.39 , Val l: 0.3669 | Test e:  71.97 
| Epoch   92 | Train e:  92.82, T l:  0.1315 | Val e:  76.24 , Val l: 0.3361 | Test e:  72.07 
| Epoch   93 | Train e:  92.50, T l:  0.1317 | Val e:  75.64 , Val l: 0.3588 | Test e:  71.36 
| Epoch   94 | Train e:  93.94, T l:  0.1300 | Val e:  76.26 , Val l: 0.3304 | Test e:  72.36 
| Epoch   95 | Train e:  93.86, T l:  0.1294 | Val e:  75.66 , Val l: 0.3545 | Test e:  72.13 
| Epoch   96 | Train e:  93.99, T l:  0.1286 | Val e:  76.13 , Val l: 0.3364 | Test e:  72.38 
| Epoch   97 | Train e:  93.98, T l:  0.1290 | Val e:  76.60 , Val l: 0.3700 | Test e:  72.17 
| Epoch   98 | Train e:  93.89, T l:  0.1285 | Val e:  76.56 , Val l: 0.3857 | Test e:  71.80 
| Epoch   99 | Train e:  93.95, T l:  0.1285 | Val e:  76.59 , Val l: 0.3271 | Test e:  72.71 
| Epoch  100 | Train e:  94.15, T l:  0.1282 | Val e:  77.04 , Val l: 0.3674 | Test e:  73.03 
| Epoch  101 | Train e:  94.04, T l:  0.1273 | Val e:  76.43 , Val l: 0.3384 | Test e:  72.55 
| Epoch  102 | Train e:  93.97, T l:  0.1271 | Val e:  76.79 , Val l: 0.3504 | Test e:  72.54 
| Epoch  103 | Train e:  94.05, T l:  0.1255 | Val e:  76.11 , Val l: 0.3526 | Test e:  71.68 
| Epoch  104 | Train e:  94.30, T l:  0.1258 | Val e:  76.05 , Val l: 0.3758 | Test e:  72.24 
| Epoch  105 | Train e:  94.49, T l:  0.1237 | Val e:  76.56 , Val l: 0.3619 | Test e:  72.62 
| Epoch  106 | Train e:  94.52, T l:  0.1239 | Val e:  76.31 , Val l: 0.3580 | Test e:  72.98 
| Epoch  107 | Train e:  94.14, T l:  0.1248 | Val e:  76.34 , Val l: 0.3802 | Test e:  72.57 
| Epoch  108 | Train e:  93.93, T l:  0.1243 | Val e:  75.93 , Val l: 0.3804 | Test e:  72.11 
| Epoch  109 | Train e:  94.69, T l:  0.1241 | Val e:  75.96 , Val l: 0.3556 | Test e:  72.00 
| Epoch  110 | Train e:  94.68, T l:  0.1242 | Val e:  76.20 , Val l: 0.3559 | Test e:  72.69 
| Epoch  111 | Train e:  94.78, T l:  0.1236 | Val e:  75.91 , Val l: 0.3744 | Test e:  72.00 
| Epoch  112 | Train e:  94.32, T l:  0.1221 | Val e:  75.97 , Val l: 0.3681 | Test e:  71.71 
| Epoch  113 | Train e:  94.77, T l:  0.1209 | Val e:  75.34 , Val l: 0.3995 | Test e:  72.15 
| Epoch  114 | Train e:  94.83, T l:  0.1211 | Val e:  75.96 , Val l: 0.3768 | Test e:  72.02 
| Epoch  115 | Train e:  94.81, T l:  0.1201 | Val e:  76.23 , Val l: 0.3939 | Test e:  72.28 
| Epoch  116 | Train e:  94.87, T l:  0.1207 | Val e:  75.85 , Val l: 0.3809 | Test e:  72.38 
| Epoch  117 | Train e:  94.51, T l:  0.1202 | Val e:  76.20 , Val l: 0.3993 | Test e:  72.09 
| Epoch  118 | Train e:  94.95, T l:  0.1193 | Val e:  75.82 , Val l: 0.3869 | Test e:  72.09 
| Epoch  119 | Train e:  94.75, T l:  0.1183 | Val e:  75.69 , Val l: 0.3849 | Test e:  72.05 
| Epoch  120 | Train e:  94.82, T l:  0.1199 | Val e:  75.76 , Val l: 0.3734 | Test e:  72.39 
| Epoch  121 | Train e:  95.09, T l:  0.1190 | Val e:  76.05 , Val l: 0.4026 | Test e:  72.90 
| Epoch  122 | Train e:  94.67, T l:  0.1183 | Val e:  75.70 , Val l: 0.4185 | Test e:  71.86 
| Epoch  123 | Train e:  95.32, T l:  0.1168 | Val e:  75.48 , Val l: 0.3863 | Test e:  71.68 
| Epoch  124 | Train e:  95.08, T l:  0.1176 | Val e:  75.40 , Val l: 0.3934 | Test e:  72.22 
| Epoch  125 | Train e:  95.23, T l:  0.1161 | Val e:  75.47 , Val l: 0.4298 | Test e:  71.78 
| Epoch  126 | Train e:  95.51, T l:  0.1176 | Val e:  76.07 , Val l: 0.4076 | Test e:  73.23 
| Epoch  127 | Train e:  95.20, T l:  0.1176 | Val e:  75.27 , Val l: 0.4022 | Test e:  72.09 
| Epoch  128 | Train e:  95.21, T l:  0.1149 | Val e:  75.45 , Val l: 0.4012 | Test e:  72.16 
| Epoch  129 | Train e:  95.24, T l:  0.1153 | Val e:  75.77 , Val l: 0.4012 | Test e:  72.46 
| Epoch  130 | Train e:  95.46, T l:  0.1143 | Val e:  75.84 , Val l: 0.4006 | Test e:  72.59 
| Epoch  131 | Train e:  95.31, T l:  0.1146 | Val e:  75.63 , Val l: 0.3865 | Test e:  72.35 
| Epoch  132 | Train e:  95.11, T l:  0.1145 | Val e:  75.38 , Val l: 0.4109 | Test e:  72.34 
| Epoch  133 | Train e:  95.45, T l:  0.1134 | Val e:  75.65 , Val l: 0.4127 | Test e:  72.36 
| Epoch  134 | Train e:  95.09, T l:  0.1140 | Val e:  74.64 , Val l: 0.4267 | Test e:  71.61 
| Epoch  135 | Train e:  95.52, T l:  0.1138 | Val e:  74.91 , Val l: 0.4187 | Test e:  72.00 
| Epoch  136 | Train e:  95.65, T l:  0.1133 | Val e:  75.37 , Val l: 0.4048 | Test e:  72.61 
| Epoch  137 | Train e:  95.48, T l:  0.1126 | Val e:  75.69 , Val l: 0.4170 | Test e:  72.72 
| Epoch  138 | Train e:  95.91, T l:  0.1124 | Val e:  75.64 , Val l: 0.4149 | Test e:  72.76 
| Epoch  139 | Train e:  95.43, T l:  0.1126 | Val e:  75.21 , Val l: 0.4175 | Test e:  72.02 
| Epoch  140 | Train e:  95.83, T l:  0.1108 | Val e:  74.94 , Val l: 0.3917 | Test e:  72.11 
| Epoch  141 | Train e:  95.85, T l:  0.1115 | Val e:  75.20 , Val l: 0.4287 | Test e:  72.28 
| Epoch  142 | Train e:  95.65, T l:  0.1117 | Val e:  75.11 , Val l: 0.4177 | Test e:  71.96 
| Epoch  143 | Train e:  95.95, T l:  0.1111 | Val e:  75.45 , Val l: 0.4127 | Test e:  72.54 
| Epoch  144 | Train e:  95.83, T l:  0.1125 | Val e:  75.20 , Val l: 0.4295 | Test e:  72.03 
| Epoch  145 | Train e:  95.77, T l:  0.1099 | Val e:  75.72 , Val l: 0.4122 | Test e:  72.83 
| Epoch  146 | Train e:  95.83, T l:  0.1095 | Val e:  75.25 , Val l: 0.3985 | Test e:  72.20 
| Epoch  147 | Train e:  95.82, T l:  0.1090 | Val e:  75.25 , Val l: 0.4382 | Test e:  72.40 
| Epoch  148 | Train e:  96.13, T l:  0.1078 | Val e:  75.52 , Val l: 0.4175 | Test e:  73.22 
| Epoch  149 | Train e:  95.71, T l:  0.1092 | Val e:  75.04 , Val l: 0.4195 | Test e:  72.35 
| Epoch  150 | Train e:  96.04, T l:  0.1088 | Val e:  74.72 , Val l: 0.4372 | Test e:  72.32 
| Epoch  151 | Train e:  95.85, T l:  0.1079 | Val e:  74.87 , Val l: 0.4412 | Test e:  72.38 
| Epoch  152 | Train e:  96.03, T l:  0.1077 | Val e:  75.40 , Val l: 0.4477 | Test e:  72.78 
| Epoch  153 | Train e:  96.03, T l:  0.1068 | Val e:  74.88 , Val l: 0.4325 | Test e:  72.03 
| Epoch  154 | Train e:  95.62, T l:  0.1084 | Val e:  74.90 , Val l: 0.4390 | Test e:  72.11 
| Epoch  155 | Train e:  96.16, T l:  0.1067 | Val e:  74.79 , Val l: 0.4211 | Test e:  72.14 
| Epoch  156 | Train e:  96.10, T l:  0.1069 | Val e:  75.45 , Val l: 0.4284 | Test e:  72.60 
| Epoch  157 | Train e:  95.91, T l:  0.1079 | Val e:  75.16 , Val l: 0.4294 | Test e:  72.66 
| Epoch  158 | Train e:  96.06, T l:  0.1074 | Val e:  74.89 , Val l: 0.4469 | Test e:  72.24 
| Epoch  159 | Train e:  95.73, T l:  0.1066 | Val e:  74.68 , Val l: 0.4428 | Test e:  71.97 
| Epoch  160 | Train e:  96.07, T l:  0.1054 | Val e:  75.35 , Val l: 0.4390 | Test e:  72.74 
| Epoch  161 | Train e:  96.08, T l:  0.1046 | Val e:  75.21 , Val l: 0.4333 | Test e:  72.55 
| Epoch  162 | Train e:  96.18, T l:  0.1057 | Val e:  74.70 , Val l: 0.4325 | Test e:  72.34 
| Epoch  163 | Train e:  96.31, T l:  0.1050 | Val e:  74.66 , Val l: 0.4250 | Test e:  72.32 
| Epoch  164 | Train e:  96.18, T l:  0.1047 | Val e:  75.07 , Val l: 0.4475 | Test e:  72.68 
| Epoch  165 | Train e:  96.17, T l:  0.1051 | Val e:  74.81 , Val l: 0.4367 | Test e:  72.36 
| Epoch  166 | Train e:  96.10, T l:  0.1057 | Val e:  74.72 , Val l: 0.4565 | Test e:  72.35 
| Epoch  167 | Train e:  96.28, T l:  0.1040 | Val e:  74.85 , Val l: 0.4496 | Test e:  72.49 
| Epoch  168 | Train e:  96.13, T l:  0.1042 | Val e:  74.76 , Val l: 0.4464 | Test e:  72.44 
| Epoch  169 | Train e:  96.20, T l:  0.1034 | Val e:  74.82 , Val l: 0.4415 | Test e:  72.52 
| Epoch  170 | Train e:  96.27, T l:  0.1032 | Val e:  74.96 , Val l: 0.4518 | Test e:  72.54 
| Epoch  171 | Train e:  96.33, T l:  0.1018 | Val e:  74.81 , Val l: 0.4438 | Test e:  72.41 
| Epoch  172 | Train e:  96.20, T l:  0.1035 | Val e:  74.84 , Val l: 0.4553 | Test e:  72.41 
| Epoch  173 | Train e:  96.31, T l:  0.1021 | Val e:  74.59 , Val l: 0.4514 | Test e:  72.40 
| Epoch  174 | Train e:  96.39, T l:  0.1035 | Val e:  74.74 , Val l: 0.4535 | Test e:  72.51 
| Epoch  175 | Train e:  96.17, T l:  0.1023 | Val e:  74.89 , Val l: 0.4476 | Test e:  72.61 
| Epoch  176 | Train e:  96.49, T l:  0.1038 | Val e:  74.93 , Val l: 0.4544 | Test e:  72.80 
| Epoch  177 | Train e:  96.32, T l:  0.1028 | Val e:  74.57 , Val l: 0.4720 | Test e:  72.37 
| Epoch  178 | Train e:  96.30, T l:  0.1031 | Val e:  74.73 , Val l: 0.4537 | Test e:  72.49 
| Epoch  179 | Train e:  96.46, T l:  0.1024 | Val e:  74.84 , Val l: 0.4513 | Test e:  72.52 
| Epoch  180 | Train e:  96.38, T l:  0.1025 | Val e:  74.40 , Val l: 0.4494 | Test e:  72.30 
| Epoch  181 | Train e:  96.45, T l:  0.1012 | Val e:  74.67 , Val l: 0.4450 | Test e:  72.53 
| Epoch  182 | Train e:  96.51, T l:  0.1010 | Val e:  74.73 , Val l: 0.4528 | Test e:  72.69 
| Epoch  183 | Train e:  96.27, T l:  0.1020 | Val e:  74.59 , Val l: 0.4626 | Test e:  72.44 
| Epoch  184 | Train e:  96.43, T l:  0.1018 | Val e:  74.73 , Val l: 0.4550 | Test e:  72.60 
| Epoch  185 | Train e:  96.43, T l:  0.1012 | Val e:  74.56 , Val l: 0.4549 | Test e:  72.38 
| Epoch  186 | Train e:  96.49, T l:  0.1009 | Val e:  74.58 , Val l: 0.4643 | Test e:  72.52 
| Epoch  187 | Train e:  96.25, T l:  0.1010 | Val e:  74.66 , Val l: 0.4506 | Test e:  72.37 
| Epoch  188 | Train e:  96.39, T l:  0.0999 | Val e:  74.71 , Val l: 0.4632 | Test e:  72.51 
| Epoch  189 | Train e:  96.37, T l:  0.1013 | Val e:  74.71 , Val l: 0.4586 | Test e:  72.47 
| Epoch  190 | Train e:  96.27, T l:  0.1006 | Val e:  74.60 , Val l: 0.4625 | Test e:  72.35 
| Epoch  191 | Train e:  96.47, T l:  0.0999 | Val e:  74.64 , Val l: 0.4629 | Test e:  72.48 
| Epoch  192 | Train e:  96.45, T l:  0.0999 | Val e:  74.71 , Val l: 0.4577 | Test e:  72.48 
| Epoch  193 | Train e:  96.45, T l:  0.1009 | Val e:  74.65 , Val l: 0.4523 | Test e:  72.42 
| Epoch  194 | Train e:  96.45, T l:  0.0992 | Val e:  74.67 , Val l: 0.4604 | Test e:  72.49 
| Epoch  195 | Train e:  96.38, T l:  0.1003 | Val e:  74.65 , Val l: 0.4640 | Test e:  72.43 
| Epoch  196 | Train e:  96.46, T l:  0.0984 | Val e:  74.62 , Val l: 0.4592 | Test e:  72.47 
| Epoch  197 | Train e:  96.47, T l:  0.0982 | Val e:  74.62 , Val l: 0.4598 | Test e:  72.51 
| Epoch  198 | Train e:  96.52, T l:  0.0998 | Val e:  74.62 , Val l: 0.4577 | Test e:  72.49 
| Epoch  199 | Train e:  96.50, T l:  0.0988 | Val e:  74.61 , Val l: 0.4587 | Test e:  72.49 
