

===============================================
2022-12-19 10:07:14

main_t.py --readout mean --gconv-dim 256 --tlayer-dim 256 --num-heads 8 --no-clustering --masked-attention --batch-size 32 --epochs 200 --warmup 20 --gconv-dropout 0.5 --tlayer-dropout 0.5 --seeds 314159 --device 1

None

dataset: ogbg-moltox21
use_val_loss: False
epochs: 200
scheduler: linear
warmup: 20
patience: 25
batch_size: 32
lr: 0.0001
weight_decay: 0.0001
clustering: False
masked_attention: True
gconv_dim: 256
tlayer_dim: 256
gconv_dropout: 0.5
tlayer_dropout: 0.5
num_layers: 4
num_heads: 8
skip_connection: none
readout: mean
seeds: 314159
save_state: False



| Epoch    0 | Train e:  52.77, T l:  0.5973 | Val e:  55.00 , Val l: 0.3746 | Test e:  56.21 
| Epoch    1 | Train e:  57.58, T l:  0.3201 | Val e:  58.54 , Val l: 0.2998 | Test e:  59.00 
| Epoch    2 | Train e:  57.57, T l:  0.2564 | Val e:  58.57 , Val l: 0.3043 | Test e:  59.43 
| Epoch    3 | Train e:  58.59, T l:  0.2430 | Val e:  60.24 , Val l: 0.3053 | Test e:  61.60 
| Epoch    4 | Train e:  62.05, T l:  0.2372 | Val e:  62.73 , Val l: 0.3032 | Test e:  63.88 
| Epoch    5 | Train e:  65.37, T l:  0.2334 | Val e:  64.24 , Val l: 0.2996 | Test e:  65.35 
| Epoch    6 | Train e:  67.95, T l:  0.2302 | Val e:  65.45 , Val l: 0.2935 | Test e:  66.86 
| Epoch    7 | Train e:  69.62, T l:  0.2259 | Val e:  66.89 , Val l: 0.2878 | Test e:  67.58 
| Epoch    8 | Train e:  70.98, T l:  0.2211 | Val e:  68.75 , Val l: 0.2976 | Test e:  67.45 
| Epoch    9 | Train e:  71.94, T l:  0.2176 | Val e:  70.18 , Val l: 0.2856 | Test e:  69.10 
| Epoch   10 | Train e:  72.58, T l:  0.2156 | Val e:  70.36 , Val l: 0.2925 | Test e:  69.26 
| Epoch   11 | Train e:  73.12, T l:  0.2134 | Val e:  71.54 , Val l: 0.2988 | Test e:  69.35 
| Epoch   12 | Train e:  74.77, T l:  0.2113 | Val e:  71.80 , Val l: 0.2823 | Test e:  70.23 
| Epoch   13 | Train e:  75.87, T l:  0.2106 | Val e:  72.71 , Val l: 0.2848 | Test e:  70.21 
| Epoch   14 | Train e:  76.88, T l:  0.2070 | Val e:  74.07 , Val l: 0.2753 | Test e:  70.81 
| Epoch   15 | Train e:  78.35, T l:  0.2052 | Val e:  74.42 , Val l: 0.2788 | Test e:  70.74 
| Epoch   16 | Train e:  79.51, T l:  0.2010 | Val e:  76.06 , Val l: 0.2857 | Test e:  71.51 
| Epoch   17 | Train e:  80.52, T l:  0.1978 | Val e:  75.45 , Val l: 0.2837 | Test e:  70.95 
| Epoch   18 | Train e:  81.57, T l:  0.1964 | Val e:  76.05 , Val l: 0.2729 | Test e:  71.47 
| Epoch   19 | Train e:  82.21, T l:  0.1937 | Val e:  76.35 , Val l: 0.2810 | Test e:  72.00 
| Epoch   20 | Train e:  82.95, T l:  0.1900 | Val e:  76.61 , Val l: 0.2779 | Test e:  72.65 
| Epoch   21 | Train e:  83.17, T l:  0.1896 | Val e:  76.48 , Val l: 0.2830 | Test e:  72.74 
| Epoch   22 | Train e:  84.15, T l:  0.1861 | Val e:  76.74 , Val l: 0.2910 | Test e:  72.99 
| Epoch   23 | Train e:  84.08, T l:  0.1846 | Val e:  76.66 , Val l: 0.2790 | Test e:  72.59 
| Epoch   24 | Train e:  84.84, T l:  0.1831 | Val e:  77.04 , Val l: 0.2911 | Test e:  72.87 
| Epoch   25 | Train e:  85.19, T l:  0.1808 | Val e:  76.72 , Val l: 0.2785 | Test e:  73.02 
| Epoch   26 | Train e:  85.54, T l:  0.1792 | Val e:  77.19 , Val l: 0.2751 | Test e:  73.15 
| Epoch   27 | Train e:  85.92, T l:  0.1784 | Val e:  77.28 , Val l: 0.2704 | Test e:  73.55 
| Epoch   28 | Train e:  86.14, T l:  0.1771 | Val e:  76.60 , Val l: 0.2719 | Test e:  72.23 
| Epoch   29 | Train e:  86.52, T l:  0.1757 | Val e:  77.10 , Val l: 0.2865 | Test e:  72.57 
| Epoch   30 | Train e:  86.64, T l:  0.1747 | Val e:  77.23 , Val l: 0.2725 | Test e:  72.96 
| Epoch   31 | Train e:  86.91, T l:  0.1724 | Val e:  77.50 , Val l: 0.2783 | Test e:  73.16 
| Epoch   32 | Train e:  86.89, T l:  0.1719 | Val e:  77.81 , Val l: 0.2637 | Test e:  72.75 
| Epoch   33 | Train e:  87.32, T l:  0.1717 | Val e:  77.28 , Val l: 0.2777 | Test e:  72.28 
| Epoch   34 | Train e:  87.51, T l:  0.1710 | Val e:  77.63 , Val l: 0.2847 | Test e:  73.09 
| Epoch   35 | Train e:  87.96, T l:  0.1688 | Val e:  77.74 , Val l: 0.2814 | Test e:  72.60 
| Epoch   36 | Train e:  87.97, T l:  0.1674 | Val e:  76.71 , Val l: 0.2909 | Test e:  72.36 
| Epoch   37 | Train e:  87.96, T l:  0.1668 | Val e:  77.02 , Val l: 0.2815 | Test e:  72.90 
| Epoch   38 | Train e:  88.38, T l:  0.1653 | Val e:  77.26 , Val l: 0.2926 | Test e:  72.66 
| Epoch   39 | Train e:  88.00, T l:  0.1642 | Val e:  77.26 , Val l: 0.2768 | Test e:  72.79 
| Epoch   40 | Train e:  88.66, T l:  0.1651 | Val e:  77.45 , Val l: 0.2763 | Test e:  72.49 
| Epoch   41 | Train e:  89.14, T l:  0.1631 | Val e:  77.66 , Val l: 0.2976 | Test e:  72.68 
| Epoch   42 | Train e:  89.06, T l:  0.1614 | Val e:  77.23 , Val l: 0.2785 | Test e:  72.31 
| Epoch   43 | Train e:  88.77, T l:  0.1612 | Val e:  77.63 , Val l: 0.2944 | Test e:  72.78 
| Epoch   44 | Train e:  89.20, T l:  0.1609 | Val e:  77.97 , Val l: 0.2825 | Test e:  72.94 
| Epoch   45 | Train e:  88.97, T l:  0.1610 | Val e:  77.51 , Val l: 0.2870 | Test e:  72.91 
| Epoch   46 | Train e:  89.72, T l:  0.1602 | Val e:  77.75 , Val l: 0.2794 | Test e:  73.63 
| Epoch   47 | Train e:  89.15, T l:  0.1586 | Val e:  76.87 , Val l: 0.3033 | Test e:  71.82 
| Epoch   48 | Train e:  89.68, T l:  0.1569 | Val e:  77.15 , Val l: 0.2896 | Test e:  71.74 
| Epoch   49 | Train e:  89.99, T l:  0.1570 | Val e:  76.75 , Val l: 0.2910 | Test e:  72.05 
| Epoch   50 | Train e:  89.48, T l:  0.1549 | Val e:  77.13 , Val l: 0.2878 | Test e:  72.42 
| Epoch   51 | Train e:  90.21, T l:  0.1558 | Val e:  77.16 , Val l: 0.3039 | Test e:  72.99 
| Epoch   52 | Train e:  90.25, T l:  0.1554 | Val e:  77.64 , Val l: 0.2945 | Test e:  72.92 
| Epoch   53 | Train e:  90.20, T l:  0.1546 | Val e:  77.54 , Val l: 0.3057 | Test e:  72.88 
| Epoch   54 | Train e:  90.00, T l:  0.1519 | Val e:  77.71 , Val l: 0.2896 | Test e:  72.80 
| Epoch   55 | Train e:  90.71, T l:  0.1534 | Val e:  76.92 , Val l: 0.3092 | Test e:  71.87 
| Epoch   56 | Train e:  90.29, T l:  0.1513 | Val e:  77.52 , Val l: 0.2848 | Test e:  72.86 
| Epoch   57 | Train e:  90.79, T l:  0.1521 | Val e:  78.14 , Val l: 0.2865 | Test e:  73.28 
| Epoch   58 | Train e:  90.51, T l:  0.1497 | Val e:  77.16 , Val l: 0.3104 | Test e:  71.64 
| Epoch   59 | Train e:  90.81, T l:  0.1506 | Val e:  77.71 , Val l: 0.2980 | Test e:  72.20 
| Epoch   60 | Train e:  90.31, T l:  0.1488 | Val e:  76.82 , Val l: 0.3202 | Test e:  72.16 
| Epoch   61 | Train e:  91.29, T l:  0.1493 | Val e:  77.65 , Val l: 0.2900 | Test e:  73.74 
| Epoch   62 | Train e:  91.48, T l:  0.1469 | Val e:  77.50 , Val l: 0.3051 | Test e:  73.08 
| Epoch   63 | Train e:  91.36, T l:  0.1482 | Val e:  77.38 , Val l: 0.3056 | Test e:  72.54 
| Epoch   64 | Train e:  91.29, T l:  0.1478 | Val e:  77.35 , Val l: 0.2865 | Test e:  72.52 
| Epoch   65 | Train e:  91.43, T l:  0.1459 | Val e:  76.78 , Val l: 0.3021 | Test e:  72.20 
| Epoch   66 | Train e:  91.60, T l:  0.1455 | Val e:  77.29 , Val l: 0.3021 | Test e:  73.35 
| Epoch   67 | Train e:  90.78, T l:  0.1443 | Val e:  76.57 , Val l: 0.2994 | Test e:  72.14 
| Epoch   68 | Train e:  90.99, T l:  0.1444 | Val e:  77.15 , Val l: 0.3093 | Test e:  72.50 
| Epoch   69 | Train e:  92.02, T l:  0.1443 | Val e:  77.63 , Val l: 0.3179 | Test e:  73.10 
| Epoch   70 | Train e:  92.25, T l:  0.1423 | Val e:  77.34 , Val l: 0.3057 | Test e:  72.57 
| Epoch   71 | Train e:  91.66, T l:  0.1437 | Val e:  77.36 , Val l: 0.2965 | Test e:  73.05 
| Epoch   72 | Train e:  92.54, T l:  0.1414 | Val e:  77.15 , Val l: 0.3028 | Test e:  73.07 
| Epoch   73 | Train e:  92.79, T l:  0.1408 | Val e:  76.97 , Val l: 0.3187 | Test e:  73.17 
| Epoch   74 | Train e:  92.15, T l:  0.1413 | Val e:  76.76 , Val l: 0.3309 | Test e:  72.27 
| Epoch   75 | Train e:  91.83, T l:  0.1400 | Val e:  76.60 , Val l: 0.3500 | Test e:  72.19 
| Epoch   76 | Train e:  92.59, T l:  0.1399 | Val e:  76.83 , Val l: 0.3217 | Test e:  73.01 
| Epoch   77 | Train e:  92.85, T l:  0.1384 | Val e:  76.88 , Val l: 0.3196 | Test e:  73.18 
| Epoch   78 | Train e:  92.39, T l:  0.1391 | Val e:  76.38 , Val l: 0.3341 | Test e:  72.68 
| Epoch   79 | Train e:  92.55, T l:  0.1374 | Val e:  76.81 , Val l: 0.3473 | Test e:  72.97 
| Epoch   80 | Train e:  92.64, T l:  0.1356 | Val e:  76.48 , Val l: 0.3387 | Test e:  72.17 
| Epoch   81 | Train e:  92.46, T l:  0.1376 | Val e:  76.17 , Val l: 0.3768 | Test e:  72.56 
| Epoch   82 | Train e:  92.71, T l:  0.1364 | Val e:  76.61 , Val l: 0.3375 | Test e:  72.66 
| Epoch   83 | Train e:  92.99, T l:  0.1352 | Val e:  76.58 , Val l: 0.3557 | Test e:  72.99 
| Epoch   84 | Train e:  93.06, T l:  0.1353 | Val e:  76.18 , Val l: 0.3406 | Test e:  72.21 
| Epoch   85 | Train e:  92.65, T l:  0.1350 | Val e:  76.05 , Val l: 0.3399 | Test e:  72.08 
| Epoch   86 | Train e:  92.51, T l:  0.1363 | Val e:  75.73 , Val l: 0.3553 | Test e:  71.81 
| Epoch   87 | Train e:  92.87, T l:  0.1345 | Val e:  76.21 , Val l: 0.3305 | Test e:  71.90 
| Epoch   88 | Train e:  93.20, T l:  0.1330 | Val e:  76.13 , Val l: 0.3504 | Test e:  72.56 
| Epoch   89 | Train e:  93.45, T l:  0.1332 | Val e:  76.49 , Val l: 0.3419 | Test e:  72.41 
| Epoch   90 | Train e:  93.31, T l:  0.1306 | Val e:  76.31 , Val l: 0.3509 | Test e:  72.75 
| Epoch   91 | Train e:  93.31, T l:  0.1307 | Val e:  75.35 , Val l: 0.3700 | Test e:  71.96 
| Epoch   92 | Train e:  92.90, T l:  0.1313 | Val e:  76.09 , Val l: 0.3420 | Test e:  72.01 
| Epoch   93 | Train e:  92.54, T l:  0.1315 | Val e:  75.56 , Val l: 0.3580 | Test e:  71.33 
| Epoch   94 | Train e:  93.92, T l:  0.1298 | Val e:  76.10 , Val l: 0.3331 | Test e:  72.28 
| Epoch   95 | Train e:  93.80, T l:  0.1295 | Val e:  75.46 , Val l: 0.3573 | Test e:  72.09 
| Epoch   96 | Train e:  94.06, T l:  0.1287 | Val e:  76.07 , Val l: 0.3354 | Test e:  72.47 
| Epoch   97 | Train e:  94.02, T l:  0.1290 | Val e:  76.41 , Val l: 0.3752 | Test e:  72.21 
| Epoch   98 | Train e:  93.88, T l:  0.1285 | Val e:  76.35 , Val l: 0.3873 | Test e:  71.73 
| Epoch   99 | Train e:  93.93, T l:  0.1280 | Val e:  76.38 , Val l: 0.3309 | Test e:  72.72 
| Epoch  100 | Train e:  94.17, T l:  0.1286 | Val e:  76.91 , Val l: 0.3693 | Test e:  72.93 
| Epoch  101 | Train e:  94.05, T l:  0.1276 | Val e:  76.37 , Val l: 0.3422 | Test e:  72.57 
| Epoch  102 | Train e:  94.03, T l:  0.1271 | Val e:  76.66 , Val l: 0.3529 | Test e:  72.58 
| Epoch  103 | Train e:  94.10, T l:  0.1254 | Val e:  76.05 , Val l: 0.3514 | Test e:  71.73 
| Epoch  104 | Train e:  94.41, T l:  0.1256 | Val e:  75.88 , Val l: 0.3777 | Test e:  72.15 
| Epoch  105 | Train e:  94.49, T l:  0.1234 | Val e:  76.26 , Val l: 0.3642 | Test e:  72.43 
| Epoch  106 | Train e:  94.48, T l:  0.1243 | Val e:  76.11 , Val l: 0.3627 | Test e:  72.78 
| Epoch  107 | Train e:  94.12, T l:  0.1246 | Val e:  76.21 , Val l: 0.3808 | Test e:  72.38 
| Epoch  108 | Train e:  94.02, T l:  0.1244 | Val e:  75.74 , Val l: 0.3861 | Test e:  72.01 
| Epoch  109 | Train e:  94.71, T l:  0.1242 | Val e:  75.84 , Val l: 0.3568 | Test e:  71.84 
| Epoch  110 | Train e:  94.65, T l:  0.1239 | Val e:  76.09 , Val l: 0.3628 | Test e:  72.60 
| Epoch  111 | Train e:  94.75, T l:  0.1235 | Val e:  75.79 , Val l: 0.3786 | Test e:  71.86 
| Epoch  112 | Train e:  94.32, T l:  0.1223 | Val e:  75.92 , Val l: 0.3675 | Test e:  71.62 
| Epoch  113 | Train e:  94.80, T l:  0.1212 | Val e:  75.20 , Val l: 0.4010 | Test e:  71.95 
| Epoch  114 | Train e:  94.86, T l:  0.1211 | Val e:  75.81 , Val l: 0.3799 | Test e:  72.01 
| Epoch  115 | Train e:  94.82, T l:  0.1198 | Val e:  76.07 , Val l: 0.3907 | Test e:  72.16 
| Epoch  116 | Train e:  94.84, T l:  0.1205 | Val e:  75.72 , Val l: 0.3810 | Test e:  72.29 
| Epoch  117 | Train e:  94.56, T l:  0.1199 | Val e:  76.08 , Val l: 0.3964 | Test e:  72.11 
| Epoch  118 | Train e:  94.93, T l:  0.1190 | Val e:  75.69 , Val l: 0.3861 | Test e:  72.16 
| Epoch  119 | Train e:  94.72, T l:  0.1183 | Val e:  75.52 , Val l: 0.3882 | Test e:  72.03 
| Epoch  120 | Train e:  94.75, T l:  0.1199 | Val e:  75.60 , Val l: 0.3777 | Test e:  72.44 
| Epoch  121 | Train e:  95.12, T l:  0.1191 | Val e:  76.00 , Val l: 0.3958 | Test e:  72.98 
| Epoch  122 | Train e:  94.63, T l:  0.1181 | Val e:  75.51 , Val l: 0.4179 | Test e:  71.81 
| Epoch  123 | Train e:  95.30, T l:  0.1169 | Val e:  75.16 , Val l: 0.3929 | Test e:  71.68 
| Epoch  124 | Train e:  95.14, T l:  0.1173 | Val e:  75.21 , Val l: 0.3927 | Test e:  72.28 
| Epoch  125 | Train e:  95.28, T l:  0.1160 | Val e:  75.24 , Val l: 0.4291 | Test e:  71.86 
| Epoch  126 | Train e:  95.51, T l:  0.1172 | Val e:  75.95 , Val l: 0.4093 | Test e:  73.28 
| Epoch  127 | Train e:  95.16, T l:  0.1173 | Val e:  75.07 , Val l: 0.4110 | Test e:  72.06 
| Epoch  128 | Train e:  95.19, T l:  0.1150 | Val e:  75.25 , Val l: 0.4035 | Test e:  72.39 
| Epoch  129 | Train e:  95.29, T l:  0.1153 | Val e:  75.50 , Val l: 0.4075 | Test e:  72.49 
| Epoch  130 | Train e:  95.44, T l:  0.1143 | Val e:  75.70 , Val l: 0.4049 | Test e:  72.68 
| Epoch  131 | Train e:  95.35, T l:  0.1143 | Val e:  75.51 , Val l: 0.3903 | Test e:  72.30 
| Epoch  132 | Train e:  95.16, T l:  0.1143 | Val e:  75.27 , Val l: 0.4051 | Test e:  72.35 
| Epoch  133 | Train e:  95.48, T l:  0.1132 | Val e:  75.60 , Val l: 0.4168 | Test e:  72.52 
| Epoch  134 | Train e:  95.14, T l:  0.1140 | Val e:  74.69 , Val l: 0.4231 | Test e:  71.65 
| Epoch  135 | Train e:  95.56, T l:  0.1134 | Val e:  74.77 , Val l: 0.4258 | Test e:  71.96 
| Epoch  136 | Train e:  95.64, T l:  0.1129 | Val e:  75.31 , Val l: 0.4092 | Test e:  72.62 
| Epoch  137 | Train e:  95.42, T l:  0.1130 | Val e:  75.46 , Val l: 0.4292 | Test e:  72.59 
| Epoch  138 | Train e:  95.95, T l:  0.1119 | Val e:  75.56 , Val l: 0.4152 | Test e:  72.86 
| Epoch  139 | Train e:  95.51, T l:  0.1124 | Val e:  75.19 , Val l: 0.4179 | Test e:  72.06 
| Epoch  140 | Train e:  95.89, T l:  0.1106 | Val e:  74.83 , Val l: 0.3906 | Test e:  72.36 
| Epoch  141 | Train e:  95.84, T l:  0.1112 | Val e:  74.97 , Val l: 0.4349 | Test e:  72.32 
| Epoch  142 | Train e:  95.66, T l:  0.1115 | Val e:  74.92 , Val l: 0.4235 | Test e:  71.99 
| Epoch  143 | Train e:  96.01, T l:  0.1108 | Val e:  75.50 , Val l: 0.4115 | Test e:  72.70 
| Epoch  144 | Train e:  95.84, T l:  0.1123 | Val e:  75.26 , Val l: 0.4258 | Test e:  72.19 
| Epoch  145 | Train e:  95.81, T l:  0.1096 | Val e:  75.64 , Val l: 0.4147 | Test e:  72.85 
| Epoch  146 | Train e:  95.90, T l:  0.1095 | Val e:  75.39 , Val l: 0.3996 | Test e:  72.40 
| Epoch  147 | Train e:  95.84, T l:  0.1091 | Val e:  75.25 , Val l: 0.4404 | Test e:  72.45 
| Epoch  148 | Train e:  96.12, T l:  0.1079 | Val e:  75.40 , Val l: 0.4190 | Test e:  73.27 
| Epoch  149 | Train e:  95.75, T l:  0.1090 | Val e:  75.00 , Val l: 0.4247 | Test e:  72.47 
| Epoch  150 | Train e:  96.04, T l:  0.1087 | Val e:  74.59 , Val l: 0.4361 | Test e:  72.34 
| Epoch  151 | Train e:  95.86, T l:  0.1075 | Val e:  74.71 , Val l: 0.4425 | Test e:  72.38 
| Epoch  152 | Train e:  96.08, T l:  0.1082 | Val e:  75.30 , Val l: 0.4529 | Test e:  72.88 
| Epoch  153 | Train e:  96.06, T l:  0.1065 | Val e:  74.90 , Val l: 0.4321 | Test e:  72.28 
| Epoch  154 | Train e:  95.68, T l:  0.1083 | Val e:  74.96 , Val l: 0.4390 | Test e:  72.46 
| Epoch  155 | Train e:  96.20, T l:  0.1065 | Val e:  74.80 , Val l: 0.4201 | Test e:  72.38 
| Epoch  156 | Train e:  96.13, T l:  0.1067 | Val e:  75.28 , Val l: 0.4338 | Test e:  72.70 
| Epoch  157 | Train e:  95.91, T l:  0.1078 | Val e:  75.00 , Val l: 0.4276 | Test e:  72.56 
| Epoch  158 | Train e:  96.03, T l:  0.1072 | Val e:  74.85 , Val l: 0.4470 | Test e:  72.24 
| Epoch  159 | Train e:  95.77, T l:  0.1061 | Val e:  74.70 , Val l: 0.4451 | Test e:  72.04 
| Epoch  160 | Train e:  96.16, T l:  0.1051 | Val e:  75.20 , Val l: 0.4397 | Test e:  72.80 
| Epoch  161 | Train e:  96.12, T l:  0.1043 | Val e:  75.13 , Val l: 0.4341 | Test e:  72.78 
| Epoch  162 | Train e:  96.23, T l:  0.1052 | Val e:  74.67 , Val l: 0.4316 | Test e:  72.56 
| Epoch  163 | Train e:  96.34, T l:  0.1049 | Val e:  74.46 , Val l: 0.4224 | Test e:  72.45 
| Epoch  164 | Train e:  96.28, T l:  0.1047 | Val e:  75.02 , Val l: 0.4452 | Test e:  72.87 
| Epoch  165 | Train e:  96.19, T l:  0.1049 | Val e:  74.67 , Val l: 0.4415 | Test e:  72.47 
| Epoch  166 | Train e:  96.13, T l:  0.1054 | Val e:  74.62 , Val l: 0.4618 | Test e:  72.41 
| Epoch  167 | Train e:  96.33, T l:  0.1042 | Val e:  74.70 , Val l: 0.4498 | Test e:  72.58 
| Epoch  168 | Train e:  96.22, T l:  0.1039 | Val e:  74.59 , Val l: 0.4474 | Test e:  72.57 
| Epoch  169 | Train e:  96.29, T l:  0.1032 | Val e:  74.66 , Val l: 0.4420 | Test e:  72.66 
| Epoch  170 | Train e:  96.34, T l:  0.1034 | Val e:  74.89 , Val l: 0.4500 | Test e:  72.71 
| Epoch  171 | Train e:  96.36, T l:  0.1016 | Val e:  74.70 , Val l: 0.4455 | Test e:  72.49 
| Epoch  172 | Train e:  96.25, T l:  0.1033 | Val e:  74.78 , Val l: 0.4563 | Test e:  72.53 
| Epoch  173 | Train e:  96.37, T l:  0.1018 | Val e:  74.49 , Val l: 0.4534 | Test e:  72.49 
| Epoch  174 | Train e:  96.41, T l:  0.1035 | Val e:  74.67 , Val l: 0.4549 | Test e:  72.61 
| Epoch  175 | Train e:  96.24, T l:  0.1023 | Val e:  74.81 , Val l: 0.4509 | Test e:  72.66 
| Epoch  176 | Train e:  96.50, T l:  0.1035 | Val e:  74.77 , Val l: 0.4556 | Test e:  72.88 
| Epoch  177 | Train e:  96.34, T l:  0.1029 | Val e:  74.56 , Val l: 0.4731 | Test e:  72.45 
| Epoch  178 | Train e:  96.35, T l:  0.1032 | Val e:  74.64 , Val l: 0.4536 | Test e:  72.56 
| Epoch  179 | Train e:  96.50, T l:  0.1022 | Val e:  74.75 , Val l: 0.4529 | Test e:  72.61 
| Epoch  180 | Train e:  96.44, T l:  0.1026 | Val e:  74.33 , Val l: 0.4522 | Test e:  72.39 
| Epoch  181 | Train e:  96.48, T l:  0.1010 | Val e:  74.61 , Val l: 0.4478 | Test e:  72.65 
| Epoch  182 | Train e:  96.57, T l:  0.1004 | Val e:  74.59 , Val l: 0.4553 | Test e:  72.86 
| Epoch  183 | Train e:  96.34, T l:  0.1018 | Val e:  74.46 , Val l: 0.4627 | Test e:  72.54 
| Epoch  184 | Train e:  96.49, T l:  0.1016 | Val e:  74.59 , Val l: 0.4589 | Test e:  72.70 
| Epoch  185 | Train e:  96.49, T l:  0.1008 | Val e:  74.45 , Val l: 0.4572 | Test e:  72.56 
| Epoch  186 | Train e:  96.58, T l:  0.1007 | Val e:  74.46 , Val l: 0.4636 | Test e:  72.65 
| Epoch  187 | Train e:  96.33, T l:  0.1008 | Val e:  74.56 , Val l: 0.4526 | Test e:  72.51 
| Epoch  188 | Train e:  96.45, T l:  0.0998 | Val e:  74.62 , Val l: 0.4656 | Test e:  72.61 
| Epoch  189 | Train e:  96.43, T l:  0.1008 | Val e:  74.60 , Val l: 0.4608 | Test e:  72.56 
| Epoch  190 | Train e:  96.35, T l:  0.1005 | Val e:  74.49 , Val l: 0.4628 | Test e:  72.42 
| Epoch  191 | Train e:  96.49, T l:  0.0997 | Val e:  74.51 , Val l: 0.4654 | Test e:  72.53 
| Epoch  192 | Train e:  96.49, T l:  0.0997 | Val e:  74.56 , Val l: 0.4601 | Test e:  72.53 
| Epoch  193 | Train e:  96.51, T l:  0.1008 | Val e:  74.58 , Val l: 0.4533 | Test e:  72.54 
| Epoch  194 | Train e:  96.52, T l:  0.0989 | Val e:  74.58 , Val l: 0.4615 | Test e:  72.57 
| Epoch  195 | Train e:  96.43, T l:  0.1001 | Val e:  74.56 , Val l: 0.4655 | Test e:  72.50 
| Epoch  196 | Train e:  96.53, T l:  0.0980 | Val e:  74.53 , Val l: 0.4602 | Test e:  72.59 
| Epoch  197 | Train e:  96.52, T l:  0.0980 | Val e:  74.57 , Val l: 0.4611 | Test e:  72.62 
| Epoch  198 | Train e:  96.56, T l:  0.0997 | Val e:  74.53 , Val l: 0.4596 | Test e:  72.62 
| Epoch  199 | Train e:  96.55, T l:  0.0989 | Val e:  74.54 , Val l: 0.4604 | Test e:  72.61 
