

===============================================
2022-08-23 01:03:30

main.py --readout cls --gconv-dim 256 --tlayer-dim 256 --num-heads 8 --no-clustering --masked-attention --batch-size 32 --epochs 200 --warmup 20 --gconv-dropout 0.5 --tlayer-dropout 0.5 --seeds 2333 --device 0

None

dataset: ogbg-moltox21
use_val_loss: False
epochs: 200
scheduler: linear
warmup: 20
patience: 25
batch_size: 32
lr: 0.0001
weight_decay: 0.0001
clustering: False
masked_attention: True
gconv_dim: 256
tlayer_dim: 256
gconv_dropout: 0.5
tlayer_dropout: 0.5
num_layers: 4
num_heads: 8
skip_connection: none
readout: cls
seeds: 2333
save_state: False



| Epoch    0 | Train e:  50.68, T l:  0.5781 | Val e:  52.17 , Val l: 0.3693 | Test e:  51.12 
| Epoch    1 | Train e:  49.96, T l:  0.3327 | Val e:  52.64 , Val l: 0.3034 | Test e:  52.87 
| Epoch    2 | Train e:  51.30, T l:  0.2683 | Val e:  54.10 , Val l: 0.3055 | Test e:  54.92 
| Epoch    3 | Train e:  54.13, T l:  0.2532 | Val e:  54.93 , Val l: 0.3091 | Test e:  57.44 
| Epoch    4 | Train e:  55.12, T l:  0.2470 | Val e:  55.78 , Val l: 0.3104 | Test e:  58.16 
| Epoch    5 | Train e:  57.88, T l:  0.2421 | Val e:  60.32 , Val l: 0.3029 | Test e:  61.96 
| Epoch    6 | Train e:  62.56, T l:  0.2369 | Val e:  61.58 , Val l: 0.3039 | Test e:  62.74 
| Epoch    7 | Train e:  65.52, T l:  0.2341 | Val e:  62.95 , Val l: 0.2987 | Test e:  63.35 
| Epoch    8 | Train e:  69.10, T l:  0.2314 | Val e:  65.86 , Val l: 0.2982 | Test e:  65.02 
| Epoch    9 | Train e:  72.40, T l:  0.2238 | Val e:  69.73 , Val l: 0.2957 | Test e:  67.67 
| Epoch   10 | Train e:  72.78, T l:  0.2163 | Val e:  72.07 , Val l: 0.2960 | Test e:  69.68 
| Epoch   11 | Train e:  74.20, T l:  0.2126 | Val e:  73.68 , Val l: 0.2675 | Test e:  70.50 
| Epoch   12 | Train e:  75.73, T l:  0.2094 | Val e:  73.90 , Val l: 0.2656 | Test e:  71.52 
| Epoch   13 | Train e:  77.27, T l:  0.2065 | Val e:  75.17 , Val l: 0.3076 | Test e:  71.49 
| Epoch   14 | Train e:  78.55, T l:  0.2065 | Val e:  76.00 , Val l: 0.2644 | Test e:  72.13 
| Epoch   15 | Train e:  79.31, T l:  0.2024 | Val e:  76.53 , Val l: 0.2704 | Test e:  73.37 
| Epoch   16 | Train e:  79.81, T l:  0.2009 | Val e:  76.89 , Val l: 0.2624 | Test e:  73.81 
| Epoch   17 | Train e:  80.61, T l:  0.2003 | Val e:  77.66 , Val l: 0.2695 | Test e:  73.83 
| Epoch   18 | Train e:  81.10, T l:  0.1986 | Val e:  77.97 , Val l: 0.2585 | Test e:  74.55 
| Epoch   19 | Train e:  81.26, T l:  0.1942 | Val e:  77.65 , Val l: 0.2615 | Test e:  74.13 
| Epoch   20 | Train e:  81.46, T l:  0.1940 | Val e:  78.48 , Val l: 0.2833 | Test e:  74.43 
| Epoch   21 | Train e:  81.92, T l:  0.1922 | Val e:  77.53 , Val l: 0.2726 | Test e:  74.36 
| Epoch   22 | Train e:  82.62, T l:  0.1925 | Val e:  77.66 , Val l: 0.2645 | Test e:  73.69 
| Epoch   23 | Train e:  83.19, T l:  0.1891 | Val e:  78.65 , Val l: 0.2528 | Test e:  74.10 
| Epoch   24 | Train e:  83.45, T l:  0.1891 | Val e:  78.41 , Val l: 0.2641 | Test e:  74.69 
| Epoch   25 | Train e:  84.25, T l:  0.1854 | Val e:  78.92 , Val l: 0.2557 | Test e:  75.20 
| Epoch   26 | Train e:  84.79, T l:  0.1862 | Val e:  79.16 , Val l: 0.2521 | Test e:  74.97 
| Epoch   27 | Train e:  85.54, T l:  0.1841 | Val e:  79.27 , Val l: 0.2457 | Test e:  74.83 
| Epoch   28 | Train e:  86.32, T l:  0.1816 | Val e:  79.88 , Val l: 0.2516 | Test e:  75.54 
| Epoch   29 | Train e:  86.43, T l:  0.1806 | Val e:  79.35 , Val l: 0.2476 | Test e:  75.53 
| Epoch   30 | Train e:  85.90, T l:  0.1794 | Val e:  79.58 , Val l: 0.2588 | Test e:  75.44 
| Epoch   31 | Train e:  86.11, T l:  0.1802 | Val e:  79.62 , Val l: 0.2520 | Test e:  75.85 
| Epoch   32 | Train e:  86.95, T l:  0.1784 | Val e:  79.77 , Val l: 0.2481 | Test e:  76.38 
| Epoch   33 | Train e:  86.89, T l:  0.1763 | Val e:  79.74 , Val l: 0.2582 | Test e:  76.26 
| Epoch   34 | Train e:  87.31, T l:  0.1746 | Val e:  80.21 , Val l: 0.2539 | Test e:  76.30 
| Epoch   35 | Train e:  87.57, T l:  0.1758 | Val e:  79.99 , Val l: 0.2484 | Test e:  75.88 
| Epoch   36 | Train e:  87.51, T l:  0.1728 | Val e:  79.97 , Val l: 0.2599 | Test e:  75.94 
| Epoch   37 | Train e:  87.93, T l:  0.1722 | Val e:  79.97 , Val l: 0.2483 | Test e:  76.81 
| Epoch   38 | Train e:  87.96, T l:  0.1721 | Val e:  80.07 , Val l: 0.2476 | Test e:  76.52 
| Epoch   39 | Train e:  87.93, T l:  0.1712 | Val e:  80.17 , Val l: 0.2518 | Test e:  76.40 
| Epoch   40 | Train e:  87.78, T l:  0.1687 | Val e:  80.42 , Val l: 0.2479 | Test e:  76.26 
| Epoch   41 | Train e:  88.38, T l:  0.1680 | Val e:  80.25 , Val l: 0.2503 | Test e:  76.20 
| Epoch   42 | Train e:  88.00, T l:  0.1691 | Val e:  80.83 , Val l: 0.2449 | Test e:  76.32 
| Epoch   43 | Train e:  88.56, T l:  0.1664 | Val e:  80.57 , Val l: 0.2567 | Test e:  77.05 
| Epoch   44 | Train e:  88.70, T l:  0.1673 | Val e:  80.65 , Val l: 0.2540 | Test e:  77.33 
| Epoch   45 | Train e:  88.82, T l:  0.1651 | Val e:  80.38 , Val l: 0.2482 | Test e:  77.21 
| Epoch   46 | Train e:  88.19, T l:  0.1663 | Val e:  79.84 , Val l: 0.2528 | Test e:  76.28 
| Epoch   47 | Train e:  88.87, T l:  0.1634 | Val e:  80.83 , Val l: 0.2452 | Test e:  77.53 
| Epoch   48 | Train e:  88.39, T l:  0.1642 | Val e:  80.44 , Val l: 0.2544 | Test e:  77.87 
| Epoch   49 | Train e:  89.02, T l:  0.1622 | Val e:  80.19 , Val l: 0.2476 | Test e:  77.56 
| Epoch   50 | Train e:  88.88, T l:  0.1611 | Val e:  80.33 , Val l: 0.2441 | Test e:  77.27 
| Epoch   51 | Train e:  89.06, T l:  0.1627 | Val e:  79.92 , Val l: 0.2496 | Test e:  76.95 
| Epoch   52 | Train e:  89.30, T l:  0.1618 | Val e:  80.20 , Val l: 0.2516 | Test e:  77.25 
| Epoch   53 | Train e:  88.77, T l:  0.1618 | Val e:  79.19 , Val l: 0.2662 | Test e:  76.50 
| Epoch   54 | Train e:  89.59, T l:  0.1597 | Val e:  80.32 , Val l: 0.2508 | Test e:  77.50 
| Epoch   55 | Train e:  89.45, T l:  0.1614 | Val e:  80.20 , Val l: 0.2532 | Test e:  77.23 
| Epoch   56 | Train e:  89.54, T l:  0.1601 | Val e:  80.54 , Val l: 0.2545 | Test e:  76.55 
| Epoch   57 | Train e:  89.37, T l:  0.1577 | Val e:  80.08 , Val l: 0.2588 | Test e:  77.38 
| Epoch   58 | Train e:  89.02, T l:  0.1589 | Val e:  80.15 , Val l: 0.2475 | Test e:  77.74 
| Epoch   59 | Train e:  89.62, T l:  0.1577 | Val e:  80.24 , Val l: 0.2509 | Test e:  78.57 
| Epoch   60 | Train e:  89.91, T l:  0.1563 | Val e:  80.70 , Val l: 0.2481 | Test e:  77.94 
| Epoch   61 | Train e:  89.85, T l:  0.1564 | Val e:  80.50 , Val l: 0.2497 | Test e:  77.91 
| Epoch   62 | Train e:  89.94, T l:  0.1556 | Val e:  80.39 , Val l: 0.2536 | Test e:  77.95 
| Epoch   63 | Train e:  90.02, T l:  0.1553 | Val e:  80.48 , Val l: 0.2462 | Test e:  77.58 
| Epoch   64 | Train e:  89.92, T l:  0.1561 | Val e:  80.41 , Val l: 0.2515 | Test e:  77.35 
| Epoch   65 | Train e:  89.57, T l:  0.1543 | Val e:  80.14 , Val l: 0.2571 | Test e:  77.79 
| Epoch   66 | Train e:  90.04, T l:  0.1541 | Val e:  79.98 , Val l: 0.2586 | Test e:  77.19 
| Epoch   67 | Train e:  90.21, T l:  0.1536 | Val e:  80.25 , Val l: 0.2532 | Test e:  76.56 
| Epoch   68 | Train e:  90.16, T l:  0.1527 | Val e:  80.65 , Val l: 0.2590 | Test e:  77.56 
| Epoch   69 | Train e:  90.57, T l:  0.1537 | Val e:  80.56 , Val l: 0.2535 | Test e:  77.89 
| Epoch   70 | Train e:  90.52, T l:  0.1523 | Val e:  80.23 , Val l: 0.2456 | Test e:  77.76 
| Epoch   71 | Train e:  90.37, T l:  0.1518 | Val e:  80.72 , Val l: 0.2654 | Test e:  77.77 
| Epoch   72 | Train e:  90.55, T l:  0.1518 | Val e:  80.27 , Val l: 0.2601 | Test e:  77.43 
| Epoch   73 | Train e:  90.85, T l:  0.1506 | Val e:  80.29 , Val l: 0.2470 | Test e:  78.14 
| Epoch   74 | Train e:  90.70, T l:  0.1504 | Val e:  80.62 , Val l: 0.2439 | Test e:  77.97 
| Epoch   75 | Train e:  90.74, T l:  0.1500 | Val e:  80.77 , Val l: 0.2615 | Test e:  78.08 
| Epoch   76 | Train e:  90.83, T l:  0.1502 | Val e:  80.76 , Val l: 0.2491 | Test e:  78.44 
| Epoch   77 | Train e:  90.85, T l:  0.1475 | Val e:  80.10 , Val l: 0.2629 | Test e:  77.77 
| Epoch   78 | Train e:  90.82, T l:  0.1496 | Val e:  80.25 , Val l: 0.2614 | Test e:  77.87 
| Epoch   79 | Train e:  90.99, T l:  0.1490 | Val e:  80.79 , Val l: 0.2527 | Test e:  77.81 
| Epoch   80 | Train e:  91.20, T l:  0.1477 | Val e:  80.34 , Val l: 0.2532 | Test e:  77.88 
| Epoch   81 | Train e:  91.12, T l:  0.1460 | Val e:  81.30 , Val l: 0.2542 | Test e:  78.21 
| Epoch   82 | Train e:  90.72, T l:  0.1467 | Val e:  80.02 , Val l: 0.2695 | Test e:  77.05 
| Epoch   83 | Train e:  91.29, T l:  0.1478 | Val e:  80.56 , Val l: 0.2493 | Test e:  78.44 
| Epoch   84 | Train e:  91.33, T l:  0.1466 | Val e:  80.76 , Val l: 0.2542 | Test e:  77.83 
| Epoch   85 | Train e:  91.48, T l:  0.1456 | Val e:  80.88 , Val l: 0.2466 | Test e:  77.96 
| Epoch   86 | Train e:  91.65, T l:  0.1460 | Val e:  80.64 , Val l: 0.2521 | Test e:  77.98 
| Epoch   87 | Train e:  91.64, T l:  0.1454 | Val e:  80.86 , Val l: 0.2515 | Test e:  77.65 
| Epoch   88 | Train e:  91.68, T l:  0.1439 | Val e:  79.89 , Val l: 0.2518 | Test e:  78.54 
| Epoch   89 | Train e:  91.71, T l:  0.1441 | Val e:  80.96 , Val l: 0.2548 | Test e:  77.89 
| Epoch   90 | Train e:  91.59, T l:  0.1429 | Val e:  80.24 , Val l: 0.2564 | Test e:  78.20 
| Epoch   91 | Train e:  91.58, T l:  0.1443 | Val e:  80.86 , Val l: 0.2465 | Test e:  78.43 
| Epoch   92 | Train e:  91.78, T l:  0.1420 | Val e:  81.11 , Val l: 0.2594 | Test e:  78.05 
| Epoch   93 | Train e:  91.87, T l:  0.1429 | Val e:  80.83 , Val l: 0.2581 | Test e:  78.68 
| Epoch   94 | Train e:  91.79, T l:  0.1426 | Val e:  80.91 , Val l: 0.2588 | Test e:  78.02 
| Epoch   95 | Train e:  92.04, T l:  0.1412 | Val e:  80.84 , Val l: 0.2498 | Test e:  78.69 
| Epoch   96 | Train e:  91.65, T l:  0.1419 | Val e:  81.01 , Val l: 0.2535 | Test e:  77.59 
| Epoch   97 | Train e:  91.58, T l:  0.1415 | Val e:  81.20 , Val l: 0.2604 | Test e:  78.06 
| Epoch   98 | Train e:  91.66, T l:  0.1408 | Val e:  79.89 , Val l: 0.2646 | Test e:  78.13 
| Epoch   99 | Train e:  92.12, T l:  0.1411 | Val e:  80.37 , Val l: 0.2534 | Test e:  78.77 
| Epoch  100 | Train e:  92.05, T l:  0.1414 | Val e:  80.26 , Val l: 0.2702 | Test e:  78.10 
| Epoch  101 | Train e:  92.24, T l:  0.1395 | Val e:  80.96 , Val l: 0.2521 | Test e:  77.98 
| Epoch  102 | Train e:  92.17, T l:  0.1401 | Val e:  80.56 , Val l: 0.2598 | Test e:  78.17 
| Epoch  103 | Train e:  91.75, T l:  0.1387 | Val e:  80.84 , Val l: 0.2678 | Test e:  78.11 
| Epoch  104 | Train e:  92.37, T l:  0.1400 | Val e:  80.96 , Val l: 0.2571 | Test e:  78.43 
| Epoch  105 | Train e:  92.16, T l:  0.1390 | Val e:  80.68 , Val l: 0.2711 | Test e:  77.63 
| Epoch  106 | Train e:  92.11, T l:  0.1375 | Val e:  80.84 , Val l: 0.2742 | Test e:  77.75 
| Epoch  107 | Train e:  92.23, T l:  0.1367 | Val e:  80.22 , Val l: 0.2723 | Test e:  78.70 
| Epoch  108 | Train e:  92.18, T l:  0.1397 | Val e:  80.84 , Val l: 0.2666 | Test e:  77.61 
| Epoch  109 | Train e:  92.56, T l:  0.1368 | Val e:  80.89 , Val l: 0.2651 | Test e:  78.34 
| Epoch  110 | Train e:  92.55, T l:  0.1371 | Val e:  81.27 , Val l: 0.2475 | Test e:  78.60 
| Epoch  111 | Train e:  92.50, T l:  0.1376 | Val e:  80.32 , Val l: 0.2564 | Test e:  78.10 
| Epoch  112 | Train e:  92.69, T l:  0.1366 | Val e:  80.65 , Val l: 0.2607 | Test e:  78.11 
| Epoch  113 | Train e:  93.01, T l:  0.1349 | Val e:  81.04 , Val l: 0.2640 | Test e:  78.30 
| Epoch  114 | Train e:  92.88, T l:  0.1355 | Val e:  81.01 , Val l: 0.2656 | Test e:  78.44 
| Epoch  115 | Train e:  92.86, T l:  0.1347 | Val e:  80.98 , Val l: 0.2600 | Test e:  78.77 
| Epoch  116 | Train e:  92.79, T l:  0.1355 | Val e:  81.00 , Val l: 0.2649 | Test e:  78.14 
| Epoch  117 | Train e:  92.95, T l:  0.1347 | Val e:  80.45 , Val l: 0.2662 | Test e:  78.62 
| Epoch  118 | Train e:  93.10, T l:  0.1332 | Val e:  80.43 , Val l: 0.2608 | Test e:  78.32 
| Epoch  119 | Train e:  92.87, T l:  0.1337 | Val e:  80.65 , Val l: 0.2610 | Test e:  78.40 
| Epoch  120 | Train e:  93.08, T l:  0.1325 | Val e:  80.60 , Val l: 0.2649 | Test e:  79.07 
| Epoch  121 | Train e:  93.23, T l:  0.1325 | Val e:  80.89 , Val l: 0.2624 | Test e:  78.72 
| Epoch  122 | Train e:  93.12, T l:  0.1318 | Val e:  80.13 , Val l: 0.2811 | Test e:  77.86 
| Epoch  123 | Train e:  93.08, T l:  0.1334 | Val e:  81.32 , Val l: 0.2718 | Test e:  78.06 
| Epoch  124 | Train e:  93.14, T l:  0.1336 | Val e:  80.70 , Val l: 0.2611 | Test e:  78.00 
| Epoch  125 | Train e:  93.11, T l:  0.1329 | Val e:  80.50 , Val l: 0.2706 | Test e:  78.19 
| Epoch  126 | Train e:  93.28, T l:  0.1318 | Val e:  80.33 , Val l: 0.2689 | Test e:  78.42 
| Epoch  127 | Train e:  93.21, T l:  0.1312 | Val e:  80.66 , Val l: 0.2774 | Test e:  77.77 
| Epoch  128 | Train e:  93.33, T l:  0.1312 | Val e:  80.67 , Val l: 0.2651 | Test e:  78.89 
| Epoch  129 | Train e:  93.24, T l:  0.1310 | Val e:  80.93 , Val l: 0.2824 | Test e:  77.83 
| Epoch  130 | Train e:  93.35, T l:  0.1307 | Val e:  81.09 , Val l: 0.2685 | Test e:  78.44 
| Epoch  131 | Train e:  93.43, T l:  0.1305 | Val e:  80.75 , Val l: 0.2692 | Test e:  77.95 
| Epoch  132 | Train e:  93.37, T l:  0.1306 | Val e:  80.88 , Val l: 0.2741 | Test e:  77.82 
| Epoch  133 | Train e:  93.56, T l:  0.1304 | Val e:  81.84 , Val l: 0.2695 | Test e:  78.58 
| Epoch  134 | Train e:  93.57, T l:  0.1296 | Val e:  81.30 , Val l: 0.2710 | Test e:  78.36 
| Epoch  135 | Train e:  93.49, T l:  0.1295 | Val e:  81.22 , Val l: 0.2688 | Test e:  78.35 
| Epoch  136 | Train e:  93.46, T l:  0.1295 | Val e:  80.61 , Val l: 0.2662 | Test e:  77.76 
| Epoch  137 | Train e:  93.74, T l:  0.1296 | Val e:  80.55 , Val l: 0.2659 | Test e:  78.47 
| Epoch  138 | Train e:  93.59, T l:  0.1293 | Val e:  81.00 , Val l: 0.2779 | Test e:  77.92 
| Epoch  139 | Train e:  93.70, T l:  0.1297 | Val e:  81.42 , Val l: 0.2718 | Test e:  78.11 
| Epoch  140 | Train e:  93.69, T l:  0.1280 | Val e:  80.95 , Val l: 0.2659 | Test e:  78.56 
| Epoch  141 | Train e:  93.78, T l:  0.1274 | Val e:  80.95 , Val l: 0.2732 | Test e:  78.65 
| Epoch  142 | Train e:  93.76, T l:  0.1275 | Val e:  81.21 , Val l: 0.2756 | Test e:  77.92 
| Epoch  143 | Train e:  93.85, T l:  0.1263 | Val e:  80.97 , Val l: 0.2747 | Test e:  77.95 
| Epoch  144 | Train e:  93.73, T l:  0.1285 | Val e:  81.40 , Val l: 0.2788 | Test e:  78.23 
| Epoch  145 | Train e:  93.77, T l:  0.1272 | Val e:  80.83 , Val l: 0.2747 | Test e:  77.52 
| Epoch  146 | Train e:  94.01, T l:  0.1257 | Val e:  80.81 , Val l: 0.2718 | Test e:  77.97 
| Epoch  147 | Train e:  93.95, T l:  0.1271 | Val e:  81.06 , Val l: 0.2619 | Test e:  78.08 
| Epoch  148 | Train e:  93.90, T l:  0.1273 | Val e:  80.83 , Val l: 0.2779 | Test e:  78.00 
| Epoch  149 | Train e:  93.87, T l:  0.1254 | Val e:  80.61 , Val l: 0.2808 | Test e:  78.13 
| Epoch  150 | Train e:  94.05, T l:  0.1246 | Val e:  81.02 , Val l: 0.2723 | Test e:  78.48 
| Epoch  151 | Train e:  93.98, T l:  0.1249 | Val e:  80.97 , Val l: 0.2764 | Test e:  77.81 
| Epoch  152 | Train e:  94.25, T l:  0.1260 | Val e:  81.49 , Val l: 0.2652 | Test e:  79.15 
| Epoch  153 | Train e:  94.03, T l:  0.1259 | Val e:  81.27 , Val l: 0.2709 | Test e:  78.45 
| Epoch  154 | Train e:  93.99, T l:  0.1244 | Val e:  81.11 , Val l: 0.2784 | Test e:  78.06 
| Epoch  155 | Train e:  94.11, T l:  0.1251 | Val e:  81.50 , Val l: 0.2799 | Test e:  78.14 
| Epoch  156 | Train e:  94.12, T l:  0.1236 | Val e:  81.27 , Val l: 0.2873 | Test e:  78.09 
| Epoch  157 | Train e:  94.30, T l:  0.1229 | Val e:  80.95 , Val l: 0.2730 | Test e:  78.43 
| Epoch  158 | Train e:  94.21, T l:  0.1246 | Val e:  81.13 , Val l: 0.2846 | Test e:  78.01 
| Epoch  159 | Train e:  94.22, T l:  0.1231 | Val e:  81.15 , Val l: 0.2777 | Test e:  78.22 
| Epoch  160 | Train e:  94.30, T l:  0.1235 | Val e:  81.05 , Val l: 0.2743 | Test e:  78.71 
| Epoch  161 | Train e:  94.23, T l:  0.1227 | Val e:  81.29 , Val l: 0.2694 | Test e:  78.57 
| Epoch  162 | Train e:  94.36, T l:  0.1224 | Val e:  80.89 , Val l: 0.2755 | Test e:  78.60 
| Epoch  163 | Train e:  94.30, T l:  0.1225 | Val e:  80.84 , Val l: 0.2784 | Test e:  78.09 
| Epoch  164 | Train e:  94.14, T l:  0.1220 | Val e:  81.04 , Val l: 0.2962 | Test e:  77.67 
| Epoch  165 | Train e:  94.35, T l:  0.1224 | Val e:  81.08 , Val l: 0.2799 | Test e:  78.09 
| Epoch  166 | Train e:  94.41, T l:  0.1215 | Val e:  80.81 , Val l: 0.2739 | Test e:  78.05 
| Epoch  167 | Train e:  94.38, T l:  0.1225 | Val e:  80.71 , Val l: 0.2754 | Test e:  77.96 
| Epoch  168 | Train e:  94.25, T l:  0.1208 | Val e:  81.11 , Val l: 0.2905 | Test e:  77.27 
| Epoch  169 | Train e:  94.51, T l:  0.1207 | Val e:  80.73 , Val l: 0.2717 | Test e:  78.44 
| Epoch  170 | Train e:  94.46, T l:  0.1197 | Val e:  80.86 , Val l: 0.2831 | Test e:  78.30 
| Epoch  171 | Train e:  94.31, T l:  0.1208 | Val e:  81.12 , Val l: 0.2860 | Test e:  78.21 
| Epoch  172 | Train e:  94.58, T l:  0.1205 | Val e:  81.30 , Val l: 0.2749 | Test e:  78.50 
| Epoch  173 | Train e:  94.45, T l:  0.1196 | Val e:  80.96 , Val l: 0.2864 | Test e:  78.22 
| Epoch  174 | Train e:  94.52, T l:  0.1193 | Val e:  80.89 , Val l: 0.2800 | Test e:  78.15 
| Epoch  175 | Train e:  94.48, T l:  0.1203 | Val e:  80.95 , Val l: 0.2830 | Test e:  78.12 
| Epoch  176 | Train e:  94.52, T l:  0.1197 | Val e:  80.86 , Val l: 0.2800 | Test e:  77.94 
| Epoch  177 | Train e:  94.60, T l:  0.1188 | Val e:  81.08 , Val l: 0.2788 | Test e:  78.27 
| Epoch  178 | Train e:  94.58, T l:  0.1190 | Val e:  81.11 , Val l: 0.2813 | Test e:  78.29 
| Epoch  179 | Train e:  94.67, T l:  0.1200 | Val e:  81.12 , Val l: 0.2788 | Test e:  78.23 
| Epoch  180 | Train e:  94.59, T l:  0.1182 | Val e:  81.01 , Val l: 0.2806 | Test e:  77.85 
| Epoch  181 | Train e:  94.64, T l:  0.1185 | Val e:  81.00 , Val l: 0.2834 | Test e:  78.08 
| Epoch  182 | Train e:  94.64, T l:  0.1185 | Val e:  80.77 , Val l: 0.2840 | Test e:  78.11 
| Epoch  183 | Train e:  94.71, T l:  0.1179 | Val e:  80.84 , Val l: 0.2833 | Test e:  78.50 
| Epoch  184 | Train e:  94.67, T l:  0.1188 | Val e:  80.85 , Val l: 0.2846 | Test e:  78.37 
| Epoch  185 | Train e:  94.76, T l:  0.1180 | Val e:  81.10 , Val l: 0.2832 | Test e:  78.56 
| Epoch  186 | Train e:  94.76, T l:  0.1180 | Val e:  81.01 , Val l: 0.2840 | Test e:  78.39 
| Epoch  187 | Train e:  94.65, T l:  0.1176 | Val e:  80.77 , Val l: 0.2865 | Test e:  77.97 
| Epoch  188 | Train e:  94.69, T l:  0.1177 | Val e:  80.81 , Val l: 0.2885 | Test e:  78.15 
| Epoch  189 | Train e:  94.70, T l:  0.1175 | Val e:  81.07 , Val l: 0.2904 | Test e:  78.26 
| Epoch  190 | Train e:  94.65, T l:  0.1185 | Val e:  80.81 , Val l: 0.2901 | Test e:  78.05 
| Epoch  191 | Train e:  94.75, T l:  0.1164 | Val e:  80.97 , Val l: 0.2851 | Test e:  78.29 
| Epoch  192 | Train e:  94.77, T l:  0.1166 | Val e:  80.93 , Val l: 0.2850 | Test e:  78.33 
| Epoch  193 | Train e:  94.77, T l:  0.1161 | Val e:  80.81 , Val l: 0.2840 | Test e:  78.14 
| Epoch  194 | Train e:  94.74, T l:  0.1159 | Val e:  80.98 , Val l: 0.2887 | Test e:  78.16 
| Epoch  195 | Train e:  94.76, T l:  0.1167 | Val e:  80.95 , Val l: 0.2846 | Test e:  78.12 
| Epoch  196 | Train e:  94.78, T l:  0.1169 | Val e:  80.97 , Val l: 0.2857 | Test e:  78.19 
| Epoch  197 | Train e:  94.80, T l:  0.1187 | Val e:  80.99 , Val l: 0.2838 | Test e:  78.27 
| Epoch  198 | Train e:  94.81, T l:  0.1165 | Val e:  81.05 , Val l: 0.2840 | Test e:  78.28 
| Epoch  199 | Train e:  94.79, T l:  0.1165 | Val e:  81.04 , Val l: 0.2851 | Test e:  78.23 
