

===============================================
2022-08-23 04:18:54

main.py --readout cls --gconv-dim 256 --tlayer-dim 256 --num-heads 8 --no-clustering --masked-attention --batch-size 32 --epochs 200 --warmup 20 --gconv-dropout 0.5 --tlayer-dropout 0.5 --seeds 314159 --device 0

None

dataset: ogbg-moltox21
use_val_loss: False
epochs: 200
scheduler: linear
warmup: 20
patience: 25
batch_size: 32
lr: 0.0001
weight_decay: 0.0001
clustering: False
masked_attention: True
gconv_dim: 256
tlayer_dim: 256
gconv_dropout: 0.5
tlayer_dropout: 0.5
num_layers: 4
num_heads: 8
skip_connection: none
readout: cls
seeds: 314159
save_state: False



| Epoch    0 | Train e:  46.82, T l:  0.5693 | Val e:  50.31 , Val l: 0.3595 | Test e:  51.18 
| Epoch    1 | Train e:  50.84, T l:  0.3293 | Val e:  50.64 , Val l: 0.3025 | Test e:  52.52 
| Epoch    2 | Train e:  56.35, T l:  0.2672 | Val e:  55.35 , Val l: 0.3072 | Test e:  55.70 
| Epoch    3 | Train e:  60.22, T l:  0.2525 | Val e:  58.42 , Val l: 0.3123 | Test e:  58.71 
| Epoch    4 | Train e:  60.06, T l:  0.2468 | Val e:  59.70 , Val l: 0.3170 | Test e:  59.82 
| Epoch    5 | Train e:  58.85, T l:  0.2447 | Val e:  59.57 , Val l: 0.3132 | Test e:  59.98 
| Epoch    6 | Train e:  61.62, T l:  0.2388 | Val e:  61.45 , Val l: 0.3065 | Test e:  61.28 
| Epoch    7 | Train e:  65.94, T l:  0.2345 | Val e:  63.75 , Val l: 0.2988 | Test e:  64.03 
| Epoch    8 | Train e:  68.92, T l:  0.2308 | Val e:  66.68 , Val l: 0.2926 | Test e:  65.81 
| Epoch    9 | Train e:  72.35, T l:  0.2226 | Val e:  70.41 , Val l: 0.2927 | Test e:  66.33 
| Epoch   10 | Train e:  73.69, T l:  0.2162 | Val e:  72.46 , Val l: 0.2826 | Test e:  68.55 
| Epoch   11 | Train e:  74.23, T l:  0.2122 | Val e:  72.41 , Val l: 0.2823 | Test e:  68.78 
| Epoch   12 | Train e:  75.85, T l:  0.2102 | Val e:  74.35 , Val l: 0.2743 | Test e:  70.48 
| Epoch   13 | Train e:  76.53, T l:  0.2087 | Val e:  74.24 , Val l: 0.2796 | Test e:  69.99 
| Epoch   14 | Train e:  77.36, T l:  0.2037 | Val e:  75.59 , Val l: 0.2632 | Test e:  72.10 
| Epoch   15 | Train e:  77.64, T l:  0.2036 | Val e:  75.85 , Val l: 0.2674 | Test e:  71.95 
| Epoch   16 | Train e:  78.33, T l:  0.2023 | Val e:  76.36 , Val l: 0.2787 | Test e:  72.74 
| Epoch   17 | Train e:  79.28, T l:  0.2009 | Val e:  77.10 , Val l: 0.3112 | Test e:  72.57 
| Epoch   18 | Train e:  79.99, T l:  0.1996 | Val e:  77.79 , Val l: 0.2606 | Test e:  74.19 
| Epoch   19 | Train e:  80.66, T l:  0.1962 | Val e:  77.58 , Val l: 0.2807 | Test e:  73.10 
| Epoch   20 | Train e:  81.53, T l:  0.1966 | Val e:  78.15 , Val l: 0.2630 | Test e:  74.35 
| Epoch   21 | Train e:  81.49, T l:  0.1937 | Val e:  77.99 , Val l: 0.2725 | Test e:  73.42 
| Epoch   22 | Train e:  81.89, T l:  0.1925 | Val e:  77.81 , Val l: 0.2686 | Test e:  73.42 
| Epoch   23 | Train e:  82.82, T l:  0.1905 | Val e:  78.78 , Val l: 0.2490 | Test e:  74.69 
| Epoch   24 | Train e:  82.70, T l:  0.1890 | Val e:  78.84 , Val l: 0.2547 | Test e:  75.01 
| Epoch   25 | Train e:  83.59, T l:  0.1896 | Val e:  79.08 , Val l: 0.2482 | Test e:  75.12 
| Epoch   26 | Train e:  83.76, T l:  0.1863 | Val e:  79.03 , Val l: 0.2482 | Test e:  75.21 
| Epoch   27 | Train e:  84.86, T l:  0.1850 | Val e:  79.17 , Val l: 0.2553 | Test e:  75.31 
| Epoch   28 | Train e:  85.06, T l:  0.1839 | Val e:  79.35 , Val l: 0.2514 | Test e:  75.37 
| Epoch   29 | Train e:  85.64, T l:  0.1831 | Val e:  79.43 , Val l: 0.2448 | Test e:  75.17 
| Epoch   30 | Train e:  85.52, T l:  0.1829 | Val e:  79.47 , Val l: 0.2530 | Test e:  75.41 
| Epoch   31 | Train e:  86.11, T l:  0.1804 | Val e:  80.04 , Val l: 0.2439 | Test e:  75.63 
| Epoch   32 | Train e:  86.66, T l:  0.1800 | Val e:  79.79 , Val l: 0.2506 | Test e:  75.21 
| Epoch   33 | Train e:  86.24, T l:  0.1799 | Val e:  80.07 , Val l: 0.2516 | Test e:  75.07 
| Epoch   34 | Train e:  86.77, T l:  0.1762 | Val e:  79.24 , Val l: 0.2694 | Test e:  74.51 
| Epoch   35 | Train e:  85.67, T l:  0.1772 | Val e:  80.62 , Val l: 0.2502 | Test e:  74.95 
| Epoch   36 | Train e:  86.88, T l:  0.1760 | Val e:  79.96 , Val l: 0.2546 | Test e:  74.84 
| Epoch   37 | Train e:  86.97, T l:  0.1734 | Val e:  80.13 , Val l: 0.2490 | Test e:  76.09 
| Epoch   38 | Train e:  87.73, T l:  0.1736 | Val e:  80.52 , Val l: 0.2474 | Test e:  76.68 
| Epoch   39 | Train e:  87.63, T l:  0.1726 | Val e:  80.31 , Val l: 0.2422 | Test e:  76.56 
| Epoch   40 | Train e:  88.01, T l:  0.1708 | Val e:  80.33 , Val l: 0.2487 | Test e:  76.64 
| Epoch   41 | Train e:  87.84, T l:  0.1698 | Val e:  80.20 , Val l: 0.2477 | Test e:  76.46 
| Epoch   42 | Train e:  87.56, T l:  0.1696 | Val e:  80.42 , Val l: 0.2527 | Test e:  76.68 
| Epoch   43 | Train e:  88.12, T l:  0.1681 | Val e:  79.70 , Val l: 0.2568 | Test e:  75.85 
| Epoch   44 | Train e:  88.28, T l:  0.1675 | Val e:  79.92 , Val l: 0.2520 | Test e:  76.03 
| Epoch   45 | Train e:  88.39, T l:  0.1682 | Val e:  80.15 , Val l: 0.2488 | Test e:  75.80 
| Epoch   46 | Train e:  88.53, T l:  0.1668 | Val e:  80.54 , Val l: 0.2460 | Test e:  75.89 
| Epoch   47 | Train e:  88.54, T l:  0.1655 | Val e:  80.59 , Val l: 0.2458 | Test e:  76.60 
| Epoch   48 | Train e:  88.52, T l:  0.1651 | Val e:  79.94 , Val l: 0.2623 | Test e:  76.17 
| Epoch   49 | Train e:  88.86, T l:  0.1640 | Val e:  80.42 , Val l: 0.2473 | Test e:  77.25 
| Epoch   50 | Train e:  89.00, T l:  0.1642 | Val e:  80.08 , Val l: 0.2491 | Test e:  77.59 
| Epoch   51 | Train e:  89.15, T l:  0.1639 | Val e:  80.66 , Val l: 0.2535 | Test e:  76.70 
| Epoch   52 | Train e:  89.31, T l:  0.1625 | Val e:  80.12 , Val l: 0.2502 | Test e:  77.50 
| Epoch   53 | Train e:  89.39, T l:  0.1608 | Val e:  79.84 , Val l: 0.2539 | Test e:  76.84 
| Epoch   54 | Train e:  89.38, T l:  0.1619 | Val e:  80.06 , Val l: 0.2429 | Test e:  77.09 
| Epoch   55 | Train e:  89.51, T l:  0.1611 | Val e:  79.95 , Val l: 0.2461 | Test e:  77.30 
| Epoch   56 | Train e:  89.39, T l:  0.1624 | Val e:  80.33 , Val l: 0.2508 | Test e:  76.39 
| Epoch   57 | Train e:  89.58, T l:  0.1585 | Val e:  80.55 , Val l: 0.2433 | Test e:  76.91 
| Epoch   58 | Train e:  89.35, T l:  0.1597 | Val e:  80.23 , Val l: 0.2468 | Test e:  76.37 
| Epoch   59 | Train e:  89.77, T l:  0.1591 | Val e:  80.43 , Val l: 0.2533 | Test e:  77.36 
| Epoch   60 | Train e:  89.80, T l:  0.1572 | Val e:  80.12 , Val l: 0.2485 | Test e:  76.95 
| Epoch   61 | Train e:  89.54, T l:  0.1579 | Val e:  79.65 , Val l: 0.2652 | Test e:  75.73 
| Epoch   62 | Train e:  89.78, T l:  0.1578 | Val e:  80.06 , Val l: 0.2461 | Test e:  77.49 
| Epoch   63 | Train e:  90.10, T l:  0.1563 | Val e:  79.91 , Val l: 0.2496 | Test e:  77.85 
| Epoch   64 | Train e:  90.17, T l:  0.1551 | Val e:  79.93 , Val l: 0.2546 | Test e:  76.99 
| Epoch   65 | Train e:  90.16, T l:  0.1561 | Val e:  80.23 , Val l: 0.2474 | Test e:  77.18 
| Epoch   66 | Train e:  90.09, T l:  0.1547 | Val e:  79.82 , Val l: 0.2537 | Test e:  77.76 
| Epoch   67 | Train e:  90.06, T l:  0.1557 | Val e:  79.89 , Val l: 0.2487 | Test e:  76.64 
| Epoch   68 | Train e:  90.06, T l:  0.1553 | Val e:  79.62 , Val l: 0.2523 | Test e:  76.04 
| Epoch   69 | Train e:  90.36, T l:  0.1531 | Val e:  79.97 , Val l: 0.2507 | Test e:  77.78 
| Epoch   70 | Train e:  90.21, T l:  0.1535 | Val e:  79.54 , Val l: 0.2498 | Test e:  77.71 
| Epoch   71 | Train e:  90.19, T l:  0.1529 | Val e:  79.80 , Val l: 0.2552 | Test e:  76.03 
| Epoch   72 | Train e:  90.79, T l:  0.1515 | Val e:  80.53 , Val l: 0.2489 | Test e:  78.31 
| Epoch   73 | Train e:  90.79, T l:  0.1510 | Val e:  80.88 , Val l: 0.2546 | Test e:  78.01 
| Epoch   74 | Train e:  90.76, T l:  0.1509 | Val e:  80.59 , Val l: 0.2471 | Test e:  78.20 
| Epoch   75 | Train e:  90.83, T l:  0.1511 | Val e:  80.10 , Val l: 0.2522 | Test e:  77.89 
| Epoch   76 | Train e:  91.04, T l:  0.1504 | Val e:  79.98 , Val l: 0.2521 | Test e:  78.11 
| Epoch   77 | Train e:  90.87, T l:  0.1496 | Val e:  80.28 , Val l: 0.2482 | Test e:  77.44 
| Epoch   78 | Train e:  90.99, T l:  0.1478 | Val e:  80.34 , Val l: 0.2501 | Test e:  77.76 
| Epoch   79 | Train e:  91.17, T l:  0.1488 | Val e:  80.72 , Val l: 0.2566 | Test e:  78.33 
| Epoch   80 | Train e:  90.76, T l:  0.1491 | Val e:  80.75 , Val l: 0.2580 | Test e:  77.44 
| Epoch   81 | Train e:  91.02, T l:  0.1483 | Val e:  80.66 , Val l: 0.2521 | Test e:  77.10 
| Epoch   82 | Train e:  91.33, T l:  0.1490 | Val e:  80.91 , Val l: 0.2471 | Test e:  78.60 
| Epoch   83 | Train e:  91.15, T l:  0.1467 | Val e:  80.78 , Val l: 0.2510 | Test e:  78.43 
| Epoch   84 | Train e:  91.36, T l:  0.1473 | Val e:  80.53 , Val l: 0.2514 | Test e:  77.66 
| Epoch   85 | Train e:  91.27, T l:  0.1457 | Val e:  80.17 , Val l: 0.2632 | Test e:  77.64 
| Epoch   86 | Train e:  91.32, T l:  0.1456 | Val e:  80.86 , Val l: 0.2640 | Test e:  77.80 
| Epoch   87 | Train e:  91.13, T l:  0.1455 | Val e:  80.47 , Val l: 0.2768 | Test e:  76.56 
| Epoch   88 | Train e:  91.52, T l:  0.1457 | Val e:  80.20 , Val l: 0.2568 | Test e:  77.66 
| Epoch   89 | Train e:  91.71, T l:  0.1451 | Val e:  79.72 , Val l: 0.2550 | Test e:  78.34 
| Epoch   90 | Train e:  91.38, T l:  0.1449 | Val e:  80.88 , Val l: 0.2555 | Test e:  78.40 
| Epoch   91 | Train e:  91.64, T l:  0.1433 | Val e:  80.31 , Val l: 0.2655 | Test e:  77.43 
| Epoch   92 | Train e:  91.76, T l:  0.1437 | Val e:  80.37 , Val l: 0.2545 | Test e:  77.91 
| Epoch   93 | Train e:  91.75, T l:  0.1428 | Val e:  80.01 , Val l: 0.2536 | Test e:  78.10 
| Epoch   94 | Train e:  91.90, T l:  0.1425 | Val e:  80.28 , Val l: 0.2499 | Test e:  78.29 
| Epoch   95 | Train e:  91.79, T l:  0.1426 | Val e:  80.43 , Val l: 0.2618 | Test e:  78.68 
| Epoch   96 | Train e:  91.80, T l:  0.1430 | Val e:  80.63 , Val l: 0.2628 | Test e:  78.79 
| Epoch   97 | Train e:  92.05, T l:  0.1414 | Val e:  80.30 , Val l: 0.2543 | Test e:  78.59 
| Epoch   98 | Train e:  92.16, T l:  0.1408 | Val e:  80.63 , Val l: 0.2488 | Test e:  78.32 
| Epoch   99 | Train e:  92.09, T l:  0.1399 | Val e:  80.21 , Val l: 0.2592 | Test e:  77.58 
| Epoch  100 | Train e:  92.13, T l:  0.1400 | Val e:  80.53 , Val l: 0.2586 | Test e:  78.07 
| Epoch  101 | Train e:  92.34, T l:  0.1413 | Val e:  79.95 , Val l: 0.2512 | Test e:  78.14 
| Epoch  102 | Train e:  92.23, T l:  0.1400 | Val e:  80.39 , Val l: 0.2550 | Test e:  78.28 
| Epoch  103 | Train e:  92.46, T l:  0.1390 | Val e:  80.52 , Val l: 0.2563 | Test e:  77.96 
| Epoch  104 | Train e:  92.34, T l:  0.1392 | Val e:  80.17 , Val l: 0.2601 | Test e:  77.55 
| Epoch  105 | Train e:  92.43, T l:  0.1387 | Val e:  80.28 , Val l: 0.2588 | Test e:  77.49 
| Epoch  106 | Train e:  92.44, T l:  0.1385 | Val e:  80.22 , Val l: 0.2560 | Test e:  78.16 
| Epoch  107 | Train e:  92.34, T l:  0.1387 | Val e:  80.13 , Val l: 0.2628 | Test e:  77.30 
| Epoch  108 | Train e:  92.41, T l:  0.1376 | Val e:  80.20 , Val l: 0.2631 | Test e:  77.36 
| Epoch  109 | Train e:  92.60, T l:  0.1378 | Val e:  80.32 , Val l: 0.2613 | Test e:  78.10 
| Epoch  110 | Train e:  92.41, T l:  0.1375 | Val e:  80.30 , Val l: 0.2783 | Test e:  76.82 
| Epoch  111 | Train e:  92.81, T l:  0.1363 | Val e:  80.66 , Val l: 0.2623 | Test e:  78.72 
| Epoch  112 | Train e:  92.76, T l:  0.1367 | Val e:  80.68 , Val l: 0.2584 | Test e:  78.52 
| Epoch  113 | Train e:  92.50, T l:  0.1371 | Val e:  80.07 , Val l: 0.2792 | Test e:  77.77 
| Epoch  114 | Train e:  92.74, T l:  0.1373 | Val e:  80.70 , Val l: 0.2666 | Test e:  77.62 
| Epoch  115 | Train e:  92.72, T l:  0.1349 | Val e:  79.83 , Val l: 0.2617 | Test e:  77.71 
| Epoch  116 | Train e:  92.94, T l:  0.1354 | Val e:  80.05 , Val l: 0.2587 | Test e:  77.72 
| Epoch  117 | Train e:  93.00, T l:  0.1356 | Val e:  80.05 , Val l: 0.2598 | Test e:  78.03 
| Epoch  118 | Train e:  92.98, T l:  0.1350 | Val e:  79.85 , Val l: 0.2582 | Test e:  78.26 
| Epoch  119 | Train e:  92.97, T l:  0.1354 | Val e:  79.99 , Val l: 0.2682 | Test e:  78.75 
| Epoch  120 | Train e:  93.05, T l:  0.1339 | Val e:  79.77 , Val l: 0.2657 | Test e:  78.26 
| Epoch  121 | Train e:  93.11, T l:  0.1323 | Val e:  80.14 , Val l: 0.2644 | Test e:  78.09 
| Epoch  122 | Train e:  93.14, T l:  0.1330 | Val e:  79.80 , Val l: 0.2651 | Test e:  77.83 
| Epoch  123 | Train e:  93.09, T l:  0.1321 | Val e:  80.23 , Val l: 0.2648 | Test e:  77.97 
| Epoch  124 | Train e:  93.25, T l:  0.1335 | Val e:  80.21 , Val l: 0.2636 | Test e:  77.95 
| Epoch  125 | Train e:  93.35, T l:  0.1326 | Val e:  80.12 , Val l: 0.2635 | Test e:  78.49 
| Epoch  126 | Train e:  93.22, T l:  0.1328 | Val e:  80.44 , Val l: 0.2618 | Test e:  78.25 
| Epoch  127 | Train e:  93.24, T l:  0.1329 | Val e:  80.16 , Val l: 0.2660 | Test e:  77.57 
| Epoch  128 | Train e:  93.36, T l:  0.1302 | Val e:  80.09 , Val l: 0.2680 | Test e:  78.03 
| Epoch  129 | Train e:  93.16, T l:  0.1313 | Val e:  80.36 , Val l: 0.2747 | Test e:  78.00 
| Epoch  130 | Train e:  93.47, T l:  0.1313 | Val e:  80.28 , Val l: 0.2634 | Test e:  78.08 
| Epoch  131 | Train e:  93.42, T l:  0.1317 | Val e:  80.08 , Val l: 0.2697 | Test e:  78.30 
| Epoch  132 | Train e:  93.52, T l:  0.1309 | Val e:  80.24 , Val l: 0.2667 | Test e:  78.44 
| Epoch  133 | Train e:  93.52, T l:  0.1304 | Val e:  80.11 , Val l: 0.2653 | Test e:  77.50 
| Epoch  134 | Train e:  93.64, T l:  0.1302 | Val e:  80.24 , Val l: 0.2721 | Test e:  78.35 
| Epoch  135 | Train e:  93.35, T l:  0.1301 | Val e:  80.06 , Val l: 0.2820 | Test e:  78.17 
| Epoch  136 | Train e:  93.52, T l:  0.1298 | Val e:  80.44 , Val l: 0.2717 | Test e:  78.51 
| Epoch  137 | Train e:  93.61, T l:  0.1296 | Val e:  80.18 , Val l: 0.2765 | Test e:  78.56 
| Epoch  138 | Train e:  93.41, T l:  0.1293 | Val e:  80.29 , Val l: 0.2823 | Test e:  78.12 
| Epoch  139 | Train e:  93.43, T l:  0.1283 | Val e:  80.07 , Val l: 0.2793 | Test e:  77.68 
| Epoch  140 | Train e:  93.67, T l:  0.1280 | Val e:  80.14 , Val l: 0.2747 | Test e:  78.54 
| Epoch  141 | Train e:  93.57, T l:  0.1282 | Val e:  79.97 , Val l: 0.2850 | Test e:  77.55 
| Epoch  142 | Train e:  93.94, T l:  0.1267 | Val e:  80.27 , Val l: 0.2732 | Test e:  78.08 
| Epoch  143 | Train e:  93.85, T l:  0.1292 | Val e:  80.45 , Val l: 0.2626 | Test e:  78.21 
| Epoch  144 | Train e:  93.83, T l:  0.1282 | Val e:  80.37 , Val l: 0.2661 | Test e:  78.20 
| Epoch  145 | Train e:  93.80, T l:  0.1266 | Val e:  81.03 , Val l: 0.2816 | Test e:  77.91 
| Epoch  146 | Train e:  93.79, T l:  0.1271 | Val e:  80.30 , Val l: 0.2795 | Test e:  77.18 
| Epoch  147 | Train e:  93.96, T l:  0.1258 | Val e:  79.98 , Val l: 0.2791 | Test e:  78.32 
| Epoch  148 | Train e:  93.98, T l:  0.1266 | Val e:  80.01 , Val l: 0.2813 | Test e:  77.71 
| Epoch  149 | Train e:  93.88, T l:  0.1259 | Val e:  79.93 , Val l: 0.2745 | Test e:  77.68 
| Epoch  150 | Train e:  93.98, T l:  0.1252 | Val e:  80.55 , Val l: 0.2744 | Test e:  77.69 
| Epoch  151 | Train e:  94.00, T l:  0.1260 | Val e:  80.86 , Val l: 0.2804 | Test e:  77.62 
| Epoch  152 | Train e:  94.15, T l:  0.1251 | Val e:  80.42 , Val l: 0.2700 | Test e:  78.29 
| Epoch  153 | Train e:  94.10, T l:  0.1254 | Val e:  80.39 , Val l: 0.2659 | Test e:  77.96 
| Epoch  154 | Train e:  94.18, T l:  0.1239 | Val e:  80.59 , Val l: 0.2767 | Test e:  77.94 
| Epoch  155 | Train e:  94.05, T l:  0.1238 | Val e:  80.70 , Val l: 0.2779 | Test e:  77.87 
| Epoch  156 | Train e:  94.17, T l:  0.1249 | Val e:  80.32 , Val l: 0.2726 | Test e:  78.02 
| Epoch  157 | Train e:  94.16, T l:  0.1248 | Val e:  80.20 , Val l: 0.2737 | Test e:  77.81 
| Epoch  158 | Train e:  94.26, T l:  0.1239 | Val e:  80.27 , Val l: 0.2704 | Test e:  78.00 
| Epoch  159 | Train e:  94.32, T l:  0.1241 | Val e:  80.73 , Val l: 0.2771 | Test e:  78.12 
| Epoch  160 | Train e:  94.37, T l:  0.1225 | Val e:  80.73 , Val l: 0.2783 | Test e:  78.09 
| Epoch  161 | Train e:  94.34, T l:  0.1232 | Val e:  80.38 , Val l: 0.2799 | Test e:  78.16 
| Epoch  162 | Train e:  94.36, T l:  0.1230 | Val e:  80.70 , Val l: 0.2797 | Test e:  78.30 
| Epoch  163 | Train e:  94.44, T l:  0.1234 | Val e:  80.52 , Val l: 0.2740 | Test e:  77.97 
| Epoch  164 | Train e:  94.45, T l:  0.1219 | Val e:  80.47 , Val l: 0.2766 | Test e:  77.81 
| Epoch  165 | Train e:  94.46, T l:  0.1214 | Val e:  80.76 , Val l: 0.2737 | Test e:  77.60 
| Epoch  166 | Train e:  94.35, T l:  0.1225 | Val e:  80.66 , Val l: 0.2791 | Test e:  77.41 
| Epoch  167 | Train e:  94.29, T l:  0.1220 | Val e:  80.08 , Val l: 0.2842 | Test e:  77.14 
| Epoch  168 | Train e:  94.46, T l:  0.1218 | Val e:  80.48 , Val l: 0.2777 | Test e:  77.58 
| Epoch  169 | Train e:  94.42, T l:  0.1206 | Val e:  80.77 , Val l: 0.2753 | Test e:  78.28 
| Epoch  170 | Train e:  94.51, T l:  0.1213 | Val e:  80.58 , Val l: 0.2798 | Test e:  77.77 
| Epoch  171 | Train e:  94.55, T l:  0.1213 | Val e:  80.58 , Val l: 0.2765 | Test e:  78.25 
| Epoch  172 | Train e:  94.49, T l:  0.1197 | Val e:  80.38 , Val l: 0.2866 | Test e:  77.77 
| Epoch  173 | Train e:  94.46, T l:  0.1196 | Val e:  80.46 , Val l: 0.2795 | Test e:  77.77 
| Epoch  174 | Train e:  94.56, T l:  0.1206 | Val e:  80.42 , Val l: 0.2781 | Test e:  77.50 
| Epoch  175 | Train e:  94.64, T l:  0.1197 | Val e:  80.49 , Val l: 0.2800 | Test e:  77.86 
| Epoch  176 | Train e:  94.51, T l:  0.1191 | Val e:  80.33 , Val l: 0.2839 | Test e:  77.46 
| Epoch  177 | Train e:  94.66, T l:  0.1197 | Val e:  80.56 , Val l: 0.2772 | Test e:  77.98 
| Epoch  178 | Train e:  94.60, T l:  0.1192 | Val e:  80.53 , Val l: 0.2790 | Test e:  77.53 
| Epoch  179 | Train e:  94.62, T l:  0.1199 | Val e:  80.13 , Val l: 0.2849 | Test e:  77.62 
| Epoch  180 | Train e:  94.65, T l:  0.1204 | Val e:  80.09 , Val l: 0.2755 | Test e:  77.57 
| Epoch  181 | Train e:  94.75, T l:  0.1191 | Val e:  80.45 , Val l: 0.2791 | Test e:  77.74 
| Epoch  182 | Train e:  94.61, T l:  0.1193 | Val e:  80.47 , Val l: 0.2845 | Test e:  77.60 
| Epoch  183 | Train e:  94.64, T l:  0.1195 | Val e:  80.57 , Val l: 0.2810 | Test e:  77.68 
| Epoch  184 | Train e:  94.72, T l:  0.1186 | Val e:  80.49 , Val l: 0.2808 | Test e:  77.74 
| Epoch  185 | Train e:  94.73, T l:  0.1176 | Val e:  80.30 , Val l: 0.2795 | Test e:  77.67 
| Epoch  186 | Train e:  94.75, T l:  0.1185 | Val e:  80.27 , Val l: 0.2809 | Test e:  77.77 
| Epoch  187 | Train e:  94.69, T l:  0.1177 | Val e:  80.34 , Val l: 0.2833 | Test e:  77.69 
| Epoch  188 | Train e:  94.75, T l:  0.1185 | Val e:  80.29 , Val l: 0.2852 | Test e:  77.87 
| Epoch  189 | Train e:  94.74, T l:  0.1189 | Val e:  80.36 , Val l: 0.2825 | Test e:  77.68 
| Epoch  190 | Train e:  94.72, T l:  0.1180 | Val e:  80.23 , Val l: 0.2866 | Test e:  77.74 
| Epoch  191 | Train e:  94.69, T l:  0.1183 | Val e:  80.45 , Val l: 0.2898 | Test e:  77.82 
| Epoch  192 | Train e:  94.79, T l:  0.1182 | Val e:  80.48 , Val l: 0.2832 | Test e:  77.83 
| Epoch  193 | Train e:  94.75, T l:  0.1178 | Val e:  80.29 , Val l: 0.2863 | Test e:  77.62 
| Epoch  194 | Train e:  94.75, T l:  0.1163 | Val e:  80.43 , Val l: 0.2872 | Test e:  77.69 
| Epoch  195 | Train e:  94.80, T l:  0.1175 | Val e:  80.41 , Val l: 0.2842 | Test e:  77.66 
| Epoch  196 | Train e:  94.81, T l:  0.1169 | Val e:  80.40 , Val l: 0.2826 | Test e:  77.62 
| Epoch  197 | Train e:  94.78, T l:  0.1167 | Val e:  80.41 , Val l: 0.2844 | Test e:  77.62 
| Epoch  198 | Train e:  94.82, T l:  0.1168 | Val e:  80.40 , Val l: 0.2830 | Test e:  77.72 
| Epoch  199 | Train e:  94.81, T l:  0.1165 | Val e:  80.41 , Val l: 0.2834 | Test e:  77.72 
