

===============================================
2022-08-23 04:18:52

main.py --readout cls --gconv-dim 256 --tlayer-dim 256 --num-heads 8 --no-clustering --masked-attention --batch-size 32 --epochs 200 --warmup 20 --gconv-dropout 0.5 --tlayer-dropout 0.5 --seeds 42 --device 0

None

dataset: ogbg-moltox21
use_val_loss: False
epochs: 200
scheduler: linear
warmup: 20
patience: 25
batch_size: 32
lr: 0.0001
weight_decay: 0.0001
clustering: False
masked_attention: True
gconv_dim: 256
tlayer_dim: 256
gconv_dropout: 0.5
tlayer_dropout: 0.5
num_layers: 4
num_heads: 8
skip_connection: none
readout: cls
seeds: 42
save_state: False



| Epoch    0 | Train e:  46.95, T l:  0.5743 | Val e:  51.19 , Val l: 0.3601 | Test e:  50.78 
| Epoch    1 | Train e:  47.61, T l:  0.3261 | Val e:  52.33 , Val l: 0.3072 | Test e:  49.09 
| Epoch    2 | Train e:  54.28, T l:  0.2653 | Val e:  57.33 , Val l: 0.3110 | Test e:  54.58 
| Epoch    3 | Train e:  56.12, T l:  0.2520 | Val e:  57.81 , Val l: 0.3155 | Test e:  56.79 
| Epoch    4 | Train e:  58.67, T l:  0.2471 | Val e:  60.08 , Val l: 0.3181 | Test e:  59.81 
| Epoch    5 | Train e:  61.31, T l:  0.2430 | Val e:  62.95 , Val l: 0.3077 | Test e:  63.64 
| Epoch    6 | Train e:  64.05, T l:  0.2368 | Val e:  62.97 , Val l: 0.3011 | Test e:  64.57 
| Epoch    7 | Train e:  66.15, T l:  0.2336 | Val e:  63.24 , Val l: 0.2970 | Test e:  64.64 
| Epoch    8 | Train e:  68.75, T l:  0.2294 | Val e:  65.52 , Val l: 0.2923 | Test e:  65.65 
| Epoch    9 | Train e:  72.72, T l:  0.2248 | Val e:  69.65 , Val l: 0.2816 | Test e:  67.58 
| Epoch   10 | Train e:  74.13, T l:  0.2147 | Val e:  73.02 , Val l: 0.2744 | Test e:  69.80 
| Epoch   11 | Train e:  74.63, T l:  0.2104 | Val e:  72.87 , Val l: 0.2866 | Test e:  69.73 
| Epoch   12 | Train e:  75.34, T l:  0.2093 | Val e:  73.75 , Val l: 0.2880 | Test e:  69.94 
| Epoch   13 | Train e:  76.67, T l:  0.2066 | Val e:  73.81 , Val l: 0.2753 | Test e:  70.38 
| Epoch   14 | Train e:  77.25, T l:  0.2047 | Val e:  74.94 , Val l: 0.2804 | Test e:  71.63 
| Epoch   15 | Train e:  76.74, T l:  0.2021 | Val e:  75.58 , Val l: 0.2772 | Test e:  72.23 
| Epoch   16 | Train e:  79.31, T l:  0.2019 | Val e:  77.27 , Val l: 0.2525 | Test e:  73.35 
| Epoch   17 | Train e:  78.32, T l:  0.2003 | Val e:  76.12 , Val l: 0.2981 | Test e:  73.29 
| Epoch   18 | Train e:  80.21, T l:  0.1997 | Val e:  76.96 , Val l: 0.2661 | Test e:  73.69 
| Epoch   19 | Train e:  79.83, T l:  0.1965 | Val e:  77.22 , Val l: 0.2571 | Test e:  74.17 
| Epoch   20 | Train e:  81.19, T l:  0.1946 | Val e:  78.03 , Val l: 0.2782 | Test e:  74.75 
| Epoch   21 | Train e:  82.20, T l:  0.1929 | Val e:  78.69 , Val l: 0.2533 | Test e:  75.17 
| Epoch   22 | Train e:  82.54, T l:  0.1922 | Val e:  78.41 , Val l: 0.2786 | Test e:  75.21 
| Epoch   23 | Train e:  83.16, T l:  0.1888 | Val e:  78.80 , Val l: 0.2786 | Test e:  75.98 
| Epoch   24 | Train e:  83.23, T l:  0.1881 | Val e:  79.23 , Val l: 0.2605 | Test e:  75.50 
| Epoch   25 | Train e:  84.70, T l:  0.1857 | Val e:  79.67 , Val l: 0.2533 | Test e:  75.86 
| Epoch   26 | Train e:  85.22, T l:  0.1860 | Val e:  79.76 , Val l: 0.2567 | Test e:  75.94 
| Epoch   27 | Train e:  86.00, T l:  0.1839 | Val e:  80.07 , Val l: 0.2548 | Test e:  75.75 
| Epoch   28 | Train e:  86.33, T l:  0.1816 | Val e:  80.55 , Val l: 0.2486 | Test e:  77.06 
| Epoch   29 | Train e:  86.78, T l:  0.1786 | Val e:  79.97 , Val l: 0.2704 | Test e:  76.30 
| Epoch   30 | Train e:  86.91, T l:  0.1788 | Val e:  81.15 , Val l: 0.2478 | Test e:  76.40 
| Epoch   31 | Train e:  86.81, T l:  0.1767 | Val e:  80.82 , Val l: 0.2630 | Test e:  76.54 
| Epoch   32 | Train e:  86.58, T l:  0.1761 | Val e:  80.55 , Val l: 0.2497 | Test e:  76.49 
| Epoch   33 | Train e:  87.00, T l:  0.1746 | Val e:  80.52 , Val l: 0.2440 | Test e:  77.30 
| Epoch   34 | Train e:  87.46, T l:  0.1733 | Val e:  80.69 , Val l: 0.2562 | Test e:  76.66 
| Epoch   35 | Train e:  87.70, T l:  0.1731 | Val e:  80.63 , Val l: 0.2495 | Test e:  76.86 
| Epoch   36 | Train e:  88.08, T l:  0.1721 | Val e:  81.19 , Val l: 0.2427 | Test e:  76.85 
| Epoch   37 | Train e:  87.66, T l:  0.1718 | Val e:  81.15 , Val l: 0.2499 | Test e:  76.15 
| Epoch   38 | Train e:  87.80, T l:  0.1693 | Val e:  81.40 , Val l: 0.2454 | Test e:  76.45 
| Epoch   39 | Train e:  87.92, T l:  0.1685 | Val e:  80.09 , Val l: 0.2469 | Test e:  76.22 
| Epoch   40 | Train e:  88.15, T l:  0.1686 | Val e:  80.36 , Val l: 0.2515 | Test e:  77.02 
| Epoch   41 | Train e:  88.39, T l:  0.1674 | Val e:  81.21 , Val l: 0.2603 | Test e:  78.09 
| Epoch   42 | Train e:  88.48, T l:  0.1690 | Val e:  81.39 , Val l: 0.2443 | Test e:  76.57 
| Epoch   43 | Train e:  88.44, T l:  0.1662 | Val e:  80.82 , Val l: 0.2475 | Test e:  76.55 
| Epoch   44 | Train e:  88.82, T l:  0.1659 | Val e:  81.28 , Val l: 0.2453 | Test e:  76.43 
| Epoch   45 | Train e:  88.74, T l:  0.1638 | Val e:  80.55 , Val l: 0.2583 | Test e:  76.37 
| Epoch   46 | Train e:  88.92, T l:  0.1633 | Val e:  81.00 , Val l: 0.2463 | Test e:  77.10 
| Epoch   47 | Train e:  88.74, T l:  0.1628 | Val e:  80.86 , Val l: 0.2392 | Test e:  77.29 
| Epoch   48 | Train e:  89.24, T l:  0.1614 | Val e:  81.44 , Val l: 0.2482 | Test e:  76.87 
| Epoch   49 | Train e:  89.15, T l:  0.1615 | Val e:  81.56 , Val l: 0.2493 | Test e:  77.76 
| Epoch   50 | Train e:  89.36, T l:  0.1608 | Val e:  81.03 , Val l: 0.2395 | Test e:  77.65 
| Epoch   51 | Train e:  89.36, T l:  0.1618 | Val e:  80.34 , Val l: 0.2563 | Test e:  77.52 
| Epoch   52 | Train e:  89.55, T l:  0.1611 | Val e:  81.05 , Val l: 0.2494 | Test e:  77.41 
| Epoch   53 | Train e:  89.13, T l:  0.1598 | Val e:  80.74 , Val l: 0.2426 | Test e:  77.82 
| Epoch   54 | Train e:  89.68, T l:  0.1597 | Val e:  81.24 , Val l: 0.2415 | Test e:  77.86 
| Epoch   55 | Train e:  89.59, T l:  0.1578 | Val e:  81.26 , Val l: 0.2373 | Test e:  78.21 
| Epoch   56 | Train e:  89.52, T l:  0.1576 | Val e:  80.92 , Val l: 0.2506 | Test e:  77.43 
| Epoch   57 | Train e:  89.66, T l:  0.1573 | Val e:  80.43 , Val l: 0.2488 | Test e:  77.08 
| Epoch   58 | Train e:  89.76, T l:  0.1575 | Val e:  81.59 , Val l: 0.2425 | Test e:  78.98 
| Epoch   59 | Train e:  89.70, T l:  0.1547 | Val e:  80.72 , Val l: 0.2466 | Test e:  77.08 
| Epoch   60 | Train e:  90.04, T l:  0.1565 | Val e:  80.35 , Val l: 0.2512 | Test e:  78.15 
| Epoch   61 | Train e:  89.91, T l:  0.1534 | Val e:  81.43 , Val l: 0.2466 | Test e:  78.80 
| Epoch   62 | Train e:  90.30, T l:  0.1553 | Val e:  81.09 , Val l: 0.2486 | Test e:  78.43 
| Epoch   63 | Train e:  90.24, T l:  0.1542 | Val e:  81.11 , Val l: 0.2424 | Test e:  77.49 
| Epoch   64 | Train e:  90.41, T l:  0.1545 | Val e:  81.42 , Val l: 0.2426 | Test e:  78.25 
| Epoch   65 | Train e:  90.33, T l:  0.1529 | Val e:  80.88 , Val l: 0.2515 | Test e:  78.28 
| Epoch   66 | Train e:  90.35, T l:  0.1523 | Val e:  81.01 , Val l: 0.2477 | Test e:  77.66 
| Epoch   67 | Train e:  90.58, T l:  0.1524 | Val e:  81.13 , Val l: 0.2433 | Test e:  78.59 
| Epoch   68 | Train e:  90.24, T l:  0.1524 | Val e:  80.24 , Val l: 0.2588 | Test e:  77.06 
| Epoch   69 | Train e:  90.66, T l:  0.1516 | Val e:  81.11 , Val l: 0.2476 | Test e:  78.00 
| Epoch   70 | Train e:  90.81, T l:  0.1511 | Val e:  80.83 , Val l: 0.2464 | Test e:  78.91 
| Epoch   71 | Train e:  90.54, T l:  0.1490 | Val e:  80.89 , Val l: 0.2446 | Test e:  77.77 
| Epoch   72 | Train e:  90.80, T l:  0.1503 | Val e:  81.16 , Val l: 0.2461 | Test e:  78.30 
| Epoch   73 | Train e:  90.96, T l:  0.1495 | Val e:  81.15 , Val l: 0.2501 | Test e:  78.22 
| Epoch   74 | Train e:  90.93, T l:  0.1504 | Val e:  80.47 , Val l: 0.2447 | Test e:  77.89 
| Epoch   75 | Train e:  90.93, T l:  0.1483 | Val e:  81.03 , Val l: 0.2488 | Test e:  77.50 
| Epoch   76 | Train e:  90.98, T l:  0.1472 | Val e:  80.78 , Val l: 0.2569 | Test e:  77.47 
| Epoch   77 | Train e:  91.02, T l:  0.1470 | Val e:  81.56 , Val l: 0.2489 | Test e:  78.84 
| Epoch   78 | Train e:  91.08, T l:  0.1471 | Val e:  80.48 , Val l: 0.2480 | Test e:  77.76 
| Epoch   79 | Train e:  90.87, T l:  0.1495 | Val e:  80.94 , Val l: 0.2524 | Test e:  77.23 
| Epoch   80 | Train e:  91.30, T l:  0.1471 | Val e:  80.66 , Val l: 0.2493 | Test e:  78.04 
| Epoch   81 | Train e:  91.29, T l:  0.1464 | Val e:  80.85 , Val l: 0.2586 | Test e:  77.52 
| Epoch   82 | Train e:  91.17, T l:  0.1475 | Val e:  81.13 , Val l: 0.2450 | Test e:  77.58 
| Epoch   83 | Train e:  91.23, T l:  0.1456 | Val e:  81.16 , Val l: 0.2506 | Test e:  77.96 
| Epoch   84 | Train e:  91.60, T l:  0.1436 | Val e:  81.12 , Val l: 0.2472 | Test e:  78.75 
| Epoch   85 | Train e:  91.52, T l:  0.1446 | Val e:  80.87 , Val l: 0.2446 | Test e:  78.73 
| Epoch   86 | Train e:  91.47, T l:  0.1432 | Val e:  81.34 , Val l: 0.2511 | Test e:  78.97 
| Epoch   87 | Train e:  91.69, T l:  0.1442 | Val e:  81.29 , Val l: 0.2487 | Test e:  78.25 
| Epoch   88 | Train e:  91.48, T l:  0.1426 | Val e:  80.75 , Val l: 0.2556 | Test e:  78.17 
| Epoch   89 | Train e:  91.90, T l:  0.1432 | Val e:  80.88 , Val l: 0.2490 | Test e:  78.81 
| Epoch   90 | Train e:  91.81, T l:  0.1428 | Val e:  81.04 , Val l: 0.2483 | Test e:  77.85 
| Epoch   91 | Train e:  91.83, T l:  0.1429 | Val e:  81.12 , Val l: 0.2465 | Test e:  77.96 
| Epoch   92 | Train e:  91.90, T l:  0.1427 | Val e:  81.14 , Val l: 0.2517 | Test e:  78.45 
| Epoch   93 | Train e:  92.00, T l:  0.1441 | Val e:  80.93 , Val l: 0.2555 | Test e:  79.70 
| Epoch   94 | Train e:  91.95, T l:  0.1422 | Val e:  80.89 , Val l: 0.2434 | Test e:  78.34 
| Epoch   95 | Train e:  92.14, T l:  0.1406 | Val e:  80.33 , Val l: 0.2548 | Test e:  78.73 
| Epoch   96 | Train e:  92.21, T l:  0.1408 | Val e:  80.54 , Val l: 0.2496 | Test e:  78.64 
| Epoch   97 | Train e:  92.04, T l:  0.1394 | Val e:  81.08 , Val l: 0.2546 | Test e:  78.30 
| Epoch   98 | Train e:  92.40, T l:  0.1401 | Val e:  81.04 , Val l: 0.2512 | Test e:  79.43 
| Epoch   99 | Train e:  92.42, T l:  0.1390 | Val e:  80.62 , Val l: 0.2535 | Test e:  78.48 
| Epoch  100 | Train e:  92.27, T l:  0.1395 | Val e:  80.60 , Val l: 0.2570 | Test e:  78.56 
| Epoch  101 | Train e:  92.24, T l:  0.1387 | Val e:  80.66 , Val l: 0.2513 | Test e:  78.13 
| Epoch  102 | Train e:  92.48, T l:  0.1390 | Val e:  80.30 , Val l: 0.2609 | Test e:  78.84 
| Epoch  103 | Train e:  92.43, T l:  0.1387 | Val e:  80.53 , Val l: 0.2564 | Test e:  78.50 
| Epoch  104 | Train e:  92.32, T l:  0.1390 | Val e:  80.20 , Val l: 0.2607 | Test e:  77.64 
| Epoch  105 | Train e:  92.47, T l:  0.1383 | Val e:  80.49 , Val l: 0.2533 | Test e:  78.46 
| Epoch  106 | Train e:  92.61, T l:  0.1372 | Val e:  80.18 , Val l: 0.2500 | Test e:  78.25 
| Epoch  107 | Train e:  92.56, T l:  0.1373 | Val e:  80.85 , Val l: 0.2531 | Test e:  78.05 
| Epoch  108 | Train e:  92.76, T l:  0.1369 | Val e:  80.84 , Val l: 0.2582 | Test e:  79.06 
| Epoch  109 | Train e:  92.76, T l:  0.1369 | Val e:  81.17 , Val l: 0.2596 | Test e:  79.25 
| Epoch  110 | Train e:  92.74, T l:  0.1367 | Val e:  80.63 , Val l: 0.2584 | Test e:  78.42 
| Epoch  111 | Train e:  92.95, T l:  0.1370 | Val e:  80.79 , Val l: 0.2581 | Test e:  78.65 
| Epoch  112 | Train e:  92.84, T l:  0.1354 | Val e:  81.01 , Val l: 0.2603 | Test e:  78.12 
| Epoch  113 | Train e:  92.89, T l:  0.1351 | Val e:  80.64 , Val l: 0.2639 | Test e:  78.35 
| Epoch  114 | Train e:  93.16, T l:  0.1336 | Val e:  80.71 , Val l: 0.2611 | Test e:  79.10 
| Epoch  115 | Train e:  92.87, T l:  0.1358 | Val e:  80.94 , Val l: 0.2528 | Test e:  78.57 
| Epoch  116 | Train e:  93.05, T l:  0.1348 | Val e:  81.03 , Val l: 0.2579 | Test e:  78.79 
| Epoch  117 | Train e:  93.18, T l:  0.1344 | Val e:  80.69 , Val l: 0.2520 | Test e:  78.85 
| Epoch  118 | Train e:  92.88, T l:  0.1330 | Val e:  80.65 , Val l: 0.2614 | Test e:  78.52 
| Epoch  119 | Train e:  93.10, T l:  0.1326 | Val e:  80.82 , Val l: 0.2686 | Test e:  78.00 
| Epoch  120 | Train e:  93.23, T l:  0.1342 | Val e:  81.09 , Val l: 0.2601 | Test e:  79.04 
| Epoch  121 | Train e:  93.12, T l:  0.1330 | Val e:  80.86 , Val l: 0.2553 | Test e:  78.60 
| Epoch  122 | Train e:  93.25, T l:  0.1315 | Val e:  80.25 , Val l: 0.2541 | Test e:  78.92 
| Epoch  123 | Train e:  93.29, T l:  0.1315 | Val e:  80.39 , Val l: 0.2695 | Test e:  78.60 
| Epoch  124 | Train e:  93.44, T l:  0.1315 | Val e:  80.09 , Val l: 0.2548 | Test e:  78.98 
| Epoch  125 | Train e:  93.37, T l:  0.1325 | Val e:  80.81 , Val l: 0.2635 | Test e:  78.82 
| Epoch  126 | Train e:  93.49, T l:  0.1297 | Val e:  79.84 , Val l: 0.2610 | Test e:  78.36 
| Epoch  127 | Train e:  93.40, T l:  0.1323 | Val e:  79.67 , Val l: 0.2571 | Test e:  78.52 
| Epoch  128 | Train e:  93.61, T l:  0.1292 | Val e:  80.27 , Val l: 0.2610 | Test e:  78.95 
| Epoch  129 | Train e:  93.59, T l:  0.1310 | Val e:  80.76 , Val l: 0.2676 | Test e:  78.67 
| Epoch  130 | Train e:  93.53, T l:  0.1310 | Val e:  80.58 , Val l: 0.2679 | Test e:  78.92 
| Epoch  131 | Train e:  93.63, T l:  0.1302 | Val e:  80.38 , Val l: 0.2673 | Test e:  79.07 
| Epoch  132 | Train e:  93.78, T l:  0.1301 | Val e:  80.39 , Val l: 0.2605 | Test e:  79.24 
| Epoch  133 | Train e:  93.78, T l:  0.1281 | Val e:  80.25 , Val l: 0.2577 | Test e:  78.71 
| Epoch  134 | Train e:  93.69, T l:  0.1289 | Val e:  80.06 , Val l: 0.2724 | Test e:  78.72 
| Epoch  135 | Train e:  93.82, T l:  0.1291 | Val e:  80.71 , Val l: 0.2533 | Test e:  79.02 
| Epoch  136 | Train e:  93.72, T l:  0.1294 | Val e:  80.36 , Val l: 0.2683 | Test e:  78.45 
| Epoch  137 | Train e:  93.85, T l:  0.1286 | Val e:  80.60 , Val l: 0.2583 | Test e:  78.72 
| Epoch  138 | Train e:  93.93, T l:  0.1266 | Val e:  80.64 , Val l: 0.2650 | Test e:  78.87 
| Epoch  139 | Train e:  93.95, T l:  0.1273 | Val e:  80.11 , Val l: 0.2619 | Test e:  78.75 
| Epoch  140 | Train e:  94.01, T l:  0.1283 | Val e:  80.68 , Val l: 0.2609 | Test e:  79.09 
| Epoch  141 | Train e:  94.03, T l:  0.1274 | Val e:  81.09 , Val l: 0.2627 | Test e:  78.75 
| Epoch  142 | Train e:  93.95, T l:  0.1262 | Val e:  80.29 , Val l: 0.2724 | Test e:  78.45 
| Epoch  143 | Train e:  94.15, T l:  0.1266 | Val e:  80.30 , Val l: 0.2672 | Test e:  78.63 
| Epoch  144 | Train e:  94.14, T l:  0.1263 | Val e:  80.36 , Val l: 0.2655 | Test e:  78.72 
| Epoch  145 | Train e:  93.97, T l:  0.1263 | Val e:  80.76 , Val l: 0.2698 | Test e:  78.33 
| Epoch  146 | Train e:  94.13, T l:  0.1254 | Val e:  80.95 , Val l: 0.2700 | Test e:  78.93 
| Epoch  147 | Train e:  94.08, T l:  0.1251 | Val e:  80.35 , Val l: 0.2720 | Test e:  78.80 
| Epoch  148 | Train e:  94.12, T l:  0.1259 | Val e:  79.99 , Val l: 0.2767 | Test e:  78.43 
| Epoch  149 | Train e:  94.24, T l:  0.1252 | Val e:  80.69 , Val l: 0.2646 | Test e:  79.20 
| Epoch  150 | Train e:  94.16, T l:  0.1254 | Val e:  80.51 , Val l: 0.2729 | Test e:  78.50 
| Epoch  151 | Train e:  94.23, T l:  0.1234 | Val e:  80.73 , Val l: 0.2674 | Test e:  78.82 
| Epoch  152 | Train e:  94.28, T l:  0.1249 | Val e:  80.17 , Val l: 0.2636 | Test e:  78.52 
| Epoch  153 | Train e:  94.32, T l:  0.1245 | Val e:  80.80 , Val l: 0.2675 | Test e:  79.00 
| Epoch  154 | Train e:  94.33, T l:  0.1234 | Val e:  80.66 , Val l: 0.2684 | Test e:  78.75 
| Epoch  155 | Train e:  94.32, T l:  0.1232 | Val e:  80.71 , Val l: 0.2667 | Test e:  78.91 
| Epoch  156 | Train e:  94.30, T l:  0.1238 | Val e:  80.81 , Val l: 0.2744 | Test e:  78.70 
| Epoch  157 | Train e:  94.43, T l:  0.1240 | Val e:  80.74 , Val l: 0.2629 | Test e:  78.91 
| Epoch  158 | Train e:  94.37, T l:  0.1225 | Val e:  80.43 , Val l: 0.2624 | Test e:  78.64 
| Epoch  159 | Train e:  94.49, T l:  0.1225 | Val e:  80.57 , Val l: 0.2695 | Test e:  78.76 
| Epoch  160 | Train e:  94.44, T l:  0.1227 | Val e:  80.70 , Val l: 0.2626 | Test e:  79.13 
| Epoch  161 | Train e:  94.46, T l:  0.1224 | Val e:  80.66 , Val l: 0.2701 | Test e:  78.86 
| Epoch  162 | Train e:  94.46, T l:  0.1222 | Val e:  80.30 , Val l: 0.2766 | Test e:  78.54 
| Epoch  163 | Train e:  94.47, T l:  0.1223 | Val e:  80.26 , Val l: 0.2707 | Test e:  78.71 
| Epoch  164 | Train e:  94.58, T l:  0.1226 | Val e:  80.53 , Val l: 0.2677 | Test e:  78.87 
| Epoch  165 | Train e:  94.62, T l:  0.1211 | Val e:  80.54 , Val l: 0.2674 | Test e:  79.00 
| Epoch  166 | Train e:  94.50, T l:  0.1215 | Val e:  80.39 , Val l: 0.2688 | Test e:  78.88 
| Epoch  167 | Train e:  94.56, T l:  0.1212 | Val e:  80.29 , Val l: 0.2737 | Test e:  78.72 
| Epoch  168 | Train e:  94.61, T l:  0.1210 | Val e:  80.50 , Val l: 0.2711 | Test e:  78.97 
| Epoch  169 | Train e:  94.53, T l:  0.1205 | Val e:  80.30 , Val l: 0.2838 | Test e:  78.77 
| Epoch  170 | Train e:  94.68, T l:  0.1199 | Val e:  80.61 , Val l: 0.2688 | Test e:  78.97 
| Epoch  171 | Train e:  94.70, T l:  0.1202 | Val e:  80.33 , Val l: 0.2695 | Test e:  79.09 
| Epoch  172 | Train e:  94.71, T l:  0.1205 | Val e:  80.52 , Val l: 0.2774 | Test e:  78.98 
| Epoch  173 | Train e:  94.76, T l:  0.1202 | Val e:  80.46 , Val l: 0.2683 | Test e:  79.15 
| Epoch  174 | Train e:  94.61, T l:  0.1191 | Val e:  80.49 , Val l: 0.2778 | Test e:  78.93 
| Epoch  175 | Train e:  94.77, T l:  0.1197 | Val e:  80.58 , Val l: 0.2708 | Test e:  79.31 
| Epoch  176 | Train e:  94.80, T l:  0.1194 | Val e:  80.60 , Val l: 0.2731 | Test e:  79.12 
| Epoch  177 | Train e:  94.64, T l:  0.1191 | Val e:  80.30 , Val l: 0.2838 | Test e:  78.88 
| Epoch  178 | Train e:  94.77, T l:  0.1190 | Val e:  80.61 , Val l: 0.2785 | Test e:  79.03 
| Epoch  179 | Train e:  94.70, T l:  0.1208 | Val e:  80.42 , Val l: 0.2826 | Test e:  79.28 
| Epoch  180 | Train e:  94.82, T l:  0.1194 | Val e:  80.40 , Val l: 0.2772 | Test e:  79.10 
| Epoch  181 | Train e:  94.78, T l:  0.1172 | Val e:  80.50 , Val l: 0.2802 | Test e:  79.12 
| Epoch  182 | Train e:  94.90, T l:  0.1189 | Val e:  80.63 , Val l: 0.2699 | Test e:  79.37 
| Epoch  183 | Train e:  94.87, T l:  0.1170 | Val e:  80.52 , Val l: 0.2769 | Test e:  79.21 
| Epoch  184 | Train e:  94.88, T l:  0.1189 | Val e:  80.55 , Val l: 0.2783 | Test e:  79.17 
| Epoch  185 | Train e:  94.84, T l:  0.1166 | Val e:  80.40 , Val l: 0.2787 | Test e:  79.12 
| Epoch  186 | Train e:  94.87, T l:  0.1163 | Val e:  80.74 , Val l: 0.2775 | Test e:  79.20 
| Epoch  187 | Train e:  94.88, T l:  0.1166 | Val e:  80.80 , Val l: 0.2756 | Test e:  79.21 
| Epoch  188 | Train e:  94.87, T l:  0.1164 | Val e:  80.48 , Val l: 0.2814 | Test e:  79.14 
| Epoch  189 | Train e:  94.85, T l:  0.1180 | Val e:  80.55 , Val l: 0.2787 | Test e:  79.11 
| Epoch  190 | Train e:  94.85, T l:  0.1155 | Val e:  80.49 , Val l: 0.2816 | Test e:  79.12 
| Epoch  191 | Train e:  94.84, T l:  0.1172 | Val e:  80.42 , Val l: 0.2805 | Test e:  79.02 
| Epoch  192 | Train e:  94.93, T l:  0.1172 | Val e:  80.53 , Val l: 0.2767 | Test e:  79.18 
| Epoch  193 | Train e:  94.88, T l:  0.1168 | Val e:  80.55 , Val l: 0.2798 | Test e:  79.11 
| Epoch  194 | Train e:  94.94, T l:  0.1162 | Val e:  80.57 , Val l: 0.2782 | Test e:  79.22 
| Epoch  195 | Train e:  94.93, T l:  0.1162 | Val e:  80.61 , Val l: 0.2771 | Test e:  79.15 
| Epoch  196 | Train e:  94.93, T l:  0.1166 | Val e:  80.50 , Val l: 0.2781 | Test e:  79.24 
| Epoch  197 | Train e:  94.94, T l:  0.1158 | Val e:  80.54 , Val l: 0.2779 | Test e:  79.22 
| Epoch  198 | Train e:  94.93, T l:  0.1144 | Val e:  80.59 , Val l: 0.2782 | Test e:  79.21 
| Epoch  199 | Train e:  94.94, T l:  0.1164 | Val e:  80.59 , Val l: 0.2778 | Test e:  79.22 
