

===============================================
2022-12-19 07:56:39

main_g.py --readout mean --gconv-dim 256 --tlayer-dim 256 --num-heads 8 --no-clustering --masked-attention --batch-size 32 --epochs 200 --warmup 20 --gconv-dropout 0.5 --tlayer-dropout 0.5 --seeds 314159 --device 0

None

dataset: ogbg-moltox21
use_val_loss: False
epochs: 200
scheduler: linear
warmup: 20
patience: 25
batch_size: 32
lr: 0.0001
weight_decay: 0.0001
clustering: False
masked_attention: True
gconv_dim: 256
tlayer_dim: 256
gconv_dropout: 0.5
tlayer_dropout: 0.5
num_layers: 4
num_heads: 8
skip_connection: none
readout: mean
seeds: 314159
save_state: False



| Epoch    0 | Train e:  51.50, T l:  0.6129 | Val e:  52.49 , Val l: 0.4781 | Test e:  50.84 
| Epoch    1 | Train e:  57.82, T l:  0.4065 | Val e:  55.56 , Val l: 0.3524 | Test e:  56.83 
| Epoch    2 | Train e:  58.93, T l:  0.3066 | Val e:  56.51 , Val l: 0.3153 | Test e:  58.60 
| Epoch    3 | Train e:  58.00, T l:  0.2689 | Val e:  55.17 , Val l: 0.3041 | Test e:  58.36 
| Epoch    4 | Train e:  58.79, T l:  0.2533 | Val e:  56.70 , Val l: 0.3020 | Test e:  59.67 
| Epoch    5 | Train e:  58.72, T l:  0.2468 | Val e:  57.33 , Val l: 0.3023 | Test e:  59.66 
| Epoch    6 | Train e:  59.51, T l:  0.2442 | Val e:  59.59 , Val l: 0.3032 | Test e:  61.69 
| Epoch    7 | Train e:  63.01, T l:  0.2419 | Val e:  62.48 , Val l: 0.2939 | Test e:  63.98 
| Epoch    8 | Train e:  63.21, T l:  0.2358 | Val e:  61.35 , Val l: 0.2911 | Test e:  64.18 
| Epoch    9 | Train e:  63.88, T l:  0.2333 | Val e:  61.31 , Val l: 0.2927 | Test e:  63.89 
| Epoch   10 | Train e:  64.06, T l:  0.2329 | Val e:  60.81 , Val l: 0.2944 | Test e:  63.59 
| Epoch   11 | Train e:  63.41, T l:  0.2304 | Val e:  61.09 , Val l: 0.2914 | Test e:  64.05 
| Epoch   12 | Train e:  64.64, T l:  0.2305 | Val e:  62.74 , Val l: 0.2924 | Test e:  63.60 
| Epoch   13 | Train e:  65.91, T l:  0.2294 | Val e:  63.53 , Val l: 0.2883 | Test e:  64.62 
| Epoch   14 | Train e:  66.93, T l:  0.2279 | Val e:  65.05 , Val l: 0.2856 | Test e:  64.71 
| Epoch   15 | Train e:  70.11, T l:  0.2271 | Val e:  67.43 , Val l: 0.2893 | Test e:  63.97 
| Epoch   16 | Train e:  72.01, T l:  0.2225 | Val e:  70.27 , Val l: 0.2768 | Test e:  67.17 
| Epoch   17 | Train e:  73.31, T l:  0.2146 | Val e:  71.77 , Val l: 0.2821 | Test e:  67.45 
| Epoch   18 | Train e:  74.06, T l:  0.2142 | Val e:  73.18 , Val l: 0.2734 | Test e:  68.65 
| Epoch   19 | Train e:  66.43, T l:  0.2153 | Val e:  65.37 , Val l: 0.2818 | Test e:  60.87 
| Epoch   20 | Train e:  74.24, T l:  0.2135 | Val e:  72.50 , Val l: 0.2702 | Test e:  67.84 
| Epoch   21 | Train e:  74.89, T l:  0.2099 | Val e:  72.19 , Val l: 0.2748 | Test e:  67.35 
| Epoch   22 | Train e:  75.32, T l:  0.2087 | Val e:  73.54 , Val l: 0.2703 | Test e:  67.95 
| Epoch   23 | Train e:  74.88, T l:  0.2080 | Val e:  72.59 , Val l: 0.2784 | Test e:  67.71 
| Epoch   24 | Train e:  75.15, T l:  0.2053 | Val e:  73.16 , Val l: 0.2750 | Test e:  68.10 
| Epoch   25 | Train e:  75.62, T l:  0.2050 | Val e:  70.77 , Val l: 0.3013 | Test e:  68.14 
| Epoch   26 | Train e:  76.47, T l:  0.2036 | Val e:  73.47 , Val l: 0.2688 | Test e:  68.60 
| Epoch   27 | Train e:  76.24, T l:  0.2042 | Val e:  73.94 , Val l: 0.2650 | Test e:  69.33 
| Epoch   28 | Train e:  75.94, T l:  0.2131 | Val e:  72.86 , Val l: 0.2801 | Test e:  68.08 
| Epoch   29 | Train e:  76.59, T l:  0.2035 | Val e:  72.66 , Val l: 0.2722 | Test e:  69.42 
| Epoch   30 | Train e:  76.76, T l:  0.2024 | Val e:  73.93 , Val l: 0.2644 | Test e:  70.04 
| Epoch   31 | Train e:  77.81, T l:  0.2014 | Val e:  73.53 , Val l: 0.2704 | Test e:  70.23 
| Epoch   32 | Train e:  77.41, T l:  0.2019 | Val e:  74.66 , Val l: 0.2624 | Test e:  70.97 
| Epoch   33 | Train e:  78.06, T l:  0.2014 | Val e:  74.27 , Val l: 0.2648 | Test e:  70.28 
| Epoch   34 | Train e:  77.87, T l:  0.1999 | Val e:  73.90 , Val l: 0.2758 | Test e:  70.92 
| Epoch   35 | Train e:  78.42, T l:  0.2010 | Val e:  74.06 , Val l: 0.2693 | Test e:  70.34 
| Epoch   36 | Train e:  78.76, T l:  0.1985 | Val e:  75.18 , Val l: 0.2609 | Test e:  71.18 
| Epoch   37 | Train e:  79.05, T l:  0.1973 | Val e:  74.88 , Val l: 0.2618 | Test e:  71.60 
| Epoch   38 | Train e:  79.05, T l:  0.1973 | Val e:  74.59 , Val l: 0.2645 | Test e:  70.95 
| Epoch   39 | Train e:  79.46, T l:  0.1967 | Val e:  74.62 , Val l: 0.2642 | Test e:  71.33 
| Epoch   40 | Train e:  78.33, T l:  0.2003 | Val e:  73.82 , Val l: 0.2715 | Test e:  69.13 
| Epoch   41 | Train e:  79.65, T l:  0.1980 | Val e:  74.09 , Val l: 0.2653 | Test e:  71.30 
| Epoch   42 | Train e:  79.84, T l:  0.1981 | Val e:  74.34 , Val l: 0.2644 | Test e:  70.91 
| Epoch   43 | Train e:  78.99, T l:  0.1956 | Val e:  72.22 , Val l: 0.3045 | Test e:  70.06 
| Epoch   44 | Train e:  80.26, T l:  0.1961 | Val e:  74.87 , Val l: 0.2636 | Test e:  71.49 
| Epoch   45 | Train e:  80.62, T l:  0.1940 | Val e:  75.21 , Val l: 0.2666 | Test e:  71.77 
| Epoch   46 | Train e:  80.70, T l:  0.1939 | Val e:  75.24 , Val l: 0.2645 | Test e:  71.22 
| Epoch   47 | Train e:  80.71, T l:  0.1926 | Val e:  75.37 , Val l: 0.2623 | Test e:  72.16 
| Epoch   48 | Train e:  81.13, T l:  0.1921 | Val e:  74.07 , Val l: 0.2750 | Test e:  71.50 
| Epoch   49 | Train e:  81.21, T l:  0.1935 | Val e:  75.20 , Val l: 0.2632 | Test e:  71.95 
| Epoch   50 | Train e:  81.34, T l:  0.1922 | Val e:  75.38 , Val l: 0.2616 | Test e:  71.66 
| Epoch   51 | Train e:  81.56, T l:  0.1898 | Val e:  75.24 , Val l: 0.2659 | Test e:  71.97 
| Epoch   52 | Train e:  81.51, T l:  0.1913 | Val e:  75.86 , Val l: 0.2596 | Test e:  71.65 
| Epoch   53 | Train e:  81.78, T l:  0.1887 | Val e:  75.47 , Val l: 0.2584 | Test e:  72.74 
| Epoch   54 | Train e:  81.48, T l:  0.1887 | Val e:  75.48 , Val l: 0.2652 | Test e:  71.81 
| Epoch   55 | Train e:  81.58, T l:  0.1891 | Val e:  75.63 , Val l: 0.2625 | Test e:  71.92 
| Epoch   56 | Train e:  81.72, T l:  0.1906 | Val e:  75.61 , Val l: 0.2614 | Test e:  71.66 
| Epoch   57 | Train e:  82.13, T l:  0.1892 | Val e:  75.75 , Val l: 0.2639 | Test e:  71.78 
| Epoch   58 | Train e:  81.65, T l:  0.1887 | Val e:  74.70 , Val l: 0.2692 | Test e:  71.44 
| Epoch   59 | Train e:  81.53, T l:  0.1889 | Val e:  74.95 , Val l: 0.2679 | Test e:  71.98 
| Epoch   60 | Train e:  82.36, T l:  0.1877 | Val e:  75.40 , Val l: 0.2613 | Test e:  72.19 
| Epoch   61 | Train e:  81.72, T l:  0.1871 | Val e:  74.71 , Val l: 0.2686 | Test e:  72.33 
| Epoch   62 | Train e:  82.50, T l:  0.1881 | Val e:  75.82 , Val l: 0.2654 | Test e:  72.49 
| Epoch   63 | Train e:  82.40, T l:  0.1854 | Val e:  75.21 , Val l: 0.2654 | Test e:  71.98 
| Epoch   64 | Train e:  82.75, T l:  0.1845 | Val e:  75.71 , Val l: 0.2623 | Test e:  71.91 
| Epoch   65 | Train e:  82.79, T l:  0.1839 | Val e:  75.51 , Val l: 0.2610 | Test e:  72.69 
| Epoch   66 | Train e:  82.93, T l:  0.1844 | Val e:  75.08 , Val l: 0.2645 | Test e:  72.90 
| Epoch   67 | Train e:  83.05, T l:  0.1828 | Val e:  74.82 , Val l: 0.2623 | Test e:  71.55 
| Epoch   68 | Train e:  83.26, T l:  0.1829 | Val e:  75.65 , Val l: 0.2628 | Test e:  72.82 
| Epoch   69 | Train e:  82.96, T l:  0.1831 | Val e:  75.43 , Val l: 0.2697 | Test e:  71.83 
| Epoch   70 | Train e:  83.48, T l:  0.1834 | Val e:  75.57 , Val l: 0.2665 | Test e:  72.37 
| Epoch   71 | Train e:  83.67, T l:  0.1819 | Val e:  75.32 , Val l: 0.2626 | Test e:  73.12 
| Epoch   72 | Train e:  83.39, T l:  0.1815 | Val e:  75.52 , Val l: 0.2723 | Test e:  72.33 
| Epoch   73 | Train e:  83.74, T l:  0.1820 | Val e:  75.42 , Val l: 0.2657 | Test e:  72.34 
| Epoch   74 | Train e:  83.71, T l:  0.1815 | Val e:  76.15 , Val l: 0.2636 | Test e:  72.38 
| Epoch   75 | Train e:  84.10, T l:  0.1800 | Val e:  76.02 , Val l: 0.2634 | Test e:  72.62 
| Epoch   76 | Train e:  83.95, T l:  0.1804 | Val e:  75.86 , Val l: 0.2733 | Test e:  72.95 
| Epoch   77 | Train e:  84.53, T l:  0.1793 | Val e:  76.17 , Val l: 0.2618 | Test e:  73.09 
| Epoch   78 | Train e:  84.00, T l:  0.1797 | Val e:  75.86 , Val l: 0.2624 | Test e:  72.78 
| Epoch   79 | Train e:  83.83, T l:  0.1793 | Val e:  75.45 , Val l: 0.2738 | Test e:  72.73 
| Epoch   80 | Train e:  83.90, T l:  0.1780 | Val e:  76.18 , Val l: 0.2738 | Test e:  72.91 
| Epoch   81 | Train e:  84.54, T l:  0.1782 | Val e:  75.69 , Val l: 0.2645 | Test e:  73.28 
| Epoch   82 | Train e:  84.61, T l:  0.1772 | Val e:  76.20 , Val l: 0.2626 | Test e:  73.63 
| Epoch   83 | Train e:  84.66, T l:  0.1776 | Val e:  76.15 , Val l: 0.2593 | Test e:  72.92 
| Epoch   84 | Train e:  85.20, T l:  0.1768 | Val e:  76.26 , Val l: 0.2626 | Test e:  73.51 
| Epoch   85 | Train e:  84.94, T l:  0.1767 | Val e:  76.23 , Val l: 0.2627 | Test e:  72.89 
| Epoch   86 | Train e:  85.05, T l:  0.1758 | Val e:  76.44 , Val l: 0.2637 | Test e:  72.92 
| Epoch   87 | Train e:  85.31, T l:  0.1750 | Val e:  75.82 , Val l: 0.2638 | Test e:  73.38 
| Epoch   88 | Train e:  85.47, T l:  0.1743 | Val e:  76.70 , Val l: 0.2590 | Test e:  73.10 
| Epoch   89 | Train e:  85.31, T l:  0.1763 | Val e:  75.50 , Val l: 0.2697 | Test e:  73.91 
| Epoch   90 | Train e:  85.73, T l:  0.1738 | Val e:  76.26 , Val l: 0.2644 | Test e:  73.50 
| Epoch   91 | Train e:  85.59, T l:  0.1742 | Val e:  76.19 , Val l: 0.2661 | Test e:  73.44 
| Epoch   92 | Train e:  85.56, T l:  0.1744 | Val e:  76.12 , Val l: 0.2613 | Test e:  72.90 
| Epoch   93 | Train e:  85.89, T l:  0.1743 | Val e:  76.63 , Val l: 0.2602 | Test e:  73.13 
| Epoch   94 | Train e:  85.56, T l:  0.1729 | Val e:  76.10 , Val l: 0.2721 | Test e:  72.88 
| Epoch   95 | Train e:  86.11, T l:  0.1725 | Val e:  76.83 , Val l: 0.2566 | Test e:  73.53 
| Epoch   96 | Train e:  86.46, T l:  0.1713 | Val e:  76.28 , Val l: 0.2621 | Test e:  73.34 
| Epoch   97 | Train e:  86.33, T l:  0.1712 | Val e:  76.15 , Val l: 0.2629 | Test e:  73.93 
| Epoch   98 | Train e:  86.16, T l:  0.1720 | Val e:  76.41 , Val l: 0.2644 | Test e:  73.52 
| Epoch   99 | Train e:  86.33, T l:  0.1712 | Val e:  76.51 , Val l: 0.2623 | Test e:  73.83 
| Epoch  100 | Train e:  86.54, T l:  0.1714 | Val e:  76.58 , Val l: 0.2597 | Test e:  73.59 
| Epoch  101 | Train e:  86.45, T l:  0.1709 | Val e:  76.10 , Val l: 0.2633 | Test e:  73.53 
| Epoch  102 | Train e:  86.55, T l:  0.1712 | Val e:  76.25 , Val l: 0.2602 | Test e:  73.87 
| Epoch  103 | Train e:  86.75, T l:  0.1701 | Val e:  76.35 , Val l: 0.2660 | Test e:  73.49 
| Epoch  104 | Train e:  86.79, T l:  0.1683 | Val e:  76.41 , Val l: 0.2598 | Test e:  73.91 
| Epoch  105 | Train e:  86.39, T l:  0.1691 | Val e:  76.33 , Val l: 0.2645 | Test e:  73.11 
| Epoch  106 | Train e:  86.78, T l:  0.1706 | Val e:  76.50 , Val l: 0.2606 | Test e:  73.99 
| Epoch  107 | Train e:  86.97, T l:  0.1691 | Val e:  76.50 , Val l: 0.2650 | Test e:  73.97 
| Epoch  108 | Train e:  86.84, T l:  0.1683 | Val e:  76.70 , Val l: 0.2608 | Test e:  73.75 
| Epoch  109 | Train e:  87.15, T l:  0.1678 | Val e:  76.56 , Val l: 0.2636 | Test e:  73.78 
| Epoch  110 | Train e:  86.99, T l:  0.1678 | Val e:  76.37 , Val l: 0.2600 | Test e:  74.17 
| Epoch  111 | Train e:  87.18, T l:  0.1674 | Val e:  76.82 , Val l: 0.2599 | Test e:  73.93 
| Epoch  112 | Train e:  87.00, T l:  0.1681 | Val e:  76.45 , Val l: 0.2572 | Test e:  74.43 
| Epoch  113 | Train e:  87.07, T l:  0.1658 | Val e:  76.48 , Val l: 0.2631 | Test e:  73.89 
| Epoch  114 | Train e:  87.24, T l:  0.1654 | Val e:  76.82 , Val l: 0.2582 | Test e:  73.93 
| Epoch  115 | Train e:  87.31, T l:  0.1652 | Val e:  76.81 , Val l: 0.2613 | Test e:  73.83 
| Epoch  116 | Train e:  87.16, T l:  0.1672 | Val e:  76.73 , Val l: 0.2588 | Test e:  73.64 
| Epoch  117 | Train e:  87.37, T l:  0.1659 | Val e:  76.70 , Val l: 0.2660 | Test e:  74.09 
| Epoch  118 | Train e:  87.38, T l:  0.1651 | Val e:  75.91 , Val l: 0.2683 | Test e:  73.53 
| Epoch  119 | Train e:  87.55, T l:  0.1642 | Val e:  76.75 , Val l: 0.2607 | Test e:  73.75 
| Epoch  120 | Train e:  87.42, T l:  0.1645 | Val e:  76.68 , Val l: 0.2595 | Test e:  73.73 
| Epoch  121 | Train e:  87.65, T l:  0.1647 | Val e:  76.49 , Val l: 0.2604 | Test e:  73.18 
| Epoch  122 | Train e:  87.52, T l:  0.1637 | Val e:  76.16 , Val l: 0.2650 | Test e:  74.05 
| Epoch  123 | Train e:  87.71, T l:  0.1632 | Val e:  76.69 , Val l: 0.2608 | Test e:  74.27 
| Epoch  124 | Train e:  87.75, T l:  0.1637 | Val e:  76.07 , Val l: 0.2649 | Test e:  73.83 
| Epoch  125 | Train e:  87.73, T l:  0.1633 | Val e:  76.54 , Val l: 0.2652 | Test e:  73.63 
| Epoch  126 | Train e:  87.77, T l:  0.1618 | Val e:  75.69 , Val l: 0.2647 | Test e:  73.76 
| Epoch  127 | Train e:  87.79, T l:  0.1626 | Val e:  76.54 , Val l: 0.2655 | Test e:  74.14 
| Epoch  128 | Train e:  87.84, T l:  0.1625 | Val e:  76.70 , Val l: 0.2613 | Test e:  74.01 
| Epoch  129 | Train e:  87.96, T l:  0.1619 | Val e:  77.01 , Val l: 0.2634 | Test e:  74.00 
| Epoch  130 | Train e:  87.86, T l:  0.1621 | Val e:  76.16 , Val l: 0.2643 | Test e:  74.30 
| Epoch  131 | Train e:  87.99, T l:  0.1614 | Val e:  77.00 , Val l: 0.2609 | Test e:  73.59 
| Epoch  132 | Train e:  87.99, T l:  0.1610 | Val e:  76.55 , Val l: 0.2666 | Test e:  73.87 
| Epoch  133 | Train e:  88.08, T l:  0.1614 | Val e:  76.11 , Val l: 0.2619 | Test e:  74.20 
| Epoch  134 | Train e:  88.17, T l:  0.1615 | Val e:  76.44 , Val l: 0.2640 | Test e:  74.29 
| Epoch  135 | Train e:  88.04, T l:  0.1603 | Val e:  76.64 , Val l: 0.2608 | Test e:  73.98 
| Epoch  136 | Train e:  88.07, T l:  0.1614 | Val e:  76.62 , Val l: 0.2612 | Test e:  73.75 
| Epoch  137 | Train e:  88.13, T l:  0.1606 | Val e:  76.89 , Val l: 0.2631 | Test e:  74.56 
| Epoch  138 | Train e:  88.17, T l:  0.1598 | Val e:  76.43 , Val l: 0.2615 | Test e:  74.03 
| Epoch  139 | Train e:  88.18, T l:  0.1602 | Val e:  76.79 , Val l: 0.2618 | Test e:  73.95 
| Epoch  140 | Train e:  88.23, T l:  0.1591 | Val e:  76.15 , Val l: 0.2668 | Test e:  74.46 
| Epoch  141 | Train e:  88.30, T l:  0.1590 | Val e:  76.54 , Val l: 0.2653 | Test e:  73.88 
| Epoch  142 | Train e:  88.31, T l:  0.1586 | Val e:  76.31 , Val l: 0.2618 | Test e:  73.78 
| Epoch  143 | Train e:  88.30, T l:  0.1590 | Val e:  76.14 , Val l: 0.2611 | Test e:  74.07 
| Epoch  144 | Train e:  88.38, T l:  0.1602 | Val e:  76.56 , Val l: 0.2642 | Test e:  74.05 
| Epoch  145 | Train e:  88.33, T l:  0.1589 | Val e:  76.26 , Val l: 0.2632 | Test e:  74.44 
| Epoch  146 | Train e:  88.11, T l:  0.1593 | Val e:  75.82 , Val l: 0.2660 | Test e:  74.35 
| Epoch  147 | Train e:  88.37, T l:  0.1600 | Val e:  76.10 , Val l: 0.2656 | Test e:  73.55 
| Epoch  148 | Train e:  88.51, T l:  0.1583 | Val e:  76.11 , Val l: 0.2618 | Test e:  74.24 
| Epoch  149 | Train e:  88.50, T l:  0.1592 | Val e:  76.21 , Val l: 0.2627 | Test e:  74.53 
| Epoch  150 | Train e:  88.52, T l:  0.1580 | Val e:  76.11 , Val l: 0.2670 | Test e:  74.51 
| Epoch  151 | Train e:  88.38, T l:  0.1571 | Val e:  76.02 , Val l: 0.2617 | Test e:  74.45 
| Epoch  152 | Train e:  88.57, T l:  0.1580 | Val e:  76.61 , Val l: 0.2630 | Test e:  74.26 
| Epoch  153 | Train e:  88.57, T l:  0.1574 | Val e:  76.19 , Val l: 0.2649 | Test e:  74.81 
| Epoch  154 | Train e:  88.65, T l:  0.1576 | Val e:  75.67 , Val l: 0.2669 | Test e:  74.07 
| Epoch  155 | Train e:  88.73, T l:  0.1567 | Val e:  75.83 , Val l: 0.2656 | Test e:  74.56 
| Epoch  156 | Train e:  88.61, T l:  0.1561 | Val e:  76.26 , Val l: 0.2650 | Test e:  74.14 
| Epoch  157 | Train e:  88.73, T l:  0.1567 | Val e:  76.23 , Val l: 0.2650 | Test e:  74.22 
| Epoch  158 | Train e:  88.72, T l:  0.1563 | Val e:  76.40 , Val l: 0.2625 | Test e:  74.37 
| Epoch  159 | Train e:  88.65, T l:  0.1561 | Val e:  75.98 , Val l: 0.2676 | Test e:  74.37 
| Epoch  160 | Train e:  88.86, T l:  0.1548 | Val e:  76.60 , Val l: 0.2638 | Test e:  74.79 
| Epoch  161 | Train e:  88.78, T l:  0.1553 | Val e:  76.72 , Val l: 0.2657 | Test e:  74.47 
| Epoch  162 | Train e:  88.77, T l:  0.1571 | Val e:  76.36 , Val l: 0.2648 | Test e:  73.83 
| Epoch  163 | Train e:  88.86, T l:  0.1568 | Val e:  76.03 , Val l: 0.2667 | Test e:  74.03 
| Epoch  164 | Train e:  88.78, T l:  0.1557 | Val e:  76.60 , Val l: 0.2643 | Test e:  74.39 
| Epoch  165 | Train e:  88.88, T l:  0.1549 | Val e:  76.44 , Val l: 0.2632 | Test e:  74.40 
| Epoch  166 | Train e:  88.86, T l:  0.1548 | Val e:  76.72 , Val l: 0.2635 | Test e:  74.25 
| Epoch  167 | Train e:  88.90, T l:  0.1551 | Val e:  76.55 , Val l: 0.2657 | Test e:  74.21 
| Epoch  168 | Train e:  88.94, T l:  0.1540 | Val e:  76.54 , Val l: 0.2626 | Test e:  73.99 
| Epoch  169 | Train e:  88.84, T l:  0.1549 | Val e:  76.19 , Val l: 0.2674 | Test e:  74.11 
| Epoch  170 | Train e:  88.94, T l:  0.1548 | Val e:  76.33 , Val l: 0.2635 | Test e:  74.19 
| Epoch  171 | Train e:  89.05, T l:  0.1537 | Val e:  76.45 , Val l: 0.2643 | Test e:  74.45 
| Epoch  172 | Train e:  89.00, T l:  0.1531 | Val e:  76.81 , Val l: 0.2629 | Test e:  74.49 
| Epoch  173 | Train e:  88.95, T l:  0.1545 | Val e:  76.20 , Val l: 0.2652 | Test e:  74.48 
| Epoch  174 | Train e:  89.01, T l:  0.1548 | Val e:  76.17 , Val l: 0.2633 | Test e:  74.25 
| Epoch  175 | Train e:  88.98, T l:  0.1539 | Val e:  76.40 , Val l: 0.2651 | Test e:  74.43 
| Epoch  176 | Train e:  89.04, T l:  0.1534 | Val e:  76.09 , Val l: 0.2637 | Test e:  74.05 
| Epoch  177 | Train e:  89.08, T l:  0.1538 | Val e:  76.02 , Val l: 0.2649 | Test e:  74.00 
| Epoch  178 | Train e:  89.02, T l:  0.1533 | Val e:  75.70 , Val l: 0.2660 | Test e:  74.34 
| Epoch  179 | Train e:  89.17, T l:  0.1539 | Val e:  75.75 , Val l: 0.2657 | Test e:  74.39 
| Epoch  180 | Train e:  89.16, T l:  0.1542 | Val e:  76.14 , Val l: 0.2630 | Test e:  74.29 
| Epoch  181 | Train e:  89.16, T l:  0.1531 | Val e:  76.01 , Val l: 0.2652 | Test e:  74.37 
| Epoch  182 | Train e:  89.19, T l:  0.1527 | Val e:  75.62 , Val l: 0.2676 | Test e:  74.57 
| Epoch  183 | Train e:  89.19, T l:  0.1529 | Val e:  76.20 , Val l: 0.2650 | Test e:  74.37 
| Epoch  184 | Train e:  89.22, T l:  0.1518 | Val e:  76.03 , Val l: 0.2648 | Test e:  74.67 
| Epoch  185 | Train e:  89.23, T l:  0.1534 | Val e:  76.22 , Val l: 0.2643 | Test e:  74.73 
| Epoch  186 | Train e:  89.23, T l:  0.1527 | Val e:  76.05 , Val l: 0.2652 | Test e:  74.62 
| Epoch  187 | Train e:  89.22, T l:  0.1516 | Val e:  75.95 , Val l: 0.2653 | Test e:  74.41 
| Epoch  188 | Train e:  89.23, T l:  0.1517 | Val e:  76.10 , Val l: 0.2649 | Test e:  74.53 
| Epoch  189 | Train e:  89.24, T l:  0.1516 | Val e:  75.96 , Val l: 0.2651 | Test e:  74.63 
| Epoch  190 | Train e:  89.25, T l:  0.1519 | Val e:  76.15 , Val l: 0.2646 | Test e:  74.72 
| Epoch  191 | Train e:  89.27, T l:  0.1514 | Val e:  76.20 , Val l: 0.2659 | Test e:  74.59 
| Epoch  192 | Train e:  89.25, T l:  0.1509 | Val e:  76.39 , Val l: 0.2647 | Test e:  74.67 
| Epoch  193 | Train e:  89.28, T l:  0.1523 | Val e:  76.27 , Val l: 0.2651 | Test e:  74.69 
| Epoch  194 | Train e:  89.29, T l:  0.1520 | Val e:  76.23 , Val l: 0.2654 | Test e:  74.67 
| Epoch  195 | Train e:  89.28, T l:  0.1517 | Val e:  76.29 , Val l: 0.2648 | Test e:  74.70 
| Epoch  196 | Train e:  89.30, T l:  0.1515 | Val e:  76.26 , Val l: 0.2645 | Test e:  74.67 
| Epoch  197 | Train e:  89.29, T l:  0.1511 | Val e:  76.24 , Val l: 0.2648 | Test e:  74.77 
| Epoch  198 | Train e:  89.30, T l:  0.1515 | Val e:  76.21 , Val l: 0.2649 | Test e:  74.70 
| Epoch  199 | Train e:  89.30, T l:  0.1508 | Val e:  76.21 , Val l: 0.2649 | Test e:  74.70 
