

===============================================
2022-08-23 01:08:28

main.py --readout cls --gconv-dim 256 --tlayer-dim 256 --num-heads 8 --no-clustering --masked-attention --batch-size 32 --epochs 200 --warmup 20 --gconv-dropout 0.5 --tlayer-dropout 0.5 --seeds 886 --device 1

None

dataset: ogbg-moltox21
use_val_loss: False
epochs: 200
scheduler: linear
warmup: 20
patience: 25
batch_size: 32
lr: 0.0001
weight_decay: 0.0001
clustering: False
masked_attention: True
gconv_dim: 256
tlayer_dim: 256
gconv_dropout: 0.5
tlayer_dropout: 0.5
num_layers: 4
num_heads: 8
skip_connection: none
readout: cls
seeds: 886
save_state: False



| Epoch    0 | Train e:  43.22, T l:  0.5803 | Val e:  47.01 , Val l: 0.3637 | Test e:  46.07 
| Epoch    1 | Train e:  50.68, T l:  0.3280 | Val e:  54.73 , Val l: 0.3017 | Test e:  55.64 
| Epoch    2 | Train e:  53.68, T l:  0.2644 | Val e:  56.59 , Val l: 0.3086 | Test e:  58.58 
| Epoch    3 | Train e:  54.84, T l:  0.2511 | Val e:  56.08 , Val l: 0.3157 | Test e:  58.49 
| Epoch    4 | Train e:  55.02, T l:  0.2467 | Val e:  55.61 , Val l: 0.3175 | Test e:  56.37 
| Epoch    5 | Train e:  55.42, T l:  0.2445 | Val e:  56.66 , Val l: 0.3142 | Test e:  56.39 
| Epoch    6 | Train e:  60.83, T l:  0.2400 | Val e:  60.71 , Val l: 0.3023 | Test e:  60.91 
| Epoch    7 | Train e:  64.42, T l:  0.2357 | Val e:  62.09 , Val l: 0.3029 | Test e:  63.01 
| Epoch    8 | Train e:  67.03, T l:  0.2326 | Val e:  64.19 , Val l: 0.2958 | Test e:  65.19 
| Epoch    9 | Train e:  71.03, T l:  0.2272 | Val e:  68.59 , Val l: 0.2842 | Test e:  68.02 
| Epoch   10 | Train e:  73.39, T l:  0.2186 | Val e:  71.40 , Val l: 0.2848 | Test e:  69.23 
| Epoch   11 | Train e:  72.68, T l:  0.2151 | Val e:  71.19 , Val l: 0.3014 | Test e:  68.72 
| Epoch   12 | Train e:  75.37, T l:  0.2116 | Val e:  73.72 , Val l: 0.2698 | Test e:  70.75 
| Epoch   13 | Train e:  75.17, T l:  0.2085 | Val e:  72.86 , Val l: 0.2795 | Test e:  70.83 
| Epoch   14 | Train e:  76.68, T l:  0.2084 | Val e:  74.19 , Val l: 0.2883 | Test e:  71.10 
| Epoch   15 | Train e:  78.06, T l:  0.2042 | Val e:  75.79 , Val l: 0.2673 | Test e:  73.01 
| Epoch   16 | Train e:  78.73, T l:  0.2021 | Val e:  76.20 , Val l: 0.2675 | Test e:  73.20 
| Epoch   17 | Train e:  78.29, T l:  0.1998 | Val e:  76.23 , Val l: 0.2752 | Test e:  72.96 
| Epoch   18 | Train e:  79.64, T l:  0.2004 | Val e:  77.10 , Val l: 0.2682 | Test e:  74.17 
| Epoch   19 | Train e:  80.78, T l:  0.1972 | Val e:  78.27 , Val l: 0.2524 | Test e:  74.42 
| Epoch   20 | Train e:  81.50, T l:  0.1953 | Val e:  78.38 , Val l: 0.2521 | Test e:  74.55 
| Epoch   21 | Train e:  82.45, T l:  0.1934 | Val e:  78.64 , Val l: 0.2651 | Test e:  75.05 
| Epoch   22 | Train e:  82.65, T l:  0.1930 | Val e:  78.26 , Val l: 0.2810 | Test e:  74.99 
| Epoch   23 | Train e:  83.40, T l:  0.1911 | Val e:  79.00 , Val l: 0.2577 | Test e:  75.13 
| Epoch   24 | Train e:  83.84, T l:  0.1886 | Val e:  78.54 , Val l: 0.2560 | Test e:  75.35 
| Epoch   25 | Train e:  84.32, T l:  0.1881 | Val e:  78.83 , Val l: 0.2688 | Test e:  75.41 
| Epoch   26 | Train e:  84.83, T l:  0.1837 | Val e:  79.24 , Val l: 0.2508 | Test e:  74.68 
| Epoch   27 | Train e:  85.56, T l:  0.1839 | Val e:  79.63 , Val l: 0.2502 | Test e:  75.55 
| Epoch   28 | Train e:  85.40, T l:  0.1817 | Val e:  79.99 , Val l: 0.2520 | Test e:  76.35 
| Epoch   29 | Train e:  85.98, T l:  0.1828 | Val e:  79.53 , Val l: 0.2519 | Test e:  75.83 
| Epoch   30 | Train e:  86.39, T l:  0.1792 | Val e:  79.87 , Val l: 0.2432 | Test e:  75.59 
| Epoch   31 | Train e:  86.85, T l:  0.1780 | Val e:  79.55 , Val l: 0.2556 | Test e:  76.55 
| Epoch   32 | Train e:  86.68, T l:  0.1779 | Val e:  80.56 , Val l: 0.2425 | Test e:  76.32 
| Epoch   33 | Train e:  86.96, T l:  0.1759 | Val e:  80.16 , Val l: 0.2445 | Test e:  76.40 
| Epoch   34 | Train e:  87.42, T l:  0.1757 | Val e:  80.78 , Val l: 0.2490 | Test e:  76.31 
| Epoch   35 | Train e:  86.82, T l:  0.1752 | Val e:  79.35 , Val l: 0.2650 | Test e:  76.32 
| Epoch   36 | Train e:  87.61, T l:  0.1731 | Val e:  80.19 , Val l: 0.2487 | Test e:  76.42 
| Epoch   37 | Train e:  87.50, T l:  0.1718 | Val e:  79.20 , Val l: 0.2426 | Test e:  76.44 
| Epoch   38 | Train e:  87.75, T l:  0.1718 | Val e:  79.40 , Val l: 0.2500 | Test e:  76.89 
| Epoch   39 | Train e:  87.77, T l:  0.1714 | Val e:  79.83 , Val l: 0.2507 | Test e:  76.16 
| Epoch   40 | Train e:  88.09, T l:  0.1694 | Val e:  79.50 , Val l: 0.2554 | Test e:  76.78 
| Epoch   41 | Train e:  87.99, T l:  0.1693 | Val e:  80.36 , Val l: 0.2450 | Test e:  75.91 
| Epoch   42 | Train e:  88.18, T l:  0.1660 | Val e:  79.96 , Val l: 0.2529 | Test e:  75.65 
| Epoch   43 | Train e:  88.58, T l:  0.1675 | Val e:  79.77 , Val l: 0.2465 | Test e:  76.05 
| Epoch   44 | Train e:  88.71, T l:  0.1659 | Val e:  79.71 , Val l: 0.2509 | Test e:  76.52 
| Epoch   45 | Train e:  88.58, T l:  0.1656 | Val e:  79.82 , Val l: 0.2465 | Test e:  76.75 
| Epoch   46 | Train e:  88.84, T l:  0.1646 | Val e:  79.83 , Val l: 0.2491 | Test e:  76.20 
| Epoch   47 | Train e:  88.82, T l:  0.1624 | Val e:  79.87 , Val l: 0.2431 | Test e:  76.21 
| Epoch   48 | Train e:  88.90, T l:  0.1624 | Val e:  80.20 , Val l: 0.2500 | Test e:  76.17 
| Epoch   49 | Train e:  89.10, T l:  0.1626 | Val e:  79.77 , Val l: 0.2566 | Test e:  76.00 
| Epoch   50 | Train e:  88.96, T l:  0.1648 | Val e:  79.86 , Val l: 0.2489 | Test e:  76.21 
| Epoch   51 | Train e:  89.19, T l:  0.1627 | Val e:  79.69 , Val l: 0.2558 | Test e:  76.70 
| Epoch   52 | Train e:  89.16, T l:  0.1607 | Val e:  79.68 , Val l: 0.2480 | Test e:  76.29 
| Epoch   53 | Train e:  89.05, T l:  0.1605 | Val e:  78.87 , Val l: 0.2645 | Test e:  75.74 
| Epoch   54 | Train e:  89.68, T l:  0.1589 | Val e:  80.50 , Val l: 0.2412 | Test e:  76.64 
| Epoch   55 | Train e:  89.34, T l:  0.1576 | Val e:  79.99 , Val l: 0.2518 | Test e:  75.95 
| Epoch   56 | Train e:  89.36, T l:  0.1577 | Val e:  80.16 , Val l: 0.2632 | Test e:  75.37 
| Epoch   57 | Train e:  89.71, T l:  0.1584 | Val e:  80.43 , Val l: 0.2534 | Test e:  76.72 
| Epoch   58 | Train e:  89.88, T l:  0.1559 | Val e:  80.01 , Val l: 0.2483 | Test e:  76.95 
| Epoch   59 | Train e:  90.20, T l:  0.1561 | Val e:  80.40 , Val l: 0.2500 | Test e:  77.54 
| Epoch   60 | Train e:  89.62, T l:  0.1565 | Val e:  79.71 , Val l: 0.2490 | Test e:  76.81 
| Epoch   61 | Train e:  90.00, T l:  0.1565 | Val e:  80.79 , Val l: 0.2517 | Test e:  76.61 
| Epoch   62 | Train e:  89.79, T l:  0.1551 | Val e:  79.69 , Val l: 0.2686 | Test e:  76.33 
| Epoch   63 | Train e:  90.13, T l:  0.1555 | Val e:  80.45 , Val l: 0.2471 | Test e:  77.67 
| Epoch   64 | Train e:  90.31, T l:  0.1542 | Val e:  79.90 , Val l: 0.2505 | Test e:  76.58 
| Epoch   65 | Train e:  90.20, T l:  0.1532 | Val e:  80.68 , Val l: 0.2509 | Test e:  76.93 
| Epoch   66 | Train e:  90.40, T l:  0.1520 | Val e:  80.71 , Val l: 0.2491 | Test e:  76.86 
| Epoch   67 | Train e:  90.47, T l:  0.1546 | Val e:  80.33 , Val l: 0.2595 | Test e:  77.58 
| Epoch   68 | Train e:  90.47, T l:  0.1525 | Val e:  80.79 , Val l: 0.2424 | Test e:  77.24 
| Epoch   69 | Train e:  90.48, T l:  0.1535 | Val e:  80.42 , Val l: 0.2459 | Test e:  77.26 
| Epoch   70 | Train e:  90.62, T l:  0.1531 | Val e:  80.36 , Val l: 0.2489 | Test e:  77.49 
| Epoch   71 | Train e:  90.81, T l:  0.1519 | Val e:  80.46 , Val l: 0.2451 | Test e:  77.47 
| Epoch   72 | Train e:  90.46, T l:  0.1510 | Val e:  80.03 , Val l: 0.2532 | Test e:  76.78 
| Epoch   73 | Train e:  90.16, T l:  0.1512 | Val e:  80.08 , Val l: 0.2490 | Test e:  75.87 
| Epoch   74 | Train e:  90.97, T l:  0.1500 | Val e:  80.13 , Val l: 0.2529 | Test e:  77.17 
| Epoch   75 | Train e:  90.80, T l:  0.1507 | Val e:  80.38 , Val l: 0.2508 | Test e:  76.86 
| Epoch   76 | Train e:  91.09, T l:  0.1495 | Val e:  80.17 , Val l: 0.2470 | Test e:  77.32 
| Epoch   77 | Train e:  91.04, T l:  0.1494 | Val e:  80.02 , Val l: 0.2589 | Test e:  77.00 
| Epoch   78 | Train e:  91.21, T l:  0.1482 | Val e:  80.32 , Val l: 0.2587 | Test e:  77.50 
| Epoch   79 | Train e:  90.83, T l:  0.1489 | Val e:  80.24 , Val l: 0.2534 | Test e:  75.76 
| Epoch   80 | Train e:  91.33, T l:  0.1460 | Val e:  80.39 , Val l: 0.2504 | Test e:  77.22 
| Epoch   81 | Train e:  91.08, T l:  0.1462 | Val e:  79.85 , Val l: 0.2551 | Test e:  76.51 
| Epoch   82 | Train e:  91.11, T l:  0.1473 | Val e:  80.36 , Val l: 0.2608 | Test e:  76.48 
| Epoch   83 | Train e:  91.32, T l:  0.1459 | Val e:  80.57 , Val l: 0.2496 | Test e:  76.49 
| Epoch   84 | Train e:  91.29, T l:  0.1471 | Val e:  80.56 , Val l: 0.2503 | Test e:  76.96 
| Epoch   85 | Train e:  91.26, T l:  0.1465 | Val e:  80.23 , Val l: 0.2542 | Test e:  76.62 
| Epoch   86 | Train e:  91.21, T l:  0.1448 | Val e:  79.44 , Val l: 0.2772 | Test e:  75.98 
| Epoch   87 | Train e:  91.62, T l:  0.1452 | Val e:  80.10 , Val l: 0.2497 | Test e:  76.91 
| Epoch   88 | Train e:  91.66, T l:  0.1449 | Val e:  80.34 , Val l: 0.2465 | Test e:  76.97 
| Epoch   89 | Train e:  91.76, T l:  0.1444 | Val e:  80.00 , Val l: 0.2539 | Test e:  77.11 
| Epoch   90 | Train e:  91.53, T l:  0.1431 | Val e:  80.10 , Val l: 0.2601 | Test e:  76.65 
| Epoch   91 | Train e:  91.64, T l:  0.1441 | Val e:  79.60 , Val l: 0.2564 | Test e:  76.63 
| Epoch   92 | Train e:  91.88, T l:  0.1429 | Val e:  80.03 , Val l: 0.2544 | Test e:  77.40 
| Epoch   93 | Train e:  91.95, T l:  0.1418 | Val e:  80.25 , Val l: 0.2473 | Test e:  77.67 
| Epoch   94 | Train e:  91.99, T l:  0.1432 | Val e:  80.39 , Val l: 0.2536 | Test e:  77.25 
| Epoch   95 | Train e:  92.02, T l:  0.1423 | Val e:  79.79 , Val l: 0.2567 | Test e:  77.31 
| Epoch   96 | Train e:  91.95, T l:  0.1415 | Val e:  80.15 , Val l: 0.2548 | Test e:  77.59 
| Epoch   97 | Train e:  92.09, T l:  0.1435 | Val e:  80.37 , Val l: 0.2572 | Test e:  77.15 
| Epoch   98 | Train e:  92.30, T l:  0.1419 | Val e:  80.13 , Val l: 0.2507 | Test e:  77.67 
| Epoch   99 | Train e:  91.85, T l:  0.1401 | Val e:  80.32 , Val l: 0.2644 | Test e:  76.35 
| Epoch  100 | Train e:  92.28, T l:  0.1388 | Val e:  80.52 , Val l: 0.2559 | Test e:  77.72 
| Epoch  101 | Train e:  91.95, T l:  0.1405 | Val e:  80.40 , Val l: 0.2586 | Test e:  77.46 
| Epoch  102 | Train e:  92.34, T l:  0.1389 | Val e:  80.11 , Val l: 0.2562 | Test e:  77.63 
| Epoch  103 | Train e:  92.28, T l:  0.1405 | Val e:  80.56 , Val l: 0.2546 | Test e:  77.35 
| Epoch  104 | Train e:  92.36, T l:  0.1391 | Val e:  80.72 , Val l: 0.2625 | Test e:  77.48 
| Epoch  105 | Train e:  92.37, T l:  0.1384 | Val e:  80.74 , Val l: 0.2623 | Test e:  77.22 
| Epoch  106 | Train e:  92.11, T l:  0.1389 | Val e:  80.29 , Val l: 0.2695 | Test e:  76.36 
| Epoch  107 | Train e:  92.54, T l:  0.1371 | Val e:  80.18 , Val l: 0.2685 | Test e:  77.33 
| Epoch  108 | Train e:  92.59, T l:  0.1385 | Val e:  80.32 , Val l: 0.2577 | Test e:  76.88 
| Epoch  109 | Train e:  92.68, T l:  0.1381 | Val e:  80.11 , Val l: 0.2523 | Test e:  77.70 
| Epoch  110 | Train e:  92.66, T l:  0.1374 | Val e:  80.00 , Val l: 0.2663 | Test e:  77.09 
| Epoch  111 | Train e:  92.52, T l:  0.1373 | Val e:  80.59 , Val l: 0.2606 | Test e:  77.33 
| Epoch  112 | Train e:  92.49, T l:  0.1361 | Val e:  80.73 , Val l: 0.2550 | Test e:  76.75 
| Epoch  113 | Train e:  92.69, T l:  0.1353 | Val e:  80.58 , Val l: 0.2605 | Test e:  77.21 
| Epoch  114 | Train e:  92.53, T l:  0.1363 | Val e:  79.80 , Val l: 0.2693 | Test e:  76.61 
| Epoch  115 | Train e:  92.84, T l:  0.1362 | Val e:  80.67 , Val l: 0.2589 | Test e:  77.44 
| Epoch  116 | Train e:  92.96, T l:  0.1348 | Val e:  80.69 , Val l: 0.2567 | Test e:  77.63 
| Epoch  117 | Train e:  92.87, T l:  0.1359 | Val e:  79.90 , Val l: 0.2618 | Test e:  76.98 
| Epoch  118 | Train e:  93.08, T l:  0.1335 | Val e:  80.61 , Val l: 0.2559 | Test e:  77.60 
| Epoch  119 | Train e:  93.18, T l:  0.1337 | Val e:  80.46 , Val l: 0.2603 | Test e:  77.08 
| Epoch  120 | Train e:  92.97, T l:  0.1338 | Val e:  80.77 , Val l: 0.2616 | Test e:  77.41 
| Epoch  121 | Train e:  93.24, T l:  0.1321 | Val e:  80.49 , Val l: 0.2583 | Test e:  77.54 
| Epoch  122 | Train e:  93.34, T l:  0.1345 | Val e:  80.72 , Val l: 0.2577 | Test e:  77.27 
| Epoch  123 | Train e:  93.27, T l:  0.1328 | Val e:  80.75 , Val l: 0.2606 | Test e:  77.51 
| Epoch  124 | Train e:  93.32, T l:  0.1327 | Val e:  80.86 , Val l: 0.2597 | Test e:  77.58 
| Epoch  125 | Train e:  93.24, T l:  0.1325 | Val e:  81.42 , Val l: 0.2567 | Test e:  78.07 
| Epoch  126 | Train e:  93.16, T l:  0.1320 | Val e:  80.64 , Val l: 0.2760 | Test e:  76.79 
| Epoch  127 | Train e:  93.38, T l:  0.1315 | Val e:  80.67 , Val l: 0.2599 | Test e:  77.48 
| Epoch  128 | Train e:  93.19, T l:  0.1314 | Val e:  80.33 , Val l: 0.2702 | Test e:  76.56 
| Epoch  129 | Train e:  93.56, T l:  0.1304 | Val e:  81.01 , Val l: 0.2608 | Test e:  77.80 
| Epoch  130 | Train e:  93.49, T l:  0.1306 | Val e:  81.12 , Val l: 0.2680 | Test e:  77.12 
| Epoch  131 | Train e:  93.52, T l:  0.1298 | Val e:  80.84 , Val l: 0.2690 | Test e:  77.46 
| Epoch  132 | Train e:  93.57, T l:  0.1305 | Val e:  80.65 , Val l: 0.2594 | Test e:  77.44 
| Epoch  133 | Train e:  93.54, T l:  0.1295 | Val e:  80.68 , Val l: 0.2705 | Test e:  77.20 
| Epoch  134 | Train e:  93.69, T l:  0.1291 | Val e:  81.21 , Val l: 0.2653 | Test e:  77.38 
| Epoch  135 | Train e:  93.78, T l:  0.1287 | Val e:  81.08 , Val l: 0.2602 | Test e:  77.29 
| Epoch  136 | Train e:  93.50, T l:  0.1295 | Val e:  80.70 , Val l: 0.2745 | Test e:  77.72 
| Epoch  137 | Train e:  93.76, T l:  0.1292 | Val e:  81.17 , Val l: 0.2688 | Test e:  77.39 
| Epoch  138 | Train e:  93.89, T l:  0.1280 | Val e:  80.96 , Val l: 0.2693 | Test e:  77.54 
| Epoch  139 | Train e:  93.88, T l:  0.1289 | Val e:  81.13 , Val l: 0.2701 | Test e:  77.82 
| Epoch  140 | Train e:  93.80, T l:  0.1283 | Val e:  81.20 , Val l: 0.2625 | Test e:  78.05 
| Epoch  141 | Train e:  93.91, T l:  0.1277 | Val e:  81.04 , Val l: 0.2573 | Test e:  78.06 
| Epoch  142 | Train e:  94.04, T l:  0.1281 | Val e:  80.77 , Val l: 0.2579 | Test e:  77.66 
| Epoch  143 | Train e:  94.01, T l:  0.1271 | Val e:  81.01 , Val l: 0.2604 | Test e:  77.60 
| Epoch  144 | Train e:  94.04, T l:  0.1259 | Val e:  80.74 , Val l: 0.2647 | Test e:  77.70 
| Epoch  145 | Train e:  93.94, T l:  0.1264 | Val e:  80.97 , Val l: 0.2648 | Test e:  77.56 
| Epoch  146 | Train e:  94.18, T l:  0.1251 | Val e:  81.16 , Val l: 0.2603 | Test e:  78.36 
| Epoch  147 | Train e:  94.16, T l:  0.1249 | Val e:  81.28 , Val l: 0.2629 | Test e:  77.58 
| Epoch  148 | Train e:  94.10, T l:  0.1256 | Val e:  81.01 , Val l: 0.2734 | Test e:  77.98 
| Epoch  149 | Train e:  94.02, T l:  0.1267 | Val e:  80.89 , Val l: 0.2650 | Test e:  77.47 
| Epoch  150 | Train e:  94.07, T l:  0.1246 | Val e:  80.89 , Val l: 0.2682 | Test e:  77.95 
| Epoch  151 | Train e:  94.22, T l:  0.1253 | Val e:  80.94 , Val l: 0.2638 | Test e:  77.96 
| Epoch  152 | Train e:  94.27, T l:  0.1247 | Val e:  81.26 , Val l: 0.2625 | Test e:  77.88 
| Epoch  153 | Train e:  94.24, T l:  0.1245 | Val e:  81.03 , Val l: 0.2703 | Test e:  77.71 
| Epoch  154 | Train e:  94.26, T l:  0.1244 | Val e:  80.87 , Val l: 0.2833 | Test e:  77.63 
| Epoch  155 | Train e:  94.33, T l:  0.1245 | Val e:  80.81 , Val l: 0.2721 | Test e:  77.85 
| Epoch  156 | Train e:  94.37, T l:  0.1245 | Val e:  81.28 , Val l: 0.2661 | Test e:  77.82 
| Epoch  157 | Train e:  94.42, T l:  0.1246 | Val e:  81.25 , Val l: 0.2626 | Test e:  77.73 
| Epoch  158 | Train e:  94.43, T l:  0.1225 | Val e:  81.39 , Val l: 0.2704 | Test e:  78.33 
| Epoch  159 | Train e:  94.32, T l:  0.1230 | Val e:  80.99 , Val l: 0.2758 | Test e:  77.66 
| Epoch  160 | Train e:  94.41, T l:  0.1237 | Val e:  80.94 , Val l: 0.2667 | Test e:  77.57 
| Epoch  161 | Train e:  94.47, T l:  0.1235 | Val e:  81.47 , Val l: 0.2742 | Test e:  77.76 
| Epoch  162 | Train e:  94.44, T l:  0.1217 | Val e:  81.05 , Val l: 0.2767 | Test e:  77.54 
| Epoch  163 | Train e:  94.48, T l:  0.1225 | Val e:  81.12 , Val l: 0.2745 | Test e:  77.80 
| Epoch  164 | Train e:  94.58, T l:  0.1237 | Val e:  81.33 , Val l: 0.2714 | Test e:  77.65 
| Epoch  165 | Train e:  94.57, T l:  0.1213 | Val e:  81.03 , Val l: 0.2736 | Test e:  77.72 
| Epoch  166 | Train e:  94.62, T l:  0.1209 | Val e:  81.32 , Val l: 0.2709 | Test e:  77.88 
| Epoch  167 | Train e:  94.64, T l:  0.1204 | Val e:  81.30 , Val l: 0.2736 | Test e:  77.91 
| Epoch  168 | Train e:  94.67, T l:  0.1204 | Val e:  81.00 , Val l: 0.2722 | Test e:  77.74 
| Epoch  169 | Train e:  94.43, T l:  0.1210 | Val e:  80.72 , Val l: 0.2818 | Test e:  77.22 
| Epoch  170 | Train e:  94.70, T l:  0.1214 | Val e:  81.28 , Val l: 0.2718 | Test e:  77.66 
| Epoch  171 | Train e:  94.60, T l:  0.1216 | Val e:  81.25 , Val l: 0.2720 | Test e:  77.77 
| Epoch  172 | Train e:  94.64, T l:  0.1199 | Val e:  81.03 , Val l: 0.2728 | Test e:  77.66 
| Epoch  173 | Train e:  94.70, T l:  0.1205 | Val e:  81.28 , Val l: 0.2752 | Test e:  77.60 
| Epoch  174 | Train e:  94.75, T l:  0.1199 | Val e:  81.37 , Val l: 0.2712 | Test e:  77.84 
| Epoch  175 | Train e:  94.71, T l:  0.1198 | Val e:  81.30 , Val l: 0.2765 | Test e:  78.10 
| Epoch  176 | Train e:  94.72, T l:  0.1199 | Val e:  81.27 , Val l: 0.2718 | Test e:  78.07 
| Epoch  177 | Train e:  94.74, T l:  0.1214 | Val e:  81.18 , Val l: 0.2770 | Test e:  77.71 
| Epoch  178 | Train e:  94.78, T l:  0.1190 | Val e:  81.30 , Val l: 0.2768 | Test e:  78.12 
| Epoch  179 | Train e:  94.82, T l:  0.1193 | Val e:  81.22 , Val l: 0.2754 | Test e:  78.11 
| Epoch  180 | Train e:  94.77, T l:  0.1182 | Val e:  80.87 , Val l: 0.2748 | Test e:  77.86 
| Epoch  181 | Train e:  94.79, T l:  0.1187 | Val e:  81.20 , Val l: 0.2794 | Test e:  77.94 
| Epoch  182 | Train e:  94.83, T l:  0.1184 | Val e:  81.22 , Val l: 0.2709 | Test e:  77.92 
| Epoch  183 | Train e:  94.85, T l:  0.1188 | Val e:  81.21 , Val l: 0.2727 | Test e:  77.97 
| Epoch  184 | Train e:  94.75, T l:  0.1172 | Val e:  81.09 , Val l: 0.2811 | Test e:  77.60 
| Epoch  185 | Train e:  94.83, T l:  0.1164 | Val e:  81.27 , Val l: 0.2753 | Test e:  77.84 
| Epoch  186 | Train e:  94.87, T l:  0.1187 | Val e:  81.25 , Val l: 0.2749 | Test e:  77.99 
| Epoch  187 | Train e:  94.90, T l:  0.1176 | Val e:  81.14 , Val l: 0.2721 | Test e:  78.07 
| Epoch  188 | Train e:  94.87, T l:  0.1177 | Val e:  81.39 , Val l: 0.2771 | Test e:  77.80 
| Epoch  189 | Train e:  94.94, T l:  0.1172 | Val e:  81.38 , Val l: 0.2698 | Test e:  77.91 
| Epoch  190 | Train e:  94.90, T l:  0.1177 | Val e:  81.51 , Val l: 0.2787 | Test e:  77.85 
| Epoch  191 | Train e:  94.95, T l:  0.1181 | Val e:  81.53 , Val l: 0.2750 | Test e:  77.91 
| Epoch  192 | Train e:  94.95, T l:  0.1172 | Val e:  81.30 , Val l: 0.2730 | Test e:  78.00 
| Epoch  193 | Train e:  94.93, T l:  0.1178 | Val e:  81.41 , Val l: 0.2752 | Test e:  77.97 
| Epoch  194 | Train e:  94.92, T l:  0.1174 | Val e:  81.39 , Val l: 0.2767 | Test e:  77.90 
| Epoch  195 | Train e:  94.92, T l:  0.1160 | Val e:  81.32 , Val l: 0.2759 | Test e:  77.86 
| Epoch  196 | Train e:  94.97, T l:  0.1162 | Val e:  81.37 , Val l: 0.2737 | Test e:  77.93 
| Epoch  197 | Train e:  94.95, T l:  0.1158 | Val e:  81.35 , Val l: 0.2768 | Test e:  77.89 
| Epoch  198 | Train e:  94.94, T l:  0.1167 | Val e:  81.37 , Val l: 0.2768 | Test e:  77.86 
| Epoch  199 | Train e:  94.95, T l:  0.1162 | Val e:  81.39 , Val l: 0.2765 | Test e:  77.88 
