

===============================================
2022-08-23 04:19:00

main.py --readout cls --gconv-dim 256 --tlayer-dim 256 --num-heads 8 --no-clustering --masked-attention --batch-size 32 --epochs 200 --warmup 20 --gconv-dropout 0.5 --tlayer-dropout 0.5 --seeds 2022 --device 0

None

dataset: ogbg-moltox21
use_val_loss: False
epochs: 200
scheduler: linear
warmup: 20
patience: 25
batch_size: 32
lr: 0.0001
weight_decay: 0.0001
clustering: False
masked_attention: True
gconv_dim: 256
tlayer_dim: 256
gconv_dropout: 0.5
tlayer_dropout: 0.5
num_layers: 4
num_heads: 8
skip_connection: none
readout: cls
seeds: 2022
save_state: False



| Epoch    0 | Train e:  47.91, T l:  0.5289 | Val e:  48.98 , Val l: 0.3387 | Test e:  51.62 
| Epoch    1 | Train e:  52.63, T l:  0.3171 | Val e:  53.65 , Val l: 0.3041 | Test e:  55.97 
| Epoch    2 | Train e:  57.31, T l:  0.2636 | Val e:  56.16 , Val l: 0.3086 | Test e:  59.02 
| Epoch    3 | Train e:  58.40, T l:  0.2508 | Val e:  58.45 , Val l: 0.3136 | Test e:  60.52 
| Epoch    4 | Train e:  56.28, T l:  0.2461 | Val e:  59.56 , Val l: 0.3132 | Test e:  59.45 
| Epoch    5 | Train e:  59.74, T l:  0.2407 | Val e:  60.40 , Val l: 0.3081 | Test e:  60.87 
| Epoch    6 | Train e:  64.52, T l:  0.2356 | Val e:  62.52 , Val l: 0.3045 | Test e:  63.41 
| Epoch    7 | Train e:  66.63, T l:  0.2334 | Val e:  62.59 , Val l: 0.3005 | Test e:  64.99 
| Epoch    8 | Train e:  69.32, T l:  0.2310 | Val e:  65.79 , Val l: 0.2962 | Test e:  66.26 
| Epoch    9 | Train e:  72.65, T l:  0.2236 | Val e:  69.82 , Val l: 0.2882 | Test e:  68.63 
| Epoch   10 | Train e:  73.28, T l:  0.2163 | Val e:  70.77 , Val l: 0.2917 | Test e:  68.57 
| Epoch   11 | Train e:  74.46, T l:  0.2122 | Val e:  72.37 , Val l: 0.2865 | Test e:  69.27 
| Epoch   12 | Train e:  75.65, T l:  0.2090 | Val e:  73.51 , Val l: 0.2795 | Test e:  70.43 
| Epoch   13 | Train e:  75.36, T l:  0.2085 | Val e:  73.21 , Val l: 0.2714 | Test e:  70.72 
| Epoch   14 | Train e:  77.51, T l:  0.2061 | Val e:  74.55 , Val l: 0.2620 | Test e:  71.96 
| Epoch   15 | Train e:  77.72, T l:  0.2033 | Val e:  75.13 , Val l: 0.2660 | Test e:  72.14 
| Epoch   16 | Train e:  79.17, T l:  0.2013 | Val e:  76.18 , Val l: 0.2655 | Test e:  72.79 
| Epoch   17 | Train e:  80.14, T l:  0.1993 | Val e:  77.16 , Val l: 0.2574 | Test e:  73.36 
| Epoch   18 | Train e:  79.70, T l:  0.1981 | Val e:  75.99 , Val l: 0.2847 | Test e:  73.22 
| Epoch   19 | Train e:  80.79, T l:  0.1962 | Val e:  77.79 , Val l: 0.2626 | Test e:  73.83 
| Epoch   20 | Train e:  81.91, T l:  0.1936 | Val e:  78.56 , Val l: 0.2560 | Test e:  74.32 
| Epoch   21 | Train e:  82.46, T l:  0.1934 | Val e:  77.93 , Val l: 0.2572 | Test e:  74.15 
| Epoch   22 | Train e:  82.71, T l:  0.1917 | Val e:  77.87 , Val l: 0.2616 | Test e:  74.85 
| Epoch   23 | Train e:  83.40, T l:  0.1889 | Val e:  78.30 , Val l: 0.2516 | Test e:  74.55 
| Epoch   24 | Train e:  84.55, T l:  0.1897 | Val e:  78.98 , Val l: 0.2524 | Test e:  74.57 
| Epoch   25 | Train e:  84.74, T l:  0.1863 | Val e:  78.89 , Val l: 0.2602 | Test e:  75.57 
| Epoch   26 | Train e:  85.23, T l:  0.1850 | Val e:  79.45 , Val l: 0.2471 | Test e:  75.41 
| Epoch   27 | Train e:  85.96, T l:  0.1830 | Val e:  79.70 , Val l: 0.2562 | Test e:  76.12 
| Epoch   28 | Train e:  85.93, T l:  0.1823 | Val e:  79.76 , Val l: 0.2476 | Test e:  75.75 
| Epoch   29 | Train e:  85.79, T l:  0.1817 | Val e:  79.57 , Val l: 0.2564 | Test e:  74.82 
| Epoch   30 | Train e:  86.43, T l:  0.1783 | Val e:  79.50 , Val l: 0.2528 | Test e:  75.97 
| Epoch   31 | Train e:  86.78, T l:  0.1788 | Val e:  80.10 , Val l: 0.2503 | Test e:  76.29 
| Epoch   32 | Train e:  86.98, T l:  0.1763 | Val e:  80.12 , Val l: 0.2482 | Test e:  76.79 
| Epoch   33 | Train e:  86.68, T l:  0.1764 | Val e:  80.01 , Val l: 0.2512 | Test e:  76.38 
| Epoch   34 | Train e:  86.87, T l:  0.1750 | Val e:  80.04 , Val l: 0.2489 | Test e:  76.35 
| Epoch   35 | Train e:  86.54, T l:  0.1735 | Val e:  80.49 , Val l: 0.2436 | Test e:  76.76 
| Epoch   36 | Train e:  87.63, T l:  0.1725 | Val e:  80.22 , Val l: 0.2549 | Test e:  75.82 
| Epoch   37 | Train e:  87.60, T l:  0.1705 | Val e:  80.21 , Val l: 0.2518 | Test e:  76.32 
| Epoch   38 | Train e:  87.67, T l:  0.1719 | Val e:  80.84 , Val l: 0.2405 | Test e:  75.50 
| Epoch   39 | Train e:  87.23, T l:  0.1710 | Val e:  79.48 , Val l: 0.2585 | Test e:  77.21 
| Epoch   40 | Train e:  88.10, T l:  0.1693 | Val e:  80.06 , Val l: 0.2473 | Test e:  77.21 
| Epoch   41 | Train e:  88.03, T l:  0.1685 | Val e:  79.88 , Val l: 0.2503 | Test e:  76.61 
| Epoch   42 | Train e:  88.52, T l:  0.1677 | Val e:  80.55 , Val l: 0.2476 | Test e:  76.75 
| Epoch   43 | Train e:  88.66, T l:  0.1667 | Val e:  80.84 , Val l: 0.2473 | Test e:  76.84 
| Epoch   44 | Train e:  88.25, T l:  0.1670 | Val e:  80.92 , Val l: 0.2438 | Test e:  77.11 
| Epoch   45 | Train e:  88.60, T l:  0.1660 | Val e:  80.83 , Val l: 0.2546 | Test e:  76.94 
| Epoch   46 | Train e:  88.80, T l:  0.1648 | Val e:  81.10 , Val l: 0.2438 | Test e:  76.40 
| Epoch   47 | Train e:  88.61, T l:  0.1640 | Val e:  80.79 , Val l: 0.2442 | Test e:  77.52 
| Epoch   48 | Train e:  88.99, T l:  0.1652 | Val e:  80.40 , Val l: 0.2483 | Test e:  76.78 
| Epoch   49 | Train e:  89.10, T l:  0.1641 | Val e:  80.59 , Val l: 0.2590 | Test e:  77.88 
| Epoch   50 | Train e:  88.67, T l:  0.1622 | Val e:  79.44 , Val l: 0.2664 | Test e:  76.77 
| Epoch   51 | Train e:  89.01, T l:  0.1622 | Val e:  80.77 , Val l: 0.2476 | Test e:  76.95 
| Epoch   52 | Train e:  89.13, T l:  0.1611 | Val e:  80.68 , Val l: 0.2442 | Test e:  77.24 
| Epoch   53 | Train e:  89.44, T l:  0.1584 | Val e:  80.59 , Val l: 0.2482 | Test e:  77.43 
| Epoch   54 | Train e:  89.11, T l:  0.1605 | Val e:  80.33 , Val l: 0.2491 | Test e:  77.29 
| Epoch   55 | Train e:  89.62, T l:  0.1602 | Val e:  81.07 , Val l: 0.2443 | Test e:  77.62 
| Epoch   56 | Train e:  89.49, T l:  0.1575 | Val e:  81.08 , Val l: 0.2424 | Test e:  77.71 
| Epoch   57 | Train e:  89.47, T l:  0.1603 | Val e:  81.13 , Val l: 0.2440 | Test e:  77.03 
| Epoch   58 | Train e:  89.27, T l:  0.1576 | Val e:  80.74 , Val l: 0.2601 | Test e:  76.16 
| Epoch   59 | Train e:  89.65, T l:  0.1570 | Val e:  80.22 , Val l: 0.2486 | Test e:  77.57 
| Epoch   60 | Train e:  89.97, T l:  0.1561 | Val e:  80.63 , Val l: 0.2447 | Test e:  77.32 
| Epoch   61 | Train e:  89.87, T l:  0.1565 | Val e:  80.76 , Val l: 0.2426 | Test e:  76.97 
| Epoch   62 | Train e:  89.89, T l:  0.1547 | Val e:  80.29 , Val l: 0.2484 | Test e:  77.65 
| Epoch   63 | Train e:  90.05, T l:  0.1550 | Val e:  81.10 , Val l: 0.2494 | Test e:  77.16 
| Epoch   64 | Train e:  90.29, T l:  0.1552 | Val e:  80.72 , Val l: 0.2474 | Test e:  78.34 
| Epoch   65 | Train e:  89.84, T l:  0.1550 | Val e:  80.39 , Val l: 0.2615 | Test e:  76.22 
| Epoch   66 | Train e:  90.19, T l:  0.1533 | Val e:  80.62 , Val l: 0.2514 | Test e:  77.91 
| Epoch   67 | Train e:  90.04, T l:  0.1547 | Val e:  80.66 , Val l: 0.2399 | Test e:  77.89 
| Epoch   68 | Train e:  90.36, T l:  0.1523 | Val e:  81.13 , Val l: 0.2475 | Test e:  77.37 
| Epoch   69 | Train e:  90.33, T l:  0.1522 | Val e:  80.33 , Val l: 0.2569 | Test e:  77.50 
| Epoch   70 | Train e:  90.65, T l:  0.1518 | Val e:  80.49 , Val l: 0.2481 | Test e:  78.03 
| Epoch   71 | Train e:  90.44, T l:  0.1513 | Val e:  80.96 , Val l: 0.2456 | Test e:  77.79 
| Epoch   72 | Train e:  90.37, T l:  0.1504 | Val e:  80.62 , Val l: 0.2482 | Test e:  77.07 
| Epoch   73 | Train e:  90.63, T l:  0.1499 | Val e:  80.81 , Val l: 0.2478 | Test e:  77.53 
| Epoch   74 | Train e:  90.87, T l:  0.1499 | Val e:  81.42 , Val l: 0.2445 | Test e:  78.04 
| Epoch   75 | Train e:  90.73, T l:  0.1491 | Val e:  80.27 , Val l: 0.2553 | Test e:  78.31 
| Epoch   76 | Train e:  90.80, T l:  0.1501 | Val e:  80.32 , Val l: 0.2521 | Test e:  77.95 
| Epoch   77 | Train e:  90.77, T l:  0.1482 | Val e:  80.28 , Val l: 0.2520 | Test e:  78.15 
| Epoch   78 | Train e:  91.20, T l:  0.1473 | Val e:  80.89 , Val l: 0.2415 | Test e:  78.04 
| Epoch   79 | Train e:  90.95, T l:  0.1475 | Val e:  79.75 , Val l: 0.2553 | Test e:  77.20 
| Epoch   80 | Train e:  91.15, T l:  0.1470 | Val e:  80.64 , Val l: 0.2458 | Test e:  78.38 
| Epoch   81 | Train e:  91.09, T l:  0.1467 | Val e:  80.41 , Val l: 0.2510 | Test e:  78.19 
| Epoch   82 | Train e:  91.01, T l:  0.1456 | Val e:  80.22 , Val l: 0.2494 | Test e:  78.30 
| Epoch   83 | Train e:  91.21, T l:  0.1472 | Val e:  81.07 , Val l: 0.2421 | Test e:  78.15 
| Epoch   84 | Train e:  91.32, T l:  0.1472 | Val e:  81.09 , Val l: 0.2495 | Test e:  77.96 
| Epoch   85 | Train e:  91.46, T l:  0.1452 | Val e:  80.73 , Val l: 0.2522 | Test e:  78.02 
| Epoch   86 | Train e:  91.30, T l:  0.1452 | Val e:  80.60 , Val l: 0.2491 | Test e:  78.19 
| Epoch   87 | Train e:  91.46, T l:  0.1445 | Val e:  80.72 , Val l: 0.2500 | Test e:  77.35 
| Epoch   88 | Train e:  91.52, T l:  0.1448 | Val e:  80.80 , Val l: 0.2456 | Test e:  77.96 
| Epoch   89 | Train e:  91.54, T l:  0.1437 | Val e:  80.61 , Val l: 0.2479 | Test e:  78.33 
| Epoch   90 | Train e:  91.76, T l:  0.1427 | Val e:  80.46 , Val l: 0.2498 | Test e:  78.13 
| Epoch   91 | Train e:  91.60, T l:  0.1434 | Val e:  80.05 , Val l: 0.2503 | Test e:  77.95 
| Epoch   92 | Train e:  91.76, T l:  0.1429 | Val e:  80.51 , Val l: 0.2548 | Test e:  78.22 
| Epoch   93 | Train e:  91.68, T l:  0.1410 | Val e:  80.71 , Val l: 0.2524 | Test e:  78.53 
| Epoch   94 | Train e:  91.87, T l:  0.1405 | Val e:  80.96 , Val l: 0.2435 | Test e:  78.42 
| Epoch   95 | Train e:  91.97, T l:  0.1420 | Val e:  80.54 , Val l: 0.2519 | Test e:  77.96 
| Epoch   96 | Train e:  91.92, T l:  0.1418 | Val e:  80.79 , Val l: 0.2503 | Test e:  78.47 
| Epoch   97 | Train e:  91.98, T l:  0.1415 | Val e:  81.07 , Val l: 0.2459 | Test e:  78.00 
| Epoch   98 | Train e:  92.05, T l:  0.1406 | Val e:  80.44 , Val l: 0.2546 | Test e:  77.75 
| Epoch   99 | Train e:  91.82, T l:  0.1402 | Val e:  80.16 , Val l: 0.2531 | Test e:  77.59 
| Epoch  100 | Train e:  92.30, T l:  0.1395 | Val e:  81.01 , Val l: 0.2571 | Test e:  78.21 
| Epoch  101 | Train e:  92.09, T l:  0.1400 | Val e:  80.49 , Val l: 0.2562 | Test e:  77.98 
| Epoch  102 | Train e:  92.47, T l:  0.1388 | Val e:  80.98 , Val l: 0.2507 | Test e:  78.70 
| Epoch  103 | Train e:  92.38, T l:  0.1392 | Val e:  80.34 , Val l: 0.2581 | Test e:  77.96 
| Epoch  104 | Train e:  92.38, T l:  0.1377 | Val e:  80.40 , Val l: 0.2560 | Test e:  79.40 
| Epoch  105 | Train e:  92.45, T l:  0.1373 | Val e:  80.32 , Val l: 0.2633 | Test e:  77.29 
| Epoch  106 | Train e:  92.37, T l:  0.1369 | Val e:  80.82 , Val l: 0.2548 | Test e:  78.03 
| Epoch  107 | Train e:  92.33, T l:  0.1373 | Val e:  80.49 , Val l: 0.2605 | Test e:  78.00 
| Epoch  108 | Train e:  92.50, T l:  0.1376 | Val e:  80.08 , Val l: 0.2533 | Test e:  77.62 
| Epoch  109 | Train e:  92.69, T l:  0.1365 | Val e:  81.18 , Val l: 0.2524 | Test e:  78.10 
| Epoch  110 | Train e:  92.61, T l:  0.1371 | Val e:  80.77 , Val l: 0.2504 | Test e:  78.38 
| Epoch  111 | Train e:  92.68, T l:  0.1352 | Val e:  80.07 , Val l: 0.2649 | Test e:  78.39 
| Epoch  112 | Train e:  92.59, T l:  0.1349 | Val e:  80.13 , Val l: 0.2598 | Test e:  78.63 
| Epoch  113 | Train e:  92.68, T l:  0.1353 | Val e:  80.10 , Val l: 0.2532 | Test e:  77.87 
| Epoch  114 | Train e:  92.89, T l:  0.1348 | Val e:  80.66 , Val l: 0.2527 | Test e:  78.53 
| Epoch  115 | Train e:  92.88, T l:  0.1356 | Val e:  80.55 , Val l: 0.2626 | Test e:  78.04 
| Epoch  116 | Train e:  92.92, T l:  0.1340 | Val e:  80.42 , Val l: 0.2565 | Test e:  77.85 
| Epoch  117 | Train e:  92.97, T l:  0.1345 | Val e:  80.78 , Val l: 0.2615 | Test e:  78.42 
| Epoch  118 | Train e:  93.11, T l:  0.1333 | Val e:  80.56 , Val l: 0.2526 | Test e:  78.39 
| Epoch  119 | Train e:  92.47, T l:  0.1330 | Val e:  79.48 , Val l: 0.2639 | Test e:  77.29 
| Epoch  120 | Train e:  92.90, T l:  0.1347 | Val e:  79.74 , Val l: 0.2686 | Test e:  77.26 
| Epoch  121 | Train e:  92.99, T l:  0.1337 | Val e:  80.43 , Val l: 0.2533 | Test e:  77.10 
| Epoch  122 | Train e:  93.08, T l:  0.1321 | Val e:  80.39 , Val l: 0.2591 | Test e:  77.77 
| Epoch  123 | Train e:  93.01, T l:  0.1331 | Val e:  80.31 , Val l: 0.2599 | Test e:  77.77 
| Epoch  124 | Train e:  93.27, T l:  0.1318 | Val e:  80.47 , Val l: 0.2621 | Test e:  77.56 
| Epoch  125 | Train e:  93.09, T l:  0.1315 | Val e:  80.44 , Val l: 0.2621 | Test e:  77.83 
| Epoch  126 | Train e:  93.19, T l:  0.1316 | Val e:  80.37 , Val l: 0.2570 | Test e:  77.52 
| Epoch  127 | Train e:  93.26, T l:  0.1316 | Val e:  80.60 , Val l: 0.2533 | Test e:  78.54 
| Epoch  128 | Train e:  93.45, T l:  0.1310 | Val e:  80.37 , Val l: 0.2598 | Test e:  77.78 
| Epoch  129 | Train e:  93.22, T l:  0.1314 | Val e:  79.98 , Val l: 0.2590 | Test e:  76.94 
| Epoch  130 | Train e:  93.45, T l:  0.1310 | Val e:  80.50 , Val l: 0.2566 | Test e:  78.29 
| Epoch  131 | Train e:  93.45, T l:  0.1305 | Val e:  80.12 , Val l: 0.2623 | Test e:  77.59 
| Epoch  132 | Train e:  93.19, T l:  0.1307 | Val e:  80.16 , Val l: 0.2743 | Test e:  77.27 
| Epoch  133 | Train e:  93.45, T l:  0.1290 | Val e:  80.05 , Val l: 0.2645 | Test e:  77.11 
| Epoch  134 | Train e:  93.47, T l:  0.1289 | Val e:  80.67 , Val l: 0.2624 | Test e:  77.93 
| Epoch  135 | Train e:  93.68, T l:  0.1290 | Val e:  80.78 , Val l: 0.2580 | Test e:  78.01 
| Epoch  136 | Train e:  93.62, T l:  0.1288 | Val e:  80.38 , Val l: 0.2653 | Test e:  78.00 
| Epoch  137 | Train e:  93.66, T l:  0.1278 | Val e:  80.59 , Val l: 0.2692 | Test e:  77.92 
| Epoch  138 | Train e:  93.72, T l:  0.1273 | Val e:  80.58 , Val l: 0.2632 | Test e:  77.92 
| Epoch  139 | Train e:  93.54, T l:  0.1272 | Val e:  80.10 , Val l: 0.2716 | Test e:  77.27 
| Epoch  140 | Train e:  93.75, T l:  0.1281 | Val e:  80.66 , Val l: 0.2615 | Test e:  77.87 
| Epoch  141 | Train e:  93.90, T l:  0.1262 | Val e:  80.70 , Val l: 0.2607 | Test e:  78.40 
| Epoch  142 | Train e:  93.65, T l:  0.1269 | Val e:  80.27 , Val l: 0.2629 | Test e:  77.61 
| Epoch  143 | Train e:  93.71, T l:  0.1271 | Val e:  80.25 , Val l: 0.2744 | Test e:  77.53 
| Epoch  144 | Train e:  93.95, T l:  0.1266 | Val e:  80.64 , Val l: 0.2652 | Test e:  77.84 
| Epoch  145 | Train e:  93.78, T l:  0.1255 | Val e:  80.33 , Val l: 0.2687 | Test e:  77.63 
| Epoch  146 | Train e:  93.80, T l:  0.1252 | Val e:  80.14 , Val l: 0.2689 | Test e:  77.25 
| Epoch  147 | Train e:  93.97, T l:  0.1256 | Val e:  80.67 , Val l: 0.2650 | Test e:  78.08 
| Epoch  148 | Train e:  94.01, T l:  0.1248 | Val e:  80.23 , Val l: 0.2695 | Test e:  77.76 
| Epoch  149 | Train e:  94.13, T l:  0.1248 | Val e:  80.76 , Val l: 0.2636 | Test e:  78.40 
| Epoch  150 | Train e:  94.00, T l:  0.1261 | Val e:  80.23 , Val l: 0.2684 | Test e:  77.42 
| Epoch  151 | Train e:  94.12, T l:  0.1236 | Val e:  80.31 , Val l: 0.2689 | Test e:  78.09 
| Epoch  152 | Train e:  94.12, T l:  0.1260 | Val e:  80.40 , Val l: 0.2626 | Test e:  77.38 
| Epoch  153 | Train e:  94.09, T l:  0.1243 | Val e:  80.20 , Val l: 0.2658 | Test e:  77.97 
| Epoch  154 | Train e:  94.15, T l:  0.1236 | Val e:  80.34 , Val l: 0.2712 | Test e:  77.66 
| Epoch  155 | Train e:  94.23, T l:  0.1231 | Val e:  80.34 , Val l: 0.2681 | Test e:  77.79 
| Epoch  156 | Train e:  94.15, T l:  0.1229 | Val e:  80.34 , Val l: 0.2787 | Test e:  77.80 
| Epoch  157 | Train e:  94.12, T l:  0.1230 | Val e:  80.11 , Val l: 0.2745 | Test e:  77.52 
| Epoch  158 | Train e:  94.09, T l:  0.1231 | Val e:  80.07 , Val l: 0.2710 | Test e:  76.92 
| Epoch  159 | Train e:  94.14, T l:  0.1218 | Val e:  79.78 , Val l: 0.2792 | Test e:  77.18 
| Epoch  160 | Train e:  94.18, T l:  0.1224 | Val e:  80.09 , Val l: 0.2719 | Test e:  77.33 
| Epoch  161 | Train e:  94.24, T l:  0.1226 | Val e:  80.40 , Val l: 0.2760 | Test e:  77.60 
| Epoch  162 | Train e:  94.26, T l:  0.1231 | Val e:  80.14 , Val l: 0.2694 | Test e:  77.50 
| Epoch  163 | Train e:  94.30, T l:  0.1209 | Val e:  80.18 , Val l: 0.2713 | Test e:  77.21 
| Epoch  164 | Train e:  94.29, T l:  0.1222 | Val e:  80.13 , Val l: 0.2717 | Test e:  77.83 
| Epoch  165 | Train e:  94.30, T l:  0.1202 | Val e:  79.92 , Val l: 0.2800 | Test e:  76.88 
| Epoch  166 | Train e:  94.37, T l:  0.1205 | Val e:  80.24 , Val l: 0.2739 | Test e:  77.49 
| Epoch  167 | Train e:  94.35, T l:  0.1209 | Val e:  80.11 , Val l: 0.2770 | Test e:  77.04 
| Epoch  168 | Train e:  94.45, T l:  0.1212 | Val e:  80.46 , Val l: 0.2692 | Test e:  77.99 
| Epoch  169 | Train e:  94.45, T l:  0.1206 | Val e:  79.99 , Val l: 0.2771 | Test e:  77.01 
| Epoch  170 | Train e:  94.31, T l:  0.1206 | Val e:  80.32 , Val l: 0.2789 | Test e:  76.70 
| Epoch  171 | Train e:  94.47, T l:  0.1196 | Val e:  80.23 , Val l: 0.2754 | Test e:  77.00 
| Epoch  172 | Train e:  94.47, T l:  0.1201 | Val e:  80.07 , Val l: 0.2740 | Test e:  77.26 
| Epoch  173 | Train e:  94.46, T l:  0.1210 | Val e:  80.11 , Val l: 0.2732 | Test e:  77.43 
| Epoch  174 | Train e:  94.54, T l:  0.1196 | Val e:  80.16 , Val l: 0.2717 | Test e:  77.57 
| Epoch  175 | Train e:  94.51, T l:  0.1186 | Val e:  80.13 , Val l: 0.2722 | Test e:  77.50 
| Epoch  176 | Train e:  94.53, T l:  0.1191 | Val e:  80.10 , Val l: 0.2720 | Test e:  77.41 
| Epoch  177 | Train e:  94.49, T l:  0.1189 | Val e:  80.21 , Val l: 0.2752 | Test e:  77.03 
| Epoch  178 | Train e:  94.52, T l:  0.1188 | Val e:  80.10 , Val l: 0.2796 | Test e:  77.04 
| Epoch  179 | Train e:  94.64, T l:  0.1176 | Val e:  80.21 , Val l: 0.2795 | Test e:  77.16 
| Epoch  180 | Train e:  94.55, T l:  0.1183 | Val e:  80.05 , Val l: 0.2802 | Test e:  76.76 
| Epoch  181 | Train e:  94.67, T l:  0.1190 | Val e:  80.20 , Val l: 0.2794 | Test e:  77.36 
| Epoch  182 | Train e:  94.64, T l:  0.1180 | Val e:  80.18 , Val l: 0.2777 | Test e:  77.23 
| Epoch  183 | Train e:  94.63, T l:  0.1172 | Val e:  79.90 , Val l: 0.2779 | Test e:  77.00 
| Epoch  184 | Train e:  94.68, T l:  0.1168 | Val e:  80.09 , Val l: 0.2800 | Test e:  77.01 
| Epoch  185 | Train e:  94.65, T l:  0.1177 | Val e:  80.03 , Val l: 0.2832 | Test e:  76.93 
| Epoch  186 | Train e:  94.68, T l:  0.1173 | Val e:  79.96 , Val l: 0.2819 | Test e:  77.05 
| Epoch  187 | Train e:  94.73, T l:  0.1161 | Val e:  80.06 , Val l: 0.2799 | Test e:  77.24 
| Epoch  188 | Train e:  94.70, T l:  0.1164 | Val e:  79.90 , Val l: 0.2866 | Test e:  77.06 
| Epoch  189 | Train e:  94.71, T l:  0.1162 | Val e:  80.05 , Val l: 0.2796 | Test e:  76.98 
| Epoch  190 | Train e:  94.71, T l:  0.1161 | Val e:  80.01 , Val l: 0.2840 | Test e:  77.12 
| Epoch  191 | Train e:  94.76, T l:  0.1165 | Val e:  79.99 , Val l: 0.2836 | Test e:  77.10 
| Epoch  192 | Train e:  94.77, T l:  0.1152 | Val e:  80.08 , Val l: 0.2814 | Test e:  77.26 
| Epoch  193 | Train e:  94.73, T l:  0.1160 | Val e:  80.08 , Val l: 0.2810 | Test e:  77.14 
| Epoch  194 | Train e:  94.75, T l:  0.1154 | Val e:  80.05 , Val l: 0.2837 | Test e:  77.04 
| Epoch  195 | Train e:  94.75, T l:  0.1166 | Val e:  80.03 , Val l: 0.2839 | Test e:  77.11 
| Epoch  196 | Train e:  94.71, T l:  0.1165 | Val e:  79.95 , Val l: 0.2846 | Test e:  76.87 
| Epoch  197 | Train e:  94.74, T l:  0.1159 | Val e:  79.99 , Val l: 0.2833 | Test e:  76.93 
| Epoch  198 | Train e:  94.75, T l:  0.1156 | Val e:  79.99 , Val l: 0.2835 | Test e:  76.98 
| Epoch  199 | Train e:  94.76, T l:  0.1158 | Val e:  80.02 , Val l: 0.2833 | Test e:  77.04 
