

===============================================
2022-12-19 07:58:45

main_g.py --readout mean --gconv-dim 256 --tlayer-dim 256 --num-heads 8 --no-clustering --masked-attention --batch-size 32 --epochs 200 --warmup 20 --gconv-dropout 0.5 --tlayer-dropout 0.5 --seeds 2022 --device 1

None

dataset: ogbg-moltox21
use_val_loss: False
epochs: 200
scheduler: linear
warmup: 20
patience: 25
batch_size: 32
lr: 0.0001
weight_decay: 0.0001
clustering: False
masked_attention: True
gconv_dim: 256
tlayer_dim: 256
gconv_dropout: 0.5
tlayer_dropout: 0.5
num_layers: 4
num_heads: 8
skip_connection: none
readout: mean
seeds: 2022
save_state: False



| Epoch    0 | Train e:  48.66, T l:  0.6117 | Val e:  51.23 , Val l: 0.4579 | Test e:  50.16 
| Epoch    1 | Train e:  47.68, T l:  0.3935 | Val e:  49.29 , Val l: 0.3396 | Test e:  48.74 
| Epoch    2 | Train e:  50.04, T l:  0.2908 | Val e:  49.22 , Val l: 0.3080 | Test e:  51.71 
| Epoch    3 | Train e:  54.84, T l:  0.2594 | Val e:  55.06 , Val l: 0.3021 | Test e:  57.51 
| Epoch    4 | Train e:  54.47, T l:  0.2498 | Val e:  55.31 , Val l: 0.3023 | Test e:  57.11 
| Epoch    5 | Train e:  56.02, T l:  0.2453 | Val e:  56.62 , Val l: 0.3028 | Test e:  57.36 
| Epoch    6 | Train e:  62.30, T l:  0.2426 | Val e:  61.44 , Val l: 0.2943 | Test e:  63.52 
| Epoch    7 | Train e:  63.97, T l:  0.2371 | Val e:  61.95 , Val l: 0.2918 | Test e:  64.02 
| Epoch    8 | Train e:  66.44, T l:  0.2331 | Val e:  64.07 , Val l: 0.2883 | Test e:  64.36 
| Epoch    9 | Train e:  67.65, T l:  0.2306 | Val e:  64.97 , Val l: 0.2893 | Test e:  64.53 
| Epoch   10 | Train e:  66.38, T l:  0.2299 | Val e:  63.37 , Val l: 0.2874 | Test e:  64.47 
| Epoch   11 | Train e:  68.74, T l:  0.2252 | Val e:  65.56 , Val l: 0.2912 | Test e:  64.23 
| Epoch   12 | Train e:  72.39, T l:  0.2209 | Val e:  71.14 , Val l: 0.2756 | Test e:  66.89 
| Epoch   13 | Train e:  72.56, T l:  0.2159 | Val e:  70.81 , Val l: 0.2773 | Test e:  66.58 
| Epoch   14 | Train e:  72.15, T l:  0.2163 | Val e:  71.79 , Val l: 0.2768 | Test e:  67.37 
| Epoch   15 | Train e:  72.84, T l:  0.2132 | Val e:  72.35 , Val l: 0.2794 | Test e:  67.37 
| Epoch   16 | Train e:  73.66, T l:  0.2113 | Val e:  71.72 , Val l: 0.2793 | Test e:  67.71 
| Epoch   17 | Train e:  74.12, T l:  0.2112 | Val e:  72.83 , Val l: 0.2762 | Test e:  67.69 
| Epoch   18 | Train e:  74.14, T l:  0.2085 | Val e:  72.87 , Val l: 0.2922 | Test e:  66.79 
| Epoch   19 | Train e:  74.26, T l:  0.2098 | Val e:  73.60 , Val l: 0.2695 | Test e:  68.31 
| Epoch   20 | Train e:  74.43, T l:  0.2073 | Val e:  73.86 , Val l: 0.2683 | Test e:  69.06 
| Epoch   21 | Train e:  74.95, T l:  0.2066 | Val e:  73.58 , Val l: 0.2856 | Test e:  68.97 
| Epoch   22 | Train e:  76.04, T l:  0.2072 | Val e:  73.02 , Val l: 0.2754 | Test e:  68.03 
| Epoch   23 | Train e:  75.72, T l:  0.2047 | Val e:  73.92 , Val l: 0.2747 | Test e:  68.61 
| Epoch   24 | Train e:  76.23, T l:  0.2073 | Val e:  73.68 , Val l: 0.2716 | Test e:  69.31 
| Epoch   25 | Train e:  77.13, T l:  0.2051 | Val e:  75.46 , Val l: 0.2648 | Test e:  70.24 
| Epoch   26 | Train e:  77.54, T l:  0.2027 | Val e:  75.60 , Val l: 0.2676 | Test e:  70.85 
| Epoch   27 | Train e:  78.01, T l:  0.2030 | Val e:  75.72 , Val l: 0.2671 | Test e:  71.74 
| Epoch   28 | Train e:  77.07, T l:  0.2015 | Val e:  75.43 , Val l: 0.2751 | Test e:  71.42 
| Epoch   29 | Train e:  78.07, T l:  0.2021 | Val e:  74.91 , Val l: 0.2662 | Test e:  70.78 
| Epoch   30 | Train e:  78.09, T l:  0.2008 | Val e:  75.44 , Val l: 0.2614 | Test e:  72.01 
| Epoch   31 | Train e:  78.34, T l:  0.2001 | Val e:  75.38 , Val l: 0.2662 | Test e:  71.12 
| Epoch   32 | Train e:  78.91, T l:  0.1997 | Val e:  75.88 , Val l: 0.2606 | Test e:  72.21 
| Epoch   33 | Train e:  79.23, T l:  0.1988 | Val e:  75.13 , Val l: 0.2686 | Test e:  71.37 
| Epoch   34 | Train e:  78.78, T l:  0.1982 | Val e:  75.34 , Val l: 0.2629 | Test e:  71.92 
| Epoch   35 | Train e:  79.86, T l:  0.1972 | Val e:  74.94 , Val l: 0.2655 | Test e:  71.54 
| Epoch   36 | Train e:  79.64, T l:  0.1966 | Val e:  75.03 , Val l: 0.2643 | Test e:  71.10 
| Epoch   37 | Train e:  79.00, T l:  0.1965 | Val e:  74.81 , Val l: 0.2678 | Test e:  70.74 
| Epoch   38 | Train e:  79.68, T l:  0.1950 | Val e:  75.70 , Val l: 0.2671 | Test e:  71.12 
| Epoch   39 | Train e:  79.70, T l:  0.1946 | Val e:  75.81 , Val l: 0.2593 | Test e:  71.96 
| Epoch   40 | Train e:  80.34, T l:  0.1927 | Val e:  75.65 , Val l: 0.2645 | Test e:  72.28 
| Epoch   41 | Train e:  80.58, T l:  0.1942 | Val e:  75.30 , Val l: 0.2645 | Test e:  72.23 
| Epoch   42 | Train e:  81.03, T l:  0.1925 | Val e:  75.73 , Val l: 0.2589 | Test e:  72.47 
| Epoch   43 | Train e:  81.14, T l:  0.1917 | Val e:  75.56 , Val l: 0.2675 | Test e:  71.93 
| Epoch   44 | Train e:  81.24, T l:  0.1915 | Val e:  75.89 , Val l: 0.2612 | Test e:  72.24 
| Epoch   45 | Train e:  81.84, T l:  0.1891 | Val e:  76.17 , Val l: 0.2597 | Test e:  72.33 
| Epoch   46 | Train e:  80.85, T l:  0.1904 | Val e:  74.92 , Val l: 0.2793 | Test e:  71.38 
| Epoch   47 | Train e:  81.58, T l:  0.1883 | Val e:  75.59 , Val l: 0.2655 | Test e:  71.52 
| Epoch   48 | Train e:  82.38, T l:  0.1890 | Val e:  76.11 , Val l: 0.2599 | Test e:  72.26 
| Epoch   49 | Train e:  81.91, T l:  0.1893 | Val e:  76.28 , Val l: 0.2660 | Test e:  72.09 
| Epoch   50 | Train e:  82.44, T l:  0.1881 | Val e:  76.80 , Val l: 0.2571 | Test e:  72.45 
| Epoch   51 | Train e:  82.42, T l:  0.1880 | Val e:  75.94 , Val l: 0.2648 | Test e:  72.05 
| Epoch   52 | Train e:  82.64, T l:  0.1869 | Val e:  76.15 , Val l: 0.2620 | Test e:  72.43 
| Epoch   53 | Train e:  82.75, T l:  0.1872 | Val e:  76.38 , Val l: 0.2581 | Test e:  72.55 
| Epoch   54 | Train e:  82.49, T l:  0.1855 | Val e:  76.61 , Val l: 0.2598 | Test e:  72.37 
| Epoch   55 | Train e:  82.87, T l:  0.1851 | Val e:  76.17 , Val l: 0.2670 | Test e:  71.54 
| Epoch   56 | Train e:  83.37, T l:  0.1872 | Val e:  76.21 , Val l: 0.2648 | Test e:  72.05 
| Epoch   57 | Train e:  83.27, T l:  0.1852 | Val e:  76.13 , Val l: 0.2576 | Test e:  73.23 
| Epoch   58 | Train e:  82.86, T l:  0.1839 | Val e:  76.49 , Val l: 0.2725 | Test e:  72.67 
| Epoch   59 | Train e:  83.79, T l:  0.1831 | Val e:  75.96 , Val l: 0.2612 | Test e:  71.48 
| Epoch   60 | Train e:  83.25, T l:  0.1818 | Val e:  76.50 , Val l: 0.2621 | Test e:  72.44 
| Epoch   61 | Train e:  84.12, T l:  0.1819 | Val e:  76.01 , Val l: 0.2629 | Test e:  72.97 
| Epoch   62 | Train e:  84.20, T l:  0.1804 | Val e:  76.44 , Val l: 0.2633 | Test e:  73.15 
| Epoch   63 | Train e:  84.62, T l:  0.1815 | Val e:  76.71 , Val l: 0.2585 | Test e:  73.01 
| Epoch   64 | Train e:  84.62, T l:  0.1796 | Val e:  75.60 , Val l: 0.2656 | Test e:  73.44 
| Epoch   65 | Train e:  84.88, T l:  0.1804 | Val e:  75.12 , Val l: 0.2685 | Test e:  71.95 
| Epoch   66 | Train e:  84.75, T l:  0.1806 | Val e:  76.53 , Val l: 0.2644 | Test e:  73.19 
| Epoch   67 | Train e:  84.93, T l:  0.1772 | Val e:  76.27 , Val l: 0.2618 | Test e:  73.44 
| Epoch   68 | Train e:  85.23, T l:  0.1775 | Val e:  76.71 , Val l: 0.2621 | Test e:  73.11 
| Epoch   69 | Train e:  85.42, T l:  0.1777 | Val e:  76.21 , Val l: 0.2623 | Test e:  73.20 
| Epoch   70 | Train e:  85.69, T l:  0.1770 | Val e:  76.39 , Val l: 0.2619 | Test e:  73.76 
| Epoch   71 | Train e:  85.35, T l:  0.1766 | Val e:  76.52 , Val l: 0.2636 | Test e:  73.00 
| Epoch   72 | Train e:  85.53, T l:  0.1753 | Val e:  77.08 , Val l: 0.2591 | Test e:  72.96 
| Epoch   73 | Train e:  85.81, T l:  0.1748 | Val e:  76.34 , Val l: 0.2635 | Test e:  72.45 
| Epoch   74 | Train e:  85.96, T l:  0.1756 | Val e:  76.37 , Val l: 0.2638 | Test e:  73.08 
| Epoch   75 | Train e:  85.86, T l:  0.1746 | Val e:  76.43 , Val l: 0.2668 | Test e:  73.58 
| Epoch   76 | Train e:  85.50, T l:  0.1738 | Val e:  76.43 , Val l: 0.2617 | Test e:  72.51 
| Epoch   77 | Train e:  86.39, T l:  0.1743 | Val e:  76.16 , Val l: 0.2615 | Test e:  73.48 
| Epoch   78 | Train e:  86.42, T l:  0.1730 | Val e:  77.02 , Val l: 0.2625 | Test e:  73.45 
| Epoch   79 | Train e:  85.58, T l:  0.1752 | Val e:  76.36 , Val l: 0.2614 | Test e:  72.53 
| Epoch   80 | Train e:  86.18, T l:  0.1743 | Val e:  76.62 , Val l: 0.2597 | Test e:  74.41 
| Epoch   81 | Train e:  86.61, T l:  0.1728 | Val e:  76.73 , Val l: 0.2623 | Test e:  73.53 
| Epoch   82 | Train e:  86.70, T l:  0.1706 | Val e:  76.50 , Val l: 0.2643 | Test e:  73.62 
| Epoch   83 | Train e:  86.51, T l:  0.1708 | Val e:  76.00 , Val l: 0.2630 | Test e:  74.55 
| Epoch   84 | Train e:  86.44, T l:  0.1712 | Val e:  75.35 , Val l: 0.2693 | Test e:  74.03 
| Epoch   85 | Train e:  86.64, T l:  0.1700 | Val e:  77.03 , Val l: 0.2599 | Test e:  73.97 
| Epoch   86 | Train e:  86.80, T l:  0.1692 | Val e:  76.79 , Val l: 0.2625 | Test e:  74.56 
| Epoch   87 | Train e:  86.37, T l:  0.1705 | Val e:  76.33 , Val l: 0.2701 | Test e:  73.99 
| Epoch   88 | Train e:  87.08, T l:  0.1683 | Val e:  76.81 , Val l: 0.2607 | Test e:  73.26 
| Epoch   89 | Train e:  86.81, T l:  0.1684 | Val e:  77.26 , Val l: 0.2633 | Test e:  74.15 
| Epoch   90 | Train e:  87.19, T l:  0.1691 | Val e:  76.82 , Val l: 0.2623 | Test e:  74.18 
| Epoch   91 | Train e:  86.64, T l:  0.1679 | Val e:  76.18 , Val l: 0.2657 | Test e:  72.76 
| Epoch   92 | Train e:  87.28, T l:  0.1688 | Val e:  76.89 , Val l: 0.2600 | Test e:  73.67 
| Epoch   93 | Train e:  86.91, T l:  0.1681 | Val e:  77.80 , Val l: 0.2553 | Test e:  73.59 
| Epoch   94 | Train e:  87.30, T l:  0.1674 | Val e:  76.62 , Val l: 0.2623 | Test e:  74.19 
| Epoch   95 | Train e:  87.33, T l:  0.1664 | Val e:  76.39 , Val l: 0.2621 | Test e:  74.15 
| Epoch   96 | Train e:  87.56, T l:  0.1665 | Val e:  77.02 , Val l: 0.2611 | Test e:  74.05 
| Epoch   97 | Train e:  87.53, T l:  0.1656 | Val e:  76.54 , Val l: 0.2570 | Test e:  74.19 
| Epoch   98 | Train e:  87.39, T l:  0.1660 | Val e:  76.51 , Val l: 0.2667 | Test e:  73.97 
| Epoch   99 | Train e:  87.36, T l:  0.1670 | Val e:  76.49 , Val l: 0.2600 | Test e:  74.73 
| Epoch  100 | Train e:  87.44, T l:  0.1651 | Val e:  77.12 , Val l: 0.2620 | Test e:  73.91 
| Epoch  101 | Train e:  87.58, T l:  0.1652 | Val e:  77.37 , Val l: 0.2552 | Test e:  74.27 
| Epoch  102 | Train e:  87.57, T l:  0.1647 | Val e:  75.86 , Val l: 0.2647 | Test e:  74.04 
| Epoch  103 | Train e:  87.81, T l:  0.1662 | Val e:  76.55 , Val l: 0.2577 | Test e:  74.28 
| Epoch  104 | Train e:  87.85, T l:  0.1641 | Val e:  77.23 , Val l: 0.2562 | Test e:  74.79 
| Epoch  105 | Train e:  87.72, T l:  0.1652 | Val e:  76.65 , Val l: 0.2674 | Test e:  74.27 
| Epoch  106 | Train e:  87.86, T l:  0.1637 | Val e:  77.01 , Val l: 0.2606 | Test e:  74.02 
| Epoch  107 | Train e:  87.72, T l:  0.1636 | Val e:  76.59 , Val l: 0.2639 | Test e:  74.70 
| Epoch  108 | Train e:  87.84, T l:  0.1646 | Val e:  76.62 , Val l: 0.2604 | Test e:  73.90 
| Epoch  109 | Train e:  87.82, T l:  0.1633 | Val e:  76.95 , Val l: 0.2622 | Test e:  74.69 
| Epoch  110 | Train e:  87.80, T l:  0.1628 | Val e:  77.28 , Val l: 0.2642 | Test e:  73.79 
| Epoch  111 | Train e:  88.06, T l:  0.1630 | Val e:  76.92 , Val l: 0.2600 | Test e:  74.85 
| Epoch  112 | Train e:  87.88, T l:  0.1628 | Val e:  76.42 , Val l: 0.2658 | Test e:  73.71 
| Epoch  113 | Train e:  88.07, T l:  0.1628 | Val e:  76.74 , Val l: 0.2644 | Test e:  74.22 
| Epoch  114 | Train e:  87.93, T l:  0.1622 | Val e:  76.20 , Val l: 0.2718 | Test e:  74.29 
| Epoch  115 | Train e:  87.89, T l:  0.1610 | Val e:  75.78 , Val l: 0.2630 | Test e:  74.03 
| Epoch  116 | Train e:  88.02, T l:  0.1611 | Val e:  75.81 , Val l: 0.2632 | Test e:  74.13 
| Epoch  117 | Train e:  88.17, T l:  0.1623 | Val e:  76.42 , Val l: 0.2610 | Test e:  73.86 
| Epoch  118 | Train e:  88.19, T l:  0.1613 | Val e:  76.45 , Val l: 0.2671 | Test e:  74.25 
| Epoch  119 | Train e:  88.30, T l:  0.1624 | Val e:  75.86 , Val l: 0.2634 | Test e:  74.40 
| Epoch  120 | Train e:  88.23, T l:  0.1612 | Val e:  76.60 , Val l: 0.2594 | Test e:  74.57 
| Epoch  121 | Train e:  88.33, T l:  0.1599 | Val e:  76.29 , Val l: 0.2627 | Test e:  74.45 
| Epoch  122 | Train e:  88.43, T l:  0.1601 | Val e:  76.89 , Val l: 0.2605 | Test e:  74.43 
| Epoch  123 | Train e:  88.25, T l:  0.1599 | Val e:  76.40 , Val l: 0.2638 | Test e:  74.30 
| Epoch  124 | Train e:  88.14, T l:  0.1594 | Val e:  76.37 , Val l: 0.2644 | Test e:  74.13 
| Epoch  125 | Train e:  88.35, T l:  0.1612 | Val e:  76.39 , Val l: 0.2649 | Test e:  74.72 
| Epoch  126 | Train e:  88.43, T l:  0.1597 | Val e:  76.03 , Val l: 0.2637 | Test e:  74.20 
| Epoch  127 | Train e:  88.33, T l:  0.1599 | Val e:  77.03 , Val l: 0.2571 | Test e:  74.62 
| Epoch  128 | Train e:  88.43, T l:  0.1598 | Val e:  76.44 , Val l: 0.2607 | Test e:  74.23 
| Epoch  129 | Train e:  88.41, T l:  0.1584 | Val e:  76.78 , Val l: 0.2609 | Test e:  73.98 
| Epoch  130 | Train e:  88.46, T l:  0.1591 | Val e:  76.65 , Val l: 0.2623 | Test e:  74.70 
| Epoch  131 | Train e:  88.61, T l:  0.1593 | Val e:  76.20 , Val l: 0.2620 | Test e:  74.47 
| Epoch  132 | Train e:  88.39, T l:  0.1577 | Val e:  76.17 , Val l: 0.2691 | Test e:  74.73 
| Epoch  133 | Train e:  88.68, T l:  0.1578 | Val e:  76.49 , Val l: 0.2605 | Test e:  74.51 
| Epoch  134 | Train e:  88.72, T l:  0.1587 | Val e:  76.04 , Val l: 0.2614 | Test e:  74.41 
| Epoch  135 | Train e:  88.56, T l:  0.1580 | Val e:  75.53 , Val l: 0.2691 | Test e:  74.17 
| Epoch  136 | Train e:  88.68, T l:  0.1582 | Val e:  76.55 , Val l: 0.2584 | Test e:  74.39 
| Epoch  137 | Train e:  88.62, T l:  0.1571 | Val e:  76.93 , Val l: 0.2594 | Test e:  74.24 
| Epoch  138 | Train e:  88.74, T l:  0.1574 | Val e:  76.31 , Val l: 0.2609 | Test e:  74.08 
| Epoch  139 | Train e:  88.83, T l:  0.1560 | Val e:  76.52 , Val l: 0.2607 | Test e:  74.61 
| Epoch  140 | Train e:  88.60, T l:  0.1577 | Val e:  76.40 , Val l: 0.2633 | Test e:  74.67 
| Epoch  141 | Train e:  88.92, T l:  0.1558 | Val e:  75.95 , Val l: 0.2617 | Test e:  74.34 
| Epoch  142 | Train e:  88.93, T l:  0.1563 | Val e:  76.14 , Val l: 0.2637 | Test e:  74.72 
| Epoch  143 | Train e:  88.78, T l:  0.1566 | Val e:  76.79 , Val l: 0.2594 | Test e:  74.96 
| Epoch  144 | Train e:  88.84, T l:  0.1560 | Val e:  76.38 , Val l: 0.2629 | Test e:  74.50 
| Epoch  145 | Train e:  88.90, T l:  0.1548 | Val e:  76.79 , Val l: 0.2584 | Test e:  74.55 
| Epoch  146 | Train e:  89.03, T l:  0.1543 | Val e:  76.50 , Val l: 0.2601 | Test e:  74.10 
| Epoch  147 | Train e:  88.97, T l:  0.1546 | Val e:  76.19 , Val l: 0.2633 | Test e:  74.09 
| Epoch  148 | Train e:  88.86, T l:  0.1558 | Val e:  76.21 , Val l: 0.2666 | Test e:  73.98 
| Epoch  149 | Train e:  88.84, T l:  0.1546 | Val e:  76.43 , Val l: 0.2620 | Test e:  74.05 
| Epoch  150 | Train e:  89.02, T l:  0.1535 | Val e:  76.35 , Val l: 0.2620 | Test e:  74.29 
| Epoch  151 | Train e:  89.02, T l:  0.1551 | Val e:  76.10 , Val l: 0.2618 | Test e:  74.47 
| Epoch  152 | Train e:  89.14, T l:  0.1541 | Val e:  76.55 , Val l: 0.2615 | Test e:  74.12 
| Epoch  153 | Train e:  89.07, T l:  0.1538 | Val e:  75.94 , Val l: 0.2672 | Test e:  74.82 
| Epoch  154 | Train e:  89.18, T l:  0.1542 | Val e:  76.35 , Val l: 0.2613 | Test e:  74.30 
| Epoch  155 | Train e:  89.16, T l:  0.1532 | Val e:  76.49 , Val l: 0.2626 | Test e:  74.50 
| Epoch  156 | Train e:  89.30, T l:  0.1525 | Val e:  76.64 , Val l: 0.2602 | Test e:  74.14 
| Epoch  157 | Train e:  89.26, T l:  0.1535 | Val e:  76.51 , Val l: 0.2612 | Test e:  74.50 
| Epoch  158 | Train e:  89.27, T l:  0.1529 | Val e:  76.24 , Val l: 0.2666 | Test e:  74.54 
| Epoch  159 | Train e:  89.18, T l:  0.1529 | Val e:  75.85 , Val l: 0.2663 | Test e:  74.24 
| Epoch  160 | Train e:  89.31, T l:  0.1528 | Val e:  76.19 , Val l: 0.2629 | Test e:  73.60 
| Epoch  161 | Train e:  89.28, T l:  0.1536 | Val e:  76.62 , Val l: 0.2598 | Test e:  74.27 
| Epoch  162 | Train e:  89.22, T l:  0.1528 | Val e:  76.81 , Val l: 0.2604 | Test e:  74.62 
| Epoch  163 | Train e:  89.31, T l:  0.1518 | Val e:  76.88 , Val l: 0.2599 | Test e:  74.37 
| Epoch  164 | Train e:  89.39, T l:  0.1520 | Val e:  76.77 , Val l: 0.2584 | Test e:  74.42 
| Epoch  165 | Train e:  89.42, T l:  0.1525 | Val e:  76.33 , Val l: 0.2641 | Test e:  74.31 
| Epoch  166 | Train e:  89.37, T l:  0.1515 | Val e:  76.98 , Val l: 0.2587 | Test e:  74.76 
| Epoch  167 | Train e:  89.16, T l:  0.1525 | Val e:  76.66 , Val l: 0.2631 | Test e:  74.70 
| Epoch  168 | Train e:  89.41, T l:  0.1522 | Val e:  76.52 , Val l: 0.2617 | Test e:  74.25 
| Epoch  169 | Train e:  89.44, T l:  0.1518 | Val e:  76.81 , Val l: 0.2606 | Test e:  74.09 
| Epoch  170 | Train e:  89.40, T l:  0.1503 | Val e:  76.50 , Val l: 0.2636 | Test e:  74.34 
| Epoch  171 | Train e:  89.41, T l:  0.1508 | Val e:  76.35 , Val l: 0.2648 | Test e:  74.50 
| Epoch  172 | Train e:  89.39, T l:  0.1510 | Val e:  76.41 , Val l: 0.2653 | Test e:  74.52 
| Epoch  173 | Train e:  89.47, T l:  0.1511 | Val e:  76.50 , Val l: 0.2638 | Test e:  74.38 
| Epoch  174 | Train e:  89.50, T l:  0.1502 | Val e:  76.39 , Val l: 0.2644 | Test e:  74.42 
| Epoch  175 | Train e:  89.47, T l:  0.1514 | Val e:  76.44 , Val l: 0.2627 | Test e:  74.34 
| Epoch  176 | Train e:  89.63, T l:  0.1506 | Val e:  76.57 , Val l: 0.2594 | Test e:  74.39 
| Epoch  177 | Train e:  89.51, T l:  0.1518 | Val e:  76.54 , Val l: 0.2637 | Test e:  74.54 
| Epoch  178 | Train e:  89.46, T l:  0.1503 | Val e:  76.83 , Val l: 0.2623 | Test e:  74.32 
| Epoch  179 | Train e:  89.49, T l:  0.1494 | Val e:  76.69 , Val l: 0.2610 | Test e:  74.73 
| Epoch  180 | Train e:  89.63, T l:  0.1492 | Val e:  76.70 , Val l: 0.2599 | Test e:  74.76 
| Epoch  181 | Train e:  89.58, T l:  0.1491 | Val e:  76.46 , Val l: 0.2624 | Test e:  74.69 
| Epoch  182 | Train e:  89.57, T l:  0.1500 | Val e:  76.22 , Val l: 0.2642 | Test e:  74.60 
| Epoch  183 | Train e:  89.63, T l:  0.1490 | Val e:  76.30 , Val l: 0.2631 | Test e:  74.62 
| Epoch  184 | Train e:  89.66, T l:  0.1499 | Val e:  76.62 , Val l: 0.2606 | Test e:  74.52 
| Epoch  185 | Train e:  89.67, T l:  0.1490 | Val e:  76.66 , Val l: 0.2610 | Test e:  74.56 
| Epoch  186 | Train e:  89.68, T l:  0.1491 | Val e:  76.40 , Val l: 0.2637 | Test e:  74.54 
| Epoch  187 | Train e:  89.69, T l:  0.1491 | Val e:  76.38 , Val l: 0.2635 | Test e:  74.41 
| Epoch  188 | Train e:  89.67, T l:  0.1488 | Val e:  76.73 , Val l: 0.2614 | Test e:  74.41 
| Epoch  189 | Train e:  89.71, T l:  0.1494 | Val e:  76.35 , Val l: 0.2633 | Test e:  74.35 
| Epoch  190 | Train e:  89.75, T l:  0.1488 | Val e:  76.38 , Val l: 0.2621 | Test e:  74.34 
| Epoch  191 | Train e:  89.70, T l:  0.1491 | Val e:  76.47 , Val l: 0.2626 | Test e:  74.40 
| Epoch  192 | Train e:  89.73, T l:  0.1489 | Val e:  76.57 , Val l: 0.2617 | Test e:  74.43 
| Epoch  193 | Train e:  89.72, T l:  0.1484 | Val e:  76.57 , Val l: 0.2630 | Test e:  74.37 
| Epoch  194 | Train e:  89.71, T l:  0.1490 | Val e:  76.49 , Val l: 0.2632 | Test e:  74.41 
| Epoch  195 | Train e:  89.72, T l:  0.1486 | Val e:  76.59 , Val l: 0.2627 | Test e:  74.48 
| Epoch  196 | Train e:  89.75, T l:  0.1484 | Val e:  76.66 , Val l: 0.2617 | Test e:  74.43 
| Epoch  197 | Train e:  89.76, T l:  0.1480 | Val e:  76.58 , Val l: 0.2624 | Test e:  74.44 
| Epoch  198 | Train e:  89.77, T l:  0.1477 | Val e:  76.53 , Val l: 0.2624 | Test e:  74.45 
| Epoch  199 | Train e:  89.76, T l:  0.1486 | Val e:  76.57 , Val l: 0.2623 | Test e:  74.46 
