

===============================================
2022-08-23 01:03:33

main.py --readout cls --gconv-dim 256 --tlayer-dim 256 --num-heads 8 --no-clustering --masked-attention --batch-size 32 --epochs 200 --warmup 20 --gconv-dropout 0.5 --tlayer-dropout 0.5 --seeds 12138 --device 0

None

dataset: ogbg-moltox21
use_val_loss: False
epochs: 200
scheduler: linear
warmup: 20
patience: 25
batch_size: 32
lr: 0.0001
weight_decay: 0.0001
clustering: False
masked_attention: True
gconv_dim: 256
tlayer_dim: 256
gconv_dropout: 0.5
tlayer_dropout: 0.5
num_layers: 4
num_heads: 8
skip_connection: none
readout: cls
seeds: 12138
save_state: False



| Epoch    0 | Train e:  46.25, T l:  0.5824 | Val e:  50.11 , Val l: 0.3640 | Test e:  46.14 
| Epoch    1 | Train e:  47.47, T l:  0.3284 | Val e:  50.33 , Val l: 0.3036 | Test e:  46.54 
| Epoch    2 | Train e:  52.87, T l:  0.2642 | Val e:  57.25 , Val l: 0.3101 | Test e:  53.00 
| Epoch    3 | Train e:  54.98, T l:  0.2510 | Val e:  58.08 , Val l: 0.3158 | Test e:  55.32 
| Epoch    4 | Train e:  54.70, T l:  0.2472 | Val e:  56.63 , Val l: 0.3200 | Test e:  55.42 
| Epoch    5 | Train e:  56.04, T l:  0.2445 | Val e:  57.53 , Val l: 0.3157 | Test e:  57.72 
| Epoch    6 | Train e:  61.25, T l:  0.2400 | Val e:  62.71 , Val l: 0.3031 | Test e:  62.24 
| Epoch    7 | Train e:  65.89, T l:  0.2346 | Val e:  63.92 , Val l: 0.2983 | Test e:  63.53 
| Epoch    8 | Train e:  68.46, T l:  0.2313 | Val e:  66.60 , Val l: 0.2898 | Test e:  66.52 
| Epoch    9 | Train e:  71.51, T l:  0.2229 | Val e:  68.23 , Val l: 0.3031 | Test e:  65.54 
| Epoch   10 | Train e:  73.13, T l:  0.2169 | Val e:  71.89 , Val l: 0.2866 | Test e:  68.47 
| Epoch   11 | Train e:  74.58, T l:  0.2117 | Val e:  72.81 , Val l: 0.2882 | Test e:  70.08 
| Epoch   12 | Train e:  74.59, T l:  0.2097 | Val e:  72.91 , Val l: 0.2681 | Test e:  70.91 
| Epoch   13 | Train e:  76.20, T l:  0.2073 | Val e:  74.46 , Val l: 0.2826 | Test e:  70.20 
| Epoch   14 | Train e:  76.86, T l:  0.2044 | Val e:  74.44 , Val l: 0.2965 | Test e:  70.07 
| Epoch   15 | Train e:  78.53, T l:  0.2028 | Val e:  76.47 , Val l: 0.2722 | Test e:  72.63 
| Epoch   16 | Train e:  79.21, T l:  0.2014 | Val e:  76.22 , Val l: 0.2755 | Test e:  72.99 
| Epoch   17 | Train e:  78.61, T l:  0.2002 | Val e:  76.24 , Val l: 0.2640 | Test e:  73.54 
| Epoch   18 | Train e:  80.67, T l:  0.1997 | Val e:  77.56 , Val l: 0.2735 | Test e:  73.45 
| Epoch   19 | Train e:  81.14, T l:  0.1982 | Val e:  77.81 , Val l: 0.2635 | Test e:  73.34 
| Epoch   20 | Train e:  81.05, T l:  0.1959 | Val e:  78.05 , Val l: 0.2721 | Test e:  73.96 
| Epoch   21 | Train e:  81.74, T l:  0.1946 | Val e:  77.84 , Val l: 0.2762 | Test e:  73.72 
| Epoch   22 | Train e:  82.64, T l:  0.1928 | Val e:  78.72 , Val l: 0.2510 | Test e:  74.69 
| Epoch   23 | Train e:  81.69, T l:  0.1923 | Val e:  77.58 , Val l: 0.2650 | Test e:  73.72 
| Epoch   24 | Train e:  83.75, T l:  0.1898 | Val e:  78.63 , Val l: 0.2486 | Test e:  74.33 
| Epoch   25 | Train e:  83.90, T l:  0.1869 | Val e:  78.97 , Val l: 0.2524 | Test e:  74.85 
| Epoch   26 | Train e:  84.95, T l:  0.1871 | Val e:  79.34 , Val l: 0.2583 | Test e:  75.18 
| Epoch   27 | Train e:  84.97, T l:  0.1869 | Val e:  79.29 , Val l: 0.2486 | Test e:  75.00 
| Epoch   28 | Train e:  85.02, T l:  0.1833 | Val e:  79.09 , Val l: 0.2522 | Test e:  75.30 
| Epoch   29 | Train e:  85.30, T l:  0.1840 | Val e:  79.12 , Val l: 0.2602 | Test e:  75.01 
| Epoch   30 | Train e:  85.99, T l:  0.1809 | Val e:  79.78 , Val l: 0.2581 | Test e:  74.96 
| Epoch   31 | Train e:  86.49, T l:  0.1794 | Val e:  79.44 , Val l: 0.2591 | Test e:  75.56 
| Epoch   32 | Train e:  87.09, T l:  0.1783 | Val e:  80.12 , Val l: 0.2493 | Test e:  75.80 
| Epoch   33 | Train e:  87.04, T l:  0.1766 | Val e:  80.35 , Val l: 0.2458 | Test e:  75.51 
| Epoch   34 | Train e:  87.19, T l:  0.1754 | Val e:  79.95 , Val l: 0.2561 | Test e:  75.08 
| Epoch   35 | Train e:  87.31, T l:  0.1744 | Val e:  80.04 , Val l: 0.2478 | Test e:  75.99 
| Epoch   36 | Train e:  87.61, T l:  0.1733 | Val e:  80.52 , Val l: 0.2448 | Test e:  75.36 
| Epoch   37 | Train e:  87.60, T l:  0.1727 | Val e:  80.19 , Val l: 0.2457 | Test e:  75.74 
| Epoch   38 | Train e:  87.94, T l:  0.1727 | Val e:  81.06 , Val l: 0.2434 | Test e:  76.03 
| Epoch   39 | Train e:  87.94, T l:  0.1705 | Val e:  80.40 , Val l: 0.2615 | Test e:  75.82 
| Epoch   40 | Train e:  88.07, T l:  0.1709 | Val e:  80.83 , Val l: 0.2476 | Test e:  76.23 
| Epoch   41 | Train e:  88.23, T l:  0.1680 | Val e:  80.81 , Val l: 0.2553 | Test e:  76.24 
| Epoch   42 | Train e:  88.42, T l:  0.1689 | Val e:  80.43 , Val l: 0.2543 | Test e:  75.66 
| Epoch   43 | Train e:  88.06, T l:  0.1670 | Val e:  81.17 , Val l: 0.2408 | Test e:  76.30 
| Epoch   44 | Train e:  88.61, T l:  0.1665 | Val e:  80.36 , Val l: 0.2512 | Test e:  76.90 
| Epoch   45 | Train e:  88.68, T l:  0.1657 | Val e:  81.25 , Val l: 0.2485 | Test e:  76.59 
| Epoch   46 | Train e:  88.59, T l:  0.1647 | Val e:  80.74 , Val l: 0.2509 | Test e:  76.05 
| Epoch   47 | Train e:  88.90, T l:  0.1638 | Val e:  80.92 , Val l: 0.2512 | Test e:  76.94 
| Epoch   48 | Train e:  89.12, T l:  0.1632 | Val e:  80.67 , Val l: 0.2473 | Test e:  77.26 
| Epoch   49 | Train e:  89.10, T l:  0.1633 | Val e:  80.78 , Val l: 0.2462 | Test e:  77.37 
| Epoch   50 | Train e:  89.15, T l:  0.1621 | Val e:  80.33 , Val l: 0.2485 | Test e:  77.30 
| Epoch   51 | Train e:  89.38, T l:  0.1633 | Val e:  81.38 , Val l: 0.2367 | Test e:  76.55 
| Epoch   52 | Train e:  89.05, T l:  0.1614 | Val e:  80.58 , Val l: 0.2554 | Test e:  75.71 
| Epoch   53 | Train e:  89.02, T l:  0.1613 | Val e:  80.72 , Val l: 0.2520 | Test e:  76.26 
| Epoch   54 | Train e:  89.24, T l:  0.1593 | Val e:  81.23 , Val l: 0.2617 | Test e:  76.91 
| Epoch   55 | Train e:  89.24, T l:  0.1594 | Val e:  81.11 , Val l: 0.2506 | Test e:  76.52 
| Epoch   56 | Train e:  89.59, T l:  0.1574 | Val e:  81.19 , Val l: 0.2398 | Test e:  77.50 
| Epoch   57 | Train e:  89.54, T l:  0.1568 | Val e:  81.18 , Val l: 0.2503 | Test e:  77.76 
| Epoch   58 | Train e:  89.61, T l:  0.1572 | Val e:  80.41 , Val l: 0.2494 | Test e:  77.83 
| Epoch   59 | Train e:  89.85, T l:  0.1576 | Val e:  81.60 , Val l: 0.2478 | Test e:  77.69 
| Epoch   60 | Train e:  89.44, T l:  0.1575 | Val e:  81.36 , Val l: 0.2557 | Test e:  77.06 
| Epoch   61 | Train e:  89.97, T l:  0.1578 | Val e:  81.03 , Val l: 0.2429 | Test e:  77.89 
| Epoch   62 | Train e:  90.19, T l:  0.1551 | Val e:  81.76 , Val l: 0.2441 | Test e:  78.15 
| Epoch   63 | Train e:  90.01, T l:  0.1555 | Val e:  80.84 , Val l: 0.2432 | Test e:  77.55 
| Epoch   64 | Train e:  90.05, T l:  0.1556 | Val e:  81.20 , Val l: 0.2489 | Test e:  77.19 
| Epoch   65 | Train e:  89.97, T l:  0.1546 | Val e:  81.03 , Val l: 0.2497 | Test e:  77.53 
| Epoch   66 | Train e:  90.24, T l:  0.1528 | Val e:  81.20 , Val l: 0.2524 | Test e:  77.86 
| Epoch   67 | Train e:  90.35, T l:  0.1546 | Val e:  81.57 , Val l: 0.2513 | Test e:  77.89 
| Epoch   68 | Train e:  90.30, T l:  0.1534 | Val e:  80.95 , Val l: 0.2527 | Test e:  77.59 
| Epoch   69 | Train e:  90.40, T l:  0.1521 | Val e:  81.07 , Val l: 0.2526 | Test e:  77.33 
| Epoch   70 | Train e:  90.36, T l:  0.1527 | Val e:  81.24 , Val l: 0.2465 | Test e:  77.79 
| Epoch   71 | Train e:  90.52, T l:  0.1508 | Val e:  81.21 , Val l: 0.2510 | Test e:  77.45 
| Epoch   72 | Train e:  90.72, T l:  0.1508 | Val e:  81.35 , Val l: 0.2481 | Test e:  77.76 
| Epoch   73 | Train e:  90.57, T l:  0.1505 | Val e:  81.14 , Val l: 0.2567 | Test e:  77.14 
| Epoch   74 | Train e:  90.89, T l:  0.1518 | Val e:  81.70 , Val l: 0.2442 | Test e:  78.28 
| Epoch   75 | Train e:  90.84, T l:  0.1506 | Val e:  81.83 , Val l: 0.2481 | Test e:  77.16 
| Epoch   76 | Train e:  90.93, T l:  0.1489 | Val e:  81.54 , Val l: 0.2458 | Test e:  77.71 
| Epoch   77 | Train e:  90.28, T l:  0.1498 | Val e:  80.72 , Val l: 0.2594 | Test e:  76.87 
| Epoch   78 | Train e:  90.69, T l:  0.1492 | Val e:  81.03 , Val l: 0.2622 | Test e:  77.13 
| Epoch   79 | Train e:  91.28, T l:  0.1478 | Val e:  81.37 , Val l: 0.2414 | Test e:  77.71 
| Epoch   80 | Train e:  91.22, T l:  0.1469 | Val e:  81.61 , Val l: 0.2527 | Test e:  78.26 
| Epoch   81 | Train e:  91.15, T l:  0.1467 | Val e:  80.98 , Val l: 0.2490 | Test e:  77.66 
| Epoch   82 | Train e:  91.16, T l:  0.1481 | Val e:  81.39 , Val l: 0.2460 | Test e:  77.63 
| Epoch   83 | Train e:  91.38, T l:  0.1470 | Val e:  81.79 , Val l: 0.2422 | Test e:  78.44 
| Epoch   84 | Train e:  91.27, T l:  0.1457 | Val e:  80.90 , Val l: 0.2602 | Test e:  77.61 
| Epoch   85 | Train e:  91.44, T l:  0.1450 | Val e:  81.40 , Val l: 0.2456 | Test e:  77.73 
| Epoch   86 | Train e:  91.41, T l:  0.1465 | Val e:  80.76 , Val l: 0.2542 | Test e:  77.26 
| Epoch   87 | Train e:  91.45, T l:  0.1443 | Val e:  81.75 , Val l: 0.2549 | Test e:  77.64 
| Epoch   88 | Train e:  91.52, T l:  0.1449 | Val e:  81.59 , Val l: 0.2455 | Test e:  77.76 
| Epoch   89 | Train e:  91.10, T l:  0.1444 | Val e:  80.72 , Val l: 0.2704 | Test e:  76.82 
| Epoch   90 | Train e:  91.66, T l:  0.1445 | Val e:  81.11 , Val l: 0.2497 | Test e:  77.53 
| Epoch   91 | Train e:  91.69, T l:  0.1438 | Val e:  81.43 , Val l: 0.2539 | Test e:  77.71 
| Epoch   92 | Train e:  91.68, T l:  0.1433 | Val e:  80.76 , Val l: 0.2564 | Test e:  77.48 
| Epoch   93 | Train e:  91.76, T l:  0.1425 | Val e:  80.81 , Val l: 0.2542 | Test e:  76.97 
| Epoch   94 | Train e:  91.84, T l:  0.1433 | Val e:  81.63 , Val l: 0.2487 | Test e:  77.60 
| Epoch   95 | Train e:  91.94, T l:  0.1420 | Val e:  81.99 , Val l: 0.2428 | Test e:  77.60 
| Epoch   96 | Train e:  91.83, T l:  0.1439 | Val e:  81.16 , Val l: 0.2567 | Test e:  78.01 
| Epoch   97 | Train e:  92.18, T l:  0.1426 | Val e:  81.14 , Val l: 0.2458 | Test e:  77.70 
| Epoch   98 | Train e:  91.99, T l:  0.1405 | Val e:  81.69 , Val l: 0.2476 | Test e:  77.99 
| Epoch   99 | Train e:  92.09, T l:  0.1414 | Val e:  81.10 , Val l: 0.2480 | Test e:  78.06 
| Epoch  100 | Train e:  92.15, T l:  0.1406 | Val e:  81.13 , Val l: 0.2434 | Test e:  77.67 
| Epoch  101 | Train e:  92.04, T l:  0.1405 | Val e:  81.50 , Val l: 0.2549 | Test e:  78.11 
| Epoch  102 | Train e:  92.27, T l:  0.1401 | Val e:  81.38 , Val l: 0.2441 | Test e:  77.67 
| Epoch  103 | Train e:  92.37, T l:  0.1399 | Val e:  81.12 , Val l: 0.2514 | Test e:  77.88 
| Epoch  104 | Train e:  92.23, T l:  0.1401 | Val e:  80.35 , Val l: 0.2537 | Test e:  77.71 
| Epoch  105 | Train e:  92.35, T l:  0.1401 | Val e:  80.75 , Val l: 0.2574 | Test e:  77.83 
| Epoch  106 | Train e:  92.51, T l:  0.1397 | Val e:  81.10 , Val l: 0.2546 | Test e:  78.13 
| Epoch  107 | Train e:  92.27, T l:  0.1380 | Val e:  81.08 , Val l: 0.2631 | Test e:  77.95 
| Epoch  108 | Train e:  92.38, T l:  0.1377 | Val e:  80.56 , Val l: 0.2645 | Test e:  77.75 
| Epoch  109 | Train e:  92.62, T l:  0.1371 | Val e:  81.28 , Val l: 0.2567 | Test e:  78.55 
| Epoch  110 | Train e:  92.44, T l:  0.1373 | Val e:  80.85 , Val l: 0.2570 | Test e:  77.33 
| Epoch  111 | Train e:  92.59, T l:  0.1370 | Val e:  81.14 , Val l: 0.2647 | Test e:  77.88 
| Epoch  112 | Train e:  92.59, T l:  0.1380 | Val e:  81.33 , Val l: 0.2591 | Test e:  77.45 
| Epoch  113 | Train e:  92.64, T l:  0.1376 | Val e:  81.31 , Val l: 0.2472 | Test e:  77.73 
| Epoch  114 | Train e:  92.73, T l:  0.1363 | Val e:  81.22 , Val l: 0.2527 | Test e:  77.51 
| Epoch  115 | Train e:  92.84, T l:  0.1362 | Val e:  81.70 , Val l: 0.2514 | Test e:  77.77 
| Epoch  116 | Train e:  92.87, T l:  0.1349 | Val e:  81.30 , Val l: 0.2488 | Test e:  77.62 
| Epoch  117 | Train e:  92.89, T l:  0.1352 | Val e:  80.84 , Val l: 0.2541 | Test e:  77.28 
| Epoch  118 | Train e:  92.79, T l:  0.1338 | Val e:  81.32 , Val l: 0.2652 | Test e:  77.62 
| Epoch  119 | Train e:  92.95, T l:  0.1354 | Val e:  81.28 , Val l: 0.2585 | Test e:  78.04 
| Epoch  120 | Train e:  92.96, T l:  0.1348 | Val e:  81.19 , Val l: 0.2624 | Test e:  77.60 
| Epoch  121 | Train e:  93.11, T l:  0.1339 | Val e:  80.87 , Val l: 0.2585 | Test e:  77.65 
| Epoch  122 | Train e:  92.91, T l:  0.1334 | Val e:  81.22 , Val l: 0.2625 | Test e:  77.45 
| Epoch  123 | Train e:  93.05, T l:  0.1331 | Val e:  81.23 , Val l: 0.2594 | Test e:  77.90 
| Epoch  124 | Train e:  93.14, T l:  0.1327 | Val e:  81.71 , Val l: 0.2552 | Test e:  78.11 
| Epoch  125 | Train e:  93.22, T l:  0.1334 | Val e:  81.08 , Val l: 0.2604 | Test e:  77.97 
| Epoch  126 | Train e:  93.16, T l:  0.1328 | Val e:  81.08 , Val l: 0.2667 | Test e:  77.66 
| Epoch  127 | Train e:  93.22, T l:  0.1307 | Val e:  80.89 , Val l: 0.2619 | Test e:  77.49 
| Epoch  128 | Train e:  93.42, T l:  0.1302 | Val e:  81.31 , Val l: 0.2572 | Test e:  78.22 
| Epoch  129 | Train e:  93.41, T l:  0.1313 | Val e:  81.62 , Val l: 0.2506 | Test e:  77.94 
| Epoch  130 | Train e:  93.36, T l:  0.1314 | Val e:  81.14 , Val l: 0.2609 | Test e:  78.13 
| Epoch  131 | Train e:  93.27, T l:  0.1308 | Val e:  81.12 , Val l: 0.2656 | Test e:  77.74 
| Epoch  132 | Train e:  93.40, T l:  0.1312 | Val e:  81.29 , Val l: 0.2586 | Test e:  78.09 
| Epoch  133 | Train e:  93.21, T l:  0.1309 | Val e:  81.46 , Val l: 0.2695 | Test e:  77.33 
| Epoch  134 | Train e:  93.47, T l:  0.1291 | Val e:  81.18 , Val l: 0.2572 | Test e:  77.98 
| Epoch  135 | Train e:  93.51, T l:  0.1293 | Val e:  81.31 , Val l: 0.2619 | Test e:  77.54 
| Epoch  136 | Train e:  93.58, T l:  0.1296 | Val e:  81.44 , Val l: 0.2620 | Test e:  77.87 
| Epoch  137 | Train e:  93.68, T l:  0.1296 | Val e:  81.30 , Val l: 0.2537 | Test e:  78.00 
| Epoch  138 | Train e:  93.61, T l:  0.1283 | Val e:  81.33 , Val l: 0.2632 | Test e:  77.51 
| Epoch  139 | Train e:  93.57, T l:  0.1292 | Val e:  80.94 , Val l: 0.2671 | Test e:  77.39 
| Epoch  140 | Train e:  93.67, T l:  0.1276 | Val e:  80.88 , Val l: 0.2816 | Test e:  77.48 
| Epoch  141 | Train e:  93.75, T l:  0.1272 | Val e:  81.29 , Val l: 0.2719 | Test e:  77.32 
| Epoch  142 | Train e:  93.79, T l:  0.1280 | Val e:  81.03 , Val l: 0.2659 | Test e:  77.97 
| Epoch  143 | Train e:  93.76, T l:  0.1277 | Val e:  81.55 , Val l: 0.2600 | Test e:  78.73 
| Epoch  144 | Train e:  93.91, T l:  0.1270 | Val e:  81.74 , Val l: 0.2533 | Test e:  78.49 
| Epoch  145 | Train e:  93.72, T l:  0.1274 | Val e:  81.36 , Val l: 0.2597 | Test e:  78.31 
| Epoch  146 | Train e:  93.78, T l:  0.1268 | Val e:  81.28 , Val l: 0.2626 | Test e:  77.84 
| Epoch  147 | Train e:  93.83, T l:  0.1260 | Val e:  81.20 , Val l: 0.2674 | Test e:  77.91 
| Epoch  148 | Train e:  94.03, T l:  0.1274 | Val e:  81.62 , Val l: 0.2604 | Test e:  77.89 
| Epoch  149 | Train e:  93.98, T l:  0.1261 | Val e:  81.07 , Val l: 0.2612 | Test e:  77.87 
| Epoch  150 | Train e:  93.98, T l:  0.1258 | Val e:  81.02 , Val l: 0.2615 | Test e:  78.04 
| Epoch  151 | Train e:  93.99, T l:  0.1259 | Val e:  81.66 , Val l: 0.2615 | Test e:  78.22 
| Epoch  152 | Train e:  94.06, T l:  0.1262 | Val e:  81.17 , Val l: 0.2612 | Test e:  77.88 
| Epoch  153 | Train e:  94.12, T l:  0.1246 | Val e:  81.55 , Val l: 0.2612 | Test e:  77.71 
| Epoch  154 | Train e:  93.82, T l:  0.1248 | Val e:  80.89 , Val l: 0.2856 | Test e:  77.21 
| Epoch  155 | Train e:  94.00, T l:  0.1258 | Val e:  80.83 , Val l: 0.2714 | Test e:  78.03 
| Epoch  156 | Train e:  94.03, T l:  0.1246 | Val e:  80.77 , Val l: 0.2719 | Test e:  77.64 
| Epoch  157 | Train e:  94.13, T l:  0.1250 | Val e:  81.06 , Val l: 0.2683 | Test e:  77.83 
| Epoch  158 | Train e:  94.10, T l:  0.1236 | Val e:  80.65 , Val l: 0.2716 | Test e:  77.90 
| Epoch  159 | Train e:  94.20, T l:  0.1239 | Val e:  81.20 , Val l: 0.2753 | Test e:  77.94 
| Epoch  160 | Train e:  94.13, T l:  0.1241 | Val e:  80.81 , Val l: 0.2731 | Test e:  77.82 
| Epoch  161 | Train e:  94.21, T l:  0.1227 | Val e:  80.95 , Val l: 0.2678 | Test e:  77.60 
| Epoch  162 | Train e:  94.26, T l:  0.1227 | Val e:  81.20 , Val l: 0.2691 | Test e:  77.97 
| Epoch  163 | Train e:  94.23, T l:  0.1210 | Val e:  80.90 , Val l: 0.2735 | Test e:  77.57 
| Epoch  164 | Train e:  94.28, T l:  0.1223 | Val e:  81.42 , Val l: 0.2695 | Test e:  77.77 
| Epoch  165 | Train e:  94.27, T l:  0.1228 | Val e:  80.90 , Val l: 0.2750 | Test e:  77.67 
| Epoch  166 | Train e:  94.31, T l:  0.1222 | Val e:  80.78 , Val l: 0.2714 | Test e:  77.90 
| Epoch  167 | Train e:  94.35, T l:  0.1214 | Val e:  80.91 , Val l: 0.2735 | Test e:  77.51 
| Epoch  168 | Train e:  94.41, T l:  0.1228 | Val e:  81.14 , Val l: 0.2641 | Test e:  77.52 
| Epoch  169 | Train e:  94.42, T l:  0.1220 | Val e:  81.17 , Val l: 0.2749 | Test e:  77.94 
| Epoch  170 | Train e:  94.51, T l:  0.1210 | Val e:  81.01 , Val l: 0.2658 | Test e:  77.87 
| Epoch  171 | Train e:  94.42, T l:  0.1212 | Val e:  80.89 , Val l: 0.2694 | Test e:  77.78 
| Epoch  172 | Train e:  94.52, T l:  0.1212 | Val e:  80.95 , Val l: 0.2723 | Test e:  77.95 
| Epoch  173 | Train e:  94.53, T l:  0.1217 | Val e:  81.09 , Val l: 0.2697 | Test e:  78.02 
| Epoch  174 | Train e:  94.46, T l:  0.1209 | Val e:  81.11 , Val l: 0.2761 | Test e:  77.73 
| Epoch  175 | Train e:  94.41, T l:  0.1206 | Val e:  81.29 , Val l: 0.2719 | Test e:  77.39 
| Epoch  176 | Train e:  94.48, T l:  0.1204 | Val e:  81.11 , Val l: 0.2778 | Test e:  77.50 
| Epoch  177 | Train e:  94.53, T l:  0.1186 | Val e:  81.27 , Val l: 0.2711 | Test e:  77.57 
| Epoch  178 | Train e:  94.48, T l:  0.1188 | Val e:  81.07 , Val l: 0.2778 | Test e:  77.34 
| Epoch  179 | Train e:  94.53, T l:  0.1191 | Val e:  81.29 , Val l: 0.2745 | Test e:  77.61 
| Epoch  180 | Train e:  94.58, T l:  0.1193 | Val e:  81.43 , Val l: 0.2762 | Test e:  77.92 
| Epoch  181 | Train e:  94.57, T l:  0.1197 | Val e:  81.42 , Val l: 0.2763 | Test e:  77.81 
| Epoch  182 | Train e:  94.56, T l:  0.1200 | Val e:  81.24 , Val l: 0.2762 | Test e:  77.66 
| Epoch  183 | Train e:  94.58, T l:  0.1207 | Val e:  81.14 , Val l: 0.2753 | Test e:  77.35 
| Epoch  184 | Train e:  94.61, T l:  0.1185 | Val e:  81.34 , Val l: 0.2753 | Test e:  77.60 
| Epoch  185 | Train e:  94.63, T l:  0.1178 | Val e:  81.18 , Val l: 0.2732 | Test e:  77.69 
| Epoch  186 | Train e:  94.64, T l:  0.1191 | Val e:  81.09 , Val l: 0.2748 | Test e:  77.74 
| Epoch  187 | Train e:  94.68, T l:  0.1190 | Val e:  81.13 , Val l: 0.2749 | Test e:  77.85 
| Epoch  188 | Train e:  94.68, T l:  0.1181 | Val e:  81.25 , Val l: 0.2789 | Test e:  77.93 
| Epoch  189 | Train e:  94.71, T l:  0.1178 | Val e:  81.20 , Val l: 0.2730 | Test e:  77.86 
| Epoch  190 | Train e:  94.67, T l:  0.1182 | Val e:  81.17 , Val l: 0.2747 | Test e:  77.70 
| Epoch  191 | Train e:  94.72, T l:  0.1183 | Val e:  81.32 , Val l: 0.2718 | Test e:  77.77 
| Epoch  192 | Train e:  94.70, T l:  0.1175 | Val e:  81.22 , Val l: 0.2799 | Test e:  77.69 
| Epoch  193 | Train e:  94.74, T l:  0.1188 | Val e:  81.13 , Val l: 0.2774 | Test e:  77.75 
| Epoch  194 | Train e:  94.71, T l:  0.1167 | Val e:  81.22 , Val l: 0.2779 | Test e:  77.65 
| Epoch  195 | Train e:  94.75, T l:  0.1172 | Val e:  81.24 , Val l: 0.2771 | Test e:  77.71 
| Epoch  196 | Train e:  94.74, T l:  0.1167 | Val e:  81.21 , Val l: 0.2770 | Test e:  77.73 
| Epoch  197 | Train e:  94.75, T l:  0.1168 | Val e:  81.24 , Val l: 0.2757 | Test e:  77.69 
| Epoch  198 | Train e:  94.73, T l:  0.1187 | Val e:  81.19 , Val l: 0.2763 | Test e:  77.73 
| Epoch  199 | Train e:  94.73, T l:  0.1166 | Val e:  81.20 , Val l: 0.2767 | Test e:  77.75 
