

===============================================
2022-12-19 07:56:54

main_g.py --readout mean --gconv-dim 256 --tlayer-dim 256 --num-heads 8 --no-clustering --masked-attention --batch-size 32 --epochs 200 --warmup 20 --gconv-dropout 0.5 --tlayer-dropout 0.5 --seeds 2022 --device 0

None

dataset: ogbg-moltox21
use_val_loss: False
epochs: 200
scheduler: linear
warmup: 20
patience: 25
batch_size: 32
lr: 0.0001
weight_decay: 0.0001
clustering: False
masked_attention: True
gconv_dim: 256
tlayer_dim: 256
gconv_dropout: 0.5
tlayer_dropout: 0.5
num_layers: 4
num_heads: 8
skip_connection: none
readout: mean
seeds: 2022
save_state: False



| Epoch    0 | Train e:  48.66, T l:  0.6117 | Val e:  51.23 , Val l: 0.4579 | Test e:  50.18 
| Epoch    1 | Train e:  47.70, T l:  0.3935 | Val e:  49.31 , Val l: 0.3396 | Test e:  48.68 
| Epoch    2 | Train e:  50.13, T l:  0.2908 | Val e:  49.38 , Val l: 0.3080 | Test e:  51.73 
| Epoch    3 | Train e:  54.87, T l:  0.2595 | Val e:  55.08 , Val l: 0.3021 | Test e:  57.63 
| Epoch    4 | Train e:  54.52, T l:  0.2498 | Val e:  55.34 , Val l: 0.3023 | Test e:  57.21 
| Epoch    5 | Train e:  56.17, T l:  0.2453 | Val e:  56.51 , Val l: 0.3028 | Test e:  57.43 
| Epoch    6 | Train e:  62.40, T l:  0.2426 | Val e:  61.42 , Val l: 0.2943 | Test e:  63.61 
| Epoch    7 | Train e:  64.56, T l:  0.2372 | Val e:  61.89 , Val l: 0.2920 | Test e:  64.00 
| Epoch    8 | Train e:  66.43, T l:  0.2331 | Val e:  63.03 , Val l: 0.2894 | Test e:  64.19 
| Epoch    9 | Train e:  67.36, T l:  0.2306 | Val e:  65.18 , Val l: 0.2862 | Test e:  64.99 
| Epoch   10 | Train e:  66.58, T l:  0.2300 | Val e:  63.20 , Val l: 0.2882 | Test e:  64.38 
| Epoch   11 | Train e:  70.84, T l:  0.2239 | Val e:  68.28 , Val l: 0.2876 | Test e:  65.99 
| Epoch   12 | Train e:  72.36, T l:  0.2171 | Val e:  70.81 , Val l: 0.2744 | Test e:  67.22 
| Epoch   13 | Train e:  72.58, T l:  0.2148 | Val e:  70.57 , Val l: 0.2886 | Test e:  65.49 
| Epoch   14 | Train e:  72.64, T l:  0.2145 | Val e:  71.41 , Val l: 0.2755 | Test e:  67.44 
| Epoch   15 | Train e:  72.68, T l:  0.2117 | Val e:  72.51 , Val l: 0.2715 | Test e:  67.92 
| Epoch   16 | Train e:  73.44, T l:  0.2143 | Val e:  72.60 , Val l: 0.2714 | Test e:  67.56 
| Epoch   17 | Train e:  68.05, T l:  0.2144 | Val e:  67.88 , Val l: 0.2853 | Test e:  63.19 
| Epoch   18 | Train e:  70.73, T l:  0.2208 | Val e:  69.85 , Val l: 0.2823 | Test e:  65.51 
| Epoch   19 | Train e:  74.10, T l:  0.2171 | Val e:  72.81 , Val l: 0.2779 | Test e:  68.09 
| Epoch   20 | Train e:  74.02, T l:  0.2096 | Val e:  73.42 , Val l: 0.2690 | Test e:  68.33 
| Epoch   21 | Train e:  73.78, T l:  0.2075 | Val e:  72.82 , Val l: 0.2851 | Test e:  67.93 
| Epoch   22 | Train e:  75.03, T l:  0.2068 | Val e:  72.38 , Val l: 0.2847 | Test e:  66.30 
| Epoch   23 | Train e:  75.85, T l:  0.2062 | Val e:  73.94 , Val l: 0.2655 | Test e:  69.90 
| Epoch   24 | Train e:  75.67, T l:  0.2037 | Val e:  73.47 , Val l: 0.2673 | Test e:  69.15 
| Epoch   25 | Train e:  76.42, T l:  0.2039 | Val e:  74.07 , Val l: 0.2770 | Test e:  68.90 
| Epoch   26 | Train e:  77.81, T l:  0.2032 | Val e:  74.69 , Val l: 0.2703 | Test e:  69.72 
| Epoch   27 | Train e:  78.11, T l:  0.2024 | Val e:  74.45 , Val l: 0.2743 | Test e:  68.73 
| Epoch   28 | Train e:  75.59, T l:  0.2023 | Val e:  73.12 , Val l: 0.2766 | Test e:  68.84 
| Epoch   29 | Train e:  77.91, T l:  0.2019 | Val e:  73.95 , Val l: 0.2698 | Test e:  69.83 
| Epoch   30 | Train e:  78.37, T l:  0.2006 | Val e:  74.92 , Val l: 0.2657 | Test e:  70.47 
| Epoch   31 | Train e:  78.44, T l:  0.2009 | Val e:  75.28 , Val l: 0.2645 | Test e:  70.85 
| Epoch   32 | Train e:  77.87, T l:  0.2015 | Val e:  74.80 , Val l: 0.2642 | Test e:  70.60 
| Epoch   33 | Train e:  78.73, T l:  0.1987 | Val e:  74.83 , Val l: 0.2739 | Test e:  70.38 
| Epoch   34 | Train e:  79.31, T l:  0.1990 | Val e:  75.48 , Val l: 0.2633 | Test e:  71.46 
| Epoch   35 | Train e:  79.76, T l:  0.1979 | Val e:  75.35 , Val l: 0.2619 | Test e:  70.82 
| Epoch   36 | Train e:  80.00, T l:  0.1985 | Val e:  74.34 , Val l: 0.2679 | Test e:  70.17 
| Epoch   37 | Train e:  78.99, T l:  0.1969 | Val e:  74.90 , Val l: 0.2658 | Test e:  70.58 
| Epoch   38 | Train e:  79.89, T l:  0.1962 | Val e:  75.16 , Val l: 0.2713 | Test e:  70.32 
| Epoch   39 | Train e:  79.94, T l:  0.1964 | Val e:  75.97 , Val l: 0.2652 | Test e:  71.67 
| Epoch   40 | Train e:  81.10, T l:  0.1941 | Val e:  76.16 , Val l: 0.2608 | Test e:  72.50 
| Epoch   41 | Train e:  81.15, T l:  0.1942 | Val e:  75.30 , Val l: 0.2641 | Test e:  70.90 
| Epoch   42 | Train e:  81.09, T l:  0.1925 | Val e:  75.03 , Val l: 0.2664 | Test e:  70.70 
| Epoch   43 | Train e:  80.88, T l:  0.1932 | Val e:  75.85 , Val l: 0.2636 | Test e:  71.74 
| Epoch   44 | Train e:  81.19, T l:  0.1938 | Val e:  76.49 , Val l: 0.2617 | Test e:  71.65 
| Epoch   45 | Train e:  81.99, T l:  0.1910 | Val e:  76.62 , Val l: 0.2602 | Test e:  71.97 
| Epoch   46 | Train e:  81.47, T l:  0.1898 | Val e:  75.87 , Val l: 0.2660 | Test e:  70.56 
| Epoch   47 | Train e:  82.24, T l:  0.1896 | Val e:  75.83 , Val l: 0.2627 | Test e:  71.34 
| Epoch   48 | Train e:  83.00, T l:  0.1892 | Val e:  75.98 , Val l: 0.2577 | Test e:  71.70 
| Epoch   49 | Train e:  82.96, T l:  0.1877 | Val e:  76.12 , Val l: 0.2681 | Test e:  71.24 
| Epoch   50 | Train e:  83.05, T l:  0.1874 | Val e:  76.51 , Val l: 0.2649 | Test e:  70.70 
| Epoch   51 | Train e:  82.13, T l:  0.1874 | Val e:  76.00 , Val l: 0.2690 | Test e:  71.87 
| Epoch   52 | Train e:  83.07, T l:  0.1869 | Val e:  75.95 , Val l: 0.2653 | Test e:  71.57 
| Epoch   53 | Train e:  82.62, T l:  0.1869 | Val e:  76.19 , Val l: 0.2584 | Test e:  72.25 
| Epoch   54 | Train e:  81.48, T l:  0.1847 | Val e:  75.35 , Val l: 0.2684 | Test e:  70.92 
| Epoch   55 | Train e:  83.53, T l:  0.1840 | Val e:  75.46 , Val l: 0.2668 | Test e:  71.77 
| Epoch   56 | Train e:  83.70, T l:  0.1844 | Val e:  76.42 , Val l: 0.2716 | Test e:  71.41 
| Epoch   57 | Train e:  83.87, T l:  0.1841 | Val e:  76.10 , Val l: 0.2595 | Test e:  71.67 
| Epoch   58 | Train e:  83.83, T l:  0.1835 | Val e:  76.47 , Val l: 0.2658 | Test e:  71.94 
| Epoch   59 | Train e:  84.23, T l:  0.1826 | Val e:  75.48 , Val l: 0.2641 | Test e:  71.61 
| Epoch   60 | Train e:  82.76, T l:  0.1819 | Val e:  75.90 , Val l: 0.2623 | Test e:  71.73 
| Epoch   61 | Train e:  84.24, T l:  0.1844 | Val e:  76.72 , Val l: 0.2620 | Test e:  71.65 
| Epoch   62 | Train e:  84.49, T l:  0.1798 | Val e:  77.27 , Val l: 0.2639 | Test e:  72.78 
| Epoch   63 | Train e:  84.72, T l:  0.1814 | Val e:  76.61 , Val l: 0.2653 | Test e:  72.54 
| Epoch   64 | Train e:  84.36, T l:  0.1807 | Val e:  75.99 , Val l: 0.2653 | Test e:  72.49 
| Epoch   65 | Train e:  84.89, T l:  0.1793 | Val e:  76.77 , Val l: 0.2637 | Test e:  71.63 
| Epoch   66 | Train e:  84.58, T l:  0.1803 | Val e:  76.77 , Val l: 0.2600 | Test e:  72.55 
| Epoch   67 | Train e:  84.59, T l:  0.1789 | Val e:  76.10 , Val l: 0.2620 | Test e:  72.41 
| Epoch   68 | Train e:  85.03, T l:  0.1795 | Val e:  76.57 , Val l: 0.2598 | Test e:  73.07 
| Epoch   69 | Train e:  85.04, T l:  0.1765 | Val e:  76.39 , Val l: 0.2666 | Test e:  71.78 
| Epoch   70 | Train e:  85.49, T l:  0.1777 | Val e:  76.07 , Val l: 0.2628 | Test e:  71.55 
| Epoch   71 | Train e:  85.11, T l:  0.1772 | Val e:  76.77 , Val l: 0.2620 | Test e:  72.26 
| Epoch   72 | Train e:  85.09, T l:  0.1762 | Val e:  76.56 , Val l: 0.2601 | Test e:  72.41 
| Epoch   73 | Train e:  85.48, T l:  0.1765 | Val e:  75.61 , Val l: 0.2643 | Test e:  72.06 
| Epoch   74 | Train e:  85.44, T l:  0.1769 | Val e:  76.19 , Val l: 0.2670 | Test e:  72.09 
| Epoch   75 | Train e:  85.36, T l:  0.1749 | Val e:  76.69 , Val l: 0.2616 | Test e:  72.61 
| Epoch   76 | Train e:  85.29, T l:  0.1747 | Val e:  76.54 , Val l: 0.2609 | Test e:  72.66 
| Epoch   77 | Train e:  85.55, T l:  0.1745 | Val e:  76.12 , Val l: 0.2657 | Test e:  72.53 
| Epoch   78 | Train e:  85.92, T l:  0.1748 | Val e:  76.43 , Val l: 0.2634 | Test e:  73.19 
| Epoch   79 | Train e:  85.65, T l:  0.1734 | Val e:  75.97 , Val l: 0.2689 | Test e:  71.90 
| Epoch   80 | Train e:  85.50, T l:  0.1746 | Val e:  76.82 , Val l: 0.2571 | Test e:  73.58 
| Epoch   81 | Train e:  86.05, T l:  0.1735 | Val e:  76.41 , Val l: 0.2636 | Test e:  72.24 
| Epoch   82 | Train e:  86.14, T l:  0.1732 | Val e:  76.20 , Val l: 0.2680 | Test e:  73.40 
| Epoch   83 | Train e:  85.23, T l:  0.1725 | Val e:  75.66 , Val l: 0.2683 | Test e:  72.64 
| Epoch   84 | Train e:  86.23, T l:  0.1739 | Val e:  76.08 , Val l: 0.2669 | Test e:  73.11 
| Epoch   85 | Train e:  86.05, T l:  0.1720 | Val e:  76.80 , Val l: 0.2565 | Test e:  73.26 
| Epoch   86 | Train e:  86.19, T l:  0.1705 | Val e:  76.02 , Val l: 0.2656 | Test e:  73.19 
| Epoch   87 | Train e:  86.07, T l:  0.1708 | Val e:  76.19 , Val l: 0.2684 | Test e:  72.91 
| Epoch   88 | Train e:  86.21, T l:  0.1705 | Val e:  75.86 , Val l: 0.2690 | Test e:  72.33 
| Epoch   89 | Train e:  86.56, T l:  0.1702 | Val e:  76.10 , Val l: 0.2700 | Test e:  72.93 
| Epoch   90 | Train e:  86.53, T l:  0.1705 | Val e:  76.03 , Val l: 0.2696 | Test e:  73.19 
| Epoch   91 | Train e:  86.48, T l:  0.1705 | Val e:  76.18 , Val l: 0.2689 | Test e:  72.83 
| Epoch   92 | Train e:  86.60, T l:  0.1718 | Val e:  77.25 , Val l: 0.2595 | Test e:  72.97 
| Epoch   93 | Train e:  86.32, T l:  0.1701 | Val e:  76.55 , Val l: 0.2587 | Test e:  73.10 
| Epoch   94 | Train e:  86.69, T l:  0.1691 | Val e:  76.41 , Val l: 0.2626 | Test e:  73.40 
| Epoch   95 | Train e:  86.90, T l:  0.1687 | Val e:  76.38 , Val l: 0.2626 | Test e:  73.71 
| Epoch   96 | Train e:  86.71, T l:  0.1678 | Val e:  76.47 , Val l: 0.2678 | Test e:  72.63 
| Epoch   97 | Train e:  86.84, T l:  0.1684 | Val e:  76.55 , Val l: 0.2599 | Test e:  74.17 
| Epoch   98 | Train e:  87.04, T l:  0.1700 | Val e:  76.88 , Val l: 0.2633 | Test e:  72.96 
| Epoch   99 | Train e:  86.68, T l:  0.1672 | Val e:  76.91 , Val l: 0.2630 | Test e:  73.77 
| Epoch  100 | Train e:  86.91, T l:  0.1676 | Val e:  76.09 , Val l: 0.2686 | Test e:  72.53 
| Epoch  101 | Train e:  87.21, T l:  0.1667 | Val e:  77.32 , Val l: 0.2617 | Test e:  73.15 
| Epoch  102 | Train e:  87.25, T l:  0.1665 | Val e:  75.39 , Val l: 0.2703 | Test e:  73.26 
| Epoch  103 | Train e:  87.14, T l:  0.1686 | Val e:  76.06 , Val l: 0.2631 | Test e:  73.35 
| Epoch  104 | Train e:  87.42, T l:  0.1672 | Val e:  76.49 , Val l: 0.2598 | Test e:  73.82 
| Epoch  105 | Train e:  87.38, T l:  0.1663 | Val e:  76.01 , Val l: 0.2712 | Test e:  73.50 
| Epoch  106 | Train e:  87.44, T l:  0.1665 | Val e:  76.06 , Val l: 0.2652 | Test e:  72.69 
| Epoch  107 | Train e:  87.50, T l:  0.1650 | Val e:  76.41 , Val l: 0.2624 | Test e:  73.78 
| Epoch  108 | Train e:  87.60, T l:  0.1667 | Val e:  76.37 , Val l: 0.2626 | Test e:  72.99 
| Epoch  109 | Train e:  87.66, T l:  0.1647 | Val e:  76.39 , Val l: 0.2626 | Test e:  73.49 
| Epoch  110 | Train e:  87.68, T l:  0.1638 | Val e:  76.66 , Val l: 0.2692 | Test e:  72.71 
| Epoch  111 | Train e:  87.78, T l:  0.1643 | Val e:  76.24 , Val l: 0.2678 | Test e:  73.55 
| Epoch  112 | Train e:  87.70, T l:  0.1634 | Val e:  76.35 , Val l: 0.2696 | Test e:  73.15 
| Epoch  113 | Train e:  87.84, T l:  0.1641 | Val e:  76.36 , Val l: 0.2645 | Test e:  73.85 
| Epoch  114 | Train e:  87.92, T l:  0.1640 | Val e:  76.13 , Val l: 0.2685 | Test e:  72.92 
| Epoch  115 | Train e:  87.86, T l:  0.1628 | Val e:  76.06 , Val l: 0.2637 | Test e:  72.88 
| Epoch  116 | Train e:  87.94, T l:  0.1628 | Val e:  75.91 , Val l: 0.2675 | Test e:  72.79 
| Epoch  117 | Train e:  87.86, T l:  0.1622 | Val e:  75.79 , Val l: 0.2689 | Test e:  72.77 
| Epoch  118 | Train e:  88.06, T l:  0.1612 | Val e:  76.08 , Val l: 0.2658 | Test e:  73.28 
| Epoch  119 | Train e:  87.89, T l:  0.1616 | Val e:  75.91 , Val l: 0.2669 | Test e:  73.72 
| Epoch  120 | Train e:  87.99, T l:  0.1618 | Val e:  76.37 , Val l: 0.2627 | Test e:  74.32 
| Epoch  121 | Train e:  88.04, T l:  0.1614 | Val e:  76.60 , Val l: 0.2642 | Test e:  73.91 
| Epoch  122 | Train e:  88.22, T l:  0.1615 | Val e:  76.40 , Val l: 0.2677 | Test e:  73.39 
| Epoch  123 | Train e:  88.32, T l:  0.1616 | Val e:  75.99 , Val l: 0.2677 | Test e:  72.97 
| Epoch  124 | Train e:  87.79, T l:  0.1616 | Val e:  76.10 , Val l: 0.2672 | Test e:  74.17 
| Epoch  125 | Train e:  88.41, T l:  0.1604 | Val e:  76.23 , Val l: 0.2665 | Test e:  73.48 
| Epoch  126 | Train e:  88.23, T l:  0.1622 | Val e:  76.14 , Val l: 0.2698 | Test e:  73.72 
| Epoch  127 | Train e:  88.31, T l:  0.1603 | Val e:  76.28 , Val l: 0.2635 | Test e:  74.15 
| Epoch  128 | Train e:  88.22, T l:  0.1623 | Val e:  75.73 , Val l: 0.2687 | Test e:  73.42 
| Epoch  129 | Train e:  88.46, T l:  0.1602 | Val e:  76.26 , Val l: 0.2690 | Test e:  73.53 
| Epoch  130 | Train e:  88.38, T l:  0.1602 | Val e:  76.55 , Val l: 0.2636 | Test e:  74.42 
| Epoch  131 | Train e:  88.34, T l:  0.1594 | Val e:  75.52 , Val l: 0.2705 | Test e:  73.48 
| Epoch  132 | Train e:  88.47, T l:  0.1588 | Val e:  75.97 , Val l: 0.2715 | Test e:  73.93 
| Epoch  133 | Train e:  88.65, T l:  0.1583 | Val e:  75.82 , Val l: 0.2642 | Test e:  73.81 
| Epoch  134 | Train e:  88.57, T l:  0.1591 | Val e:  75.51 , Val l: 0.2697 | Test e:  73.27 
| Epoch  135 | Train e:  88.48, T l:  0.1589 | Val e:  75.66 , Val l: 0.2709 | Test e:  73.59 
| Epoch  136 | Train e:  88.35, T l:  0.1581 | Val e:  76.32 , Val l: 0.2603 | Test e:  74.15 
| Epoch  137 | Train e:  88.52, T l:  0.1576 | Val e:  76.22 , Val l: 0.2644 | Test e:  73.72 
| Epoch  138 | Train e:  88.74, T l:  0.1590 | Val e:  76.30 , Val l: 0.2651 | Test e:  74.17 
| Epoch  139 | Train e:  88.64, T l:  0.1574 | Val e:  76.24 , Val l: 0.2632 | Test e:  74.41 
| Epoch  140 | Train e:  88.55, T l:  0.1579 | Val e:  76.06 , Val l: 0.2647 | Test e:  74.21 
| Epoch  141 | Train e:  88.58, T l:  0.1564 | Val e:  75.58 , Val l: 0.2655 | Test e:  73.51 
| Epoch  142 | Train e:  88.71, T l:  0.1584 | Val e:  76.04 , Val l: 0.2669 | Test e:  74.29 
| Epoch  143 | Train e:  88.71, T l:  0.1581 | Val e:  75.94 , Val l: 0.2637 | Test e:  74.10 
| Epoch  144 | Train e:  88.75, T l:  0.1577 | Val e:  76.33 , Val l: 0.2661 | Test e:  74.25 
| Epoch  145 | Train e:  88.81, T l:  0.1568 | Val e:  75.99 , Val l: 0.2641 | Test e:  73.93 
| Epoch  146 | Train e:  88.52, T l:  0.1569 | Val e:  75.99 , Val l: 0.2628 | Test e:  74.05 
| Epoch  147 | Train e:  88.83, T l:  0.1555 | Val e:  76.19 , Val l: 0.2648 | Test e:  74.28 
| Epoch  148 | Train e:  88.89, T l:  0.1559 | Val e:  76.37 , Val l: 0.2638 | Test e:  74.50 
| Epoch  149 | Train e:  88.93, T l:  0.1565 | Val e:  75.60 , Val l: 0.2679 | Test e:  73.34 
| Epoch  150 | Train e:  88.88, T l:  0.1551 | Val e:  75.37 , Val l: 0.2678 | Test e:  73.62 
| Epoch  151 | Train e:  89.02, T l:  0.1554 | Val e:  75.61 , Val l: 0.2684 | Test e:  73.35 
| Epoch  152 | Train e:  88.95, T l:  0.1554 | Val e:  76.26 , Val l: 0.2682 | Test e:  73.65 
| Epoch  153 | Train e:  88.99, T l:  0.1551 | Val e:  75.93 , Val l: 0.2657 | Test e:  73.88 
| Epoch  154 | Train e:  88.99, T l:  0.1558 | Val e:  76.15 , Val l: 0.2684 | Test e:  73.77 
| Epoch  155 | Train e:  88.94, T l:  0.1549 | Val e:  76.21 , Val l: 0.2675 | Test e:  74.00 
| Epoch  156 | Train e:  89.10, T l:  0.1553 | Val e:  76.37 , Val l: 0.2634 | Test e:  74.03 
| Epoch  157 | Train e:  89.09, T l:  0.1536 | Val e:  76.16 , Val l: 0.2631 | Test e:  74.02 
| Epoch  158 | Train e:  89.19, T l:  0.1539 | Val e:  75.90 , Val l: 0.2663 | Test e:  73.77 
| Epoch  159 | Train e:  89.04, T l:  0.1539 | Val e:  75.66 , Val l: 0.2680 | Test e:  73.77 
| Epoch  160 | Train e:  89.08, T l:  0.1541 | Val e:  75.98 , Val l: 0.2693 | Test e:  73.81 
| Epoch  161 | Train e:  89.16, T l:  0.1542 | Val e:  75.91 , Val l: 0.2652 | Test e:  73.90 
| Epoch  162 | Train e:  89.21, T l:  0.1546 | Val e:  75.64 , Val l: 0.2660 | Test e:  73.72 
| Epoch  163 | Train e:  89.20, T l:  0.1538 | Val e:  76.03 , Val l: 0.2632 | Test e:  74.16 
| Epoch  164 | Train e:  89.15, T l:  0.1536 | Val e:  75.75 , Val l: 0.2633 | Test e:  73.89 
| Epoch  165 | Train e:  89.16, T l:  0.1529 | Val e:  75.49 , Val l: 0.2690 | Test e:  73.73 
| Epoch  166 | Train e:  89.28, T l:  0.1523 | Val e:  76.02 , Val l: 0.2643 | Test e:  74.08 
| Epoch  167 | Train e:  89.09, T l:  0.1543 | Val e:  75.79 , Val l: 0.2674 | Test e:  74.09 
| Epoch  168 | Train e:  89.33, T l:  0.1537 | Val e:  75.90 , Val l: 0.2672 | Test e:  73.82 
| Epoch  169 | Train e:  89.34, T l:  0.1531 | Val e:  75.90 , Val l: 0.2659 | Test e:  73.47 
| Epoch  170 | Train e:  89.31, T l:  0.1530 | Val e:  75.90 , Val l: 0.2645 | Test e:  74.20 
| Epoch  171 | Train e:  89.29, T l:  0.1523 | Val e:  76.06 , Val l: 0.2652 | Test e:  73.90 
| Epoch  172 | Train e:  89.41, T l:  0.1528 | Val e:  75.55 , Val l: 0.2688 | Test e:  73.49 
| Epoch  173 | Train e:  89.36, T l:  0.1525 | Val e:  75.30 , Val l: 0.2690 | Test e:  73.73 
| Epoch  174 | Train e:  89.35, T l:  0.1528 | Val e:  75.35 , Val l: 0.2678 | Test e:  73.65 
| Epoch  175 | Train e:  89.44, T l:  0.1524 | Val e:  75.64 , Val l: 0.2660 | Test e:  73.74 
| Epoch  176 | Train e:  89.42, T l:  0.1510 | Val e:  75.83 , Val l: 0.2677 | Test e:  73.73 
| Epoch  177 | Train e:  89.49, T l:  0.1521 | Val e:  75.78 , Val l: 0.2666 | Test e:  73.79 
| Epoch  178 | Train e:  89.40, T l:  0.1515 | Val e:  75.91 , Val l: 0.2659 | Test e:  73.94 
| Epoch  179 | Train e:  89.49, T l:  0.1518 | Val e:  76.15 , Val l: 0.2645 | Test e:  73.96 
| Epoch  180 | Train e:  89.44, T l:  0.1502 | Val e:  76.07 , Val l: 0.2652 | Test e:  73.98 
| Epoch  181 | Train e:  89.49, T l:  0.1513 | Val e:  75.94 , Val l: 0.2656 | Test e:  73.93 
| Epoch  182 | Train e:  89.52, T l:  0.1512 | Val e:  75.71 , Val l: 0.2664 | Test e:  73.86 
| Epoch  183 | Train e:  89.51, T l:  0.1505 | Val e:  76.13 , Val l: 0.2664 | Test e:  74.06 
| Epoch  184 | Train e:  89.52, T l:  0.1509 | Val e:  75.72 , Val l: 0.2677 | Test e:  73.59 
| Epoch  185 | Train e:  89.57, T l:  0.1506 | Val e:  76.03 , Val l: 0.2664 | Test e:  73.86 
| Epoch  186 | Train e:  89.55, T l:  0.1505 | Val e:  75.63 , Val l: 0.2680 | Test e:  73.68 
| Epoch  187 | Train e:  89.55, T l:  0.1505 | Val e:  75.81 , Val l: 0.2673 | Test e:  73.89 
| Epoch  188 | Train e:  89.55, T l:  0.1497 | Val e:  75.88 , Val l: 0.2671 | Test e:  73.86 
| Epoch  189 | Train e:  89.58, T l:  0.1501 | Val e:  75.62 , Val l: 0.2681 | Test e:  73.83 
| Epoch  190 | Train e:  89.59, T l:  0.1497 | Val e:  75.56 , Val l: 0.2675 | Test e:  73.82 
| Epoch  191 | Train e:  89.58, T l:  0.1504 | Val e:  75.92 , Val l: 0.2678 | Test e:  73.82 
| Epoch  192 | Train e:  89.60, T l:  0.1499 | Val e:  75.68 , Val l: 0.2680 | Test e:  73.75 
| Epoch  193 | Train e:  89.65, T l:  0.1497 | Val e:  76.04 , Val l: 0.2667 | Test e:  73.84 
| Epoch  194 | Train e:  89.63, T l:  0.1502 | Val e:  75.82 , Val l: 0.2667 | Test e:  73.85 
| Epoch  195 | Train e:  89.61, T l:  0.1496 | Val e:  75.78 , Val l: 0.2665 | Test e:  73.95 
| Epoch  196 | Train e:  89.61, T l:  0.1489 | Val e:  75.77 , Val l: 0.2669 | Test e:  73.85 
| Epoch  197 | Train e:  89.64, T l:  0.1493 | Val e:  75.86 , Val l: 0.2664 | Test e:  73.92 
| Epoch  198 | Train e:  89.64, T l:  0.1489 | Val e:  75.83 , Val l: 0.2667 | Test e:  73.89 
| Epoch  199 | Train e:  89.63, T l:  0.1501 | Val e:  75.83 , Val l: 0.2666 | Test e:  73.90 
