

===============================================
2023-01-16 10:55:38

main_segment.py --gconv-dim 256 --tlayer-dim 256 --gconv-dropout 0 --attn-dropout 0 --tlayer-dropout 0.4 --scheduler linear --warmup 5 --lr 0.0002 --readout mean --segment_pooling sum --device 0 --seeds 2023

None

baseline: GraphTrans
dataset: ogbg-code2
max_seq_len: 5
num_vocab: 5000
max_input_len: 1000
use_val_loss: False
use_cpu: False
epochs: 30
scheduler: linear
warmup: 5
batch_size: 32
lr: 0.0002
weight_decay: 1e-06
num_workers: 0
clustering: False
masked_attention: True
gconv_dim: 256
tlayer_dim: 256
gconv_dropout: 0.0
attn_dropout: 0.0
tlayer_dropout: 0.4
num_layers: 4
num_heads: 4
skip_connection: none
readout: mean
seeds: 2023
save_state: False
segment_pooling: sum



| Epoch    0 | Train e:  0.0706, T l:  3.6900 | Val e:  0.0632 | Test e:  0.0620 
| Epoch    1 | Train e:  0.0990, T l:  2.9486 | Val e:  0.0845 | Test e:  0.0893 
| Epoch    2 | Train e:  0.1260, T l:  2.7766 | Val e:  0.1012 | Test e:  0.1113 
| Epoch    3 | Train e:  0.1411, T l:  2.6518 | Val e:  0.1123 | Test e:  0.1232 
| Epoch    4 | Train e:  0.1569, T l:  2.5520 | Val e:  0.1196 | Test e:  0.1294 
| Epoch    5 | Train e:  0.1696, T l:  2.4502 | Val e:  0.1235 | Test e:  0.1388 
| Epoch    6 | Train e:  0.1886, T l:  2.3459 | Val e:  0.1321 | Test e:  0.1424 
| Epoch    7 | Train e:  0.2070, T l:  2.2538 | Val e:  0.1412 | Test e:  0.1541 
| Epoch    8 | Train e:  0.2197, T l:  2.1716 | Val e:  0.1422 | Test e:  0.1563 
| Epoch    9 | Train e:  0.2272, T l:  2.0956 | Val e:  0.1396 | Test e:  0.1547 
| Epoch   10 | Train e:  0.2445, T l:  2.0255 | Val e:  0.1463 | Test e:  0.1608 
| Epoch   11 | Train e:  0.2518, T l:  1.9604 | Val e:  0.1442 | Test e:  0.1575 
| Epoch   12 | Train e:  0.2727, T l:  1.8988 | Val e:  0.1472 | Test e:  0.1635 
| Epoch   13 | Train e:  0.2842, T l:  1.8413 | Val e:  0.1495 | Test e:  0.1660 
| Epoch   14 | Train e:  0.3055, T l:  1.7862 | Val e:  0.1496 | Test e:  0.1675 
| Epoch   15 | Train e:  0.3177, T l:  1.7335 | Val e:  0.1478 | Test e:  0.1667 
| Epoch   16 | Train e:  0.3323, T l:  1.6840 | Val e:  0.1466 | Test e:  0.1677 
| Epoch   17 | Train e:  0.3445, T l:  1.6365 | Val e:  0.1518 | Test e:  0.1692 
| Epoch   18 | Train e:  0.3614, T l:  1.5901 | Val e:  0.1473 | Test e:  0.1676 
| Epoch   19 | Train e:  0.3696, T l:  1.5467 | Val e:  0.1496 | Test e:  0.1651 
| Epoch   20 | Train e:  0.3883, T l:  1.5039 | Val e:  0.1477 | Test e:  0.1663 
| Epoch   21 | Train e:  0.3976, T l:  1.4632 | Val e:  0.1478 | Test e:  0.1665 
| Epoch   22 | Train e:  0.4103, T l:  1.4243 | Val e:  0.1449 | Test e:  0.1653 
| Epoch   23 | Train e:  0.4182, T l:  1.3867 | Val e:  0.1452 | Test e:  0.1636 
| Epoch   24 | Train e:  0.4309, T l:  1.3509 | Val e:  0.1437 | Test e:  0.1654 
| Epoch   25 | Train e:  0.4428, T l:  1.3172 | Val e:  0.1466 | Test e:  0.1658 
| Epoch   26 | Train e:  0.4500, T l:  1.2846 | Val e:  0.1438 | Test e:  0.1641 
| Epoch   27 | Train e:  0.4585, T l:  1.2546 | Val e:  0.1441 | Test e:  0.1653 
| Epoch   28 | Train e:  0.4639, T l:  1.2267 | Val e:  0.1438 | Test e:  0.1664 
| Epoch   29 | Train e:  0.4653, T l:  1.2020 | Val e:  0.1434 | Test e:  0.1658 
