

===============================================
2022-10-02 00:24:14

main_segment.py --gconv-dim 256 --tlayer-dim 256 --gconv-dropout 0 --attn-dropout 0 --tlayer-dropout 0.4 --scheduler linear --warmup 5 --lr 0.0002 --readout cls --segment_pooling sum --device 1 --seeds 2333


baseline: GraphTrans
dataset: ogbg-code2
max_seq_len: 5
num_vocab: 5000
max_input_len: 1000
use_val_loss: False
use_cpu: False
epochs: 30
scheduler: linear
warmup: 5
batch_size: 32
lr: 0.0002
weight_decay: 1e-06
num_workers: 0
clustering: False
masked_attention: True
gconv_dim: 256
tlayer_dim: 256
gconv_dropout: 0.0
attn_dropout: 0.0
tlayer_dropout: 0.4
num_layers: 4
num_heads: 4
skip_connection: none
readout: cls
seeds: 2333
save_state: False
segment_pooling: sum



| Epoch    0 | Train e:  0.0575, T l:  3.7771 | Val e:  0.0496 | Test e:  0.0506 
| Epoch    1 | Train e:  0.0981, T l:  3.0029 | Val e:  0.0843 | Test e:  0.0921 
| Epoch    2 | Train e:  0.1194, T l:  2.8210 | Val e:  0.0957 | Test e:  0.1071 
| Epoch    3 | Train e:  0.1403, T l:  2.6934 | Val e:  0.1118 | Test e:  0.1237 
| Epoch    4 | Train e:  0.1489, T l:  2.5982 | Val e:  0.1141 | Test e:  0.1286 
| Epoch    5 | Train e:  0.1696, T l:  2.5102 | Val e:  0.1267 | Test e:  0.1417 
| Epoch    6 | Train e:  0.1882, T l:  2.4206 | Val e:  0.1344 | Test e:  0.1512 
| Epoch    7 | Train e:  0.2022, T l:  2.3450 | Val e:  0.1410 | Test e:  0.1573 
| Epoch    8 | Train e:  0.2239, T l:  2.2793 | Val e:  0.1529 | Test e:  0.1702 
| Epoch    9 | Train e:  0.2349, T l:  2.2212 | Val e:  0.1569 | Test e:  0.1739 
| Epoch   10 | Train e:  0.2478, T l:  2.1689 | Val e:  0.1589 | Test e:  0.1775 
| Epoch   11 | Train e:  0.2545, T l:  2.1219 | Val e:  0.1578 | Test e:  0.1778 
| Epoch   12 | Train e:  0.2745, T l:  2.0793 | Val e:  0.1691 | Test e:  0.1883 
| Epoch   13 | Train e:  0.2765, T l:  2.0395 | Val e:  0.1666 | Test e:  0.1835 
| Epoch   14 | Train e:  0.2903, T l:  2.0006 | Val e:  0.1702 | Test e:  0.1876 
| Epoch   15 | Train e:  0.3004, T l:  1.9638 | Val e:  0.1734 | Test e:  0.1881 
| Epoch   16 | Train e:  0.3053, T l:  1.9313 | Val e:  0.1693 | Test e:  0.1875 
| Epoch   17 | Train e:  0.3171, T l:  1.8977 | Val e:  0.1751 | Test e:  0.1907 
| Epoch   18 | Train e:  0.3273, T l:  1.8658 | Val e:  0.1753 | Test e:  0.1911 
| Epoch   19 | Train e:  0.3314, T l:  1.8340 | Val e:  0.1741 | Test e:  0.1912 
| Epoch   20 | Train e:  0.3349, T l:  1.8057 | Val e:  0.1726 | Test e:  0.1892 
| Epoch   21 | Train e:  0.3475, T l:  1.7771 | Val e:  0.1790 | Test e:  0.1936 
| Epoch   22 | Train e:  0.3529, T l:  1.7498 | Val e:  0.1742 | Test e:  0.1909 
| Epoch   23 | Train e:  0.3580, T l:  1.7227 | Val e:  0.1777 | Test e:  0.1914 
| Epoch   24 | Train e:  0.3645, T l:  1.6968 | Val e:  0.1749 | Test e:  0.1915 
| Epoch   25 | Train e:  0.3720, T l:  1.6723 | Val e:  0.1762 | Test e:  0.1923 
| Epoch   26 | Train e:  0.3751, T l:  1.6490 | Val e:  0.1745 | Test e:  0.1919 
| Epoch   27 | Train e:  0.3794, T l:  1.6264 | Val e:  0.1768 | Test e:  0.1930 
| Epoch   28 | Train e:  0.3828, T l:  1.6052 | Val e:  0.1762 | Test e:  0.1923 
| Epoch   29 | Train e:  0.3857, T l:  1.5873 | Val e:  0.1764 | Test e:  0.1930 
