

===============================================
2022-10-03 23:17:37

main_clip.py --gconv-dim 256 --tlayer-dim 256 --gconv-dropout 0 --attn-dropout 0 --tlayer-dropout 0.4 --scheduler linear --warmup 5 --lr 0.0002 --readout cls --clipping_mode tail --device 2 --seeds 2022


baseline: GraphTrans
dataset: ogbg-code2
max_seq_len: 5
num_vocab: 5000
max_input_len: 1000
use_val_loss: False
use_cpu: False
epochs: 30
scheduler: linear
warmup: 5
batch_size: 32
lr: 0.0002
weight_decay: 1e-06
num_workers: 0
clustering: False
masked_attention: True
gconv_dim: 256
tlayer_dim: 256
gconv_dropout: 0.0
attn_dropout: 0.0
tlayer_dropout: 0.4
num_layers: 4
num_heads: 4
skip_connection: none
readout: cls
seeds: 2022
save_state: False
clipping_mode: tail



| Epoch    0 | Train e:  0.0678, T l:  3.7352 | Val e:  0.0591 | Test e:  0.0594 
| Epoch    1 | Train e:  0.0905, T l:  2.9940 | Val e:  0.0774 | Test e:  0.0833 
| Epoch    2 | Train e:  0.1207, T l:  2.8222 | Val e:  0.1006 | Test e:  0.1105 
| Epoch    3 | Train e:  0.1400, T l:  2.6947 | Val e:  0.1132 | Test e:  0.1232 
| Epoch    4 | Train e:  0.1570, T l:  2.5966 | Val e:  0.1237 | Test e:  0.1350 
| Epoch    5 | Train e:  0.1795, T l:  2.5070 | Val e:  0.1383 | Test e:  0.1505 
| Epoch    6 | Train e:  0.1911, T l:  2.4166 | Val e:  0.1395 | Test e:  0.1543 
| Epoch    7 | Train e:  0.2029, T l:  2.3404 | Val e:  0.1425 | Test e:  0.1592 
| Epoch    8 | Train e:  0.2268, T l:  2.2752 | Val e:  0.1559 | Test e:  0.1715 
| Epoch    9 | Train e:  0.2335, T l:  2.2178 | Val e:  0.1550 | Test e:  0.1719 
| Epoch   10 | Train e:  0.2449, T l:  2.1666 | Val e:  0.1585 | Test e:  0.1735 
| Epoch   11 | Train e:  0.2630, T l:  2.1195 | Val e:  0.1664 | Test e:  0.1838 
| Epoch   12 | Train e:  0.2684, T l:  2.0763 | Val e:  0.1630 | Test e:  0.1789 
| Epoch   13 | Train e:  0.2759, T l:  2.0357 | Val e:  0.1632 | Test e:  0.1818 
| Epoch   14 | Train e:  0.2880, T l:  1.9983 | Val e:  0.1643 | Test e:  0.1828 
| Epoch   15 | Train e:  0.3020, T l:  1.9604 | Val e:  0.1715 | Test e:  0.1877 
| Epoch   16 | Train e:  0.3084, T l:  1.9271 | Val e:  0.1711 | Test e:  0.1907 
| Epoch   17 | Train e:  0.3127, T l:  1.8942 | Val e:  0.1708 | Test e:  0.1902 
| Epoch   18 | Train e:  0.3240, T l:  1.8630 | Val e:  0.1718 | Test e:  0.1904 
| Epoch   19 | Train e:  0.3288, T l:  1.8326 | Val e:  0.1716 | Test e:  0.1894 
| Epoch   20 | Train e:  0.3389, T l:  1.8034 | Val e:  0.1724 | Test e:  0.1906 
| Epoch   21 | Train e:  0.3477, T l:  1.7756 | Val e:  0.1741 | Test e:  0.1916 
| Epoch   22 | Train e:  0.3472, T l:  1.7486 | Val e:  0.1716 | Test e:  0.1869 
| Epoch   23 | Train e:  0.3581, T l:  1.7225 | Val e:  0.1755 | Test e:  0.1919 
| Epoch   24 | Train e:  0.3631, T l:  1.6964 | Val e:  0.1753 | Test e:  0.1911 
| Epoch   25 | Train e:  0.3692, T l:  1.6718 | Val e:  0.1754 | Test e:  0.1920 
| Epoch   26 | Train e:  0.3751, T l:  1.6498 | Val e:  0.1749 | Test e:  0.1937 
| Epoch   27 | Train e:  0.3783, T l:  1.6267 | Val e:  0.1738 | Test e:  0.1909 
| Epoch   28 | Train e:  0.3838, T l:  1.6065 | Val e:  0.1767 | Test e:  0.1935 
| Epoch   29 | Train e:  0.3836, T l:  1.5885 | Val e:  0.1752 | Test e:  0.1925 
