

===============================================
2022-10-03 00:49:53

main_segment.py --gconv-dim 256 --tlayer-dim 256 --gconv-dropout 0 --attn-dropout 0 --tlayer-dropout 0.4 --scheduler linear --warmup 5 --lr 0.0002 --readout cls --segment_pooling sum --device 0 --seeds 271828


baseline: GraphTrans
dataset: ogbg-code2
max_seq_len: 5
num_vocab: 5000
max_input_len: 1000
use_val_loss: False
use_cpu: False
epochs: 30
scheduler: linear
warmup: 5
batch_size: 32
lr: 0.0002
weight_decay: 1e-06
num_workers: 0
clustering: False
masked_attention: True
gconv_dim: 256
tlayer_dim: 256
gconv_dropout: 0.0
attn_dropout: 0.0
tlayer_dropout: 0.4
num_layers: 4
num_heads: 4
skip_connection: none
readout: cls
seeds: 271828
save_state: False
segment_pooling: sum



| Epoch    0 | Train e:  0.0645, T l:  3.7673 | Val e:  0.0567 | Test e:  0.0563 
| Epoch    1 | Train e:  0.0907, T l:  3.0051 | Val e:  0.0774 | Test e:  0.0839 
| Epoch    2 | Train e:  0.1200, T l:  2.8298 | Val e:  0.0981 | Test e:  0.1093 
| Epoch    3 | Train e:  0.1320, T l:  2.7031 | Val e:  0.1055 | Test e:  0.1140 
| Epoch    4 | Train e:  0.1580, T l:  2.6062 | Val e:  0.1249 | Test e:  0.1351 
| Epoch    5 | Train e:  0.1702, T l:  2.5155 | Val e:  0.1299 | Test e:  0.1418 
| Epoch    6 | Train e:  0.1940, T l:  2.4272 | Val e:  0.1458 | Test e:  0.1573 
| Epoch    7 | Train e:  0.2052, T l:  2.3518 | Val e:  0.1491 | Test e:  0.1614 
| Epoch    8 | Train e:  0.2201, T l:  2.2866 | Val e:  0.1529 | Test e:  0.1676 
| Epoch    9 | Train e:  0.2349, T l:  2.2284 | Val e:  0.1585 | Test e:  0.1741 
| Epoch   10 | Train e:  0.2398, T l:  2.1763 | Val e:  0.1586 | Test e:  0.1741 
| Epoch   11 | Train e:  0.2529, T l:  2.1287 | Val e:  0.1630 | Test e:  0.1777 
| Epoch   12 | Train e:  0.2707, T l:  2.0853 | Val e:  0.1673 | Test e:  0.1852 
| Epoch   13 | Train e:  0.2732, T l:  2.0440 | Val e:  0.1642 | Test e:  0.1805 
| Epoch   14 | Train e:  0.2873, T l:  2.0053 | Val e:  0.1674 | Test e:  0.1825 
| Epoch   15 | Train e:  0.2945, T l:  1.9691 | Val e:  0.1695 | Test e:  0.1854 
| Epoch   16 | Train e:  0.3099, T l:  1.9345 | Val e:  0.1755 | Test e:  0.1893 
| Epoch   17 | Train e:  0.3105, T l:  1.9021 | Val e:  0.1725 | Test e:  0.1865 
| Epoch   18 | Train e:  0.3215, T l:  1.8705 | Val e:  0.1720 | Test e:  0.1884 
| Epoch   19 | Train e:  0.3291, T l:  1.8392 | Val e:  0.1742 | Test e:  0.1899 
| Epoch   20 | Train e:  0.3316, T l:  1.8094 | Val e:  0.1708 | Test e:  0.1849 
| Epoch   21 | Train e:  0.3444, T l:  1.7822 | Val e:  0.1724 | Test e:  0.1897 
| Epoch   22 | Train e:  0.3531, T l:  1.7545 | Val e:  0.1757 | Test e:  0.1919 
| Epoch   23 | Train e:  0.3565, T l:  1.7286 | Val e:  0.1760 | Test e:  0.1921 
| Epoch   24 | Train e:  0.3612, T l:  1.7034 | Val e:  0.1744 | Test e:  0.1893 
| Epoch   25 | Train e:  0.3668, T l:  1.6790 | Val e:  0.1760 | Test e:  0.1922 
| Epoch   26 | Train e:  0.3711, T l:  1.6555 | Val e:  0.1748 | Test e:  0.1901 
| Epoch   27 | Train e:  0.3766, T l:  1.6334 | Val e:  0.1757 | Test e:  0.1918 
| Epoch   28 | Train e:  0.3806, T l:  1.6120 | Val e:  0.1759 | Test e:  0.1933 
| Epoch   29 | Train e:  0.3817, T l:  1.5946 | Val e:  0.1758 | Test e:  0.1923 
