

===============================================
2022-11-16 12:38:26

main.py --device 1 --lr 0.001 --attn-dropout 0.2 --tlayer-dropout 0.2 --scheduler linear --seeds 12138

None

baseline: SAT
dataset: CLUSTER
use_val_loss: False
use_cpu: False
max_freqs: 16
eigvec_norm: L2
num_rw_steps: 6
num_classes: 6
epochs: 100
scheduler: linear
warmup: 5
batch_size: 32
lr: 0.001
weight_decay: 1e-05
num_workers: 0
clustering: False
masked_attention: True
gconv_dim: 48
dim_pe: 16
tlayer_dim: 48
gconv_dropout: 0
attn_dropout: 0.2
tlayer_dropout: 0.2
classifier_head_dropout: 0.3
num_layers: 16
num_heads: 4
skip_connection: short
seeds: 12138
device: 1
save_state: False



| Epoch    0 | Train e:  0.3757, T l:  1.7834 | Val e:  0.3747 | Test e:  0.3773 
| Epoch    1 | Train e:  0.3663, T l:  1.4298 | Val e:  0.3672 | Test e:  0.3668 
| Epoch    2 | Train e:  0.5428, T l:  1.1133 | Val e:  0.5422 | Test e:  0.5452 
| Epoch    3 | Train e:  0.6761, T l:  0.9112 | Val e:  0.6719 | Test e:  0.6725 
| Epoch    4 | Train e:  0.7096, T l:  0.8263 | Val e:  0.7074 | Test e:  0.7075 
| Epoch    5 | Train e:  0.7024, T l:  0.7806 | Val e:  0.6970 | Test e:  0.6976 
| Epoch    6 | Train e:  0.7320, T l:  0.7500 | Val e:  0.7277 | Test e:  0.7293 
| Epoch    7 | Train e:  0.7432, T l:  0.7346 | Val e:  0.7379 | Test e:  0.7376 
| Epoch    8 | Train e:  0.7510, T l:  0.7168 | Val e:  0.7455 | Test e:  0.7463 
| Epoch    9 | Train e:  0.7389, T l:  0.7072 | Val e:  0.7305 | Test e:  0.7312 
| Epoch   10 | Train e:  0.7485, T l:  0.6932 | Val e:  0.7397 | Test e:  0.7399 
| Epoch   11 | Train e:  0.7667, T l:  0.6874 | Val e:  0.7590 | Test e:  0.7601 
| Epoch   12 | Train e:  0.7670, T l:  0.6800 | Val e:  0.7596 | Test e:  0.7591 
| Epoch   13 | Train e:  0.7705, T l:  0.6735 | Val e:  0.7609 | Test e:  0.7626 
| Epoch   14 | Train e:  0.7701, T l:  0.6704 | Val e:  0.7646 | Test e:  0.7627 
| Epoch   15 | Train e:  0.7638, T l:  0.6638 | Val e:  0.7574 | Test e:  0.7563 
| Epoch   16 | Train e:  0.7719, T l:  0.6595 | Val e:  0.7615 | Test e:  0.7619 
| Epoch   17 | Train e:  0.7712, T l:  0.6558 | Val e:  0.7619 | Test e:  0.7631 
| Epoch   18 | Train e:  0.7748, T l:  0.6487 | Val e:  0.7639 | Test e:  0.7657 
| Epoch   19 | Train e:  0.7559, T l:  0.6474 | Val e:  0.7490 | Test e:  0.7474 
| Epoch   20 | Train e:  0.7796, T l:  0.6428 | Val e:  0.7674 | Test e:  0.7691 
| Epoch   21 | Train e:  0.7856, T l:  0.6395 | Val e:  0.7706 | Test e:  0.7719 
| Epoch   22 | Train e:  0.7814, T l:  0.6325 | Val e:  0.7700 | Test e:  0.7685 
| Epoch   23 | Train e:  0.7866, T l:  0.6321 | Val e:  0.7706 | Test e:  0.7748 
| Epoch   24 | Train e:  0.7860, T l:  0.6293 | Val e:  0.7704 | Test e:  0.7704 
| Epoch   25 | Train e:  0.7888, T l:  0.6243 | Val e:  0.7726 | Test e:  0.7703 
| Epoch   26 | Train e:  0.7894, T l:  0.6258 | Val e:  0.7725 | Test e:  0.7756 
| Epoch   27 | Train e:  0.7899, T l:  0.6194 | Val e:  0.7736 | Test e:  0.7742 
| Epoch   28 | Train e:  0.7888, T l:  0.6154 | Val e:  0.7709 | Test e:  0.7736 
| Epoch   29 | Train e:  0.7923, T l:  0.6120 | Val e:  0.7716 | Test e:  0.7748 
| Epoch   30 | Train e:  0.7968, T l:  0.6123 | Val e:  0.7753 | Test e:  0.7771 
| Epoch   31 | Train e:  0.7918, T l:  0.6082 | Val e:  0.7714 | Test e:  0.7706 
| Epoch   32 | Train e:  0.7961, T l:  0.6050 | Val e:  0.7747 | Test e:  0.7740 
| Epoch   33 | Train e:  0.7987, T l:  0.6021 | Val e:  0.7759 | Test e:  0.7777 
| Epoch   34 | Train e:  0.7920, T l:  0.5978 | Val e:  0.7684 | Test e:  0.7735 
| Epoch   35 | Train e:  0.8013, T l:  0.5944 | Val e:  0.7771 | Test e:  0.7780 
| Epoch   36 | Train e:  0.7999, T l:  0.5921 | Val e:  0.7773 | Test e:  0.7754 
| Epoch   37 | Train e:  0.8037, T l:  0.5900 | Val e:  0.7764 | Test e:  0.7799 
| Epoch   38 | Train e:  0.8049, T l:  0.5838 | Val e:  0.7781 | Test e:  0.7780 
| Epoch   39 | Train e:  0.8055, T l:  0.5848 | Val e:  0.7790 | Test e:  0.7770 
| Epoch   40 | Train e:  0.7948, T l:  0.5827 | Val e:  0.7701 | Test e:  0.7757 
| Epoch   41 | Train e:  0.8062, T l:  0.5814 | Val e:  0.7778 | Test e:  0.7788 
| Epoch   42 | Train e:  0.7989, T l:  0.5782 | Val e:  0.7704 | Test e:  0.7752 
| Epoch   43 | Train e:  0.8038, T l:  0.5751 | Val e:  0.7755 | Test e:  0.7763 
| Epoch   44 | Train e:  0.8044, T l:  0.5726 | Val e:  0.7741 | Test e:  0.7742 
| Epoch   45 | Train e:  0.8047, T l:  0.5692 | Val e:  0.7737 | Test e:  0.7783 
| Epoch   46 | Train e:  0.8113, T l:  0.5683 | Val e:  0.7795 | Test e:  0.7804 
| Epoch   47 | Train e:  0.8128, T l:  0.5676 | Val e:  0.7786 | Test e:  0.7814 
| Epoch   48 | Train e:  0.8097, T l:  0.5609 | Val e:  0.7767 | Test e:  0.7789 
| Epoch   49 | Train e:  0.8149, T l:  0.5625 | Val e:  0.7808 | Test e:  0.7812 
| Epoch   50 | Train e:  0.8100, T l:  0.5587 | Val e:  0.7771 | Test e:  0.7782 
| Epoch   51 | Train e:  0.8134, T l:  0.5580 | Val e:  0.7753 | Test e:  0.7792 
| Epoch   52 | Train e:  0.8176, T l:  0.5536 | Val e:  0.7792 | Test e:  0.7801 
| Epoch   53 | Train e:  0.8171, T l:  0.5523 | Val e:  0.7809 | Test e:  0.7792 
| Epoch   54 | Train e:  0.8178, T l:  0.5512 | Val e:  0.7806 | Test e:  0.7811 
| Epoch   55 | Train e:  0.8174, T l:  0.5489 | Val e:  0.7768 | Test e:  0.7784 
| Epoch   56 | Train e:  0.8141, T l:  0.5440 | Val e:  0.7754 | Test e:  0.7786 
| Epoch   57 | Train e:  0.8198, T l:  0.5457 | Val e:  0.7810 | Test e:  0.7822 
| Epoch   58 | Train e:  0.8162, T l:  0.5425 | Val e:  0.7813 | Test e:  0.7816 
| Epoch   59 | Train e:  0.8209, T l:  0.5415 | Val e:  0.7810 | Test e:  0.7807 
| Epoch   60 | Train e:  0.8231, T l:  0.5371 | Val e:  0.7820 | Test e:  0.7833 
| Epoch   61 | Train e:  0.8230, T l:  0.5369 | Val e:  0.7797 | Test e:  0.7809 
| Epoch   62 | Train e:  0.8240, T l:  0.5340 | Val e:  0.7800 | Test e:  0.7833 
| Epoch   63 | Train e:  0.8238, T l:  0.5321 | Val e:  0.7790 | Test e:  0.7792 
| Epoch   64 | Train e:  0.8249, T l:  0.5338 | Val e:  0.7790 | Test e:  0.7811 
| Epoch   65 | Train e:  0.8232, T l:  0.5271 | Val e:  0.7792 | Test e:  0.7815 
| Epoch   66 | Train e:  0.8234, T l:  0.5265 | Val e:  0.7807 | Test e:  0.7810 
| Epoch   67 | Train e:  0.8271, T l:  0.5240 | Val e:  0.7801 | Test e:  0.7818 
| Epoch   68 | Train e:  0.8276, T l:  0.5233 | Val e:  0.7800 | Test e:  0.7824 
| Epoch   69 | Train e:  0.8242, T l:  0.5209 | Val e:  0.7812 | Test e:  0.7818 
| Epoch   70 | Train e:  0.8279, T l:  0.5201 | Val e:  0.7800 | Test e:  0.7811 
| Epoch   71 | Train e:  0.8256, T l:  0.5177 | Val e:  0.7806 | Test e:  0.7815 
| Epoch   72 | Train e:  0.8300, T l:  0.5205 | Val e:  0.7807 | Test e:  0.7844 
| Epoch   73 | Train e:  0.8307, T l:  0.5137 | Val e:  0.7794 | Test e:  0.7798 
| Epoch   74 | Train e:  0.8290, T l:  0.5137 | Val e:  0.7805 | Test e:  0.7809 
| Epoch   75 | Train e:  0.8309, T l:  0.5131 | Val e:  0.7806 | Test e:  0.7795 
| Epoch   76 | Train e:  0.8291, T l:  0.5134 | Val e:  0.7803 | Test e:  0.7806 
| Epoch   77 | Train e:  0.8312, T l:  0.5075 | Val e:  0.7805 | Test e:  0.7835 
| Epoch   78 | Train e:  0.8323, T l:  0.5066 | Val e:  0.7802 | Test e:  0.7789 
| Epoch   79 | Train e:  0.8321, T l:  0.5066 | Val e:  0.7837 | Test e:  0.7827 
| Epoch   80 | Train e:  0.8334, T l:  0.5056 | Val e:  0.7819 | Test e:  0.7831 
| Epoch   81 | Train e:  0.8339, T l:  0.5047 | Val e:  0.7819 | Test e:  0.7829 
| Epoch   82 | Train e:  0.8348, T l:  0.5028 | Val e:  0.7820 | Test e:  0.7812 
| Epoch   83 | Train e:  0.8353, T l:  0.5024 | Val e:  0.7812 | Test e:  0.7827 
| Epoch   84 | Train e:  0.8350, T l:  0.5003 | Val e:  0.7822 | Test e:  0.7818 
| Epoch   85 | Train e:  0.8345, T l:  0.4987 | Val e:  0.7814 | Test e:  0.7819 
| Epoch   86 | Train e:  0.8364, T l:  0.4976 | Val e:  0.7827 | Test e:  0.7830 
| Epoch   87 | Train e:  0.8367, T l:  0.4954 | Val e:  0.7805 | Test e:  0.7825 
| Epoch   88 | Train e:  0.8371, T l:  0.4961 | Val e:  0.7816 | Test e:  0.7831 
| Epoch   89 | Train e:  0.8377, T l:  0.4939 | Val e:  0.7809 | Test e:  0.7829 
| Epoch   90 | Train e:  0.8379, T l:  0.4911 | Val e:  0.7804 | Test e:  0.7834 
| Epoch   91 | Train e:  0.8384, T l:  0.4900 | Val e:  0.7827 | Test e:  0.7828 
| Epoch   92 | Train e:  0.8380, T l:  0.4901 | Val e:  0.7814 | Test e:  0.7825 
| Epoch   93 | Train e:  0.8389, T l:  0.4899 | Val e:  0.7822 | Test e:  0.7834 
| Epoch   94 | Train e:  0.8387, T l:  0.4887 | Val e:  0.7820 | Test e:  0.7832 
| Epoch   95 | Train e:  0.8390, T l:  0.4893 | Val e:  0.7819 | Test e:  0.7829 
| Epoch   96 | Train e:  0.8392, T l:  0.4871 | Val e:  0.7821 | Test e:  0.7827 
| Epoch   97 | Train e:  0.8391, T l:  0.4873 | Val e:  0.7818 | Test e:  0.7827 
| Epoch   98 | Train e:  0.8394, T l:  0.4868 | Val e:  0.7824 | Test e:  0.7833 
| Epoch   99 | Train e:  0.8395, T l:  0.4848 | Val e:  0.7829 | Test e:  0.7838 
