

===============================================
2022-11-16 09:34:20

main.py --device 0 --attn-dropout 0.5 --tlayer-dropout 0.1 --lr 0.001 --num-heads 8 --scheduler cosine --seeds 2333

None

baseline: SAT
dataset: CLUSTER
use_val_loss: False
use_cpu: False
max_freqs: 16
eigvec_norm: L2
num_rw_steps: 6
num_classes: 6
epochs: 100
scheduler: cosine
warmup: 5
batch_size: 32
lr: 0.001
weight_decay: 1e-05
num_workers: 0
clustering: False
masked_attention: True
gconv_dim: 48
dim_pe: 16
tlayer_dim: 48
gconv_dropout: 0
attn_dropout: 0.5
tlayer_dropout: 0.1
classifier_head_dropout: 0.3
num_layers: 16
num_heads: 8
skip_connection: short
seeds: 2333
device: 0
save_state: False



| Epoch    0 | Train e:  0.3581, T l:  1.7207 | Val e:  0.3577 | Test e:  0.3599 
| Epoch    1 | Train e:  0.3718, T l:  1.4122 | Val e:  0.3708 | Test e:  0.3731 
| Epoch    2 | Train e:  0.4275, T l:  1.0971 | Val e:  0.4231 | Test e:  0.4259 
| Epoch    3 | Train e:  0.5957, T l:  0.9082 | Val e:  0.5947 | Test e:  0.5969 
| Epoch    4 | Train e:  0.5328, T l:  0.8200 | Val e:  0.5307 | Test e:  0.5307 
| Epoch    5 | Train e:  0.6295, T l:  0.7769 | Val e:  0.6260 | Test e:  0.6260 
| Epoch    6 | Train e:  0.6774, T l:  0.7434 | Val e:  0.6654 | Test e:  0.6709 
| Epoch    7 | Train e:  0.7236, T l:  0.7241 | Val e:  0.7171 | Test e:  0.7172 
| Epoch    8 | Train e:  0.7286, T l:  0.7121 | Val e:  0.7185 | Test e:  0.7240 
| Epoch    9 | Train e:  0.7080, T l:  0.6977 | Val e:  0.7035 | Test e:  0.7006 
| Epoch   10 | Train e:  0.7587, T l:  0.6876 | Val e:  0.7521 | Test e:  0.7533 
| Epoch   11 | Train e:  0.7219, T l:  0.6780 | Val e:  0.7179 | Test e:  0.7162 
| Epoch   12 | Train e:  0.7595, T l:  0.6754 | Val e:  0.7479 | Test e:  0.7486 
| Epoch   13 | Train e:  0.7271, T l:  0.6676 | Val e:  0.7172 | Test e:  0.7205 
| Epoch   14 | Train e:  0.7669, T l:  0.6643 | Val e:  0.7601 | Test e:  0.7589 
| Epoch   15 | Train e:  0.7647, T l:  0.6532 | Val e:  0.7563 | Test e:  0.7586 
| Epoch   16 | Train e:  0.7697, T l:  0.6497 | Val e:  0.7557 | Test e:  0.7635 
| Epoch   17 | Train e:  0.7471, T l:  0.6450 | Val e:  0.7405 | Test e:  0.7387 
| Epoch   18 | Train e:  0.7577, T l:  0.6393 | Val e:  0.7455 | Test e:  0.7465 
| Epoch   19 | Train e:  0.7410, T l:  0.6389 | Val e:  0.7293 | Test e:  0.7318 
| Epoch   20 | Train e:  0.7827, T l:  0.6332 | Val e:  0.7663 | Test e:  0.7694 
| Epoch   21 | Train e:  0.7757, T l:  0.6295 | Val e:  0.7591 | Test e:  0.7656 
| Epoch   22 | Train e:  0.7844, T l:  0.6245 | Val e:  0.7701 | Test e:  0.7702 
| Epoch   23 | Train e:  0.7880, T l:  0.6237 | Val e:  0.7758 | Test e:  0.7755 
| Epoch   24 | Train e:  0.7715, T l:  0.6194 | Val e:  0.7574 | Test e:  0.7569 
| Epoch   25 | Train e:  0.7807, T l:  0.6147 | Val e:  0.7661 | Test e:  0.7665 
| Epoch   26 | Train e:  0.7880, T l:  0.6123 | Val e:  0.7672 | Test e:  0.7724 
| Epoch   27 | Train e:  0.7932, T l:  0.6062 | Val e:  0.7769 | Test e:  0.7732 
| Epoch   28 | Train e:  0.7881, T l:  0.6068 | Val e:  0.7677 | Test e:  0.7704 
| Epoch   29 | Train e:  0.7918, T l:  0.6025 | Val e:  0.7699 | Test e:  0.7725 
| Epoch   30 | Train e:  0.7933, T l:  0.5959 | Val e:  0.7727 | Test e:  0.7728 
| Epoch   31 | Train e:  0.7980, T l:  0.5983 | Val e:  0.7701 | Test e:  0.7757 
| Epoch   32 | Train e:  0.7961, T l:  0.5914 | Val e:  0.7749 | Test e:  0.7732 
| Epoch   33 | Train e:  0.7985, T l:  0.5886 | Val e:  0.7745 | Test e:  0.7706 
| Epoch   34 | Train e:  0.7848, T l:  0.5816 | Val e:  0.7637 | Test e:  0.7622 
| Epoch   35 | Train e:  0.8004, T l:  0.5849 | Val e:  0.7752 | Test e:  0.7778 
| Epoch   36 | Train e:  0.7984, T l:  0.5817 | Val e:  0.7729 | Test e:  0.7722 
| Epoch   37 | Train e:  0.8061, T l:  0.5757 | Val e:  0.7754 | Test e:  0.7785 
| Epoch   38 | Train e:  0.8022, T l:  0.5744 | Val e:  0.7776 | Test e:  0.7756 
| Epoch   39 | Train e:  0.8086, T l:  0.5720 | Val e:  0.7770 | Test e:  0.7800 
| Epoch   40 | Train e:  0.8031, T l:  0.5696 | Val e:  0.7719 | Test e:  0.7752 
| Epoch   41 | Train e:  0.8074, T l:  0.5685 | Val e:  0.7779 | Test e:  0.7797 
| Epoch   42 | Train e:  0.8117, T l:  0.5614 | Val e:  0.7777 | Test e:  0.7787 
| Epoch   43 | Train e:  0.8114, T l:  0.5599 | Val e:  0.7770 | Test e:  0.7761 
| Epoch   44 | Train e:  0.8138, T l:  0.5559 | Val e:  0.7777 | Test e:  0.7820 
| Epoch   45 | Train e:  0.8123, T l:  0.5508 | Val e:  0.7779 | Test e:  0.7781 
| Epoch   46 | Train e:  0.8141, T l:  0.5506 | Val e:  0.7744 | Test e:  0.7766 
| Epoch   47 | Train e:  0.8188, T l:  0.5461 | Val e:  0.7793 | Test e:  0.7802 
| Epoch   48 | Train e:  0.8142, T l:  0.5445 | Val e:  0.7784 | Test e:  0.7815 
| Epoch   49 | Train e:  0.8161, T l:  0.5423 | Val e:  0.7753 | Test e:  0.7783 
| Epoch   50 | Train e:  0.8209, T l:  0.5392 | Val e:  0.7816 | Test e:  0.7826 
| Epoch   51 | Train e:  0.8229, T l:  0.5344 | Val e:  0.7821 | Test e:  0.7807 
| Epoch   52 | Train e:  0.8161, T l:  0.5334 | Val e:  0.7773 | Test e:  0.7768 
| Epoch   53 | Train e:  0.8210, T l:  0.5305 | Val e:  0.7785 | Test e:  0.7782 
| Epoch   54 | Train e:  0.8246, T l:  0.5260 | Val e:  0.7780 | Test e:  0.7788 
| Epoch   55 | Train e:  0.8259, T l:  0.5233 | Val e:  0.7807 | Test e:  0.7810 
| Epoch   56 | Train e:  0.8212, T l:  0.5220 | Val e:  0.7765 | Test e:  0.7754 
| Epoch   57 | Train e:  0.8282, T l:  0.5287 | Val e:  0.7826 | Test e:  0.7820 
| Epoch   58 | Train e:  0.8288, T l:  0.5166 | Val e:  0.7799 | Test e:  0.7824 
| Epoch   59 | Train e:  0.8214, T l:  0.5162 | Val e:  0.7723 | Test e:  0.7763 
| Epoch   60 | Train e:  0.8302, T l:  0.5135 | Val e:  0.7815 | Test e:  0.7803 
| Epoch   61 | Train e:  0.8314, T l:  0.5119 | Val e:  0.7826 | Test e:  0.7813 
| Epoch   62 | Train e:  0.8320, T l:  0.5125 | Val e:  0.7805 | Test e:  0.7800 
| Epoch   63 | Train e:  0.8329, T l:  0.5043 | Val e:  0.7805 | Test e:  0.7800 
| Epoch   64 | Train e:  0.8341, T l:  0.5030 | Val e:  0.7810 | Test e:  0.7807 
| Epoch   65 | Train e:  0.8342, T l:  0.5024 | Val e:  0.7807 | Test e:  0.7800 
| Epoch   66 | Train e:  0.8349, T l:  0.5004 | Val e:  0.7807 | Test e:  0.7803 
| Epoch   67 | Train e:  0.8356, T l:  0.4995 | Val e:  0.7807 | Test e:  0.7804 
| Epoch   68 | Train e:  0.8371, T l:  0.4960 | Val e:  0.7817 | Test e:  0.7808 
| Epoch   69 | Train e:  0.8381, T l:  0.4947 | Val e:  0.7823 | Test e:  0.7802 
| Epoch   70 | Train e:  0.8382, T l:  0.4919 | Val e:  0.7823 | Test e:  0.7827 
| Epoch   71 | Train e:  0.8377, T l:  0.4901 | Val e:  0.7807 | Test e:  0.7795 
| Epoch   72 | Train e:  0.8387, T l:  0.4897 | Val e:  0.7807 | Test e:  0.7803 
| Epoch   73 | Train e:  0.8396, T l:  0.4875 | Val e:  0.7817 | Test e:  0.7812 
| Epoch   74 | Train e:  0.8398, T l:  0.4860 | Val e:  0.7818 | Test e:  0.7806 
| Epoch   75 | Train e:  0.8409, T l:  0.4839 | Val e:  0.7813 | Test e:  0.7803 
| Epoch   76 | Train e:  0.8410, T l:  0.4828 | Val e:  0.7808 | Test e:  0.7808 
| Epoch   77 | Train e:  0.8416, T l:  0.4822 | Val e:  0.7816 | Test e:  0.7804 
| Epoch   78 | Train e:  0.8412, T l:  0.4813 | Val e:  0.7816 | Test e:  0.7813 
| Epoch   79 | Train e:  0.8413, T l:  0.4793 | Val e:  0.7816 | Test e:  0.7779 
| Epoch   80 | Train e:  0.8424, T l:  0.4792 | Val e:  0.7824 | Test e:  0.7804 
| Epoch   81 | Train e:  0.8426, T l:  0.4771 | Val e:  0.7823 | Test e:  0.7805 
| Epoch   82 | Train e:  0.8431, T l:  0.4771 | Val e:  0.7809 | Test e:  0.7807 
| Epoch   83 | Train e:  0.8432, T l:  0.4758 | Val e:  0.7819 | Test e:  0.7807 
| Epoch   84 | Train e:  0.8436, T l:  0.4743 | Val e:  0.7818 | Test e:  0.7807 
| Epoch   85 | Train e:  0.8441, T l:  0.4740 | Val e:  0.7809 | Test e:  0.7800 
| Epoch   86 | Train e:  0.8442, T l:  0.4719 | Val e:  0.7820 | Test e:  0.7810 
| Epoch   87 | Train e:  0.8440, T l:  0.4730 | Val e:  0.7812 | Test e:  0.7811 
| Epoch   88 | Train e:  0.8443, T l:  0.4718 | Val e:  0.7818 | Test e:  0.7817 
| Epoch   89 | Train e:  0.8445, T l:  0.4710 | Val e:  0.7814 | Test e:  0.7810 
| Epoch   90 | Train e:  0.8448, T l:  0.4710 | Val e:  0.7811 | Test e:  0.7813 
| Epoch   91 | Train e:  0.8446, T l:  0.4713 | Val e:  0.7818 | Test e:  0.7819 
| Epoch   92 | Train e:  0.8448, T l:  0.4693 | Val e:  0.7813 | Test e:  0.7808 
| Epoch   93 | Train e:  0.8449, T l:  0.4700 | Val e:  0.7817 | Test e:  0.7812 
| Epoch   94 | Train e:  0.8447, T l:  0.4704 | Val e:  0.7818 | Test e:  0.7813 
| Epoch   95 | Train e:  0.8450, T l:  0.4699 | Val e:  0.7814 | Test e:  0.7817 
| Epoch   96 | Train e:  0.8449, T l:  0.4682 | Val e:  0.7812 | Test e:  0.7810 
| Epoch   97 | Train e:  0.8450, T l:  0.4690 | Val e:  0.7810 | Test e:  0.7817 
| Epoch   98 | Train e:  0.8446, T l:  0.4696 | Val e:  0.7817 | Test e:  0.7808 
| Epoch   99 | Train e:  0.8450, T l:  0.4686 | Val e:  0.7811 | Test e:  0.7811 
