

===============================================
2022-11-16 12:33:36

main.py --device 0 --attn-dropout 0.5 --tlayer-dropout 0.1 --lr 0.001 --num-heads 8 --scheduler cosine --seeds 12138

None

baseline: SAT
dataset: CLUSTER
use_val_loss: False
use_cpu: False
max_freqs: 16
eigvec_norm: L2
num_rw_steps: 6
num_classes: 6
epochs: 100
scheduler: cosine
warmup: 5
batch_size: 32
lr: 0.001
weight_decay: 1e-05
num_workers: 0
clustering: False
masked_attention: True
gconv_dim: 48
dim_pe: 16
tlayer_dim: 48
gconv_dropout: 0
attn_dropout: 0.5
tlayer_dropout: 0.1
classifier_head_dropout: 0.3
num_layers: 16
num_heads: 8
skip_connection: short
seeds: 12138
device: 0
save_state: False



| Epoch    0 | Train e:  0.3590, T l:  1.7773 | Val e:  0.3568 | Test e:  0.3603 
| Epoch    1 | Train e:  0.4981, T l:  1.4363 | Val e:  0.4959 | Test e:  0.4988 
| Epoch    2 | Train e:  0.5420, T l:  1.1362 | Val e:  0.5412 | Test e:  0.5411 
| Epoch    3 | Train e:  0.6380, T l:  0.9286 | Val e:  0.6305 | Test e:  0.6344 
| Epoch    4 | Train e:  0.6968, T l:  0.8301 | Val e:  0.6944 | Test e:  0.6955 
| Epoch    5 | Train e:  0.6950, T l:  0.7788 | Val e:  0.6911 | Test e:  0.6905 
| Epoch    6 | Train e:  0.7361, T l:  0.7462 | Val e:  0.7316 | Test e:  0.7337 
| Epoch    7 | Train e:  0.6984, T l:  0.7257 | Val e:  0.6927 | Test e:  0.6925 
| Epoch    8 | Train e:  0.7387, T l:  0.7100 | Val e:  0.7339 | Test e:  0.7334 
| Epoch    9 | Train e:  0.7365, T l:  0.7032 | Val e:  0.7296 | Test e:  0.7316 
| Epoch   10 | Train e:  0.7503, T l:  0.6913 | Val e:  0.7411 | Test e:  0.7416 
| Epoch   11 | Train e:  0.7635, T l:  0.6826 | Val e:  0.7550 | Test e:  0.7564 
| Epoch   12 | Train e:  0.7606, T l:  0.6764 | Val e:  0.7540 | Test e:  0.7524 
| Epoch   13 | Train e:  0.7702, T l:  0.6688 | Val e:  0.7604 | Test e:  0.7593 
| Epoch   14 | Train e:  0.7733, T l:  0.6644 | Val e:  0.7645 | Test e:  0.7629 
| Epoch   15 | Train e:  0.7695, T l:  0.6584 | Val e:  0.7587 | Test e:  0.7623 
| Epoch   16 | Train e:  0.7648, T l:  0.6517 | Val e:  0.7570 | Test e:  0.7566 
| Epoch   17 | Train e:  0.7800, T l:  0.6535 | Val e:  0.7695 | Test e:  0.7707 
| Epoch   18 | Train e:  0.7689, T l:  0.6420 | Val e:  0.7592 | Test e:  0.7583 
| Epoch   19 | Train e:  0.7728, T l:  0.6410 | Val e:  0.7625 | Test e:  0.7629 
| Epoch   20 | Train e:  0.7809, T l:  0.6331 | Val e:  0.7667 | Test e:  0.7687 
| Epoch   21 | Train e:  0.7857, T l:  0.6340 | Val e:  0.7700 | Test e:  0.7726 
| Epoch   22 | Train e:  0.7814, T l:  0.6272 | Val e:  0.7704 | Test e:  0.7662 
| Epoch   23 | Train e:  0.7897, T l:  0.6238 | Val e:  0.7743 | Test e:  0.7779 
| Epoch   24 | Train e:  0.7738, T l:  0.6192 | Val e:  0.7598 | Test e:  0.7643 
| Epoch   25 | Train e:  0.7856, T l:  0.6156 | Val e:  0.7688 | Test e:  0.7702 
| Epoch   26 | Train e:  0.7865, T l:  0.6178 | Val e:  0.7673 | Test e:  0.7743 
| Epoch   27 | Train e:  0.7885, T l:  0.6119 | Val e:  0.7714 | Test e:  0.7722 
| Epoch   28 | Train e:  0.7953, T l:  0.6047 | Val e:  0.7755 | Test e:  0.7794 
| Epoch   29 | Train e:  0.7899, T l:  0.6014 | Val e:  0.7701 | Test e:  0.7717 
| Epoch   30 | Train e:  0.7982, T l:  0.6008 | Val e:  0.7753 | Test e:  0.7758 
| Epoch   31 | Train e:  0.7967, T l:  0.5965 | Val e:  0.7723 | Test e:  0.7764 
| Epoch   32 | Train e:  0.7921, T l:  0.5896 | Val e:  0.7683 | Test e:  0.7694 
| Epoch   33 | Train e:  0.7934, T l:  0.5935 | Val e:  0.7712 | Test e:  0.7718 
| Epoch   34 | Train e:  0.7983, T l:  0.5848 | Val e:  0.7729 | Test e:  0.7782 
| Epoch   35 | Train e:  0.8078, T l:  0.5815 | Val e:  0.7791 | Test e:  0.7808 
| Epoch   36 | Train e:  0.8013, T l:  0.5758 | Val e:  0.7770 | Test e:  0.7755 
| Epoch   37 | Train e:  0.8056, T l:  0.5793 | Val e:  0.7769 | Test e:  0.7809 
| Epoch   38 | Train e:  0.8072, T l:  0.5728 | Val e:  0.7751 | Test e:  0.7788 
| Epoch   39 | Train e:  0.8075, T l:  0.5683 | Val e:  0.7777 | Test e:  0.7777 
| Epoch   40 | Train e:  0.8036, T l:  0.5681 | Val e:  0.7754 | Test e:  0.7753 
| Epoch   41 | Train e:  0.8084, T l:  0.5659 | Val e:  0.7802 | Test e:  0.7772 
| Epoch   42 | Train e:  0.8018, T l:  0.5615 | Val e:  0.7696 | Test e:  0.7743 
| Epoch   43 | Train e:  0.8119, T l:  0.5596 | Val e:  0.7761 | Test e:  0.7789 
| Epoch   44 | Train e:  0.8144, T l:  0.5522 | Val e:  0.7762 | Test e:  0.7784 
| Epoch   45 | Train e:  0.8168, T l:  0.5519 | Val e:  0.7787 | Test e:  0.7816 
| Epoch   46 | Train e:  0.8156, T l:  0.5527 | Val e:  0.7815 | Test e:  0.7800 
| Epoch   47 | Train e:  0.8177, T l:  0.5471 | Val e:  0.7783 | Test e:  0.7779 
| Epoch   48 | Train e:  0.8189, T l:  0.5433 | Val e:  0.7818 | Test e:  0.7806 
| Epoch   49 | Train e:  0.8215, T l:  0.5417 | Val e:  0.7822 | Test e:  0.7803 
| Epoch   50 | Train e:  0.8173, T l:  0.5363 | Val e:  0.7796 | Test e:  0.7765 
| Epoch   51 | Train e:  0.8209, T l:  0.5376 | Val e:  0.7807 | Test e:  0.7781 
| Epoch   52 | Train e:  0.8165, T l:  0.5308 | Val e:  0.7752 | Test e:  0.7772 
| Epoch   53 | Train e:  0.8197, T l:  0.5300 | Val e:  0.7783 | Test e:  0.7787 
| Epoch   54 | Train e:  0.8263, T l:  0.5273 | Val e:  0.7817 | Test e:  0.7814 
| Epoch   55 | Train e:  0.8215, T l:  0.5272 | Val e:  0.7801 | Test e:  0.7780 
| Epoch   56 | Train e:  0.8278, T l:  0.5219 | Val e:  0.7812 | Test e:  0.7806 
| Epoch   57 | Train e:  0.8299, T l:  0.5163 | Val e:  0.7820 | Test e:  0.7822 
| Epoch   58 | Train e:  0.8284, T l:  0.5188 | Val e:  0.7823 | Test e:  0.7825 
| Epoch   59 | Train e:  0.8291, T l:  0.5149 | Val e:  0.7824 | Test e:  0.7811 
| Epoch   60 | Train e:  0.8301, T l:  0.5133 | Val e:  0.7809 | Test e:  0.7809 
| Epoch   61 | Train e:  0.8306, T l:  0.5111 | Val e:  0.7816 | Test e:  0.7788 
| Epoch   62 | Train e:  0.8321, T l:  0.5075 | Val e:  0.7809 | Test e:  0.7802 
| Epoch   63 | Train e:  0.8319, T l:  0.5057 | Val e:  0.7816 | Test e:  0.7811 
| Epoch   64 | Train e:  0.8303, T l:  0.5051 | Val e:  0.7799 | Test e:  0.7810 
| Epoch   65 | Train e:  0.8331, T l:  0.5040 | Val e:  0.7815 | Test e:  0.7820 
| Epoch   66 | Train e:  0.8356, T l:  0.4985 | Val e:  0.7815 | Test e:  0.7821 
| Epoch   67 | Train e:  0.8352, T l:  0.4977 | Val e:  0.7806 | Test e:  0.7827 
| Epoch   68 | Train e:  0.8356, T l:  0.4950 | Val e:  0.7818 | Test e:  0.7815 
| Epoch   69 | Train e:  0.8365, T l:  0.4957 | Val e:  0.7814 | Test e:  0.7831 
| Epoch   70 | Train e:  0.8374, T l:  0.4917 | Val e:  0.7822 | Test e:  0.7813 
| Epoch   71 | Train e:  0.8377, T l:  0.4899 | Val e:  0.7826 | Test e:  0.7825 
| Epoch   72 | Train e:  0.8386, T l:  0.4893 | Val e:  0.7824 | Test e:  0.7834 
| Epoch   73 | Train e:  0.8382, T l:  0.4866 | Val e:  0.7802 | Test e:  0.7814 
| Epoch   74 | Train e:  0.8398, T l:  0.4852 | Val e:  0.7827 | Test e:  0.7822 
| Epoch   75 | Train e:  0.8403, T l:  0.4823 | Val e:  0.7822 | Test e:  0.7819 
| Epoch   76 | Train e:  0.8406, T l:  0.4830 | Val e:  0.7810 | Test e:  0.7824 
| Epoch   77 | Train e:  0.8408, T l:  0.4815 | Val e:  0.7832 | Test e:  0.7810 
| Epoch   78 | Train e:  0.8419, T l:  0.4802 | Val e:  0.7827 | Test e:  0.7823 
| Epoch   79 | Train e:  0.8423, T l:  0.4784 | Val e:  0.7819 | Test e:  0.7812 
| Epoch   80 | Train e:  0.8425, T l:  0.4785 | Val e:  0.7825 | Test e:  0.7813 
| Epoch   81 | Train e:  0.8428, T l:  0.4768 | Val e:  0.7821 | Test e:  0.7835 
| Epoch   82 | Train e:  0.8429, T l:  0.4739 | Val e:  0.7827 | Test e:  0.7816 
| Epoch   83 | Train e:  0.8433, T l:  0.4759 | Val e:  0.7832 | Test e:  0.7825 
| Epoch   84 | Train e:  0.8432, T l:  0.4737 | Val e:  0.7821 | Test e:  0.7824 
| Epoch   85 | Train e:  0.8435, T l:  0.4743 | Val e:  0.7826 | Test e:  0.7811 
| Epoch   86 | Train e:  0.8439, T l:  0.4726 | Val e:  0.7832 | Test e:  0.7815 
| Epoch   87 | Train e:  0.8438, T l:  0.4709 | Val e:  0.7831 | Test e:  0.7829 
| Epoch   88 | Train e:  0.8440, T l:  0.4711 | Val e:  0.7814 | Test e:  0.7818 
| Epoch   89 | Train e:  0.8443, T l:  0.4720 | Val e:  0.7831 | Test e:  0.7824 
| Epoch   90 | Train e:  0.8442, T l:  0.4700 | Val e:  0.7829 | Test e:  0.7824 
| Epoch   91 | Train e:  0.8445, T l:  0.4695 | Val e:  0.7830 | Test e:  0.7820 
| Epoch   92 | Train e:  0.8445, T l:  0.4696 | Val e:  0.7822 | Test e:  0.7824 
| Epoch   93 | Train e:  0.8446, T l:  0.4698 | Val e:  0.7824 | Test e:  0.7826 
| Epoch   94 | Train e:  0.8446, T l:  0.4679 | Val e:  0.7834 | Test e:  0.7820 
| Epoch   95 | Train e:  0.8447, T l:  0.4688 | Val e:  0.7828 | Test e:  0.7825 
| Epoch   96 | Train e:  0.8447, T l:  0.4690 | Val e:  0.7832 | Test e:  0.7824 
| Epoch   97 | Train e:  0.8446, T l:  0.4685 | Val e:  0.7833 | Test e:  0.7819 
| Epoch   98 | Train e:  0.8448, T l:  0.4692 | Val e:  0.7831 | Test e:  0.7820 
| Epoch   99 | Train e:  0.8447, T l:  0.4688 | Val e:  0.7834 | Test e:  0.7825 
