

===============================================
2022-11-16 03:24:50

main.py --device 0 --attn-dropout 0.5 --tlayer-dropout 0.1 --lr 0.001 --num-heads 8 --scheduler cosine --seeds 314159

None

baseline: SAT
dataset: CLUSTER
use_val_loss: False
use_cpu: False
max_freqs: 16
eigvec_norm: L2
num_rw_steps: 6
num_classes: 6
epochs: 100
scheduler: cosine
warmup: 5
batch_size: 32
lr: 0.001
weight_decay: 1e-05
num_workers: 0
clustering: False
masked_attention: True
gconv_dim: 48
dim_pe: 16
tlayer_dim: 48
gconv_dropout: 0
attn_dropout: 0.5
tlayer_dropout: 0.1
classifier_head_dropout: 0.3
num_layers: 16
num_heads: 8
skip_connection: short
seeds: 314159
device: 0
save_state: False



| Epoch    0 | Train e:  0.3667, T l:  1.7341 | Val e:  0.3650 | Test e:  0.3682 
| Epoch    1 | Train e:  0.3982, T l:  1.4325 | Val e:  0.3917 | Test e:  0.3994 
| Epoch    2 | Train e:  0.4545, T l:  1.1194 | Val e:  0.4510 | Test e:  0.4561 
| Epoch    3 | Train e:  0.5399, T l:  0.9227 | Val e:  0.5402 | Test e:  0.5422 
| Epoch    4 | Train e:  0.6753, T l:  0.8309 | Val e:  0.6733 | Test e:  0.6771 
| Epoch    5 | Train e:  0.6328, T l:  0.7802 | Val e:  0.6329 | Test e:  0.6346 
| Epoch    6 | Train e:  0.7159, T l:  0.7527 | Val e:  0.7057 | Test e:  0.7133 
| Epoch    7 | Train e:  0.7492, T l:  0.7345 | Val e:  0.7416 | Test e:  0.7445 
| Epoch    8 | Train e:  0.7008, T l:  0.7177 | Val e:  0.6958 | Test e:  0.6956 
| Epoch    9 | Train e:  0.7409, T l:  0.7057 | Val e:  0.7336 | Test e:  0.7389 
| Epoch   10 | Train e:  0.6807, T l:  0.6971 | Val e:  0.6720 | Test e:  0.6756 
| Epoch   11 | Train e:  0.7408, T l:  0.6872 | Val e:  0.7317 | Test e:  0.7355 
| Epoch   12 | Train e:  0.7356, T l:  0.6791 | Val e:  0.7280 | Test e:  0.7296 
| Epoch   13 | Train e:  0.7596, T l:  0.6755 | Val e:  0.7491 | Test e:  0.7525 
| Epoch   14 | Train e:  0.7330, T l:  0.6654 | Val e:  0.7250 | Test e:  0.7263 
| Epoch   15 | Train e:  0.7528, T l:  0.6646 | Val e:  0.7442 | Test e:  0.7446 
| Epoch   16 | Train e:  0.7735, T l:  0.6558 | Val e:  0.7644 | Test e:  0.7634 
| Epoch   17 | Train e:  0.7734, T l:  0.6508 | Val e:  0.7631 | Test e:  0.7671 
| Epoch   18 | Train e:  0.7796, T l:  0.6484 | Val e:  0.7667 | Test e:  0.7671 
| Epoch   19 | Train e:  0.7530, T l:  0.6429 | Val e:  0.7465 | Test e:  0.7456 
| Epoch   20 | Train e:  0.7754, T l:  0.6441 | Val e:  0.7610 | Test e:  0.7623 
| Epoch   21 | Train e:  0.7790, T l:  0.6364 | Val e:  0.7629 | Test e:  0.7653 
| Epoch   22 | Train e:  0.7365, T l:  0.6333 | Val e:  0.7251 | Test e:  0.7289 
| Epoch   23 | Train e:  0.7816, T l:  0.6261 | Val e:  0.7644 | Test e:  0.7696 
| Epoch   24 | Train e:  0.7622, T l:  0.6246 | Val e:  0.7515 | Test e:  0.7523 
| Epoch   25 | Train e:  0.7704, T l:  0.6234 | Val e:  0.7599 | Test e:  0.7624 
| Epoch   26 | Train e:  0.7810, T l:  0.6200 | Val e:  0.7652 | Test e:  0.7668 
| Epoch   27 | Train e:  0.7895, T l:  0.6174 | Val e:  0.7723 | Test e:  0.7721 
| Epoch   28 | Train e:  0.7845, T l:  0.6117 | Val e:  0.7659 | Test e:  0.7677 
| Epoch   29 | Train e:  0.7707, T l:  0.6064 | Val e:  0.7554 | Test e:  0.7612 
| Epoch   30 | Train e:  0.7853, T l:  0.6032 | Val e:  0.7666 | Test e:  0.7690 
| Epoch   31 | Train e:  0.7869, T l:  0.6033 | Val e:  0.7665 | Test e:  0.7698 
| Epoch   32 | Train e:  0.7941, T l:  0.5998 | Val e:  0.7709 | Test e:  0.7725 
| Epoch   33 | Train e:  0.7874, T l:  0.5967 | Val e:  0.7667 | Test e:  0.7696 
| Epoch   34 | Train e:  0.7964, T l:  0.5934 | Val e:  0.7722 | Test e:  0.7727 
| Epoch   35 | Train e:  0.7976, T l:  0.5919 | Val e:  0.7714 | Test e:  0.7748 
| Epoch   36 | Train e:  0.7933, T l:  0.5830 | Val e:  0.7725 | Test e:  0.7728 
| Epoch   37 | Train e:  0.8031, T l:  0.5855 | Val e:  0.7770 | Test e:  0.7780 
| Epoch   38 | Train e:  0.8021, T l:  0.5825 | Val e:  0.7763 | Test e:  0.7767 
| Epoch   39 | Train e:  0.8042, T l:  0.5761 | Val e:  0.7785 | Test e:  0.7776 
| Epoch   40 | Train e:  0.8036, T l:  0.5783 | Val e:  0.7766 | Test e:  0.7762 
| Epoch   41 | Train e:  0.7869, T l:  0.5720 | Val e:  0.7636 | Test e:  0.7641 
| Epoch   42 | Train e:  0.8063, T l:  0.5688 | Val e:  0.7754 | Test e:  0.7761 
| Epoch   43 | Train e:  0.8016, T l:  0.5663 | Val e:  0.7731 | Test e:  0.7743 
| Epoch   44 | Train e:  0.8076, T l:  0.5659 | Val e:  0.7752 | Test e:  0.7734 
| Epoch   45 | Train e:  0.8144, T l:  0.5590 | Val e:  0.7825 | Test e:  0.7819 
| Epoch   46 | Train e:  0.8107, T l:  0.5596 | Val e:  0.7781 | Test e:  0.7790 
| Epoch   47 | Train e:  0.8154, T l:  0.5550 | Val e:  0.7813 | Test e:  0.7801 
| Epoch   48 | Train e:  0.8145, T l:  0.5518 | Val e:  0.7779 | Test e:  0.7770 
| Epoch   49 | Train e:  0.8184, T l:  0.5505 | Val e:  0.7797 | Test e:  0.7795 
| Epoch   50 | Train e:  0.8190, T l:  0.5473 | Val e:  0.7784 | Test e:  0.7811 
| Epoch   51 | Train e:  0.8187, T l:  0.5423 | Val e:  0.7804 | Test e:  0.7784 
| Epoch   52 | Train e:  0.8099, T l:  0.5398 | Val e:  0.7749 | Test e:  0.7756 
| Epoch   53 | Train e:  0.8180, T l:  0.5410 | Val e:  0.7796 | Test e:  0.7790 
| Epoch   54 | Train e:  0.8217, T l:  0.5369 | Val e:  0.7797 | Test e:  0.7809 
| Epoch   55 | Train e:  0.8191, T l:  0.5319 | Val e:  0.7765 | Test e:  0.7770 
| Epoch   56 | Train e:  0.8215, T l:  0.5288 | Val e:  0.7781 | Test e:  0.7806 
| Epoch   57 | Train e:  0.8240, T l:  0.5311 | Val e:  0.7808 | Test e:  0.7805 
| Epoch   58 | Train e:  0.8254, T l:  0.5243 | Val e:  0.7789 | Test e:  0.7784 
| Epoch   59 | Train e:  0.8196, T l:  0.5265 | Val e:  0.7786 | Test e:  0.7757 
| Epoch   60 | Train e:  0.8272, T l:  0.5231 | Val e:  0.7811 | Test e:  0.7814 
| Epoch   61 | Train e:  0.8287, T l:  0.5195 | Val e:  0.7822 | Test e:  0.7825 
| Epoch   62 | Train e:  0.8295, T l:  0.5173 | Val e:  0.7814 | Test e:  0.7820 
| Epoch   63 | Train e:  0.8298, T l:  0.5143 | Val e:  0.7835 | Test e:  0.7810 
| Epoch   64 | Train e:  0.8304, T l:  0.5138 | Val e:  0.7808 | Test e:  0.7806 
| Epoch   65 | Train e:  0.8303, T l:  0.5097 | Val e:  0.7812 | Test e:  0.7810 
| Epoch   66 | Train e:  0.8267, T l:  0.5090 | Val e:  0.7791 | Test e:  0.7782 
| Epoch   67 | Train e:  0.8232, T l:  0.5062 | Val e:  0.7753 | Test e:  0.7764 
| Epoch   68 | Train e:  0.8325, T l:  0.5055 | Val e:  0.7809 | Test e:  0.7825 
| Epoch   69 | Train e:  0.8335, T l:  0.5022 | Val e:  0.7820 | Test e:  0.7803 
| Epoch   70 | Train e:  0.8340, T l:  0.5000 | Val e:  0.7822 | Test e:  0.7793 
| Epoch   71 | Train e:  0.8341, T l:  0.5021 | Val e:  0.7822 | Test e:  0.7803 
| Epoch   72 | Train e:  0.8360, T l:  0.4992 | Val e:  0.7828 | Test e:  0.7823 
| Epoch   73 | Train e:  0.8355, T l:  0.4949 | Val e:  0.7819 | Test e:  0.7819 
| Epoch   74 | Train e:  0.8371, T l:  0.4951 | Val e:  0.7816 | Test e:  0.7824 
| Epoch   75 | Train e:  0.8365, T l:  0.4947 | Val e:  0.7806 | Test e:  0.7809 
| Epoch   76 | Train e:  0.8381, T l:  0.4913 | Val e:  0.7835 | Test e:  0.7826 
| Epoch   77 | Train e:  0.8374, T l:  0.4915 | Val e:  0.7821 | Test e:  0.7818 
| Epoch   78 | Train e:  0.8382, T l:  0.4900 | Val e:  0.7815 | Test e:  0.7824 
| Epoch   79 | Train e:  0.8385, T l:  0.4876 | Val e:  0.7808 | Test e:  0.7812 
| Epoch   80 | Train e:  0.8388, T l:  0.4867 | Val e:  0.7813 | Test e:  0.7824 
| Epoch   81 | Train e:  0.8389, T l:  0.4866 | Val e:  0.7813 | Test e:  0.7820 
| Epoch   82 | Train e:  0.8401, T l:  0.4851 | Val e:  0.7827 | Test e:  0.7823 
| Epoch   83 | Train e:  0.8399, T l:  0.4855 | Val e:  0.7810 | Test e:  0.7812 
| Epoch   84 | Train e:  0.8403, T l:  0.4829 | Val e:  0.7821 | Test e:  0.7818 
| Epoch   85 | Train e:  0.8402, T l:  0.4817 | Val e:  0.7823 | Test e:  0.7822 
| Epoch   86 | Train e:  0.8407, T l:  0.4821 | Val e:  0.7819 | Test e:  0.7816 
| Epoch   87 | Train e:  0.8404, T l:  0.4809 | Val e:  0.7809 | Test e:  0.7824 
| Epoch   88 | Train e:  0.8415, T l:  0.4815 | Val e:  0.7824 | Test e:  0.7821 
| Epoch   89 | Train e:  0.8410, T l:  0.4786 | Val e:  0.7825 | Test e:  0.7819 
| Epoch   90 | Train e:  0.8413, T l:  0.4799 | Val e:  0.7830 | Test e:  0.7829 
| Epoch   91 | Train e:  0.8415, T l:  0.4794 | Val e:  0.7825 | Test e:  0.7827 
| Epoch   92 | Train e:  0.8415, T l:  0.4791 | Val e:  0.7824 | Test e:  0.7819 
| Epoch   93 | Train e:  0.8415, T l:  0.4782 | Val e:  0.7825 | Test e:  0.7823 
| Epoch   94 | Train e:  0.8413, T l:  0.4786 | Val e:  0.7816 | Test e:  0.7821 
| Epoch   95 | Train e:  0.8416, T l:  0.4782 | Val e:  0.7820 | Test e:  0.7820 
| Epoch   96 | Train e:  0.8410, T l:  0.4779 | Val e:  0.7816 | Test e:  0.7818 
| Epoch   97 | Train e:  0.8417, T l:  0.4761 | Val e:  0.7822 | Test e:  0.7822 
| Epoch   98 | Train e:  0.8415, T l:  0.4772 | Val e:  0.7820 | Test e:  0.7827 
| Epoch   99 | Train e:  0.8415, T l:  0.4770 | Val e:  0.7816 | Test e:  0.7822 
