

===============================================
2022-12-18 09:15:10

GNNT_main.py --device 0 --num_rw_steps 7 --dim-pe 16 --tlayer-dropout 0.3 --attn-dropout 0.3 --scheduler none --seeds 2022 --num-layers 16

None

baseline: SAT
dataset: PATTERN
use_val_loss: False
use_cpu: False
max_freqs: 16
eigvec_norm: L2
num_rw_steps: 7
num_classes: 2
epochs: 100
scheduler: none
warmup: 5
batch_size: 32
lr: 0.0003
weight_decay: 1e-05
num_workers: 0
clustering: False
masked_attention: True
gconv_dim: 64
dim_pe: 16
tlayer_dim: 64
gconv_dropout: 0
attn_dropout: 0.3
tlayer_dropout: 0.3
classifier_head_dropout: 0.0
num_layers: 16
num_heads: 4
skip_connection: short
seeds: 2022
device: 0
save_state: False



| Epoch    0 | Train e:  0.8569, T l:  0.5994 | Val e:  0.8554 | Test e:  0.8579 
| Epoch    1 | Train e:  0.8572, T l:  0.4247 | Val e:  0.8563 | Test e:  0.8574 
| Epoch    2 | Train e:  0.8592, T l:  0.3881 | Val e:  0.8575 | Test e:  0.8591 
| Epoch    3 | Train e:  0.8597, T l:  0.3573 | Val e:  0.8588 | Test e:  0.8602 
| Epoch    4 | Train e:  0.8597, T l:  0.3452 | Val e:  0.8594 | Test e:  0.8599 
| Epoch    5 | Train e:  0.8605, T l:  0.3395 | Val e:  0.8597 | Test e:  0.8609 
| Epoch    6 | Train e:  0.8609, T l:  0.3363 | Val e:  0.8601 | Test e:  0.8614 
| Epoch    7 | Train e:  0.8605, T l:  0.3340 | Val e:  0.8601 | Test e:  0.8614 
| Epoch    8 | Train e:  0.8574, T l:  0.3313 | Val e:  0.8567 | Test e:  0.8577 
| Epoch    9 | Train e:  0.8611, T l:  0.3340 | Val e:  0.8598 | Test e:  0.8606 
| Epoch   10 | Train e:  0.8593, T l:  0.3317 | Val e:  0.8579 | Test e:  0.8590 
| Epoch   11 | Train e:  0.8564, T l:  0.3362 | Val e:  0.8562 | Test e:  0.8565 
| Epoch   12 | Train e:  0.8573, T l:  0.3398 | Val e:  0.8563 | Test e:  0.8584 
| Epoch   13 | Train e:  0.8586, T l:  0.3374 | Val e:  0.8576 | Test e:  0.8595 
| Epoch   14 | Train e:  0.8567, T l:  0.3354 | Val e:  0.8558 | Test e:  0.8578 
| Epoch   15 | Train e:  0.8589, T l:  0.3345 | Val e:  0.8586 | Test e:  0.8593 
| Epoch   16 | Train e:  0.8614, T l:  0.3365 | Val e:  0.8601 | Test e:  0.8621 
| Epoch   17 | Train e:  0.8608, T l:  0.3321 | Val e:  0.8596 | Test e:  0.8610 
| Epoch   18 | Train e:  0.8620, T l:  0.3290 | Val e:  0.8611 | Test e:  0.8628 
| Epoch   19 | Train e:  0.8619, T l:  0.3277 | Val e:  0.8609 | Test e:  0.8623 
| Epoch   20 | Train e:  0.8622, T l:  0.3267 | Val e:  0.8613 | Test e:  0.8627 
| Epoch   21 | Train e:  0.8626, T l:  0.3246 | Val e:  0.8614 | Test e:  0.8630 
| Epoch   22 | Train e:  0.8617, T l:  0.3231 | Val e:  0.8611 | Test e:  0.8623 
| Epoch   23 | Train e:  0.8628, T l:  0.3218 | Val e:  0.8623 | Test e:  0.8635 
| Epoch   24 | Train e:  0.8640, T l:  0.3197 | Val e:  0.8629 | Test e:  0.8645 
| Epoch   25 | Train e:  0.8624, T l:  0.3192 | Val e:  0.8613 | Test e:  0.8632 
| Epoch   26 | Train e:  0.8621, T l:  0.3238 | Val e:  0.8613 | Test e:  0.8625 
| Epoch   27 | Train e:  0.8621, T l:  0.3237 | Val e:  0.8617 | Test e:  0.8629 
| Epoch   28 | Train e:  0.8641, T l:  0.3213 | Val e:  0.8633 | Test e:  0.8646 
| Epoch   29 | Train e:  0.8644, T l:  0.3187 | Val e:  0.8638 | Test e:  0.8652 
| Epoch   30 | Train e:  0.8653, T l:  0.3171 | Val e:  0.8641 | Test e:  0.8658 
| Epoch   31 | Train e:  0.8650, T l:  0.3166 | Val e:  0.8639 | Test e:  0.8653 
| Epoch   32 | Train e:  0.8649, T l:  0.3151 | Val e:  0.8644 | Test e:  0.8661 
| Epoch   33 | Train e:  0.8650, T l:  0.3147 | Val e:  0.8644 | Test e:  0.8661 
| Epoch   34 | Train e:  0.8658, T l:  0.3147 | Val e:  0.8646 | Test e:  0.8664 
| Epoch   35 | Train e:  0.8459, T l:  0.3140 | Val e:  0.8454 | Test e:  0.8465 
| Epoch   36 | Train e:  0.8658, T l:  0.3154 | Val e:  0.8643 | Test e:  0.8661 
| Epoch   37 | Train e:  0.8654, T l:  0.3136 | Val e:  0.8646 | Test e:  0.8660 
| Epoch   38 | Train e:  0.8645, T l:  0.3129 | Val e:  0.8635 | Test e:  0.8652 
| Epoch   39 | Train e:  0.8661, T l:  0.3126 | Val e:  0.8651 | Test e:  0.8666 
| Epoch   40 | Train e:  0.8645, T l:  0.3120 | Val e:  0.8634 | Test e:  0.8651 
| Epoch   41 | Train e:  0.8662, T l:  0.3120 | Val e:  0.8647 | Test e:  0.8669 
| Epoch   42 | Train e:  0.8654, T l:  0.3120 | Val e:  0.8642 | Test e:  0.8658 
| Epoch   43 | Train e:  0.8660, T l:  0.3111 | Val e:  0.8654 | Test e:  0.8666 
| Epoch   44 | Train e:  0.8656, T l:  0.3109 | Val e:  0.8647 | Test e:  0.8658 
| Epoch   45 | Train e:  0.8654, T l:  0.3109 | Val e:  0.8650 | Test e:  0.8666 
| Epoch   46 | Train e:  0.8656, T l:  0.3107 | Val e:  0.8650 | Test e:  0.8666 
| Epoch   47 | Train e:  0.8658, T l:  0.3106 | Val e:  0.8651 | Test e:  0.8665 
| Epoch   48 | Train e:  0.8658, T l:  0.3106 | Val e:  0.8646 | Test e:  0.8663 
| Epoch   49 | Train e:  0.8659, T l:  0.3103 | Val e:  0.8649 | Test e:  0.8664 
| Epoch   50 | Train e:  0.8665, T l:  0.3101 | Val e:  0.8651 | Test e:  0.8671 
| Epoch   51 | Train e:  0.8665, T l:  0.3098 | Val e:  0.8657 | Test e:  0.8672 
| Epoch   52 | Train e:  0.8660, T l:  0.3094 | Val e:  0.8651 | Test e:  0.8661 
| Epoch   53 | Train e:  0.8668, T l:  0.3094 | Val e:  0.8659 | Test e:  0.8673 
| Epoch   54 | Train e:  0.8660, T l:  0.3091 | Val e:  0.8648 | Test e:  0.8660 
| Epoch   55 | Train e:  0.8663, T l:  0.3095 | Val e:  0.8653 | Test e:  0.8665 
| Epoch   56 | Train e:  0.8659, T l:  0.3087 | Val e:  0.8659 | Test e:  0.8666 
| Epoch   57 | Train e:  0.8656, T l:  0.3091 | Val e:  0.8647 | Test e:  0.8661 
| Epoch   58 | Train e:  0.8666, T l:  0.3089 | Val e:  0.8657 | Test e:  0.8673 
| Epoch   59 | Train e:  0.8650, T l:  0.3088 | Val e:  0.8643 | Test e:  0.8659 
| Epoch   60 | Train e:  0.8666, T l:  0.3088 | Val e:  0.8660 | Test e:  0.8671 
| Epoch   61 | Train e:  0.8663, T l:  0.3088 | Val e:  0.8651 | Test e:  0.8661 
| Epoch   62 | Train e:  0.8666, T l:  0.3082 | Val e:  0.8657 | Test e:  0.8676 
| Epoch   63 | Train e:  0.8660, T l:  0.3083 | Val e:  0.8654 | Test e:  0.8665 
| Epoch   64 | Train e:  0.8664, T l:  0.3088 | Val e:  0.8655 | Test e:  0.8668 
| Epoch   65 | Train e:  0.8659, T l:  0.3084 | Val e:  0.8645 | Test e:  0.8657 
| Epoch   66 | Train e:  0.8664, T l:  0.3084 | Val e:  0.8654 | Test e:  0.8663 
| Epoch   67 | Train e:  0.8654, T l:  0.3078 | Val e:  0.8646 | Test e:  0.8664 
| Epoch   68 | Train e:  0.8645, T l:  0.3082 | Val e:  0.8634 | Test e:  0.8652 
| Epoch   69 | Train e:  0.8670, T l:  0.3077 | Val e:  0.8659 | Test e:  0.8676 
| Epoch   70 | Train e:  0.8667, T l:  0.3077 | Val e:  0.8659 | Test e:  0.8674 
| Epoch   71 | Train e:  0.8650, T l:  0.3077 | Val e:  0.8646 | Test e:  0.8659 
| Epoch   72 | Train e:  0.8673, T l:  0.3074 | Val e:  0.8664 | Test e:  0.8677 
| Epoch   73 | Train e:  0.8671, T l:  0.3072 | Val e:  0.8663 | Test e:  0.8677 
| Epoch   74 | Train e:  0.8663, T l:  0.3071 | Val e:  0.8657 | Test e:  0.8670 
| Epoch   75 | Train e:  0.8663, T l:  0.3071 | Val e:  0.8658 | Test e:  0.8666 
| Epoch   76 | Train e:  0.8672, T l:  0.3070 | Val e:  0.8660 | Test e:  0.8673 
| Epoch   77 | Train e:  0.8641, T l:  0.3069 | Val e:  0.8632 | Test e:  0.8642 
| Epoch   78 | Train e:  0.8649, T l:  0.3073 | Val e:  0.8640 | Test e:  0.8651 
| Epoch   79 | Train e:  0.8671, T l:  0.3069 | Val e:  0.8658 | Test e:  0.8678 
| Epoch   80 | Train e:  0.8672, T l:  0.3066 | Val e:  0.8661 | Test e:  0.8676 
| Epoch   81 | Train e:  0.8675, T l:  0.3069 | Val e:  0.8670 | Test e:  0.8680 
| Epoch   82 | Train e:  0.8676, T l:  0.3066 | Val e:  0.8669 | Test e:  0.8681 
| Epoch   83 | Train e:  0.8676, T l:  0.3066 | Val e:  0.8667 | Test e:  0.8681 
| Epoch   84 | Train e:  0.8675, T l:  0.3065 | Val e:  0.8664 | Test e:  0.8679 
| Epoch   85 | Train e:  0.8672, T l:  0.3065 | Val e:  0.8660 | Test e:  0.8678 
| Epoch   86 | Train e:  0.8676, T l:  0.3066 | Val e:  0.8665 | Test e:  0.8681 
| Epoch   87 | Train e:  0.8677, T l:  0.3063 | Val e:  0.8670 | Test e:  0.8680 
| Epoch   88 | Train e:  0.8676, T l:  0.3062 | Val e:  0.8665 | Test e:  0.8678 
| Epoch   89 | Train e:  0.8677, T l:  0.3062 | Val e:  0.8667 | Test e:  0.8681 
| Epoch   90 | Train e:  0.8667, T l:  0.3064 | Val e:  0.8654 | Test e:  0.8669 
| Epoch   91 | Train e:  0.8676, T l:  0.3063 | Val e:  0.8668 | Test e:  0.8677 
| Epoch   92 | Train e:  0.8679, T l:  0.3060 | Val e:  0.8668 | Test e:  0.8682 
| Epoch   93 | Train e:  0.8676, T l:  0.3060 | Val e:  0.8667 | Test e:  0.8680 
| Epoch   94 | Train e:  0.8677, T l:  0.3059 | Val e:  0.8672 | Test e:  0.8678 
| Epoch   95 | Train e:  0.8679, T l:  0.3061 | Val e:  0.8670 | Test e:  0.8682 
| Epoch   96 | Train e:  0.8677, T l:  0.3059 | Val e:  0.8665 | Test e:  0.8678 
| Epoch   97 | Train e:  0.8666, T l:  0.3058 | Val e:  0.8654 | Test e:  0.8667 
| Epoch   98 | Train e:  0.8675, T l:  0.3055 | Val e:  0.8667 | Test e:  0.8678 
| Epoch   99 | Train e:  0.8673, T l:  0.3059 | Val e:  0.8668 | Test e:  0.8677 
