

===============================================
2022-12-18 03:06:28

GNNT_main.py --device 0 --num_rw_steps 7 --dim-pe 16 --tlayer-dropout 0.3 --attn-dropout 0.3 --scheduler none --seeds 2022 --num-layers 14

None

baseline: SAT
dataset: PATTERN
use_val_loss: False
use_cpu: False
max_freqs: 16
eigvec_norm: L2
num_rw_steps: 7
num_classes: 2
epochs: 100
scheduler: none
warmup: 5
batch_size: 32
lr: 0.0003
weight_decay: 1e-05
num_workers: 0
clustering: False
masked_attention: True
gconv_dim: 64
dim_pe: 16
tlayer_dim: 64
gconv_dropout: 0
attn_dropout: 0.3
tlayer_dropout: 0.3
classifier_head_dropout: 0.0
num_layers: 14
num_heads: 4
skip_connection: short
seeds: 2022
device: 0
save_state: False



| Epoch    0 | Train e:  0.8614, T l:  0.5277 | Val e:  0.8608 | Test e:  0.8621 
| Epoch    1 | Train e:  0.8470, T l:  0.3920 | Val e:  0.8458 | Test e:  0.8473 
| Epoch    2 | Train e:  0.8602, T l:  0.3750 | Val e:  0.8601 | Test e:  0.8608 
| Epoch    3 | Train e:  0.8603, T l:  0.3598 | Val e:  0.8594 | Test e:  0.8608 
| Epoch    4 | Train e:  0.8594, T l:  0.3493 | Val e:  0.8588 | Test e:  0.8597 
| Epoch    5 | Train e:  0.8605, T l:  0.3378 | Val e:  0.8596 | Test e:  0.8610 
| Epoch    6 | Train e:  0.8628, T l:  0.3336 | Val e:  0.8614 | Test e:  0.8624 
| Epoch    7 | Train e:  0.8608, T l:  0.3331 | Val e:  0.8600 | Test e:  0.8614 
| Epoch    8 | Train e:  0.8590, T l:  0.3332 | Val e:  0.8589 | Test e:  0.8592 
| Epoch    9 | Train e:  0.8626, T l:  0.3296 | Val e:  0.8611 | Test e:  0.8623 
| Epoch   10 | Train e:  0.8616, T l:  0.3267 | Val e:  0.8609 | Test e:  0.8622 
| Epoch   11 | Train e:  0.8621, T l:  0.3269 | Val e:  0.8610 | Test e:  0.8624 
| Epoch   12 | Train e:  0.8619, T l:  0.3242 | Val e:  0.8609 | Test e:  0.8623 
| Epoch   13 | Train e:  0.8613, T l:  0.3231 | Val e:  0.8611 | Test e:  0.8615 
| Epoch   14 | Train e:  0.8636, T l:  0.3215 | Val e:  0.8627 | Test e:  0.8637 
| Epoch   15 | Train e:  0.8645, T l:  0.3202 | Val e:  0.8634 | Test e:  0.8648 
| Epoch   16 | Train e:  0.8640, T l:  0.3192 | Val e:  0.8632 | Test e:  0.8636 
| Epoch   17 | Train e:  0.8613, T l:  0.3221 | Val e:  0.8608 | Test e:  0.8618 
| Epoch   18 | Train e:  0.8619, T l:  0.3279 | Val e:  0.8607 | Test e:  0.8619 
| Epoch   19 | Train e:  0.8604, T l:  0.3233 | Val e:  0.8591 | Test e:  0.8610 
| Epoch   20 | Train e:  0.8650, T l:  0.3206 | Val e:  0.8642 | Test e:  0.8653 
| Epoch   21 | Train e:  0.8626, T l:  0.3187 | Val e:  0.8625 | Test e:  0.8636 
| Epoch   22 | Train e:  0.8649, T l:  0.3172 | Val e:  0.8644 | Test e:  0.8657 
| Epoch   23 | Train e:  0.8652, T l:  0.3159 | Val e:  0.8645 | Test e:  0.8659 
| Epoch   24 | Train e:  0.8638, T l:  0.3159 | Val e:  0.8628 | Test e:  0.8647 
| Epoch   25 | Train e:  0.8632, T l:  0.3163 | Val e:  0.8626 | Test e:  0.8636 
| Epoch   26 | Train e:  0.7668, T l:  0.3222 | Val e:  0.7647 | Test e:  0.7652 
| Epoch   27 | Train e:  0.8530, T l:  0.3304 | Val e:  0.8520 | Test e:  0.8528 
| Epoch   28 | Train e:  0.8554, T l:  0.3312 | Val e:  0.8539 | Test e:  0.8553 
| Epoch   29 | Train e:  0.8623, T l:  0.3269 | Val e:  0.8615 | Test e:  0.8631 
| Epoch   30 | Train e:  0.8593, T l:  0.3253 | Val e:  0.8584 | Test e:  0.8602 
| Epoch   31 | Train e:  0.8562, T l:  0.3298 | Val e:  0.8550 | Test e:  0.8572 
| Epoch   32 | Train e:  0.8532, T l:  0.3330 | Val e:  0.8517 | Test e:  0.8540 
| Epoch   33 | Train e:  0.8562, T l:  0.3318 | Val e:  0.8554 | Test e:  0.8569 
| Epoch   34 | Train e:  0.8572, T l:  0.3319 | Val e:  0.8563 | Test e:  0.8580 
| Epoch   35 | Train e:  0.8531, T l:  0.3352 | Val e:  0.8517 | Test e:  0.8539 
| Epoch   36 | Train e:  0.8573, T l:  0.3358 | Val e:  0.8568 | Test e:  0.8588 
| Epoch   37 | Train e:  0.8551, T l:  0.3348 | Val e:  0.8542 | Test e:  0.8562 
| Epoch   38 | Train e:  0.8001, T l:  0.3345 | Val e:  0.7979 | Test e:  0.8000 
| Epoch   39 | Train e:  0.8565, T l:  0.3319 | Val e:  0.8555 | Test e:  0.8579 
| Epoch   40 | Train e:  0.8574, T l:  0.3296 | Val e:  0.8564 | Test e:  0.8581 
| Epoch   41 | Train e:  0.8576, T l:  0.3299 | Val e:  0.8571 | Test e:  0.8591 
| Epoch   42 | Train e:  0.8543, T l:  0.3312 | Val e:  0.8528 | Test e:  0.8554 
| Epoch   43 | Train e:  0.8555, T l:  0.3357 | Val e:  0.8538 | Test e:  0.8562 
| Epoch   44 | Train e:  0.8470, T l:  0.3384 | Val e:  0.8461 | Test e:  0.8480 
| Epoch   45 | Train e:  0.8514, T l:  0.3392 | Val e:  0.8495 | Test e:  0.8524 
| Epoch   46 | Train e:  0.8506, T l:  0.3387 | Val e:  0.8493 | Test e:  0.8516 
| Epoch   47 | Train e:  0.8534, T l:  0.3425 | Val e:  0.8523 | Test e:  0.8547 
| Epoch   48 | Train e:  0.8540, T l:  0.3416 | Val e:  0.8524 | Test e:  0.8551 
| Epoch   49 | Train e:  0.8409, T l:  0.3444 | Val e:  0.8394 | Test e:  0.8418 
| Epoch   50 | Train e:  0.8528, T l:  0.3434 | Val e:  0.8508 | Test e:  0.8527 
| Epoch   51 | Train e:  0.8506, T l:  0.3413 | Val e:  0.8493 | Test e:  0.8516 
| Epoch   52 | Train e:  0.8549, T l:  0.3411 | Val e:  0.8530 | Test e:  0.8552 
| Epoch   53 | Train e:  0.8512, T l:  0.3395 | Val e:  0.8499 | Test e:  0.8498 
| Epoch   54 | Train e:  0.8514, T l:  0.3427 | Val e:  0.8500 | Test e:  0.8524 
| Epoch   55 | Train e:  0.8479, T l:  0.3414 | Val e:  0.8470 | Test e:  0.8484 
| Epoch   56 | Train e:  0.8498, T l:  0.3428 | Val e:  0.8485 | Test e:  0.8505 
| Epoch   57 | Train e:  0.8569, T l:  0.3434 | Val e:  0.8555 | Test e:  0.8577 
| Epoch   58 | Train e:  0.8548, T l:  0.3428 | Val e:  0.8537 | Test e:  0.8562 
| Epoch   59 | Train e:  0.8559, T l:  0.3502 | Val e:  0.8553 | Test e:  0.8568 
| Epoch   60 | Train e:  0.8543, T l:  0.3490 | Val e:  0.8533 | Test e:  0.8550 
| Epoch   61 | Train e:  0.8495, T l:  0.3483 | Val e:  0.8490 | Test e:  0.8511 
| Epoch   62 | Train e:  0.8486, T l:  0.3472 | Val e:  0.8478 | Test e:  0.8497 
| Epoch   63 | Train e:  0.8531, T l:  0.3444 | Val e:  0.8522 | Test e:  0.8543 
| Epoch   64 | Train e:  0.8492, T l:  0.3457 | Val e:  0.8483 | Test e:  0.8505 
| Epoch   65 | Train e:  0.8554, T l:  0.3449 | Val e:  0.8541 | Test e:  0.8564 
| Epoch   66 | Train e:  0.8561, T l:  0.3443 | Val e:  0.8542 | Test e:  0.8568 
| Epoch   67 | Train e:  0.8511, T l:  0.3441 | Val e:  0.8504 | Test e:  0.8523 
| Epoch   68 | Train e:  0.8499, T l:  0.3431 | Val e:  0.8494 | Test e:  0.8511 
| Epoch   69 | Train e:  0.8476, T l:  0.3453 | Val e:  0.8465 | Test e:  0.8494 
| Epoch   70 | Train e:  0.8529, T l:  0.3452 | Val e:  0.8514 | Test e:  0.8542 
| Epoch   71 | Train e:  0.8556, T l:  0.3444 | Val e:  0.8539 | Test e:  0.8561 
| Epoch   72 | Train e:  0.8508, T l:  0.3465 | Val e:  0.8502 | Test e:  0.8523 
| Epoch   73 | Train e:  0.8556, T l:  0.3422 | Val e:  0.8541 | Test e:  0.8565 
| Epoch   74 | Train e:  0.8494, T l:  0.3429 | Val e:  0.8480 | Test e:  0.8512 
| Epoch   75 | Train e:  0.8492, T l:  0.3441 | Val e:  0.8484 | Test e:  0.8511 
| Epoch   76 | Train e:  0.8526, T l:  0.3474 | Val e:  0.8502 | Test e:  0.8543 
| Epoch   77 | Train e:  0.8492, T l:  0.3457 | Val e:  0.8475 | Test e:  0.8500 
| Epoch   78 | Train e:  0.8484, T l:  0.3447 | Val e:  0.8475 | Test e:  0.8498 
| Epoch   79 | Train e:  0.8534, T l:  0.3437 | Val e:  0.8516 | Test e:  0.8550 
| Epoch   80 | Train e:  0.8486, T l:  0.3433 | Val e:  0.8475 | Test e:  0.8497 
| Epoch   81 | Train e:  0.8458, T l:  0.3467 | Val e:  0.8447 | Test e:  0.8469 
| Epoch   82 | Train e:  0.8331, T l:  0.3480 | Val e:  0.8317 | Test e:  0.8343 
| Epoch   83 | Train e:  0.8532, T l:  0.3456 | Val e:  0.8521 | Test e:  0.8546 
| Epoch   84 | Train e:  0.8488, T l:  0.3428 | Val e:  0.8477 | Test e:  0.8498 
| Epoch   85 | Train e:  0.8508, T l:  0.3435 | Val e:  0.8494 | Test e:  0.8520 
| Epoch   86 | Train e:  0.8529, T l:  0.3435 | Val e:  0.8520 | Test e:  0.8540 
| Epoch   87 | Train e:  0.8485, T l:  0.3438 | Val e:  0.8470 | Test e:  0.8500 
| Epoch   88 | Train e:  0.8530, T l:  0.3478 | Val e:  0.8527 | Test e:  0.8547 
| Epoch   89 | Train e:  0.8565, T l:  0.3468 | Val e:  0.8556 | Test e:  0.8580 
| Epoch   90 | Train e:  0.8586, T l:  0.3402 | Val e:  0.8575 | Test e:  0.8591 
| Epoch   91 | Train e:  0.8570, T l:  0.3383 | Val e:  0.8555 | Test e:  0.8576 
| Epoch   92 | Train e:  0.7972, T l:  0.3371 | Val e:  0.7963 | Test e:  0.7970 
| Epoch   93 | Train e:  0.8576, T l:  0.3419 | Val e:  0.8558 | Test e:  0.8575 
| Epoch   94 | Train e:  0.8551, T l:  0.3455 | Val e:  0.8536 | Test e:  0.8560 
| Epoch   95 | Train e:  0.8502, T l:  0.3445 | Val e:  0.8486 | Test e:  0.8519 
| Epoch   96 | Train e:  0.8523, T l:  0.3450 | Val e:  0.8504 | Test e:  0.8525 
| Epoch   97 | Train e:  0.8455, T l:  0.3476 | Val e:  0.8444 | Test e:  0.8471 
| Epoch   98 | Train e:  0.8520, T l:  0.3473 | Val e:  0.8508 | Test e:  0.8534 
| Epoch   99 | Train e:  0.8540, T l:  0.3485 | Val e:  0.8527 | Test e:  0.8554 
