

===============================================
2022-12-25 01:38:35

parallel_main.py --device 5 --num_rw_steps 7 --dim-pe 16 --tlayer-dropout 0.3 --attn-dropout 0.3 --scheduler none --seeds 2022 --num-layers 17

None

baseline: SAT
dataset: PATTERN
use_val_loss: False
use_cpu: False
max_freqs: 16
eigvec_norm: L2
num_rw_steps: 7
num_classes: 2
epochs: 100
scheduler: none
warmup: 5
batch_size: 32
lr: 0.0003
weight_decay: 1e-05
num_workers: 0
clustering: False
masked_attention: True
gconv_dim: 64
dim_pe: 16
tlayer_dim: 64
gconv_dropout: 0
attn_dropout: 0.3
tlayer_dropout: 0.3
classifier_head_dropout: 0.0
num_layers: 17
num_heads: 4
skip_connection: short
seeds: 2022
device: 5
save_state: False



| Epoch    0 | Train e:  0.8583, T l:  0.4028 | Val e:  0.8566 | Test e:  0.8591 
| Epoch    1 | Train e:  0.8589, T l:  0.3424 | Val e:  0.8579 | Test e:  0.8593 
| Epoch    2 | Train e:  0.8557, T l:  0.3322 | Val e:  0.8561 | Test e:  0.8560 
| Epoch    3 | Train e:  0.8583, T l:  0.3312 | Val e:  0.8572 | Test e:  0.8591 
| Epoch    4 | Train e:  0.8602, T l:  0.3295 | Val e:  0.8593 | Test e:  0.8607 
| Epoch    5 | Train e:  0.8610, T l:  0.3272 | Val e:  0.8604 | Test e:  0.8620 
| Epoch    6 | Train e:  0.8597, T l:  0.3258 | Val e:  0.8589 | Test e:  0.8608 
| Epoch    7 | Train e:  0.8604, T l:  0.3257 | Val e:  0.8599 | Test e:  0.8619 
| Epoch    8 | Train e:  0.8569, T l:  0.3260 | Val e:  0.8558 | Test e:  0.8578 
| Epoch    9 | Train e:  0.8538, T l:  0.3285 | Val e:  0.8540 | Test e:  0.8545 
| Epoch   10 | Train e:  0.8601, T l:  0.3283 | Val e:  0.8595 | Test e:  0.8607 
| Epoch   11 | Train e:  0.8607, T l:  0.3259 | Val e:  0.8602 | Test e:  0.8614 
| Epoch   12 | Train e:  0.8519, T l:  0.3279 | Val e:  0.8513 | Test e:  0.8524 
| Epoch   13 | Train e:  0.8542, T l:  0.3265 | Val e:  0.8537 | Test e:  0.8549 
| Epoch   14 | Train e:  0.8497, T l:  0.3283 | Val e:  0.8486 | Test e:  0.8501 
| Epoch   15 | Train e:  0.8548, T l:  0.3298 | Val e:  0.8541 | Test e:  0.8555 
| Epoch   16 | Train e:  0.8557, T l:  0.3298 | Val e:  0.8550 | Test e:  0.8564 
| Epoch   17 | Train e:  0.8570, T l:  0.3282 | Val e:  0.8565 | Test e:  0.8580 
| Epoch   18 | Train e:  0.8490, T l:  0.3295 | Val e:  0.8482 | Test e:  0.8495 
| Epoch   19 | Train e:  0.8547, T l:  0.3286 | Val e:  0.8539 | Test e:  0.8552 
| Epoch   20 | Train e:  0.8499, T l:  0.3286 | Val e:  0.8494 | Test e:  0.8507 
| Epoch   21 | Train e:  0.8315, T l:  0.3279 | Val e:  0.8304 | Test e:  0.8314 
| Epoch   22 | Train e:  0.8421, T l:  0.3265 | Val e:  0.8417 | Test e:  0.8419 
| Epoch   23 | Train e:  0.8490, T l:  0.3266 | Val e:  0.8488 | Test e:  0.8492 
| Epoch   24 | Train e:  0.8379, T l:  0.3258 | Val e:  0.8377 | Test e:  0.8378 
| Epoch   25 | Train e:  0.8507, T l:  0.3261 | Val e:  0.8498 | Test e:  0.8508 
| Epoch   26 | Train e:  0.8594, T l:  0.3249 | Val e:  0.8593 | Test e:  0.8607 
| Epoch   27 | Train e:  0.8589, T l:  0.3252 | Val e:  0.8581 | Test e:  0.8599 
| Epoch   28 | Train e:  0.8613, T l:  0.3237 | Val e:  0.8605 | Test e:  0.8618 
| Epoch   29 | Train e:  0.8341, T l:  0.3239 | Val e:  0.8328 | Test e:  0.8342 
| Epoch   30 | Train e:  0.8261, T l:  0.3242 | Val e:  0.8251 | Test e:  0.8260 
| Epoch   31 | Train e:  0.8466, T l:  0.3233 | Val e:  0.8465 | Test e:  0.8466 
| Epoch   32 | Train e:  0.8506, T l:  0.3253 | Val e:  0.8501 | Test e:  0.8516 
| Epoch   33 | Train e:  0.8590, T l:  0.3256 | Val e:  0.8586 | Test e:  0.8601 
| Epoch   34 | Train e:  0.8482, T l:  0.3242 | Val e:  0.8473 | Test e:  0.8485 
| Epoch   35 | Train e:  0.8497, T l:  0.3240 | Val e:  0.8494 | Test e:  0.8502 
| Epoch   36 | Train e:  0.8584, T l:  0.3233 | Val e:  0.8582 | Test e:  0.8588 
| Epoch   37 | Train e:  0.8542, T l:  0.3236 | Val e:  0.8537 | Test e:  0.8550 
| Epoch   38 | Train e:  0.8399, T l:  0.3263 | Val e:  0.8387 | Test e:  0.8404 
| Epoch   39 | Train e:  0.8467, T l:  0.3258 | Val e:  0.8462 | Test e:  0.8472 
| Epoch   40 | Train e:  0.8454, T l:  0.3267 | Val e:  0.8448 | Test e:  0.8458 
| Epoch   41 | Train e:  0.8572, T l:  0.3260 | Val e:  0.8566 | Test e:  0.8582 
| Epoch   42 | Train e:  0.8561, T l:  0.3262 | Val e:  0.8560 | Test e:  0.8576 
| Epoch   43 | Train e:  0.8518, T l:  0.3257 | Val e:  0.8515 | Test e:  0.8529 
| Epoch   44 | Train e:  0.8579, T l:  0.3270 | Val e:  0.8575 | Test e:  0.8593 
| Epoch   45 | Train e:  0.8495, T l:  0.3271 | Val e:  0.8492 | Test e:  0.8503 
| Epoch   46 | Train e:  0.8484, T l:  0.3265 | Val e:  0.8480 | Test e:  0.8489 
| Epoch   47 | Train e:  0.8502, T l:  0.3269 | Val e:  0.8498 | Test e:  0.8510 
| Epoch   48 | Train e:  0.8546, T l:  0.3274 | Val e:  0.8545 | Test e:  0.8561 
| Epoch   49 | Train e:  0.8411, T l:  0.3273 | Val e:  0.8401 | Test e:  0.8403 
| Epoch   50 | Train e:  0.8541, T l:  0.3270 | Val e:  0.8538 | Test e:  0.8551 
| Epoch   51 | Train e:  0.8424, T l:  0.3280 | Val e:  0.8403 | Test e:  0.8425 
| Epoch   52 | Train e:  0.8548, T l:  0.3277 | Val e:  0.8544 | Test e:  0.8560 
| Epoch   53 | Train e:  0.8364, T l:  0.3274 | Val e:  0.8358 | Test e:  0.8366 
| Epoch   54 | Train e:  0.8540, T l:  0.3276 | Val e:  0.8535 | Test e:  0.8551 
| Epoch   55 | Train e:  0.8526, T l:  0.3271 | Val e:  0.8520 | Test e:  0.8536 
| Epoch   56 | Train e:  0.8516, T l:  0.3273 | Val e:  0.8513 | Test e:  0.8531 
| Epoch   57 | Train e:  0.8564, T l:  0.3276 | Val e:  0.8563 | Test e:  0.8573 
| Epoch   58 | Train e:  0.8550, T l:  0.3270 | Val e:  0.8553 | Test e:  0.8561 
| Epoch   59 | Train e:  0.8484, T l:  0.3266 | Val e:  0.8478 | Test e:  0.8491 
| Epoch   60 | Train e:  0.8549, T l:  0.3278 | Val e:  0.8545 | Test e:  0.8563 
| Epoch   61 | Train e:  0.8540, T l:  0.3273 | Val e:  0.8537 | Test e:  0.8556 
| Epoch   62 | Train e:  0.8556, T l:  0.3281 | Val e:  0.8551 | Test e:  0.8569 
| Epoch   63 | Train e:  0.8530, T l:  0.3276 | Val e:  0.8523 | Test e:  0.8539 
| Epoch   64 | Train e:  0.8527, T l:  0.3279 | Val e:  0.8523 | Test e:  0.8542 
| Epoch   65 | Train e:  0.8534, T l:  0.3281 | Val e:  0.8530 | Test e:  0.8556 
| Epoch   66 | Train e:  0.8546, T l:  0.3284 | Val e:  0.8543 | Test e:  0.8555 
| Epoch   67 | Train e:  0.8521, T l:  0.3281 | Val e:  0.8514 | Test e:  0.8527 
| Epoch   68 | Train e:  0.8552, T l:  0.3279 | Val e:  0.8543 | Test e:  0.8558 
| Epoch   69 | Train e:  0.8554, T l:  0.3276 | Val e:  0.8549 | Test e:  0.8569 
| Epoch   70 | Train e:  0.8546, T l:  0.3278 | Val e:  0.8535 | Test e:  0.8552 
| Epoch   71 | Train e:  0.8554, T l:  0.3279 | Val e:  0.8546 | Test e:  0.8566 
| Epoch   72 | Train e:  0.8518, T l:  0.3278 | Val e:  0.8512 | Test e:  0.8531 
| Epoch   73 | Train e:  0.8551, T l:  0.3277 | Val e:  0.8546 | Test e:  0.8565 
| Epoch   74 | Train e:  0.8556, T l:  0.3277 | Val e:  0.8550 | Test e:  0.8572 
| Epoch   75 | Train e:  0.8544, T l:  0.3276 | Val e:  0.8539 | Test e:  0.8558 
| Epoch   76 | Train e:  0.8558, T l:  0.3275 | Val e:  0.8548 | Test e:  0.8568 
| Epoch   77 | Train e:  0.8540, T l:  0.3278 | Val e:  0.8533 | Test e:  0.8548 
| Epoch   78 | Train e:  0.8555, T l:  0.3278 | Val e:  0.8551 | Test e:  0.8567 
| Epoch   79 | Train e:  0.8558, T l:  0.3276 | Val e:  0.8553 | Test e:  0.8570 
| Epoch   80 | Train e:  0.8557, T l:  0.3274 | Val e:  0.8552 | Test e:  0.8569 
| Epoch   81 | Train e:  0.8556, T l:  0.3275 | Val e:  0.8553 | Test e:  0.8571 
| Epoch   82 | Train e:  0.8556, T l:  0.3275 | Val e:  0.8547 | Test e:  0.8566 
| Epoch   83 | Train e:  0.8559, T l:  0.3274 | Val e:  0.8556 | Test e:  0.8574 
| Epoch   84 | Train e:  0.8560, T l:  0.3275 | Val e:  0.8556 | Test e:  0.8573 
| Epoch   85 | Train e:  0.8557, T l:  0.3270 | Val e:  0.8552 | Test e:  0.8568 
| Epoch   86 | Train e:  0.8556, T l:  0.3277 | Val e:  0.8552 | Test e:  0.8569 
| Epoch   87 | Train e:  0.8559, T l:  0.3274 | Val e:  0.8558 | Test e:  0.8573 
| Epoch   88 | Train e:  0.8557, T l:  0.3274 | Val e:  0.8554 | Test e:  0.8570 
| Epoch   89 | Train e:  0.8556, T l:  0.3271 | Val e:  0.8550 | Test e:  0.8565 
| Epoch   90 | Train e:  0.8564, T l:  0.3275 | Val e:  0.8555 | Test e:  0.8572 
| Epoch   91 | Train e:  0.8559, T l:  0.3272 | Val e:  0.8557 | Test e:  0.8566 
| Epoch   92 | Train e:  0.8553, T l:  0.3273 | Val e:  0.8548 | Test e:  0.8561 
| Epoch   93 | Train e:  0.8560, T l:  0.3271 | Val e:  0.8557 | Test e:  0.8573 
| Epoch   94 | Train e:  0.8551, T l:  0.3268 | Val e:  0.8548 | Test e:  0.8563 
| Epoch   95 | Train e:  0.8565, T l:  0.3267 | Val e:  0.8562 | Test e:  0.8576 
| Epoch   96 | Train e:  0.8559, T l:  0.3269 | Val e:  0.8559 | Test e:  0.8571 
| Epoch   97 | Train e:  0.8568, T l:  0.3268 | Val e:  0.8563 | Test e:  0.8580 
| Epoch   98 | Train e:  0.8565, T l:  0.3267 | Val e:  0.8561 | Test e:  0.8580 
| Epoch   99 | Train e:  0.8566, T l:  0.3268 | Val e:  0.8563 | Test e:  0.8578 
