

===============================================
2022-12-18 12:22:56

GNNT_main.py --device 0 --num_rw_steps 7 --dim-pe 16 --tlayer-dropout 0.3 --attn-dropout 0.3 --scheduler none --seeds 2022 --num-layers 17

None

baseline: SAT
dataset: PATTERN
use_val_loss: False
use_cpu: False
max_freqs: 16
eigvec_norm: L2
num_rw_steps: 7
num_classes: 2
epochs: 100
scheduler: none
warmup: 5
batch_size: 32
lr: 0.0003
weight_decay: 1e-05
num_workers: 0
clustering: False
masked_attention: True
gconv_dim: 64
dim_pe: 16
tlayer_dim: 64
gconv_dropout: 0
attn_dropout: 0.3
tlayer_dropout: 0.3
classifier_head_dropout: 0.0
num_layers: 17
num_heads: 4
skip_connection: short
seeds: 2022
device: 0
save_state: False



| Epoch    0 | Train e:  0.8593, T l:  0.6219 | Val e:  0.8581 | Test e:  0.8592 
| Epoch    1 | Train e:  0.8530, T l:  0.4038 | Val e:  0.8526 | Test e:  0.8535 
| Epoch    2 | Train e:  0.8603, T l:  0.3858 | Val e:  0.8589 | Test e:  0.8604 
| Epoch    3 | Train e:  0.8576, T l:  0.3721 | Val e:  0.8569 | Test e:  0.8585 
| Epoch    4 | Train e:  0.8585, T l:  0.3572 | Val e:  0.8568 | Test e:  0.8588 
| Epoch    5 | Train e:  0.8569, T l:  0.3492 | Val e:  0.8562 | Test e:  0.8578 
| Epoch    6 | Train e:  0.8581, T l:  0.3508 | Val e:  0.8571 | Test e:  0.8590 
| Epoch    7 | Train e:  0.8533, T l:  0.3530 | Val e:  0.8524 | Test e:  0.8539 
| Epoch    8 | Train e:  0.8557, T l:  0.3567 | Val e:  0.8547 | Test e:  0.8554 
| Epoch    9 | Train e:  0.8573, T l:  0.3509 | Val e:  0.8557 | Test e:  0.8577 
| Epoch   10 | Train e:  0.8476, T l:  0.3478 | Val e:  0.8470 | Test e:  0.8478 
| Epoch   11 | Train e:  0.8430, T l:  0.3688 | Val e:  0.8426 | Test e:  0.8432 
| Epoch   12 | Train e:  0.8479, T l:  0.3731 | Val e:  0.8480 | Test e:  0.8482 
| Epoch   13 | Train e:  0.8482, T l:  0.3713 | Val e:  0.8466 | Test e:  0.8493 
| Epoch   14 | Train e:  0.8556, T l:  0.3623 | Val e:  0.8541 | Test e:  0.8564 
| Epoch   15 | Train e:  0.8556, T l:  0.3554 | Val e:  0.8550 | Test e:  0.8562 
| Epoch   16 | Train e:  0.8558, T l:  0.3499 | Val e:  0.8562 | Test e:  0.8565 
| Epoch   17 | Train e:  0.8554, T l:  0.3480 | Val e:  0.8548 | Test e:  0.8561 
| Epoch   18 | Train e:  0.8563, T l:  0.3480 | Val e:  0.8555 | Test e:  0.8570 
| Epoch   19 | Train e:  0.8567, T l:  0.3478 | Val e:  0.8561 | Test e:  0.8578 
| Epoch   20 | Train e:  0.8559, T l:  0.3498 | Val e:  0.8551 | Test e:  0.8564 
| Epoch   21 | Train e:  0.8557, T l:  0.3517 | Val e:  0.8544 | Test e:  0.8568 
| Epoch   22 | Train e:  0.8465, T l:  0.3614 | Val e:  0.8466 | Test e:  0.8479 
| Epoch   23 | Train e:  0.8542, T l:  0.3622 | Val e:  0.8530 | Test e:  0.8553 
| Epoch   24 | Train e:  0.8554, T l:  0.3639 | Val e:  0.8545 | Test e:  0.8569 
| Epoch   25 | Train e:  0.8499, T l:  0.3603 | Val e:  0.8492 | Test e:  0.8516 
| Epoch   26 | Train e:  0.8523, T l:  0.3572 | Val e:  0.8516 | Test e:  0.8535 
| Epoch   27 | Train e:  0.8487, T l:  0.3592 | Val e:  0.8485 | Test e:  0.8500 
| Epoch   28 | Train e:  0.8523, T l:  0.3652 | Val e:  0.8525 | Test e:  0.8529 
| Epoch   29 | Train e:  0.8516, T l:  0.3706 | Val e:  0.8509 | Test e:  0.8510 
| Epoch   30 | Train e:  0.8568, T l:  0.3660 | Val e:  0.8562 | Test e:  0.8580 
| Epoch   31 | Train e:  0.8561, T l:  0.3618 | Val e:  0.8552 | Test e:  0.8565 
| Epoch   32 | Train e:  0.8576, T l:  0.3570 | Val e:  0.8562 | Test e:  0.8583 
| Epoch   33 | Train e:  0.8553, T l:  0.3593 | Val e:  0.8551 | Test e:  0.8560 
| Epoch   34 | Train e:  0.8570, T l:  0.3564 | Val e:  0.8563 | Test e:  0.8579 
| Epoch   35 | Train e:  0.8568, T l:  0.3499 | Val e:  0.8566 | Test e:  0.8579 
| Epoch   36 | Train e:  0.8566, T l:  0.3533 | Val e:  0.8560 | Test e:  0.8580 
| Epoch   37 | Train e:  0.8581, T l:  0.3492 | Val e:  0.8569 | Test e:  0.8593 
| Epoch   38 | Train e:  0.8499, T l:  0.3460 | Val e:  0.8496 | Test e:  0.8502 
| Epoch   39 | Train e:  0.8546, T l:  0.3499 | Val e:  0.8549 | Test e:  0.8558 
| Epoch   40 | Train e:  0.8554, T l:  0.3493 | Val e:  0.8546 | Test e:  0.8569 
| Epoch   41 | Train e:  0.8549, T l:  0.3498 | Val e:  0.8543 | Test e:  0.8557 
| Epoch   42 | Train e:  0.8553, T l:  0.3624 | Val e:  0.8553 | Test e:  0.8565 
| Epoch   43 | Train e:  0.8582, T l:  0.3553 | Val e:  0.8575 | Test e:  0.8594 
| Epoch   44 | Train e:  0.8587, T l:  0.3509 | Val e:  0.8582 | Test e:  0.8597 
| Epoch   45 | Train e:  0.8591, T l:  0.3468 | Val e:  0.8586 | Test e:  0.8602 
| Epoch   46 | Train e:  0.8554, T l:  0.3427 | Val e:  0.8539 | Test e:  0.8553 
| Epoch   47 | Train e:  0.8600, T l:  0.3409 | Val e:  0.8593 | Test e:  0.8608 
| Epoch   48 | Train e:  0.8588, T l:  0.3377 | Val e:  0.8583 | Test e:  0.8595 
| Epoch   49 | Train e:  0.8598, T l:  0.3353 | Val e:  0.8595 | Test e:  0.8606 
| Epoch   50 | Train e:  0.8593, T l:  0.3328 | Val e:  0.8581 | Test e:  0.8597 
| Epoch   51 | Train e:  0.8604, T l:  0.3308 | Val e:  0.8595 | Test e:  0.8607 
| Epoch   52 | Train e:  0.8603, T l:  0.3290 | Val e:  0.8600 | Test e:  0.8611 
| Epoch   53 | Train e:  0.8599, T l:  0.3284 | Val e:  0.8597 | Test e:  0.8607 
| Epoch   54 | Train e:  0.8610, T l:  0.3271 | Val e:  0.8606 | Test e:  0.8612 
| Epoch   55 | Train e:  0.8615, T l:  0.3263 | Val e:  0.8604 | Test e:  0.8618 
| Epoch   56 | Train e:  0.8612, T l:  0.3251 | Val e:  0.8597 | Test e:  0.8616 
| Epoch   57 | Train e:  0.8622, T l:  0.3246 | Val e:  0.8611 | Test e:  0.8624 
| Epoch   58 | Train e:  0.8619, T l:  0.3231 | Val e:  0.8606 | Test e:  0.8623 
| Epoch   59 | Train e:  0.8613, T l:  0.3227 | Val e:  0.8602 | Test e:  0.8621 
| Epoch   60 | Train e:  0.8618, T l:  0.3223 | Val e:  0.8611 | Test e:  0.8614 
| Epoch   61 | Train e:  0.8621, T l:  0.3220 | Val e:  0.8613 | Test e:  0.8619 
| Epoch   62 | Train e:  0.8625, T l:  0.3216 | Val e:  0.8617 | Test e:  0.8629 
| Epoch   63 | Train e:  0.8625, T l:  0.3212 | Val e:  0.8614 | Test e:  0.8623 
| Epoch   64 | Train e:  0.8620, T l:  0.3205 | Val e:  0.8609 | Test e:  0.8621 
| Epoch   65 | Train e:  0.8620, T l:  0.3203 | Val e:  0.8608 | Test e:  0.8616 
| Epoch   66 | Train e:  0.8625, T l:  0.3197 | Val e:  0.8612 | Test e:  0.8624 
| Epoch   67 | Train e:  0.8621, T l:  0.3194 | Val e:  0.8612 | Test e:  0.8628 
| Epoch   68 | Train e:  0.8617, T l:  0.3192 | Val e:  0.8604 | Test e:  0.8620 
| Epoch   69 | Train e:  0.8630, T l:  0.3187 | Val e:  0.8624 | Test e:  0.8631 
| Epoch   70 | Train e:  0.8633, T l:  0.3185 | Val e:  0.8621 | Test e:  0.8633 
| Epoch   71 | Train e:  0.8638, T l:  0.3176 | Val e:  0.8630 | Test e:  0.8635 
| Epoch   72 | Train e:  0.8581, T l:  0.3185 | Val e:  0.8564 | Test e:  0.8590 
| Epoch   73 | Train e:  0.8628, T l:  0.3235 | Val e:  0.8623 | Test e:  0.8632 
| Epoch   74 | Train e:  0.8628, T l:  0.3200 | Val e:  0.8617 | Test e:  0.8631 
| Epoch   75 | Train e:  0.8412, T l:  0.3380 | Val e:  0.8421 | Test e:  0.8410 
| Epoch   76 | Train e:  0.8550, T l:  0.3421 | Val e:  0.8539 | Test e:  0.8556 
| Epoch   77 | Train e:  0.8581, T l:  0.3381 | Val e:  0.8575 | Test e:  0.8584 
| Epoch   78 | Train e:  0.8590, T l:  0.3384 | Val e:  0.8580 | Test e:  0.8603 
| Epoch   79 | Train e:  0.8583, T l:  0.3394 | Val e:  0.8575 | Test e:  0.8584 
| Epoch   80 | Train e:  0.8591, T l:  0.3421 | Val e:  0.8582 | Test e:  0.8595 
| Epoch   81 | Train e:  0.8554, T l:  0.3430 | Val e:  0.8546 | Test e:  0.8549 
| Epoch   82 | Train e:  0.8547, T l:  0.3439 | Val e:  0.8537 | Test e:  0.8558 
| Epoch   83 | Train e:  0.8472, T l:  0.3457 | Val e:  0.8456 | Test e:  0.8482 
| Epoch   84 | Train e:  0.8581, T l:  0.3437 | Val e:  0.8572 | Test e:  0.8591 
| Epoch   85 | Train e:  0.8485, T l:  0.3523 | Val e:  0.8479 | Test e:  0.8494 
| Epoch   86 | Train e:  0.8569, T l:  0.3692 | Val e:  0.8562 | Test e:  0.8587 
| Epoch   87 | Train e:  0.8544, T l:  0.3680 | Val e:  0.8534 | Test e:  0.8548 
| Epoch   88 | Train e:  0.8537, T l:  0.3630 | Val e:  0.8533 | Test e:  0.8549 
| Epoch   89 | Train e:  0.8536, T l:  0.3624 | Val e:  0.8529 | Test e:  0.8547 
| Epoch   90 | Train e:  0.8563, T l:  0.3622 | Val e:  0.8558 | Test e:  0.8570 
| Epoch   91 | Train e:  0.8589, T l:  0.3610 | Val e:  0.8579 | Test e:  0.8596 
| Epoch   92 | Train e:  0.8493, T l:  0.3579 | Val e:  0.8481 | Test e:  0.8496 
| Epoch   93 | Train e:  0.8428, T l:  0.3573 | Val e:  0.8424 | Test e:  0.8434 
| Epoch   94 | Train e:  0.8522, T l:  0.3611 | Val e:  0.8513 | Test e:  0.8528 
| Epoch   95 | Train e:  0.8522, T l:  0.3665 | Val e:  0.8516 | Test e:  0.8535 
| Epoch   96 | Train e:  0.8512, T l:  0.3549 | Val e:  0.8502 | Test e:  0.8529 
| Epoch   97 | Train e:  0.8499, T l:  0.3574 | Val e:  0.8490 | Test e:  0.8514 
| Epoch   98 | Train e:  0.8499, T l:  0.3651 | Val e:  0.8490 | Test e:  0.8492 
| Epoch   99 | Train e:  0.8503, T l:  0.3596 | Val e:  0.8488 | Test e:  0.8516 
