

===============================================
2022-12-18 23:56:19

main.py --device 0 --num_rw_steps 7 --dim-pe 16 --tlayer-dropout 0.3 --attn-dropout 0.3 --scheduler none --seeds 2022 --num-layers 15

None

baseline: SAT
dataset: PATTERN
use_val_loss: False
use_cpu: False
max_freqs: 16
eigvec_norm: L2
num_rw_steps: 7
num_classes: 2
epochs: 100
scheduler: none
warmup: 5
batch_size: 32
lr: 0.0003
weight_decay: 1e-05
num_workers: 0
clustering: False
masked_attention: True
gconv_dim: 64
dim_pe: 16
tlayer_dim: 64
gconv_dropout: 0
attn_dropout: 0.3
tlayer_dropout: 0.3
classifier_head_dropout: 0.0
num_layers: 15
num_heads: 4
skip_connection: short
seeds: 2022
device: 0
save_state: False



| Epoch    0 | Train e:  0.8642, T l:  0.3601 | Val e:  0.8631 | Test e:  0.8650 
| Epoch    1 | Train e:  0.8659, T l:  0.3182 | Val e:  0.8653 | Test e:  0.8666 
| Epoch    2 | Train e:  0.8659, T l:  0.3133 | Val e:  0.8651 | Test e:  0.8665 
| Epoch    3 | Train e:  0.8659, T l:  0.3116 | Val e:  0.8652 | Test e:  0.8660 
| Epoch    4 | Train e:  0.8639, T l:  0.3103 | Val e:  0.8630 | Test e:  0.8646 
| Epoch    5 | Train e:  0.8660, T l:  0.3101 | Val e:  0.8649 | Test e:  0.8663 
| Epoch    6 | Train e:  0.8638, T l:  0.3094 | Val e:  0.8631 | Test e:  0.8645 
| Epoch    7 | Train e:  0.8667, T l:  0.3090 | Val e:  0.8659 | Test e:  0.8677 
| Epoch    8 | Train e:  0.8665, T l:  0.3087 | Val e:  0.8657 | Test e:  0.8671 
| Epoch    9 | Train e:  0.8664, T l:  0.3083 | Val e:  0.8658 | Test e:  0.8673 
| Epoch   10 | Train e:  0.8653, T l:  0.3083 | Val e:  0.8649 | Test e:  0.8663 
| Epoch   11 | Train e:  0.8657, T l:  0.3079 | Val e:  0.8650 | Test e:  0.8662 
| Epoch   12 | Train e:  0.8656, T l:  0.3078 | Val e:  0.8652 | Test e:  0.8659 
| Epoch   13 | Train e:  0.8667, T l:  0.3078 | Val e:  0.8657 | Test e:  0.8672 
| Epoch   14 | Train e:  0.8650, T l:  0.3077 | Val e:  0.8642 | Test e:  0.8657 
| Epoch   15 | Train e:  0.8673, T l:  0.3073 | Val e:  0.8662 | Test e:  0.8682 
| Epoch   16 | Train e:  0.8671, T l:  0.3076 | Val e:  0.8662 | Test e:  0.8678 
| Epoch   17 | Train e:  0.8635, T l:  0.3073 | Val e:  0.8632 | Test e:  0.8640 
| Epoch   18 | Train e:  0.8669, T l:  0.3072 | Val e:  0.8664 | Test e:  0.8675 
| Epoch   19 | Train e:  0.8666, T l:  0.3071 | Val e:  0.8659 | Test e:  0.8676 
| Epoch   20 | Train e:  0.8656, T l:  0.3071 | Val e:  0.8651 | Test e:  0.8659 
| Epoch   21 | Train e:  0.8668, T l:  0.3070 | Val e:  0.8662 | Test e:  0.8673 
| Epoch   22 | Train e:  0.8674, T l:  0.3069 | Val e:  0.8666 | Test e:  0.8683 
| Epoch   23 | Train e:  0.8674, T l:  0.3063 | Val e:  0.8670 | Test e:  0.8677 
| Epoch   24 | Train e:  0.8645, T l:  0.3069 | Val e:  0.8641 | Test e:  0.8654 
| Epoch   25 | Train e:  0.8656, T l:  0.3065 | Val e:  0.8643 | Test e:  0.8662 
| Epoch   26 | Train e:  0.8657, T l:  0.3064 | Val e:  0.8644 | Test e:  0.8662 
| Epoch   27 | Train e:  0.8649, T l:  0.3063 | Val e:  0.8639 | Test e:  0.8658 
| Epoch   28 | Train e:  0.8671, T l:  0.3066 | Val e:  0.8660 | Test e:  0.8675 
| Epoch   29 | Train e:  0.8628, T l:  0.3063 | Val e:  0.8622 | Test e:  0.8639 
| Epoch   30 | Train e:  0.8675, T l:  0.3060 | Val e:  0.8669 | Test e:  0.8674 
| Epoch   31 | Train e:  0.8679, T l:  0.3059 | Val e:  0.8670 | Test e:  0.8682 
| Epoch   32 | Train e:  0.8660, T l:  0.3058 | Val e:  0.8651 | Test e:  0.8670 
| Epoch   33 | Train e:  0.8648, T l:  0.3056 | Val e:  0.8634 | Test e:  0.8652 
| Epoch   34 | Train e:  0.8673, T l:  0.3053 | Val e:  0.8663 | Test e:  0.8678 
| Epoch   35 | Train e:  0.8671, T l:  0.3056 | Val e:  0.8658 | Test e:  0.8672 
| Epoch   36 | Train e:  0.8676, T l:  0.3054 | Val e:  0.8668 | Test e:  0.8677 
| Epoch   37 | Train e:  0.8632, T l:  0.3053 | Val e:  0.8616 | Test e:  0.8636 
| Epoch   38 | Train e:  0.8667, T l:  0.3053 | Val e:  0.8659 | Test e:  0.8672 
| Epoch   39 | Train e:  0.8631, T l:  0.3052 | Val e:  0.8625 | Test e:  0.8638 
| Epoch   40 | Train e:  0.8604, T l:  0.3050 | Val e:  0.8599 | Test e:  0.8610 
| Epoch   41 | Train e:  0.8676, T l:  0.3048 | Val e:  0.8661 | Test e:  0.8680 
| Epoch   42 | Train e:  0.8678, T l:  0.3049 | Val e:  0.8667 | Test e:  0.8686 
| Epoch   43 | Train e:  0.8681, T l:  0.3048 | Val e:  0.8669 | Test e:  0.8680 
| Epoch   44 | Train e:  0.8679, T l:  0.3047 | Val e:  0.8673 | Test e:  0.8682 
| Epoch   45 | Train e:  0.8686, T l:  0.3045 | Val e:  0.8675 | Test e:  0.8684 
| Epoch   46 | Train e:  0.8685, T l:  0.3046 | Val e:  0.8671 | Test e:  0.8691 
| Epoch   47 | Train e:  0.8640, T l:  0.3044 | Val e:  0.8629 | Test e:  0.8641 
| Epoch   48 | Train e:  0.8678, T l:  0.3042 | Val e:  0.8662 | Test e:  0.8677 
| Epoch   49 | Train e:  0.8683, T l:  0.3041 | Val e:  0.8671 | Test e:  0.8682 
| Epoch   50 | Train e:  0.8677, T l:  0.3041 | Val e:  0.8663 | Test e:  0.8683 
| Epoch   51 | Train e:  0.8685, T l:  0.3040 | Val e:  0.8673 | Test e:  0.8690 
| Epoch   52 | Train e:  0.8684, T l:  0.3037 | Val e:  0.8669 | Test e:  0.8686 
| Epoch   53 | Train e:  0.8683, T l:  0.3037 | Val e:  0.8668 | Test e:  0.8689 
| Epoch   54 | Train e:  0.8682, T l:  0.3036 | Val e:  0.8669 | Test e:  0.8680 
| Epoch   55 | Train e:  0.8683, T l:  0.3034 | Val e:  0.8667 | Test e:  0.8684 
| Epoch   56 | Train e:  0.8689, T l:  0.3036 | Val e:  0.8669 | Test e:  0.8683 
| Epoch   57 | Train e:  0.8693, T l:  0.3029 | Val e:  0.8675 | Test e:  0.8692 
| Epoch   58 | Train e:  0.8689, T l:  0.3031 | Val e:  0.8669 | Test e:  0.8683 
| Epoch   59 | Train e:  0.8686, T l:  0.3031 | Val e:  0.8672 | Test e:  0.8680 
| Epoch   60 | Train e:  0.8689, T l:  0.3025 | Val e:  0.8671 | Test e:  0.8686 
| Epoch   61 | Train e:  0.8697, T l:  0.3029 | Val e:  0.8682 | Test e:  0.8694 
| Epoch   62 | Train e:  0.8692, T l:  0.3026 | Val e:  0.8673 | Test e:  0.8692 
| Epoch   63 | Train e:  0.8691, T l:  0.3023 | Val e:  0.8671 | Test e:  0.8692 
| Epoch   64 | Train e:  0.8695, T l:  0.3023 | Val e:  0.8676 | Test e:  0.8688 
| Epoch   65 | Train e:  0.8697, T l:  0.3017 | Val e:  0.8676 | Test e:  0.8696 
| Epoch   66 | Train e:  0.8695, T l:  0.3018 | Val e:  0.8679 | Test e:  0.8689 
| Epoch   67 | Train e:  0.8697, T l:  0.3019 | Val e:  0.8675 | Test e:  0.8690 
| Epoch   68 | Train e:  0.8701, T l:  0.3015 | Val e:  0.8677 | Test e:  0.8690 
| Epoch   69 | Train e:  0.8700, T l:  0.3015 | Val e:  0.8676 | Test e:  0.8695 
| Epoch   70 | Train e:  0.8694, T l:  0.3011 | Val e:  0.8672 | Test e:  0.8688 
| Epoch   71 | Train e:  0.8701, T l:  0.3011 | Val e:  0.8679 | Test e:  0.8692 
| Epoch   72 | Train e:  0.8704, T l:  0.3010 | Val e:  0.8674 | Test e:  0.8697 
| Epoch   73 | Train e:  0.8700, T l:  0.3011 | Val e:  0.8676 | Test e:  0.8691 
| Epoch   74 | Train e:  0.8697, T l:  0.3005 | Val e:  0.8668 | Test e:  0.8685 
| Epoch   75 | Train e:  0.8676, T l:  0.3006 | Val e:  0.8645 | Test e:  0.8664 
| Epoch   76 | Train e:  0.8708, T l:  0.3004 | Val e:  0.8681 | Test e:  0.8697 
| Epoch   77 | Train e:  0.8711, T l:  0.3002 | Val e:  0.8681 | Test e:  0.8697 
| Epoch   78 | Train e:  0.8710, T l:  0.2999 | Val e:  0.8682 | Test e:  0.8694 
| Epoch   79 | Train e:  0.8709, T l:  0.2994 | Val e:  0.8677 | Test e:  0.8694 
| Epoch   80 | Train e:  0.8715, T l:  0.2994 | Val e:  0.8684 | Test e:  0.8698 
| Epoch   81 | Train e:  0.8715, T l:  0.2992 | Val e:  0.8680 | Test e:  0.8697 
| Epoch   82 | Train e:  0.8711, T l:  0.2990 | Val e:  0.8676 | Test e:  0.8693 
| Epoch   83 | Train e:  0.8713, T l:  0.2990 | Val e:  0.8685 | Test e:  0.8693 
| Epoch   84 | Train e:  0.8713, T l:  0.2987 | Val e:  0.8681 | Test e:  0.8693 
| Epoch   85 | Train e:  0.8722, T l:  0.2985 | Val e:  0.8686 | Test e:  0.8702 
| Epoch   86 | Train e:  0.8717, T l:  0.2985 | Val e:  0.8686 | Test e:  0.8698 
| Epoch   87 | Train e:  0.8710, T l:  0.2981 | Val e:  0.8673 | Test e:  0.8692 
| Epoch   88 | Train e:  0.8726, T l:  0.2982 | Val e:  0.8682 | Test e:  0.8700 
| Epoch   89 | Train e:  0.8724, T l:  0.2975 | Val e:  0.8681 | Test e:  0.8698 
| Epoch   90 | Train e:  0.8721, T l:  0.2975 | Val e:  0.8674 | Test e:  0.8693 
| Epoch   91 | Train e:  0.8728, T l:  0.2970 | Val e:  0.8688 | Test e:  0.8700 
| Epoch   92 | Train e:  0.8730, T l:  0.2972 | Val e:  0.8681 | Test e:  0.8699 
| Epoch   93 | Train e:  0.8724, T l:  0.2969 | Val e:  0.8684 | Test e:  0.8695 
| Epoch   94 | Train e:  0.8731, T l:  0.2967 | Val e:  0.8682 | Test e:  0.8699 
| Epoch   95 | Train e:  0.8725, T l:  0.2965 | Val e:  0.8684 | Test e:  0.8696 
| Epoch   96 | Train e:  0.8733, T l:  0.2961 | Val e:  0.8688 | Test e:  0.8697 
| Epoch   97 | Train e:  0.8737, T l:  0.2958 | Val e:  0.8685 | Test e:  0.8698 
| Epoch   98 | Train e:  0.8735, T l:  0.2957 | Val e:  0.8681 | Test e:  0.8694 
| Epoch   99 | Train e:  0.8732, T l:  0.2952 | Val e:  0.8679 | Test e:  0.8694 
