

===============================================
2022-12-25 03:14:17

parallel_main.py --device 4 --num_rw_steps 7 --dim-pe 16 --tlayer-dropout 0.3 --attn-dropout 0.3 --scheduler none --seeds 2022 --num-layers 18

None

baseline: SAT
dataset: PATTERN
use_val_loss: False
use_cpu: False
max_freqs: 16
eigvec_norm: L2
num_rw_steps: 7
num_classes: 2
epochs: 100
scheduler: none
warmup: 5
batch_size: 32
lr: 0.0003
weight_decay: 1e-05
num_workers: 0
clustering: False
masked_attention: True
gconv_dim: 64
dim_pe: 16
tlayer_dim: 64
gconv_dropout: 0
attn_dropout: 0.3
tlayer_dropout: 0.3
classifier_head_dropout: 0.0
num_layers: 18
num_heads: 4
skip_connection: short
seeds: 2022
device: 4
save_state: False



| Epoch    0 | Train e:  0.8593, T l:  0.4105 | Val e:  0.8582 | Test e:  0.8597 
| Epoch    1 | Train e:  0.8568, T l:  0.3428 | Val e:  0.8561 | Test e:  0.8578 
| Epoch    2 | Train e:  0.8585, T l:  0.3333 | Val e:  0.8581 | Test e:  0.8593 
| Epoch    3 | Train e:  0.8524, T l:  0.3323 | Val e:  0.8522 | Test e:  0.8522 
| Epoch    4 | Train e:  0.8551, T l:  0.3315 | Val e:  0.8545 | Test e:  0.8557 
| Epoch    5 | Train e:  0.8507, T l:  0.3348 | Val e:  0.8501 | Test e:  0.8509 
| Epoch    6 | Train e:  0.8601, T l:  0.3318 | Val e:  0.8599 | Test e:  0.8606 
| Epoch    7 | Train e:  0.8488, T l:  0.3273 | Val e:  0.8477 | Test e:  0.8492 
| Epoch    8 | Train e:  0.8636, T l:  0.3245 | Val e:  0.8638 | Test e:  0.8642 
| Epoch    9 | Train e:  0.8575, T l:  0.3248 | Val e:  0.8574 | Test e:  0.8583 
| Epoch   10 | Train e:  0.8559, T l:  0.3243 | Val e:  0.8546 | Test e:  0.8558 
| Epoch   11 | Train e:  0.8628, T l:  0.3244 | Val e:  0.8618 | Test e:  0.8638 
| Epoch   12 | Train e:  0.8596, T l:  0.3241 | Val e:  0.8600 | Test e:  0.8605 
| Epoch   13 | Train e:  0.8589, T l:  0.3242 | Val e:  0.8588 | Test e:  0.8597 
| Epoch   14 | Train e:  0.8524, T l:  0.3243 | Val e:  0.8516 | Test e:  0.8530 
| Epoch   15 | Train e:  0.8571, T l:  0.3269 | Val e:  0.8561 | Test e:  0.8578 
| Epoch   16 | Train e:  0.8575, T l:  0.3292 | Val e:  0.8566 | Test e:  0.8586 
| Epoch   17 | Train e:  0.8559, T l:  0.3296 | Val e:  0.8555 | Test e:  0.8568 
| Epoch   18 | Train e:  0.8571, T l:  0.3283 | Val e:  0.8567 | Test e:  0.8582 
| Epoch   19 | Train e:  0.8566, T l:  0.3279 | Val e:  0.8561 | Test e:  0.8574 
| Epoch   20 | Train e:  0.8488, T l:  0.3282 | Val e:  0.8478 | Test e:  0.8491 
| Epoch   21 | Train e:  0.8467, T l:  0.3292 | Val e:  0.8458 | Test e:  0.8474 
| Epoch   22 | Train e:  0.8544, T l:  0.3285 | Val e:  0.8535 | Test e:  0.8551 
| Epoch   23 | Train e:  0.8526, T l:  0.3287 | Val e:  0.8525 | Test e:  0.8531 
| Epoch   24 | Train e:  0.8463, T l:  0.3276 | Val e:  0.8455 | Test e:  0.8469 
| Epoch   25 | Train e:  0.8574, T l:  0.3286 | Val e:  0.8570 | Test e:  0.8586 
| Epoch   26 | Train e:  0.8555, T l:  0.3275 | Val e:  0.8553 | Test e:  0.8561 
| Epoch   27 | Train e:  0.8459, T l:  0.3269 | Val e:  0.8459 | Test e:  0.8462 
| Epoch   28 | Train e:  0.8498, T l:  0.3263 | Val e:  0.8496 | Test e:  0.8510 
| Epoch   29 | Train e:  0.8460, T l:  0.3260 | Val e:  0.8457 | Test e:  0.8462 
| Epoch   30 | Train e:  0.8470, T l:  0.3263 | Val e:  0.8474 | Test e:  0.8474 
| Epoch   31 | Train e:  0.8581, T l:  0.3256 | Val e:  0.8572 | Test e:  0.8592 
| Epoch   32 | Train e:  0.8304, T l:  0.3258 | Val e:  0.8297 | Test e:  0.8303 
| Epoch   33 | Train e:  0.8521, T l:  0.3257 | Val e:  0.8521 | Test e:  0.8534 
| Epoch   34 | Train e:  0.8537, T l:  0.3252 | Val e:  0.8536 | Test e:  0.8549 
| Epoch   35 | Train e:  0.8541, T l:  0.3262 | Val e:  0.8543 | Test e:  0.8555 
| Epoch   36 | Train e:  0.8342, T l:  0.3257 | Val e:  0.8319 | Test e:  0.8337 
| Epoch   37 | Train e:  0.8475, T l:  0.3263 | Val e:  0.8468 | Test e:  0.8478 
| Epoch   38 | Train e:  0.8545, T l:  0.3256 | Val e:  0.8536 | Test e:  0.8553 
| Epoch   39 | Train e:  0.8546, T l:  0.3255 | Val e:  0.8541 | Test e:  0.8562 
| Epoch   40 | Train e:  0.8012, T l:  0.3264 | Val e:  0.7968 | Test e:  0.8020 
| Epoch   41 | Train e:  0.8433, T l:  0.3273 | Val e:  0.8420 | Test e:  0.8438 
| Epoch   42 | Train e:  0.8559, T l:  0.3268 | Val e:  0.8555 | Test e:  0.8572 
| Epoch   43 | Train e:  0.8519, T l:  0.3263 | Val e:  0.8521 | Test e:  0.8539 
| Epoch   44 | Train e:  0.8499, T l:  0.3277 | Val e:  0.8494 | Test e:  0.8507 
| Epoch   45 | Train e:  0.8412, T l:  0.3274 | Val e:  0.8394 | Test e:  0.8415 
| Epoch   46 | Train e:  0.8536, T l:  0.3279 | Val e:  0.8530 | Test e:  0.8543 
| Epoch   47 | Train e:  0.8552, T l:  0.3285 | Val e:  0.8545 | Test e:  0.8561 
| Epoch   48 | Train e:  0.8554, T l:  0.3280 | Val e:  0.8550 | Test e:  0.8568 
| Epoch   49 | Train e:  0.8526, T l:  0.3285 | Val e:  0.8527 | Test e:  0.8543 
| Epoch   50 | Train e:  0.8516, T l:  0.3278 | Val e:  0.8513 | Test e:  0.8531 
| Epoch   51 | Train e:  0.8552, T l:  0.3274 | Val e:  0.8551 | Test e:  0.8566 
| Epoch   52 | Train e:  0.8449, T l:  0.3278 | Val e:  0.8442 | Test e:  0.8452 
| Epoch   53 | Train e:  0.8515, T l:  0.3280 | Val e:  0.8513 | Test e:  0.8522 
| Epoch   54 | Train e:  0.8540, T l:  0.3290 | Val e:  0.8531 | Test e:  0.8549 
| Epoch   55 | Train e:  0.8547, T l:  0.3292 | Val e:  0.8538 | Test e:  0.8558 
| Epoch   56 | Train e:  0.8549, T l:  0.3293 | Val e:  0.8540 | Test e:  0.8562 
| Epoch   57 | Train e:  0.8552, T l:  0.3290 | Val e:  0.8548 | Test e:  0.8561 
| Epoch   58 | Train e:  0.8481, T l:  0.3283 | Val e:  0.8482 | Test e:  0.8492 
| Epoch   59 | Train e:  0.8551, T l:  0.3287 | Val e:  0.8544 | Test e:  0.8568 
| Epoch   60 | Train e:  0.8547, T l:  0.3286 | Val e:  0.8538 | Test e:  0.8561 
| Epoch   61 | Train e:  0.8527, T l:  0.3287 | Val e:  0.8520 | Test e:  0.8537 
| Epoch   62 | Train e:  0.8557, T l:  0.3284 | Val e:  0.8554 | Test e:  0.8572 
| Epoch   63 | Train e:  0.8532, T l:  0.3283 | Val e:  0.8531 | Test e:  0.8540 
| Epoch   64 | Train e:  0.8552, T l:  0.3283 | Val e:  0.8552 | Test e:  0.8566 
| Epoch   65 | Train e:  0.8539, T l:  0.3288 | Val e:  0.8530 | Test e:  0.8548 
| Epoch   66 | Train e:  0.8555, T l:  0.3289 | Val e:  0.8548 | Test e:  0.8569 
| Epoch   67 | Train e:  0.8552, T l:  0.3288 | Val e:  0.8546 | Test e:  0.8564 
| Epoch   68 | Train e:  0.8557, T l:  0.3288 | Val e:  0.8552 | Test e:  0.8570 
| Epoch   69 | Train e:  0.8551, T l:  0.3284 | Val e:  0.8544 | Test e:  0.8565 
| Epoch   70 | Train e:  0.8554, T l:  0.3286 | Val e:  0.8546 | Test e:  0.8565 
| Epoch   71 | Train e:  0.8554, T l:  0.3285 | Val e:  0.8549 | Test e:  0.8567 
| Epoch   72 | Train e:  0.8556, T l:  0.3284 | Val e:  0.8548 | Test e:  0.8571 
| Epoch   73 | Train e:  0.8556, T l:  0.3289 | Val e:  0.8549 | Test e:  0.8571 
| Epoch   74 | Train e:  0.8547, T l:  0.3285 | Val e:  0.8542 | Test e:  0.8555 
| Epoch   75 | Train e:  0.8557, T l:  0.3282 | Val e:  0.8551 | Test e:  0.8570 
| Epoch   76 | Train e:  0.8555, T l:  0.3284 | Val e:  0.8544 | Test e:  0.8565 
| Epoch   77 | Train e:  0.8555, T l:  0.3282 | Val e:  0.8546 | Test e:  0.8568 
| Epoch   78 | Train e:  0.8553, T l:  0.3281 | Val e:  0.8549 | Test e:  0.8563 
| Epoch   79 | Train e:  0.8559, T l:  0.3280 | Val e:  0.8550 | Test e:  0.8570 
| Epoch   80 | Train e:  0.8555, T l:  0.3279 | Val e:  0.8548 | Test e:  0.8566 
| Epoch   81 | Train e:  0.8549, T l:  0.3281 | Val e:  0.8541 | Test e:  0.8562 
| Epoch   82 | Train e:  0.8556, T l:  0.3281 | Val e:  0.8551 | Test e:  0.8569 
| Epoch   83 | Train e:  0.8559, T l:  0.3283 | Val e:  0.8554 | Test e:  0.8578 
| Epoch   84 | Train e:  0.8556, T l:  0.3280 | Val e:  0.8551 | Test e:  0.8567 
| Epoch   85 | Train e:  0.8553, T l:  0.3277 | Val e:  0.8544 | Test e:  0.8558 
| Epoch   86 | Train e:  0.8560, T l:  0.3278 | Val e:  0.8558 | Test e:  0.8571 
| Epoch   87 | Train e:  0.8559, T l:  0.3276 | Val e:  0.8554 | Test e:  0.8573 
| Epoch   88 | Train e:  0.8563, T l:  0.3278 | Val e:  0.8558 | Test e:  0.8574 
| Epoch   89 | Train e:  0.8563, T l:  0.3279 | Val e:  0.8557 | Test e:  0.8572 
| Epoch   90 | Train e:  0.8561, T l:  0.3280 | Val e:  0.8561 | Test e:  0.8574 
| Epoch   91 | Train e:  0.8558, T l:  0.3275 | Val e:  0.8553 | Test e:  0.8566 
| Epoch   92 | Train e:  0.8560, T l:  0.3276 | Val e:  0.8556 | Test e:  0.8572 
| Epoch   93 | Train e:  0.8565, T l:  0.3272 | Val e:  0.8561 | Test e:  0.8576 
| Epoch   94 | Train e:  0.8563, T l:  0.3273 | Val e:  0.8562 | Test e:  0.8576 
| Epoch   95 | Train e:  0.8563, T l:  0.3272 | Val e:  0.8557 | Test e:  0.8575 
| Epoch   96 | Train e:  0.8563, T l:  0.3273 | Val e:  0.8559 | Test e:  0.8573 
| Epoch   97 | Train e:  0.8567, T l:  0.3274 | Val e:  0.8561 | Test e:  0.8578 
| Epoch   98 | Train e:  0.8568, T l:  0.3270 | Val e:  0.8565 | Test e:  0.8582 
| Epoch   99 | Train e:  0.8567, T l:  0.3270 | Val e:  0.8566 | Test e:  0.8579 
