

===============================================
2022-12-19 07:24:57

main.py --device 1 --num_rw_steps 7 --dim-pe 16 --tlayer-dropout 0.3 --attn-dropout 0.3 --scheduler none --seeds 2022 --num-layers 20

None

baseline: SAT
dataset: PATTERN
use_val_loss: False
use_cpu: False
max_freqs: 16
eigvec_norm: L2
num_rw_steps: 7
num_classes: 2
epochs: 100
scheduler: none
warmup: 5
batch_size: 32
lr: 0.0003
weight_decay: 1e-05
num_workers: 0
clustering: False
masked_attention: True
gconv_dim: 64
dim_pe: 16
tlayer_dim: 64
gconv_dropout: 0
attn_dropout: 0.3
tlayer_dropout: 0.3
classifier_head_dropout: 0.0
num_layers: 20
num_heads: 4
skip_connection: short
seeds: 2022
device: 1
save_state: False



| Epoch    0 | Train e:  0.8605, T l:  0.3627 | Val e:  0.8593 | Test e:  0.8611 
| Epoch    1 | Train e:  0.8644, T l:  0.3187 | Val e:  0.8632 | Test e:  0.8650 
| Epoch    2 | Train e:  0.8642, T l:  0.3136 | Val e:  0.8636 | Test e:  0.8651 
| Epoch    3 | Train e:  0.8665, T l:  0.3117 | Val e:  0.8661 | Test e:  0.8674 
| Epoch    4 | Train e:  0.8651, T l:  0.3105 | Val e:  0.8644 | Test e:  0.8654 
| Epoch    5 | Train e:  0.8658, T l:  0.3099 | Val e:  0.8651 | Test e:  0.8660 
| Epoch    6 | Train e:  0.8642, T l:  0.3094 | Val e:  0.8636 | Test e:  0.8653 
| Epoch    7 | Train e:  0.8668, T l:  0.3088 | Val e:  0.8660 | Test e:  0.8676 
| Epoch    8 | Train e:  0.8656, T l:  0.3091 | Val e:  0.8647 | Test e:  0.8662 
| Epoch    9 | Train e:  0.8663, T l:  0.3089 | Val e:  0.8658 | Test e:  0.8668 
| Epoch   10 | Train e:  0.8648, T l:  0.3082 | Val e:  0.8640 | Test e:  0.8656 
| Epoch   11 | Train e:  0.8661, T l:  0.3081 | Val e:  0.8655 | Test e:  0.8673 
| Epoch   12 | Train e:  0.8673, T l:  0.3080 | Val e:  0.8669 | Test e:  0.8680 
| Epoch   13 | Train e:  0.8588, T l:  0.3076 | Val e:  0.8590 | Test e:  0.8605 
| Epoch   14 | Train e:  0.8669, T l:  0.3077 | Val e:  0.8663 | Test e:  0.8677 
| Epoch   15 | Train e:  0.8667, T l:  0.3075 | Val e:  0.8660 | Test e:  0.8674 
| Epoch   16 | Train e:  0.8666, T l:  0.3077 | Val e:  0.8657 | Test e:  0.8671 
| Epoch   17 | Train e:  0.8632, T l:  0.3074 | Val e:  0.8620 | Test e:  0.8636 
| Epoch   18 | Train e:  0.8673, T l:  0.3071 | Val e:  0.8666 | Test e:  0.8680 
| Epoch   19 | Train e:  0.8659, T l:  0.3070 | Val e:  0.8650 | Test e:  0.8662 
| Epoch   20 | Train e:  0.8663, T l:  0.3072 | Val e:  0.8654 | Test e:  0.8665 
| Epoch   21 | Train e:  0.8670, T l:  0.3067 | Val e:  0.8664 | Test e:  0.8677 
| Epoch   22 | Train e:  0.8672, T l:  0.3069 | Val e:  0.8664 | Test e:  0.8676 
| Epoch   23 | Train e:  0.8671, T l:  0.3069 | Val e:  0.8660 | Test e:  0.8672 
| Epoch   24 | Train e:  0.8676, T l:  0.3066 | Val e:  0.8665 | Test e:  0.8678 
| Epoch   25 | Train e:  0.8671, T l:  0.3064 | Val e:  0.8665 | Test e:  0.8672 
| Epoch   26 | Train e:  0.8674, T l:  0.3065 | Val e:  0.8666 | Test e:  0.8680 
| Epoch   27 | Train e:  0.8669, T l:  0.3064 | Val e:  0.8663 | Test e:  0.8675 
| Epoch   28 | Train e:  0.8673, T l:  0.3065 | Val e:  0.8665 | Test e:  0.8673 
| Epoch   29 | Train e:  0.8674, T l:  0.3063 | Val e:  0.8664 | Test e:  0.8677 
| Epoch   30 | Train e:  0.8670, T l:  0.3059 | Val e:  0.8658 | Test e:  0.8671 
| Epoch   31 | Train e:  0.8663, T l:  0.3061 | Val e:  0.8655 | Test e:  0.8667 
| Epoch   32 | Train e:  0.8674, T l:  0.3057 | Val e:  0.8665 | Test e:  0.8677 
| Epoch   33 | Train e:  0.8680, T l:  0.3057 | Val e:  0.8671 | Test e:  0.8685 
| Epoch   34 | Train e:  0.8676, T l:  0.3055 | Val e:  0.8668 | Test e:  0.8678 
| Epoch   35 | Train e:  0.8676, T l:  0.3056 | Val e:  0.8665 | Test e:  0.8679 
| Epoch   36 | Train e:  0.8680, T l:  0.3054 | Val e:  0.8670 | Test e:  0.8685 
| Epoch   37 | Train e:  0.8670, T l:  0.3053 | Val e:  0.8661 | Test e:  0.8677 
| Epoch   38 | Train e:  0.8675, T l:  0.3051 | Val e:  0.8666 | Test e:  0.8677 
| Epoch   39 | Train e:  0.8677, T l:  0.3052 | Val e:  0.8665 | Test e:  0.8682 
| Epoch   40 | Train e:  0.8671, T l:  0.3048 | Val e:  0.8657 | Test e:  0.8673 
| Epoch   41 | Train e:  0.8685, T l:  0.3051 | Val e:  0.8669 | Test e:  0.8683 
| Epoch   42 | Train e:  0.8683, T l:  0.3050 | Val e:  0.8673 | Test e:  0.8687 
| Epoch   43 | Train e:  0.8682, T l:  0.3048 | Val e:  0.8671 | Test e:  0.8684 
| Epoch   44 | Train e:  0.8681, T l:  0.3045 | Val e:  0.8665 | Test e:  0.8677 
| Epoch   45 | Train e:  0.8678, T l:  0.3044 | Val e:  0.8669 | Test e:  0.8684 
| Epoch   46 | Train e:  0.8684, T l:  0.3044 | Val e:  0.8669 | Test e:  0.8682 
| Epoch   47 | Train e:  0.8684, T l:  0.3043 | Val e:  0.8672 | Test e:  0.8687 
| Epoch   48 | Train e:  0.8685, T l:  0.3040 | Val e:  0.8668 | Test e:  0.8686 
| Epoch   49 | Train e:  0.8685, T l:  0.3039 | Val e:  0.8672 | Test e:  0.8684 
| Epoch   50 | Train e:  0.8688, T l:  0.3041 | Val e:  0.8674 | Test e:  0.8686 
| Epoch   51 | Train e:  0.8687, T l:  0.3038 | Val e:  0.8675 | Test e:  0.8685 
| Epoch   52 | Train e:  0.8688, T l:  0.3035 | Val e:  0.8670 | Test e:  0.8683 
| Epoch   53 | Train e:  0.8686, T l:  0.3034 | Val e:  0.8667 | Test e:  0.8680 
| Epoch   54 | Train e:  0.8691, T l:  0.3030 | Val e:  0.8674 | Test e:  0.8689 
| Epoch   55 | Train e:  0.8692, T l:  0.3032 | Val e:  0.8677 | Test e:  0.8688 
| Epoch   56 | Train e:  0.8689, T l:  0.3029 | Val e:  0.8663 | Test e:  0.8691 
| Epoch   57 | Train e:  0.8695, T l:  0.3028 | Val e:  0.8673 | Test e:  0.8690 
| Epoch   58 | Train e:  0.8695, T l:  0.3026 | Val e:  0.8673 | Test e:  0.8688 
| Epoch   59 | Train e:  0.8699, T l:  0.3024 | Val e:  0.8675 | Test e:  0.8692 
| Epoch   60 | Train e:  0.8701, T l:  0.3022 | Val e:  0.8678 | Test e:  0.8690 
| Epoch   61 | Train e:  0.8696, T l:  0.3017 | Val e:  0.8676 | Test e:  0.8690 
| Epoch   62 | Train e:  0.8692, T l:  0.3019 | Val e:  0.8667 | Test e:  0.8682 
| Epoch   63 | Train e:  0.8702, T l:  0.3019 | Val e:  0.8675 | Test e:  0.8691 
| Epoch   64 | Train e:  0.8702, T l:  0.3016 | Val e:  0.8673 | Test e:  0.8691 
| Epoch   65 | Train e:  0.8704, T l:  0.3011 | Val e:  0.8680 | Test e:  0.8692 
| Epoch   66 | Train e:  0.8701, T l:  0.3012 | Val e:  0.8668 | Test e:  0.8692 
| Epoch   67 | Train e:  0.8709, T l:  0.3011 | Val e:  0.8678 | Test e:  0.8692 
| Epoch   68 | Train e:  0.8707, T l:  0.3007 | Val e:  0.8677 | Test e:  0.8697 
| Epoch   69 | Train e:  0.8706, T l:  0.3009 | Val e:  0.8677 | Test e:  0.8693 
| Epoch   70 | Train e:  0.8706, T l:  0.3001 | Val e:  0.8672 | Test e:  0.8690 
| Epoch   71 | Train e:  0.8711, T l:  0.2998 | Val e:  0.8677 | Test e:  0.8695 
| Epoch   72 | Train e:  0.8710, T l:  0.2998 | Val e:  0.8675 | Test e:  0.8690 
| Epoch   73 | Train e:  0.8711, T l:  0.2995 | Val e:  0.8676 | Test e:  0.8691 
| Epoch   74 | Train e:  0.8715, T l:  0.2993 | Val e:  0.8677 | Test e:  0.8692 
| Epoch   75 | Train e:  0.8714, T l:  0.2991 | Val e:  0.8670 | Test e:  0.8688 
| Epoch   76 | Train e:  0.8713, T l:  0.2991 | Val e:  0.8672 | Test e:  0.8689 
| Epoch   77 | Train e:  0.8716, T l:  0.2989 | Val e:  0.8676 | Test e:  0.8695 
| Epoch   78 | Train e:  0.8718, T l:  0.2986 | Val e:  0.8682 | Test e:  0.8690 
| Epoch   79 | Train e:  0.8723, T l:  0.2982 | Val e:  0.8679 | Test e:  0.8694 
| Epoch   80 | Train e:  0.8721, T l:  0.2980 | Val e:  0.8671 | Test e:  0.8687 
| Epoch   81 | Train e:  0.8726, T l:  0.2977 | Val e:  0.8686 | Test e:  0.8698 
| Epoch   82 | Train e:  0.8722, T l:  0.2976 | Val e:  0.8680 | Test e:  0.8692 
| Epoch   83 | Train e:  0.8730, T l:  0.2973 | Val e:  0.8677 | Test e:  0.8692 
| Epoch   84 | Train e:  0.8731, T l:  0.2968 | Val e:  0.8676 | Test e:  0.8691 
| Epoch   85 | Train e:  0.8732, T l:  0.2966 | Val e:  0.8684 | Test e:  0.8697 
| Epoch   86 | Train e:  0.8736, T l:  0.2962 | Val e:  0.8674 | Test e:  0.8691 
| Epoch   87 | Train e:  0.8734, T l:  0.2961 | Val e:  0.8674 | Test e:  0.8688 
| Epoch   88 | Train e:  0.8741, T l:  0.2958 | Val e:  0.8681 | Test e:  0.8698 
| Epoch   89 | Train e:  0.8740, T l:  0.2953 | Val e:  0.8678 | Test e:  0.8701 
| Epoch   90 | Train e:  0.8739, T l:  0.2952 | Val e:  0.8681 | Test e:  0.8699 
| Epoch   91 | Train e:  0.8744, T l:  0.2944 | Val e:  0.8682 | Test e:  0.8695 
| Epoch   92 | Train e:  0.8743, T l:  0.2947 | Val e:  0.8680 | Test e:  0.8697 
| Epoch   93 | Train e:  0.8743, T l:  0.2944 | Val e:  0.8676 | Test e:  0.8696 
| Epoch   94 | Train e:  0.8748, T l:  0.2941 | Val e:  0.8679 | Test e:  0.8696 
| Epoch   95 | Train e:  0.8751, T l:  0.2939 | Val e:  0.8688 | Test e:  0.8697 
| Epoch   96 | Train e:  0.8753, T l:  0.2937 | Val e:  0.8681 | Test e:  0.8694 
| Epoch   97 | Train e:  0.8753, T l:  0.2933 | Val e:  0.8680 | Test e:  0.8693 
| Epoch   98 | Train e:  0.8759, T l:  0.2927 | Val e:  0.8684 | Test e:  0.8696 
| Epoch   99 | Train e:  0.8762, T l:  0.2926 | Val e:  0.8687 | Test e:  0.8692 
