

===============================================
2022-12-11 19:58:49

main.py --seeds 271828 --device 0

None

baseline: GPS
dataset: ogbg-molpcba
use_val_loss: False
use_cpu: False
epochs: 100
scheduler: linear
warmup: 10
batch_size: 256
lr: 0.0002
weight_decay: 0.0001
num_workers: 0
clustering: False
masked_attention: True
gconv_dim: 384
tlayer_dim: 384
local_attn_dropout: 0.0
local_ffn_dropout: 0.3
global_attn_dropout: 0.3
global_ffn_dropout: 0.3
num_layers: 5
num_heads: 8
skip_connection: none
norm: ln
readout: cls
seeds: 271828
device: 0
save_state: False



| Epoch    0 | Train e:  0.0314, T l:  0.2385 | Val e:  0.0347 | Test e:  0.0350 
| Epoch    1 | Train e:  0.0537, T l:  0.0596 | Val e:  0.0550 | Test e:  0.0580 
| Epoch    2 | Train e:  0.0850, T l:  0.0498 | Val e:  0.0861 | Test e:  0.0875 
| Epoch    3 | Train e:  0.1089, T l:  0.0467 | Val e:  0.1127 | Test e:  0.1122 
| Epoch    4 | Train e:  0.1407, T l:  0.0446 | Val e:  0.1388 | Test e:  0.1405 
| Epoch    5 | Train e:  0.1637, T l:  0.0432 | Val e:  0.1605 | Test e:  0.1563 
| Epoch    6 | Train e:  0.1821, T l:  0.0420 | Val e:  0.1698 | Test e:  0.1678 
| Epoch    7 | Train e:  0.2049, T l:  0.0410 | Val e:  0.1851 | Test e:  0.1808 
| Epoch    8 | Train e:  0.2224, T l:  0.0403 | Val e:  0.1971 | Test e:  0.1921 
| Epoch    9 | Train e:  0.2363, T l:  0.0397 | Val e:  0.1992 | Test e:  0.1976 
| Epoch   10 | Train e:  0.2503, T l:  0.0391 | Val e:  0.2126 | Test e:  0.2113 
| Epoch   11 | Train e:  0.2720, T l:  0.0385 | Val e:  0.2162 | Test e:  0.2191 
| Epoch   12 | Train e:  0.2805, T l:  0.0380 | Val e:  0.2257 | Test e:  0.2281 
| Epoch   13 | Train e:  0.2913, T l:  0.0375 | Val e:  0.2295 | Test e:  0.2356 
| Epoch   14 | Train e:  0.3035, T l:  0.0371 | Val e:  0.2370 | Test e:  0.2381 
| Epoch   15 | Train e:  0.3078, T l:  0.0367 | Val e:  0.2421 | Test e:  0.2434 
| Epoch   16 | Train e:  0.3230, T l:  0.0363 | Val e:  0.2532 | Test e:  0.2492 
| Epoch   17 | Train e:  0.3284, T l:  0.0360 | Val e:  0.2494 | Test e:  0.2485 
| Epoch   18 | Train e:  0.3318, T l:  0.0358 | Val e:  0.2491 | Test e:  0.2509 
| Epoch   19 | Train e:  0.3401, T l:  0.0355 | Val e:  0.2539 | Test e:  0.2532 
| Epoch   20 | Train e:  0.3512, T l:  0.0352 | Val e:  0.2550 | Test e:  0.2578 
| Epoch   21 | Train e:  0.3600, T l:  0.0349 | Val e:  0.2693 | Test e:  0.2638 
| Epoch   22 | Train e:  0.3567, T l:  0.0347 | Val e:  0.2641 | Test e:  0.2564 
| Epoch   23 | Train e:  0.3708, T l:  0.0344 | Val e:  0.2697 | Test e:  0.2650 
| Epoch   24 | Train e:  0.3772, T l:  0.0342 | Val e:  0.2661 | Test e:  0.2614 
| Epoch   25 | Train e:  0.3819, T l:  0.0340 | Val e:  0.2729 | Test e:  0.2672 
| Epoch   26 | Train e:  0.3857, T l:  0.0338 | Val e:  0.2704 | Test e:  0.2647 
| Epoch   27 | Train e:  0.3939, T l:  0.0336 | Val e:  0.2789 | Test e:  0.2766 
| Epoch   28 | Train e:  0.3961, T l:  0.0334 | Val e:  0.2764 | Test e:  0.2771 
| Epoch   29 | Train e:  0.4077, T l:  0.0332 | Val e:  0.2782 | Test e:  0.2691 
| Epoch   30 | Train e:  0.4125, T l:  0.0331 | Val e:  0.2790 | Test e:  0.2715 
| Epoch   31 | Train e:  0.4139, T l:  0.0329 | Val e:  0.2772 | Test e:  0.2740 
| Epoch   32 | Train e:  0.4211, T l:  0.0327 | Val e:  0.2813 | Test e:  0.2725 
| Epoch   33 | Train e:  0.4257, T l:  0.0326 | Val e:  0.2831 | Test e:  0.2773 
| Epoch   34 | Train e:  0.4329, T l:  0.0324 | Val e:  0.2845 | Test e:  0.2825 
| Epoch   35 | Train e:  0.4384, T l:  0.0322 | Val e:  0.2858 | Test e:  0.2820 
| Epoch   36 | Train e:  0.4427, T l:  0.0321 | Val e:  0.2895 | Test e:  0.2839 
| Epoch   37 | Train e:  0.4437, T l:  0.0319 | Val e:  0.2830 | Test e:  0.2799 
| Epoch   38 | Train e:  0.4454, T l:  0.0318 | Val e:  0.2840 | Test e:  0.2839 
| Epoch   39 | Train e:  0.4544, T l:  0.0316 | Val e:  0.2850 | Test e:  0.2853 
| Epoch   40 | Train e:  0.4582, T l:  0.0315 | Val e:  0.2852 | Test e:  0.2817 
| Epoch   41 | Train e:  0.4632, T l:  0.0313 | Val e:  0.2902 | Test e:  0.2837 
| Epoch   42 | Train e:  0.4702, T l:  0.0312 | Val e:  0.2932 | Test e:  0.2903 
| Epoch   43 | Train e:  0.4699, T l:  0.0311 | Val e:  0.2905 | Test e:  0.2856 
| Epoch   44 | Train e:  0.4758, T l:  0.0310 | Val e:  0.2908 | Test e:  0.2874 
| Epoch   45 | Train e:  0.4802, T l:  0.0308 | Val e:  0.2955 | Test e:  0.2901 
| Epoch   46 | Train e:  0.4824, T l:  0.0307 | Val e:  0.2938 | Test e:  0.2898 
| Epoch   47 | Train e:  0.4862, T l:  0.0306 | Val e:  0.2936 | Test e:  0.2864 
| Epoch   48 | Train e:  0.4932, T l:  0.0304 | Val e:  0.2948 | Test e:  0.2884 
| Epoch   49 | Train e:  0.4920, T l:  0.0303 | Val e:  0.2940 | Test e:  0.2883 
| Epoch   50 | Train e:  0.4993, T l:  0.0302 | Val e:  0.2984 | Test e:  0.2938 
| Epoch   51 | Train e:  0.5014, T l:  0.0301 | Val e:  0.2962 | Test e:  0.2906 
| Epoch   52 | Train e:  0.5034, T l:  0.0300 | Val e:  0.2967 | Test e:  0.2901 
| Epoch   53 | Train e:  0.5085, T l:  0.0298 | Val e:  0.2975 | Test e:  0.2906 
| Epoch   54 | Train e:  0.5085, T l:  0.0298 | Val e:  0.3005 | Test e:  0.2930 
| Epoch   55 | Train e:  0.5155, T l:  0.0296 | Val e:  0.2980 | Test e:  0.2922 
| Epoch   56 | Train e:  0.5177, T l:  0.0295 | Val e:  0.3007 | Test e:  0.2943 
| Epoch   57 | Train e:  0.5196, T l:  0.0294 | Val e:  0.2999 | Test e:  0.2913 
| Epoch   58 | Train e:  0.5204, T l:  0.0293 | Val e:  0.3007 | Test e:  0.2937 
| Epoch   59 | Train e:  0.5265, T l:  0.0293 | Val e:  0.3023 | Test e:  0.2925 
| Epoch   60 | Train e:  0.5312, T l:  0.0292 | Val e:  0.3040 | Test e:  0.2965 
| Epoch   61 | Train e:  0.5302, T l:  0.0290 | Val e:  0.3005 | Test e:  0.2955 
| Epoch   62 | Train e:  0.5328, T l:  0.0290 | Val e:  0.3023 | Test e:  0.2941 
| Epoch   63 | Train e:  0.5385, T l:  0.0289 | Val e:  0.3044 | Test e:  0.2957 
| Epoch   64 | Train e:  0.5396, T l:  0.0287 | Val e:  0.3026 | Test e:  0.2978 
| Epoch   65 | Train e:  0.5407, T l:  0.0287 | Val e:  0.3029 | Test e:  0.2983 
| Epoch   66 | Train e:  0.5448, T l:  0.0286 | Val e:  0.3038 | Test e:  0.2971 
| Epoch   67 | Train e:  0.5472, T l:  0.0285 | Val e:  0.3057 | Test e:  0.2946 
| Epoch   68 | Train e:  0.5512, T l:  0.0284 | Val e:  0.3052 | Test e:  0.2967 
| Epoch   69 | Train e:  0.5535, T l:  0.0283 | Val e:  0.3043 | Test e:  0.2981 
| Epoch   70 | Train e:  0.5543, T l:  0.0282 | Val e:  0.3045 | Test e:  0.2979 
| Epoch   71 | Train e:  0.5578, T l:  0.0281 | Val e:  0.3046 | Test e:  0.2957 
| Epoch   72 | Train e:  0.5584, T l:  0.0281 | Val e:  0.3046 | Test e:  0.2960 
| Epoch   73 | Train e:  0.5614, T l:  0.0279 | Val e:  0.3067 | Test e:  0.2985 
| Epoch   74 | Train e:  0.5652, T l:  0.0279 | Val e:  0.3080 | Test e:  0.2999 
| Epoch   75 | Train e:  0.5660, T l:  0.0278 | Val e:  0.3058 | Test e:  0.2989 
| Epoch   76 | Train e:  0.5673, T l:  0.0277 | Val e:  0.3085 | Test e:  0.2970 
| Epoch   77 | Train e:  0.5720, T l:  0.0276 | Val e:  0.3075 | Test e:  0.2985 
| Epoch   78 | Train e:  0.5735, T l:  0.0276 | Val e:  0.3070 | Test e:  0.2981 
| Epoch   79 | Train e:  0.5740, T l:  0.0275 | Val e:  0.3071 | Test e:  0.3001 
| Epoch   80 | Train e:  0.5787, T l:  0.0274 | Val e:  0.3079 | Test e:  0.2978 
| Epoch   81 | Train e:  0.5798, T l:  0.0273 | Val e:  0.3061 | Test e:  0.2970 
| Epoch   82 | Train e:  0.5815, T l:  0.0273 | Val e:  0.3062 | Test e:  0.2967 
| Epoch   83 | Train e:  0.5813, T l:  0.0272 | Val e:  0.3080 | Test e:  0.2986 
| Epoch   84 | Train e:  0.5840, T l:  0.0271 | Val e:  0.3080 | Test e:  0.3008 
| Epoch   85 | Train e:  0.5863, T l:  0.0270 | Val e:  0.3092 | Test e:  0.2996 
| Epoch   86 | Train e:  0.5877, T l:  0.0270 | Val e:  0.3088 | Test e:  0.3006 
| Epoch   87 | Train e:  0.5881, T l:  0.0269 | Val e:  0.3082 | Test e:  0.3001 
| Epoch   88 | Train e:  0.5901, T l:  0.0269 | Val e:  0.3091 | Test e:  0.2993 
| Epoch   89 | Train e:  0.5912, T l:  0.0269 | Val e:  0.3093 | Test e:  0.3005 
| Epoch   90 | Train e:  0.5912, T l:  0.0268 | Val e:  0.3092 | Test e:  0.3004 
| Epoch   91 | Train e:  0.5939, T l:  0.0267 | Val e:  0.3088 | Test e:  0.3005 
| Epoch   92 | Train e:  0.5950, T l:  0.0267 | Val e:  0.3105 | Test e:  0.3011 
| Epoch   93 | Train e:  0.5956, T l:  0.0266 | Val e:  0.3099 | Test e:  0.3008 
| Epoch   94 | Train e:  0.5958, T l:  0.0266 | Val e:  0.3110 | Test e:  0.3014 
| Epoch   95 | Train e:  0.5977, T l:  0.0265 | Val e:  0.3113 | Test e:  0.3010 
| Epoch   96 | Train e:  0.5972, T l:  0.0265 | Val e:  0.3101 | Test e:  0.3015 
| Epoch   97 | Train e:  0.5987, T l:  0.0265 | Val e:  0.3104 | Test e:  0.3013 
| Epoch   98 | Train e:  0.5986, T l:  0.0264 | Val e:  0.3105 | Test e:  0.3010 
| Epoch   99 | Train e:  0.5985, T l:  0.0264 | Val e:  0.3105 | Test e:  0.3014 
