

===============================================
2022-12-20 10:30:21

main_transformerconv.py --seeds 314159 --device 0

None

baseline: SAT
dataset: ogbg-molpcba
use_val_loss: False
use_cpu: False
epochs: 100
scheduler: linear
warmup: 10
batch_size: 256
lr: 0.0002
weight_decay: 0.0001
num_workers: 0
clustering: False
masked_attention: True
gconv_dim: 384
tlayer_dim: 384
gat_attn_dropout: 0.0
gconv_dropout: 0.3
tlayer_attn_dropout: 0.3
tlayer_dropout: 0.3
num_layers: 5
num_heads: 8
skip_connection: short
readout: cls
seeds: 314159
device: 0
save_state: False



| Epoch    0 | Train e:  0.0268, T l:  0.2432 | Val e:  0.0292 | Test e:  0.0311 
| Epoch    1 | Train e:  0.0506, T l:  0.0604 | Val e:  0.0537 | Test e:  0.0579 
| Epoch    2 | Train e:  0.0937, T l:  0.0499 | Val e:  0.1017 | Test e:  0.0970 
| Epoch    3 | Train e:  0.1237, T l:  0.0462 | Val e:  0.1286 | Test e:  0.1262 
| Epoch    4 | Train e:  0.1520, T l:  0.0438 | Val e:  0.1535 | Test e:  0.1492 
| Epoch    5 | Train e:  0.1795, T l:  0.0422 | Val e:  0.1740 | Test e:  0.1714 
| Epoch    6 | Train e:  0.1977, T l:  0.0411 | Val e:  0.1871 | Test e:  0.1811 
| Epoch    7 | Train e:  0.2079, T l:  0.0403 | Val e:  0.1967 | Test e:  0.1848 
| Epoch    8 | Train e:  0.2330, T l:  0.0396 | Val e:  0.2074 | Test e:  0.1970 
| Epoch    9 | Train e:  0.2514, T l:  0.0391 | Val e:  0.2090 | Test e:  0.2141 
| Epoch   10 | Train e:  0.2597, T l:  0.0386 | Val e:  0.2159 | Test e:  0.2158 
| Epoch   11 | Train e:  0.2803, T l:  0.0380 | Val e:  0.2262 | Test e:  0.2278 
| Epoch   12 | Train e:  0.2884, T l:  0.0375 | Val e:  0.2299 | Test e:  0.2294 
| Epoch   13 | Train e:  0.2991, T l:  0.0371 | Val e:  0.2356 | Test e:  0.2383 
| Epoch   14 | Train e:  0.3054, T l:  0.0366 | Val e:  0.2363 | Test e:  0.2350 
| Epoch   15 | Train e:  0.3161, T l:  0.0363 | Val e:  0.2412 | Test e:  0.2420 
| Epoch   16 | Train e:  0.3201, T l:  0.0360 | Val e:  0.2434 | Test e:  0.2411 
| Epoch   17 | Train e:  0.3330, T l:  0.0356 | Val e:  0.2519 | Test e:  0.2518 
| Epoch   18 | Train e:  0.3438, T l:  0.0354 | Val e:  0.2545 | Test e:  0.2528 
| Epoch   19 | Train e:  0.3473, T l:  0.0351 | Val e:  0.2569 | Test e:  0.2558 
| Epoch   20 | Train e:  0.3566, T l:  0.0349 | Val e:  0.2592 | Test e:  0.2608 
| Epoch   21 | Train e:  0.3617, T l:  0.0346 | Val e:  0.2652 | Test e:  0.2629 
| Epoch   22 | Train e:  0.3669, T l:  0.0344 | Val e:  0.2634 | Test e:  0.2634 
| Epoch   23 | Train e:  0.3765, T l:  0.0342 | Val e:  0.2689 | Test e:  0.2683 
| Epoch   24 | Train e:  0.3819, T l:  0.0340 | Val e:  0.2678 | Test e:  0.2673 
| Epoch   25 | Train e:  0.3943, T l:  0.0338 | Val e:  0.2717 | Test e:  0.2752 
| Epoch   26 | Train e:  0.3950, T l:  0.0336 | Val e:  0.2725 | Test e:  0.2677 
| Epoch   27 | Train e:  0.3984, T l:  0.0334 | Val e:  0.2739 | Test e:  0.2726 
| Epoch   28 | Train e:  0.4045, T l:  0.0332 | Val e:  0.2746 | Test e:  0.2730 
| Epoch   29 | Train e:  0.4086, T l:  0.0330 | Val e:  0.2790 | Test e:  0.2704 
| Epoch   30 | Train e:  0.4133, T l:  0.0328 | Val e:  0.2776 | Test e:  0.2707 
| Epoch   31 | Train e:  0.4208, T l:  0.0327 | Val e:  0.2804 | Test e:  0.2752 
| Epoch   32 | Train e:  0.4220, T l:  0.0325 | Val e:  0.2787 | Test e:  0.2744 
| Epoch   33 | Train e:  0.4289, T l:  0.0324 | Val e:  0.2825 | Test e:  0.2784 
| Epoch   34 | Train e:  0.4307, T l:  0.0322 | Val e:  0.2828 | Test e:  0.2800 
| Epoch   35 | Train e:  0.4394, T l:  0.0321 | Val e:  0.2878 | Test e:  0.2823 
| Epoch   36 | Train e:  0.4442, T l:  0.0319 | Val e:  0.2843 | Test e:  0.2805 
| Epoch   37 | Train e:  0.4481, T l:  0.0318 | Val e:  0.2866 | Test e:  0.2855 
| Epoch   38 | Train e:  0.4486, T l:  0.0317 | Val e:  0.2873 | Test e:  0.2834 
| Epoch   39 | Train e:  0.4569, T l:  0.0315 | Val e:  0.2906 | Test e:  0.2820 
| Epoch   40 | Train e:  0.4600, T l:  0.0314 | Val e:  0.2855 | Test e:  0.2876 
| Epoch   41 | Train e:  0.4632, T l:  0.0313 | Val e:  0.2885 | Test e:  0.2831 
| Epoch   42 | Train e:  0.4701, T l:  0.0311 | Val e:  0.2903 | Test e:  0.2877 
| Epoch   43 | Train e:  0.4731, T l:  0.0309 | Val e:  0.2917 | Test e:  0.2872 
| Epoch   44 | Train e:  0.4714, T l:  0.0309 | Val e:  0.2902 | Test e:  0.2852 
| Epoch   45 | Train e:  0.4803, T l:  0.0307 | Val e:  0.2932 | Test e:  0.2884 
| Epoch   46 | Train e:  0.4795, T l:  0.0306 | Val e:  0.2925 | Test e:  0.2887 
| Epoch   47 | Train e:  0.4789, T l:  0.0305 | Val e:  0.2866 | Test e:  0.2845 
| Epoch   48 | Train e:  0.4890, T l:  0.0303 | Val e:  0.2937 | Test e:  0.2905 
| Epoch   49 | Train e:  0.4940, T l:  0.0303 | Val e:  0.2952 | Test e:  0.2892 
| Epoch   50 | Train e:  0.4988, T l:  0.0301 | Val e:  0.2963 | Test e:  0.2912 
| Epoch   51 | Train e:  0.5011, T l:  0.0300 | Val e:  0.2977 | Test e:  0.2919 
| Epoch   52 | Train e:  0.5052, T l:  0.0299 | Val e:  0.3026 | Test e:  0.2917 
| Epoch   53 | Train e:  0.5093, T l:  0.0298 | Val e:  0.2976 | Test e:  0.2950 
| Epoch   54 | Train e:  0.5117, T l:  0.0296 | Val e:  0.3000 | Test e:  0.2937 
| Epoch   55 | Train e:  0.5135, T l:  0.0295 | Val e:  0.2987 | Test e:  0.2950 
| Epoch   56 | Train e:  0.5184, T l:  0.0294 | Val e:  0.3005 | Test e:  0.2929 
| Epoch   57 | Train e:  0.5203, T l:  0.0293 | Val e:  0.3005 | Test e:  0.2942 
| Epoch   58 | Train e:  0.5244, T l:  0.0292 | Val e:  0.2987 | Test e:  0.2912 
| Epoch   59 | Train e:  0.5239, T l:  0.0292 | Val e:  0.3016 | Test e:  0.2986 
| Epoch   60 | Train e:  0.5309, T l:  0.0290 | Val e:  0.3027 | Test e:  0.2935 
| Epoch   61 | Train e:  0.5330, T l:  0.0289 | Val e:  0.3044 | Test e:  0.2954 
| Epoch   62 | Train e:  0.5350, T l:  0.0288 | Val e:  0.3055 | Test e:  0.2958 
| Epoch   63 | Train e:  0.5373, T l:  0.0287 | Val e:  0.3034 | Test e:  0.2988 
| Epoch   64 | Train e:  0.5416, T l:  0.0286 | Val e:  0.3054 | Test e:  0.2989 
| Epoch   65 | Train e:  0.5417, T l:  0.0285 | Val e:  0.3062 | Test e:  0.2993 
| Epoch   66 | Train e:  0.5450, T l:  0.0284 | Val e:  0.3055 | Test e:  0.2989 
| Epoch   67 | Train e:  0.5489, T l:  0.0284 | Val e:  0.3049 | Test e:  0.2973 
| Epoch   68 | Train e:  0.5518, T l:  0.0283 | Val e:  0.3033 | Test e:  0.2960 
| Epoch   69 | Train e:  0.5528, T l:  0.0282 | Val e:  0.3031 | Test e:  0.2964 
| Epoch   70 | Train e:  0.5567, T l:  0.0281 | Val e:  0.3067 | Test e:  0.2980 
| Epoch   71 | Train e:  0.5606, T l:  0.0280 | Val e:  0.3058 | Test e:  0.2991 
| Epoch   72 | Train e:  0.5612, T l:  0.0279 | Val e:  0.3073 | Test e:  0.2987 
| Epoch   73 | Train e:  0.5613, T l:  0.0278 | Val e:  0.3080 | Test e:  0.2971 
| Epoch   74 | Train e:  0.5675, T l:  0.0277 | Val e:  0.3092 | Test e:  0.3023 
| Epoch   75 | Train e:  0.5700, T l:  0.0276 | Val e:  0.3096 | Test e:  0.3016 
| Epoch   76 | Train e:  0.5712, T l:  0.0276 | Val e:  0.3087 | Test e:  0.3001 
| Epoch   77 | Train e:  0.5718, T l:  0.0275 | Val e:  0.3092 | Test e:  0.3024 
| Epoch   78 | Train e:  0.5743, T l:  0.0274 | Val e:  0.3083 | Test e:  0.3017 
| Epoch   79 | Train e:  0.5745, T l:  0.0273 | Val e:  0.3072 | Test e:  0.3012 
| Epoch   80 | Train e:  0.5776, T l:  0.0272 | Val e:  0.3074 | Test e:  0.2987 
| Epoch   81 | Train e:  0.5794, T l:  0.0272 | Val e:  0.3090 | Test e:  0.3020 
| Epoch   82 | Train e:  0.5837, T l:  0.0271 | Val e:  0.3083 | Test e:  0.3019 
| Epoch   83 | Train e:  0.5843, T l:  0.0270 | Val e:  0.3090 | Test e:  0.3013 
| Epoch   84 | Train e:  0.5863, T l:  0.0270 | Val e:  0.3111 | Test e:  0.3018 
| Epoch   85 | Train e:  0.5861, T l:  0.0269 | Val e:  0.3090 | Test e:  0.2993 
| Epoch   86 | Train e:  0.5881, T l:  0.0268 | Val e:  0.3091 | Test e:  0.2999 
| Epoch   87 | Train e:  0.5896, T l:  0.0268 | Val e:  0.3091 | Test e:  0.2999 
| Epoch   88 | Train e:  0.5913, T l:  0.0267 | Val e:  0.3101 | Test e:  0.2996 
| Epoch   89 | Train e:  0.5934, T l:  0.0267 | Val e:  0.3092 | Test e:  0.3008 
| Epoch   90 | Train e:  0.5941, T l:  0.0266 | Val e:  0.3094 | Test e:  0.3012 
| Epoch   91 | Train e:  0.5953, T l:  0.0265 | Val e:  0.3098 | Test e:  0.3010 
| Epoch   92 | Train e:  0.5961, T l:  0.0265 | Val e:  0.3093 | Test e:  0.3017 
| Epoch   93 | Train e:  0.5963, T l:  0.0265 | Val e:  0.3105 | Test e:  0.3002 
| Epoch   94 | Train e:  0.5977, T l:  0.0264 | Val e:  0.3109 | Test e:  0.3012 
| Epoch   95 | Train e:  0.5980, T l:  0.0264 | Val e:  0.3110 | Test e:  0.3012 
| Epoch   96 | Train e:  0.5988, T l:  0.0264 | Val e:  0.3111 | Test e:  0.3019 
| Epoch   97 | Train e:  0.5996, T l:  0.0263 | Val e:  0.3111 | Test e:  0.3020 
| Epoch   98 | Train e:  0.6000, T l:  0.0262 | Val e:  0.3112 | Test e:  0.3024 
| Epoch   99 | Train e:  0.5997, T l:  0.0262 | Val e:  0.3111 | Test e:  0.3023 
