

===============================================
2022-12-21 04:59:12

main_transformerconv.py --device 4 --seeds 2020

None

baseline: SAT
dataset: ogbg-molpcba
use_val_loss: False
use_cpu: False
epochs: 100
scheduler: linear
warmup: 10
batch_size: 256
lr: 0.0002
weight_decay: 0.0001
num_workers: 0
clustering: False
masked_attention: True
gconv_dim: 384
tlayer_dim: 384
gat_attn_dropout: 0.0
gconv_dropout: 0.3
tlayer_attn_dropout: 0.3
tlayer_dropout: 0.3
num_layers: 5
num_heads: 8
skip_connection: short
readout: cls
seeds: 2020
device: 4
save_state: False



| Epoch    0 | Train e:  0.0311, T l:  0.2413 | Val e:  0.0323 | Test e:  0.0333 
| Epoch    1 | Train e:  0.0510, T l:  0.0602 | Val e:  0.0536 | Test e:  0.0561 
| Epoch    2 | Train e:  0.0924, T l:  0.0498 | Val e:  0.0976 | Test e:  0.0968 
| Epoch    3 | Train e:  0.1248, T l:  0.0462 | Val e:  0.1274 | Test e:  0.1293 
| Epoch    4 | Train e:  0.1504, T l:  0.0440 | Val e:  0.1504 | Test e:  0.1520 
| Epoch    5 | Train e:  0.1774, T l:  0.0424 | Val e:  0.1697 | Test e:  0.1678 
| Epoch    6 | Train e:  0.1957, T l:  0.0412 | Val e:  0.1855 | Test e:  0.1836 
| Epoch    7 | Train e:  0.2157, T l:  0.0404 | Val e:  0.1955 | Test e:  0.1903 
| Epoch    8 | Train e:  0.2271, T l:  0.0397 | Val e:  0.2016 | Test e:  0.2001 
| Epoch    9 | Train e:  0.2328, T l:  0.0392 | Val e:  0.2031 | Test e:  0.2050 
| Epoch   10 | Train e:  0.2563, T l:  0.0386 | Val e:  0.2182 | Test e:  0.2160 
| Epoch   11 | Train e:  0.2734, T l:  0.0380 | Val e:  0.2233 | Test e:  0.2223 
| Epoch   12 | Train e:  0.2784, T l:  0.0376 | Val e:  0.2260 | Test e:  0.2227 
| Epoch   13 | Train e:  0.2947, T l:  0.0371 | Val e:  0.2360 | Test e:  0.2337 
| Epoch   14 | Train e:  0.3032, T l:  0.0367 | Val e:  0.2422 | Test e:  0.2417 
| Epoch   15 | Train e:  0.3107, T l:  0.0364 | Val e:  0.2393 | Test e:  0.2383 
| Epoch   16 | Train e:  0.3286, T l:  0.0360 | Val e:  0.2546 | Test e:  0.2514 
| Epoch   17 | Train e:  0.3295, T l:  0.0358 | Val e:  0.2537 | Test e:  0.2470 
| Epoch   18 | Train e:  0.3356, T l:  0.0354 | Val e:  0.2559 | Test e:  0.2519 
| Epoch   19 | Train e:  0.3452, T l:  0.0352 | Val e:  0.2599 | Test e:  0.2523 
| Epoch   20 | Train e:  0.3533, T l:  0.0350 | Val e:  0.2623 | Test e:  0.2569 
| Epoch   21 | Train e:  0.3572, T l:  0.0347 | Val e:  0.2647 | Test e:  0.2575 
| Epoch   22 | Train e:  0.3639, T l:  0.0345 | Val e:  0.2661 | Test e:  0.2594 
| Epoch   23 | Train e:  0.3680, T l:  0.0343 | Val e:  0.2648 | Test e:  0.2644 
| Epoch   24 | Train e:  0.3766, T l:  0.0341 | Val e:  0.2697 | Test e:  0.2682 
| Epoch   25 | Train e:  0.3822, T l:  0.0339 | Val e:  0.2704 | Test e:  0.2672 
| Epoch   26 | Train e:  0.3888, T l:  0.0337 | Val e:  0.2727 | Test e:  0.2721 
| Epoch   27 | Train e:  0.3935, T l:  0.0334 | Val e:  0.2753 | Test e:  0.2667 
| Epoch   28 | Train e:  0.3979, T l:  0.0333 | Val e:  0.2744 | Test e:  0.2678 
| Epoch   29 | Train e:  0.4044, T l:  0.0331 | Val e:  0.2750 | Test e:  0.2688 
| Epoch   30 | Train e:  0.4124, T l:  0.0329 | Val e:  0.2813 | Test e:  0.2753 
| Epoch   31 | Train e:  0.4113, T l:  0.0328 | Val e:  0.2808 | Test e:  0.2752 
| Epoch   32 | Train e:  0.4187, T l:  0.0326 | Val e:  0.2782 | Test e:  0.2735 
| Epoch   33 | Train e:  0.4255, T l:  0.0325 | Val e:  0.2847 | Test e:  0.2779 
| Epoch   34 | Train e:  0.4312, T l:  0.0323 | Val e:  0.2867 | Test e:  0.2789 
| Epoch   35 | Train e:  0.4315, T l:  0.0322 | Val e:  0.2824 | Test e:  0.2745 
| Epoch   36 | Train e:  0.4327, T l:  0.0320 | Val e:  0.2850 | Test e:  0.2821 
| Epoch   37 | Train e:  0.4393, T l:  0.0318 | Val e:  0.2870 | Test e:  0.2789 
| Epoch   38 | Train e:  0.4480, T l:  0.0317 | Val e:  0.2896 | Test e:  0.2779 
| Epoch   39 | Train e:  0.4456, T l:  0.0316 | Val e:  0.2859 | Test e:  0.2833 
| Epoch   40 | Train e:  0.4498, T l:  0.0315 | Val e:  0.2904 | Test e:  0.2797 
| Epoch   41 | Train e:  0.4580, T l:  0.0313 | Val e:  0.2907 | Test e:  0.2843 
| Epoch   42 | Train e:  0.4606, T l:  0.0312 | Val e:  0.2875 | Test e:  0.2830 
| Epoch   43 | Train e:  0.4609, T l:  0.0311 | Val e:  0.2895 | Test e:  0.2851 
| Epoch   44 | Train e:  0.4687, T l:  0.0309 | Val e:  0.2930 | Test e:  0.2898 
| Epoch   45 | Train e:  0.4729, T l:  0.0308 | Val e:  0.2953 | Test e:  0.2870 
| Epoch   46 | Train e:  0.4786, T l:  0.0307 | Val e:  0.2953 | Test e:  0.2861 
| Epoch   47 | Train e:  0.4809, T l:  0.0305 | Val e:  0.2918 | Test e:  0.2843 
| Epoch   48 | Train e:  0.4801, T l:  0.0304 | Val e:  0.2945 | Test e:  0.2897 
| Epoch   49 | Train e:  0.4855, T l:  0.0303 | Val e:  0.2935 | Test e:  0.2878 
| Epoch   50 | Train e:  0.4943, T l:  0.0302 | Val e:  0.2974 | Test e:  0.2881 
| Epoch   51 | Train e:  0.4950, T l:  0.0301 | Val e:  0.2954 | Test e:  0.2883 
| Epoch   52 | Train e:  0.4989, T l:  0.0300 | Val e:  0.2994 | Test e:  0.2880 
| Epoch   53 | Train e:  0.4963, T l:  0.0299 | Val e:  0.2969 | Test e:  0.2901 
| Epoch   54 | Train e:  0.5049, T l:  0.0298 | Val e:  0.3006 | Test e:  0.2922 
| Epoch   55 | Train e:  0.5060, T l:  0.0296 | Val e:  0.3000 | Test e:  0.2915 
| Epoch   56 | Train e:  0.5064, T l:  0.0295 | Val e:  0.2989 | Test e:  0.2924 
| Epoch   57 | Train e:  0.5125, T l:  0.0294 | Val e:  0.3043 | Test e:  0.2926 
| Epoch   58 | Train e:  0.5098, T l:  0.0293 | Val e:  0.2978 | Test e:  0.2915 
| Epoch   59 | Train e:  0.5198, T l:  0.0292 | Val e:  0.3014 | Test e:  0.2907 
| Epoch   60 | Train e:  0.5230, T l:  0.0291 | Val e:  0.3039 | Test e:  0.2931 
| Epoch   61 | Train e:  0.5219, T l:  0.0290 | Val e:  0.3023 | Test e:  0.2953 
| Epoch   62 | Train e:  0.5269, T l:  0.0289 | Val e:  0.3014 | Test e:  0.2963 
| Epoch   63 | Train e:  0.5306, T l:  0.0288 | Val e:  0.3031 | Test e:  0.2934 
| Epoch   64 | Train e:  0.5326, T l:  0.0287 | Val e:  0.3056 | Test e:  0.2924 
| Epoch   65 | Train e:  0.5361, T l:  0.0286 | Val e:  0.3033 | Test e:  0.2938 
| Epoch   66 | Train e:  0.5388, T l:  0.0285 | Val e:  0.3058 | Test e:  0.2962 
| Epoch   67 | Train e:  0.5420, T l:  0.0284 | Val e:  0.3068 | Test e:  0.2992 
| Epoch   68 | Train e:  0.5451, T l:  0.0283 | Val e:  0.3071 | Test e:  0.2989 
| Epoch   69 | Train e:  0.5477, T l:  0.0283 | Val e:  0.3095 | Test e:  0.3023 
| Epoch   70 | Train e:  0.5478, T l:  0.0282 | Val e:  0.3080 | Test e:  0.2990 
| Epoch   71 | Train e:  0.5531, T l:  0.0281 | Val e:  0.3099 | Test e:  0.3006 
| Epoch   72 | Train e:  0.5546, T l:  0.0280 | Val e:  0.3088 | Test e:  0.2992 
| Epoch   73 | Train e:  0.5563, T l:  0.0279 | Val e:  0.3067 | Test e:  0.2980 
| Epoch   74 | Train e:  0.5585, T l:  0.0278 | Val e:  0.3066 | Test e:  0.2983 
| Epoch   75 | Train e:  0.5612, T l:  0.0277 | Val e:  0.3106 | Test e:  0.3009 
| Epoch   76 | Train e:  0.5623, T l:  0.0277 | Val e:  0.3095 | Test e:  0.3009 
| Epoch   77 | Train e:  0.5643, T l:  0.0276 | Val e:  0.3072 | Test e:  0.3000 
| Epoch   78 | Train e:  0.5653, T l:  0.0275 | Val e:  0.3059 | Test e:  0.3018 
| Epoch   79 | Train e:  0.5656, T l:  0.0274 | Val e:  0.3087 | Test e:  0.3032 
| Epoch   80 | Train e:  0.5706, T l:  0.0273 | Val e:  0.3089 | Test e:  0.3021 
| Epoch   81 | Train e:  0.5731, T l:  0.0273 | Val e:  0.3108 | Test e:  0.3028 
| Epoch   82 | Train e:  0.5742, T l:  0.0272 | Val e:  0.3073 | Test e:  0.3024 
| Epoch   83 | Train e:  0.5766, T l:  0.0271 | Val e:  0.3106 | Test e:  0.3010 
| Epoch   84 | Train e:  0.5770, T l:  0.0271 | Val e:  0.3083 | Test e:  0.3015 
| Epoch   85 | Train e:  0.5790, T l:  0.0270 | Val e:  0.3095 | Test e:  0.3023 
| Epoch   86 | Train e:  0.5824, T l:  0.0269 | Val e:  0.3105 | Test e:  0.3028 
| Epoch   87 | Train e:  0.5828, T l:  0.0269 | Val e:  0.3118 | Test e:  0.3017 
| Epoch   88 | Train e:  0.5834, T l:  0.0268 | Val e:  0.3119 | Test e:  0.3041 
| Epoch   89 | Train e:  0.5841, T l:  0.0268 | Val e:  0.3119 | Test e:  0.3027 
| Epoch   90 | Train e:  0.5868, T l:  0.0267 | Val e:  0.3125 | Test e:  0.3021 
| Epoch   91 | Train e:  0.5860, T l:  0.0266 | Val e:  0.3137 | Test e:  0.3026 
| Epoch   92 | Train e:  0.5884, T l:  0.0266 | Val e:  0.3130 | Test e:  0.3042 
| Epoch   93 | Train e:  0.5892, T l:  0.0266 | Val e:  0.3127 | Test e:  0.3036 
| Epoch   94 | Train e:  0.5898, T l:  0.0265 | Val e:  0.3136 | Test e:  0.3030 
| Epoch   95 | Train e:  0.5913, T l:  0.0264 | Val e:  0.3125 | Test e:  0.3035 
| Epoch   96 | Train e:  0.5913, T l:  0.0264 | Val e:  0.3130 | Test e:  0.3037 
| Epoch   97 | Train e:  0.5922, T l:  0.0264 | Val e:  0.3120 | Test e:  0.3035 
| Epoch   98 | Train e:  0.5923, T l:  0.0263 | Val e:  0.3124 | Test e:  0.3034 
| Epoch   99 | Train e:  0.5924, T l:  0.0263 | Val e:  0.3121 | Test e:  0.3027 
