

===============================================
2022-12-19 05:32:04

main_transformerconv.py --seeds 2333 --device 1

None

baseline: SAT
dataset: ogbg-molpcba
use_val_loss: False
use_cpu: False
epochs: 100
scheduler: linear
warmup: 10
batch_size: 256
lr: 0.0002
weight_decay: 0.0001
num_workers: 0
clustering: False
masked_attention: True
gconv_dim: 384
tlayer_dim: 384
gat_attn_dropout: 0.0
gconv_dropout: 0.3
tlayer_attn_dropout: 0.3
tlayer_dropout: 0.3
num_layers: 5
num_heads: 8
skip_connection: short
readout: cls
seeds: 2333
device: 1
save_state: False



| Epoch    0 | Train e:  0.0279, T l:  0.2520 | Val e:  0.0314 | Test e:  0.0325 
| Epoch    1 | Train e:  0.0480, T l:  0.0608 | Val e:  0.0503 | Test e:  0.0526 
| Epoch    2 | Train e:  0.0905, T l:  0.0502 | Val e:  0.0954 | Test e:  0.0946 
| Epoch    3 | Train e:  0.1169, T l:  0.0463 | Val e:  0.1225 | Test e:  0.1202 
| Epoch    4 | Train e:  0.1484, T l:  0.0440 | Val e:  0.1530 | Test e:  0.1469 
| Epoch    5 | Train e:  0.1721, T l:  0.0423 | Val e:  0.1706 | Test e:  0.1652 
| Epoch    6 | Train e:  0.1874, T l:  0.0413 | Val e:  0.1760 | Test e:  0.1716 
| Epoch    7 | Train e:  0.2140, T l:  0.0403 | Val e:  0.1949 | Test e:  0.1893 
| Epoch    8 | Train e:  0.2322, T l:  0.0397 | Val e:  0.2019 | Test e:  0.2003 
| Epoch    9 | Train e:  0.2427, T l:  0.0392 | Val e:  0.2086 | Test e:  0.2039 
| Epoch   10 | Train e:  0.2558, T l:  0.0386 | Val e:  0.2182 | Test e:  0.2118 
| Epoch   11 | Train e:  0.2682, T l:  0.0381 | Val e:  0.2216 | Test e:  0.2191 
| Epoch   12 | Train e:  0.2876, T l:  0.0375 | Val e:  0.2315 | Test e:  0.2311 
| Epoch   13 | Train e:  0.2974, T l:  0.0371 | Val e:  0.2398 | Test e:  0.2333 
| Epoch   14 | Train e:  0.3052, T l:  0.0367 | Val e:  0.2442 | Test e:  0.2316 
| Epoch   15 | Train e:  0.3151, T l:  0.0363 | Val e:  0.2449 | Test e:  0.2394 
| Epoch   16 | Train e:  0.3232, T l:  0.0361 | Val e:  0.2478 | Test e:  0.2510 
| Epoch   17 | Train e:  0.3385, T l:  0.0357 | Val e:  0.2537 | Test e:  0.2535 
| Epoch   18 | Train e:  0.3398, T l:  0.0354 | Val e:  0.2575 | Test e:  0.2543 
| Epoch   19 | Train e:  0.3471, T l:  0.0352 | Val e:  0.2607 | Test e:  0.2563 
| Epoch   20 | Train e:  0.3537, T l:  0.0349 | Val e:  0.2642 | Test e:  0.2572 
| Epoch   21 | Train e:  0.3654, T l:  0.0347 | Val e:  0.2678 | Test e:  0.2616 
| Epoch   22 | Train e:  0.3659, T l:  0.0344 | Val e:  0.2657 | Test e:  0.2585 
| Epoch   23 | Train e:  0.3808, T l:  0.0342 | Val e:  0.2690 | Test e:  0.2624 
| Epoch   24 | Train e:  0.3799, T l:  0.0340 | Val e:  0.2753 | Test e:  0.2660 
| Epoch   25 | Train e:  0.3849, T l:  0.0338 | Val e:  0.2752 | Test e:  0.2702 
| Epoch   26 | Train e:  0.3913, T l:  0.0336 | Val e:  0.2764 | Test e:  0.2728 
| Epoch   27 | Train e:  0.3944, T l:  0.0335 | Val e:  0.2789 | Test e:  0.2724 
| Epoch   28 | Train e:  0.4029, T l:  0.0333 | Val e:  0.2789 | Test e:  0.2755 
| Epoch   29 | Train e:  0.4059, T l:  0.0331 | Val e:  0.2820 | Test e:  0.2740 
| Epoch   30 | Train e:  0.4160, T l:  0.0329 | Val e:  0.2880 | Test e:  0.2772 
| Epoch   31 | Train e:  0.4195, T l:  0.0328 | Val e:  0.2845 | Test e:  0.2757 
| Epoch   32 | Train e:  0.4233, T l:  0.0326 | Val e:  0.2816 | Test e:  0.2775 
| Epoch   33 | Train e:  0.4268, T l:  0.0324 | Val e:  0.2817 | Test e:  0.2757 
| Epoch   34 | Train e:  0.4310, T l:  0.0323 | Val e:  0.2850 | Test e:  0.2778 
| Epoch   35 | Train e:  0.4351, T l:  0.0321 | Val e:  0.2858 | Test e:  0.2833 
| Epoch   36 | Train e:  0.4403, T l:  0.0319 | Val e:  0.2882 | Test e:  0.2811 
| Epoch   37 | Train e:  0.4373, T l:  0.0318 | Val e:  0.2842 | Test e:  0.2811 
| Epoch   38 | Train e:  0.4512, T l:  0.0317 | Val e:  0.2911 | Test e:  0.2876 
| Epoch   39 | Train e:  0.4523, T l:  0.0315 | Val e:  0.2899 | Test e:  0.2855 
| Epoch   40 | Train e:  0.4545, T l:  0.0314 | Val e:  0.2934 | Test e:  0.2821 
| Epoch   41 | Train e:  0.4616, T l:  0.0312 | Val e:  0.2909 | Test e:  0.2825 
| Epoch   42 | Train e:  0.4668, T l:  0.0312 | Val e:  0.2977 | Test e:  0.2872 
| Epoch   43 | Train e:  0.4695, T l:  0.0310 | Val e:  0.2932 | Test e:  0.2851 
| Epoch   44 | Train e:  0.4735, T l:  0.0309 | Val e:  0.2971 | Test e:  0.2846 
| Epoch   45 | Train e:  0.4754, T l:  0.0307 | Val e:  0.3009 | Test e:  0.2878 
| Epoch   46 | Train e:  0.4823, T l:  0.0306 | Val e:  0.3012 | Test e:  0.2876 
| Epoch   47 | Train e:  0.4846, T l:  0.0305 | Val e:  0.2984 | Test e:  0.2857 
| Epoch   48 | Train e:  0.4870, T l:  0.0304 | Val e:  0.2971 | Test e:  0.2906 
| Epoch   49 | Train e:  0.4911, T l:  0.0303 | Val e:  0.3024 | Test e:  0.2893 
| Epoch   50 | Train e:  0.4964, T l:  0.0301 | Val e:  0.3001 | Test e:  0.2885 
| Epoch   51 | Train e:  0.4981, T l:  0.0300 | Val e:  0.2984 | Test e:  0.2909 
| Epoch   52 | Train e:  0.4977, T l:  0.0299 | Val e:  0.2962 | Test e:  0.2916 
| Epoch   53 | Train e:  0.5004, T l:  0.0298 | Val e:  0.3000 | Test e:  0.2922 
| Epoch   54 | Train e:  0.5083, T l:  0.0297 | Val e:  0.3010 | Test e:  0.2952 
| Epoch   55 | Train e:  0.5118, T l:  0.0296 | Val e:  0.3015 | Test e:  0.2949 
| Epoch   56 | Train e:  0.5148, T l:  0.0294 | Val e:  0.3032 | Test e:  0.2935 
| Epoch   57 | Train e:  0.5123, T l:  0.0293 | Val e:  0.2971 | Test e:  0.2922 
| Epoch   58 | Train e:  0.5190, T l:  0.0293 | Val e:  0.3032 | Test e:  0.2958 
| Epoch   59 | Train e:  0.5248, T l:  0.0291 | Val e:  0.3022 | Test e:  0.2983 
| Epoch   60 | Train e:  0.5261, T l:  0.0290 | Val e:  0.3035 | Test e:  0.2981 
| Epoch   61 | Train e:  0.5307, T l:  0.0289 | Val e:  0.3017 | Test e:  0.2922 
| Epoch   62 | Train e:  0.5320, T l:  0.0288 | Val e:  0.3023 | Test e:  0.2961 
| Epoch   63 | Train e:  0.5347, T l:  0.0287 | Val e:  0.3022 | Test e:  0.2968 
| Epoch   64 | Train e:  0.5353, T l:  0.0286 | Val e:  0.3069 | Test e:  0.2968 
| Epoch   65 | Train e:  0.5403, T l:  0.0286 | Val e:  0.3076 | Test e:  0.3008 
| Epoch   66 | Train e:  0.5445, T l:  0.0285 | Val e:  0.3057 | Test e:  0.2986 
| Epoch   67 | Train e:  0.5450, T l:  0.0284 | Val e:  0.3049 | Test e:  0.2991 
| Epoch   68 | Train e:  0.5497, T l:  0.0283 | Val e:  0.3078 | Test e:  0.2989 
| Epoch   69 | Train e:  0.5505, T l:  0.0282 | Val e:  0.3091 | Test e:  0.2988 
| Epoch   70 | Train e:  0.5536, T l:  0.0281 | Val e:  0.3066 | Test e:  0.2977 
| Epoch   71 | Train e:  0.5546, T l:  0.0280 | Val e:  0.3083 | Test e:  0.3018 
| Epoch   72 | Train e:  0.5573, T l:  0.0279 | Val e:  0.3085 | Test e:  0.2992 
| Epoch   73 | Train e:  0.5612, T l:  0.0278 | Val e:  0.3089 | Test e:  0.2978 
| Epoch   74 | Train e:  0.5645, T l:  0.0277 | Val e:  0.3057 | Test e:  0.2991 
| Epoch   75 | Train e:  0.5650, T l:  0.0276 | Val e:  0.3071 | Test e:  0.3004 
| Epoch   76 | Train e:  0.5673, T l:  0.0276 | Val e:  0.3083 | Test e:  0.2987 
| Epoch   77 | Train e:  0.5686, T l:  0.0275 | Val e:  0.3102 | Test e:  0.3020 
| Epoch   78 | Train e:  0.5721, T l:  0.0274 | Val e:  0.3094 | Test e:  0.2995 
| Epoch   79 | Train e:  0.5707, T l:  0.0273 | Val e:  0.3097 | Test e:  0.3023 
| Epoch   80 | Train e:  0.5743, T l:  0.0273 | Val e:  0.3097 | Test e:  0.3021 
| Epoch   81 | Train e:  0.5774, T l:  0.0272 | Val e:  0.3117 | Test e:  0.3012 
| Epoch   82 | Train e:  0.5782, T l:  0.0271 | Val e:  0.3121 | Test e:  0.3038 
| Epoch   83 | Train e:  0.5804, T l:  0.0270 | Val e:  0.3130 | Test e:  0.3051 
| Epoch   84 | Train e:  0.5828, T l:  0.0270 | Val e:  0.3148 | Test e:  0.3038 
| Epoch   85 | Train e:  0.5841, T l:  0.0269 | Val e:  0.3111 | Test e:  0.3020 
| Epoch   86 | Train e:  0.5869, T l:  0.0268 | Val e:  0.3126 | Test e:  0.3036 
| Epoch   87 | Train e:  0.5873, T l:  0.0268 | Val e:  0.3117 | Test e:  0.3048 
| Epoch   88 | Train e:  0.5870, T l:  0.0267 | Val e:  0.3116 | Test e:  0.3031 
| Epoch   89 | Train e:  0.5898, T l:  0.0267 | Val e:  0.3131 | Test e:  0.3032 
| Epoch   90 | Train e:  0.5915, T l:  0.0266 | Val e:  0.3128 | Test e:  0.3048 
| Epoch   91 | Train e:  0.5914, T l:  0.0266 | Val e:  0.3123 | Test e:  0.3040 
| Epoch   92 | Train e:  0.5920, T l:  0.0265 | Val e:  0.3140 | Test e:  0.3045 
| Epoch   93 | Train e:  0.5943, T l:  0.0265 | Val e:  0.3135 | Test e:  0.3035 
| Epoch   94 | Train e:  0.5946, T l:  0.0264 | Val e:  0.3139 | Test e:  0.3050 
| Epoch   95 | Train e:  0.5959, T l:  0.0264 | Val e:  0.3138 | Test e:  0.3032 
| Epoch   96 | Train e:  0.5968, T l:  0.0263 | Val e:  0.3142 | Test e:  0.3047 
| Epoch   97 | Train e:  0.5969, T l:  0.0263 | Val e:  0.3140 | Test e:  0.3047 
| Epoch   98 | Train e:  0.5973, T l:  0.0262 | Val e:  0.3139 | Test e:  0.3044 
| Epoch   99 | Train e:  0.5974, T l:  0.0262 | Val e:  0.3139 | Test e:  0.3042 
