

===============================================
2022-10-21 18:45:03

main_gat.py --seeds 23333 --device 2

gat conv + middle linear + ln + relu + dropout

baseline: SAT
dataset: ogbg-molpcba
use_val_loss: False
use_cpu: False
epochs: 100
scheduler: linear
warmup: 10
batch_size: 256
lr: 0.0002
weight_decay: 0.0001
num_workers: 0
clustering: False
masked_attention: True
gconv_dim: 384
tlayer_dim: 384
gat_attn_dropout: 0.0
gconv_dropout: 0.3
tlayer_attn_dropout: 0.3
tlayer_dropout: 0.3
num_layers: 5
num_heads: 8
skip_connection: short
readout: cls
seeds: 23333
device: 2
save_state: False



| Epoch    0 | Train e:  0.0287, T l:  0.2391 | Val e:  0.0327 | Test e:  0.0336 
| Epoch    1 | Train e:  0.0547, T l:  0.0598 | Val e:  0.0558 | Test e:  0.0591 
| Epoch    2 | Train e:  0.0931, T l:  0.0496 | Val e:  0.0996 | Test e:  0.0982 
| Epoch    3 | Train e:  0.1160, T l:  0.0463 | Val e:  0.1191 | Test e:  0.1170 
| Epoch    4 | Train e:  0.1463, T l:  0.0442 | Val e:  0.1472 | Test e:  0.1491 
| Epoch    5 | Train e:  0.1666, T l:  0.0427 | Val e:  0.1613 | Test e:  0.1613 
| Epoch    6 | Train e:  0.1912, T l:  0.0416 | Val e:  0.1777 | Test e:  0.1757 
| Epoch    7 | Train e:  0.2134, T l:  0.0407 | Val e:  0.1881 | Test e:  0.1860 
| Epoch    8 | Train e:  0.2248, T l:  0.0399 | Val e:  0.1959 | Test e:  0.1941 
| Epoch    9 | Train e:  0.2454, T l:  0.0394 | Val e:  0.2036 | Test e:  0.2026 
| Epoch   10 | Train e:  0.2583, T l:  0.0387 | Val e:  0.2138 | Test e:  0.2123 
| Epoch   11 | Train e:  0.2745, T l:  0.0380 | Val e:  0.2234 | Test e:  0.2224 
| Epoch   12 | Train e:  0.2897, T l:  0.0375 | Val e:  0.2251 | Test e:  0.2275 
| Epoch   13 | Train e:  0.3007, T l:  0.0370 | Val e:  0.2348 | Test e:  0.2335 
| Epoch   14 | Train e:  0.3125, T l:  0.0365 | Val e:  0.2393 | Test e:  0.2418 
| Epoch   15 | Train e:  0.3209, T l:  0.0361 | Val e:  0.2420 | Test e:  0.2444 
| Epoch   16 | Train e:  0.3343, T l:  0.0357 | Val e:  0.2514 | Test e:  0.2457 
| Epoch   17 | Train e:  0.3422, T l:  0.0353 | Val e:  0.2473 | Test e:  0.2456 
| Epoch   18 | Train e:  0.3449, T l:  0.0350 | Val e:  0.2551 | Test e:  0.2527 
| Epoch   19 | Train e:  0.3616, T l:  0.0346 | Val e:  0.2535 | Test e:  0.2506 
| Epoch   20 | Train e:  0.3745, T l:  0.0344 | Val e:  0.2624 | Test e:  0.2589 
| Epoch   21 | Train e:  0.3807, T l:  0.0341 | Val e:  0.2679 | Test e:  0.2636 
| Epoch   22 | Train e:  0.3861, T l:  0.0338 | Val e:  0.2728 | Test e:  0.2608 
| Epoch   23 | Train e:  0.3920, T l:  0.0335 | Val e:  0.2733 | Test e:  0.2653 
| Epoch   24 | Train e:  0.4007, T l:  0.0333 | Val e:  0.2693 | Test e:  0.2668 
| Epoch   25 | Train e:  0.4072, T l:  0.0331 | Val e:  0.2747 | Test e:  0.2658 
| Epoch   26 | Train e:  0.4128, T l:  0.0328 | Val e:  0.2719 | Test e:  0.2655 
| Epoch   27 | Train e:  0.4205, T l:  0.0326 | Val e:  0.2784 | Test e:  0.2747 
| Epoch   28 | Train e:  0.4190, T l:  0.0324 | Val e:  0.2747 | Test e:  0.2691 
| Epoch   29 | Train e:  0.4362, T l:  0.0322 | Val e:  0.2790 | Test e:  0.2709 
| Epoch   30 | Train e:  0.4410, T l:  0.0319 | Val e:  0.2834 | Test e:  0.2726 
| Epoch   31 | Train e:  0.4519, T l:  0.0318 | Val e:  0.2811 | Test e:  0.2783 
| Epoch   32 | Train e:  0.4527, T l:  0.0316 | Val e:  0.2829 | Test e:  0.2778 
| Epoch   33 | Train e:  0.4610, T l:  0.0314 | Val e:  0.2880 | Test e:  0.2791 
| Epoch   34 | Train e:  0.4638, T l:  0.0312 | Val e:  0.2876 | Test e:  0.2800 
| Epoch   35 | Train e:  0.4641, T l:  0.0311 | Val e:  0.2856 | Test e:  0.2786 
| Epoch   36 | Train e:  0.4716, T l:  0.0309 | Val e:  0.2877 | Test e:  0.2788 
| Epoch   37 | Train e:  0.4788, T l:  0.0307 | Val e:  0.2899 | Test e:  0.2815 
| Epoch   38 | Train e:  0.4847, T l:  0.0305 | Val e:  0.2872 | Test e:  0.2792 
| Epoch   39 | Train e:  0.4856, T l:  0.0304 | Val e:  0.2876 | Test e:  0.2824 
| Epoch   40 | Train e:  0.4907, T l:  0.0302 | Val e:  0.2888 | Test e:  0.2856 
| Epoch   41 | Train e:  0.4982, T l:  0.0301 | Val e:  0.2905 | Test e:  0.2856 
| Epoch   42 | Train e:  0.5037, T l:  0.0299 | Val e:  0.2908 | Test e:  0.2839 
| Epoch   43 | Train e:  0.5072, T l:  0.0298 | Val e:  0.2931 | Test e:  0.2878 
| Epoch   44 | Train e:  0.5119, T l:  0.0296 | Val e:  0.2950 | Test e:  0.2882 
| Epoch   45 | Train e:  0.5162, T l:  0.0295 | Val e:  0.2967 | Test e:  0.2877 
| Epoch   46 | Train e:  0.5185, T l:  0.0294 | Val e:  0.3005 | Test e:  0.2905 
| Epoch   47 | Train e:  0.5208, T l:  0.0292 | Val e:  0.2973 | Test e:  0.2887 
| Epoch   48 | Train e:  0.5266, T l:  0.0291 | Val e:  0.2988 | Test e:  0.2892 
| Epoch   49 | Train e:  0.5313, T l:  0.0289 | Val e:  0.2975 | Test e:  0.2910 
| Epoch   50 | Train e:  0.5390, T l:  0.0288 | Val e:  0.2993 | Test e:  0.2916 
| Epoch   51 | Train e:  0.5369, T l:  0.0287 | Val e:  0.3005 | Test e:  0.2914 
| Epoch   52 | Train e:  0.5382, T l:  0.0286 | Val e:  0.2974 | Test e:  0.2909 
| Epoch   53 | Train e:  0.5436, T l:  0.0284 | Val e:  0.3009 | Test e:  0.2903 
| Epoch   54 | Train e:  0.5507, T l:  0.0283 | Val e:  0.3023 | Test e:  0.2928 
| Epoch   55 | Train e:  0.5541, T l:  0.0282 | Val e:  0.3001 | Test e:  0.2960 
| Epoch   56 | Train e:  0.5572, T l:  0.0280 | Val e:  0.3028 | Test e:  0.2961 
| Epoch   57 | Train e:  0.5615, T l:  0.0280 | Val e:  0.3017 | Test e:  0.2934 
| Epoch   58 | Train e:  0.5607, T l:  0.0278 | Val e:  0.3002 | Test e:  0.2923 
| Epoch   59 | Train e:  0.5628, T l:  0.0277 | Val e:  0.3031 | Test e:  0.2956 
| Epoch   60 | Train e:  0.5702, T l:  0.0276 | Val e:  0.3025 | Test e:  0.2946 
| Epoch   61 | Train e:  0.5712, T l:  0.0275 | Val e:  0.3021 | Test e:  0.2946 
| Epoch   62 | Train e:  0.5742, T l:  0.0274 | Val e:  0.3042 | Test e:  0.2957 
| Epoch   63 | Train e:  0.5773, T l:  0.0273 | Val e:  0.3037 | Test e:  0.2936 
| Epoch   64 | Train e:  0.5790, T l:  0.0272 | Val e:  0.3037 | Test e:  0.2917 
| Epoch   65 | Train e:  0.5834, T l:  0.0271 | Val e:  0.3043 | Test e:  0.2955 
| Epoch   66 | Train e:  0.5882, T l:  0.0270 | Val e:  0.3073 | Test e:  0.2977 
| Epoch   67 | Train e:  0.5918, T l:  0.0269 | Val e:  0.3066 | Test e:  0.2960 
| Epoch   68 | Train e:  0.5921, T l:  0.0268 | Val e:  0.3057 | Test e:  0.2974 
| Epoch   69 | Train e:  0.5930, T l:  0.0267 | Val e:  0.3041 | Test e:  0.2973 
| Epoch   70 | Train e:  0.5957, T l:  0.0266 | Val e:  0.3050 | Test e:  0.2977 
| Epoch   71 | Train e:  0.5985, T l:  0.0265 | Val e:  0.3072 | Test e:  0.2965 
| Epoch   72 | Train e:  0.6016, T l:  0.0264 | Val e:  0.3080 | Test e:  0.2999 
| Epoch   73 | Train e:  0.6048, T l:  0.0263 | Val e:  0.3059 | Test e:  0.2989 
| Epoch   74 | Train e:  0.6060, T l:  0.0262 | Val e:  0.3072 | Test e:  0.2991 
| Epoch   75 | Train e:  0.6113, T l:  0.0262 | Val e:  0.3057 | Test e:  0.3021 
| Epoch   76 | Train e:  0.6113, T l:  0.0261 | Val e:  0.3075 | Test e:  0.2982 
| Epoch   77 | Train e:  0.6148, T l:  0.0260 | Val e:  0.3047 | Test e:  0.2966 
| Epoch   78 | Train e:  0.6176, T l:  0.0259 | Val e:  0.3064 | Test e:  0.3000 
| Epoch   79 | Train e:  0.6191, T l:  0.0258 | Val e:  0.3062 | Test e:  0.2982 
| Epoch   80 | Train e:  0.6205, T l:  0.0258 | Val e:  0.3071 | Test e:  0.2998 
| Epoch   81 | Train e:  0.6211, T l:  0.0256 | Val e:  0.3056 | Test e:  0.2989 
| Epoch   82 | Train e:  0.6233, T l:  0.0256 | Val e:  0.3051 | Test e:  0.2980 
| Epoch   83 | Train e:  0.6250, T l:  0.0255 | Val e:  0.3042 | Test e:  0.2998 
| Epoch   84 | Train e:  0.6290, T l:  0.0255 | Val e:  0.3068 | Test e:  0.3000 
| Epoch   85 | Train e:  0.6315, T l:  0.0253 | Val e:  0.3081 | Test e:  0.2989 
| Epoch   86 | Train e:  0.6311, T l:  0.0253 | Val e:  0.3065 | Test e:  0.3007 
| Epoch   87 | Train e:  0.6326, T l:  0.0253 | Val e:  0.3061 | Test e:  0.2999 
| Epoch   88 | Train e:  0.6336, T l:  0.0252 | Val e:  0.3064 | Test e:  0.2998 
| Epoch   89 | Train e:  0.6364, T l:  0.0251 | Val e:  0.3076 | Test e:  0.3006 
| Epoch   90 | Train e:  0.6371, T l:  0.0250 | Val e:  0.3074 | Test e:  0.2989 
| Epoch   91 | Train e:  0.6387, T l:  0.0250 | Val e:  0.3081 | Test e:  0.3004 
| Epoch   92 | Train e:  0.6400, T l:  0.0249 | Val e:  0.3085 | Test e:  0.2978 
| Epoch   93 | Train e:  0.6404, T l:  0.0249 | Val e:  0.3082 | Test e:  0.2990 
| Epoch   94 | Train e:  0.6407, T l:  0.0249 | Val e:  0.3084 | Test e:  0.3013 
| Epoch   95 | Train e:  0.6423, T l:  0.0248 | Val e:  0.3076 | Test e:  0.3007 
| Epoch   96 | Train e:  0.6420, T l:  0.0248 | Val e:  0.3078 | Test e:  0.3007 
| Epoch   97 | Train e:  0.6431, T l:  0.0247 | Val e:  0.3082 | Test e:  0.3009 
| Epoch   98 | Train e:  0.6435, T l:  0.0247 | Val e:  0.3077 | Test e:  0.3006 
| Epoch   99 | Train e:  0.6437, T l:  0.0246 | Val e:  0.3075 | Test e:  0.3010 
