

===============================================
2022-12-19 23:26:13

main_transformerconv.py --seeds 666 --device 1

None

baseline: SAT
dataset: ogbg-molpcba
use_val_loss: False
use_cpu: False
epochs: 100
scheduler: linear
warmup: 10
batch_size: 256
lr: 0.0002
weight_decay: 0.0001
num_workers: 0
clustering: False
masked_attention: True
gconv_dim: 384
tlayer_dim: 384
gat_attn_dropout: 0.0
gconv_dropout: 0.3
tlayer_attn_dropout: 0.3
tlayer_dropout: 0.3
num_layers: 5
num_heads: 8
skip_connection: short
readout: cls
seeds: 666
device: 1
save_state: False



| Epoch    0 | Train e:  0.0281, T l:  0.2524 | Val e:  0.0305 | Test e:  0.0318 
| Epoch    1 | Train e:  0.0481, T l:  0.0608 | Val e:  0.0500 | Test e:  0.0539 
| Epoch    2 | Train e:  0.0913, T l:  0.0502 | Val e:  0.0991 | Test e:  0.0971 
| Epoch    3 | Train e:  0.1185, T l:  0.0464 | Val e:  0.1240 | Test e:  0.1223 
| Epoch    4 | Train e:  0.1517, T l:  0.0440 | Val e:  0.1517 | Test e:  0.1501 
| Epoch    5 | Train e:  0.1663, T l:  0.0424 | Val e:  0.1639 | Test e:  0.1579 
| Epoch    6 | Train e:  0.1951, T l:  0.0411 | Val e:  0.1830 | Test e:  0.1775 
| Epoch    7 | Train e:  0.2166, T l:  0.0403 | Val e:  0.1977 | Test e:  0.1932 
| Epoch    8 | Train e:  0.2340, T l:  0.0397 | Val e:  0.2047 | Test e:  0.2024 
| Epoch    9 | Train e:  0.2408, T l:  0.0391 | Val e:  0.2095 | Test e:  0.2073 
| Epoch   10 | Train e:  0.2521, T l:  0.0386 | Val e:  0.2130 | Test e:  0.2062 
| Epoch   11 | Train e:  0.2714, T l:  0.0380 | Val e:  0.2235 | Test e:  0.2234 
| Epoch   12 | Train e:  0.2823, T l:  0.0376 | Val e:  0.2277 | Test e:  0.2308 
| Epoch   13 | Train e:  0.2971, T l:  0.0371 | Val e:  0.2291 | Test e:  0.2312 
| Epoch   14 | Train e:  0.2978, T l:  0.0367 | Val e:  0.2329 | Test e:  0.2322 
| Epoch   15 | Train e:  0.3156, T l:  0.0363 | Val e:  0.2405 | Test e:  0.2380 
| Epoch   16 | Train e:  0.3144, T l:  0.0360 | Val e:  0.2389 | Test e:  0.2326 
| Epoch   17 | Train e:  0.3286, T l:  0.0357 | Val e:  0.2458 | Test e:  0.2431 
| Epoch   18 | Train e:  0.3359, T l:  0.0355 | Val e:  0.2579 | Test e:  0.2472 
| Epoch   19 | Train e:  0.3427, T l:  0.0352 | Val e:  0.2571 | Test e:  0.2504 
| Epoch   20 | Train e:  0.3513, T l:  0.0350 | Val e:  0.2566 | Test e:  0.2543 
| Epoch   21 | Train e:  0.3539, T l:  0.0347 | Val e:  0.2560 | Test e:  0.2551 
| Epoch   22 | Train e:  0.3691, T l:  0.0345 | Val e:  0.2618 | Test e:  0.2614 
| Epoch   23 | Train e:  0.3707, T l:  0.0343 | Val e:  0.2636 | Test e:  0.2647 
| Epoch   24 | Train e:  0.3786, T l:  0.0341 | Val e:  0.2679 | Test e:  0.2623 
| Epoch   25 | Train e:  0.3810, T l:  0.0339 | Val e:  0.2674 | Test e:  0.2632 
| Epoch   26 | Train e:  0.3900, T l:  0.0337 | Val e:  0.2701 | Test e:  0.2634 
| Epoch   27 | Train e:  0.3948, T l:  0.0335 | Val e:  0.2718 | Test e:  0.2667 
| Epoch   28 | Train e:  0.4028, T l:  0.0333 | Val e:  0.2700 | Test e:  0.2682 
| Epoch   29 | Train e:  0.4040, T l:  0.0332 | Val e:  0.2749 | Test e:  0.2712 
| Epoch   30 | Train e:  0.4054, T l:  0.0330 | Val e:  0.2743 | Test e:  0.2704 
| Epoch   31 | Train e:  0.4046, T l:  0.0328 | Val e:  0.2732 | Test e:  0.2652 
| Epoch   32 | Train e:  0.4142, T l:  0.0327 | Val e:  0.2814 | Test e:  0.2700 
| Epoch   33 | Train e:  0.4252, T l:  0.0325 | Val e:  0.2821 | Test e:  0.2768 
| Epoch   34 | Train e:  0.4260, T l:  0.0324 | Val e:  0.2798 | Test e:  0.2744 
| Epoch   35 | Train e:  0.4347, T l:  0.0322 | Val e:  0.2829 | Test e:  0.2803 
| Epoch   36 | Train e:  0.4384, T l:  0.0321 | Val e:  0.2817 | Test e:  0.2783 
| Epoch   37 | Train e:  0.4454, T l:  0.0319 | Val e:  0.2882 | Test e:  0.2788 
| Epoch   38 | Train e:  0.4438, T l:  0.0318 | Val e:  0.2832 | Test e:  0.2799 
| Epoch   39 | Train e:  0.4463, T l:  0.0316 | Val e:  0.2872 | Test e:  0.2779 
| Epoch   40 | Train e:  0.4535, T l:  0.0315 | Val e:  0.2869 | Test e:  0.2821 
| Epoch   41 | Train e:  0.4531, T l:  0.0313 | Val e:  0.2861 | Test e:  0.2782 
| Epoch   42 | Train e:  0.4653, T l:  0.0312 | Val e:  0.2938 | Test e:  0.2852 
| Epoch   43 | Train e:  0.4651, T l:  0.0311 | Val e:  0.2924 | Test e:  0.2815 
| Epoch   44 | Train e:  0.4678, T l:  0.0310 | Val e:  0.2920 | Test e:  0.2847 
| Epoch   45 | Train e:  0.4767, T l:  0.0308 | Val e:  0.2955 | Test e:  0.2861 
| Epoch   46 | Train e:  0.4781, T l:  0.0307 | Val e:  0.2942 | Test e:  0.2883 
| Epoch   47 | Train e:  0.4819, T l:  0.0306 | Val e:  0.2951 | Test e:  0.2843 
| Epoch   48 | Train e:  0.4849, T l:  0.0305 | Val e:  0.2974 | Test e:  0.2938 
| Epoch   49 | Train e:  0.4879, T l:  0.0304 | Val e:  0.2956 | Test e:  0.2935 
| Epoch   50 | Train e:  0.4920, T l:  0.0302 | Val e:  0.2960 | Test e:  0.2892 
| Epoch   51 | Train e:  0.4927, T l:  0.0301 | Val e:  0.2955 | Test e:  0.2895 
| Epoch   52 | Train e:  0.4962, T l:  0.0300 | Val e:  0.2954 | Test e:  0.2910 
| Epoch   53 | Train e:  0.5047, T l:  0.0299 | Val e:  0.3006 | Test e:  0.2921 
| Epoch   54 | Train e:  0.5057, T l:  0.0298 | Val e:  0.2994 | Test e:  0.2918 
| Epoch   55 | Train e:  0.5073, T l:  0.0297 | Val e:  0.3014 | Test e:  0.2921 
| Epoch   56 | Train e:  0.5122, T l:  0.0296 | Val e:  0.2988 | Test e:  0.2936 
| Epoch   57 | Train e:  0.5152, T l:  0.0295 | Val e:  0.3000 | Test e:  0.2914 
| Epoch   58 | Train e:  0.5186, T l:  0.0294 | Val e:  0.3006 | Test e:  0.2920 
| Epoch   59 | Train e:  0.5220, T l:  0.0293 | Val e:  0.3029 | Test e:  0.2943 
| Epoch   60 | Train e:  0.5232, T l:  0.0291 | Val e:  0.2992 | Test e:  0.2932 
| Epoch   61 | Train e:  0.5268, T l:  0.0290 | Val e:  0.3053 | Test e:  0.2979 
| Epoch   62 | Train e:  0.5317, T l:  0.0290 | Val e:  0.3029 | Test e:  0.2982 
| Epoch   63 | Train e:  0.5302, T l:  0.0288 | Val e:  0.3045 | Test e:  0.2968 
| Epoch   64 | Train e:  0.5346, T l:  0.0287 | Val e:  0.3055 | Test e:  0.2976 
| Epoch   65 | Train e:  0.5401, T l:  0.0286 | Val e:  0.3075 | Test e:  0.3011 
| Epoch   66 | Train e:  0.5412, T l:  0.0286 | Val e:  0.3047 | Test e:  0.2967 
| Epoch   67 | Train e:  0.5445, T l:  0.0285 | Val e:  0.3040 | Test e:  0.2962 
| Epoch   68 | Train e:  0.5456, T l:  0.0284 | Val e:  0.3071 | Test e:  0.3009 
| Epoch   69 | Train e:  0.5502, T l:  0.0283 | Val e:  0.3067 | Test e:  0.3007 
| Epoch   70 | Train e:  0.5486, T l:  0.0282 | Val e:  0.3079 | Test e:  0.3028 
| Epoch   71 | Train e:  0.5569, T l:  0.0281 | Val e:  0.3100 | Test e:  0.3012 
| Epoch   72 | Train e:  0.5565, T l:  0.0280 | Val e:  0.3087 | Test e:  0.3006 
| Epoch   73 | Train e:  0.5566, T l:  0.0279 | Val e:  0.3085 | Test e:  0.3043 
| Epoch   74 | Train e:  0.5594, T l:  0.0278 | Val e:  0.3105 | Test e:  0.3024 
| Epoch   75 | Train e:  0.5640, T l:  0.0278 | Val e:  0.3082 | Test e:  0.3025 
| Epoch   76 | Train e:  0.5645, T l:  0.0277 | Val e:  0.3087 | Test e:  0.3037 
| Epoch   77 | Train e:  0.5675, T l:  0.0276 | Val e:  0.3099 | Test e:  0.3028 
| Epoch   78 | Train e:  0.5668, T l:  0.0276 | Val e:  0.3100 | Test e:  0.3020 
| Epoch   79 | Train e:  0.5688, T l:  0.0274 | Val e:  0.3085 | Test e:  0.3016 
| Epoch   80 | Train e:  0.5759, T l:  0.0274 | Val e:  0.3118 | Test e:  0.3024 
| Epoch   81 | Train e:  0.5747, T l:  0.0273 | Val e:  0.3094 | Test e:  0.3026 
| Epoch   82 | Train e:  0.5755, T l:  0.0273 | Val e:  0.3130 | Test e:  0.3028 
| Epoch   83 | Train e:  0.5780, T l:  0.0272 | Val e:  0.3121 | Test e:  0.3038 
| Epoch   84 | Train e:  0.5813, T l:  0.0271 | Val e:  0.3143 | Test e:  0.3037 
| Epoch   85 | Train e:  0.5818, T l:  0.0271 | Val e:  0.3135 | Test e:  0.3047 
| Epoch   86 | Train e:  0.5839, T l:  0.0270 | Val e:  0.3123 | Test e:  0.3038 
| Epoch   87 | Train e:  0.5851, T l:  0.0269 | Val e:  0.3128 | Test e:  0.3049 
| Epoch   88 | Train e:  0.5854, T l:  0.0269 | Val e:  0.3130 | Test e:  0.3038 
| Epoch   89 | Train e:  0.5880, T l:  0.0268 | Val e:  0.3125 | Test e:  0.3034 
| Epoch   90 | Train e:  0.5888, T l:  0.0267 | Val e:  0.3138 | Test e:  0.3051 
| Epoch   91 | Train e:  0.5899, T l:  0.0267 | Val e:  0.3140 | Test e:  0.3046 
| Epoch   92 | Train e:  0.5914, T l:  0.0266 | Val e:  0.3128 | Test e:  0.3050 
| Epoch   93 | Train e:  0.5914, T l:  0.0266 | Val e:  0.3137 | Test e:  0.3050 
| Epoch   94 | Train e:  0.5940, T l:  0.0266 | Val e:  0.3138 | Test e:  0.3052 
| Epoch   95 | Train e:  0.5945, T l:  0.0265 | Val e:  0.3149 | Test e:  0.3055 
| Epoch   96 | Train e:  0.5952, T l:  0.0264 | Val e:  0.3142 | Test e:  0.3053 
| Epoch   97 | Train e:  0.5954, T l:  0.0264 | Val e:  0.3146 | Test e:  0.3051 
| Epoch   98 | Train e:  0.5954, T l:  0.0264 | Val e:  0.3144 | Test e:  0.3052 
| Epoch   99 | Train e:  0.5958, T l:  0.0264 | Val e:  0.3144 | Test e:  0.3053 
