

===============================================
2022-12-20 16:32:34

main_transformerconv.py --device 1 --seeds 2022

None

baseline: SAT
dataset: ogbg-molpcba
use_val_loss: False
use_cpu: False
epochs: 100
scheduler: linear
warmup: 10
batch_size: 256
lr: 0.0002
weight_decay: 0.0001
num_workers: 0
clustering: False
masked_attention: True
gconv_dim: 384
tlayer_dim: 384
gat_attn_dropout: 0.0
gconv_dropout: 0.3
tlayer_attn_dropout: 0.3
tlayer_dropout: 0.3
num_layers: 5
num_heads: 8
skip_connection: short
readout: cls
seeds: 2022
device: 1
save_state: False



| Epoch    0 | Train e:  0.0288, T l:  0.2434 | Val e:  0.0321 | Test e:  0.0333 
| Epoch    1 | Train e:  0.0539, T l:  0.0602 | Val e:  0.0544 | Test e:  0.0570 
| Epoch    2 | Train e:  0.0945, T l:  0.0498 | Val e:  0.0985 | Test e:  0.0948 
| Epoch    3 | Train e:  0.1211, T l:  0.0463 | Val e:  0.1285 | Test e:  0.1256 
| Epoch    4 | Train e:  0.1514, T l:  0.0440 | Val e:  0.1569 | Test e:  0.1489 
| Epoch    5 | Train e:  0.1690, T l:  0.0423 | Val e:  0.1641 | Test e:  0.1612 
| Epoch    6 | Train e:  0.1950, T l:  0.0411 | Val e:  0.1845 | Test e:  0.1795 
| Epoch    7 | Train e:  0.2185, T l:  0.0402 | Val e:  0.1987 | Test e:  0.1923 
| Epoch    8 | Train e:  0.2225, T l:  0.0396 | Val e:  0.2054 | Test e:  0.2013 
| Epoch    9 | Train e:  0.2498, T l:  0.0390 | Val e:  0.2168 | Test e:  0.2134 
| Epoch   10 | Train e:  0.2585, T l:  0.0386 | Val e:  0.2138 | Test e:  0.2160 
| Epoch   11 | Train e:  0.2780, T l:  0.0380 | Val e:  0.2243 | Test e:  0.2252 
| Epoch   12 | Train e:  0.2829, T l:  0.0376 | Val e:  0.2247 | Test e:  0.2297 
| Epoch   13 | Train e:  0.2889, T l:  0.0371 | Val e:  0.2310 | Test e:  0.2351 
| Epoch   14 | Train e:  0.3109, T l:  0.0367 | Val e:  0.2419 | Test e:  0.2443 
| Epoch   15 | Train e:  0.3156, T l:  0.0363 | Val e:  0.2444 | Test e:  0.2504 
| Epoch   16 | Train e:  0.3288, T l:  0.0361 | Val e:  0.2423 | Test e:  0.2466 
| Epoch   17 | Train e:  0.3305, T l:  0.0357 | Val e:  0.2461 | Test e:  0.2486 
| Epoch   18 | Train e:  0.3382, T l:  0.0354 | Val e:  0.2547 | Test e:  0.2551 
| Epoch   19 | Train e:  0.3456, T l:  0.0351 | Val e:  0.2542 | Test e:  0.2628 
| Epoch   20 | Train e:  0.3529, T l:  0.0349 | Val e:  0.2554 | Test e:  0.2540 
| Epoch   21 | Train e:  0.3495, T l:  0.0347 | Val e:  0.2554 | Test e:  0.2588 
| Epoch   22 | Train e:  0.3676, T l:  0.0345 | Val e:  0.2648 | Test e:  0.2657 
| Epoch   23 | Train e:  0.3738, T l:  0.0342 | Val e:  0.2698 | Test e:  0.2639 
| Epoch   24 | Train e:  0.3783, T l:  0.0340 | Val e:  0.2668 | Test e:  0.2631 
| Epoch   25 | Train e:  0.3856, T l:  0.0339 | Val e:  0.2697 | Test e:  0.2734 
| Epoch   26 | Train e:  0.3918, T l:  0.0336 | Val e:  0.2675 | Test e:  0.2721 
| Epoch   27 | Train e:  0.3841, T l:  0.0335 | Val e:  0.2639 | Test e:  0.2648 
| Epoch   28 | Train e:  0.3988, T l:  0.0333 | Val e:  0.2739 | Test e:  0.2745 
| Epoch   29 | Train e:  0.4101, T l:  0.0331 | Val e:  0.2794 | Test e:  0.2739 
| Epoch   30 | Train e:  0.4118, T l:  0.0329 | Val e:  0.2771 | Test e:  0.2819 
| Epoch   31 | Train e:  0.4138, T l:  0.0328 | Val e:  0.2751 | Test e:  0.2766 
| Epoch   32 | Train e:  0.4209, T l:  0.0326 | Val e:  0.2801 | Test e:  0.2821 
| Epoch   33 | Train e:  0.4206, T l:  0.0324 | Val e:  0.2773 | Test e:  0.2810 
| Epoch   34 | Train e:  0.4353, T l:  0.0323 | Val e:  0.2820 | Test e:  0.2855 
| Epoch   35 | Train e:  0.4374, T l:  0.0321 | Val e:  0.2842 | Test e:  0.2864 
| Epoch   36 | Train e:  0.4388, T l:  0.0320 | Val e:  0.2842 | Test e:  0.2856 
| Epoch   37 | Train e:  0.4384, T l:  0.0319 | Val e:  0.2779 | Test e:  0.2775 
| Epoch   38 | Train e:  0.4469, T l:  0.0317 | Val e:  0.2841 | Test e:  0.2831 
| Epoch   39 | Train e:  0.4487, T l:  0.0316 | Val e:  0.2823 | Test e:  0.2839 
| Epoch   40 | Train e:  0.4578, T l:  0.0315 | Val e:  0.2898 | Test e:  0.2886 
| Epoch   41 | Train e:  0.4594, T l:  0.0313 | Val e:  0.2866 | Test e:  0.2880 
| Epoch   42 | Train e:  0.4667, T l:  0.0312 | Val e:  0.2893 | Test e:  0.2914 
| Epoch   43 | Train e:  0.4708, T l:  0.0311 | Val e:  0.2900 | Test e:  0.2916 
| Epoch   44 | Train e:  0.4753, T l:  0.0309 | Val e:  0.2919 | Test e:  0.2914 
| Epoch   45 | Train e:  0.4701, T l:  0.0308 | Val e:  0.2903 | Test e:  0.2885 
| Epoch   46 | Train e:  0.4824, T l:  0.0307 | Val e:  0.2926 | Test e:  0.2900 
| Epoch   47 | Train e:  0.4840, T l:  0.0305 | Val e:  0.2939 | Test e:  0.2892 
| Epoch   48 | Train e:  0.4871, T l:  0.0304 | Val e:  0.2904 | Test e:  0.2941 
| Epoch   49 | Train e:  0.4893, T l:  0.0303 | Val e:  0.2928 | Test e:  0.2943 
| Epoch   50 | Train e:  0.4954, T l:  0.0301 | Val e:  0.2959 | Test e:  0.2971 
| Epoch   51 | Train e:  0.4968, T l:  0.0301 | Val e:  0.2931 | Test e:  0.2928 
| Epoch   52 | Train e:  0.5005, T l:  0.0300 | Val e:  0.2940 | Test e:  0.2923 
| Epoch   53 | Train e:  0.5014, T l:  0.0298 | Val e:  0.2928 | Test e:  0.2923 
| Epoch   54 | Train e:  0.5054, T l:  0.0298 | Val e:  0.2949 | Test e:  0.2933 
| Epoch   55 | Train e:  0.5090, T l:  0.0296 | Val e:  0.2976 | Test e:  0.2972 
| Epoch   56 | Train e:  0.5117, T l:  0.0295 | Val e:  0.2967 | Test e:  0.2967 
| Epoch   57 | Train e:  0.5173, T l:  0.0294 | Val e:  0.2972 | Test e:  0.2992 
| Epoch   58 | Train e:  0.5189, T l:  0.0293 | Val e:  0.2976 | Test e:  0.2957 
| Epoch   59 | Train e:  0.5228, T l:  0.0292 | Val e:  0.3008 | Test e:  0.2938 
| Epoch   60 | Train e:  0.5256, T l:  0.0291 | Val e:  0.3026 | Test e:  0.2957 
| Epoch   61 | Train e:  0.5304, T l:  0.0290 | Val e:  0.3008 | Test e:  0.2939 
| Epoch   62 | Train e:  0.5309, T l:  0.0289 | Val e:  0.3017 | Test e:  0.2980 
| Epoch   63 | Train e:  0.5360, T l:  0.0288 | Val e:  0.3052 | Test e:  0.2992 
| Epoch   64 | Train e:  0.5371, T l:  0.0287 | Val e:  0.3043 | Test e:  0.2942 
| Epoch   65 | Train e:  0.5390, T l:  0.0286 | Val e:  0.3057 | Test e:  0.2973 
| Epoch   66 | Train e:  0.5406, T l:  0.0285 | Val e:  0.3049 | Test e:  0.2990 
| Epoch   67 | Train e:  0.5447, T l:  0.0284 | Val e:  0.3082 | Test e:  0.2953 
| Epoch   68 | Train e:  0.5484, T l:  0.0283 | Val e:  0.3080 | Test e:  0.2990 
| Epoch   69 | Train e:  0.5505, T l:  0.0282 | Val e:  0.3047 | Test e:  0.2970 
| Epoch   70 | Train e:  0.5536, T l:  0.0281 | Val e:  0.3060 | Test e:  0.3034 
| Epoch   71 | Train e:  0.5564, T l:  0.0281 | Val e:  0.3086 | Test e:  0.3020 
| Epoch   72 | Train e:  0.5573, T l:  0.0279 | Val e:  0.3077 | Test e:  0.2990 
| Epoch   73 | Train e:  0.5601, T l:  0.0279 | Val e:  0.3071 | Test e:  0.2998 
| Epoch   74 | Train e:  0.5634, T l:  0.0278 | Val e:  0.3060 | Test e:  0.3014 
| Epoch   75 | Train e:  0.5626, T l:  0.0277 | Val e:  0.3064 | Test e:  0.3005 
| Epoch   76 | Train e:  0.5691, T l:  0.0276 | Val e:  0.3096 | Test e:  0.2994 
| Epoch   77 | Train e:  0.5683, T l:  0.0276 | Val e:  0.3077 | Test e:  0.2988 
| Epoch   78 | Train e:  0.5709, T l:  0.0275 | Val e:  0.3098 | Test e:  0.2987 
| Epoch   79 | Train e:  0.5730, T l:  0.0274 | Val e:  0.3105 | Test e:  0.3003 
| Epoch   80 | Train e:  0.5749, T l:  0.0273 | Val e:  0.3113 | Test e:  0.2997 
| Epoch   81 | Train e:  0.5779, T l:  0.0273 | Val e:  0.3127 | Test e:  0.3002 
| Epoch   82 | Train e:  0.5783, T l:  0.0272 | Val e:  0.3105 | Test e:  0.2991 
| Epoch   83 | Train e:  0.5787, T l:  0.0271 | Val e:  0.3110 | Test e:  0.2994 
| Epoch   84 | Train e:  0.5823, T l:  0.0271 | Val e:  0.3128 | Test e:  0.2982 
| Epoch   85 | Train e:  0.5828, T l:  0.0270 | Val e:  0.3131 | Test e:  0.3010 
| Epoch   86 | Train e:  0.5857, T l:  0.0269 | Val e:  0.3121 | Test e:  0.2992 
| Epoch   87 | Train e:  0.5856, T l:  0.0269 | Val e:  0.3135 | Test e:  0.2989 
| Epoch   88 | Train e:  0.5865, T l:  0.0268 | Val e:  0.3133 | Test e:  0.2990 
| Epoch   89 | Train e:  0.5897, T l:  0.0267 | Val e:  0.3129 | Test e:  0.3019 
| Epoch   90 | Train e:  0.5890, T l:  0.0266 | Val e:  0.3136 | Test e:  0.3014 
| Epoch   91 | Train e:  0.5913, T l:  0.0266 | Val e:  0.3131 | Test e:  0.3001 
| Epoch   92 | Train e:  0.5922, T l:  0.0265 | Val e:  0.3133 | Test e:  0.2998 
| Epoch   93 | Train e:  0.5937, T l:  0.0265 | Val e:  0.3144 | Test e:  0.2994 
| Epoch   94 | Train e:  0.5942, T l:  0.0264 | Val e:  0.3146 | Test e:  0.3000 
| Epoch   95 | Train e:  0.5955, T l:  0.0264 | Val e:  0.3148 | Test e:  0.3009 
| Epoch   96 | Train e:  0.5957, T l:  0.0264 | Val e:  0.3157 | Test e:  0.3011 
| Epoch   97 | Train e:  0.5965, T l:  0.0263 | Val e:  0.3164 | Test e:  0.3012 
| Epoch   98 | Train e:  0.5968, T l:  0.0263 | Val e:  0.3161 | Test e:  0.3012 
| Epoch   99 | Train e:  0.5969, T l:  0.0262 | Val e:  0.3156 | Test e:  0.3010 
