

===============================================
2022-10-22 06:55:16

main_gat.py --seeds 666 --device 2

gat conv + middle linear + ln + relu + dropout

baseline: SAT
dataset: ogbg-molpcba
use_val_loss: False
use_cpu: False
epochs: 100
scheduler: linear
warmup: 10
batch_size: 256
lr: 0.0002
weight_decay: 0.0001
num_workers: 0
clustering: False
masked_attention: True
gconv_dim: 384
tlayer_dim: 384
gat_attn_dropout: 0.0
gconv_dropout: 0.3
tlayer_attn_dropout: 0.3
tlayer_dropout: 0.3
num_layers: 5
num_heads: 8
skip_connection: short
readout: cls
seeds: 666
device: 2
save_state: False



| Epoch    0 | Train e:  0.0282, T l:  0.2536 | Val e:  0.0321 | Test e:  0.0333 
| Epoch    1 | Train e:  0.0490, T l:  0.0606 | Val e:  0.0519 | Test e:  0.0561 
| Epoch    2 | Train e:  0.0864, T l:  0.0502 | Val e:  0.0944 | Test e:  0.0918 
| Epoch    3 | Train e:  0.1158, T l:  0.0469 | Val e:  0.1200 | Test e:  0.1202 
| Epoch    4 | Train e:  0.1463, T l:  0.0446 | Val e:  0.1482 | Test e:  0.1469 
| Epoch    5 | Train e:  0.1680, T l:  0.0430 | Val e:  0.1665 | Test e:  0.1631 
| Epoch    6 | Train e:  0.1920, T l:  0.0419 | Val e:  0.1829 | Test e:  0.1744 
| Epoch    7 | Train e:  0.2098, T l:  0.0409 | Val e:  0.1896 | Test e:  0.1885 
| Epoch    8 | Train e:  0.2186, T l:  0.0402 | Val e:  0.1944 | Test e:  0.1912 
| Epoch    9 | Train e:  0.2392, T l:  0.0395 | Val e:  0.2020 | Test e:  0.2001 
| Epoch   10 | Train e:  0.2472, T l:  0.0388 | Val e:  0.2087 | Test e:  0.2115 
| Epoch   11 | Train e:  0.2687, T l:  0.0382 | Val e:  0.2184 | Test e:  0.2174 
| Epoch   12 | Train e:  0.2815, T l:  0.0377 | Val e:  0.2271 | Test e:  0.2306 
| Epoch   13 | Train e:  0.2939, T l:  0.0371 | Val e:  0.2304 | Test e:  0.2289 
| Epoch   14 | Train e:  0.3108, T l:  0.0367 | Val e:  0.2428 | Test e:  0.2398 
| Epoch   15 | Train e:  0.3202, T l:  0.0362 | Val e:  0.2457 | Test e:  0.2500 
| Epoch   16 | Train e:  0.3280, T l:  0.0358 | Val e:  0.2488 | Test e:  0.2504 
| Epoch   17 | Train e:  0.3362, T l:  0.0354 | Val e:  0.2494 | Test e:  0.2482 
| Epoch   18 | Train e:  0.3492, T l:  0.0351 | Val e:  0.2587 | Test e:  0.2551 
| Epoch   19 | Train e:  0.3605, T l:  0.0348 | Val e:  0.2603 | Test e:  0.2559 
| Epoch   20 | Train e:  0.3666, T l:  0.0345 | Val e:  0.2701 | Test e:  0.2637 
| Epoch   21 | Train e:  0.3711, T l:  0.0342 | Val e:  0.2639 | Test e:  0.2573 
| Epoch   22 | Train e:  0.3800, T l:  0.0340 | Val e:  0.2666 | Test e:  0.2581 
| Epoch   23 | Train e:  0.3925, T l:  0.0337 | Val e:  0.2764 | Test e:  0.2671 
| Epoch   24 | Train e:  0.3941, T l:  0.0335 | Val e:  0.2712 | Test e:  0.2644 
| Epoch   25 | Train e:  0.4031, T l:  0.0332 | Val e:  0.2817 | Test e:  0.2717 
| Epoch   26 | Train e:  0.4050, T l:  0.0330 | Val e:  0.2776 | Test e:  0.2669 
| Epoch   27 | Train e:  0.4172, T l:  0.0328 | Val e:  0.2825 | Test e:  0.2730 
| Epoch   28 | Train e:  0.4244, T l:  0.0325 | Val e:  0.2866 | Test e:  0.2707 
| Epoch   29 | Train e:  0.4201, T l:  0.0323 | Val e:  0.2849 | Test e:  0.2707 
| Epoch   30 | Train e:  0.4343, T l:  0.0322 | Val e:  0.2885 | Test e:  0.2734 
| Epoch   31 | Train e:  0.4449, T l:  0.0320 | Val e:  0.2831 | Test e:  0.2759 
| Epoch   32 | Train e:  0.4439, T l:  0.0317 | Val e:  0.2920 | Test e:  0.2754 
| Epoch   33 | Train e:  0.4563, T l:  0.0315 | Val e:  0.2909 | Test e:  0.2759 
| Epoch   34 | Train e:  0.4605, T l:  0.0314 | Val e:  0.2891 | Test e:  0.2773 
| Epoch   35 | Train e:  0.4663, T l:  0.0312 | Val e:  0.2941 | Test e:  0.2826 
| Epoch   36 | Train e:  0.4684, T l:  0.0311 | Val e:  0.2959 | Test e:  0.2821 
| Epoch   37 | Train e:  0.4743, T l:  0.0309 | Val e:  0.2963 | Test e:  0.2843 
| Epoch   38 | Train e:  0.4730, T l:  0.0307 | Val e:  0.2932 | Test e:  0.2826 
| Epoch   39 | Train e:  0.4833, T l:  0.0305 | Val e:  0.3020 | Test e:  0.2864 
| Epoch   40 | Train e:  0.4872, T l:  0.0304 | Val e:  0.2979 | Test e:  0.2870 
| Epoch   41 | Train e:  0.4914, T l:  0.0303 | Val e:  0.3005 | Test e:  0.2851 
| Epoch   42 | Train e:  0.4978, T l:  0.0301 | Val e:  0.3016 | Test e:  0.2889 
| Epoch   43 | Train e:  0.5032, T l:  0.0300 | Val e:  0.2934 | Test e:  0.2854 
| Epoch   44 | Train e:  0.5071, T l:  0.0298 | Val e:  0.3005 | Test e:  0.2900 
| Epoch   45 | Train e:  0.5035, T l:  0.0296 | Val e:  0.2978 | Test e:  0.2872 
| Epoch   46 | Train e:  0.5148, T l:  0.0295 | Val e:  0.3017 | Test e:  0.2915 
| Epoch   47 | Train e:  0.5128, T l:  0.0293 | Val e:  0.3031 | Test e:  0.2855 
| Epoch   48 | Train e:  0.5213, T l:  0.0292 | Val e:  0.3013 | Test e:  0.2896 
| Epoch   49 | Train e:  0.5225, T l:  0.0291 | Val e:  0.2992 | Test e:  0.2903 
| Epoch   50 | Train e:  0.5276, T l:  0.0290 | Val e:  0.3007 | Test e:  0.2910 
| Epoch   51 | Train e:  0.5328, T l:  0.0289 | Val e:  0.3035 | Test e:  0.2917 
| Epoch   52 | Train e:  0.5349, T l:  0.0287 | Val e:  0.3057 | Test e:  0.2922 
| Epoch   53 | Train e:  0.5402, T l:  0.0286 | Val e:  0.3045 | Test e:  0.2937 
| Epoch   54 | Train e:  0.5427, T l:  0.0285 | Val e:  0.3057 | Test e:  0.2897 
| Epoch   55 | Train e:  0.5482, T l:  0.0284 | Val e:  0.3056 | Test e:  0.2918 
| Epoch   56 | Train e:  0.5514, T l:  0.0282 | Val e:  0.3063 | Test e:  0.2968 
| Epoch   57 | Train e:  0.5586, T l:  0.0281 | Val e:  0.3084 | Test e:  0.2948 
| Epoch   58 | Train e:  0.5554, T l:  0.0280 | Val e:  0.3102 | Test e:  0.2930 
| Epoch   59 | Train e:  0.5636, T l:  0.0279 | Val e:  0.3056 | Test e:  0.2944 
| Epoch   60 | Train e:  0.5642, T l:  0.0278 | Val e:  0.3070 | Test e:  0.2937 
| Epoch   61 | Train e:  0.5682, T l:  0.0277 | Val e:  0.3085 | Test e:  0.2947 
| Epoch   62 | Train e:  0.5691, T l:  0.0276 | Val e:  0.3068 | Test e:  0.2926 
| Epoch   63 | Train e:  0.5734, T l:  0.0275 | Val e:  0.3099 | Test e:  0.2941 
| Epoch   64 | Train e:  0.5760, T l:  0.0274 | Val e:  0.3087 | Test e:  0.2975 
| Epoch   65 | Train e:  0.5805, T l:  0.0273 | Val e:  0.3106 | Test e:  0.2959 
| Epoch   66 | Train e:  0.5833, T l:  0.0272 | Val e:  0.3082 | Test e:  0.2988 
| Epoch   67 | Train e:  0.5834, T l:  0.0271 | Val e:  0.3094 | Test e:  0.2972 
| Epoch   68 | Train e:  0.5865, T l:  0.0269 | Val e:  0.3094 | Test e:  0.2967 
| Epoch   69 | Train e:  0.5911, T l:  0.0269 | Val e:  0.3100 | Test e:  0.2972 
| Epoch   70 | Train e:  0.5917, T l:  0.0268 | Val e:  0.3106 | Test e:  0.2982 
| Epoch   71 | Train e:  0.5928, T l:  0.0267 | Val e:  0.3105 | Test e:  0.2977 
| Epoch   72 | Train e:  0.5978, T l:  0.0266 | Val e:  0.3126 | Test e:  0.2961 
| Epoch   73 | Train e:  0.5997, T l:  0.0265 | Val e:  0.3104 | Test e:  0.2968 
| Epoch   74 | Train e:  0.6000, T l:  0.0265 | Val e:  0.3088 | Test e:  0.2975 
| Epoch   75 | Train e:  0.6039, T l:  0.0264 | Val e:  0.3095 | Test e:  0.2990 
| Epoch   76 | Train e:  0.6068, T l:  0.0263 | Val e:  0.3106 | Test e:  0.3021 
| Epoch   77 | Train e:  0.6093, T l:  0.0262 | Val e:  0.3097 | Test e:  0.2974 
| Epoch   78 | Train e:  0.6101, T l:  0.0261 | Val e:  0.3090 | Test e:  0.2976 
| Epoch   79 | Train e:  0.6151, T l:  0.0260 | Val e:  0.3095 | Test e:  0.2972 
| Epoch   80 | Train e:  0.6157, T l:  0.0260 | Val e:  0.3095 | Test e:  0.2982 
| Epoch   81 | Train e:  0.6149, T l:  0.0259 | Val e:  0.3101 | Test e:  0.2958 
| Epoch   82 | Train e:  0.6200, T l:  0.0258 | Val e:  0.3123 | Test e:  0.2979 
| Epoch   83 | Train e:  0.6213, T l:  0.0258 | Val e:  0.3099 | Test e:  0.2968 
| Epoch   84 | Train e:  0.6227, T l:  0.0256 | Val e:  0.3098 | Test e:  0.2962 
| Epoch   85 | Train e:  0.6244, T l:  0.0256 | Val e:  0.3113 | Test e:  0.2984 
| Epoch   86 | Train e:  0.6252, T l:  0.0255 | Val e:  0.3130 | Test e:  0.2988 
| Epoch   87 | Train e:  0.6269, T l:  0.0254 | Val e:  0.3127 | Test e:  0.2994 
| Epoch   88 | Train e:  0.6289, T l:  0.0254 | Val e:  0.3108 | Test e:  0.2997 
| Epoch   89 | Train e:  0.6293, T l:  0.0253 | Val e:  0.3121 | Test e:  0.3003 
| Epoch   90 | Train e:  0.6323, T l:  0.0253 | Val e:  0.3115 | Test e:  0.3005 
| Epoch   91 | Train e:  0.6336, T l:  0.0252 | Val e:  0.3131 | Test e:  0.2991 
| Epoch   92 | Train e:  0.6336, T l:  0.0252 | Val e:  0.3124 | Test e:  0.2995 
| Epoch   93 | Train e:  0.6348, T l:  0.0251 | Val e:  0.3126 | Test e:  0.2997 
| Epoch   94 | Train e:  0.6342, T l:  0.0250 | Val e:  0.3124 | Test e:  0.2997 
| Epoch   95 | Train e:  0.6355, T l:  0.0250 | Val e:  0.3126 | Test e:  0.2989 
| Epoch   96 | Train e:  0.6372, T l:  0.0249 | Val e:  0.3122 | Test e:  0.3001 
| Epoch   97 | Train e:  0.6380, T l:  0.0249 | Val e:  0.3120 | Test e:  0.3004 
| Epoch   98 | Train e:  0.6381, T l:  0.0249 | Val e:  0.3118 | Test e:  0.3009 
| Epoch   99 | Train e:  0.6383, T l:  0.0249 | Val e:  0.3123 | Test e:  0.3008 
