

===============================================
2022-10-22 12:47:58

main_gat.py --seeds 2022 --device 3

gat conv + middle linear + ln + relu + dropout

baseline: SAT
dataset: ogbg-molpcba
use_val_loss: False
use_cpu: False
epochs: 100
scheduler: linear
warmup: 10
batch_size: 256
lr: 0.0002
weight_decay: 0.0001
num_workers: 0
clustering: False
masked_attention: True
gconv_dim: 384
tlayer_dim: 384
gat_attn_dropout: 0.0
gconv_dropout: 0.3
tlayer_attn_dropout: 0.3
tlayer_dropout: 0.3
num_layers: 5
num_heads: 8
skip_connection: short
readout: cls
seeds: 2022
device: 3
save_state: False



| Epoch    0 | Train e:  0.0263, T l:  0.2447 | Val e:  0.0310 | Test e:  0.0317 
| Epoch    1 | Train e:  0.0557, T l:  0.0599 | Val e:  0.0572 | Test e:  0.0588 
| Epoch    2 | Train e:  0.0937, T l:  0.0496 | Val e:  0.1018 | Test e:  0.0997 
| Epoch    3 | Train e:  0.1205, T l:  0.0464 | Val e:  0.1267 | Test e:  0.1243 
| Epoch    4 | Train e:  0.1499, T l:  0.0444 | Val e:  0.1471 | Test e:  0.1494 
| Epoch    5 | Train e:  0.1690, T l:  0.0429 | Val e:  0.1634 | Test e:  0.1640 
| Epoch    6 | Train e:  0.1986, T l:  0.0418 | Val e:  0.1824 | Test e:  0.1817 
| Epoch    7 | Train e:  0.2127, T l:  0.0408 | Val e:  0.1873 | Test e:  0.1901 
| Epoch    8 | Train e:  0.2239, T l:  0.0401 | Val e:  0.1992 | Test e:  0.1996 
| Epoch    9 | Train e:  0.2352, T l:  0.0394 | Val e:  0.1993 | Test e:  0.2006 
| Epoch   10 | Train e:  0.2498, T l:  0.0388 | Val e:  0.2099 | Test e:  0.2049 
| Epoch   11 | Train e:  0.2684, T l:  0.0382 | Val e:  0.2185 | Test e:  0.2191 
| Epoch   12 | Train e:  0.2802, T l:  0.0376 | Val e:  0.2249 | Test e:  0.2297 
| Epoch   13 | Train e:  0.2988, T l:  0.0371 | Val e:  0.2363 | Test e:  0.2344 
| Epoch   14 | Train e:  0.3118, T l:  0.0366 | Val e:  0.2412 | Test e:  0.2409 
| Epoch   15 | Train e:  0.3211, T l:  0.0362 | Val e:  0.2451 | Test e:  0.2421 
| Epoch   16 | Train e:  0.3299, T l:  0.0358 | Val e:  0.2462 | Test e:  0.2379 
| Epoch   17 | Train e:  0.3421, T l:  0.0354 | Val e:  0.2521 | Test e:  0.2486 
| Epoch   18 | Train e:  0.3492, T l:  0.0351 | Val e:  0.2594 | Test e:  0.2551 
| Epoch   19 | Train e:  0.3564, T l:  0.0348 | Val e:  0.2565 | Test e:  0.2523 
| Epoch   20 | Train e:  0.3708, T l:  0.0345 | Val e:  0.2653 | Test e:  0.2597 
| Epoch   21 | Train e:  0.3755, T l:  0.0342 | Val e:  0.2688 | Test e:  0.2621 
| Epoch   22 | Train e:  0.3849, T l:  0.0340 | Val e:  0.2684 | Test e:  0.2649 
| Epoch   23 | Train e:  0.3894, T l:  0.0337 | Val e:  0.2688 | Test e:  0.2629 
| Epoch   24 | Train e:  0.3976, T l:  0.0334 | Val e:  0.2717 | Test e:  0.2632 
| Epoch   25 | Train e:  0.4013, T l:  0.0332 | Val e:  0.2721 | Test e:  0.2670 
| Epoch   26 | Train e:  0.4082, T l:  0.0329 | Val e:  0.2735 | Test e:  0.2686 
| Epoch   27 | Train e:  0.4129, T l:  0.0327 | Val e:  0.2795 | Test e:  0.2726 
| Epoch   28 | Train e:  0.4233, T l:  0.0325 | Val e:  0.2765 | Test e:  0.2723 
| Epoch   29 | Train e:  0.4311, T l:  0.0323 | Val e:  0.2820 | Test e:  0.2710 
| Epoch   30 | Train e:  0.4347, T l:  0.0321 | Val e:  0.2810 | Test e:  0.2720 
| Epoch   31 | Train e:  0.4450, T l:  0.0319 | Val e:  0.2839 | Test e:  0.2779 
| Epoch   32 | Train e:  0.4473, T l:  0.0317 | Val e:  0.2837 | Test e:  0.2747 
| Epoch   33 | Train e:  0.4544, T l:  0.0315 | Val e:  0.2840 | Test e:  0.2788 
| Epoch   34 | Train e:  0.4596, T l:  0.0313 | Val e:  0.2832 | Test e:  0.2778 
| Epoch   35 | Train e:  0.4666, T l:  0.0311 | Val e:  0.2918 | Test e:  0.2843 
| Epoch   36 | Train e:  0.4654, T l:  0.0310 | Val e:  0.2875 | Test e:  0.2800 
| Epoch   37 | Train e:  0.4767, T l:  0.0308 | Val e:  0.2913 | Test e:  0.2812 
| Epoch   38 | Train e:  0.4809, T l:  0.0307 | Val e:  0.2899 | Test e:  0.2814 
| Epoch   39 | Train e:  0.4862, T l:  0.0305 | Val e:  0.2950 | Test e:  0.2858 
| Epoch   40 | Train e:  0.4889, T l:  0.0303 | Val e:  0.2913 | Test e:  0.2846 
| Epoch   41 | Train e:  0.4947, T l:  0.0302 | Val e:  0.2976 | Test e:  0.2855 
| Epoch   42 | Train e:  0.4992, T l:  0.0300 | Val e:  0.2940 | Test e:  0.2848 
| Epoch   43 | Train e:  0.5041, T l:  0.0299 | Val e:  0.2963 | Test e:  0.2854 
| Epoch   44 | Train e:  0.5006, T l:  0.0297 | Val e:  0.2959 | Test e:  0.2854 
| Epoch   45 | Train e:  0.5090, T l:  0.0295 | Val e:  0.2961 | Test e:  0.2860 
| Epoch   46 | Train e:  0.5116, T l:  0.0295 | Val e:  0.3006 | Test e:  0.2880 
| Epoch   47 | Train e:  0.5173, T l:  0.0293 | Val e:  0.2976 | Test e:  0.2870 
| Epoch   48 | Train e:  0.5231, T l:  0.0292 | Val e:  0.3012 | Test e:  0.2910 
| Epoch   49 | Train e:  0.5228, T l:  0.0290 | Val e:  0.2984 | Test e:  0.2880 
| Epoch   50 | Train e:  0.5258, T l:  0.0288 | Val e:  0.2981 | Test e:  0.2905 
| Epoch   51 | Train e:  0.5310, T l:  0.0288 | Val e:  0.2977 | Test e:  0.2905 
| Epoch   52 | Train e:  0.5359, T l:  0.0287 | Val e:  0.3004 | Test e:  0.2886 
| Epoch   53 | Train e:  0.5393, T l:  0.0285 | Val e:  0.3022 | Test e:  0.2901 
| Epoch   54 | Train e:  0.5466, T l:  0.0284 | Val e:  0.3030 | Test e:  0.2943 
| Epoch   55 | Train e:  0.5464, T l:  0.0283 | Val e:  0.2982 | Test e:  0.2891 
| Epoch   56 | Train e:  0.5524, T l:  0.0282 | Val e:  0.3008 | Test e:  0.2899 
| Epoch   57 | Train e:  0.5532, T l:  0.0281 | Val e:  0.3006 | Test e:  0.2902 
| Epoch   58 | Train e:  0.5591, T l:  0.0279 | Val e:  0.3023 | Test e:  0.2910 
| Epoch   59 | Train e:  0.5612, T l:  0.0278 | Val e:  0.3031 | Test e:  0.2905 
| Epoch   60 | Train e:  0.5620, T l:  0.0278 | Val e:  0.3004 | Test e:  0.2922 
| Epoch   61 | Train e:  0.5659, T l:  0.0276 | Val e:  0.3043 | Test e:  0.2922 
| Epoch   62 | Train e:  0.5706, T l:  0.0275 | Val e:  0.3017 | Test e:  0.2945 
| Epoch   63 | Train e:  0.5723, T l:  0.0274 | Val e:  0.3034 | Test e:  0.2920 
| Epoch   64 | Train e:  0.5753, T l:  0.0273 | Val e:  0.3035 | Test e:  0.2945 
| Epoch   65 | Train e:  0.5797, T l:  0.0272 | Val e:  0.3012 | Test e:  0.2924 
| Epoch   66 | Train e:  0.5803, T l:  0.0271 | Val e:  0.3041 | Test e:  0.2915 
| Epoch   67 | Train e:  0.5858, T l:  0.0270 | Val e:  0.3042 | Test e:  0.2930 
| Epoch   68 | Train e:  0.5857, T l:  0.0269 | Val e:  0.3046 | Test e:  0.2946 
| Epoch   69 | Train e:  0.5907, T l:  0.0268 | Val e:  0.3051 | Test e:  0.2957 
| Epoch   70 | Train e:  0.5925, T l:  0.0267 | Val e:  0.3060 | Test e:  0.2951 
| Epoch   71 | Train e:  0.5936, T l:  0.0266 | Val e:  0.3068 | Test e:  0.2933 
| Epoch   72 | Train e:  0.5965, T l:  0.0265 | Val e:  0.3068 | Test e:  0.2968 
| Epoch   73 | Train e:  0.5988, T l:  0.0264 | Val e:  0.3042 | Test e:  0.2949 
| Epoch   74 | Train e:  0.6051, T l:  0.0263 | Val e:  0.3066 | Test e:  0.2957 
| Epoch   75 | Train e:  0.6029, T l:  0.0263 | Val e:  0.3058 | Test e:  0.2956 
| Epoch   76 | Train e:  0.6083, T l:  0.0262 | Val e:  0.3035 | Test e:  0.2939 
| Epoch   77 | Train e:  0.6106, T l:  0.0261 | Val e:  0.3081 | Test e:  0.2970 
| Epoch   78 | Train e:  0.6122, T l:  0.0260 | Val e:  0.3061 | Test e:  0.2946 
| Epoch   79 | Train e:  0.6124, T l:  0.0259 | Val e:  0.3077 | Test e:  0.2971 
| Epoch   80 | Train e:  0.6144, T l:  0.0258 | Val e:  0.3086 | Test e:  0.2982 
| Epoch   81 | Train e:  0.6176, T l:  0.0258 | Val e:  0.3067 | Test e:  0.2973 
| Epoch   82 | Train e:  0.6201, T l:  0.0257 | Val e:  0.3085 | Test e:  0.2998 
| Epoch   83 | Train e:  0.6221, T l:  0.0256 | Val e:  0.3094 | Test e:  0.2986 
| Epoch   84 | Train e:  0.6218, T l:  0.0255 | Val e:  0.3078 | Test e:  0.2983 
| Epoch   85 | Train e:  0.6267, T l:  0.0255 | Val e:  0.3081 | Test e:  0.2977 
| Epoch   86 | Train e:  0.6256, T l:  0.0254 | Val e:  0.3088 | Test e:  0.2985 
| Epoch   87 | Train e:  0.6289, T l:  0.0253 | Val e:  0.3103 | Test e:  0.2990 
| Epoch   88 | Train e:  0.6301, T l:  0.0253 | Val e:  0.3102 | Test e:  0.2985 
| Epoch   89 | Train e:  0.6304, T l:  0.0252 | Val e:  0.3096 | Test e:  0.3003 
| Epoch   90 | Train e:  0.6333, T l:  0.0252 | Val e:  0.3101 | Test e:  0.2994 
| Epoch   91 | Train e:  0.6333, T l:  0.0251 | Val e:  0.3096 | Test e:  0.2992 
| Epoch   92 | Train e:  0.6337, T l:  0.0250 | Val e:  0.3099 | Test e:  0.3000 
| Epoch   93 | Train e:  0.6354, T l:  0.0250 | Val e:  0.3113 | Test e:  0.2995 
| Epoch   94 | Train e:  0.6369, T l:  0.0249 | Val e:  0.3113 | Test e:  0.2997 
| Epoch   95 | Train e:  0.6366, T l:  0.0249 | Val e:  0.3095 | Test e:  0.2990 
| Epoch   96 | Train e:  0.6371, T l:  0.0248 | Val e:  0.3115 | Test e:  0.2999 
| Epoch   97 | Train e:  0.6383, T l:  0.0248 | Val e:  0.3111 | Test e:  0.2990 
| Epoch   98 | Train e:  0.6383, T l:  0.0247 | Val e:  0.3108 | Test e:  0.2991 
| Epoch   99 | Train e:  0.6386, T l:  0.0247 | Val e:  0.3103 | Test e:  0.2993 
