

===============================================
2022-12-20 04:54:43

main_transformerconv.py --seeds 42 --device 0

None

baseline: SAT
dataset: ogbg-molpcba
use_val_loss: False
use_cpu: False
epochs: 100
scheduler: linear
warmup: 10
batch_size: 256
lr: 0.0002
weight_decay: 0.0001
num_workers: 0
clustering: False
masked_attention: True
gconv_dim: 384
tlayer_dim: 384
gat_attn_dropout: 0.0
gconv_dropout: 0.3
tlayer_attn_dropout: 0.3
tlayer_dropout: 0.3
num_layers: 5
num_heads: 8
skip_connection: short
readout: cls
seeds: 42
device: 0
save_state: False



| Epoch    0 | Train e:  0.0291, T l:  0.2374 | Val e:  0.0332 | Test e:  0.0328 
| Epoch    1 | Train e:  0.0529, T l:  0.0600 | Val e:  0.0544 | Test e:  0.0571 
| Epoch    2 | Train e:  0.0925, T l:  0.0496 | Val e:  0.1005 | Test e:  0.0980 
| Epoch    3 | Train e:  0.1206, T l:  0.0460 | Val e:  0.1265 | Test e:  0.1252 
| Epoch    4 | Train e:  0.1533, T l:  0.0438 | Val e:  0.1517 | Test e:  0.1488 
| Epoch    5 | Train e:  0.1729, T l:  0.0422 | Val e:  0.1694 | Test e:  0.1655 
| Epoch    6 | Train e:  0.1989, T l:  0.0411 | Val e:  0.1860 | Test e:  0.1804 
| Epoch    7 | Train e:  0.2097, T l:  0.0403 | Val e:  0.1934 | Test e:  0.1865 
| Epoch    8 | Train e:  0.2295, T l:  0.0397 | Val e:  0.2067 | Test e:  0.2007 
| Epoch    9 | Train e:  0.2489, T l:  0.0391 | Val e:  0.2120 | Test e:  0.2069 
| Epoch   10 | Train e:  0.2646, T l:  0.0386 | Val e:  0.2206 | Test e:  0.2216 
| Epoch   11 | Train e:  0.2729, T l:  0.0381 | Val e:  0.2247 | Test e:  0.2280 
| Epoch   12 | Train e:  0.2865, T l:  0.0375 | Val e:  0.2276 | Test e:  0.2301 
| Epoch   13 | Train e:  0.2879, T l:  0.0371 | Val e:  0.2330 | Test e:  0.2339 
| Epoch   14 | Train e:  0.3077, T l:  0.0368 | Val e:  0.2453 | Test e:  0.2405 
| Epoch   15 | Train e:  0.3149, T l:  0.0363 | Val e:  0.2398 | Test e:  0.2430 
| Epoch   16 | Train e:  0.3228, T l:  0.0360 | Val e:  0.2465 | Test e:  0.2449 
| Epoch   17 | Train e:  0.3270, T l:  0.0357 | Val e:  0.2464 | Test e:  0.2482 
| Epoch   18 | Train e:  0.3379, T l:  0.0355 | Val e:  0.2581 | Test e:  0.2549 
| Epoch   19 | Train e:  0.3433, T l:  0.0352 | Val e:  0.2577 | Test e:  0.2594 
| Epoch   20 | Train e:  0.3505, T l:  0.0350 | Val e:  0.2600 | Test e:  0.2573 
| Epoch   21 | Train e:  0.3574, T l:  0.0347 | Val e:  0.2655 | Test e:  0.2653 
| Epoch   22 | Train e:  0.3623, T l:  0.0345 | Val e:  0.2683 | Test e:  0.2650 
| Epoch   23 | Train e:  0.3672, T l:  0.0343 | Val e:  0.2694 | Test e:  0.2708 
| Epoch   24 | Train e:  0.3732, T l:  0.0341 | Val e:  0.2641 | Test e:  0.2625 
| Epoch   25 | Train e:  0.3864, T l:  0.0338 | Val e:  0.2741 | Test e:  0.2744 
| Epoch   26 | Train e:  0.3892, T l:  0.0337 | Val e:  0.2728 | Test e:  0.2658 
| Epoch   27 | Train e:  0.3927, T l:  0.0335 | Val e:  0.2710 | Test e:  0.2692 
| Epoch   28 | Train e:  0.4006, T l:  0.0333 | Val e:  0.2786 | Test e:  0.2754 
| Epoch   29 | Train e:  0.4062, T l:  0.0331 | Val e:  0.2727 | Test e:  0.2756 
| Epoch   30 | Train e:  0.4096, T l:  0.0330 | Val e:  0.2771 | Test e:  0.2783 
| Epoch   31 | Train e:  0.4168, T l:  0.0328 | Val e:  0.2806 | Test e:  0.2769 
| Epoch   32 | Train e:  0.4190, T l:  0.0326 | Val e:  0.2830 | Test e:  0.2801 
| Epoch   33 | Train e:  0.4227, T l:  0.0324 | Val e:  0.2832 | Test e:  0.2766 
| Epoch   34 | Train e:  0.4316, T l:  0.0323 | Val e:  0.2868 | Test e:  0.2774 
| Epoch   35 | Train e:  0.4332, T l:  0.0322 | Val e:  0.2845 | Test e:  0.2800 
| Epoch   36 | Train e:  0.4375, T l:  0.0320 | Val e:  0.2856 | Test e:  0.2772 
| Epoch   37 | Train e:  0.4428, T l:  0.0319 | Val e:  0.2845 | Test e:  0.2812 
| Epoch   38 | Train e:  0.4484, T l:  0.0317 | Val e:  0.2879 | Test e:  0.2792 
| Epoch   39 | Train e:  0.4517, T l:  0.0316 | Val e:  0.2867 | Test e:  0.2808 
| Epoch   40 | Train e:  0.4567, T l:  0.0315 | Val e:  0.2888 | Test e:  0.2845 
| Epoch   41 | Train e:  0.4567, T l:  0.0313 | Val e:  0.2896 | Test e:  0.2852 
| Epoch   42 | Train e:  0.4621, T l:  0.0312 | Val e:  0.2899 | Test e:  0.2812 
| Epoch   43 | Train e:  0.4704, T l:  0.0310 | Val e:  0.2937 | Test e:  0.2914 
| Epoch   44 | Train e:  0.4739, T l:  0.0309 | Val e:  0.2955 | Test e:  0.2862 
| Epoch   45 | Train e:  0.4743, T l:  0.0308 | Val e:  0.2921 | Test e:  0.2903 
| Epoch   46 | Train e:  0.4789, T l:  0.0307 | Val e:  0.2906 | Test e:  0.2876 
| Epoch   47 | Train e:  0.4814, T l:  0.0305 | Val e:  0.2945 | Test e:  0.2925 
| Epoch   48 | Train e:  0.4862, T l:  0.0304 | Val e:  0.2943 | Test e:  0.2886 
| Epoch   49 | Train e:  0.4929, T l:  0.0303 | Val e:  0.2949 | Test e:  0.2870 
| Epoch   50 | Train e:  0.4942, T l:  0.0302 | Val e:  0.2972 | Test e:  0.2905 
| Epoch   51 | Train e:  0.4982, T l:  0.0301 | Val e:  0.2972 | Test e:  0.2919 
| Epoch   52 | Train e:  0.5025, T l:  0.0300 | Val e:  0.2974 | Test e:  0.2942 
| Epoch   53 | Train e:  0.5082, T l:  0.0299 | Val e:  0.2993 | Test e:  0.2918 
| Epoch   54 | Train e:  0.5072, T l:  0.0297 | Val e:  0.3013 | Test e:  0.2971 
| Epoch   55 | Train e:  0.5095, T l:  0.0296 | Val e:  0.3023 | Test e:  0.2937 
| Epoch   56 | Train e:  0.5171, T l:  0.0295 | Val e:  0.3005 | Test e:  0.2921 
| Epoch   57 | Train e:  0.5174, T l:  0.0294 | Val e:  0.3009 | Test e:  0.2953 
| Epoch   58 | Train e:  0.5184, T l:  0.0293 | Val e:  0.3025 | Test e:  0.2922 
| Epoch   59 | Train e:  0.5228, T l:  0.0292 | Val e:  0.2994 | Test e:  0.2906 
| Epoch   60 | Train e:  0.5304, T l:  0.0291 | Val e:  0.3041 | Test e:  0.2928 
| Epoch   61 | Train e:  0.5312, T l:  0.0290 | Val e:  0.3045 | Test e:  0.2951 
| Epoch   62 | Train e:  0.5335, T l:  0.0289 | Val e:  0.3021 | Test e:  0.2968 
| Epoch   63 | Train e:  0.5341, T l:  0.0288 | Val e:  0.3048 | Test e:  0.2987 
| Epoch   64 | Train e:  0.5403, T l:  0.0287 | Val e:  0.3047 | Test e:  0.2952 
| Epoch   65 | Train e:  0.5393, T l:  0.0286 | Val e:  0.3034 | Test e:  0.2987 
| Epoch   66 | Train e:  0.5456, T l:  0.0285 | Val e:  0.3053 | Test e:  0.2982 
| Epoch   67 | Train e:  0.5478, T l:  0.0284 | Val e:  0.3076 | Test e:  0.2996 
| Epoch   68 | Train e:  0.5492, T l:  0.0283 | Val e:  0.3087 | Test e:  0.2986 
| Epoch   69 | Train e:  0.5519, T l:  0.0282 | Val e:  0.3084 | Test e:  0.2987 
| Epoch   70 | Train e:  0.5551, T l:  0.0281 | Val e:  0.3089 | Test e:  0.2995 
| Epoch   71 | Train e:  0.5581, T l:  0.0281 | Val e:  0.3102 | Test e:  0.3017 
| Epoch   72 | Train e:  0.5593, T l:  0.0280 | Val e:  0.3088 | Test e:  0.2998 
| Epoch   73 | Train e:  0.5606, T l:  0.0279 | Val e:  0.3106 | Test e:  0.2998 
| Epoch   74 | Train e:  0.5643, T l:  0.0278 | Val e:  0.3109 | Test e:  0.3024 
| Epoch   75 | Train e:  0.5656, T l:  0.0278 | Val e:  0.3107 | Test e:  0.3008 
| Epoch   76 | Train e:  0.5685, T l:  0.0276 | Val e:  0.3096 | Test e:  0.3017 
| Epoch   77 | Train e:  0.5692, T l:  0.0276 | Val e:  0.3097 | Test e:  0.3006 
| Epoch   78 | Train e:  0.5716, T l:  0.0275 | Val e:  0.3102 | Test e:  0.3003 
| Epoch   79 | Train e:  0.5736, T l:  0.0274 | Val e:  0.3118 | Test e:  0.3016 
| Epoch   80 | Train e:  0.5768, T l:  0.0273 | Val e:  0.3127 | Test e:  0.3009 
| Epoch   81 | Train e:  0.5758, T l:  0.0273 | Val e:  0.3105 | Test e:  0.3024 
| Epoch   82 | Train e:  0.5807, T l:  0.0272 | Val e:  0.3117 | Test e:  0.3004 
| Epoch   83 | Train e:  0.5804, T l:  0.0271 | Val e:  0.3120 | Test e:  0.3009 
| Epoch   84 | Train e:  0.5822, T l:  0.0270 | Val e:  0.3126 | Test e:  0.3017 
| Epoch   85 | Train e:  0.5815, T l:  0.0270 | Val e:  0.3118 | Test e:  0.3023 
| Epoch   86 | Train e:  0.5837, T l:  0.0269 | Val e:  0.3132 | Test e:  0.3039 
| Epoch   87 | Train e:  0.5859, T l:  0.0269 | Val e:  0.3135 | Test e:  0.3049 
| Epoch   88 | Train e:  0.5879, T l:  0.0268 | Val e:  0.3134 | Test e:  0.3042 
| Epoch   89 | Train e:  0.5904, T l:  0.0267 | Val e:  0.3138 | Test e:  0.3042 
| Epoch   90 | Train e:  0.5907, T l:  0.0267 | Val e:  0.3155 | Test e:  0.3043 
| Epoch   91 | Train e:  0.5922, T l:  0.0266 | Val e:  0.3140 | Test e:  0.3048 
| Epoch   92 | Train e:  0.5932, T l:  0.0266 | Val e:  0.3156 | Test e:  0.3053 
| Epoch   93 | Train e:  0.5951, T l:  0.0265 | Val e:  0.3148 | Test e:  0.3046 
| Epoch   94 | Train e:  0.5959, T l:  0.0264 | Val e:  0.3144 | Test e:  0.3041 
| Epoch   95 | Train e:  0.5973, T l:  0.0264 | Val e:  0.3163 | Test e:  0.3048 
| Epoch   96 | Train e:  0.5978, T l:  0.0264 | Val e:  0.3162 | Test e:  0.3047 
| Epoch   97 | Train e:  0.5975, T l:  0.0263 | Val e:  0.3162 | Test e:  0.3047 
| Epoch   98 | Train e:  0.5982, T l:  0.0263 | Val e:  0.3160 | Test e:  0.3043 
| Epoch   99 | Train e:  0.5982, T l:  0.0263 | Val e:  0.3160 | Test e:  0.3048 
