

===============================================
2022-12-12 07:14:04

main.py --seeds 2020 --device 0

None

baseline: GPS
dataset: ogbg-molpcba
use_val_loss: False
use_cpu: False
epochs: 100
scheduler: linear
warmup: 10
batch_size: 256
lr: 0.0002
weight_decay: 0.0001
num_workers: 0
clustering: False
masked_attention: True
gconv_dim: 384
tlayer_dim: 384
local_attn_dropout: 0.0
local_ffn_dropout: 0.3
global_attn_dropout: 0.3
global_ffn_dropout: 0.3
num_layers: 5
num_heads: 8
skip_connection: none
norm: ln
readout: cls
seeds: 2020
device: 0
save_state: False



| Epoch    0 | Train e:  0.0282, T l:  0.2435 | Val e:  0.0312 | Test e:  0.0343 
| Epoch    1 | Train e:  0.0563, T l:  0.0598 | Val e:  0.0577 | Test e:  0.0606 
| Epoch    2 | Train e:  0.0896, T l:  0.0498 | Val e:  0.0905 | Test e:  0.0895 
| Epoch    3 | Train e:  0.1144, T l:  0.0467 | Val e:  0.1171 | Test e:  0.1177 
| Epoch    4 | Train e:  0.1397, T l:  0.0445 | Val e:  0.1429 | Test e:  0.1409 
| Epoch    5 | Train e:  0.1556, T l:  0.0430 | Val e:  0.1557 | Test e:  0.1484 
| Epoch    6 | Train e:  0.1917, T l:  0.0419 | Val e:  0.1750 | Test e:  0.1718 
| Epoch    7 | Train e:  0.2041, T l:  0.0410 | Val e:  0.1885 | Test e:  0.1820 
| Epoch    8 | Train e:  0.2226, T l:  0.0402 | Val e:  0.1956 | Test e:  0.1923 
| Epoch    9 | Train e:  0.2368, T l:  0.0397 | Val e:  0.2041 | Test e:  0.2053 
| Epoch   10 | Train e:  0.2544, T l:  0.0390 | Val e:  0.2142 | Test e:  0.2130 
| Epoch   11 | Train e:  0.2669, T l:  0.0384 | Val e:  0.2191 | Test e:  0.2189 
| Epoch   12 | Train e:  0.2745, T l:  0.0379 | Val e:  0.2255 | Test e:  0.2229 
| Epoch   13 | Train e:  0.2899, T l:  0.0374 | Val e:  0.2322 | Test e:  0.2283 
| Epoch   14 | Train e:  0.2966, T l:  0.0370 | Val e:  0.2374 | Test e:  0.2305 
| Epoch   15 | Train e:  0.3101, T l:  0.0366 | Val e:  0.2405 | Test e:  0.2366 
| Epoch   16 | Train e:  0.3178, T l:  0.0363 | Val e:  0.2415 | Test e:  0.2404 
| Epoch   17 | Train e:  0.3255, T l:  0.0359 | Val e:  0.2481 | Test e:  0.2444 
| Epoch   18 | Train e:  0.3317, T l:  0.0356 | Val e:  0.2540 | Test e:  0.2455 
| Epoch   19 | Train e:  0.3449, T l:  0.0354 | Val e:  0.2560 | Test e:  0.2512 
| Epoch   20 | Train e:  0.3497, T l:  0.0351 | Val e:  0.2574 | Test e:  0.2486 
| Epoch   21 | Train e:  0.3604, T l:  0.0348 | Val e:  0.2634 | Test e:  0.2509 
| Epoch   22 | Train e:  0.3643, T l:  0.0346 | Val e:  0.2631 | Test e:  0.2559 
| Epoch   23 | Train e:  0.3734, T l:  0.0344 | Val e:  0.2651 | Test e:  0.2539 
| Epoch   24 | Train e:  0.3758, T l:  0.0341 | Val e:  0.2750 | Test e:  0.2592 
| Epoch   25 | Train e:  0.3825, T l:  0.0339 | Val e:  0.2724 | Test e:  0.2616 
| Epoch   26 | Train e:  0.3924, T l:  0.0337 | Val e:  0.2803 | Test e:  0.2646 
| Epoch   27 | Train e:  0.3925, T l:  0.0335 | Val e:  0.2734 | Test e:  0.2662 
| Epoch   28 | Train e:  0.4050, T l:  0.0333 | Val e:  0.2752 | Test e:  0.2656 
| Epoch   29 | Train e:  0.4109, T l:  0.0331 | Val e:  0.2774 | Test e:  0.2693 
| Epoch   30 | Train e:  0.4126, T l:  0.0329 | Val e:  0.2778 | Test e:  0.2671 
| Epoch   31 | Train e:  0.4118, T l:  0.0328 | Val e:  0.2793 | Test e:  0.2644 
| Epoch   32 | Train e:  0.4211, T l:  0.0326 | Val e:  0.2831 | Test e:  0.2713 
| Epoch   33 | Train e:  0.4267, T l:  0.0325 | Val e:  0.2819 | Test e:  0.2738 
| Epoch   34 | Train e:  0.4299, T l:  0.0323 | Val e:  0.2833 | Test e:  0.2753 
| Epoch   35 | Train e:  0.4378, T l:  0.0322 | Val e:  0.2836 | Test e:  0.2758 
| Epoch   36 | Train e:  0.4435, T l:  0.0320 | Val e:  0.2851 | Test e:  0.2780 
| Epoch   37 | Train e:  0.4484, T l:  0.0318 | Val e:  0.2856 | Test e:  0.2790 
| Epoch   38 | Train e:  0.4529, T l:  0.0317 | Val e:  0.2874 | Test e:  0.2810 
| Epoch   39 | Train e:  0.4524, T l:  0.0315 | Val e:  0.2871 | Test e:  0.2785 
| Epoch   40 | Train e:  0.4576, T l:  0.0314 | Val e:  0.2879 | Test e:  0.2789 
| Epoch   41 | Train e:  0.4682, T l:  0.0313 | Val e:  0.2901 | Test e:  0.2812 
| Epoch   42 | Train e:  0.4697, T l:  0.0311 | Val e:  0.2876 | Test e:  0.2815 
| Epoch   43 | Train e:  0.4749, T l:  0.0311 | Val e:  0.2911 | Test e:  0.2834 
| Epoch   44 | Train e:  0.4768, T l:  0.0309 | Val e:  0.2911 | Test e:  0.2828 
| Epoch   45 | Train e:  0.4819, T l:  0.0308 | Val e:  0.2956 | Test e:  0.2838 
| Epoch   46 | Train e:  0.4852, T l:  0.0306 | Val e:  0.2890 | Test e:  0.2825 
| Epoch   47 | Train e:  0.4812, T l:  0.0305 | Val e:  0.2905 | Test e:  0.2806 
| Epoch   48 | Train e:  0.4879, T l:  0.0304 | Val e:  0.2906 | Test e:  0.2840 
| Epoch   49 | Train e:  0.4932, T l:  0.0303 | Val e:  0.2957 | Test e:  0.2840 
| Epoch   50 | Train e:  0.4983, T l:  0.0302 | Val e:  0.2970 | Test e:  0.2891 
| Epoch   51 | Train e:  0.5027, T l:  0.0300 | Val e:  0.2983 | Test e:  0.2879 
| Epoch   52 | Train e:  0.5036, T l:  0.0299 | Val e:  0.2983 | Test e:  0.2868 
| Epoch   53 | Train e:  0.5079, T l:  0.0298 | Val e:  0.2961 | Test e:  0.2889 
| Epoch   54 | Train e:  0.5099, T l:  0.0297 | Val e:  0.2951 | Test e:  0.2876 
| Epoch   55 | Train e:  0.5147, T l:  0.0296 | Val e:  0.2953 | Test e:  0.2896 
| Epoch   56 | Train e:  0.5170, T l:  0.0295 | Val e:  0.2981 | Test e:  0.2880 
| Epoch   57 | Train e:  0.5212, T l:  0.0294 | Val e:  0.2972 | Test e:  0.2889 
| Epoch   58 | Train e:  0.5257, T l:  0.0292 | Val e:  0.2989 | Test e:  0.2889 
| Epoch   59 | Train e:  0.5301, T l:  0.0291 | Val e:  0.3021 | Test e:  0.2888 
| Epoch   60 | Train e:  0.5309, T l:  0.0291 | Val e:  0.3026 | Test e:  0.2975 
| Epoch   61 | Train e:  0.5311, T l:  0.0290 | Val e:  0.3001 | Test e:  0.2881 
| Epoch   62 | Train e:  0.5323, T l:  0.0289 | Val e:  0.3015 | Test e:  0.2899 
| Epoch   63 | Train e:  0.5384, T l:  0.0288 | Val e:  0.2991 | Test e:  0.2935 
| Epoch   64 | Train e:  0.5391, T l:  0.0287 | Val e:  0.3019 | Test e:  0.2914 
| Epoch   65 | Train e:  0.5444, T l:  0.0286 | Val e:  0.3018 | Test e:  0.2920 
| Epoch   66 | Train e:  0.5451, T l:  0.0285 | Val e:  0.3028 | Test e:  0.2891 
| Epoch   67 | Train e:  0.5483, T l:  0.0284 | Val e:  0.3014 | Test e:  0.2946 
| Epoch   68 | Train e:  0.5509, T l:  0.0283 | Val e:  0.3037 | Test e:  0.2924 
| Epoch   69 | Train e:  0.5545, T l:  0.0282 | Val e:  0.3029 | Test e:  0.2913 
| Epoch   70 | Train e:  0.5558, T l:  0.0281 | Val e:  0.3017 | Test e:  0.2924 
| Epoch   71 | Train e:  0.5586, T l:  0.0280 | Val e:  0.3023 | Test e:  0.2970 
| Epoch   72 | Train e:  0.5596, T l:  0.0280 | Val e:  0.3057 | Test e:  0.2974 
| Epoch   73 | Train e:  0.5624, T l:  0.0279 | Val e:  0.3038 | Test e:  0.2950 
| Epoch   74 | Train e:  0.5646, T l:  0.0278 | Val e:  0.3038 | Test e:  0.2977 
| Epoch   75 | Train e:  0.5664, T l:  0.0277 | Val e:  0.3033 | Test e:  0.2964 
| Epoch   76 | Train e:  0.5696, T l:  0.0276 | Val e:  0.3054 | Test e:  0.2985 
| Epoch   77 | Train e:  0.5709, T l:  0.0276 | Val e:  0.3049 | Test e:  0.2954 
| Epoch   78 | Train e:  0.5735, T l:  0.0275 | Val e:  0.3055 | Test e:  0.2962 
| Epoch   79 | Train e:  0.5740, T l:  0.0274 | Val e:  0.3061 | Test e:  0.2961 
| Epoch   80 | Train e:  0.5768, T l:  0.0273 | Val e:  0.3054 | Test e:  0.2974 
| Epoch   81 | Train e:  0.5794, T l:  0.0273 | Val e:  0.3062 | Test e:  0.2983 
| Epoch   82 | Train e:  0.5796, T l:  0.0272 | Val e:  0.3059 | Test e:  0.2960 
| Epoch   83 | Train e:  0.5815, T l:  0.0271 | Val e:  0.3052 | Test e:  0.2966 
| Epoch   84 | Train e:  0.5827, T l:  0.0271 | Val e:  0.3057 | Test e:  0.2976 
| Epoch   85 | Train e:  0.5848, T l:  0.0270 | Val e:  0.3064 | Test e:  0.2964 
| Epoch   86 | Train e:  0.5868, T l:  0.0270 | Val e:  0.3076 | Test e:  0.2992 
| Epoch   87 | Train e:  0.5874, T l:  0.0269 | Val e:  0.3064 | Test e:  0.2986 
| Epoch   88 | Train e:  0.5898, T l:  0.0268 | Val e:  0.3063 | Test e:  0.2991 
| Epoch   89 | Train e:  0.5905, T l:  0.0268 | Val e:  0.3076 | Test e:  0.2997 
| Epoch   90 | Train e:  0.5905, T l:  0.0267 | Val e:  0.3082 | Test e:  0.2994 
| Epoch   91 | Train e:  0.5933, T l:  0.0266 | Val e:  0.3076 | Test e:  0.3002 
| Epoch   92 | Train e:  0.5935, T l:  0.0266 | Val e:  0.3077 | Test e:  0.2989 
| Epoch   93 | Train e:  0.5940, T l:  0.0265 | Val e:  0.3077 | Test e:  0.3002 
| Epoch   94 | Train e:  0.5954, T l:  0.0265 | Val e:  0.3084 | Test e:  0.2999 
| Epoch   95 | Train e:  0.5955, T l:  0.0265 | Val e:  0.3090 | Test e:  0.3008 
| Epoch   96 | Train e:  0.5961, T l:  0.0264 | Val e:  0.3081 | Test e:  0.2998 
| Epoch   97 | Train e:  0.5962, T l:  0.0264 | Val e:  0.3082 | Test e:  0.2998 
| Epoch   98 | Train e:  0.5970, T l:  0.0264 | Val e:  0.3087 | Test e:  0.2992 
| Epoch   99 | Train e:  0.5972, T l:  0.0263 | Val e:  0.3084 | Test e:  0.3003 
