

===============================================
2022-10-21 12:38:01

main_gat.py --seeds 2333 --device 2

gat conv + middle linear + ln + relu + dropout

baseline: SAT
dataset: ogbg-molpcba
use_val_loss: False
use_cpu: False
epochs: 100
scheduler: linear
warmup: 10
batch_size: 256
lr: 0.0002
weight_decay: 0.0001
num_workers: 0
clustering: False
masked_attention: True
gconv_dim: 384
tlayer_dim: 384
gat_attn_dropout: 0.0
gconv_dropout: 0.3
tlayer_attn_dropout: 0.3
tlayer_dropout: 0.3
num_layers: 5
num_heads: 8
skip_connection: short
readout: cls
seeds: 2333
device: 2
save_state: False



| Epoch    0 | Train e:  0.0270, T l:  0.2488 | Val e:  0.0301 | Test e:  0.0316 
| Epoch    1 | Train e:  0.0526, T l:  0.0604 | Val e:  0.0553 | Test e:  0.0580 
| Epoch    2 | Train e:  0.0861, T l:  0.0499 | Val e:  0.0951 | Test e:  0.0929 
| Epoch    3 | Train e:  0.1200, T l:  0.0465 | Val e:  0.1244 | Test e:  0.1260 
| Epoch    4 | Train e:  0.1389, T l:  0.0445 | Val e:  0.1399 | Test e:  0.1401 
| Epoch    5 | Train e:  0.1676, T l:  0.0431 | Val e:  0.1612 | Test e:  0.1583 
| Epoch    6 | Train e:  0.1836, T l:  0.0419 | Val e:  0.1735 | Test e:  0.1680 
| Epoch    7 | Train e:  0.2074, T l:  0.0410 | Val e:  0.1867 | Test e:  0.1839 
| Epoch    8 | Train e:  0.2218, T l:  0.0402 | Val e:  0.1928 | Test e:  0.1907 
| Epoch    9 | Train e:  0.2378, T l:  0.0396 | Val e:  0.2085 | Test e:  0.2054 
| Epoch   10 | Train e:  0.2517, T l:  0.0389 | Val e:  0.2123 | Test e:  0.2127 
| Epoch   11 | Train e:  0.2710, T l:  0.0382 | Val e:  0.2194 | Test e:  0.2174 
| Epoch   12 | Train e:  0.2869, T l:  0.0377 | Val e:  0.2299 | Test e:  0.2336 
| Epoch   13 | Train e:  0.2967, T l:  0.0372 | Val e:  0.2336 | Test e:  0.2371 
| Epoch   14 | Train e:  0.3059, T l:  0.0367 | Val e:  0.2340 | Test e:  0.2386 
| Epoch   15 | Train e:  0.3188, T l:  0.0363 | Val e:  0.2449 | Test e:  0.2433 
| Epoch   16 | Train e:  0.3277, T l:  0.0358 | Val e:  0.2451 | Test e:  0.2417 
| Epoch   17 | Train e:  0.3379, T l:  0.0354 | Val e:  0.2498 | Test e:  0.2518 
| Epoch   18 | Train e:  0.3468, T l:  0.0351 | Val e:  0.2539 | Test e:  0.2563 
| Epoch   19 | Train e:  0.3552, T l:  0.0348 | Val e:  0.2604 | Test e:  0.2553 
| Epoch   20 | Train e:  0.3674, T l:  0.0345 | Val e:  0.2631 | Test e:  0.2635 
| Epoch   21 | Train e:  0.3724, T l:  0.0343 | Val e:  0.2643 | Test e:  0.2620 
| Epoch   22 | Train e:  0.3787, T l:  0.0339 | Val e:  0.2654 | Test e:  0.2610 
| Epoch   23 | Train e:  0.3862, T l:  0.0337 | Val e:  0.2688 | Test e:  0.2677 
| Epoch   24 | Train e:  0.3965, T l:  0.0334 | Val e:  0.2691 | Test e:  0.2692 
| Epoch   25 | Train e:  0.4042, T l:  0.0332 | Val e:  0.2703 | Test e:  0.2679 
| Epoch   26 | Train e:  0.4073, T l:  0.0329 | Val e:  0.2755 | Test e:  0.2710 
| Epoch   27 | Train e:  0.4119, T l:  0.0327 | Val e:  0.2824 | Test e:  0.2695 
| Epoch   28 | Train e:  0.4209, T l:  0.0325 | Val e:  0.2778 | Test e:  0.2748 
| Epoch   29 | Train e:  0.4275, T l:  0.0323 | Val e:  0.2795 | Test e:  0.2722 
| Epoch   30 | Train e:  0.4373, T l:  0.0322 | Val e:  0.2785 | Test e:  0.2773 
| Epoch   31 | Train e:  0.4409, T l:  0.0319 | Val e:  0.2823 | Test e:  0.2767 
| Epoch   32 | Train e:  0.4462, T l:  0.0317 | Val e:  0.2846 | Test e:  0.2810 
| Epoch   33 | Train e:  0.4507, T l:  0.0315 | Val e:  0.2856 | Test e:  0.2789 
| Epoch   34 | Train e:  0.4567, T l:  0.0313 | Val e:  0.2909 | Test e:  0.2801 
| Epoch   35 | Train e:  0.4554, T l:  0.0312 | Val e:  0.2829 | Test e:  0.2790 
| Epoch   36 | Train e:  0.4627, T l:  0.0310 | Val e:  0.2883 | Test e:  0.2790 
| Epoch   37 | Train e:  0.4712, T l:  0.0308 | Val e:  0.2902 | Test e:  0.2825 
| Epoch   38 | Train e:  0.4800, T l:  0.0307 | Val e:  0.2914 | Test e:  0.2835 
| Epoch   39 | Train e:  0.4814, T l:  0.0305 | Val e:  0.2930 | Test e:  0.2852 
| Epoch   40 | Train e:  0.4842, T l:  0.0304 | Val e:  0.2891 | Test e:  0.2799 
| Epoch   41 | Train e:  0.4883, T l:  0.0302 | Val e:  0.2968 | Test e:  0.2862 
| Epoch   42 | Train e:  0.4987, T l:  0.0301 | Val e:  0.2946 | Test e:  0.2873 
| Epoch   43 | Train e:  0.5015, T l:  0.0299 | Val e:  0.2969 | Test e:  0.2910 
| Epoch   44 | Train e:  0.4999, T l:  0.0297 | Val e:  0.2961 | Test e:  0.2861 
| Epoch   45 | Train e:  0.5081, T l:  0.0296 | Val e:  0.2978 | Test e:  0.2892 
| Epoch   46 | Train e:  0.5134, T l:  0.0295 | Val e:  0.2997 | Test e:  0.2880 
| Epoch   47 | Train e:  0.5168, T l:  0.0293 | Val e:  0.3010 | Test e:  0.2905 
| Epoch   48 | Train e:  0.5254, T l:  0.0292 | Val e:  0.3005 | Test e:  0.2907 
| Epoch   49 | Train e:  0.5294, T l:  0.0291 | Val e:  0.3001 | Test e:  0.2897 
| Epoch   50 | Train e:  0.5307, T l:  0.0289 | Val e:  0.2958 | Test e:  0.2885 
| Epoch   51 | Train e:  0.5348, T l:  0.0288 | Val e:  0.3006 | Test e:  0.2896 
| Epoch   52 | Train e:  0.5368, T l:  0.0287 | Val e:  0.2998 | Test e:  0.2916 
| Epoch   53 | Train e:  0.5408, T l:  0.0286 | Val e:  0.2986 | Test e:  0.2905 
| Epoch   54 | Train e:  0.5487, T l:  0.0284 | Val e:  0.3000 | Test e:  0.2950 
| Epoch   55 | Train e:  0.5495, T l:  0.0283 | Val e:  0.3022 | Test e:  0.2955 
| Epoch   56 | Train e:  0.5523, T l:  0.0282 | Val e:  0.3011 | Test e:  0.2954 
| Epoch   57 | Train e:  0.5572, T l:  0.0281 | Val e:  0.3008 | Test e:  0.2956 
| Epoch   58 | Train e:  0.5590, T l:  0.0280 | Val e:  0.3063 | Test e:  0.2955 
| Epoch   59 | Train e:  0.5617, T l:  0.0278 | Val e:  0.3038 | Test e:  0.2979 
| Epoch   60 | Train e:  0.5675, T l:  0.0277 | Val e:  0.3058 | Test e:  0.2944 
| Epoch   61 | Train e:  0.5661, T l:  0.0276 | Val e:  0.3044 | Test e:  0.2956 
| Epoch   62 | Train e:  0.5711, T l:  0.0275 | Val e:  0.3060 | Test e:  0.2971 
| Epoch   63 | Train e:  0.5761, T l:  0.0274 | Val e:  0.3044 | Test e:  0.2954 
| Epoch   64 | Train e:  0.5800, T l:  0.0273 | Val e:  0.3018 | Test e:  0.2953 
| Epoch   65 | Train e:  0.5759, T l:  0.0272 | Val e:  0.3023 | Test e:  0.2929 
| Epoch   66 | Train e:  0.5828, T l:  0.0271 | Val e:  0.3059 | Test e:  0.2981 
| Epoch   67 | Train e:  0.5890, T l:  0.0270 | Val e:  0.3107 | Test e:  0.2982 
| Epoch   68 | Train e:  0.5874, T l:  0.0269 | Val e:  0.3062 | Test e:  0.2953 
| Epoch   69 | Train e:  0.5907, T l:  0.0268 | Val e:  0.3073 | Test e:  0.2998 
| Epoch   70 | Train e:  0.5937, T l:  0.0267 | Val e:  0.3072 | Test e:  0.2955 
| Epoch   71 | Train e:  0.5970, T l:  0.0266 | Val e:  0.3062 | Test e:  0.2967 
| Epoch   72 | Train e:  0.5984, T l:  0.0265 | Val e:  0.3082 | Test e:  0.2981 
| Epoch   73 | Train e:  0.6038, T l:  0.0264 | Val e:  0.3065 | Test e:  0.2961 
| Epoch   74 | Train e:  0.6047, T l:  0.0263 | Val e:  0.3063 | Test e:  0.2968 
| Epoch   75 | Train e:  0.6071, T l:  0.0262 | Val e:  0.3062 | Test e:  0.2966 
| Epoch   76 | Train e:  0.6079, T l:  0.0262 | Val e:  0.3058 | Test e:  0.2970 
| Epoch   77 | Train e:  0.6117, T l:  0.0261 | Val e:  0.3132 | Test e:  0.3014 
| Epoch   78 | Train e:  0.6143, T l:  0.0260 | Val e:  0.3090 | Test e:  0.2979 
| Epoch   79 | Train e:  0.6166, T l:  0.0259 | Val e:  0.3082 | Test e:  0.3000 
| Epoch   80 | Train e:  0.6173, T l:  0.0258 | Val e:  0.3095 | Test e:  0.3000 
| Epoch   81 | Train e:  0.6210, T l:  0.0257 | Val e:  0.3078 | Test e:  0.2990 
| Epoch   82 | Train e:  0.6219, T l:  0.0257 | Val e:  0.3094 | Test e:  0.2998 
| Epoch   83 | Train e:  0.6242, T l:  0.0256 | Val e:  0.3092 | Test e:  0.3000 
| Epoch   84 | Train e:  0.6257, T l:  0.0255 | Val e:  0.3083 | Test e:  0.2987 
| Epoch   85 | Train e:  0.6284, T l:  0.0255 | Val e:  0.3087 | Test e:  0.3005 
| Epoch   86 | Train e:  0.6293, T l:  0.0254 | Val e:  0.3105 | Test e:  0.3000 
| Epoch   87 | Train e:  0.6312, T l:  0.0253 | Val e:  0.3086 | Test e:  0.3001 
| Epoch   88 | Train e:  0.6319, T l:  0.0252 | Val e:  0.3087 | Test e:  0.2999 
| Epoch   89 | Train e:  0.6343, T l:  0.0252 | Val e:  0.3095 | Test e:  0.2993 
| Epoch   90 | Train e:  0.6351, T l:  0.0251 | Val e:  0.3085 | Test e:  0.2993 
| Epoch   91 | Train e:  0.6366, T l:  0.0251 | Val e:  0.3108 | Test e:  0.2999 
| Epoch   92 | Train e:  0.6365, T l:  0.0250 | Val e:  0.3080 | Test e:  0.2998 
| Epoch   93 | Train e:  0.6378, T l:  0.0250 | Val e:  0.3096 | Test e:  0.2995 
| Epoch   94 | Train e:  0.6377, T l:  0.0249 | Val e:  0.3095 | Test e:  0.2999 
| Epoch   95 | Train e:  0.6384, T l:  0.0248 | Val e:  0.3093 | Test e:  0.2997 
| Epoch   96 | Train e:  0.6389, T l:  0.0248 | Val e:  0.3093 | Test e:  0.3002 
| Epoch   97 | Train e:  0.6399, T l:  0.0248 | Val e:  0.3098 | Test e:  0.3006 
| Epoch   98 | Train e:  0.6408, T l:  0.0247 | Val e:  0.3097 | Test e:  0.3006 
| Epoch   99 | Train e:  0.6408, T l:  0.0247 | Val e:  0.3098 | Test e:  0.3009 
