

===============================================
2022-10-22 12:53:21

main_gat.py --seeds 886 --device 2

gat conv + middle linear + ln + relu + dropout

baseline: SAT
dataset: ogbg-molpcba
use_val_loss: False
use_cpu: False
epochs: 100
scheduler: linear
warmup: 10
batch_size: 256
lr: 0.0002
weight_decay: 0.0001
num_workers: 0
clustering: False
masked_attention: True
gconv_dim: 384
tlayer_dim: 384
gat_attn_dropout: 0.0
gconv_dropout: 0.3
tlayer_attn_dropout: 0.3
tlayer_dropout: 0.3
num_layers: 5
num_heads: 8
skip_connection: short
readout: cls
seeds: 886
device: 2
save_state: False



| Epoch    0 | Train e:  0.0267, T l:  0.2433 | Val e:  0.0308 | Test e:  0.0323 
| Epoch    1 | Train e:  0.0569, T l:  0.0600 | Val e:  0.0583 | Test e:  0.0599 
| Epoch    2 | Train e:  0.0939, T l:  0.0495 | Val e:  0.1025 | Test e:  0.0987 
| Epoch    3 | Train e:  0.1229, T l:  0.0463 | Val e:  0.1289 | Test e:  0.1276 
| Epoch    4 | Train e:  0.1463, T l:  0.0443 | Val e:  0.1489 | Test e:  0.1472 
| Epoch    5 | Train e:  0.1688, T l:  0.0429 | Val e:  0.1657 | Test e:  0.1599 
| Epoch    6 | Train e:  0.1857, T l:  0.0417 | Val e:  0.1757 | Test e:  0.1712 
| Epoch    7 | Train e:  0.2046, T l:  0.0409 | Val e:  0.1890 | Test e:  0.1814 
| Epoch    8 | Train e:  0.2225, T l:  0.0401 | Val e:  0.1957 | Test e:  0.1946 
| Epoch    9 | Train e:  0.2397, T l:  0.0394 | Val e:  0.2029 | Test e:  0.2015 
| Epoch   10 | Train e:  0.2528, T l:  0.0388 | Val e:  0.2149 | Test e:  0.2122 
| Epoch   11 | Train e:  0.2720, T l:  0.0381 | Val e:  0.2178 | Test e:  0.2186 
| Epoch   12 | Train e:  0.2928, T l:  0.0376 | Val e:  0.2294 | Test e:  0.2304 
| Epoch   13 | Train e:  0.3008, T l:  0.0371 | Val e:  0.2372 | Test e:  0.2398 
| Epoch   14 | Train e:  0.3135, T l:  0.0365 | Val e:  0.2393 | Test e:  0.2403 
| Epoch   15 | Train e:  0.3227, T l:  0.0361 | Val e:  0.2470 | Test e:  0.2456 
| Epoch   16 | Train e:  0.3312, T l:  0.0358 | Val e:  0.2487 | Test e:  0.2468 
| Epoch   17 | Train e:  0.3461, T l:  0.0354 | Val e:  0.2557 | Test e:  0.2503 
| Epoch   18 | Train e:  0.3495, T l:  0.0351 | Val e:  0.2567 | Test e:  0.2486 
| Epoch   19 | Train e:  0.3642, T l:  0.0347 | Val e:  0.2660 | Test e:  0.2575 
| Epoch   20 | Train e:  0.3719, T l:  0.0345 | Val e:  0.2626 | Test e:  0.2550 
| Epoch   21 | Train e:  0.3785, T l:  0.0341 | Val e:  0.2697 | Test e:  0.2609 
| Epoch   22 | Train e:  0.3848, T l:  0.0339 | Val e:  0.2711 | Test e:  0.2629 
| Epoch   23 | Train e:  0.3958, T l:  0.0336 | Val e:  0.2737 | Test e:  0.2657 
| Epoch   24 | Train e:  0.4027, T l:  0.0333 | Val e:  0.2727 | Test e:  0.2604 
| Epoch   25 | Train e:  0.4100, T l:  0.0331 | Val e:  0.2773 | Test e:  0.2688 
| Epoch   26 | Train e:  0.4112, T l:  0.0329 | Val e:  0.2782 | Test e:  0.2682 
| Epoch   27 | Train e:  0.4185, T l:  0.0326 | Val e:  0.2757 | Test e:  0.2659 
| Epoch   28 | Train e:  0.4259, T l:  0.0324 | Val e:  0.2759 | Test e:  0.2680 
| Epoch   29 | Train e:  0.4316, T l:  0.0322 | Val e:  0.2787 | Test e:  0.2680 
| Epoch   30 | Train e:  0.4386, T l:  0.0320 | Val e:  0.2862 | Test e:  0.2720 
| Epoch   31 | Train e:  0.4470, T l:  0.0318 | Val e:  0.2865 | Test e:  0.2766 
| Epoch   32 | Train e:  0.4490, T l:  0.0316 | Val e:  0.2790 | Test e:  0.2745 
| Epoch   33 | Train e:  0.4579, T l:  0.0314 | Val e:  0.2866 | Test e:  0.2761 
| Epoch   34 | Train e:  0.4602, T l:  0.0313 | Val e:  0.2866 | Test e:  0.2747 
| Epoch   35 | Train e:  0.4672, T l:  0.0311 | Val e:  0.2891 | Test e:  0.2794 
| Epoch   36 | Train e:  0.4713, T l:  0.0309 | Val e:  0.2916 | Test e:  0.2808 
| Epoch   37 | Train e:  0.4649, T l:  0.0307 | Val e:  0.2804 | Test e:  0.2715 
| Epoch   38 | Train e:  0.4819, T l:  0.0306 | Val e:  0.2921 | Test e:  0.2804 
| Epoch   39 | Train e:  0.4866, T l:  0.0304 | Val e:  0.2899 | Test e:  0.2777 
| Epoch   40 | Train e:  0.4912, T l:  0.0303 | Val e:  0.2898 | Test e:  0.2836 
| Epoch   41 | Train e:  0.4981, T l:  0.0301 | Val e:  0.2946 | Test e:  0.2843 
| Epoch   42 | Train e:  0.4979, T l:  0.0300 | Val e:  0.2935 | Test e:  0.2816 
| Epoch   43 | Train e:  0.5062, T l:  0.0298 | Val e:  0.2994 | Test e:  0.2863 
| Epoch   44 | Train e:  0.5080, T l:  0.0297 | Val e:  0.2970 | Test e:  0.2834 
| Epoch   45 | Train e:  0.5091, T l:  0.0295 | Val e:  0.2951 | Test e:  0.2823 
| Epoch   46 | Train e:  0.5193, T l:  0.0294 | Val e:  0.2995 | Test e:  0.2862 
| Epoch   47 | Train e:  0.5145, T l:  0.0293 | Val e:  0.3008 | Test e:  0.2876 
| Epoch   48 | Train e:  0.5169, T l:  0.0291 | Val e:  0.2979 | Test e:  0.2851 
| Epoch   49 | Train e:  0.5280, T l:  0.0290 | Val e:  0.3016 | Test e:  0.2877 
| Epoch   50 | Train e:  0.5282, T l:  0.0289 | Val e:  0.3006 | Test e:  0.2868 
| Epoch   51 | Train e:  0.5400, T l:  0.0287 | Val e:  0.3016 | Test e:  0.2907 
| Epoch   52 | Train e:  0.5436, T l:  0.0286 | Val e:  0.3047 | Test e:  0.2930 
| Epoch   53 | Train e:  0.5465, T l:  0.0285 | Val e:  0.3031 | Test e:  0.2896 
| Epoch   54 | Train e:  0.5434, T l:  0.0284 | Val e:  0.3014 | Test e:  0.2873 
| Epoch   55 | Train e:  0.5500, T l:  0.0282 | Val e:  0.3010 | Test e:  0.2919 
| Epoch   56 | Train e:  0.5546, T l:  0.0282 | Val e:  0.3020 | Test e:  0.2899 
| Epoch   57 | Train e:  0.5598, T l:  0.0280 | Val e:  0.3053 | Test e:  0.2942 
| Epoch   58 | Train e:  0.5604, T l:  0.0279 | Val e:  0.3046 | Test e:  0.2939 
| Epoch   59 | Train e:  0.5589, T l:  0.0278 | Val e:  0.3018 | Test e:  0.2910 
| Epoch   60 | Train e:  0.5671, T l:  0.0277 | Val e:  0.3066 | Test e:  0.2957 
| Epoch   61 | Train e:  0.5708, T l:  0.0276 | Val e:  0.3053 | Test e:  0.2907 
| Epoch   62 | Train e:  0.5746, T l:  0.0275 | Val e:  0.3087 | Test e:  0.2941 
| Epoch   63 | Train e:  0.5781, T l:  0.0274 | Val e:  0.3085 | Test e:  0.2944 
| Epoch   64 | Train e:  0.5814, T l:  0.0273 | Val e:  0.3072 | Test e:  0.2984 
| Epoch   65 | Train e:  0.5843, T l:  0.0271 | Val e:  0.3042 | Test e:  0.2929 
| Epoch   66 | Train e:  0.5878, T l:  0.0270 | Val e:  0.3072 | Test e:  0.2957 
| Epoch   67 | Train e:  0.5888, T l:  0.0269 | Val e:  0.3048 | Test e:  0.2948 
| Epoch   68 | Train e:  0.5917, T l:  0.0269 | Val e:  0.3082 | Test e:  0.2961 
| Epoch   69 | Train e:  0.5965, T l:  0.0268 | Val e:  0.3085 | Test e:  0.2962 
| Epoch   70 | Train e:  0.5972, T l:  0.0266 | Val e:  0.3091 | Test e:  0.2973 
| Epoch   71 | Train e:  0.6020, T l:  0.0265 | Val e:  0.3113 | Test e:  0.2970 
| Epoch   72 | Train e:  0.6045, T l:  0.0265 | Val e:  0.3115 | Test e:  0.2973 
| Epoch   73 | Train e:  0.6043, T l:  0.0264 | Val e:  0.3072 | Test e:  0.2961 
| Epoch   74 | Train e:  0.6077, T l:  0.0263 | Val e:  0.3098 | Test e:  0.2991 
| Epoch   75 | Train e:  0.6071, T l:  0.0262 | Val e:  0.3098 | Test e:  0.2966 
| Epoch   76 | Train e:  0.6103, T l:  0.0261 | Val e:  0.3092 | Test e:  0.2962 
| Epoch   77 | Train e:  0.6145, T l:  0.0260 | Val e:  0.3099 | Test e:  0.2974 
| Epoch   78 | Train e:  0.6158, T l:  0.0260 | Val e:  0.3115 | Test e:  0.2976 
| Epoch   79 | Train e:  0.6201, T l:  0.0259 | Val e:  0.3110 | Test e:  0.2992 
| Epoch   80 | Train e:  0.6192, T l:  0.0258 | Val e:  0.3106 | Test e:  0.2984 
| Epoch   81 | Train e:  0.6227, T l:  0.0257 | Val e:  0.3120 | Test e:  0.2987 
| Epoch   82 | Train e:  0.6260, T l:  0.0256 | Val e:  0.3108 | Test e:  0.2999 
| Epoch   83 | Train e:  0.6265, T l:  0.0255 | Val e:  0.3123 | Test e:  0.3000 
| Epoch   84 | Train e:  0.6300, T l:  0.0255 | Val e:  0.3128 | Test e:  0.3002 
| Epoch   85 | Train e:  0.6295, T l:  0.0254 | Val e:  0.3142 | Test e:  0.3011 
| Epoch   86 | Train e:  0.6310, T l:  0.0254 | Val e:  0.3134 | Test e:  0.3008 
| Epoch   87 | Train e:  0.6323, T l:  0.0253 | Val e:  0.3130 | Test e:  0.2998 
| Epoch   88 | Train e:  0.6334, T l:  0.0252 | Val e:  0.3130 | Test e:  0.3006 
| Epoch   89 | Train e:  0.6357, T l:  0.0252 | Val e:  0.3133 | Test e:  0.3018 
| Epoch   90 | Train e:  0.6352, T l:  0.0251 | Val e:  0.3117 | Test e:  0.3028 
| Epoch   91 | Train e:  0.6389, T l:  0.0251 | Val e:  0.3133 | Test e:  0.3014 
| Epoch   92 | Train e:  0.6385, T l:  0.0250 | Val e:  0.3128 | Test e:  0.3013 
| Epoch   93 | Train e:  0.6405, T l:  0.0249 | Val e:  0.3126 | Test e:  0.3006 
| Epoch   94 | Train e:  0.6415, T l:  0.0249 | Val e:  0.3128 | Test e:  0.3012 
| Epoch   95 | Train e:  0.6421, T l:  0.0248 | Val e:  0.3138 | Test e:  0.3017 
| Epoch   96 | Train e:  0.6427, T l:  0.0248 | Val e:  0.3141 | Test e:  0.3017 
| Epoch   97 | Train e:  0.6432, T l:  0.0247 | Val e:  0.3135 | Test e:  0.3010 
| Epoch   98 | Train e:  0.6432, T l:  0.0247 | Val e:  0.3141 | Test e:  0.3012 
| Epoch   99 | Train e:  0.6436, T l:  0.0247 | Val e:  0.3141 | Test e:  0.3013 
