

===============================================
2022-12-12 01:46:35

main.py --seeds 12138 --device 3

None

baseline: GPS
dataset: ogbg-molpcba
use_val_loss: False
use_cpu: False
epochs: 100
scheduler: linear
warmup: 10
batch_size: 256
lr: 0.0002
weight_decay: 0.0001
num_workers: 0
clustering: False
masked_attention: True
gconv_dim: 384
tlayer_dim: 384
local_attn_dropout: 0.0
local_ffn_dropout: 0.3
global_attn_dropout: 0.3
global_ffn_dropout: 0.3
num_layers: 5
num_heads: 8
skip_connection: none
norm: ln
readout: cls
seeds: 12138
device: 3
save_state: False



| Epoch    0 | Train e:  0.0297, T l:  0.2370 | Val e:  0.0328 | Test e:  0.0335 
| Epoch    1 | Train e:  0.0535, T l:  0.0596 | Val e:  0.0553 | Test e:  0.0602 
| Epoch    2 | Train e:  0.0837, T l:  0.0500 | Val e:  0.0826 | Test e:  0.0822 
| Epoch    3 | Train e:  0.1131, T l:  0.0469 | Val e:  0.1174 | Test e:  0.1154 
| Epoch    4 | Train e:  0.1447, T l:  0.0447 | Val e:  0.1458 | Test e:  0.1417 
| Epoch    5 | Train e:  0.1662, T l:  0.0432 | Val e:  0.1642 | Test e:  0.1625 
| Epoch    6 | Train e:  0.1831, T l:  0.0420 | Val e:  0.1736 | Test e:  0.1723 
| Epoch    7 | Train e:  0.2044, T l:  0.0410 | Val e:  0.1846 | Test e:  0.1804 
| Epoch    8 | Train e:  0.2169, T l:  0.0403 | Val e:  0.1916 | Test e:  0.1883 
| Epoch    9 | Train e:  0.2395, T l:  0.0396 | Val e:  0.2003 | Test e:  0.2009 
| Epoch   10 | Train e:  0.2524, T l:  0.0391 | Val e:  0.2105 | Test e:  0.2092 
| Epoch   11 | Train e:  0.2639, T l:  0.0385 | Val e:  0.2169 | Test e:  0.2152 
| Epoch   12 | Train e:  0.2766, T l:  0.0379 | Val e:  0.2283 | Test e:  0.2231 
| Epoch   13 | Train e:  0.2889, T l:  0.0374 | Val e:  0.2236 | Test e:  0.2313 
| Epoch   14 | Train e:  0.3054, T l:  0.0371 | Val e:  0.2382 | Test e:  0.2374 
| Epoch   15 | Train e:  0.3131, T l:  0.0367 | Val e:  0.2440 | Test e:  0.2426 
| Epoch   16 | Train e:  0.3234, T l:  0.0363 | Val e:  0.2490 | Test e:  0.2428 
| Epoch   17 | Train e:  0.3288, T l:  0.0360 | Val e:  0.2492 | Test e:  0.2452 
| Epoch   18 | Train e:  0.3328, T l:  0.0356 | Val e:  0.2496 | Test e:  0.2436 
| Epoch   19 | Train e:  0.3410, T l:  0.0354 | Val e:  0.2540 | Test e:  0.2464 
| Epoch   20 | Train e:  0.3548, T l:  0.0351 | Val e:  0.2602 | Test e:  0.2553 
| Epoch   21 | Train e:  0.3621, T l:  0.0348 | Val e:  0.2640 | Test e:  0.2556 
| Epoch   22 | Train e:  0.3653, T l:  0.0346 | Val e:  0.2641 | Test e:  0.2555 
| Epoch   23 | Train e:  0.3780, T l:  0.0344 | Val e:  0.2684 | Test e:  0.2615 
| Epoch   24 | Train e:  0.3798, T l:  0.0341 | Val e:  0.2748 | Test e:  0.2642 
| Epoch   25 | Train e:  0.3883, T l:  0.0339 | Val e:  0.2718 | Test e:  0.2636 
| Epoch   26 | Train e:  0.3942, T l:  0.0337 | Val e:  0.2731 | Test e:  0.2665 
| Epoch   27 | Train e:  0.3985, T l:  0.0335 | Val e:  0.2743 | Test e:  0.2627 
| Epoch   28 | Train e:  0.4062, T l:  0.0333 | Val e:  0.2781 | Test e:  0.2690 
| Epoch   29 | Train e:  0.4084, T l:  0.0331 | Val e:  0.2768 | Test e:  0.2733 
| Epoch   30 | Train e:  0.4175, T l:  0.0329 | Val e:  0.2820 | Test e:  0.2747 
| Epoch   31 | Train e:  0.4201, T l:  0.0327 | Val e:  0.2767 | Test e:  0.2726 
| Epoch   32 | Train e:  0.4279, T l:  0.0326 | Val e:  0.2801 | Test e:  0.2747 
| Epoch   33 | Train e:  0.4328, T l:  0.0324 | Val e:  0.2828 | Test e:  0.2768 
| Epoch   34 | Train e:  0.4376, T l:  0.0323 | Val e:  0.2848 | Test e:  0.2779 
| Epoch   35 | Train e:  0.4449, T l:  0.0321 | Val e:  0.2918 | Test e:  0.2772 
| Epoch   36 | Train e:  0.4484, T l:  0.0320 | Val e:  0.2885 | Test e:  0.2765 
| Epoch   37 | Train e:  0.4529, T l:  0.0318 | Val e:  0.2871 | Test e:  0.2767 
| Epoch   38 | Train e:  0.4563, T l:  0.0316 | Val e:  0.2903 | Test e:  0.2767 
| Epoch   39 | Train e:  0.4574, T l:  0.0316 | Val e:  0.2907 | Test e:  0.2853 
| Epoch   40 | Train e:  0.4643, T l:  0.0314 | Val e:  0.2930 | Test e:  0.2831 
| Epoch   41 | Train e:  0.4698, T l:  0.0313 | Val e:  0.2964 | Test e:  0.2835 
| Epoch   42 | Train e:  0.4719, T l:  0.0311 | Val e:  0.2921 | Test e:  0.2872 
| Epoch   43 | Train e:  0.4777, T l:  0.0309 | Val e:  0.2964 | Test e:  0.2878 
| Epoch   44 | Train e:  0.4789, T l:  0.0308 | Val e:  0.2970 | Test e:  0.2838 
| Epoch   45 | Train e:  0.4851, T l:  0.0307 | Val e:  0.2947 | Test e:  0.2858 
| Epoch   46 | Train e:  0.4897, T l:  0.0306 | Val e:  0.2985 | Test e:  0.2905 
| Epoch   47 | Train e:  0.4941, T l:  0.0304 | Val e:  0.2971 | Test e:  0.2902 
| Epoch   48 | Train e:  0.4959, T l:  0.0303 | Val e:  0.2988 | Test e:  0.2898 
| Epoch   49 | Train e:  0.4947, T l:  0.0302 | Val e:  0.2958 | Test e:  0.2898 
| Epoch   50 | Train e:  0.5025, T l:  0.0301 | Val e:  0.3035 | Test e:  0.2862 
| Epoch   51 | Train e:  0.5048, T l:  0.0300 | Val e:  0.3014 | Test e:  0.2889 
| Epoch   52 | Train e:  0.5071, T l:  0.0299 | Val e:  0.2997 | Test e:  0.2888 
| Epoch   53 | Train e:  0.5137, T l:  0.0298 | Val e:  0.3033 | Test e:  0.2912 
| Epoch   54 | Train e:  0.5176, T l:  0.0297 | Val e:  0.3045 | Test e:  0.2935 
| Epoch   55 | Train e:  0.5184, T l:  0.0295 | Val e:  0.3059 | Test e:  0.2947 
| Epoch   56 | Train e:  0.5251, T l:  0.0294 | Val e:  0.3063 | Test e:  0.2905 
| Epoch   57 | Train e:  0.5280, T l:  0.0293 | Val e:  0.3064 | Test e:  0.2971 
| Epoch   58 | Train e:  0.5283, T l:  0.0292 | Val e:  0.3026 | Test e:  0.2912 
| Epoch   59 | Train e:  0.5314, T l:  0.0291 | Val e:  0.3048 | Test e:  0.2970 
| Epoch   60 | Train e:  0.5354, T l:  0.0290 | Val e:  0.3071 | Test e:  0.2971 
| Epoch   61 | Train e:  0.5385, T l:  0.0289 | Val e:  0.3069 | Test e:  0.2951 
| Epoch   62 | Train e:  0.5416, T l:  0.0288 | Val e:  0.3058 | Test e:  0.2981 
| Epoch   63 | Train e:  0.5449, T l:  0.0287 | Val e:  0.3084 | Test e:  0.2985 
| Epoch   64 | Train e:  0.5486, T l:  0.0286 | Val e:  0.3072 | Test e:  0.2980 
| Epoch   65 | Train e:  0.5529, T l:  0.0285 | Val e:  0.3073 | Test e:  0.2981 
| Epoch   66 | Train e:  0.5510, T l:  0.0285 | Val e:  0.3100 | Test e:  0.3003 
| Epoch   67 | Train e:  0.5524, T l:  0.0284 | Val e:  0.3108 | Test e:  0.3002 
| Epoch   68 | Train e:  0.5587, T l:  0.0282 | Val e:  0.3078 | Test e:  0.2996 
| Epoch   69 | Train e:  0.5627, T l:  0.0282 | Val e:  0.3084 | Test e:  0.2993 
| Epoch   70 | Train e:  0.5615, T l:  0.0281 | Val e:  0.3105 | Test e:  0.2995 
| Epoch   71 | Train e:  0.5633, T l:  0.0280 | Val e:  0.3094 | Test e:  0.2974 
| Epoch   72 | Train e:  0.5686, T l:  0.0279 | Val e:  0.3103 | Test e:  0.2977 
| Epoch   73 | Train e:  0.5711, T l:  0.0278 | Val e:  0.3099 | Test e:  0.3015 
| Epoch   74 | Train e:  0.5723, T l:  0.0277 | Val e:  0.3130 | Test e:  0.3019 
| Epoch   75 | Train e:  0.5735, T l:  0.0277 | Val e:  0.3132 | Test e:  0.3045 
| Epoch   76 | Train e:  0.5772, T l:  0.0276 | Val e:  0.3139 | Test e:  0.3020 
| Epoch   77 | Train e:  0.5788, T l:  0.0275 | Val e:  0.3124 | Test e:  0.3017 
| Epoch   78 | Train e:  0.5793, T l:  0.0274 | Val e:  0.3128 | Test e:  0.3022 
| Epoch   79 | Train e:  0.5830, T l:  0.0274 | Val e:  0.3129 | Test e:  0.3022 
| Epoch   80 | Train e:  0.5830, T l:  0.0273 | Val e:  0.3137 | Test e:  0.3060 
| Epoch   81 | Train e:  0.5839, T l:  0.0272 | Val e:  0.3125 | Test e:  0.3025 
| Epoch   82 | Train e:  0.5878, T l:  0.0271 | Val e:  0.3131 | Test e:  0.3013 
| Epoch   83 | Train e:  0.5888, T l:  0.0271 | Val e:  0.3149 | Test e:  0.3025 
| Epoch   84 | Train e:  0.5911, T l:  0.0270 | Val e:  0.3143 | Test e:  0.3024 
| Epoch   85 | Train e:  0.5924, T l:  0.0270 | Val e:  0.3143 | Test e:  0.3035 
| Epoch   86 | Train e:  0.5939, T l:  0.0269 | Val e:  0.3152 | Test e:  0.3034 
| Epoch   87 | Train e:  0.5953, T l:  0.0268 | Val e:  0.3158 | Test e:  0.3044 
| Epoch   88 | Train e:  0.5973, T l:  0.0268 | Val e:  0.3164 | Test e:  0.3038 
| Epoch   89 | Train e:  0.5979, T l:  0.0267 | Val e:  0.3143 | Test e:  0.3042 
| Epoch   90 | Train e:  0.5983, T l:  0.0266 | Val e:  0.3164 | Test e:  0.3079 
| Epoch   91 | Train e:  0.5989, T l:  0.0266 | Val e:  0.3157 | Test e:  0.3071 
| Epoch   92 | Train e:  0.6018, T l:  0.0265 | Val e:  0.3166 | Test e:  0.3056 
| Epoch   93 | Train e:  0.6027, T l:  0.0265 | Val e:  0.3165 | Test e:  0.3076 
| Epoch   94 | Train e:  0.6032, T l:  0.0265 | Val e:  0.3174 | Test e:  0.3058 
| Epoch   95 | Train e:  0.6042, T l:  0.0264 | Val e:  0.3174 | Test e:  0.3069 
| Epoch   96 | Train e:  0.6046, T l:  0.0264 | Val e:  0.3169 | Test e:  0.3063 
| Epoch   97 | Train e:  0.6052, T l:  0.0263 | Val e:  0.3168 | Test e:  0.3058 
| Epoch   98 | Train e:  0.6050, T l:  0.0263 | Val e:  0.3173 | Test e:  0.3059 
| Epoch   99 | Train e:  0.6055, T l:  0.0263 | Val e:  0.3172 | Test e:  0.3060 
