

===============================================
2022-10-21 01:03:16

main_22.py

2 gat conv + middle layers + 1 tlayer; 3 layers

baseline: SAT
dataset: ogbg-molpcba
use_val_loss: False
use_cpu: False
epochs: 100
scheduler: linear
warmup: 10
batch_size: 256
lr: 0.0002
weight_decay: 0.0001
num_workers: 0
clustering: False
masked_attention: True
gconv_dim: 384
tlayer_dim: 384
gconv_dropout: 0.3
attn_dropout: 0.3
tlayer_dropout: 0.3
num_heads: 8
skip_connection: short
readout: cls
seeds: 0
device: 2
save_state: False



| Epoch    0 | Train e:  0.0279, T l:  0.2562 | Val e:  0.0305 | Test e:  0.0317 
| Epoch    1 | Train e:  0.0528, T l:  0.0611 | Val e:  0.0538 | Test e:  0.0559 
| Epoch    2 | Train e:  0.0871, T l:  0.0501 | Val e:  0.0915 | Test e:  0.0901 
| Epoch    3 | Train e:  0.1180, T l:  0.0466 | Val e:  0.1240 | Test e:  0.1201 
| Epoch    4 | Train e:  0.1485, T l:  0.0444 | Val e:  0.1491 | Test e:  0.1449 
| Epoch    5 | Train e:  0.1682, T l:  0.0429 | Val e:  0.1666 | Test e:  0.1617 
| Epoch    6 | Train e:  0.1878, T l:  0.0417 | Val e:  0.1789 | Test e:  0.1742 
| Epoch    7 | Train e:  0.2076, T l:  0.0407 | Val e:  0.1898 | Test e:  0.1846 
| Epoch    8 | Train e:  0.2178, T l:  0.0399 | Val e:  0.1948 | Test e:  0.1903 
| Epoch    9 | Train e:  0.2400, T l:  0.0393 | Val e:  0.2032 | Test e:  0.2055 
| Epoch   10 | Train e:  0.2552, T l:  0.0386 | Val e:  0.2124 | Test e:  0.2135 
| Epoch   11 | Train e:  0.2698, T l:  0.0378 | Val e:  0.2192 | Test e:  0.2196 
| Epoch   12 | Train e:  0.2884, T l:  0.0374 | Val e:  0.2291 | Test e:  0.2298 
| Epoch   13 | Train e:  0.3035, T l:  0.0369 | Val e:  0.2376 | Test e:  0.2368 
| Epoch   14 | Train e:  0.3113, T l:  0.0364 | Val e:  0.2390 | Test e:  0.2339 
| Epoch   15 | Train e:  0.3208, T l:  0.0359 | Val e:  0.2437 | Test e:  0.2410 
| Epoch   16 | Train e:  0.3323, T l:  0.0355 | Val e:  0.2508 | Test e:  0.2469 
| Epoch   17 | Train e:  0.3401, T l:  0.0352 | Val e:  0.2501 | Test e:  0.2496 
| Epoch   18 | Train e:  0.3452, T l:  0.0349 | Val e:  0.2541 | Test e:  0.2489 
| Epoch   19 | Train e:  0.3509, T l:  0.0345 | Val e:  0.2560 | Test e:  0.2504 
| Epoch   20 | Train e:  0.3669, T l:  0.0343 | Val e:  0.2599 | Test e:  0.2537 
| Epoch   21 | Train e:  0.3766, T l:  0.0340 | Val e:  0.2610 | Test e:  0.2615 
| Epoch   22 | Train e:  0.3807, T l:  0.0337 | Val e:  0.2637 | Test e:  0.2578 
| Epoch   23 | Train e:  0.3947, T l:  0.0334 | Val e:  0.2703 | Test e:  0.2647 
| Epoch   24 | Train e:  0.3941, T l:  0.0332 | Val e:  0.2709 | Test e:  0.2676 
| Epoch   25 | Train e:  0.4020, T l:  0.0329 | Val e:  0.2707 | Test e:  0.2682 
| Epoch   26 | Train e:  0.4069, T l:  0.0328 | Val e:  0.2708 | Test e:  0.2643 
| Epoch   27 | Train e:  0.4184, T l:  0.0325 | Val e:  0.2802 | Test e:  0.2730 
| Epoch   28 | Train e:  0.4189, T l:  0.0323 | Val e:  0.2763 | Test e:  0.2667 
| Epoch   29 | Train e:  0.4251, T l:  0.0321 | Val e:  0.2760 | Test e:  0.2691 
| Epoch   30 | Train e:  0.4346, T l:  0.0319 | Val e:  0.2796 | Test e:  0.2708 
| Epoch   31 | Train e:  0.4384, T l:  0.0317 | Val e:  0.2817 | Test e:  0.2757 
| Epoch   32 | Train e:  0.4384, T l:  0.0316 | Val e:  0.2810 | Test e:  0.2711 
| Epoch   33 | Train e:  0.4503, T l:  0.0313 | Val e:  0.2860 | Test e:  0.2764 
| Epoch   34 | Train e:  0.4512, T l:  0.0312 | Val e:  0.2811 | Test e:  0.2740 
| Epoch   35 | Train e:  0.4596, T l:  0.0310 | Val e:  0.2884 | Test e:  0.2800 
| Epoch   36 | Train e:  0.4660, T l:  0.0309 | Val e:  0.2873 | Test e:  0.2811 
| Epoch   37 | Train e:  0.4638, T l:  0.0307 | Val e:  0.2879 | Test e:  0.2835 
| Epoch   38 | Train e:  0.4725, T l:  0.0305 | Val e:  0.2905 | Test e:  0.2802 
| Epoch   39 | Train e:  0.4744, T l:  0.0304 | Val e:  0.2893 | Test e:  0.2806 
| Epoch   40 | Train e:  0.4775, T l:  0.0302 | Val e:  0.2909 | Test e:  0.2768 
| Epoch   41 | Train e:  0.4820, T l:  0.0301 | Val e:  0.2884 | Test e:  0.2809 
| Epoch   42 | Train e:  0.4905, T l:  0.0299 | Val e:  0.2932 | Test e:  0.2834 
| Epoch   43 | Train e:  0.4928, T l:  0.0298 | Val e:  0.2934 | Test e:  0.2828 
| Epoch   44 | Train e:  0.4989, T l:  0.0296 | Val e:  0.2962 | Test e:  0.2881 
| Epoch   45 | Train e:  0.5005, T l:  0.0295 | Val e:  0.2987 | Test e:  0.2873 
| Epoch   46 | Train e:  0.5028, T l:  0.0294 | Val e:  0.3002 | Test e:  0.2839 
| Epoch   47 | Train e:  0.5081, T l:  0.0292 | Val e:  0.2960 | Test e:  0.2871 
| Epoch   48 | Train e:  0.5109, T l:  0.0291 | Val e:  0.2986 | Test e:  0.2862 
| Epoch   49 | Train e:  0.5170, T l:  0.0290 | Val e:  0.2994 | Test e:  0.2907 
| Epoch   50 | Train e:  0.5175, T l:  0.0289 | Val e:  0.2975 | Test e:  0.2854 
| Epoch   51 | Train e:  0.5219, T l:  0.0287 | Val e:  0.3016 | Test e:  0.2921 
| Epoch   52 | Train e:  0.5256, T l:  0.0286 | Val e:  0.2999 | Test e:  0.2915 
| Epoch   53 | Train e:  0.5278, T l:  0.0285 | Val e:  0.3022 | Test e:  0.2909 
| Epoch   54 | Train e:  0.5282, T l:  0.0284 | Val e:  0.2979 | Test e:  0.2896 
| Epoch   55 | Train e:  0.5355, T l:  0.0282 | Val e:  0.3006 | Test e:  0.2903 
| Epoch   56 | Train e:  0.5374, T l:  0.0281 | Val e:  0.3020 | Test e:  0.2929 
| Epoch   57 | Train e:  0.5431, T l:  0.0281 | Val e:  0.3007 | Test e:  0.2906 
| Epoch   58 | Train e:  0.5418, T l:  0.0279 | Val e:  0.2993 | Test e:  0.2882 
| Epoch   59 | Train e:  0.5479, T l:  0.0278 | Val e:  0.2987 | Test e:  0.2895 
| Epoch   60 | Train e:  0.5489, T l:  0.0277 | Val e:  0.3004 | Test e:  0.2918 
| Epoch   61 | Train e:  0.5556, T l:  0.0276 | Val e:  0.3046 | Test e:  0.2930 
| Epoch   62 | Train e:  0.5559, T l:  0.0275 | Val e:  0.3039 | Test e:  0.2929 
| Epoch   63 | Train e:  0.5581, T l:  0.0274 | Val e:  0.3049 | Test e:  0.2927 
| Epoch   64 | Train e:  0.5577, T l:  0.0273 | Val e:  0.3043 | Test e:  0.2937 
| Epoch   65 | Train e:  0.5645, T l:  0.0272 | Val e:  0.3046 | Test e:  0.2911 
| Epoch   66 | Train e:  0.5661, T l:  0.0271 | Val e:  0.3049 | Test e:  0.2926 
| Epoch   67 | Train e:  0.5694, T l:  0.0270 | Val e:  0.3063 | Test e:  0.2909 
| Epoch   68 | Train e:  0.5709, T l:  0.0269 | Val e:  0.3045 | Test e:  0.2896 
| Epoch   69 | Train e:  0.5749, T l:  0.0268 | Val e:  0.3059 | Test e:  0.2924 
| Epoch   70 | Train e:  0.5762, T l:  0.0267 | Val e:  0.3057 | Test e:  0.2943 
| Epoch   71 | Train e:  0.5785, T l:  0.0267 | Val e:  0.3049 | Test e:  0.2928 
| Epoch   72 | Train e:  0.5803, T l:  0.0265 | Val e:  0.3066 | Test e:  0.2916 
| Epoch   73 | Train e:  0.5836, T l:  0.0265 | Val e:  0.3086 | Test e:  0.2927 
| Epoch   74 | Train e:  0.5851, T l:  0.0264 | Val e:  0.3060 | Test e:  0.2943 
| Epoch   75 | Train e:  0.5879, T l:  0.0263 | Val e:  0.3050 | Test e:  0.2930 
| Epoch   76 | Train e:  0.5871, T l:  0.0262 | Val e:  0.3067 | Test e:  0.2950 
| Epoch   77 | Train e:  0.5916, T l:  0.0261 | Val e:  0.3053 | Test e:  0.2948 
| Epoch   78 | Train e:  0.5933, T l:  0.0260 | Val e:  0.3072 | Test e:  0.2960 
| Epoch   79 | Train e:  0.5932, T l:  0.0260 | Val e:  0.3054 | Test e:  0.2941 
| Epoch   80 | Train e:  0.5987, T l:  0.0259 | Val e:  0.3078 | Test e:  0.2946 
| Epoch   81 | Train e:  0.5998, T l:  0.0258 | Val e:  0.3070 | Test e:  0.2936 
| Epoch   82 | Train e:  0.6014, T l:  0.0257 | Val e:  0.3073 | Test e:  0.2954 
| Epoch   83 | Train e:  0.6041, T l:  0.0257 | Val e:  0.3098 | Test e:  0.2965 
| Epoch   84 | Train e:  0.6053, T l:  0.0256 | Val e:  0.3071 | Test e:  0.2964 
| Epoch   85 | Train e:  0.6064, T l:  0.0255 | Val e:  0.3087 | Test e:  0.2966 
| Epoch   86 | Train e:  0.6067, T l:  0.0255 | Val e:  0.3092 | Test e:  0.2970 
| Epoch   87 | Train e:  0.6081, T l:  0.0254 | Val e:  0.3088 | Test e:  0.2961 
| Epoch   88 | Train e:  0.6097, T l:  0.0254 | Val e:  0.3078 | Test e:  0.2972 
| Epoch   89 | Train e:  0.6117, T l:  0.0253 | Val e:  0.3087 | Test e:  0.2978 
| Epoch   90 | Train e:  0.6134, T l:  0.0252 | Val e:  0.3096 | Test e:  0.2983 
| Epoch   91 | Train e:  0.6147, T l:  0.0252 | Val e:  0.3101 | Test e:  0.2979 
| Epoch   92 | Train e:  0.6159, T l:  0.0251 | Val e:  0.3095 | Test e:  0.2973 
| Epoch   93 | Train e:  0.6143, T l:  0.0251 | Val e:  0.3103 | Test e:  0.2978 
| Epoch   94 | Train e:  0.6160, T l:  0.0250 | Val e:  0.3100 | Test e:  0.2978 
| Epoch   95 | Train e:  0.6178, T l:  0.0250 | Val e:  0.3106 | Test e:  0.2970 
| Epoch   96 | Train e:  0.6186, T l:  0.0249 | Val e:  0.3110 | Test e:  0.2979 
| Epoch   97 | Train e:  0.6192, T l:  0.0249 | Val e:  0.3106 | Test e:  0.2984 
| Epoch   98 | Train e:  0.6194, T l:  0.0248 | Val e:  0.3102 | Test e:  0.2980 
| Epoch   99 | Train e:  0.6194, T l:  0.0248 | Val e:  0.3106 | Test e:  0.2980 
