

===============================================
2022-12-11 13:40:53

main.py --seeds 666 --device 1

None

baseline: GPS
dataset: ogbg-molpcba
use_val_loss: False
use_cpu: False
epochs: 100
scheduler: linear
warmup: 10
batch_size: 256
lr: 0.0002
weight_decay: 0.0001
num_workers: 0
clustering: False
masked_attention: True
gconv_dim: 384
tlayer_dim: 384
local_attn_dropout: 0.0
local_ffn_dropout: 0.3
global_attn_dropout: 0.3
global_ffn_dropout: 0.3
num_layers: 5
num_heads: 8
skip_connection: none
norm: ln
readout: cls
seeds: 666
device: 1
save_state: False



| Epoch    0 | Train e:  0.0294, T l:  0.2518 | Val e:  0.0326 | Test e:  0.0332 
| Epoch    1 | Train e:  0.0505, T l:  0.0604 | Val e:  0.0530 | Test e:  0.0557 
| Epoch    2 | Train e:  0.0849, T l:  0.0501 | Val e:  0.0876 | Test e:  0.0864 
| Epoch    3 | Train e:  0.1186, T l:  0.0469 | Val e:  0.1214 | Test e:  0.1169 
| Epoch    4 | Train e:  0.1404, T l:  0.0446 | Val e:  0.1403 | Test e:  0.1391 
| Epoch    5 | Train e:  0.1550, T l:  0.0431 | Val e:  0.1518 | Test e:  0.1476 
| Epoch    6 | Train e:  0.1875, T l:  0.0419 | Val e:  0.1767 | Test e:  0.1738 
| Epoch    7 | Train e:  0.2066, T l:  0.0410 | Val e:  0.1885 | Test e:  0.1817 
| Epoch    8 | Train e:  0.2262, T l:  0.0402 | Val e:  0.2015 | Test e:  0.1935 
| Epoch    9 | Train e:  0.2327, T l:  0.0397 | Val e:  0.1983 | Test e:  0.1955 
| Epoch   10 | Train e:  0.2507, T l:  0.0390 | Val e:  0.2100 | Test e:  0.2088 
| Epoch   11 | Train e:  0.2666, T l:  0.0384 | Val e:  0.2176 | Test e:  0.2159 
| Epoch   12 | Train e:  0.2811, T l:  0.0379 | Val e:  0.2231 | Test e:  0.2264 
| Epoch   13 | Train e:  0.2957, T l:  0.0374 | Val e:  0.2241 | Test e:  0.2333 
| Epoch   14 | Train e:  0.3030, T l:  0.0370 | Val e:  0.2311 | Test e:  0.2285 
| Epoch   15 | Train e:  0.3051, T l:  0.0366 | Val e:  0.2342 | Test e:  0.2358 
| Epoch   16 | Train e:  0.3117, T l:  0.0362 | Val e:  0.2400 | Test e:  0.2358 
| Epoch   17 | Train e:  0.3242, T l:  0.0359 | Val e:  0.2417 | Test e:  0.2385 
| Epoch   18 | Train e:  0.3357, T l:  0.0356 | Val e:  0.2462 | Test e:  0.2479 
| Epoch   19 | Train e:  0.3457, T l:  0.0353 | Val e:  0.2464 | Test e:  0.2533 
| Epoch   20 | Train e:  0.3527, T l:  0.0351 | Val e:  0.2540 | Test e:  0.2540 
| Epoch   21 | Train e:  0.3613, T l:  0.0349 | Val e:  0.2609 | Test e:  0.2594 
| Epoch   22 | Train e:  0.3646, T l:  0.0346 | Val e:  0.2623 | Test e:  0.2585 
| Epoch   23 | Train e:  0.3748, T l:  0.0343 | Val e:  0.2601 | Test e:  0.2578 
| Epoch   24 | Train e:  0.3768, T l:  0.0341 | Val e:  0.2620 | Test e:  0.2595 
| Epoch   25 | Train e:  0.3850, T l:  0.0339 | Val e:  0.2644 | Test e:  0.2579 
| Epoch   26 | Train e:  0.3898, T l:  0.0337 | Val e:  0.2708 | Test e:  0.2671 
| Epoch   27 | Train e:  0.3971, T l:  0.0335 | Val e:  0.2737 | Test e:  0.2661 
| Epoch   28 | Train e:  0.4031, T l:  0.0333 | Val e:  0.2702 | Test e:  0.2633 
| Epoch   29 | Train e:  0.4128, T l:  0.0331 | Val e:  0.2723 | Test e:  0.2676 
| Epoch   30 | Train e:  0.4141, T l:  0.0329 | Val e:  0.2706 | Test e:  0.2700 
| Epoch   31 | Train e:  0.4170, T l:  0.0328 | Val e:  0.2730 | Test e:  0.2695 
| Epoch   32 | Train e:  0.4195, T l:  0.0326 | Val e:  0.2755 | Test e:  0.2695 
| Epoch   33 | Train e:  0.4293, T l:  0.0325 | Val e:  0.2799 | Test e:  0.2700 
| Epoch   34 | Train e:  0.4331, T l:  0.0323 | Val e:  0.2793 | Test e:  0.2750 
| Epoch   35 | Train e:  0.4405, T l:  0.0321 | Val e:  0.2816 | Test e:  0.2760 
| Epoch   36 | Train e:  0.4420, T l:  0.0320 | Val e:  0.2831 | Test e:  0.2800 
| Epoch   37 | Train e:  0.4459, T l:  0.0318 | Val e:  0.2823 | Test e:  0.2767 
| Epoch   38 | Train e:  0.4522, T l:  0.0317 | Val e:  0.2806 | Test e:  0.2764 
| Epoch   39 | Train e:  0.4568, T l:  0.0315 | Val e:  0.2837 | Test e:  0.2735 
| Epoch   40 | Train e:  0.4604, T l:  0.0314 | Val e:  0.2830 | Test e:  0.2782 
| Epoch   41 | Train e:  0.4638, T l:  0.0312 | Val e:  0.2869 | Test e:  0.2803 
| Epoch   42 | Train e:  0.4680, T l:  0.0312 | Val e:  0.2872 | Test e:  0.2802 
| Epoch   43 | Train e:  0.4726, T l:  0.0310 | Val e:  0.2872 | Test e:  0.2816 
| Epoch   44 | Train e:  0.4782, T l:  0.0309 | Val e:  0.2884 | Test e:  0.2814 
| Epoch   45 | Train e:  0.4799, T l:  0.0307 | Val e:  0.2912 | Test e:  0.2901 
| Epoch   46 | Train e:  0.4835, T l:  0.0306 | Val e:  0.2920 | Test e:  0.2862 
| Epoch   47 | Train e:  0.4903, T l:  0.0305 | Val e:  0.2917 | Test e:  0.2889 
| Epoch   48 | Train e:  0.4932, T l:  0.0303 | Val e:  0.2921 | Test e:  0.2901 
| Epoch   49 | Train e:  0.4988, T l:  0.0302 | Val e:  0.2943 | Test e:  0.2897 
| Epoch   50 | Train e:  0.4974, T l:  0.0301 | Val e:  0.2961 | Test e:  0.2919 
| Epoch   51 | Train e:  0.5027, T l:  0.0300 | Val e:  0.2931 | Test e:  0.2887 
| Epoch   52 | Train e:  0.5081, T l:  0.0299 | Val e:  0.2965 | Test e:  0.2899 
| Epoch   53 | Train e:  0.5095, T l:  0.0297 | Val e:  0.2969 | Test e:  0.2918 
| Epoch   54 | Train e:  0.5093, T l:  0.0297 | Val e:  0.2968 | Test e:  0.2911 
| Epoch   55 | Train e:  0.5150, T l:  0.0296 | Val e:  0.2992 | Test e:  0.2896 
| Epoch   56 | Train e:  0.5214, T l:  0.0294 | Val e:  0.2982 | Test e:  0.2963 
| Epoch   57 | Train e:  0.5239, T l:  0.0293 | Val e:  0.2991 | Test e:  0.2932 
| Epoch   58 | Train e:  0.5263, T l:  0.0292 | Val e:  0.2991 | Test e:  0.2919 
| Epoch   59 | Train e:  0.5283, T l:  0.0291 | Val e:  0.2981 | Test e:  0.2900 
| Epoch   60 | Train e:  0.5323, T l:  0.0291 | Val e:  0.2991 | Test e:  0.2905 
| Epoch   61 | Train e:  0.5349, T l:  0.0289 | Val e:  0.2985 | Test e:  0.2941 
| Epoch   62 | Train e:  0.5408, T l:  0.0288 | Val e:  0.3027 | Test e:  0.2974 
| Epoch   63 | Train e:  0.5434, T l:  0.0287 | Val e:  0.3036 | Test e:  0.2972 
| Epoch   64 | Train e:  0.5443, T l:  0.0286 | Val e:  0.3022 | Test e:  0.2973 
| Epoch   65 | Train e:  0.5469, T l:  0.0285 | Val e:  0.3037 | Test e:  0.2954 
| Epoch   66 | Train e:  0.5464, T l:  0.0284 | Val e:  0.3050 | Test e:  0.2950 
| Epoch   67 | Train e:  0.5512, T l:  0.0284 | Val e:  0.3014 | Test e:  0.2954 
| Epoch   68 | Train e:  0.5536, T l:  0.0282 | Val e:  0.3019 | Test e:  0.2958 
| Epoch   69 | Train e:  0.5559, T l:  0.0282 | Val e:  0.3046 | Test e:  0.2990 
| Epoch   70 | Train e:  0.5585, T l:  0.0280 | Val e:  0.3035 | Test e:  0.2974 
| Epoch   71 | Train e:  0.5611, T l:  0.0280 | Val e:  0.3035 | Test e:  0.2961 
| Epoch   72 | Train e:  0.5612, T l:  0.0279 | Val e:  0.3049 | Test e:  0.3002 
| Epoch   73 | Train e:  0.5641, T l:  0.0279 | Val e:  0.3049 | Test e:  0.3002 
| Epoch   74 | Train e:  0.5655, T l:  0.0277 | Val e:  0.3038 | Test e:  0.3003 
| Epoch   75 | Train e:  0.5701, T l:  0.0276 | Val e:  0.3066 | Test e:  0.3007 
| Epoch   76 | Train e:  0.5715, T l:  0.0276 | Val e:  0.3063 | Test e:  0.2981 
| Epoch   77 | Train e:  0.5736, T l:  0.0276 | Val e:  0.3037 | Test e:  0.2984 
| Epoch   78 | Train e:  0.5745, T l:  0.0274 | Val e:  0.3066 | Test e:  0.2987 
| Epoch   79 | Train e:  0.5786, T l:  0.0274 | Val e:  0.3081 | Test e:  0.2986 
| Epoch   80 | Train e:  0.5769, T l:  0.0273 | Val e:  0.3087 | Test e:  0.3001 
| Epoch   81 | Train e:  0.5822, T l:  0.0272 | Val e:  0.3091 | Test e:  0.3022 
| Epoch   82 | Train e:  0.5836, T l:  0.0271 | Val e:  0.3083 | Test e:  0.3008 
| Epoch   83 | Train e:  0.5842, T l:  0.0271 | Val e:  0.3089 | Test e:  0.3014 
| Epoch   84 | Train e:  0.5846, T l:  0.0270 | Val e:  0.3096 | Test e:  0.3056 
| Epoch   85 | Train e:  0.5877, T l:  0.0269 | Val e:  0.3090 | Test e:  0.3033 
| Epoch   86 | Train e:  0.5889, T l:  0.0269 | Val e:  0.3099 | Test e:  0.3024 
| Epoch   87 | Train e:  0.5911, T l:  0.0268 | Val e:  0.3096 | Test e:  0.3015 
| Epoch   88 | Train e:  0.5915, T l:  0.0268 | Val e:  0.3100 | Test e:  0.3028 
| Epoch   89 | Train e:  0.5913, T l:  0.0267 | Val e:  0.3095 | Test e:  0.3018 
| Epoch   90 | Train e:  0.5928, T l:  0.0266 | Val e:  0.3091 | Test e:  0.3018 
| Epoch   91 | Train e:  0.5955, T l:  0.0266 | Val e:  0.3102 | Test e:  0.3022 
| Epoch   92 | Train e:  0.5959, T l:  0.0266 | Val e:  0.3093 | Test e:  0.3013 
| Epoch   93 | Train e:  0.5966, T l:  0.0265 | Val e:  0.3101 | Test e:  0.3020 
| Epoch   94 | Train e:  0.5986, T l:  0.0265 | Val e:  0.3103 | Test e:  0.3020 
| Epoch   95 | Train e:  0.5985, T l:  0.0264 | Val e:  0.3108 | Test e:  0.3030 
| Epoch   96 | Train e:  0.5994, T l:  0.0264 | Val e:  0.3104 | Test e:  0.3027 
| Epoch   97 | Train e:  0.5995, T l:  0.0263 | Val e:  0.3108 | Test e:  0.3027 
| Epoch   98 | Train e:  0.6000, T l:  0.0263 | Val e:  0.3113 | Test e:  0.3025 
| Epoch   99 | Train e:  0.6002, T l:  0.0262 | Val e:  0.3108 | Test e:  0.3023 
