

===============================================
2022-12-12 09:24:11

main.py --seeds 42 --device 2

None

baseline: GPS
dataset: ogbg-molpcba
use_val_loss: False
use_cpu: False
epochs: 100
scheduler: linear
warmup: 10
batch_size: 256
lr: 0.0002
weight_decay: 0.0001
num_workers: 0
clustering: False
masked_attention: True
gconv_dim: 384
tlayer_dim: 384
local_attn_dropout: 0.0
local_ffn_dropout: 0.3
global_attn_dropout: 0.3
global_ffn_dropout: 0.3
num_layers: 5
num_heads: 8
skip_connection: none
norm: ln
readout: cls
seeds: 42
device: 2
save_state: False



| Epoch    0 | Train e:  0.0292, T l:  0.2393 | Val e:  0.0342 | Test e:  0.0332 
| Epoch    1 | Train e:  0.0566, T l:  0.0600 | Val e:  0.0583 | Test e:  0.0619 
| Epoch    2 | Train e:  0.0850, T l:  0.0498 | Val e:  0.0899 | Test e:  0.0899 
| Epoch    3 | Train e:  0.1168, T l:  0.0465 | Val e:  0.1204 | Test e:  0.1201 
| Epoch    4 | Train e:  0.1470, T l:  0.0445 | Val e:  0.1483 | Test e:  0.1446 
| Epoch    5 | Train e:  0.1744, T l:  0.0431 | Val e:  0.1664 | Test e:  0.1659 
| Epoch    6 | Train e:  0.1935, T l:  0.0419 | Val e:  0.1798 | Test e:  0.1783 
| Epoch    7 | Train e:  0.2095, T l:  0.0409 | Val e:  0.1904 | Test e:  0.1860 
| Epoch    8 | Train e:  0.2248, T l:  0.0402 | Val e:  0.1968 | Test e:  0.1892 
| Epoch    9 | Train e:  0.2413, T l:  0.0396 | Val e:  0.2065 | Test e:  0.2009 
| Epoch   10 | Train e:  0.2522, T l:  0.0390 | Val e:  0.2153 | Test e:  0.2132 
| Epoch   11 | Train e:  0.2734, T l:  0.0384 | Val e:  0.2214 | Test e:  0.2187 
| Epoch   12 | Train e:  0.2906, T l:  0.0378 | Val e:  0.2315 | Test e:  0.2388 
| Epoch   13 | Train e:  0.2855, T l:  0.0373 | Val e:  0.2244 | Test e:  0.2250 
| Epoch   14 | Train e:  0.3067, T l:  0.0369 | Val e:  0.2418 | Test e:  0.2318 
| Epoch   15 | Train e:  0.3184, T l:  0.0365 | Val e:  0.2442 | Test e:  0.2434 
| Epoch   16 | Train e:  0.3314, T l:  0.0361 | Val e:  0.2558 | Test e:  0.2497 
| Epoch   17 | Train e:  0.3338, T l:  0.0358 | Val e:  0.2504 | Test e:  0.2436 
| Epoch   18 | Train e:  0.3498, T l:  0.0354 | Val e:  0.2596 | Test e:  0.2511 
| Epoch   19 | Train e:  0.3537, T l:  0.0352 | Val e:  0.2632 | Test e:  0.2516 
| Epoch   20 | Train e:  0.3584, T l:  0.0348 | Val e:  0.2631 | Test e:  0.2556 
| Epoch   21 | Train e:  0.3739, T l:  0.0346 | Val e:  0.2687 | Test e:  0.2600 
| Epoch   22 | Train e:  0.3798, T l:  0.0343 | Val e:  0.2724 | Test e:  0.2675 
| Epoch   23 | Train e:  0.3855, T l:  0.0342 | Val e:  0.2716 | Test e:  0.2647 
| Epoch   24 | Train e:  0.3932, T l:  0.0339 | Val e:  0.2745 | Test e:  0.2703 
| Epoch   25 | Train e:  0.3993, T l:  0.0337 | Val e:  0.2777 | Test e:  0.2741 
| Epoch   26 | Train e:  0.4085, T l:  0.0334 | Val e:  0.2774 | Test e:  0.2726 
| Epoch   27 | Train e:  0.4072, T l:  0.0332 | Val e:  0.2772 | Test e:  0.2719 
| Epoch   28 | Train e:  0.4133, T l:  0.0330 | Val e:  0.2748 | Test e:  0.2712 
| Epoch   29 | Train e:  0.4249, T l:  0.0328 | Val e:  0.2787 | Test e:  0.2743 
| Epoch   30 | Train e:  0.4267, T l:  0.0327 | Val e:  0.2844 | Test e:  0.2772 
| Epoch   31 | Train e:  0.4310, T l:  0.0325 | Val e:  0.2824 | Test e:  0.2749 
| Epoch   32 | Train e:  0.4361, T l:  0.0323 | Val e:  0.2815 | Test e:  0.2801 
| Epoch   33 | Train e:  0.4448, T l:  0.0321 | Val e:  0.2860 | Test e:  0.2807 
| Epoch   34 | Train e:  0.4489, T l:  0.0320 | Val e:  0.2866 | Test e:  0.2861 
| Epoch   35 | Train e:  0.4549, T l:  0.0318 | Val e:  0.2883 | Test e:  0.2823 
| Epoch   36 | Train e:  0.4585, T l:  0.0317 | Val e:  0.2858 | Test e:  0.2836 
| Epoch   37 | Train e:  0.4619, T l:  0.0315 | Val e:  0.2844 | Test e:  0.2828 
| Epoch   38 | Train e:  0.4680, T l:  0.0313 | Val e:  0.2906 | Test e:  0.2861 
| Epoch   39 | Train e:  0.4706, T l:  0.0312 | Val e:  0.2881 | Test e:  0.2860 
| Epoch   40 | Train e:  0.4742, T l:  0.0310 | Val e:  0.2868 | Test e:  0.2872 
| Epoch   41 | Train e:  0.4840, T l:  0.0310 | Val e:  0.2930 | Test e:  0.2886 
| Epoch   42 | Train e:  0.4748, T l:  0.0308 | Val e:  0.2897 | Test e:  0.2846 
| Epoch   43 | Train e:  0.4855, T l:  0.0307 | Val e:  0.2926 | Test e:  0.2887 
| Epoch   44 | Train e:  0.4940, T l:  0.0305 | Val e:  0.2973 | Test e:  0.2902 
| Epoch   45 | Train e:  0.4954, T l:  0.0304 | Val e:  0.2934 | Test e:  0.2927 
| Epoch   46 | Train e:  0.5000, T l:  0.0303 | Val e:  0.2997 | Test e:  0.2910 
| Epoch   47 | Train e:  0.5031, T l:  0.0302 | Val e:  0.2979 | Test e:  0.2931 
| Epoch   48 | Train e:  0.5087, T l:  0.0301 | Val e:  0.2975 | Test e:  0.2924 
| Epoch   49 | Train e:  0.5116, T l:  0.0299 | Val e:  0.2989 | Test e:  0.2902 
| Epoch   50 | Train e:  0.5101, T l:  0.0298 | Val e:  0.2983 | Test e:  0.2919 
| Epoch   51 | Train e:  0.5151, T l:  0.0297 | Val e:  0.2996 | Test e:  0.2957 
| Epoch   52 | Train e:  0.5209, T l:  0.0296 | Val e:  0.2992 | Test e:  0.2968 
| Epoch   53 | Train e:  0.5226, T l:  0.0295 | Val e:  0.3015 | Test e:  0.2969 
| Epoch   54 | Train e:  0.5268, T l:  0.0294 | Val e:  0.3025 | Test e:  0.2963 
| Epoch   55 | Train e:  0.5321, T l:  0.0292 | Val e:  0.3044 | Test e:  0.2959 
| Epoch   56 | Train e:  0.5345, T l:  0.0292 | Val e:  0.3028 | Test e:  0.2966 
| Epoch   57 | Train e:  0.5369, T l:  0.0290 | Val e:  0.3048 | Test e:  0.2989 
| Epoch   58 | Train e:  0.5402, T l:  0.0289 | Val e:  0.3067 | Test e:  0.2972 
| Epoch   59 | Train e:  0.5435, T l:  0.0289 | Val e:  0.3076 | Test e:  0.2986 
| Epoch   60 | Train e:  0.5444, T l:  0.0287 | Val e:  0.3063 | Test e:  0.2976 
| Epoch   61 | Train e:  0.5512, T l:  0.0286 | Val e:  0.3076 | Test e:  0.2974 
| Epoch   62 | Train e:  0.5539, T l:  0.0285 | Val e:  0.3027 | Test e:  0.2983 
| Epoch   63 | Train e:  0.5556, T l:  0.0284 | Val e:  0.3058 | Test e:  0.2991 
| Epoch   64 | Train e:  0.5596, T l:  0.0284 | Val e:  0.3059 | Test e:  0.3004 
| Epoch   65 | Train e:  0.5620, T l:  0.0282 | Val e:  0.3076 | Test e:  0.3016 
| Epoch   66 | Train e:  0.5643, T l:  0.0281 | Val e:  0.3067 | Test e:  0.3025 
| Epoch   67 | Train e:  0.5667, T l:  0.0281 | Val e:  0.3042 | Test e:  0.2976 
| Epoch   68 | Train e:  0.5690, T l:  0.0280 | Val e:  0.3047 | Test e:  0.2989 
| Epoch   69 | Train e:  0.5727, T l:  0.0279 | Val e:  0.3078 | Test e:  0.3022 
| Epoch   70 | Train e:  0.5720, T l:  0.0278 | Val e:  0.3093 | Test e:  0.3018 
| Epoch   71 | Train e:  0.5759, T l:  0.0277 | Val e:  0.3082 | Test e:  0.3023 
| Epoch   72 | Train e:  0.5798, T l:  0.0276 | Val e:  0.3091 | Test e:  0.3019 
| Epoch   73 | Train e:  0.5793, T l:  0.0275 | Val e:  0.3081 | Test e:  0.2996 
| Epoch   74 | Train e:  0.5825, T l:  0.0275 | Val e:  0.3077 | Test e:  0.3000 
| Epoch   75 | Train e:  0.5841, T l:  0.0274 | Val e:  0.3088 | Test e:  0.3017 
| Epoch   76 | Train e:  0.5851, T l:  0.0273 | Val e:  0.3105 | Test e:  0.3017 
| Epoch   77 | Train e:  0.5901, T l:  0.0273 | Val e:  0.3120 | Test e:  0.3035 
| Epoch   78 | Train e:  0.5898, T l:  0.0272 | Val e:  0.3117 | Test e:  0.3038 
| Epoch   79 | Train e:  0.5919, T l:  0.0271 | Val e:  0.3115 | Test e:  0.3027 
| Epoch   80 | Train e:  0.5930, T l:  0.0270 | Val e:  0.3116 | Test e:  0.3031 
| Epoch   81 | Train e:  0.5964, T l:  0.0269 | Val e:  0.3120 | Test e:  0.3041 
| Epoch   82 | Train e:  0.5959, T l:  0.0269 | Val e:  0.3125 | Test e:  0.3043 
| Epoch   83 | Train e:  0.5997, T l:  0.0268 | Val e:  0.3140 | Test e:  0.3042 
| Epoch   84 | Train e:  0.6014, T l:  0.0267 | Val e:  0.3147 | Test e:  0.3042 
| Epoch   85 | Train e:  0.6034, T l:  0.0267 | Val e:  0.3147 | Test e:  0.3029 
| Epoch   86 | Train e:  0.6032, T l:  0.0267 | Val e:  0.3116 | Test e:  0.3043 
| Epoch   87 | Train e:  0.6063, T l:  0.0266 | Val e:  0.3145 | Test e:  0.3043 
| Epoch   88 | Train e:  0.6085, T l:  0.0265 | Val e:  0.3127 | Test e:  0.3033 
| Epoch   89 | Train e:  0.6082, T l:  0.0264 | Val e:  0.3131 | Test e:  0.3042 
| Epoch   90 | Train e:  0.6099, T l:  0.0264 | Val e:  0.3134 | Test e:  0.3047 
| Epoch   91 | Train e:  0.6118, T l:  0.0263 | Val e:  0.3134 | Test e:  0.3062 
| Epoch   92 | Train e:  0.6113, T l:  0.0263 | Val e:  0.3136 | Test e:  0.3053 
| Epoch   93 | Train e:  0.6108, T l:  0.0263 | Val e:  0.3138 | Test e:  0.3053 
| Epoch   94 | Train e:  0.6132, T l:  0.0262 | Val e:  0.3154 | Test e:  0.3063 
| Epoch   95 | Train e:  0.6143, T l:  0.0262 | Val e:  0.3151 | Test e:  0.3063 
| Epoch   96 | Train e:  0.6149, T l:  0.0261 | Val e:  0.3158 | Test e:  0.3057 
| Epoch   97 | Train e:  0.6149, T l:  0.0261 | Val e:  0.3162 | Test e:  0.3057 
| Epoch   98 | Train e:  0.6156, T l:  0.0261 | Val e:  0.3163 | Test e:  0.3062 
| Epoch   99 | Train e:  0.6155, T l:  0.0260 | Val e:  0.3160 | Test e:  0.3061 
